#
# A fatal error has been detected by the Java Runtime Environment:
#
#  SIGSEGV (0xb) at pc=0x000000010b3e96f6, pid=1462, tid=107783
#
# JRE version: OpenJDK Runtime Environment (11.0.5+10) (build 11.0.5+10-LTS)
# Java VM: OpenJDK 64-Bit Server VM (11.0.5+10-LTS, mixed mode, tiered, compressed oops, concurrent mark sweep gc, bsd-amd64)
# Problematic frame:
# V  [libjvm.dylib+0x3e96f6]  jni_CallStaticBooleanMethodV+0x7c
#
# No core dump will be written. Core dumps have been disabled. To enable core dumping, try "ulimit -c unlimited" before starting Java again
#
# If you would like to submit a bug report, please visit:
#   http://bugreport.java.com/bugreport/crash.jsp
#

---------------  S U M M A R Y ------------

Command Line: -Xms128m -Xmx2048m -XX:ReservedCodeCacheSize=240m -XX:+UseConcMarkSweepGC -XX:SoftRefLRUPolicyMSPerMB=50 -ea -XX:CICompilerCount=2 -Dsun.io.useCanonPrefixCache=false -Djava.net.preferIPv4Stack=true -Djdk.http.auth.tunneling.disabledSchemes="" -XX:+HeapDumpOnOutOfMemoryError -XX:-OmitStackTraceInFastThrow -Djdk.attach.allowAttachSelf=true -Dkotlinx.coroutines.debug=off -Djdk.module.illegalAccess.silent=true -XX:+UseCompressedOops -Dfile.encoding=UTF-8 -XX:ErrorFile=$USER_HOME/java_error_in_idea_%p.log -XX:HeapDumpPath=$USER_HOME/java_error_in_idea.hprof -Dapple.laf.useScreenMenuBar=true -javaagent:/Applications/IntelliJ IDEA CE.app/Contents/lib/idea_rt.jar=50512:/Applications/IntelliJ IDEA CE.app/Contents/bin com.codename1.impl.javase.Simulator com.codename1.demos.kitchen.MyApplication

Host: MacBookPro15,1 x86_64 2200 MHz, 12 cores, 16G, Darwin 19.2.0
Time: Wed Jan  1 11:59:09 2020 +0545 elapsed time: 83 seconds (0d 0h 1m 23s)

---------------  T H R E A D  ---------------

Current thread (0x00007fb45dcbb000):  JavaThread "Thread-8" daemon [_thread_in_vm, id=107783, stack(0x000070000a318000,0x000070000a398000)]

Stack: [0x000070000a318000,0x000070000a398000],  sp=0x000070000a397be0,  free space=510k
Native frames: (J=compiled Java code, A=aot compiled Java code, j=interpreted, Vv=VM code, C=native code)
V  [libjvm.dylib+0x3e96f6]  jni_CallStaticBooleanMethodV+0x7c
C  [libjfxwebkit.dylib+0x9746]  _ZN7JNIEnv_23CallStaticBooleanMethodEP7_jclassP10_jmethodIDz+0x86
C  [libjfxwebkit.dylib+0x15884e8]  _ZN7WebCore10FileSystem18makeAllDirectoriesERKN3WTF6StringE+0x268
C  [libjfxwebkit.dylib+0x22d12]  _ZN7WebCore18StorageSyncManager20fullDatabaseFilenameERKN3WTF6StringE+0x22
C  [libjfxwebkit.dylib+0x1f0d6]  _ZN6WebKit15StorageAreaSync12openDatabaseENS0_21OpenDatabaseParamTypeE+0x36
C  [libjfxwebkit.dylib+0x1f6ee]  _ZN6WebKit15StorageAreaSync13performImportEv+0x1e
C  [libjfxwebkit.dylib+0x23619]  _ZN7WebCore13StorageThread16threadEntryPointEv+0x89
C  [libjfxwebkit.dylib+0x1a802b4]  _ZN3WTF6Thread10entryPointEPNS0_16NewThreadContextE+0xe4
C  [libjfxwebkit.dylib+0x1ab68d9]  _ZN3WTFL19wtfThreadEntryPointEPv+0x9
C  [libsystem_pthread.dylib+0x5e65]  _pthread_start+0x94
C  [libsystem_pthread.dylib+0x183b]  thread_start+0xf


siginfo: si_signo: 11 (SIGSEGV), si_code: 1 (SEGV_MAPERR), si_addr: 0x0000000000000000

Register to memory mapping:

RAX=0x0 is NULL
RBX=0x00007fb45dcbb000 is a thread
RCX=0x00007fb45fa07bc8 points into unknown readable memory: 28 78 30 81 07 00 00 00
RDX=0x0 is NULL
RSP=0x000070000a397be0 is pointing into the stack for thread: 0x00007fb45dcbb000
RBP=0x000070000a397c80 is pointing into the stack for thread: 0x00007fb45dcbb000
RSI=0x0 is NULL
RDI=0x00007fb45dcbb340 points into unknown readable memory: 70 a7 90 0b 01 00 00 00
R8 =0x000000000000000a is an unknown value
R9 =0x00007fb45dcbb000 is a thread
R10=0x000000010b8dc820: _ZTV7CMSHeap+0x10 in /Library/Java/JavaVirtualMachines/amazon-corretto-11.jdk/Contents/Home/lib/server/libjvm.dylib at 0x000000010b000000
R11=0x0 is NULL
R12=0x0 is NULL
R13=0x000070000a397d40 is pointing into the stack for thread: 0x00007fb45dcbb000
R14=0x0 is NULL
R15=0x00007fb45dcbb340 points into unknown readable memory: 70 a7 90 0b 01 00 00 00


Registers:
RAX=0x0000000000000000, RBX=0x00007fb45dcbb000, RCX=0x00007fb45fa07bc8, RDX=0x0000000000000000
RSP=0x000070000a397be0, RBP=0x000070000a397c80, RSI=0x0000000000000000, RDI=0x00007fb45dcbb340
R8 =0x000000000000000a, R9 =0x00007fb45dcbb000, R10=0x000000010b8dc820, R11=0x0000000000000000
R12=0x0000000000000000, R13=0x000070000a397d40, R14=0x0000000000000000, R15=0x00007fb45dcbb340
RIP=0x000000010b3e96f6, EFLAGS=0x0000000000010206, ERR=0x0000000000000004
  TRAPNO=0x000000000000000e

Top of Stack: (sp=0x000070000a397be0)
0x000070000a397be0:   000070000a397c00 000000010b71e087
0x000070000a397bf0:   34db301e91db00fc 00007fb45dcbb000
0x000070000a397c00:   000070000a397c30 000000010b71e060
0x000070000a397c10:   0000000000000001 00007fb45dcbb108
0x000070000a397c20:   00007fb400000004 0000000000000004
0x000070000a397c30:   00007fb45dcbb000 00007fb45fa07bc0
0x000070000a397c40:   0000000000000533 000000010b7baa77
0x000070000a397c50:   00007fb45dcbb000 0000000000000000
0x000070000a397c60:   0000000167a8d4b0 00007fb45dcbb340
0x000070000a397c70:   000000016c5b3fb8 0000000000000000
0x000070000a397c80:   000070000a397d60 000000016450a746
0x000070000a397c90:   000000010b960201 00007fb45dcbb000
0x000070000a397ca0:   000070000a397cc0 00007fb45fc10940
0x000070000a397cb0:   000000000000000a 00007fb45dcbb000
0x000070000a397cc0:   000070000a397d20 000000010b3ee597
0x000070000a397cd0:   00007fb45dcbb000 00007fb45fa07bc0
0x000070000a397ce0:   0000700000000533 000000010b7baa77
0x000070000a397cf0:   00007fb45dcbb000 0000000000000000
0x000070000a397d00:   0000000000000039 000000016c5b3fb8
0x000070000a397d10:   000000016c5b3fb8 000070000a397d78
0x000070000a397d20:   000070000a397d60 0000000165fb838a
0x000070000a397d30:   0000000000000001 0000000000000000
0x000070000a397d40:   0000003000000018 000070000a397d70
0x000070000a397d50:   000070000a397c90 34db301e91db00fc
0x000070000a397d60:   000070000a397db0 0000000165a894e8
0x000070000a397d70:   00007fb4646587a0 00007fb45fc10940
0x000070000a397d80:   00007fb45dcbb340 000000016c5b3fb8
0x000070000a397d90:   000070000a397f30 000000016c53cf00
0x000070000a397da0:   000070000a397e28 000000016c53cfc0
0x000070000a397db0:   000070000a397df0 0000000164523d12
0x000070000a397dc0:   34db301e91db00fc 0000000781305228
0x000070000a397dd0:   000070000a397e50 000070000a397e28 

Instructions: (pc=0x000000010b3e96f6)
0x000000010b3e95f6:   0f 1f 40 00 48 83 7d 90 00 74 09 48 8d 7d 88 e8
0x000000010b3e9606:   7c b1 24 00 48 8b 9b f0 00 00 00 4c 8b 73 08 48
0x000000010b3e9616:   8b 43 10 48 83 38 00 74 19 48 8b 73 28 4c 89 f7
0x000000010b3e9626:   e8 77 ec cf ff 48 8b 7b 10 e8 32 eb cf ff 48 8b
0x000000010b3e9636:   43 10 49 89 46 10 48 8b 43 18 49 89 46 18 48 8b
0x000000010b3e9646:   43 20 49 89 46 20 48 8d 7d a8 e8 ab 44 33 00 4c
0x000000010b3e9656:   3b 6d d0 75 1a f2 0f 10 85 78 fe ff ff 48 81 c4
0x000000010b3e9666:   68 01 00 00 5b 41 5c 41 5d 41 5e 41 5f 5d c3 e8
0x000000010b3e9676:   da 58 39 00 55 48 89 e5 41 57 41 56 41 55 41 54
0x000000010b3e9686:   53 48 83 ec 78 49 89 cd 49 89 d6 49 89 f4 49 89
0x000000010b3e9696:   ff 49 8d 9f c0 fc ff ff b8 55 21 ff ff 41 03 87
0x000000010b3e96a6:   90 00 00 00 83 f8 02 72 0a 48 89 df e8 8d 5f 31
0x000000010b3e96b6:   00 31 db 48 8d 7d d0 48 89 de e8 bb 43 33 00 48
0x000000010b3e96c6:   89 5d b0 48 c7 45 b8 00 00 00 00 48 83 7b 08 00
0x000000010b3e96d6:   74 09 48 8d 7d b0 e8 59 b0 24 00 4c 89 ff 4c 89
0x000000010b3e96e6:   e6 4c 89 f2 90 0f 1f 40 00 c7 45 a0 04 00 00 00
0x000000010b3e96f6:   49 8b 06 48 8b 40 08 48 8b 48 08 0f b7 40 2c 48
0x000000010b3e9706:   8b 74 c1 40 48 8d bd 60 ff ff ff e8 f6 cd 29 00
0x000000010b3e9716:   c7 85 78 ff ff ff 63 00 00 00 48 c7 45 80 00 00
0x000000010b3e9726:   00 00 48 8d 05 69 18 52 00 48 89 85 60 ff ff ff
0x000000010b3e9736:   49 8b 45 10 48 89 45 98 49 8b 45 00 49 8b 4d 08
0x000000010b3e9746:   48 89 4d 90 48 89 45 88 41 f6 c4 01 75 0b 4c 89
0x000000010b3e9756:   e7 ff 15 23 04 52 00 eb 0c 49 ff cc 4c 89 e7 ff
0x000000010b3e9766:   15 95 ac 51 00 48 89 c7 e8 ef ea fb ff 48 8b 08
0x000000010b3e9776:   48 89 c7 48 89 de ff 91 b0 00 00 00 31 ff 48 83
0x000000010b3e9786:   7b 08 00 41 bc 00 00 00 00 75 2f 48 8d 75 a0 48
0x000000010b3e9796:   8d 8d 60 ff ff ff 4c 89 ff 4c 89 f2 49 89 d8 e8
0x000000010b3e97a6:   a4 ec ff ff 31 ff 48 83 7b 08 00 41 bc 00 00 00
0x000000010b3e97b6:   00 75 07 0f b6 7d a8 41 88 fc 90 0f 1f 40 00 48
0x000000010b3e97c6:   83 7d b8 00 74 09 48 8d 7d b0 e8 b1 af 24 00 48
0x000000010b3e97d6:   8b 9b f0 00 00 00 4c 8b 73 08 48 8b 43 10 48 83
0x000000010b3e97e6:   38 00 74 19 48 8b 73 28 4c 89 f7 e8 ac ea cf ff 


Stack slot to memory mapping:
stack at sp + 0 slots: 0x000070000a397c00 is pointing into the stack for thread: 0x00007fb45dcbb000
stack at sp + 1 slots: 0x000000010b71e087: _ZN6Atomic4loadIPVvEET_PVKS3_+0x17 in /Library/Java/JavaVirtualMachines/amazon-corretto-11.jdk/Contents/Home/lib/server/libjvm.dylib at 0x000000010b000000
stack at sp + 2 slots: 0x34db301e91db00fc is an unknown value
stack at sp + 3 slots: 0x00007fb45dcbb000 is a thread
stack at sp + 4 slots: 0x000070000a397c30 is pointing into the stack for thread: 0x00007fb45dcbb000
stack at sp + 5 slots: 0x000000010b71e060: _ZN11OrderAccess12ordered_loadIPVvL15ScopedFenceType0EEET_PVKS4_+0x30 in /Library/Java/JavaVirtualMachines/amazon-corretto-11.jdk/Contents/Home/lib/server/libjvm.dylib at 0x000000010b000000
stack at sp + 6 slots: 0x0000000000000001 is an unknown value
stack at sp + 7 slots: 0x00007fb45dcbb108 points into unknown readable memory: 00 50 75 09 01 00 00 00


---------------  P R O C E S S  ---------------

Threads class SMR info:
_java_thread_list=0x00007fb4646c0e10, length=50, elements={
0x00007fb45e813800, 0x00007fb45e819000, 0x00007fb45e029000, 0x00007fb45e815800,
0x00007fb45f02d000, 0x00007fb461002800, 0x00007fb45e861000, 0x00007fb45d813000,
0x00007fb45d806000, 0x00007fb46088e000, 0x00007fb45f04c000, 0x00007fb45e10e000,
0x00007fb45e8b5000, 0x00007fb45e8be800, 0x00007fb45e8d2800, 0x00007fb45f063800,
0x00007fb45e8f1800, 0x00007fb460951800, 0x00007fb45f46d800, 0x00007fb45f485800,
0x00007fb45f486800, 0x00007fb460292000, 0x00007fb45ee76000, 0x00007fb45d9aa800,
0x00007fb45f14f800, 0x00007fb45ecfe800, 0x00007fb4602f5800, 0x00007fb45d9d1000,
0x00007fb460021000, 0x00007fb45d821800, 0x00007fb45e0d1800, 0x00007fb45e282800,
0x00007fb45dde8000, 0x00007fb45f1cb800, 0x00007fb45dde9000, 0x00007fb45f1cc800,
0x00007fb45e283800, 0x00007fb45f1cd000, 0x00007fb45f50f800, 0x00007fb45da9e800,
0x00007fb45f510000, 0x00007fb45ef4f000, 0x00007fb4608d1000, 0x00007fb45da9c000,
0x00007fb45f39a000, 0x00007fb4602f0800, 0x00007fb460321000, 0x00007fb45ec75800,
0x00007fb4605b2000, 0x00007fb45dcbb000
}

Java Threads: ( => current thread )
  0x00007fb45e813800 JavaThread "Reference Handler" daemon [_thread_blocked, id=19459, stack(0x0000700005b13000,0x0000700005c13000)]
  0x00007fb45e819000 JavaThread "Finalizer" daemon [_thread_blocked, id=18691, stack(0x0000700005c16000,0x0000700005d16000)]
  0x00007fb45e029000 JavaThread "Signal Dispatcher" daemon [_thread_blocked, id=16899, stack(0x0000700005e1f000,0x0000700005f1f000)]
  0x00007fb45e815800 JavaThread "C2 CompilerThread0" daemon [_thread_blocked, id=16387, stack(0x0000700005f22000,0x0000700006022000)]
  0x00007fb45f02d000 JavaThread "C1 CompilerThread0" daemon [_thread_blocked, id=16131, stack(0x0000700006025000,0x0000700006125000)]
  0x00007fb461002800 JavaThread "Sweeper thread" daemon [_thread_blocked, id=15619, stack(0x0000700006128000,0x0000700006228000)]
  0x00007fb45e861000 JavaThread "Common-Cleaner" daemon [_thread_blocked, id=14595, stack(0x000070000622b000,0x000070000632b000)]
  0x00007fb45d813000 JavaThread "Monitor Ctrl-Break" daemon [_thread_in_native, id=43267, stack(0x000070000632e000,0x000070000642e000)]
  0x00007fb45d806000 JavaThread "Service Thread" daemon [_thread_blocked, id=22275, stack(0x0000700006431000,0x0000700006531000)]
  0x00007fb46088e000 JavaThread "JavaFX Application Thread" daemon [_thread_in_native, id=775, stack(0x00007ffee5d26000,0x00007ffee6526000)]
  0x00007fb45f04c000 JavaThread "AWT-Shutdown" [_thread_blocked, id=29187, stack(0x0000700006637000,0x0000700006737000)]
  0x00007fb45e10e000 JavaThread "Timer-0" daemon [_thread_blocked, id=75783, stack(0x0000700006c58000,0x0000700006d58000)]
  0x00007fb45e8b5000 JavaThread "AWT-EventQueue-0" [_thread_blocked, id=57095, stack(0x0000700006d5b000,0x0000700006e5b000)]
  0x00007fb45e8be800 JavaThread "Thread-4" [_thread_blocked, id=74499, stack(0x0000700006e5e000,0x0000700006f5e000)]
  0x00007fb45e8d2800 JavaThread "DestroyJavaVM" [_thread_blocked, id=6147, stack(0x0000700005604000,0x0000700005704000)]
  0x00007fb45f063800 JavaThread "Java2D Queue Flusher" daemon [_thread_blocked, id=57863, stack(0x0000700006f61000,0x0000700007061000)]
  0x00007fb45e8f1800 JavaThread "Attach Listener" daemon [_thread_blocked, id=58371, stack(0x0000700007064000,0x0000700007164000)]
  0x00007fb460951800 JavaThread "Java2D Disposer" daemon [_thread_blocked, id=60163, stack(0x0000700007167000,0x0000700007267000)]
  0x00007fb45f46d800 JavaThread "EDT" [_thread_blocked, id=128771, stack(0x0000700007c88000,0x0000700007d88000)]
  0x00007fb45f485800 JavaThread "Network Thread" [_thread_blocked, id=124187, stack(0x0000700007d8b000,0x0000700007e8b000)]
  0x00007fb45f486800 JavaThread "Network Thread" [_thread_blocked, id=122627, stack(0x0000700007e8e000,0x0000700007f8e000)]
  0x00007fb460292000 JavaThread "invokeAndBlock1" [_thread_blocked, id=127239, stack(0x0000700008197000,0x0000700008297000)]
  0x00007fb45ee76000 JavaThread "QuantumRenderer-0" daemon [_thread_blocked, id=30135, stack(0x000070000673a000,0x000070000683a000)]
  0x00007fb45d9aa800 JavaThread "InvokeLaterDispatcher" daemon [_thread_blocked, id=126487, stack(0x000070000683d000,0x000070000693d000)]
  0x00007fb45f14f800 JavaThread "Thread-6" daemon [_thread_in_native, id=126223, stack(0x00007000069c9000,0x0000700006a49000)]
  0x00007fb45ecfe800 JavaThread "Prism Font Disposer" daemon [_thread_blocked, id=33295, stack(0x0000700006acf000,0x0000700006bcf000)]
  0x00007fb4602f5800 JavaThread "Disposer" daemon [_thread_blocked, id=123919, stack(0x0000700007b85000,0x0000700007c85000)]
  0x00007fb45d9d1000 JavaThread "URL-Loader-1" daemon [_thread_blocked, id=92675, stack(0x000070000829a000,0x000070000839a000)]
  0x00007fb460021000 JavaThread "URL-Loader-2" daemon [_thread_blocked, id=94227, stack(0x0000700008732000,0x0000700008832000)]
  0x00007fb45d821800 JavaThread "URL-Loader-3" daemon [_thread_blocked, id=95491, stack(0x0000700008835000,0x0000700008935000)]
  0x00007fb45e0d1800 JavaThread "URL-Loader-4" daemon [_thread_blocked, id=119043, stack(0x0000700008938000,0x0000700008a38000)]
  0x00007fb45e282800 JavaThread "URL-Loader-5" daemon [_thread_blocked, id=96003, stack(0x0000700008a3b000,0x0000700008b3b000)]
  0x00007fb45dde8000 JavaThread "URL-Loader-6" daemon [_thread_blocked, id=96515, stack(0x0000700008b3e000,0x0000700008c3e000)]
  0x00007fb45f1cb800 JavaThread "URL-Loader-7" daemon [_thread_blocked, id=117763, stack(0x0000700008c41000,0x0000700008d41000)]
  0x00007fb45dde9000 JavaThread "URL-Loader-8" daemon [_thread_blocked, id=97283, stack(0x0000700008d44000,0x0000700008e44000)]
  0x00007fb45f1cc800 JavaThread "URL-Loader-9" daemon [_thread_blocked, id=97795, stack(0x0000700008e47000,0x0000700008f47000)]
  0x00007fb45e283800 JavaThread "URL-Loader-10" daemon [_thread_blocked, id=98563, stack(0x0000700008f4a000,0x000070000904a000)]
  0x00007fb45f1cd000 JavaThread "URL-Loader-11" daemon [_thread_blocked, id=116739, stack(0x000070000904d000,0x000070000914d000)]
  0x00007fb45f50f800 JavaThread "URL-Loader-12" daemon [_thread_blocked, id=99331, stack(0x0000700009150000,0x0000700009250000)]
  0x00007fb45da9e800 JavaThread "URL-Loader-13" daemon [_thread_blocked, id=116227, stack(0x0000700009253000,0x0000700009353000)]
  0x00007fb45f510000 JavaThread "URL-Loader-14" daemon [_thread_blocked, id=115459, stack(0x0000700009356000,0x0000700009456000)]
  0x00007fb45ef4f000 JavaThread "URL-Loader-15" daemon [_thread_blocked, id=114947, stack(0x0000700009459000,0x0000700009559000)]
  0x00007fb4608d1000 JavaThread "URL-Loader-16" daemon [_thread_blocked, id=100383, stack(0x000070000955c000,0x000070000965c000)]
  0x00007fb45da9c000 JavaThread "URL-Loader-17" daemon [_thread_blocked, id=100867, stack(0x000070000965f000,0x000070000975f000)]
  0x00007fb45f39a000 JavaThread "URL-Loader-18" daemon [_thread_blocked, id=113411, stack(0x0000700009762000,0x0000700009862000)]
  0x00007fb4602f0800 JavaThread "URL-Loader-19" daemon [_thread_blocked, id=112899, stack(0x0000700009865000,0x0000700009965000)]
  0x00007fb460321000 JavaThread "URL-Loader-20" daemon [_thread_blocked, id=112643, stack(0x0000700009968000,0x0000700009a68000)]
  0x00007fb45ec75800 JavaThread "Keep-Alive-Timer" daemon [_thread_blocked, id=111115, stack(0x0000700009a6b000,0x0000700009b6b000)]
  0x00007fb4605b2000 JavaThread "Cleaner-0" daemon [_thread_blocked, id=103687, stack(0x000070000a192000,0x000070000a292000)]
=>0x00007fb45dcbb000 JavaThread "Thread-8" daemon [_thread_in_vm, id=107783, stack(0x000070000a318000,0x000070000a398000)]

Other Threads:
  0x00007fb45e01c800 VMThread "VM Thread" [stack: 0x0000700005a10000,0x0000700005b10000] [id=19971]
  0x00007fb45d86c000 WatcherThread [stack: 0x0000700006534000,0x0000700006634000] [id=42755]
  0x00007fb45e000000 GCTaskThread "GC Thread#0" [stack: 0x0000700005707000,0x0000700005807000] [id=20995]
  0x00007fb45e1f9000 GCTaskThread "GC Thread#1" [stack: 0x000070000726a000,0x000070000736a000] [id=73383]
  0x00007fb45e1fc000 GCTaskThread "GC Thread#2" [stack: 0x000070000736d000,0x000070000746d000] [id=67599]
  0x00007fb45e1fc800 GCTaskThread "GC Thread#3" [stack: 0x0000700007470000,0x0000700007570000] [id=66563]
  0x00007fb45e1fd800 GCTaskThread "GC Thread#4" [stack: 0x0000700007573000,0x0000700007673000] [id=63491]
  0x00007fb45ec4b800 GCTaskThread "GC Thread#5" [stack: 0x0000700007676000,0x0000700007776000] [id=66051]
  0x00007fb45e8c1800 GCTaskThread "GC Thread#6" [stack: 0x0000700007779000,0x0000700007879000] [id=65795]
  0x00007fb45ec6c800 GCTaskThread "GC Thread#7" [stack: 0x000070000787c000,0x000070000797c000] [id=65539]
  0x00007fb45dc4c800 GCTaskThread "GC Thread#8" [stack: 0x0000700007f91000,0x0000700008091000] [id=1555]
  0x00007fb4602e9000 GCTaskThread "GC Thread#9" [stack: 0x0000700008094000,0x0000700008194000] [id=123687]
  0x00007fb45e813000 ConcurrentGCThread "CMS Main Thread" [stack: 0x000070000590d000,0x0000700005a0d000] [id=20483]
  0x00007fb45f002000 GCTaskThread "CMS Thread#0" [stack: 0x000070000580a000,0x000070000590a000] [id=11523]
  0x00007fb4602bd800 GCTaskThread "CMS Thread#1" [stack: 0x000070000797f000,0x0000700007a7f000] [id=70923]
  0x00007fb4602c6800 GCTaskThread "CMS Thread#2" [stack: 0x0000700007a82000,0x0000700007b82000] [id=65283]

Threads with active compile tasks:

VM state:not at safepoint (normal execution)

VM Mutex/Monitor currently owned by a thread: None

Heap address: 0x0000000780000000, size: 2048 MB, Compressed Oops mode: Zero based, Oop shift amount: 3
Narrow klass base: 0x0000000800000000, Narrow klass shift: 0
Compressed class space size: 1073741824 Address: 0x0000000800000000

Heap:
 par new generation   total 39296K, used 20836K [0x0000000780000000, 0x0000000782aa0000, 0x00000007aaaa0000)
  eden space 34944K,  55% used [0x0000000780000000, 0x0000000781310df8, 0x0000000782220000)
  from space 4352K,  30% used [0x0000000782220000, 0x0000000782368588, 0x0000000782660000)
  to   space 4352K,   0% used [0x0000000782660000, 0x0000000782660000, 0x0000000782aa0000)
 concurrent mark-sweep generation total 171924K, used 109050K [0x00000007aaaa0000, 0x00000007b5285000, 0x0000000800000000)
 Metaspace       used 46717K, capacity 48067K, committed 48380K, reserved 1091584K
  class space    used 5502K, capacity 6072K, committed 6192K, reserved 1048576K

Card table byte_map: [0x000000010bf26000,0x000000010c327000] _byte_map_base: 0x0000000108326000

Marking Bits: (CMSBitMap*) 0x00007fb45f001930
 Bits: [0x000000010d02a000, 0x000000010e57f800)

Mod Union Table: (CMSBitMap*) 0x00007fb45f0019d0
 Bits: [0x000000010e580000, 0x000000010e5d5560)

Polling page: 0x0000000109754000

Metaspace:

Usage:
  Non-class:     41.01 MB capacity,    40.25 MB ( 98%) used,   627.76 KB (  1%) free+waste,   152.31 KB ( <1%) overhead. 
      Class:      5.93 MB capacity,     5.37 MB ( 91%) used,   493.70 KB (  8%) free+waste,    75.44 KB (  1%) overhead. 
       Both:     46.94 MB capacity,    45.62 MB ( 97%) used,     1.10 MB (  2%) free+waste,   227.75 KB ( <1%) overhead. 

Virtual space:
  Non-class space:       42.00 MB reserved,      41.20 MB ( 98%) committed 
      Class space:        1.00 GB reserved,       6.05 MB ( <1%) committed 
             Both:        1.04 GB reserved,      47.25 MB (  4%) committed 

Chunk freelists:
   Non-Class:  1.00 KB
       Class:  1.00 KB
        Both:  2.00 KB

MaxMetaspaceSize: unlimited
CompressedClassSpaceSize: 1.00 GB

CodeHeap 'non-profiled nmethods': size=120036Kb used=2167Kb max_used=2167Kb free=117869Kb
 bounds [0x00000001227f9000, 0x0000000122a69000, 0x0000000129d32000]
CodeHeap 'profiled nmethods': size=120032Kb used=10435Kb max_used=10435Kb free=109596Kb
 bounds [0x000000011b2c1000, 0x000000011bd01000, 0x00000001227f9000]
CodeHeap 'non-nmethods': size=5692Kb used=1553Kb max_used=1584Kb free=4138Kb
 bounds [0x000000011ad32000, 0x000000011afa2000, 0x000000011b2c1000]
 total_blobs=8610 nmethods=5383 adapters=1011
 compilation: enabled
              stopped_count=0, restarted_count=0
 full_count=0

Compilation events (20 events):
Event: 82.969 Thread 0x00007fb45e815800 6053       4       java.util.ArrayList::<init> (12 bytes)
Event: 82.969 Thread 0x00007fb45e815800 nmethod 6053 0x000000012293fb90 code [0x000000012293fd20, 0x000000012293fd98]
Event: 82.969 Thread 0x00007fb45e815800 6060       4       java.nio.ByteBuffer::<init> (45 bytes)
Event: 82.970 Thread 0x00007fb45e815800 nmethod 6060 0x000000012293f790 code [0x000000012293f920, 0x000000012293fa58]
Event: 82.991 Thread 0x00007fb45f02d000 6124       3       sun.security.ssl.ContentType::values (10 bytes)
Event: 82.992 Thread 0x00007fb45f02d000 nmethod 6124 0x000000011bcfa310 code [0x000000011bcfa4e0, 0x000000011bcfa7e8]
Event: 82.992 Thread 0x00007fb45f02d000 6125       3       com.sun.crypto.provider.CounterMode::crypt (32 bytes)
Event: 82.992 Thread 0x00007fb45e815800 6126       4       java.lang.StringBuilder::append (8 bytes)
Event: 82.992 Thread 0x00007fb45f02d000 nmethod 6125 0x000000011bcfa890 code [0x000000011bcfaaa0, 0x000000011bcfafc8]
Event: 82.992 Thread 0x00007fb45f02d000 6127       3       com.sun.javafx.tk.quantum.QuantumToolkit::defer (16 bytes)
Event: 82.993 Thread 0x00007fb45f02d000 nmethod 6127 0x000000011bcfb210 code [0x000000011bcfb400, 0x000000011bcfb848]
Event: 82.993 Thread 0x00007fb45f02d000 6128       3       com.sun.javafx.application.PlatformImpl$$Lambda$268/0x0000000800393440::run (12 bytes)
Event: 82.993 Thread 0x00007fb45f02d000 nmethod 6128 0x000000011bcfb990 code [0x000000011bcfbb40, 0x000000011bcfbce8]
Event: 82.993 Thread 0x00007fb45f02d000 6129   !   3       com.sun.javafx.application.PlatformImpl::lambda$runLater$11 (38 bytes)
Event: 82.994 Thread 0x00007fb45f02d000 nmethod 6129 0x000000011bcfbd90 code [0x000000011bcfbfc0, 0x000000011bcfc6e8]
Event: 82.994 Thread 0x00007fb45f02d000 6130       3       com.sun.javafx.application.PlatformImpl$$Lambda$269/0x0000000800392840::get$Lambda (9 bytes)
Event: 82.994 Thread 0x00007fb45f02d000 nmethod 6130 0x000000011bcfca10 code [0x000000011bcfcbe0, 0x000000011bcfce50]
Event: 82.994 Thread 0x00007fb45f02d000 6131       3       com.sun.javafx.application.PlatformImpl$$Lambda$269/0x0000000800392840::<init> (10 bytes)
Event: 82.994 Thread 0x00007fb45f02d000 nmethod 6131 0x000000011bcfcf90 code [0x000000011bcfd140, 0x000000011bcfd310]
Event: 83.002 Thread 0x00007fb45e815800 nmethod 6126 0x000000012293e810 code [0x000000012293e9e0, 0x000000012293f2b8]

GC Heap History (20 events):
Event: 81.589 GC heap before
{Heap before GC invocations=14 (full 4):
 par new generation   total 39296K, used 38573K [0x0000000780000000, 0x0000000782aa0000, 0x00000007aaaa0000)
  eden space 34944K,  98% used [0x0000000780000000, 0x00000007821b9080, 0x0000000782220000)
  from space 4352K,  92% used [0x0000000782220000, 0x00000007826126f0, 0x0000000782660000)
  to   space 4352K,   0% used [0x0000000782660000, 0x0000000782660000, 0x0000000782aa0000)
 concurrent mark-sweep generation total 101820K, used 60596K [0x00000007aaaa0000, 0x00000007b0e0f000, 0x0000000800000000)
 Metaspace       used 44735K, capacity 45996K, committed 46332K, reserved 1089536K
  class space    used 5303K, capacity 5833K, committed 5936K, reserved 1048576K
}
Event: 81.593 GC heap after
{Heap after GC invocations=15 (full 4):
 par new generation   total 39296K, used 4352K [0x0000000780000000, 0x0000000782aa0000, 0x00000007aaaa0000)
  eden space 34944K,   0% used [0x0000000780000000, 0x0000000780000000, 0x0000000782220000)
  from space 4352K, 100% used [0x0000000782660000, 0x0000000782aa0000, 0x0000000782aa0000)
  to   space 4352K,   0% used [0x0000000782220000, 0x0000000782220000, 0x0000000782660000)
 concurrent mark-sweep generation total 101820K, used 78205K [0x00000007aaaa0000, 0x00000007b0e0f000, 0x0000000800000000)
 Metaspace       used 44735K, capacity 45996K, committed 46332K, reserved 1089536K
  class space    used 5303K, capacity 5833K, committed 5936K, reserved 1048576K
}
Event: 81.662 GC heap before
{Heap before GC invocations=15 (full 5):
 par new generation   total 39296K, used 35018K [0x0000000780000000, 0x0000000782aa0000, 0x00000007aaaa0000)
  eden space 34944K,  87% used [0x0000000780000000, 0x0000000781df2820, 0x0000000782220000)
  from space 4352K, 100% used [0x0000000782660000, 0x0000000782aa0000, 0x0000000782aa0000)
  to   space 4352K,   0% used [0x0000000782220000, 0x0000000782220000, 0x0000000782660000)
 concurrent mark-sweep generation total 101820K, used 78205K [0x00000007aaaa0000, 0x00000007b0e0f000, 0x0000000800000000)
 Metaspace       used 44840K, capacity 46075K, committed 46332K, reserved 1089536K
  class space    used 5316K, capacity 5839K, committed 5936K, reserved 1048576K
}
Event: 81.664 GC heap after
{Heap after GC invocations=16 (full 5):
 par new generation   total 39296K, used 3264K [0x0000000780000000, 0x0000000782aa0000, 0x00000007aaaa0000)
  eden space 34944K,   0% used [0x0000000780000000, 0x0000000780000000, 0x0000000782220000)
  from space 4352K,  75% used [0x0000000782220000, 0x0000000782550160, 0x0000000782660000)
  to   space 4352K,   0% used [0x0000000782660000, 0x0000000782660000, 0x0000000782aa0000)
 concurrent mark-sweep generation total 101820K, used 97221K [0x00000007aaaa0000, 0x00000007b0e0f000, 0x0000000800000000)
 Metaspace       used 44840K, capacity 46075K, committed 46332K, reserved 1089536K
  class space    used 5316K, capacity 5839K, committed 5936K, reserved 1048576K
}
Event: 81.751 GC heap before
{Heap before GC invocations=16 (full 5):
 par new generation   total 39296K, used 35000K [0x0000000780000000, 0x0000000782aa0000, 0x00000007aaaa0000)
  eden space 34944K,  90% used [0x0000000780000000, 0x0000000781efe298, 0x0000000782220000)
  from space 4352K,  75% used [0x0000000782220000, 0x0000000782550160, 0x0000000782660000)
  to   space 4352K,   0% used [0x0000000782660000, 0x0000000782660000, 0x0000000782aa0000)
 concurrent mark-sweep generation total 101820K, used 97221K [0x00000007aaaa0000, 0x00000007b0e0f000, 0x0000000800000000)
 Metaspace       used 44842K, capacity 46075K, committed 46332K, reserved 1089536K
  class space    used 5316K, capacity 5839K, committed 5936K, reserved 1048576K
}
Event: 81.755 GC heap after
{Heap after GC invocations=17 (full 5):
 par new generation   total 39296K, used 4079K [0x0000000780000000, 0x0000000782aa0000, 0x00000007aaaa0000)
  eden space 34944K,   0% used [0x0000000780000000, 0x0000000780000000, 0x0000000782220000)
  from space 4352K,  93% used [0x0000000782660000, 0x0000000782a5bd00, 0x0000000782aa0000)
  to   space 4352K,   0% used [0x0000000782220000, 0x0000000782220000, 0x0000000782660000)
 concurrent mark-sweep generation total 108064K, used 103462K [0x00000007aaaa0000, 0x00000007b1428000, 0x0000000800000000)
 Metaspace       used 44842K, capacity 46075K, committed 46332K, reserved 1089536K
  class space    used 5316K, capacity 5839K, committed 5936K, reserved 1048576K
}
Event: 81.840 GC heap before
{Heap before GC invocations=17 (full 5):
 par new generation   total 39296K, used 37016K [0x0000000780000000, 0x0000000782aa0000, 0x00000007aaaa0000)
  eden space 34944K,  94% used [0x0000000780000000, 0x000000078202a448, 0x0000000782220000)
  from space 4352K,  93% used [0x0000000782660000, 0x0000000782a5bd00, 0x0000000782aa0000)
  to   space 4352K,   0% used [0x0000000782220000, 0x0000000782220000, 0x0000000782660000)
 concurrent mark-sweep generation total 171924K, used 103152K [0x00000007aaaa0000, 0x00000007b5285000, 0x0000000800000000)
 Metaspace       used 44993K, capacity 46209K, committed 46588K, reserved 1089536K
  class space    used 5329K, capacity 5840K, committed 5936K, reserved 1048576K
}
Event: 81.844 GC heap after
{Heap after GC invocations=18 (full 5):
 par new generation   total 39296K, used 173K [0x0000000780000000, 0x0000000782aa0000, 0x00000007aaaa0000)
  eden space 34944K,   0% used [0x0000000780000000, 0x0000000780000000, 0x0000000782220000)
  from space 4352K,   3% used [0x0000000782220000, 0x000000078224b470, 0x0000000782660000)
  to   space 4352K,   0% used [0x0000000782660000, 0x0000000782660000, 0x0000000782aa0000)
 concurrent mark-sweep generation total 171924K, used 111289K [0x00000007aaaa0000, 0x00000007b5285000, 0x0000000800000000)
 Metaspace       used 44993K, capacity 46209K, committed 46588K, reserved 1089536K
  class space    used 5329K, capacity 5840K, committed 5936K, reserved 1048576K
}
Event: 82.296 GC heap before
{Heap before GC invocations=18 (full 5):
 par new generation   total 39296K, used 34374K [0x0000000780000000, 0x0000000782aa0000, 0x00000007aaaa0000)
  eden space 34944K,  97% used [0x0000000780000000, 0x0000000782166438, 0x0000000782220000)
  from space 4352K,   3% used [0x0000000782220000, 0x000000078224b470, 0x0000000782660000)
  to   space 4352K,   0% used [0x0000000782660000, 0x0000000782660000, 0x0000000782aa0000)
 concurrent mark-sweep generation total 171924K, used 111289K [0x00000007aaaa0000, 0x00000007b5285000, 0x0000000800000000)
 Metaspace       used 45358K, capacity 46577K, committed 46844K, reserved 1089536K
  class space    used 5368K, capacity 5878K, committed 5936K, reserved 1048576K
}
Event: 82.300 GC heap after
{Heap after GC invocations=19 (full 5):
 par new generation   total 39296K, used 1548K [0x0000000780000000, 0x0000000782aa0000, 0x00000007aaaa0000)
  eden space 34944K,   0% used [0x0000000780000000, 0x0000000780000000, 0x0000000782220000)
  from space 4352K,  35% used [0x0000000782660000, 0x00000007827e32f0, 0x0000000782aa0000)
  to   space 4352K,   0% used [0x0000000782220000, 0x0000000782220000, 0x0000000782660000)
 concurrent mark-sweep generation total 171924K, used 117530K [0x00000007aaaa0000, 0x00000007b5285000, 0x0000000800000000)
 Metaspace       used 45358K, capacity 46577K, committed 46844K, reserved 1089536K
  class space    used 5368K, capacity 5878K, committed 5936K, reserved 1048576K
}
Event: 82.477 GC heap before
{Heap before GC invocations=19 (full 5):
 par new generation   total 39296K, used 31541K [0x0000000780000000, 0x0000000782aa0000, 0x00000007aaaa0000)
  eden space 34944K,  85% used [0x0000000780000000, 0x0000000781d4a1f0, 0x0000000782220000)
  from space 4352K,  35% used [0x0000000782660000, 0x00000007827e32f0, 0x0000000782aa0000)
  to   space 4352K,   0% used [0x0000000782220000, 0x0000000782220000, 0x0000000782660000)
 concurrent mark-sweep generation total 171924K, used 117530K [0x00000007aaaa0000, 0x00000007b5285000, 0x0000000800000000)
 Metaspace       used 46258K, capacity 47525K, committed 47740K, reserved 1091584K
  class space    used 5472K, capacity 6044K, committed 6064K, reserved 1048576K
}
Event: 82.482 GC heap after
{Heap after GC invocations=20 (full 5):
 par new generation   total 39296K, used 4351K [0x0000000780000000, 0x0000000782aa0000, 0x00000007aaaa0000)
  eden space 34944K,   0% used [0x0000000780000000, 0x0000000780000000, 0x0000000782220000)
  from space 4352K,  99% used [0x0000000782220000, 0x000000078265fff8, 0x0000000782660000)
  to   space 4352K,   0% used [0x0000000782660000, 0x0000000782660000, 0x0000000782aa0000)
 concurrent mark-sweep generation total 171924K, used 126875K [0x00000007aaaa0000, 0x00000007b5285000, 0x0000000800000000)
 Metaspace       used 46258K, capacity 47525K, committed 47740K, reserved 1091584K
  class space    used 5472K, capacity 6044K, committed 6064K, reserved 1048576K
}
Event: 82.558 GC heap before
{Heap before GC invocations=20 (full 5):
 par new generation   total 39296K, used 37196K [0x0000000780000000, 0x0000000782aa0000, 0x00000007aaaa0000)
  eden space 34944K,  93% used [0x0000000780000000, 0x0000000782013398, 0x0000000782220000)
  from space 4352K,  99% used [0x0000000782220000, 0x000000078265fff8, 0x0000000782660000)
  to   space 4352K,   0% used [0x0000000782660000, 0x0000000782660000, 0x0000000782aa0000)
 concurrent mark-sweep generation total 171924K, used 133116K [0x00000007aaaa0000, 0x00000007b5285000, 0x0000000800000000)
 Metaspace       used 46418K, capacity 47732K, committed 47996K, reserved 1091584K
  class space    used 5487K, capacity 6049K, committed 6064K, reserved 1048576K
}
Event: 82.563 GC heap after
{Heap after GC invocations=21 (full 5):
 par new generation   total 39296K, used 858K [0x0000000780000000, 0x0000000782aa0000, 0x00000007aaaa0000)
  eden space 34944K,   0% used [0x0000000780000000, 0x0000000780000000, 0x0000000782220000)
  from space 4352K,  19% used [0x0000000782660000, 0x00000007827369a8, 0x0000000782aa0000)
  to   space 4352K,   0% used [0x0000000782220000, 0x0000000782220000, 0x0000000782660000)
 concurrent mark-sweep generation total 171924K, used 143650K [0x00000007aaaa0000, 0x00000007b5285000, 0x0000000800000000)
 Metaspace       used 46418K, capacity 47732K, committed 47996K, reserved 1091584K
  class space    used 5487K, capacity 6049K, committed 6064K, reserved 1048576K
}
Event: 82.710 GC heap before
{Heap before GC invocations=21 (full 6):
 par new generation   total 39296K, used 32584K [0x0000000780000000, 0x0000000782aa0000, 0x00000007aaaa0000)
  eden space 34944K,  90% used [0x0000000780000000, 0x0000000781efb6d0, 0x0000000782220000)
  from space 4352K,  19% used [0x0000000782660000, 0x00000007827369a8, 0x0000000782aa0000)
  to   space 4352K,   0% used [0x0000000782220000, 0x0000000782220000, 0x0000000782660000)
 concurrent mark-sweep generation total 171924K, used 90327K [0x00000007aaaa0000, 0x00000007b5285000, 0x0000000800000000)
 Metaspace       used 46566K, capacity 47869K, committed 48124K, reserved 1091584K
  class space    used 5502K, capacity 6072K, committed 6192K, reserved 1048576K
}
Event: 82.711 GC heap after
{Heap after GC invocations=22 (full 6):
 par new generation   total 39296K, used 1101K [0x0000000780000000, 0x0000000782aa0000, 0x00000007aaaa0000)
  eden space 34944K,   0% used [0x0000000780000000, 0x0000000780000000, 0x0000000782220000)
  from space 4352K,  25% used [0x0000000782220000, 0x0000000782333690, 0x0000000782660000)
  to   space 4352K,   0% used [0x0000000782660000, 0x0000000782660000, 0x0000000782aa0000)
 concurrent mark-sweep generation total 171924K, used 96568K [0x00000007aaaa0000, 0x00000007b5285000, 0x0000000800000000)
 Metaspace       used 46566K, capacity 47869K, committed 48124K, reserved 1091584K
  class space    used 5502K, capacity 6072K, committed 6192K, reserved 1048576K
}
Event: 82.798 GC heap before
{Heap before GC invocations=22 (full 6):
 par new generation   total 39296K, used 30193K [0x0000000780000000, 0x0000000782aa0000, 0x00000007aaaa0000)
  eden space 34944K,  83% used [0x0000000780000000, 0x0000000781c68fb0, 0x0000000782220000)
  from space 4352K,  25% used [0x0000000782220000, 0x0000000782333690, 0x0000000782660000)
  to   space 4352K,   0% used [0x0000000782660000, 0x0000000782660000, 0x0000000782aa0000)
 concurrent mark-sweep generation total 171924K, used 96568K [0x00000007aaaa0000, 0x00000007b5285000, 0x0000000800000000)
 Metaspace       used 46634K, capacity 47934K, committed 48124K, reserved 1091584K
  class space    used 5502K, capacity 6072K, committed 6192K, reserved 1048576K
}
Event: 82.800 GC heap after
{Heap after GC invocations=23 (full 6):
 par new generation   total 39296K, used 1281K [0x0000000780000000, 0x0000000782aa0000, 0x00000007aaaa0000)
  eden space 34944K,   0% used [0x0000000780000000, 0x0000000780000000, 0x0000000782220000)
  from space 4352K,  29% used [0x0000000782660000, 0x00000007827a0798, 0x0000000782aa0000)
  to   space 4352K,   0% used [0x0000000782220000, 0x0000000782220000, 0x0000000782660000)
 concurrent mark-sweep generation total 171924K, used 102809K [0x00000007aaaa0000, 0x00000007b5285000, 0x0000000800000000)
 Metaspace       used 46634K, capacity 47934K, committed 48124K, reserved 1091584K
  class space    used 5502K, capacity 6072K, committed 6192K, reserved 1048576K
}
Event: 82.893 GC heap before
{Heap before GC invocations=23 (full 6):
 par new generation   total 39296K, used 34045K [0x0000000780000000, 0x0000000782aa0000, 0x00000007aaaa0000)
  eden space 34944K,  93% used [0x0000000780000000, 0x0000000781ffef80, 0x0000000782220000)
  from space 4352K,  29% used [0x0000000782660000, 0x00000007827a0798, 0x0000000782aa0000)
  to   space 4352K,   0% used [0x0000000782220000, 0x0000000782220000, 0x0000000782660000)
 concurrent mark-sweep generation total 171924K, used 102809K [0x00000007aaaa0000, 0x00000007b5285000, 0x0000000800000000)
 Metaspace       used 46714K, capacity 48066K, committed 48380K, reserved 1091584K
  class space    used 5502K, capacity 6072K, committed 6192K, reserved 1048576K
}
Event: 82.894 GC heap after
{Heap after GC invocations=24 (full 6):
 par new generation   total 39296K, used 1313K [0x0000000780000000, 0x0000000782aa0000, 0x00000007aaaa0000)
  eden space 34944K,   0% used [0x0000000780000000, 0x0000000780000000, 0x0000000782220000)
  from space 4352K,  30% used [0x0000000782220000, 0x0000000782368588, 0x0000000782660000)
  to   space 4352K,   0% used [0x0000000782660000, 0x0000000782660000, 0x0000000782aa0000)
 concurrent mark-sweep generation total 171924K, used 109050K [0x00000007aaaa0000, 0x00000007b5285000, 0x0000000800000000)
 Metaspace       used 46714K, capacity 48066K, committed 48380K, reserved 1091584K
  class space    used 5502K, capacity 6072K, committed 6192K, reserved 1048576K
}

Deoptimization events (20 events):
Event: 82.534 Thread 0x00007fb45f1cc800 DEOPT UNPACKING pc=0x000000011ad5a13a sp=0x0000700008f436b8 mode 0
Event: 82.534 Thread 0x00007fb45d9d1000 DEOPT UNPACKING pc=0x000000011ad5a13a sp=0x00007000083966b8 mode 0
Event: 82.535 Thread 0x00007fb45f50f800 DEOPT PACKING pc=0x000000011b68326f sp=0x000070000924cc60
Event: 82.535 Thread 0x00007fb45f50f800 DEOPT UNPACKING pc=0x000000011ad5a13a sp=0x000070000924c108 mode 0
Event: 82.544 Thread 0x00007fb45dde9000 DEOPT PACKING pc=0x000000011b68326f sp=0x0000700008e40c60
Event: 82.544 Thread 0x00007fb45dde9000 DEOPT UNPACKING pc=0x000000011ad5a13a sp=0x0000700008e40108 mode 0
Event: 82.552 Thread 0x00007fb45dde9000 DEOPT PACKING pc=0x000000011b68326f sp=0x0000700008e40c60
Event: 82.552 Thread 0x00007fb45dde9000 DEOPT UNPACKING pc=0x000000011ad5a13a sp=0x0000700008e40108 mode 0
Event: 82.573 Thread 0x00007fb45f1cc800 DEOPT PACKING pc=0x000000011b68326f sp=0x0000700008f43c60
Event: 82.573 Thread 0x00007fb45f1cc800 DEOPT UNPACKING pc=0x000000011ad5a13a sp=0x0000700008f43108 mode 0
Event: 82.585 Thread 0x00007fb45f1cc800 DEOPT PACKING pc=0x000000011b68326f sp=0x0000700008f43c60
Event: 82.585 Thread 0x00007fb45f1cc800 DEOPT UNPACKING pc=0x000000011ad5a13a sp=0x0000700008f43108 mode 0
Event: 82.594 Thread 0x00007fb45f1cc800 DEOPT PACKING pc=0x000000011b68326f sp=0x0000700008f43c60
Event: 82.594 Thread 0x00007fb45f1cc800 DEOPT UNPACKING pc=0x000000011ad5a13a sp=0x0000700008f43108 mode 0
Event: 82.602 Thread 0x00007fb45f1cc800 DEOPT PACKING pc=0x000000011b68326f sp=0x0000700008f43c60
Event: 82.602 Thread 0x00007fb45f1cc800 DEOPT UNPACKING pc=0x000000011ad5a13a sp=0x0000700008f43108 mode 0
Event: 82.689 Thread 0x00007fb45ee76000 DEOPT PACKING pc=0x000000011bc37306 sp=0x00007000068381b0
Event: 82.689 Thread 0x00007fb45ee76000 DEOPT UNPACKING pc=0x000000011ad5a13a sp=0x0000700006837630 mode 0
Event: 82.726 Thread 0x00007fb460321000 DEOPT PACKING pc=0x000000011baed719 sp=0x0000700009a64d10
Event: 82.726 Thread 0x00007fb460321000 DEOPT UNPACKING pc=0x000000011ad5a13a sp=0x0000700009a64218 mode 0

Classes redefined (0 events):
No events

Internal exceptions (20 events):
Event: 80.828 Thread 0x00007fb46088e000 Exception <a 'java/lang/NoSuchMethodError'{0x00000007801d6f10}: 'java.lang.Object java.lang.invoke.DelegatingMethodHandle$Holder.reinvoke_L(java.lang.Object, long, java.lang.Object)'> (0x00000007801d6f10) thrown at [/corretto/workspace/corretto11-repo/ins
Event: 80.833 Thread 0x00007fb46088e000 Exception <a 'java/lang/NoSuchMethodError'{0x00000007802799e0}: 'java.lang.Object java.lang.invoke.DelegatingMethodHandle$Holder.reinvoke_L(java.lang.Object, java.lang.Object, int, int, long, int, java.lang.Object, java.lang.Object, java.lang.Object, int)
Event: 80.836 Thread 0x00007fb46088e000 Exception <a 'java/lang/NoSuchMethodError'{0x00000007802d8b58}: 'java.lang.Object java.lang.invoke.DirectMethodHandle$Holder.invokeSpecial(java.lang.Object, java.lang.Object, int, int, int, long, int, java.lang.Object, java.lang.Object, java.lang.Object, 
Event: 80.836 Thread 0x00007fb46088e000 Exception <a 'java/lang/NoSuchMethodError'{0x00000007802dc400}: 'java.lang.Object java.lang.invoke.DelegatingMethodHandle$Holder.reinvoke_L(java.lang.Object, int, int, int, long, int, java.lang.Object, java.lang.Object, java.lang.Object, int)'> (0x0000000
Event: 80.837 Thread 0x00007fb46088e000 Exception <a 'java/lang/NoSuchMethodError'{0x0000000780314a90}: 'java.lang.Object java.lang.invoke.DirectMethodHandle$Holder.invokeStatic(java.lang.Object, java.lang.Object, java.lang.Object, java.lang.Object, java.lang.Object, int)'> (0x0000000780314a90)
Event: 80.845 Thread 0x00007fb46088e000 Exception <a 'java/lang/NoSuchMethodError'{0x00000007804727b8}: 'java.lang.Object java.lang.invoke.DelegatingMethodHandle$Holder.reinvoke_L(java.lang.Object, java.lang.Object, long)'> (0x00000007804727b8) thrown at [/corretto/workspace/corretto11-repo/ins
Event: 81.026 Thread 0x00007fb46088e000 Exception <a 'java/lang/NoSuchMethodError'{0x00000007818e8a78}: 'java.lang.Object java.lang.invoke.DelegatingMethodHandle$Holder.reinvoke_L(java.lang.Object, java.lang.Object, int, int, long, int, int, java.lang.Object, java.lang.Object, int)'> (0x0000000
Event: 81.028 Thread 0x00007fb46088e000 Exception <a 'java/lang/NoSuchMethodError'{0x0000000781946678}: 'java.lang.Object java.lang.invoke.DirectMethodHandle$Holder.invokeSpecial(java.lang.Object, java.lang.Object, int, int, int, long, int, int, java.lang.Object, java.lang.Object, int)'> (0x000
Event: 81.028 Thread 0x00007fb46088e000 Exception <a 'java/lang/NoSuchMethodError'{0x0000000781949e18}: 'java.lang.Object java.lang.invoke.DelegatingMethodHandle$Holder.reinvoke_L(java.lang.Object, int, int, int, long, int, int, java.lang.Object, java.lang.Object, int)'> (0x0000000781949e18) th
Event: 81.622 Thread 0x00007fb45e8b5000 Exception <a 'java/lang/NoSuchMethodError'{0x00000007801e6be0}: 'java.lang.Object java.lang.invoke.DirectMethodHandle$Holder.invokeStatic(java.lang.Object, java.lang.Object, int, int, java.lang.Object)'> (0x00000007801e6be0) thrown at [/corretto/workspace
Event: 81.622 Thread 0x00007fb45e8b5000 Exception <a 'java/lang/NoSuchMethodError'{0x00000007801ea520}: 'java.lang.Object java.lang.invoke.DirectMethodHandle$Holder.invokeSpecial(java.lang.Object, java.lang.Object, java.lang.Object, int, int, java.lang.Object)'> (0x00000007801ea520) thrown at [
Event: 81.622 Thread 0x00007fb45e8b5000 Exception <a 'java/lang/NoSuchMethodError'{0x000000078111a310}: 'java.lang.Object java.lang.invoke.Invokers$Holder.linkToTargetMethod(java.lang.Object, int, int, java.lang.Object, java.lang.Object)'> (0x000000078111a310) thrown at [/corretto/workspace/cor
Event: 82.188 Thread 0x00007fb46088e000 Exception <a 'java/io/FileNotFoundException'{0x00000007819fb848}> (0x00000007819fb848) thrown at [/corretto/workspace/corretto11-repo/installers/mac/tar/corretto-build/buildRoot/src/src/hotspot/share/prims/jni.cpp, line 615]
Event: 82.188 Thread 0x00007fb46088e000 Exception <a 'java/io/FileNotFoundException'{0x00000007819fed48}> (0x00000007819fed48) thrown at [/corretto/workspace/corretto11-repo/installers/mac/tar/corretto-build/buildRoot/src/src/hotspot/share/prims/jni.cpp, line 615]
Event: 82.188 Thread 0x00007fb46088e000 Exception <a 'java/io/FileNotFoundException'{0x00000007819ffcb8}> (0x00000007819ffcb8) thrown at [/corretto/workspace/corretto11-repo/installers/mac/tar/corretto-build/buildRoot/src/src/hotspot/share/prims/jni.cpp, line 615]
Event: 82.189 Thread 0x00007fb46088e000 Exception <a 'java/io/FileNotFoundException'{0x0000000781a12980}> (0x0000000781a12980) thrown at [/corretto/workspace/corretto11-repo/installers/mac/tar/corretto-build/buildRoot/src/src/hotspot/share/prims/jni.cpp, line 615]
Event: 82.401 Thread 0x00007fb45ee76000 Exception <a 'java/lang/NoSuchMethodError'{0x00000007808050c0}: 'java.lang.Object java.lang.invoke.DirectMethodHandle$Holder.invokeStaticInit(java.lang.Object, int)'> (0x00000007808050c0) thrown at [/corretto/workspace/corretto11-repo/installers/mac/tar/c
Event: 82.570 Thread 0x00007fb46088e000 Exception <a 'java/lang/NoSuchMethodError'{0x00000007801162f0}: 'java.lang.Object java.lang.invoke.DirectMethodHandle$Holder.invokeStatic(java.lang.Object, java.lang.Object, java.lang.Object, java.lang.Object, java.lang.Object, java.lang.Object, java.lang
Event: 83.005 Thread 0x00007fb45dcbb000 Exception <a 'java/lang/NoClassDefFoundError'{0x0000000781307248}: com/sun/webkit/FileSystem> (0x0000000781307248) thrown at [/corretto/workspace/corretto11-repo/installers/mac/tar/corretto-build/buildRoot/src/src/hotspot/share/classfile/systemDictionary.
Event: 83.005 Thread 0x00007fb45dcbb000 Exception <a 'java/lang/NoSuchMethodError'{0x0000000781307558}: fwkMakeAllDirectories> (0x0000000781307558) thrown at [/corretto/workspace/corretto11-repo/installers/mac/tar/corretto-build/buildRoot/src/src/hotspot/share/prims/jni.cpp, line 1331]

Events (20 events):
Event: 82.763 Thread 0x00007fb461002800 flushing nmethod 0x000000011bb2b190
Event: 82.763 Thread 0x00007fb461002800 flushing nmethod 0x000000011bb3d010
Event: 82.763 Thread 0x00007fb461002800 flushing nmethod 0x000000011bb74e10
Event: 82.763 Thread 0x00007fb461002800 flushing nmethod 0x000000011bb89110
Event: 82.772 Executing VM operation: RevokeBias
Event: 82.772 Executing VM operation: RevokeBias done
Event: 82.798 Executing VM operation: RevokeBias
Event: 82.798 Executing VM operation: RevokeBias done
Event: 82.798 Executing VM operation: GenCollectForAllocation
Event: 82.800 Executing VM operation: GenCollectForAllocation done
Event: 82.860 Executing VM operation: RevokeBias
Event: 82.860 Executing VM operation: RevokeBias done
Event: 82.876 Executing VM operation: RevokeBias
Event: 82.876 Executing VM operation: RevokeBias done
Event: 82.893 Executing VM operation: GenCollectForAllocation
Event: 82.894 Executing VM operation: GenCollectForAllocation done
Event: 83.005 Protecting memory [0x000070000a318000,0x000070000a31c000] with protection modes 0
Event: 83.005 Thread 0x00007fb45dcbb000 Thread added: 0x00007fb45dcbb000
Event: 83.005 loading class com/sun/webkit/FileSystem
Event: 83.005 loading class com/sun/webkit/FileSystem done


Dynamic libraries:
0x00007fff2d7ab000 	/System/Library/Frameworks/Cocoa.framework/Versions/A/Cocoa
0x00007fff3ad77000 	/System/Library/Frameworks/Security.framework/Versions/A/Security
0x00007fff2c736000 	/System/Library/Frameworks/ApplicationServices.framework/Versions/A/ApplicationServices
0x00007fff6515c000 	/usr/lib/libz.1.dylib
0x00000001096e5000 	/Library/Java/JavaVirtualMachines/amazon-corretto-11.jdk/Contents/Home/lib/jli/libjli.dylib
0x00007fff62c2f000 	/usr/lib/libSystem.B.dylib
0x00007fff2b92b000 	/System/Library/Frameworks/AppKit.framework/Versions/C/AppKit
0x00007fff2e22e000 	/System/Library/Frameworks/CoreData.framework/Versions/A/CoreData
0x00007fff30de6000 	/System/Library/Frameworks/Foundation.framework/Versions/C/Foundation
0x00007fff5f4da000 	/System/Library/PrivateFrameworks/UIFoundation.framework/Versions/A/UIFoundation
0x00007fff59cc5000 	/System/Library/PrivateFrameworks/RemoteViewServices.framework/Versions/A/RemoteViewServices
0x00007fff61f6a000 	/System/Library/PrivateFrameworks/XCTTargetBootstrap.framework/Versions/A/XCTTargetBootstrap
0x00007fff2e611000 	/System/Library/Frameworks/CoreDisplay.framework/Versions/A/CoreDisplay
0x00007fff33b5e000 	/System/Library/Frameworks/Metal.framework/Versions/A/Metal
0x00007fff480e6000 	/System/Library/PrivateFrameworks/DesktopServicesPriv.framework/Versions/A/DesktopServicesPriv
0x00007fff63d65000 	/usr/lib/liblangid.dylib
0x00007fff4723d000 	/System/Library/PrivateFrameworks/CoreSVG.framework/Versions/A/CoreSVG
0x00007fff5ca87000 	/System/Library/PrivateFrameworks/SkyLight.framework/Versions/A/SkyLight
0x00007fff2eba3000 	/System/Library/Frameworks/CoreGraphics.framework/Versions/A/CoreGraphics
0x00007fff2a4ca000 	/System/Library/Frameworks/Accelerate.framework/Versions/A/Accelerate
0x00007fff6504d000 	/usr/lib/libxml2.2.dylib
0x00007fff52e04000 	/System/Library/PrivateFrameworks/IconServices.framework/Versions/A/IconServices
0x00007fff315ca000 	/System/Library/Frameworks/IOSurface.framework/Versions/A/IOSurface
0x00007fff62767000 	/usr/lib/libDiagnosticMessagesClient.dylib
0x00007fff47f5f000 	/System/Library/PrivateFrameworks/DFRFoundation.framework/Versions/A/DFRFoundation
0x00007fff63af3000 	/usr/lib/libicucore.A.dylib
0x00007fff2ca68000 	/System/Library/Frameworks/AudioToolbox.framework/Versions/A/AudioToolbox
0x00007fff2cb4a000 	/System/Library/Frameworks/AudioUnit.framework/Versions/A/AudioUnit
0x00007fff62e30000 	/usr/lib/libauto.dylib
0x00007fff47fe0000 	/System/Library/PrivateFrameworks/DataDetectorsCore.framework/Versions/A/DataDetectorsCore
0x00007fff2d2cb000 	/System/Library/Frameworks/Carbon.framework/Versions/A/Frameworks/HIToolbox.framework/Versions/A/HIToolbox
0x00007fff39fa9000 	/System/Library/Frameworks/QuartzCore.framework/Versions/A/QuartzCore
0x00007fff2d60a000 	/System/Library/Frameworks/Carbon.framework/Versions/A/Frameworks/SpeechRecognition.framework/Versions/A/SpeechRecognition
0x00007fff478e5000 	/System/Library/PrivateFrameworks/CoreUI.framework/Versions/A/CoreUI
0x00007fff2dc94000 	/System/Library/Frameworks/CoreAudio.framework/Versions/A/CoreAudio
0x00007fff30aae000 	/System/Library/Frameworks/DiskArbitration.framework/Versions/A/DiskArbitration
0x00007fff54e18000 	/System/Library/PrivateFrameworks/MultitouchSupport.framework/Versions/A/MultitouchSupport
0x00007fff639b9000 	/usr/lib/libenergytrace.dylib
0x00007fff31525000 	/System/Library/Frameworks/IOKit.framework/Versions/A/IOKit
0x00007fff2fb11000 	/System/Library/Frameworks/CoreServices.framework/Versions/A/CoreServices
0x00007fff56f22000 	/System/Library/PrivateFrameworks/PerformanceAnalysis.framework/Versions/A/PerformanceAnalysis
0x00007fff38fdf000 	/System/Library/Frameworks/OpenGL.framework/Versions/A/OpenGL
0x00007fff64a80000 	/usr/lib/libobjc.A.dylib
0x00007fff2d7b9000 	/System/Library/Frameworks/ColorSync.framework/Versions/A/ColorSync
0x00007fff2e721000 	/System/Library/Frameworks/CoreFoundation.framework/Versions/A/CoreFoundation
0x00007fff2f22a000 	/System/Library/Frameworks/CoreImage.framework/Versions/A/CoreImage
0x00007fff30587000 	/System/Library/Frameworks/CoreText.framework/Versions/A/CoreText
0x00007fff31650000 	/System/Library/Frameworks/ImageIO.framework/Versions/A/ImageIO
0x00007fff62f15000 	/usr/lib/libc++.1.dylib
0x00007fff62f91000 	/usr/lib/libcompression.dylib
0x00007fff62aa9000 	/usr/lib/libMobileGestalt.dylib
0x00007fff5e5bc000 	/System/Library/PrivateFrameworks/TextureIO.framework/Versions/A/TextureIO
0x00007fff62d96000 	/usr/lib/libate.dylib
0x00007fff5300d000 	/System/Library/PrivateFrameworks/InternationalSupport.framework/Versions/A/InternationalSupport
0x00007fff65bd2000 	/usr/lib/system/libcache.dylib
0x00007fff65bd8000 	/usr/lib/system/libcommonCrypto.dylib
0x00007fff65be4000 	/usr/lib/system/libcompiler_rt.dylib
0x00007fff65bec000 	/usr/lib/system/libcopyfile.dylib
0x00007fff65bf6000 	/usr/lib/system/libcorecrypto.dylib
0x00007fff65da4000 	/usr/lib/system/libdispatch.dylib
0x00007fff65de6000 	/usr/lib/system/libdyld.dylib
0x00007fff65e1c000 	/usr/lib/system/libkeymgr.dylib
0x00007fff65e2a000 	/usr/lib/system/liblaunch.dylib
0x00007fff65e2b000 	/usr/lib/system/libmacho.dylib
0x00007fff65e31000 	/usr/lib/system/libquarantine.dylib
0x00007fff65e34000 	/usr/lib/system/libremovefile.dylib
0x00007fff65e36000 	/usr/lib/system/libsystem_asl.dylib
0x00007fff65e4e000 	/usr/lib/system/libsystem_blocks.dylib
0x00007fff65e4f000 	/usr/lib/system/libsystem_c.dylib
0x00007fff65ed7000 	/usr/lib/system/libsystem_configuration.dylib
0x00007fff65edb000 	/usr/lib/system/libsystem_coreservices.dylib
0x00007fff65edf000 	/usr/lib/system/libsystem_darwin.dylib
0x00007fff65ee8000 	/usr/lib/system/libsystem_dnssd.dylib
0x00007fff65ef0000 	/usr/lib/system/libsystem_featureflags.dylib
0x00007fff65ef2000 	/usr/lib/system/libsystem_info.dylib
0x00007fff65f6d000 	/usr/lib/system/libsystem_m.dylib
0x00007fff65fb5000 	/usr/lib/system/libsystem_malloc.dylib
0x00007fff65fdd000 	/usr/lib/system/libsystem_networkextension.dylib
0x00007fff65feb000 	/usr/lib/system/libsystem_notify.dylib
0x00007fff6600a000 	/usr/lib/system/libsystem_sandbox.dylib
0x00007fff6600f000 	/usr/lib/system/libsystem_secinit.dylib
0x00007fff65f40000 	/usr/lib/system/libsystem_kernel.dylib
0x00007fff65ff5000 	/usr/lib/system/libsystem_platform.dylib
0x00007fff65fff000 	/usr/lib/system/libsystem_pthread.dylib
0x00007fff66012000 	/usr/lib/system/libsystem_symptoms.dylib
0x00007fff6601a000 	/usr/lib/system/libsystem_trace.dylib
0x00007fff66032000 	/usr/lib/system/libunwind.dylib
0x00007fff66038000 	/usr/lib/system/libxpc.dylib
0x00007fff62f69000 	/usr/lib/libc++abi.dylib
0x00007fff63d67000 	/usr/lib/liblzma.5.dylib
0x00007fff639e1000 	/usr/lib/libfakelink.dylib
0x00007fff62d23000 	/usr/lib/libarchive.2.dylib
0x00007fff3bf17000 	/System/Library/Frameworks/SystemConfiguration.framework/Versions/A/SystemConfiguration
0x00007fff62698000 	/usr/lib/libCRFSuite.dylib
0x00007fff2cec0000 	/System/Library/Frameworks/CFNetwork.framework/Versions/A/CFNetwork
0x00007fff62ef7000 	/usr/lib/libbsm.0.dylib
0x00007fff65e1d000 	/usr/lib/system/libkxld.dylib
0x00007fff41a21000 	/System/Library/PrivateFrameworks/AppleFSCompression.framework/Versions/A/AppleFSCompression
0x00007fff63278000 	/usr/lib/libcoretls.dylib
0x00007fff6328f000 	/usr/lib/libcoretls_cfhelpers.dylib
0x00007fff64ac4000 	/usr/lib/libpam.2.dylib
0x00007fff64bf7000 	/usr/lib/libsqlite3.dylib
0x00007fff6503a000 	/usr/lib/libxar.1.dylib
0x00007fff62f08000 	/usr/lib/libbz2.1.0.dylib
0x00007fff63a02000 	/usr/lib/libiconv.2.dylib
0x00007fff62f7e000 	/usr/lib/libcharset.1.dylib
0x00007fff6456b000 	/usr/lib/libnetwork.dylib
0x00007fff64acb000 	/usr/lib/libpcap.A.dylib
0x00007fff62cd8000 	/usr/lib/libapple_nghttp2.dylib
0x00007fff2fec8000 	/System/Library/Frameworks/CoreServices.framework/Versions/A/Frameworks/FSEvents.framework/Versions/A/FSEvents
0x00007fff2fb98000 	/System/Library/Frameworks/CoreServices.framework/Versions/A/Frameworks/CarbonCore.framework/Versions/A/CarbonCore
0x00007fff3010b000 	/System/Library/Frameworks/CoreServices.framework/Versions/A/Frameworks/Metadata.framework/Versions/A/Metadata
0x00007fff301a4000 	/System/Library/Frameworks/CoreServices.framework/Versions/A/Frameworks/OSServices.framework/Versions/A/OSServices
0x00007fff301d2000 	/System/Library/Frameworks/CoreServices.framework/Versions/A/Frameworks/SearchKit.framework/Versions/A/SearchKit
0x00007fff2fb12000 	/System/Library/Frameworks/CoreServices.framework/Versions/A/Frameworks/AE.framework/Versions/A/AE
0x00007fff2fed1000 	/System/Library/Frameworks/CoreServices.framework/Versions/A/Frameworks/LaunchServices.framework/Versions/A/LaunchServices
0x00007fff2fe7a000 	/System/Library/Frameworks/CoreServices.framework/Versions/A/Frameworks/DictionaryServices.framework/Versions/A/DictionaryServices
0x00007fff3023a000 	/System/Library/Frameworks/CoreServices.framework/Versions/A/Frameworks/SharedFileList.framework/Versions/A/SharedFileList
0x00007fff34e33000 	/System/Library/Frameworks/NetFS.framework/Versions/A/NetFS
0x00007fff55345000 	/System/Library/PrivateFrameworks/NetAuth.framework/Versions/A/NetAuth
0x00007fff62335000 	/System/Library/PrivateFrameworks/login.framework/Versions/A/Frameworks/loginsupport.framework/Versions/A/loginsupport
0x00007fff5e0b7000 	/System/Library/PrivateFrameworks/TCC.framework/Versions/A/TCC
0x00007fff4660c000 	/System/Library/PrivateFrameworks/CoreNLP.framework/Versions/A/CoreNLP
0x00007fff54848000 	/System/Library/PrivateFrameworks/MetadataUtilities.framework/Versions/A/MetadataUtilities
0x00007fff63e3f000 	/usr/lib/libmecabra.dylib
0x00007fff63d97000 	/usr/lib/libmecab.dylib
0x00007fff639f2000 	/usr/lib/libgermantok.dylib
0x00007fff62cbf000 	/usr/lib/libThaiTokenizer.dylib
0x00007fff626d0000 	/usr/lib/libChineseTokenizer.dylib
0x00007fff2a4e2000 	/System/Library/Frameworks/Accelerate.framework/Versions/A/Frameworks/vImage.framework/Versions/A/vImage
0x00007fff2b785000 	/System/Library/Frameworks/Accelerate.framework/Versions/A/Frameworks/vecLib.framework/Versions/A/vecLib
0x00007fff2b6c9000 	/System/Library/Frameworks/Accelerate.framework/Versions/A/Frameworks/vecLib.framework/Versions/A/libvMisc.dylib
0x00007fff2b4ef000 	/System/Library/Frameworks/Accelerate.framework/Versions/A/Frameworks/vecLib.framework/Versions/A/libvDSP.dylib
0x00007fff2ab4e000 	/System/Library/Frameworks/Accelerate.framework/Versions/A/Frameworks/vecLib.framework/Versions/A/libBLAS.dylib
0x00007fff2b0a9000 	/System/Library/Frameworks/Accelerate.framework/Versions/A/Frameworks/vecLib.framework/Versions/A/libLAPACK.dylib
0x00007fff2b44f000 	/System/Library/Frameworks/Accelerate.framework/Versions/A/Frameworks/vecLib.framework/Versions/A/libLinearAlgebra.dylib
0x00007fff2b4dc000 	/System/Library/Frameworks/Accelerate.framework/Versions/A/Frameworks/vecLib.framework/Versions/A/libSparseBLAS.dylib
0x00007fff2b465000 	/System/Library/Frameworks/Accelerate.framework/Versions/A/Frameworks/vecLib.framework/Versions/A/libQuadrature.dylib
0x00007fff2adb8000 	/System/Library/Frameworks/Accelerate.framework/Versions/A/Frameworks/vecLib.framework/Versions/A/libBNNS.dylib
0x00007fff2b46b000 	/System/Library/Frameworks/Accelerate.framework/Versions/A/Frameworks/vecLib.framework/Versions/A/libSparse.dylib
0x00007fff533cc000 	/System/Library/PrivateFrameworks/LanguageModeling.framework/Versions/A/LanguageModeling
0x00007fff45fa8000 	/System/Library/PrivateFrameworks/CoreEmoji.framework/Versions/A/CoreEmoji
0x00007fff534ea000 	/System/Library/PrivateFrameworks/LinguisticData.framework/Versions/A/LinguisticData
0x00007fff5349b000 	/System/Library/PrivateFrameworks/Lexicon.framework/Versions/A/Lexicon
0x00007fff62f7f000 	/usr/lib/libcmph.dylib
0x00007fff37a05000 	/System/Library/Frameworks/OpenDirectory.framework/Versions/A/Frameworks/CFOpenDirectory.framework/Versions/A/CFOpenDirectory
0x00007fff37a22000 	/System/Library/Frameworks/OpenDirectory.framework/Versions/A/OpenDirectory
0x00007fff3fcf0000 	/System/Library/PrivateFrameworks/APFS.framework/Versions/A/APFS
0x00007fff3b0ca000 	/System/Library/Frameworks/SecurityFoundation.framework/Versions/A/SecurityFoundation
0x00007fff65036000 	/usr/lib/libutil.dylib
0x00007fff47295000 	/System/Library/PrivateFrameworks/CoreServicesStore.framework/Versions/A/CoreServicesStore
0x00007fff3b182000 	/System/Library/Frameworks/ServiceManagement.framework/Versions/A/ServiceManagement
0x00007fff431d8000 	/System/Library/PrivateFrameworks/BackgroundTaskManagement.framework/Versions/A/BackgroundTaskManagement
0x00007fff65133000 	/usr/lib/libxslt.1.dylib
0x00007fff42086000 	/System/Library/PrivateFrameworks/AppleSystemInfo.framework/Versions/A/AppleSystemInfo
0x00007fff3186d000 	/System/Library/Frameworks/ImageIO.framework/Versions/A/Resources/libJPEG.dylib
0x00007fff31b2c000 	/System/Library/Frameworks/ImageIO.framework/Versions/A/Resources/libTIFF.dylib
0x00007fff31b0f000 	/System/Library/Frameworks/ImageIO.framework/Versions/A/Resources/libPng.dylib
0x00007fff317ae000 	/System/Library/Frameworks/ImageIO.framework/Versions/A/Resources/libGIF.dylib
0x00007fff317b2000 	/System/Library/Frameworks/ImageIO.framework/Versions/A/Resources/libJP2.dylib
0x00007fff31b2a000 	/System/Library/Frameworks/ImageIO.framework/Versions/A/Resources/libRadiance.dylib
0x00007fff639ba000 	/usr/lib/libexpat.1.dylib
0x00007fff41b7c000 	/System/Library/PrivateFrameworks/AppleJPEG.framework/Versions/A/AppleJPEG
0x00007fff4a502000 	/System/Library/PrivateFrameworks/FontServices.framework/libFontParser.dylib
0x00007fff6138c000 	/System/Library/PrivateFrameworks/WatchdogClient.framework/Versions/A/WatchdogClient
0x00007fff52a59000 	/System/Library/PrivateFrameworks/IOAccelerator.framework/Versions/A/IOAccelerator
0x00007fff33eec000 	/System/Library/Frameworks/MetalPerformanceShaders.framework/Versions/A/MetalPerformanceShaders
0x00007fff4f250000 	/System/Library/PrivateFrameworks/GPUWrangler.framework/Versions/A/GPUWrangler
0x00007fff52a64000 	/System/Library/PrivateFrameworks/IOPresentment.framework/Versions/A/IOPresentment
0x00007fff47f72000 	/System/Library/PrivateFrameworks/DSExternalDisplay.framework/Versions/A/DSExternalDisplay
0x00007fff3838b000 	/System/Library/Frameworks/OpenGL.framework/Versions/A/Libraries/libCoreFSCache.dylib
0x00007fff33c3e000 	/System/Library/Frameworks/MetalPerformanceShaders.framework/Frameworks/MPSCore.framework/Versions/A/MPSCore
0x00007fff33c7b000 	/System/Library/Frameworks/MetalPerformanceShaders.framework/Frameworks/MPSImage.framework/Versions/A/MPSImage
0x00007fff33d3d000 	/System/Library/Frameworks/MetalPerformanceShaders.framework/Frameworks/MPSNeuralNetwork.framework/Versions/A/MPSNeuralNetwork
0x00007fff33d02000 	/System/Library/Frameworks/MetalPerformanceShaders.framework/Frameworks/MPSMatrix.framework/Versions/A/MPSMatrix
0x00007fff33e9d000 	/System/Library/Frameworks/MetalPerformanceShaders.framework/Frameworks/MPSRayIntersector.framework/Versions/A/MPSRayIntersector
0x00007fff33d27000 	/System/Library/Frameworks/MetalPerformanceShaders.framework/Frameworks/MPSNDArray.framework/Versions/A/MPSNDArray
0x00007fff54895000 	/System/Library/PrivateFrameworks/MetalTools.framework/Versions/A/MetalTools
0x00007fff40ea7000 	/System/Library/PrivateFrameworks/AggregateDictionary.framework/Versions/A/AggregateDictionary
0x00007fff45a32000 	/System/Library/PrivateFrameworks/CoreAnalytics.framework/Versions/A/CoreAnalytics
0x00007fff41fa4000 	/System/Library/PrivateFrameworks/AppleSauce.framework/Versions/A/AppleSauce
0x00007fff6298c000 	/usr/lib/libIOReport.dylib
0x00007fff3073c000 	/System/Library/Frameworks/CoreVideo.framework/Versions/A/CoreVideo
0x00007fff506bc000 	/System/Library/PrivateFrameworks/GraphVisualizer.framework/Versions/A/GraphVisualizer
0x00007fff49a83000 	/System/Library/PrivateFrameworks/FaceCore.framework/Versions/A/FaceCore
0x00007fff379ac000 	/System/Library/Frameworks/OpenCL.framework/Versions/A/OpenCL
0x00007fff627ae000 	/usr/lib/libFosl_dynamic.dylib
0x00007fff55d40000 	/System/Library/PrivateFrameworks/OTSVG.framework/Versions/A/OTSVG
0x00007fff2c83b000 	/System/Library/Frameworks/ApplicationServices.framework/Versions/A/Frameworks/ATS.framework/Versions/A/Resources/libFontRegistry.dylib
0x00007fff4a6d3000 	/System/Library/PrivateFrameworks/FontServices.framework/libhvf.dylib
0x00007fff38396000 	/System/Library/Frameworks/OpenGL.framework/Versions/A/Libraries/libGFXShared.dylib
0x00007fff38573000 	/System/Library/Frameworks/OpenGL.framework/Versions/A/Libraries/libGLU.dylib
0x00007fff3839f000 	/System/Library/Frameworks/OpenGL.framework/Versions/A/Libraries/libGL.dylib
0x00007fff383aa000 	/System/Library/Frameworks/OpenGL.framework/Versions/A/Libraries/libGLImage.dylib
0x00007fff38388000 	/System/Library/Frameworks/OpenGL.framework/Versions/A/Libraries/libCVMSPluginSupport.dylib
0x00007fff38391000 	/System/Library/Frameworks/OpenGL.framework/Versions/A/Libraries/libCoreVMClient.dylib
0x00007fff6440d000 	/usr/lib/libncurses.5.4.dylib
0x00007fff2c737000 	/System/Library/Frameworks/ApplicationServices.framework/Versions/A/Frameworks/ATS.framework/Versions/A/ATS
0x00007fff2c904000 	/System/Library/Frameworks/ApplicationServices.framework/Versions/A/Frameworks/ColorSyncLegacy.framework/Versions/A/ColorSyncLegacy
0x00007fff2c9a3000 	/System/Library/Frameworks/ApplicationServices.framework/Versions/A/Frameworks/HIServices.framework/Versions/A/HIServices
0x00007fff2c9fa000 	/System/Library/Frameworks/ApplicationServices.framework/Versions/A/Frameworks/LangAnalysis.framework/Versions/A/LangAnalysis
0x00007fff2ca09000 	/System/Library/Frameworks/ApplicationServices.framework/Versions/A/Frameworks/PrintCore.framework/Versions/A/PrintCore
0x00007fff2ca4f000 	/System/Library/Frameworks/ApplicationServices.framework/Versions/A/Frameworks/QD.framework/Versions/A/QD
0x00007fff2ca5a000 	/System/Library/Frameworks/ApplicationServices.framework/Versions/A/Frameworks/SpeechSynthesis.framework/Versions/A/SpeechSynthesis
0x00007fff2c8d4000 	/System/Library/Frameworks/ApplicationServices.framework/Versions/A/Frameworks/ATSUI.framework/Versions/A/ATSUI
0x00007fff6384e000 	/usr/lib/libcups.2.dylib
0x00007fff32f9b000 	/System/Library/Frameworks/Kerberos.framework/Versions/A/Kerberos
0x00007fff3121b000 	/System/Library/Frameworks/GSS.framework/Versions/A/GSS
0x00007fff64b83000 	/usr/lib/libresolv.9.dylib
0x00007fff5085d000 	/System/Library/PrivateFrameworks/Heimdal.framework/Versions/A/Heimdal
0x00007fff32fae000 	/System/Library/Frameworks/Kerberos.framework/Versions/A/Libraries/libHeimdalProxy.dylib
0x00007fff639f8000 	/usr/lib/libheimdal-asn1.dylib
0x00007fff44ed8000 	/System/Library/PrivateFrameworks/CommonAuth.framework/Versions/A/CommonAuth
0x00007fff42123000 	/System/Library/PrivateFrameworks/AssertionServices.framework/Versions/A/AssertionServices
0x00007fff42cc6000 	/System/Library/PrivateFrameworks/AudioToolboxCore.framework/Versions/A/AudioToolboxCore
0x00007fff61fe6000 	/System/Library/PrivateFrameworks/caulk.framework/Versions/A/caulk
0x00007fff43284000 	/System/Library/PrivateFrameworks/BaseBoard.framework/Versions/A/BaseBoard
0x00007fff59e54000 	/System/Library/PrivateFrameworks/RunningBoardServices.framework/Versions/A/RunningBoardServices
0x00007fff56f2e000 	/System/Library/PrivateFrameworks/PersistentConnection.framework/Versions/A/PersistentConnection
0x00007fff598a3000 	/System/Library/PrivateFrameworks/ProtocolBuffer.framework/Versions/A/ProtocolBuffer
0x00007fff44efd000 	/System/Library/PrivateFrameworks/CommonUtilities.framework/Versions/A/CommonUtilities
0x00007fff43407000 	/System/Library/PrivateFrameworks/Bom.framework/Versions/A/Bom
0x00007fff6265b000 	/usr/lib/libAudioToolboxUtility.dylib
0x00007fff431e2000 	/System/Library/PrivateFrameworks/Backup.framework/Versions/A/Backup
0x00007fff47ce2000 	/System/Library/PrivateFrameworks/CrashReporterSupport.framework/Versions/A/CrashReporterSupport
0x00007fff5b94b000 	/System/Library/PrivateFrameworks/Sharing.framework/Versions/A/Sharing
0x00007fff418c7000 	/System/Library/PrivateFrameworks/Apple80211.framework/Versions/A/Apple80211
0x00007fff42f04000 	/System/Library/PrivateFrameworks/AuthKit.framework/Versions/A/AuthKit
0x00007fff47a12000 	/System/Library/PrivateFrameworks/CoreUtils.framework/Versions/A/CoreUtils
0x00007fff30781000 	/System/Library/Frameworks/CoreWLAN.framework/Versions/A/CoreWLAN
0x00007fff313a6000 	/System/Library/Frameworks/IOBluetooth.framework/Versions/A/IOBluetooth
0x00007fff54b93000 	/System/Library/PrivateFrameworks/MobileKeyBag.framework/Versions/A/MobileKeyBag
0x00007fff46ae8000 	/System/Library/PrivateFrameworks/CorePhoneNumbers.framework/Versions/A/CorePhoneNumbers
0x00007fff41b2f000 	/System/Library/PrivateFrameworks/AppleIDAuthSupport.framework/Versions/A/AppleIDAuthSupport
0x00007fff34e40000 	/System/Library/Frameworks/Network.framework/Versions/A/Network
0x00007fff53254000 	/System/Library/PrivateFrameworks/KeychainCircle.framework/Versions/A/KeychainCircle
0x00007fff2e1f6000 	/System/Library/Frameworks/CoreBluetooth.framework/Versions/A/CoreBluetooth
0x00007fff5d5c7000 	/System/Library/PrivateFrameworks/SpeechRecognitionCore.framework/Versions/A/SpeechRecognitionCore
0x000000010b000000 	/Library/Java/JavaVirtualMachines/amazon-corretto-11.jdk/Contents/Home/lib/server/libjvm.dylib
0x000000010970b000 	/Library/Java/JavaVirtualMachines/amazon-corretto-11.jdk/Contents/Home/lib/libverify.dylib
0x0000000109717000 	/Library/Java/JavaVirtualMachines/amazon-corretto-11.jdk/Contents/Home/lib/libjava.dylib
0x0000000109756000 	/Library/Java/JavaVirtualMachines/amazon-corretto-11.jdk/Contents/Home/lib/libinstrument.dylib
0x00000001097da000 	/Library/Java/JavaVirtualMachines/amazon-corretto-11.jdk/Contents/Home/lib/libzip.dylib
0x00000001097e2000 	/Library/Java/JavaVirtualMachines/amazon-corretto-11.jdk/Contents/Home/lib/libjimage.dylib
0x0000000111cc3000 	/Library/Java/JavaVirtualMachines/amazon-corretto-11.jdk/Contents/Home/lib/libnio.dylib
0x0000000111cd1000 	/Library/Java/JavaVirtualMachines/amazon-corretto-11.jdk/Contents/Home/lib/libnet.dylib
0x0000000111d6e000 	/Library/Java/JavaVirtualMachines/amazon-corretto-11.jdk/Contents/Home/lib/libextnet.dylib
0x0000000111ddd000 	/Library/Java/JavaVirtualMachines/amazon-corretto-11.jdk/Contents/Home/lib/libawt.dylib
0x0000000111e78000 	/Library/Java/JavaVirtualMachines/amazon-corretto-11.jdk/Contents/Home/lib/libmlib_image.dylib
0x00007fff32f84000 	/System/Library/Frameworks/JavaVM.framework/Versions/A/Frameworks/JavaNativeFoundation.framework/Versions/A/JavaNativeFoundation
0x00007fff32f8d000 	/System/Library/Frameworks/JavaVM.framework/Versions/A/Frameworks/JavaRuntimeSupport.framework/Versions/A/JavaRuntimeSupport
0x00007fff32f96000 	/System/Library/Frameworks/JavaVM.framework/Versions/A/JavaVM
0x00007fff530b7000 	/System/Library/PrivateFrameworks/JavaLaunching.framework/Versions/A/JavaLaunching
0x00007fff2d2c6000 	/System/Library/Frameworks/Carbon.framework/Versions/A/Carbon
0x00007fff477c6000 	/System/Library/PrivateFrameworks/CoreSymbolication.framework/Versions/A/CoreSymbolication
0x00007fff2d2c7000 	/System/Library/Frameworks/Carbon.framework/Versions/A/Frameworks/CommonPanels.framework/Versions/A/CommonPanels
0x00007fff2d5c0000 	/System/Library/Frameworks/Carbon.framework/Versions/A/Frameworks/Help.framework/Versions/A/Help
0x00007fff2d5c4000 	/System/Library/Frameworks/Carbon.framework/Versions/A/Frameworks/ImageCapture.framework/Versions/A/ImageCapture
0x00007fff2d5cb000 	/System/Library/Frameworks/Carbon.framework/Versions/A/Frameworks/OpenScripting.framework/Versions/A/OpenScripting
0x00007fff2d5ca000 	/System/Library/Frameworks/Carbon.framework/Versions/A/Frameworks/Ink.framework/Versions/A/Ink
0x00007fff2d606000 	/System/Library/Frameworks/Carbon.framework/Versions/A/Frameworks/Print.framework/Versions/A/Print
0x00007fff2d607000 	/System/Library/Frameworks/Carbon.framework/Versions/A/Frameworks/SecurityHI.framework/Versions/A/SecurityHI
0x00007fff480a7000 	/System/Library/PrivateFrameworks/DebugSymbols.framework/Versions/A/DebugSymbols
0x0000000111ee3000 	/Library/Java/JavaVirtualMachines/amazon-corretto-11.jdk/Contents/Home/lib/libawt_lwawt.dylib
0x0000000111f92000 	/Library/Java/JavaVirtualMachines/amazon-corretto-11.jdk/Contents/Home/lib/libosxapp.dylib
0x00007fff30c89000 	/System/Library/Frameworks/ExceptionHandling.framework/Versions/A/ExceptionHandling
0x00000001120bd000 	/Library/Java/JavaVirtualMachines/amazon-corretto-11.jdk/Contents/Home/lib/libfontmanager.dylib
0x00000001121bf000 	/Library/Java/JavaVirtualMachines/amazon-corretto-11.jdk/Contents/Home/lib/libfreetype.dylib
0x00007fff47261000 	/System/Library/PrivateFrameworks/CoreServicesInternal.framework/Versions/A/CoreServicesInternal
0x00007fff30ca8000 	/System/Library/Frameworks/FileProvider.framework/Versions/A/FileProvider
0x00007fff2b786000 	/System/Library/Frameworks/Accounts.framework/Versions/A/Accounts
0x00007fff4f572000 	/System/Library/PrivateFrameworks/GenerationalStorage.framework/Versions/A/GenerationalStorage
0x00007fff5ddf8000 	/System/Library/PrivateFrameworks/SymptomDiagnosticReporter.framework/Versions/A/SymptomDiagnosticReporter
0x00007fff413b8000 	/System/Library/PrivateFrameworks/AppContainer.framework/Versions/A/AppContainer
0x00007fff64b9d000 	/usr/lib/libsandbox.1.dylib
0x00007fff60328000 	/System/Library/PrivateFrameworks/UserManagement.framework/Versions/A/UserManagement
0x00007fff43fc9000 	/System/Library/PrivateFrameworks/ChunkingLibrary.framework/Versions/A/ChunkingLibrary
0x00007fff4142a000 	/System/Library/PrivateFrameworks/AppSandbox.framework/Versions/A/AppSandbox
0x00007fff5b7d5000 	/System/Library/PrivateFrameworks/SecCodeWrapper.framework/Versions/A/SecCodeWrapper
0x00007fff62a72000 	/usr/lib/libMatch.1.dylib
0x00007fff22da6000 	/System/Library/CoreServices/RawCamera.bundle/Contents/MacOS/RawCamera
0x00007fff549bd000 	/System/Library/PrivateFrameworks/MobileAsset.framework/Versions/A/MobileAsset
0x00007fff5dca6000 	/System/Library/PrivateFrameworks/StreamingZip.framework/Versions/A/StreamingZip
0x00007fff33417000 	/System/Library/Frameworks/MediaToolbox.framework/Versions/A/MediaToolbox
0x00007fff459e1000 	/System/Library/PrivateFrameworks/CoreAVCHD.framework/Versions/A/CoreAVCHD
0x00007fff33341000 	/System/Library/Frameworks/MediaAccessibility.framework/Versions/A/MediaAccessibility
0x00007fff53d88000 	/System/Library/PrivateFrameworks/Mangrove.framework/Versions/A/Mangrove
0x00007fff2f94b000 	/System/Library/Frameworks/CoreMedia.framework/Versions/A/CoreMedia
0x00007fff53ff4000 	/System/Library/PrivateFrameworks/MediaExperience.framework/Versions/A/MediaExperience
0x00007fff3c1fd000 	/System/Library/Frameworks/VideoToolbox.framework/Versions/A/VideoToolbox
0x00007fff4560b000 	/System/Library/PrivateFrameworks/CoreAUC.framework/Versions/A/CoreAUC
0x00007fff64bf5000 	/usr/lib/libspindump.dylib
0x00007fff42671000 	/System/Library/PrivateFrameworks/AudioResourceArbitration.framework/Versions/A/AudioResourceArbitration
0x00007fff4208a000 	/System/Library/PrivateFrameworks/AppleVA.framework/Versions/A/AppleVA
0x00007fff2a4cb000 	/System/Library/Frameworks/Accelerate.framework/Versions/A/Frameworks/vImage.framework/Versions/A/Libraries/libCGInterfaces.dylib
0x0000000111dc2000 	/usr/lib/libobjc-trampolines.dylib
0x00007fff4a63a000 	/System/Library/PrivateFrameworks/FontServices.framework/libTrueTypeScaler.dylib
0x00007fff22fb5000 	/System/Library/Extensions/AMDMTLBronzeDriver.bundle/Contents/MacOS/AMDMTLBronzeDriver
0x00007fff52a4f000 	/System/Library/PrivateFrameworks/IOAccelMemoryInfo.framework/Versions/A/IOAccelMemoryInfo
0x00007fff273ef000 	/System/Library/Extensions/AppleIntelKBLGraphicsMTLDriver.bundle/Contents/MacOS/AppleIntelKBLGraphicsMTLDriver
0x00007fff4dba8000 	/System/Library/PrivateFrameworks/GPUCompiler.framework/Versions/3902/Libraries/libmetal_timestamp.dylib
0x00007fff610fc000 	/System/Library/PrivateFrameworks/ViewBridge.framework/Versions/A/ViewBridge
0x00007fff62338000 	/System/Library/PrivateFrameworks/login.framework/Versions/A/login
0x00000001124eb000 	/Library/Java/JavaVirtualMachines/amazon-corretto-11.jdk/Contents/Home/lib/libprefs.dylib
0x00007fff38fef000 	/System/Library/Frameworks/OpenGL.framework/Versions/A/Resources/GLEngine.bundle/GLEngine
0x00007fff383e0000 	/System/Library/Frameworks/OpenGL.framework/Versions/A/Libraries/libGLProgrammability.dylib
0x00007fff265c6000 	/System/Library/Extensions/AppleIntelKBLGraphicsGLDriver.bundle/Contents/MacOS/AppleIntelKBLGraphicsGLDriver
0x00007fff4f244000 	/System/Library/PrivateFrameworks/GPUSupport.framework/Versions/A/Libraries/libGPUSupportMercury.dylib
0x000000012e394000 	/System/Library/Extensions/AMDRadeonX4000GLDriver.bundle/Contents/MacOS/AMDRadeonX4000GLDriver
0x00007fff230d6000 	/System/Library/Extensions/AMDRadeonX4000GLDriver.bundle/Contents/MacOS/ATIRadeonX4000SCLib.dylib
0x00007fff246fb000 	/System/Library/Extensions/AMDShared.bundle/Contents/PlugIns/libSC.dylib
0x00007fff39169000 	/System/Library/Frameworks/OpenGL.framework/Versions/A/Resources/GLRendererFloat.bundle/GLRendererFloat
0x00007fff379a3000 	/System/Library/Frameworks/OpenCL.framework/Versions/A/Libraries/libcldcpuengine.dylib
0x00007fff63433000 	/usr/lib/libcrypto.35.dylib
0x00007fff5e800000 	/System/Library/PrivateFrameworks/TrustEvaluationAgent.framework/Versions/A/TrustEvaluationAgent
0x000000012da63000 	/Library/Java/JavaVirtualMachines/amazon-corretto-11.jdk/Contents/Home/lib/libosxui.dylib
0x0000000160494000 	/Library/Java/JavaVirtualMachines/amazon-corretto-11.jdk/Contents/Home/lib/libjavajpeg.dylib
0x0000000160837000 	/Library/Java/JavaVirtualMachines/amazon-corretto-11.jdk/Contents/Home/lib/libsunec.dylib
0x00000001603ae000 	/Users/adventure/.codenameone/javafx/lib/libprism_es2.dylib
0x0000000161a6a000 	/Users/adventure/.codenameone/javafx/lib/libglass.dylib
0x0000000164501000 	/Users/adventure/.codenameone/javafx/lib/libjfxwebkit.dylib
0x000000014df7c000 	/Users/adventure/.codenameone/javafx/lib/libjavafx_font.dylib
0x00000001691bc000 	/Users/adventure/.codenameone/javafx/lib/libjavafx_iio.dylib
0x000000017117e000 	/Users/adventure/.codenameone/javafx/lib/libglib-lite.dylib
0x00007fff639e4000 	/usr/lib/libffi.dylib
0x00000001712b3000 	/Users/adventure/.codenameone/javafx/lib/libgstreamer-lite.dylib
0x000000016917c000 	/Users/adventure/.codenameone/javafx/lib/libjfxmedia.dylib
0x00000001697f5000 	/Users/adventure/.codenameone/javafx/lib/libjfxmedia_avf.dylib
0x00007fff2a0e4000 	/System/Library/Frameworks/AVFoundation.framework/Versions/A/AVFoundation
0x00007fff2a2de000 	/System/Library/Frameworks/AVFoundation.framework/Versions/A/Frameworks/AVFAudio.framework/Versions/A/AVFAudio
0x00007fff2fa26000 	/System/Library/Frameworks/CoreMediaIO.framework/Versions/A/CoreMediaIO
0x00007fff6264e000 	/usr/lib/libAudioStatistics.dylib
0x00007fff6237d000 	/System/Library/PrivateFrameworks/perfdata.framework/Versions/A/perfdata
0x00007fff64b3f000 	/usr/lib/libperfcheck.dylib
0x00007fff62b3d000 	/usr/lib/libSMC.dylib


VM Arguments:
jvm_args: -Xms128m -Xmx2048m -XX:ReservedCodeCacheSize=240m -XX:+UseConcMarkSweepGC -XX:SoftRefLRUPolicyMSPerMB=50 -ea -XX:CICompilerCount=2 -Dsun.io.useCanonPrefixCache=false -Djava.net.preferIPv4Stack=true -Djdk.http.auth.tunneling.disabledSchemes="" -XX:+HeapDumpOnOutOfMemoryError -XX:-OmitStackTraceInFastThrow -Djdk.attach.allowAttachSelf=true -Dkotlinx.coroutines.debug=off -Djdk.module.illegalAccess.silent=true -XX:+UseCompressedOops -Dfile.encoding=UTF-8 -XX:ErrorFile=$USER_HOME/java_error_in_idea_%p.log -XX:HeapDumpPath=$USER_HOME/java_error_in_idea.hprof -Dapple.laf.useScreenMenuBar=true -javaagent:/Applications/IntelliJ IDEA CE.app/Contents/lib/idea_rt.jar=50512:/Applications/IntelliJ IDEA CE.app/Contents/bin 
java_command: com.codename1.impl.javase.Simulator com.codename1.demos.kitchen.MyApplication
java_class_path (initial): /Users/adventure/Desktop/kitchesinkdemo/out/production/kitchesinkdemo:/Users/adventure/Desktop/kitchesinkdemo/src:/Users/adventure/Desktop/kitchesinkdemo/lib/CodenameOne.jar:/Users/adventure/Desktop/kitchesinkdemo/JavaSE.jar:native/internal_tmp:lib/impl/cls
Launcher Type: SUN_STANDARD

[Global flags]
     intx CICompilerCount                          = 2                                         {product} {command line}
    ccstr ErrorFile                                = $USER_HOME/java_error_in_idea_%p.log            {product} {command line}
     bool HeapDumpOnOutOfMemoryError               = true                                   {manageable} {command line}
    ccstr HeapDumpPath                             = $USER_HOME/java_error_in_idea.hprof         {manageable} {command line}
   size_t InitialHeapSize                          = 134217728                                 {product} {command line}
   size_t MaxHeapSize                              = 2147483648                                {product} {command line}
   size_t MaxNewSize                               = 715784192                                 {product} {ergonomic}
    uintx MaxTenuringThreshold                     = 6                                         {product} {ergonomic}
   size_t MinHeapDeltaBytes                        = 196608                                    {product} {ergonomic}
   size_t NewSize                                  = 44695552                                  {product} {ergonomic}
    uintx NonNMethodCodeHeapSize                   = 5825164                                {pd product} {ergonomic}
    uintx NonProfiledCodeHeapSize                  = 122916538                              {pd product} {ergonomic}
   size_t OldSize                                  = 89522176                                  {product} {ergonomic}
     bool OmitStackTraceInFastThrow                = false                                     {product} {command line}
    uintx ProfiledCodeHeapSize                     = 122916538                              {pd product} {ergonomic}
    uintx ReservedCodeCacheSize                    = 251658240                              {pd product} {command line}
     bool SegmentedCodeCache                       = true                                      {product} {ergonomic}
     intx SoftRefLRUPolicyMSPerMB                  = 50                                        {product} {command line}
     bool UseCompressedClassPointers               = true                                 {lp64_product} {ergonomic}
     bool UseCompressedOops                        = true                                 {lp64_product} {command line}
     bool UseConcMarkSweepGC                       = true                                      {product} {command line}

Logging:
Log output configuration:
 #0: stdout all=warning uptime,level,tags
 #1: stderr all=off uptime,level,tags

Environment Variables:
JAVA_HOME=/Library/Java/JavaVirtualMachines/amazon-corretto-11.jdk/Contents/Home
PATH=/usr/local/bin:/Library/Frameworks/Python.framework/Versions/3.7/bin:/usr/local/bin:/usr/bin:/bin:/usr/sbin:/sbin:/Users/adventure/dev/flutter/bin:/Users/adventure/Library/Android/sdk/tools:/Users/adventure/Library/Android/sdk/platform-tools
SHELL=/bin/zsh

Signal Handlers:
SIGSEGV: [libjvm.dylib+0x7577d8], sa_mask[0]=11111111011111110111111111111111, sa_flags=SA_ONSTACK|SA_RESTART|SA_SIGINFO
SIGBUS: [libjvm.dylib+0x7577d8], sa_mask[0]=11111111011111110111111111111111, sa_flags=SA_RESTART|SA_SIGINFO
SIGFPE: [libjvm.dylib+0x7577d8], sa_mask[0]=11111111011111110111111111111111, sa_flags=SA_RESTART|SA_SIGINFO
SIGPIPE: [libjvm.dylib+0x5fbe5c], sa_mask[0]=11111111011111110111111111111111, sa_flags=SA_RESTART|SA_SIGINFO
SIGXFSZ: [libjvm.dylib+0x5fbe5c], sa_mask[0]=11111111011111110111111111111111, sa_flags=SA_RESTART|SA_SIGINFO
SIGILL: [libjvm.dylib+0x7577d8], sa_mask[0]=11111111011111110111111111111111, sa_flags=SA_RESTART|SA_SIGINFO
SIGUSR2: [libjvm.dylib+0x5fc45a], sa_mask[0]=00100000000000000000000000000000, sa_flags=SA_RESTART|SA_SIGINFO
SIGHUP: [libjvm.dylib+0x5faf37], sa_mask[0]=11111111011111110111111111111111, sa_flags=SA_RESTART|SA_SIGINFO
SIGINT: [libjvm.dylib+0x5faf37], sa_mask[0]=11111111011111110111111111111111, sa_flags=SA_RESTART|SA_SIGINFO
SIGTERM: [libjvm.dylib+0x5faf37], sa_mask[0]=11111111011111110111111111111111, sa_flags=SA_RESTART|SA_SIGINFO
SIGQUIT: [libjvm.dylib+0x5faf37], sa_mask[0]=11111111011111110111111111111111, sa_flags=SA_RESTART|SA_SIGINFO


---------------  S Y S T E M  ---------------

OS:uname:Darwin 19.2.0 Darwin Kernel Version 19.2.0: Sat Nov  9 03:47:04 PST 2019; root:xnu-6153.61.1~20/RELEASE_X86_64 x86_64
rlimit: STACK 8192k, CORE 0k, NPROC 2784, NOFILE 10240, AS infinity, DATA infinity, FSIZE infinity
load average:1.39 1.71 1.87

CPU:total 12 (initial active 12) (6 cores per cpu, 2 threads per core) family 6 model 158 stepping 10, cmov, cx8, fxsr, mmx, sse, sse2, sse3, ssse3, sse4.1, sse4.2, popcnt, avx, avx2, aes, clmul, erms, 3dnowpref, lzcnt, ht, tsc, tscinvbit, bmi1, bmi2, adx, fma

Memory: 4k page, physical 16777216k(942656k free), swap 0k(0k free)

vm_info: OpenJDK 64-Bit Server VM (11.0.5+10-LTS) for bsd-amd64 JRE (11.0.5+10-LTS), built on Nov 12 2019 17:01:34 by "root" with gcc 4.2.1 Compatible Apple LLVM 8.0.0 (clang-800.0.42.1)

END.
