#
# A fatal error has been detected by the Java Runtime Environment:
#
#  SIGSEGV (0xb) at pc=0x000000010f3e96f6, pid=1238, tid=47415
#
# JRE version: OpenJDK Runtime Environment (11.0.5+10) (build 11.0.5+10-LTS)
# Java VM: OpenJDK 64-Bit Server VM (11.0.5+10-LTS, mixed mode, tiered, compressed oops, concurrent mark sweep gc, bsd-amd64)
# Problematic frame:
# V  [libjvm.dylib+0x3e96f6]  jni_CallStaticBooleanMethodV+0x7c
#
# No core dump will be written. Core dumps have been disabled. To enable core dumping, try "ulimit -c unlimited" before starting Java again
#
# If you would like to submit a bug report, please visit:
#   http://bugreport.java.com/bugreport/crash.jsp
#

---------------  S U M M A R Y ------------

Command Line: -Xms128m -Xmx2048m -XX:ReservedCodeCacheSize=240m -XX:+UseConcMarkSweepGC -XX:SoftRefLRUPolicyMSPerMB=50 -ea -XX:CICompilerCount=2 -Dsun.io.useCanonPrefixCache=false -Djava.net.preferIPv4Stack=true -Djdk.http.auth.tunneling.disabledSchemes="" -XX:+HeapDumpOnOutOfMemoryError -XX:-OmitStackTraceInFastThrow -Djdk.attach.allowAttachSelf=true -Dkotlinx.coroutines.debug=off -Djdk.module.illegalAccess.silent=true -XX:+UseCompressedOops -Dfile.encoding=UTF-8 -XX:ErrorFile=$USER_HOME/java_error_in_idea_%p.log -XX:HeapDumpPath=$USER_HOME/java_error_in_idea.hprof -Dapple.laf.useScreenMenuBar=true -javaagent:/Applications/IntelliJ IDEA CE.app/Contents/lib/idea_rt.jar=50174:/Applications/IntelliJ IDEA CE.app/Contents/bin com.codename1.impl.javase.Simulator com.codename1.demos.kitchen.MyApplication

Host: MacBookPro15,1 x86_64 2200 MHz, 12 cores, 16G, Darwin 19.2.0
Time: Wed Jan  1 11:17:03 2020 +0545 elapsed time: 11 seconds (0d 0h 0m 11s)

---------------  T H R E A D  ---------------

Current thread (0x00007f8ef74fe800):  JavaThread "Thread-8" daemon [_thread_in_vm, id=47415, stack(0x0000700011998000,0x0000700011a18000)]

Stack: [0x0000700011998000,0x0000700011a18000],  sp=0x0000700011a17be0,  free space=510k
Native frames: (J=compiled Java code, A=aot compiled Java code, j=interpreted, Vv=VM code, C=native code)
V  [libjvm.dylib+0x3e96f6]  jni_CallStaticBooleanMethodV+0x7c
C  [libjfxwebkit.dylib+0x9746]  JNIEnv_::CallStaticBooleanMethod(_jclass*, _jmethodID*, ...)+0x86
C  [libjfxwebkit.dylib+0x15884e8]  WebCore::FileSystem::makeAllDirectories(WTF::String const&)+0x268
C  [libjfxwebkit.dylib+0x22d12]  WebCore::StorageSyncManager::fullDatabaseFilename(WTF::String const&)+0x22
C  [libjfxwebkit.dylib+0x1f0d6]  WebKit::StorageAreaSync::openDatabase(WebKit::StorageAreaSync::OpenDatabaseParamType)+0x36
C  [libjfxwebkit.dylib+0x1f6ee]  WebKit::StorageAreaSync::performImport()+0x1e
C  [libjfxwebkit.dylib+0x23619]  WebCore::StorageThread::threadEntryPoint()+0x89
C  [libjfxwebkit.dylib+0x1a802b4]  WTF::Thread::entryPoint(WTF::Thread::NewThreadContext*)+0xe4
C  [libjfxwebkit.dylib+0x1ab68d9]  WTF::wtfThreadEntryPoint(void*)+0x9
C  [libsystem_pthread.dylib+0x5e65]  _pthread_start+0x94
C  [libsystem_pthread.dylib+0x183b]  thread_start+0xf


siginfo: si_signo: 11 (SIGSEGV), si_code: 1 (SEGV_MAPERR), si_addr: 0x0000000000000000

Register to memory mapping:

RAX=0x0 is NULL
RBX=0x00007f8ef74fe800 is a thread
RCX=0x00007f8ef4498f18 points into unknown readable memory: 58 dd 31 81 07 00 00 00
RDX=0x0 is NULL
RSP=0x0000700011a17be0 is pointing into the stack for thread: 0x00007f8ef74fe800
RBP=0x0000700011a17c80 is pointing into the stack for thread: 0x00007f8ef74fe800
RSI=0x0 is NULL
RDI=0x00007f8ef74feb40 points into unknown readable memory: 70 a7 90 0f 01 00 00 00
R8 =0x000000000000000a is an unknown value
R9 =0x00007f8ef74fe800 is a thread
R10=0x000000010f8dc820: _ZTV7CMSHeap+0x10 in /Library/Java/JavaVirtualMachines/amazon-corretto-11.jdk/Contents/Home/lib/server/libjvm.dylib at 0x000000010f000000
R11=0x0 is NULL
R12=0x0 is NULL
R13=0x0000700011a17d40 is pointing into the stack for thread: 0x00007f8ef74fe800
R14=0x0 is NULL
R15=0x00007f8ef74feb40 points into unknown readable memory: 70 a7 90 0f 01 00 00 00


Registers:
RAX=0x0000000000000000, RBX=0x00007f8ef74fe800, RCX=0x00007f8ef4498f18, RDX=0x0000000000000000
RSP=0x0000700011a17be0, RBP=0x0000700011a17c80, RSI=0x0000000000000000, RDI=0x00007f8ef74feb40
R8 =0x000000000000000a, R9 =0x00007f8ef74fe800, R10=0x000000010f8dc820, R11=0x0000000000000000
R12=0x0000000000000000, R13=0x0000700011a17d40, R14=0x0000000000000000, R15=0x00007f8ef74feb40
RIP=0x000000010f3e96f6, EFLAGS=0x0000000000010206, ERR=0x0000000000000004
  TRAPNO=0x000000000000000e

Top of Stack: (sp=0x0000700011a17be0)
0x0000700011a17be0:   0000700011a17c00 000000010f71e087
0x0000700011a17bf0:   0e114f548c8500aa 00007f8ef74fe800
0x0000700011a17c00:   0000700011a17c30 000000010f71e060
0x0000700011a17c10:   0000000000000001 00007f8ef74fe908
0x0000700011a17c20:   00007f8e00000004 0000000000000004
0x0000700011a17c30:   00007f8ef74fe800 00007f8ef4498f10
0x0000700011a17c40:   0000000000000533 000000010f7baa77
0x0000700011a17c50:   00007f8ef74fe800 0000000000000000
0x0000700011a17c60:   000000016bcaa4b0 00007f8ef74feb40
0x0000700011a17c70:   000000016e6de5b0 0000000000000000
0x0000700011a17c80:   0000700011a17d60 0000000168727746
0x0000700011a17c90:   000000010f960201 00007f8ef74fe800
0x0000700011a17ca0:   0000700011a17cc0 00007f8efaff8c10
0x0000700011a17cb0:   000000000000000a 00007f8ef74fe800
0x0000700011a17cc0:   0000700011a17d20 000000010f3ee597
0x0000700011a17cd0:   00007f8ef74fe800 00007f8ef4498f10
0x0000700011a17ce0:   0000700000000533 000000010f7baa77
0x0000700011a17cf0:   00007f8ef74fe800 0000000000000000
0x0000700011a17d00:   0000000000000039 000000016e6de5b0
0x0000700011a17d10:   000000016e6de5b0 0000700011a17d78
0x0000700011a17d20:   0000700011a17d60 000000016a1d538a
0x0000700011a17d30:   0000000000000001 0000000000000000
0x0000700011a17d40:   0000003000000018 0000700011a17d70
0x0000700011a17d50:   0000700011a17c90 0e114f548c8500aa
0x0000700011a17d60:   0000700011a17db0 0000000169ca64e8
0x0000700011a17d70:   00007f8efc68bfe0 00007f8efaff8c10
0x0000700011a17d80:   00007f8ef74feb40 000000016e6de5b0
0x0000700011a17d90:   0000700011a17f30 000000017018d000
0x0000700011a17da0:   0000700011a17e28 000000017018d0c0
0x0000700011a17db0:   0000700011a17df0 0000000168740d12
0x0000700011a17dc0:   0e114f548c8500aa 000000078131b848
0x0000700011a17dd0:   0000700011a17e50 0000700011a17e28 

Instructions: (pc=0x000000010f3e96f6)
0x000000010f3e95f6:   0f 1f 40 00 48 83 7d 90 00 74 09 48 8d 7d 88 e8
0x000000010f3e9606:   7c b1 24 00 48 8b 9b f0 00 00 00 4c 8b 73 08 48
0x000000010f3e9616:   8b 43 10 48 83 38 00 74 19 48 8b 73 28 4c 89 f7
0x000000010f3e9626:   e8 77 ec cf ff 48 8b 7b 10 e8 32 eb cf ff 48 8b
0x000000010f3e9636:   43 10 49 89 46 10 48 8b 43 18 49 89 46 18 48 8b
0x000000010f3e9646:   43 20 49 89 46 20 48 8d 7d a8 e8 ab 44 33 00 4c
0x000000010f3e9656:   3b 6d d0 75 1a f2 0f 10 85 78 fe ff ff 48 81 c4
0x000000010f3e9666:   68 01 00 00 5b 41 5c 41 5d 41 5e 41 5f 5d c3 e8
0x000000010f3e9676:   da 58 39 00 55 48 89 e5 41 57 41 56 41 55 41 54
0x000000010f3e9686:   53 48 83 ec 78 49 89 cd 49 89 d6 49 89 f4 49 89
0x000000010f3e9696:   ff 49 8d 9f c0 fc ff ff b8 55 21 ff ff 41 03 87
0x000000010f3e96a6:   90 00 00 00 83 f8 02 72 0a 48 89 df e8 8d 5f 31
0x000000010f3e96b6:   00 31 db 48 8d 7d d0 48 89 de e8 bb 43 33 00 48
0x000000010f3e96c6:   89 5d b0 48 c7 45 b8 00 00 00 00 48 83 7b 08 00
0x000000010f3e96d6:   74 09 48 8d 7d b0 e8 59 b0 24 00 4c 89 ff 4c 89
0x000000010f3e96e6:   e6 4c 89 f2 90 0f 1f 40 00 c7 45 a0 04 00 00 00
0x000000010f3e96f6:   49 8b 06 48 8b 40 08 48 8b 48 08 0f b7 40 2c 48
0x000000010f3e9706:   8b 74 c1 40 48 8d bd 60 ff ff ff e8 f6 cd 29 00
0x000000010f3e9716:   c7 85 78 ff ff ff 63 00 00 00 48 c7 45 80 00 00
0x000000010f3e9726:   00 00 48 8d 05 69 18 52 00 48 89 85 60 ff ff ff
0x000000010f3e9736:   49 8b 45 10 48 89 45 98 49 8b 45 00 49 8b 4d 08
0x000000010f3e9746:   48 89 4d 90 48 89 45 88 41 f6 c4 01 75 0b 4c 89
0x000000010f3e9756:   e7 ff 15 23 04 52 00 eb 0c 49 ff cc 4c 89 e7 ff
0x000000010f3e9766:   15 95 ac 51 00 48 89 c7 e8 ef ea fb ff 48 8b 08
0x000000010f3e9776:   48 89 c7 48 89 de ff 91 b0 00 00 00 31 ff 48 83
0x000000010f3e9786:   7b 08 00 41 bc 00 00 00 00 75 2f 48 8d 75 a0 48
0x000000010f3e9796:   8d 8d 60 ff ff ff 4c 89 ff 4c 89 f2 49 89 d8 e8
0x000000010f3e97a6:   a4 ec ff ff 31 ff 48 83 7b 08 00 41 bc 00 00 00
0x000000010f3e97b6:   00 75 07 0f b6 7d a8 41 88 fc 90 0f 1f 40 00 48
0x000000010f3e97c6:   83 7d b8 00 74 09 48 8d 7d b0 e8 b1 af 24 00 48
0x000000010f3e97d6:   8b 9b f0 00 00 00 4c 8b 73 08 48 8b 43 10 48 83
0x000000010f3e97e6:   38 00 74 19 48 8b 73 28 4c 89 f7 e8 ac ea cf ff 


Stack slot to memory mapping:
stack at sp + 0 slots: 0x0000700011a17c00 is pointing into the stack for thread: 0x00007f8ef74fe800
stack at sp + 1 slots: 0x000000010f71e087: _ZN6Atomic4loadIPVvEET_PVKS3_+0x17 in /Library/Java/JavaVirtualMachines/amazon-corretto-11.jdk/Contents/Home/lib/server/libjvm.dylib at 0x000000010f000000
stack at sp + 2 slots: 0x0e114f548c8500aa is an unknown value
stack at sp + 3 slots: 0x00007f8ef74fe800 is a thread
stack at sp + 4 slots: 0x0000700011a17c30 is pointing into the stack for thread: 0x00007f8ef74fe800
stack at sp + 5 slots: 0x000000010f71e060: _ZN11OrderAccess12ordered_loadIPVvL15ScopedFenceType0EEET_PVKS4_+0x30 in /Library/Java/JavaVirtualMachines/amazon-corretto-11.jdk/Contents/Home/lib/server/libjvm.dylib at 0x000000010f000000
stack at sp + 6 slots: 0x0000000000000001 is an unknown value
stack at sp + 7 slots: 0x00007f8ef74fe908 points into unknown readable memory: 00 30 6c 0d 01 00 00 00


---------------  P R O C E S S  ---------------

Threads class SMR info:
_java_thread_list=0x00007f8efc688140, length=49, elements={
0x00007f8ef481d000, 0x00007f8ef5813800, 0x00007f8ef4828800, 0x00007f8ef580e800,
0x00007f8ef6810800, 0x00007f8ef8800800, 0x00007f8ef485d800, 0x00007f8ef58fe000,
0x00007f8ef580f800, 0x00007f8ef7822000, 0x00007f8ef70b9800, 0x00007f8efb800000,
0x00007f8ef70ed800, 0x00007f8ef785b000, 0x00007f8ef7800800, 0x00007f8ef5920800,
0x00007f8ef5129000, 0x00007f8ef5248800, 0x00007f8ef71a9800, 0x00007f8ef7246000,
0x00007f8ef75f4800, 0x00007f8ef5385800, 0x00007f8ef53cc000, 0x00007f8efd036800,
0x00007f8ef53dd000, 0x00007f8ef737d000, 0x00007f8ef7a75800, 0x00007f8ef7376000,
0x00007f8ef6c4e800, 0x00007f8ef6c4b000, 0x00007f8ef6c4c000, 0x00007f8ef53e8000,
0x00007f8efd0c0000, 0x00007f8efd413800, 0x00007f8efd0b7800, 0x00007f8ef69c4800,
0x00007f8ef69c5800, 0x00007f8ef78f2800, 0x00007f8efd297800, 0x00007f8ef69c6800,
0x00007f8ef53eb800, 0x00007f8efd28d800, 0x00007f8ef7377000, 0x00007f8ef53fc800,
0x00007f8ef53a4000, 0x00007f8ef6c66800, 0x00007f8efd296000, 0x00007f8efd412000,
0x00007f8ef74fe800
}

Java Threads: ( => current thread )
  0x00007f8ef481d000 JavaThread "Reference Handler" daemon [_thread_blocked, id=13059, stack(0x000070000d6b1000,0x000070000d7b1000)]
  0x00007f8ef5813800 JavaThread "Finalizer" daemon [_thread_blocked, id=20227, stack(0x000070000d7b4000,0x000070000d8b4000)]
  0x00007f8ef4828800 JavaThread "Signal Dispatcher" daemon [_thread_blocked, id=15363, stack(0x000070000d9bd000,0x000070000dabd000)]
  0x00007f8ef580e800 JavaThread "C2 CompilerThread0" daemon [_thread_in_native, id=18435, stack(0x000070000dac0000,0x000070000dbc0000)]
  0x00007f8ef6810800 JavaThread "C1 CompilerThread0" daemon [_thread_blocked, id=17667, stack(0x000070000dbc3000,0x000070000dcc3000)]
  0x00007f8ef8800800 JavaThread "Sweeper thread" daemon [_thread_blocked, id=16131, stack(0x000070000dcc6000,0x000070000ddc6000)]
  0x00007f8ef485d800 JavaThread "Common-Cleaner" daemon [_thread_blocked, id=16899, stack(0x000070000ddc9000,0x000070000dec9000)]
  0x00007f8ef58fe000 JavaThread "Monitor Ctrl-Break" daemon [_thread_in_native, id=43267, stack(0x000070000decc000,0x000070000dfcc000)]
  0x00007f8ef580f800 JavaThread "Service Thread" daemon [_thread_blocked, id=42755, stack(0x000070000dfcf000,0x000070000e0cf000)]
  0x00007f8ef7822000 JavaThread "JavaFX Application Thread" daemon [_thread_in_native, id=775, stack(0x00007ffee1db8000,0x00007ffee25b8000)]
  0x00007f8ef70b9800 JavaThread "AWT-Shutdown" [_thread_blocked, id=35843, stack(0x000070000e1d5000,0x000070000e2d5000)]
  0x00007f8efb800000 JavaThread "Timer-0" daemon [_thread_blocked, id=75783, stack(0x000070000e879000,0x000070000e979000)]
  0x00007f8ef70ed800 JavaThread "AWT-EventQueue-0" [_thread_blocked, id=57091, stack(0x000070000ea7f000,0x000070000eb7f000)]
  0x00007f8ef785b000 JavaThread "Thread-4" [_thread_blocked, id=56839, stack(0x000070000e97c000,0x000070000ea7c000)]
  0x00007f8ef7800800 JavaThread "DestroyJavaVM" [_thread_blocked, id=9987, stack(0x000070000d1a2000,0x000070000d2a2000)]
  0x00007f8ef5920800 JavaThread "Java2D Queue Flusher" daemon [_thread_in_native, id=74503, stack(0x000070000eb82000,0x000070000ec82000)]
  0x00007f8ef5129000 JavaThread "Attach Listener" daemon [_thread_blocked, id=58627, stack(0x000070000ec85000,0x000070000ed85000)]
  0x00007f8ef5248800 JavaThread "Java2D Disposer" daemon [_thread_blocked, id=70919, stack(0x000070000ed88000,0x000070000ee88000)]
  0x00007f8ef71a9800 JavaThread "EDT" [_thread_blocked, id=129027, stack(0x000070000f8a9000,0x000070000f9a9000)]
  0x00007f8ef7246000 JavaThread "Network Thread" [_thread_in_native, id=92439, stack(0x000070000f9ac000,0x000070000faac000)]
  0x00007f8ef75f4800 JavaThread "Network Thread" [_thread_blocked, id=128267, stack(0x000070000faaf000,0x000070000fbaf000)]
  0x00007f8ef5385800 JavaThread "invokeAndBlock1" [_thread_blocked, id=125699, stack(0x000070000fdb8000,0x000070000feb8000)]
  0x00007f8ef53cc000 JavaThread "QuantumRenderer-0" daemon [_thread_blocked, id=88935, stack(0x000070000e2d8000,0x000070000e3d8000)]
  0x00007f8efd036800 JavaThread "InvokeLaterDispatcher" daemon [_thread_blocked, id=22535, stack(0x000070000e3db000,0x000070000e4db000)]
  0x00007f8ef53dd000 JavaThread "Thread-6" daemon [_thread_in_native, id=30735, stack(0x000070000d8b7000,0x000070000d937000)]
  0x00007f8ef737d000 JavaThread "Prism Font Disposer" daemon [_thread_blocked, id=123907, stack(0x000070000f7a6000,0x000070000f8a6000)]
  0x00007f8ef7a75800 JavaThread "Disposer" daemon [_thread_blocked, id=94467, stack(0x000070000febb000,0x000070000ffbb000)]
  0x00007f8ef7376000 JavaThread "URL-Loader-1" daemon [_thread_blocked, id=96771, stack(0x00007000102d0000,0x00007000103d0000)]
  0x00007f8ef6c4e800 JavaThread "URL-Loader-2" daemon [_thread_blocked, id=97291, stack(0x00007000103d3000,0x00007000104d3000)]
  0x00007f8ef6c4b000 JavaThread "URL-Loader-3" daemon [_thread_blocked, id=121603, stack(0x00007000104d6000,0x00007000105d6000)]
  0x00007f8ef6c4c000 JavaThread "URL-Loader-4" daemon [_thread_blocked, id=98307, stack(0x00007000105d9000,0x00007000106d9000)]
  0x00007f8ef53e8000 JavaThread "URL-Loader-5" daemon [_thread_blocked, id=120835, stack(0x00007000106dc000,0x00007000107dc000)]
  0x00007f8efd0c0000 JavaThread "URL-Loader-6" daemon [_thread_blocked, id=99075, stack(0x00007000107df000,0x00007000108df000)]
  0x00007f8efd413800 JavaThread "URL-Loader-7" daemon [_thread_blocked, id=99843, stack(0x00007000108e2000,0x00007000109e2000)]
  0x00007f8efd0b7800 JavaThread "URL-Loader-8" daemon [_thread_blocked, id=120323, stack(0x00007000109e5000,0x0000700010ae5000)]
  0x00007f8ef69c4800 JavaThread "URL-Loader-9" daemon [_thread_blocked, id=119811, stack(0x0000700010ae8000,0x0000700010be8000)]
  0x00007f8ef69c5800 JavaThread "URL-Loader-10" daemon [_thread_blocked, id=100611, stack(0x0000700010beb000,0x0000700010ceb000)]
  0x00007f8ef78f2800 JavaThread "URL-Loader-11" daemon [_thread_blocked, id=100867, stack(0x0000700010cee000,0x0000700010dee000)]
  0x00007f8efd297800 JavaThread "URL-Loader-12" daemon [_thread_blocked, id=101635, stack(0x0000700010df1000,0x0000700010ef1000)]
  0x00007f8ef69c6800 JavaThread "URL-Loader-13" daemon [_thread_blocked, id=101891, stack(0x0000700010ef4000,0x0000700010ff4000)]
  0x00007f8ef53eb800 JavaThread "URL-Loader-14" daemon [_thread_blocked, id=102403, stack(0x0000700010ff7000,0x00007000110f7000)]
  0x00007f8efd28d800 JavaThread "URL-Loader-15" daemon [_thread_blocked, id=102659, stack(0x00007000110fa000,0x00007000111fa000)]
  0x00007f8ef7377000 JavaThread "URL-Loader-16" daemon [_thread_blocked, id=103431, stack(0x00007000111fd000,0x00007000112fd000)]
  0x00007f8ef53fc800 JavaThread "URL-Loader-17" daemon [_thread_blocked, id=103203, stack(0x0000700011300000,0x0000700011400000)]
  0x00007f8ef53a4000 JavaThread "URL-Loader-18" daemon [_thread_blocked, id=104195, stack(0x0000700011403000,0x0000700011503000)]
  0x00007f8ef6c66800 JavaThread "URL-Loader-19" daemon [_thread_blocked, id=105475, stack(0x0000700011609000,0x0000700011709000)]
  0x00007f8efd296000 JavaThread "URL-Loader-20" daemon [_thread_blocked, id=117019, stack(0x0000700011506000,0x0000700011606000)]
  0x00007f8efd412000 JavaThread "Keep-Alive-Timer" daemon [_thread_blocked, id=105999, stack(0x000070001170c000,0x000070001180c000)]
=>0x00007f8ef74fe800 JavaThread "Thread-8" daemon [_thread_in_vm, id=47415, stack(0x0000700011998000,0x0000700011a18000)]

Other Threads:
  0x00007f8ef5811000 VMThread "VM Thread" [stack: 0x000070000d5ae000,0x000070000d6ae000] [id=12291]
  0x00007f8ef882b800 WatcherThread [stack: 0x000070000e0d2000,0x000070000e1d2000] [id=22275]
  0x00007f8ef7801800 GCTaskThread "GC Thread#0" [stack: 0x000070000d2a5000,0x000070000d3a5000] [id=11267]
  0x00007f8ef52db000 GCTaskThread "GC Thread#1" [stack: 0x000070000ee8b000,0x000070000ef8b000] [id=73807]
  0x00007f8ef5260800 GCTaskThread "GC Thread#2" [stack: 0x000070000ef8e000,0x000070000f08e000] [id=67599]
  0x00007f8ef709e000 GCTaskThread "GC Thread#3" [stack: 0x000070000f091000,0x000070000f191000] [id=66819]
  0x00007f8ef7225800 GCTaskThread "GC Thread#4" [stack: 0x000070000f194000,0x000070000f294000] [id=66307]
  0x00007f8ef721d800 GCTaskThread "GC Thread#5" [stack: 0x000070000f297000,0x000070000f397000] [id=66051]
  0x00007f8ef7204000 GCTaskThread "GC Thread#6" [stack: 0x000070000f39a000,0x000070000f49a000] [id=65795]
  0x00007f8ef71c4000 GCTaskThread "GC Thread#7" [stack: 0x000070000f49d000,0x000070000f59d000] [id=65283]
  0x00007f8ef525b000 GCTaskThread "GC Thread#8" [stack: 0x000070000fbb2000,0x000070000fcb2000] [id=126255]
  0x00007f8ef6d98000 GCTaskThread "GC Thread#9" [stack: 0x000070000fcb5000,0x000070000fdb5000] [id=92931]
  0x00007f8ef6802800 ConcurrentGCThread "CMS Main Thread" [stack: 0x000070000d4ab000,0x000070000d5ab000] [id=12035]
  0x00007f8ef580a000 GCTaskThread "CMS Thread#0" [stack: 0x000070000d3a8000,0x000070000d4a8000] [id=11779]
  0x00007f8efa002000 GCTaskThread "CMS Thread#1" [stack: 0x000070000f5a0000,0x000070000f6a0000] [id=71951]
  0x00007f8ef7945800 GCTaskThread "CMS Thread#2" [stack: 0x000070000f6a3000,0x000070000f7a3000] [id=64003]

Threads with active compile tasks:
C2 CompilerThread0  11665 5451       4       sun.java2d.marlin.MarlinTileGenerator::getAlphaRLE (1749 bytes)

VM state:not at safepoint (normal execution)

VM Mutex/Monitor currently owned by a thread: None

Heap address: 0x0000000780000000, size: 2048 MB, Compressed Oops mode: Zero based, Oop shift amount: 3
Narrow klass base: 0x0000000800000000, Narrow klass shift: 0
Compressed class space size: 1073741824 Address: 0x0000000800000000

Heap:
 par new generation   total 39296K, used 24010K [0x0000000780000000, 0x0000000782aa0000, 0x00000007aaaa0000)
  eden space 34944K,  56% used [0x0000000780000000, 0x0000000781332ac0, 0x0000000782220000)
  from space 4352K, 100% used [0x0000000782220000, 0x0000000782660000, 0x0000000782660000)
  to   space 4352K,   0% used [0x0000000782660000, 0x0000000782660000, 0x0000000782aa0000)
 concurrent mark-sweep generation total 113148K, used 67887K [0x00000007aaaa0000, 0x00000007b191f000, 0x0000000800000000)
 Metaspace       used 45064K, capacity 46358K, committed 46520K, reserved 1089536K
  class space    used 5343K, capacity 5866K, committed 5948K, reserved 1048576K

Card table byte_map: [0x0000000118554000,0x0000000118955000] _byte_map_base: 0x0000000114954000

Marking Bits: (CMSBitMap*) 0x00007f8ef5809730
 Bits: [0x0000000129749000, 0x000000012ac9e800)

Mod Union Table: (CMSBitMap*) 0x00007f8ef58097d0
 Bits: [0x0000000119600000, 0x0000000119655560)

Polling page: 0x000000010d6c2000

Metaspace:

Usage:
  Non-class:     39.54 MB capacity,    38.79 MB ( 98%) used,   625.38 KB (  2%) free+waste,   145.19 KB ( <1%) overhead. 
      Class:      5.73 MB capacity,     5.22 MB ( 91%) used,   450.34 KB (  8%) free+waste,    72.25 KB (  1%) overhead. 
       Both:     45.27 MB capacity,    44.01 MB ( 97%) used,     1.05 MB (  2%) free+waste,   217.44 KB ( <1%) overhead. 

Virtual space:
  Non-class space:       40.00 MB reserved,      39.62 MB (>99%) committed 
      Class space:        1.00 GB reserved,       5.81 MB ( <1%) committed 
             Both:        1.04 GB reserved,      45.43 MB (  4%) committed 

Chunk freelists:
   Non-Class:  20.00 KB
       Class:  0 bytes
        Both:  20.00 KB

MaxMetaspaceSize: unlimited
CompressedClassSpaceSize: 1.00 GB

CodeHeap 'non-profiled nmethods': size=120036Kb used=1792Kb max_used=1792Kb free=118243Kb
 bounds [0x0000000122210000, 0x0000000122480000, 0x0000000129749000]
CodeHeap 'profiled nmethods': size=120032Kb used=9590Kb max_used=9590Kb free=110441Kb
 bounds [0x000000011acd8000, 0x000000011b648000, 0x0000000122210000]
CodeHeap 'non-nmethods': size=5692Kb used=1535Kb max_used=1562Kb free=4156Kb
 bounds [0x000000011a749000, 0x000000011a9b9000, 0x000000011acd8000]
 total_blobs=7695 nmethods=4849 adapters=984
 compilation: enabled
              stopped_count=0, restarted_count=0
 full_count=0

Compilation events (20 events):
Event: 11.643 Thread 0x00007f8ef6810800 nmethod 5463 0x000000011b634490 code [0x000000011b6347a0, 0x000000011b636208]
Event: 11.643 Thread 0x00007f8ef6810800 5469       3       com.codename1.ui.Container::initComponentImpl (60 bytes)
Event: 11.644 Thread 0x00007f8ef6810800 nmethod 5469 0x000000011b04d390 code [0x000000011b04d5e0, 0x000000011b04e038]
Event: 11.644 Thread 0x00007f8ef6810800 5470       3       com.codename1.ui.ComponentSelector::resultsImpl (69 bytes)
Event: 11.644 Thread 0x00007f8ef6810800 nmethod 5470 0x000000011b500390 code [0x000000011b5005e0, 0x000000011b501198]
Event: 11.644 Thread 0x00007f8ef6810800 5471       3       com.codename1.ui.ComponentSelector::match (117 bytes)
Event: 11.645 Thread 0x00007f8ef6810800 nmethod 5471 0x000000011b636890 code [0x000000011b636b00, 0x000000011b637998]
Event: 11.645 Thread 0x00007f8ef6810800 5465       3       com.codename1.ui.Component::hideNativeOverlay (27 bytes)
Event: 11.645 Thread 0x00007f8ef6810800 nmethod 5465 0x000000011b04cb90 code [0x000000011b04cd60, 0x000000011b04d0d0]
Event: 11.645 Thread 0x00007f8ef6810800 5466       3       com.codename1.ui.Component::paintLockRelease (6 bytes)
Event: 11.645 Thread 0x00007f8ef6810800 nmethod 5466 0x000000011b0f4990 code [0x000000011b0f4b40, 0x000000011b0f4cb0]
Event: 11.645 Thread 0x00007f8ef6810800 5467       3       com.codename1.ui.Component::deinitialize (1 bytes)
Event: 11.645 Thread 0x00007f8ef6810800 nmethod 5467 0x000000011b00ab10 code [0x000000011b00acc0, 0x000000011b00ae10]
Event: 11.645 Thread 0x00007f8ef6810800 5468   !   3       com.codename1.ui.Component::setDirtyRegion (23 bytes)
Event: 11.645 Thread 0x00007f8ef6810800 nmethod 5468 0x000000011b122910 code [0x000000011b122ac0, 0x000000011b122e10]
Event: 11.645 Thread 0x00007f8ef6810800 5473  s    3       java.awt.geom.Path2D::closePath (46 bytes)
Event: 11.645 Thread 0x00007f8ef6810800 nmethod 5473 0x000000011b38d810 code [0x000000011b38d9e0, 0x000000011b38de88]
Event: 11.645 Thread 0x00007f8ef6810800 5475       3       sun.java2d.marlin.DRenderer::quadBreakIntoLinesAndAdd (252 bytes)
Event: 11.646 Thread 0x00007f8ef6810800 nmethod 5475 0x000000011b4b9a10 code [0x000000011b4b9c40, 0x000000011b4ba158]
Event: 11.646 Thread 0x00007f8ef6810800 5476 %     3       sun.java2d.marlin.DRenderer::_endRendering @ 1108 (2480 bytes)

GC Heap History (20 events):
Event: 3.396 GC heap before
{Heap before GC invocations=4 (full 2):
 par new generation   total 39296K, used 26063K [0x0000000780000000, 0x0000000782aa0000, 0x00000007aaaa0000)
  eden space 34944K,  72% used [0x0000000780000000, 0x00000007818a4b58, 0x0000000782220000)
  from space 4352K,  19% used [0x0000000782220000, 0x00000007822ef210, 0x0000000782660000)
  to   space 4352K,   0% used [0x0000000782660000, 0x0000000782660000, 0x0000000782aa0000)
 concurrent mark-sweep generation total 101820K, used 61090K [0x00000007aaaa0000, 0x00000007b0e0f000, 0x0000000800000000)
 Metaspace       used 22254K, capacity 22829K, committed 23168K, reserved 1069056K
  class space    used 2442K, capacity 2661K, committed 2688K, reserved 1048576K
}
Event: 3.404 GC heap after
{Heap after GC invocations=5 (full 2):
 par new generation   total 39296K, used 4352K [0x0000000780000000, 0x0000000782aa0000, 0x00000007aaaa0000)
  eden space 34944K,   0% used [0x0000000780000000, 0x0000000780000000, 0x0000000782220000)
  from space 4352K, 100% used [0x0000000782660000, 0x0000000782aa0000, 0x0000000782aa0000)
  to   space 4352K,   0% used [0x0000000782220000, 0x0000000782220000, 0x0000000782660000)
 concurrent mark-sweep generation total 101820K, used 74953K [0x00000007aaaa0000, 0x00000007b0e0f000, 0x0000000800000000)
 Metaspace       used 22254K, capacity 22829K, committed 23168K, reserved 1069056K
  class space    used 2442K, capacity 2661K, committed 2688K, reserved 1048576K
}
Event: 6.421 GC heap before
{Heap before GC invocations=5 (full 3):
 par new generation   total 39296K, used 36354K [0x0000000780000000, 0x0000000782aa0000, 0x00000007aaaa0000)
  eden space 34944K,  91% used [0x0000000780000000, 0x0000000781f40a20, 0x0000000782220000)
  from space 4352K, 100% used [0x0000000782660000, 0x0000000782aa0000, 0x0000000782aa0000)
  to   space 4352K,   0% used [0x0000000782220000, 0x0000000782220000, 0x0000000782660000)
 concurrent mark-sweep generation total 101820K, used 74953K [0x00000007aaaa0000, 0x00000007b0e0f000, 0x0000000800000000)
 Metaspace       used 24860K, capacity 25465K, committed 25856K, reserved 1073152K
  class space    used 2760K, capacity 2985K, committed 3072K, reserved 1048576K
}
Event: 6.425 GC heap after
{Heap after GC invocations=6 (full 3):
 par new generation   total 39296K, used 4326K [0x0000000780000000, 0x0000000782aa0000, 0x00000007aaaa0000)
  eden space 34944K,   0% used [0x0000000780000000, 0x0000000780000000, 0x0000000782220000)
  from space 4352K,  99% used [0x0000000782220000, 0x0000000782659840, 0x0000000782660000)
  to   space 4352K,   0% used [0x0000000782660000, 0x0000000782660000, 0x0000000782aa0000)
 concurrent mark-sweep generation total 101820K, used 82109K [0x00000007aaaa0000, 0x00000007b0e0f000, 0x0000000800000000)
 Metaspace       used 24860K, capacity 25465K, committed 25856K, reserved 1073152K
  class space    used 2760K, capacity 2985K, committed 3072K, reserved 1048576K
}
Event: 6.571 GC heap before
{Heap before GC invocations=6 (full 3):
 par new generation   total 39296K, used 39270K [0x0000000780000000, 0x0000000782aa0000, 0x00000007aaaa0000)
  eden space 34944K, 100% used [0x0000000780000000, 0x0000000782220000, 0x0000000782220000)
  from space 4352K,  99% used [0x0000000782220000, 0x0000000782659840, 0x0000000782660000)
  to   space 4352K,   0% used [0x0000000782660000, 0x0000000782660000, 0x0000000782aa0000)
 concurrent mark-sweep generation total 101820K, used 82109K [0x00000007aaaa0000, 0x00000007b0e0f000, 0x0000000800000000)
 Metaspace       used 24938K, capacity 25552K, committed 25856K, reserved 1073152K
  class space    used 2765K, capacity 2995K, committed 3072K, reserved 1048576K
}
Event: 6.573 GC heap after
{Heap after GC invocations=7 (full 3):
 par new generation   total 39296K, used 4352K [0x0000000780000000, 0x0000000782aa0000, 0x00000007aaaa0000)
  eden space 34944K,   0% used [0x0000000780000000, 0x0000000780000000, 0x0000000782220000)
  from space 4352K, 100% used [0x0000000782660000, 0x0000000782aa0000, 0x0000000782aa0000)
  to   space 4352K,   0% used [0x0000000782220000, 0x0000000782220000, 0x0000000782660000)
 concurrent mark-sweep generation total 101820K, used 89998K [0x00000007aaaa0000, 0x00000007b0e0f000, 0x0000000800000000)
 Metaspace       used 24938K, capacity 25552K, committed 25856K, reserved 1073152K
  class space    used 2765K, capacity 2995K, committed 3072K, reserved 1048576K
}
Event: 7.326 GC heap before
{Heap before GC invocations=7 (full 3):
 par new generation   total 39296K, used 39169K [0x0000000780000000, 0x0000000782aa0000, 0x00000007aaaa0000)
  eden space 34944K,  99% used [0x0000000780000000, 0x00000007822006b0, 0x0000000782220000)
  from space 4352K, 100% used [0x0000000782660000, 0x0000000782aa0000, 0x0000000782aa0000)
  to   space 4352K,   0% used [0x0000000782220000, 0x0000000782220000, 0x0000000782660000)
 concurrent mark-sweep generation total 101820K, used 56340K [0x00000007aaaa0000, 0x00000007b0e0f000, 0x0000000800000000)
 Metaspace       used 25525K, capacity 26171K, committed 26624K, reserved 1073152K
  class space    used 2792K, capacity 3031K, committed 3072K, reserved 1048576K
}
Event: 7.327 GC heap after
{Heap after GC invocations=8 (full 3):
 par new generation   total 39296K, used 543K [0x0000000780000000, 0x0000000782aa0000, 0x00000007aaaa0000)
  eden space 34944K,   0% used [0x0000000780000000, 0x0000000780000000, 0x0000000782220000)
  from space 4352K,  12% used [0x0000000782220000, 0x00000007822a7e10, 0x0000000782660000)
  to   space 4352K,   0% used [0x0000000782660000, 0x0000000782660000, 0x0000000782aa0000)
 concurrent mark-sweep generation total 101820K, used 59877K [0x00000007aaaa0000, 0x00000007b0e0f000, 0x0000000800000000)
 Metaspace       used 25525K, capacity 26171K, committed 26624K, reserved 1073152K
  class space    used 2792K, capacity 3031K, committed 3072K, reserved 1048576K
}
Event: 7.751 GC heap before
{Heap before GC invocations=8 (full 3):
 par new generation   total 39296K, used 35357K [0x0000000780000000, 0x0000000782aa0000, 0x00000007aaaa0000)
  eden space 34944K,  99% used [0x0000000780000000, 0x00000007821ff818, 0x0000000782220000)
  from space 4352K,  12% used [0x0000000782220000, 0x00000007822a7e10, 0x0000000782660000)
  to   space 4352K,   0% used [0x0000000782660000, 0x0000000782660000, 0x0000000782aa0000)
 concurrent mark-sweep generation total 101820K, used 59877K [0x00000007aaaa0000, 0x00000007b0e0f000, 0x0000000800000000)
 Metaspace       used 25628K, capacity 26235K, committed 26624K, reserved 1073152K
  class space    used 2792K, capacity 3031K, committed 3072K, reserved 1048576K
}
Event: 7.751 GC heap after
{Heap after GC invocations=9 (full 3):
 par new generation   total 39296K, used 746K [0x0000000780000000, 0x0000000782aa0000, 0x00000007aaaa0000)
  eden space 34944K,   0% used [0x0000000780000000, 0x0000000780000000, 0x0000000782220000)
  from space 4352K,  17% used [0x0000000782660000, 0x000000078271ab60, 0x0000000782aa0000)
  to   space 4352K,   0% used [0x0000000782220000, 0x0000000782220000, 0x0000000782660000)
 concurrent mark-sweep generation total 101820K, used 59877K [0x00000007aaaa0000, 0x00000007b0e0f000, 0x0000000800000000)
 Metaspace       used 25628K, capacity 26235K, committed 26624K, reserved 1073152K
  class space    used 2792K, capacity 3031K, committed 3072K, reserved 1048576K
}
Event: 9.594 GC heap before
{Heap before GC invocations=9 (full 3):
 par new generation   total 39296K, used 35690K [0x0000000780000000, 0x0000000782aa0000, 0x00000007aaaa0000)
  eden space 34944K, 100% used [0x0000000780000000, 0x0000000782220000, 0x0000000782220000)
  from space 4352K,  17% used [0x0000000782660000, 0x000000078271ab60, 0x0000000782aa0000)
  to   space 4352K,   0% used [0x0000000782220000, 0x0000000782220000, 0x0000000782660000)
 concurrent mark-sweep generation total 101820K, used 59877K [0x00000007aaaa0000, 0x00000007b0e0f000, 0x0000000800000000)
 Metaspace       used 31151K, capacity 31972K, committed 32256K, reserved 1077248K
  class space    used 3431K, capacity 3727K, committed 3840K, reserved 1048576K
}
Event: 9.596 GC heap after
{Heap after GC invocations=10 (full 3):
 par new generation   total 39296K, used 4273K [0x0000000780000000, 0x0000000782aa0000, 0x00000007aaaa0000)
  eden space 34944K,   0% used [0x0000000780000000, 0x0000000780000000, 0x0000000782220000)
  from space 4352K,  98% used [0x0000000782220000, 0x000000078264c638, 0x0000000782660000)
  to   space 4352K,   0% used [0x0000000782660000, 0x0000000782660000, 0x0000000782aa0000)
 concurrent mark-sweep generation total 101820K, used 67180K [0x00000007aaaa0000, 0x00000007b0e0f000, 0x0000000800000000)
 Metaspace       used 31151K, capacity 31972K, committed 32256K, reserved 1077248K
  class space    used 3431K, capacity 3727K, committed 3840K, reserved 1048576K
}
Event: 10.033 GC heap before
{Heap before GC invocations=10 (full 3):
 par new generation   total 39296K, used 39217K [0x0000000780000000, 0x0000000782aa0000, 0x00000007aaaa0000)
  eden space 34944K, 100% used [0x0000000780000000, 0x0000000782220000, 0x0000000782220000)
  from space 4352K,  98% used [0x0000000782220000, 0x000000078264c638, 0x0000000782660000)
  to   space 4352K,   0% used [0x0000000782660000, 0x0000000782660000, 0x0000000782aa0000)
 concurrent mark-sweep generation total 101820K, used 67180K [0x00000007aaaa0000, 0x00000007b0e0f000, 0x0000000800000000)
 Metaspace       used 38821K, capacity 39657K, committed 39936K, reserved 1085440K
  class space    used 4544K, capacity 4862K, committed 4864K, reserved 1048576K
}
Event: 10.039 GC heap after
{Heap after GC invocations=11 (full 3):
 par new generation   total 39296K, used 4352K [0x0000000780000000, 0x0000000782aa0000, 0x00000007aaaa0000)
  eden space 34944K,   0% used [0x0000000780000000, 0x0000000780000000, 0x0000000782220000)
  from space 4352K, 100% used [0x0000000782660000, 0x0000000782aa0000, 0x0000000782aa0000)
  to   space 4352K,   0% used [0x0000000782220000, 0x0000000782220000, 0x0000000782660000)
 concurrent mark-sweep generation total 101820K, used 70654K [0x00000007aaaa0000, 0x00000007b0e0f000, 0x0000000800000000)
 Metaspace       used 38821K, capacity 39657K, committed 39936K, reserved 1085440K
  class space    used 4544K, capacity 4862K, committed 4864K, reserved 1048576K
}
Event: 10.361 GC heap before
{Heap before GC invocations=11 (full 3):
 par new generation   total 39296K, used 39296K [0x0000000780000000, 0x0000000782aa0000, 0x00000007aaaa0000)
  eden space 34944K, 100% used [0x0000000780000000, 0x0000000782220000, 0x0000000782220000)
  from space 4352K, 100% used [0x0000000782660000, 0x0000000782aa0000, 0x0000000782aa0000)
  to   space 4352K,   0% used [0x0000000782220000, 0x0000000782220000, 0x0000000782660000)
 concurrent mark-sweep generation total 101820K, used 70772K [0x00000007aaaa0000, 0x00000007b0e0f000, 0x0000000800000000)
 Metaspace       used 43559K, capacity 44778K, committed 45012K, reserved 1089536K
  class space    used 5237K, capacity 5751K, committed 5820K, reserved 1048576K
}
Event: 10.365 GC heap after
{Heap after GC invocations=12 (full 3):
 par new generation   total 39296K, used 3664K [0x0000000780000000, 0x0000000782aa0000, 0x00000007aaaa0000)
  eden space 34944K,   0% used [0x0000000780000000, 0x0000000780000000, 0x0000000782220000)
  from space 4352K,  84% used [0x0000000782220000, 0x00000007825b4160, 0x0000000782660000)
  to   space 4352K,   0% used [0x0000000782660000, 0x0000000782660000, 0x0000000782aa0000)
 concurrent mark-sweep generation total 101820K, used 74228K [0x00000007aaaa0000, 0x00000007b0e0f000, 0x0000000800000000)
 Metaspace       used 43559K, capacity 44778K, committed 45012K, reserved 1089536K
  class space    used 5237K, capacity 5751K, committed 5820K, reserved 1048576K
}
Event: 10.609 GC heap before
{Heap before GC invocations=12 (full 4):
 par new generation   total 39296K, used 38651K [0x0000000780000000, 0x0000000782aa0000, 0x00000007aaaa0000)
  eden space 34944K, 100% used [0x0000000780000000, 0x0000000782220000, 0x0000000782220000)
  from space 4352K,  85% used [0x0000000782220000, 0x00000007825becb8, 0x0000000782660000)
  to   space 4352K,   0% used [0x0000000782660000, 0x0000000782660000, 0x0000000782aa0000)
 concurrent mark-sweep generation total 101820K, used 75199K [0x00000007aaaa0000, 0x00000007b0e0f000, 0x0000000800000000)
 Metaspace       used 44265K, capacity 45519K, committed 45752K, reserved 1089536K
  class space    used 5288K, capacity 5823K, committed 5948K, reserved 1048576K
}
Event: 10.611 GC heap after
{Heap after GC invocations=13 (full 4):
 par new generation   total 39296K, used 4351K [0x0000000780000000, 0x0000000782aa0000, 0x00000007aaaa0000)
  eden space 34944K,   0% used [0x0000000780000000, 0x0000000780000000, 0x0000000782220000)
  from space 4352K,  99% used [0x0000000782660000, 0x0000000782a9fff8, 0x0000000782aa0000)
  to   space 4352K,   0% used [0x0000000782220000, 0x0000000782220000, 0x0000000782660000)
 concurrent mark-sweep generation total 101820K, used 75307K [0x00000007aaaa0000, 0x00000007b0e0f000, 0x0000000800000000)
 Metaspace       used 44265K, capacity 45519K, committed 45752K, reserved 1089536K
  class space    used 5288K, capacity 5823K, committed 5948K, reserved 1048576K
}
Event: 11.224 GC heap before
{Heap before GC invocations=13 (full 4):
 par new generation   total 39296K, used 39295K [0x0000000780000000, 0x0000000782aa0000, 0x00000007aaaa0000)
  eden space 34944K, 100% used [0x0000000780000000, 0x0000000782220000, 0x0000000782220000)
  from space 4352K,  99% used [0x0000000782660000, 0x0000000782a9fff8, 0x0000000782aa0000)
  to   space 4352K,   0% used [0x0000000782220000, 0x0000000782220000, 0x0000000782660000)
 concurrent mark-sweep generation total 101820K, used 59964K [0x00000007aaaa0000, 0x00000007b0e0f000, 0x0000000800000000)
 Metaspace       used 44778K, capacity 46009K, committed 46264K, reserved 1089536K
  class space    used 5315K, capacity 5838K, committed 5948K, reserved 1048576K
}
Event: 11.227 GC heap after
{Heap after GC invocations=14 (full 4):
 par new generation   total 39296K, used 4352K [0x0000000780000000, 0x0000000782aa0000, 0x00000007aaaa0000)
  eden space 34944K,   0% used [0x0000000780000000, 0x0000000780000000, 0x0000000782220000)
  from space 4352K, 100% used [0x0000000782220000, 0x0000000782660000, 0x0000000782660000)
  to   space 4352K,   0% used [0x0000000782660000, 0x0000000782660000, 0x0000000782aa0000)
 concurrent mark-sweep generation total 101820K, used 68137K [0x00000007aaaa0000, 0x00000007b0e0f000, 0x0000000800000000)
 Metaspace       used 44778K, capacity 46009K, committed 46264K, reserved 1089536K
  class space    used 5315K, capacity 5838K, committed 5948K, reserved 1048576K
}

Deoptimization events (20 events):
Event: 11.379 Thread 0x00007f8efd297800 DEOPT PACKING pc=0x000000011b37ce81 sp=0x0000700010eeea50
Event: 11.379 Thread 0x00007f8efd297800 DEOPT UNPACKING pc=0x000000011a77113a sp=0x0000700010eedf18 mode 0
Event: 11.533 Thread 0x00007f8ef71a9800 Uncommon trap: trap_request=0xffffff4d fr.pc=0x000000012232aec8 relative=0x0000000000001068
Event: 11.533 Thread 0x00007f8ef71a9800 Uncommon trap: reason=unstable_if action=reinterpret pc=0x000000012232aec8 method=java.awt.ColorPaintContext.getRaster(IIII)Ljava/awt/image/Raster; @ 17 c2
Event: 11.533 Thread 0x00007f8ef71a9800 DEOPT PACKING pc=0x000000012232aec8 sp=0x000070000f9a7a80
Event: 11.533 Thread 0x00007f8ef71a9800 DEOPT UNPACKING pc=0x000000011a771325 sp=0x000070000f9a7a60 mode 2
Event: 11.577 Thread 0x00007f8ef71a9800 DEOPT PACKING pc=0x000000011b19152e sp=0x000070000f9a7ca0
Event: 11.577 Thread 0x00007f8ef71a9800 DEOPT UNPACKING pc=0x000000011a77113a sp=0x000070000f9a70c0 mode 0
Event: 11.645 Thread 0x00007f8ef71a9800 Uncommon trap: trap_request=0xffffff4d fr.pc=0x000000012234aafc relative=0x00000000000017bc
Event: 11.645 Thread 0x00007f8ef71a9800 Uncommon trap: reason=unstable_if action=reinterpret pc=0x000000012234aafc method=sun.java2d.marlin.DRenderer._endRendering(II)V @ 717 c2
Event: 11.645 Thread 0x00007f8ef71a9800 DEOPT PACKING pc=0x000000012234aafc sp=0x000070000f9a5cf0
Event: 11.645 Thread 0x00007f8ef71a9800 DEOPT UNPACKING pc=0x000000011a771325 sp=0x000070000f9a5b08 mode 2
Event: 11.646 Thread 0x00007f8ef71a9800 Uncommon trap: trap_request=0xffffff4d fr.pc=0x0000000122341044 relative=0x00000000000029c4
Event: 11.646 Thread 0x00007f8ef71a9800 Uncommon trap: reason=unstable_if action=reinterpret pc=0x0000000122341044 method=sun.java2d.marlin.DRenderer._endRendering(II)V @ 767 c2
Event: 11.646 Thread 0x00007f8ef71a9800 DEOPT PACKING pc=0x0000000122341044 sp=0x000070000f9a5c60
Event: 11.646 Thread 0x00007f8ef71a9800 DEOPT UNPACKING pc=0x000000011a771325 sp=0x000070000f9a5b08 mode 2
Event: 11.647 Thread 0x00007f8ef71a9800 Uncommon trap: trap_request=0xffffff4d fr.pc=0x00000001222d7328 relative=0x0000000000000408
Event: 11.647 Thread 0x00007f8ef71a9800 Uncommon trap: reason=unstable_if action=reinterpret pc=0x00000001222d7328 method=java.awt.geom.AffineTransform.transform([DI[DII)V @ 41 c2
Event: 11.647 Thread 0x00007f8ef71a9800 DEOPT PACKING pc=0x00000001222d7328 sp=0x000070000f9a6560
Event: 11.647 Thread 0x00007f8ef71a9800 DEOPT UNPACKING pc=0x000000011a771325 sp=0x000070000f9a64d0 mode 2

Classes redefined (0 events):
No events

Internal exceptions (20 events):
Event: 10.153 Thread 0x00007f8ef7822000 Exception <a 'sun/nio/fs/UnixException'{0x0000000780d82c88}> (0x0000000780d82c88) thrown at [/corretto/workspace/corretto11-repo/installers/mac/tar/corretto-build/buildRoot/src/src/hotspot/share/prims/jni.cpp, line 615]
Event: 10.166 Thread 0x00007f8ef7822000 Exception <a 'java/lang/NoSuchMethodError'{0x0000000780e918e0}: 'java.lang.Object java.lang.invoke.DirectMethodHandle$Holder.invokeStatic(java.lang.Object, java.lang.Object, java.lang.Object, java.lang.Object, java.lang.Object, java.lang.Object, java.lang
Event: 10.167 Thread 0x00007f8ef7822000 Exception <a 'java/lang/NoSuchMethodError'{0x0000000780eb1c78}: 'java.lang.Object java.lang.invoke.DirectMethodHandle$Holder.invokeStatic(java.lang.Object, java.lang.Object, java.lang.Object, java.lang.Object, java.lang.Object, java.lang.Object, java.lang
Event: 10.168 Thread 0x00007f8ef7822000 Exception <a 'java/lang/NoSuchMethodError'{0x0000000780ebe338}: 'java.lang.Object java.lang.invoke.DirectMethodHandle$Holder.invokeStatic(java.lang.Object, java.lang.Object, java.lang.Object, java.lang.Object, java.lang.Object, java.lang.Object, java.lang
Event: 10.169 Thread 0x00007f8ef7822000 Exception <a 'java/lang/NoSuchMethodError'{0x0000000780ece0a8}: 'java.lang.Object java.lang.invoke.DelegatingMethodHandle$Holder.reinvoke_L(java.lang.Object, long, java.lang.Object)'> (0x0000000780ece0a8) thrown at [/corretto/workspace/corretto11-repo/ins
Event: 10.173 Thread 0x00007f8ef7822000 Exception <a 'java/lang/NoSuchMethodError'{0x0000000780f8c200}: 'java.lang.Object java.lang.invoke.DelegatingMethodHandle$Holder.reinvoke_L(java.lang.Object, java.lang.Object, int, int, long, int, java.lang.Object, java.lang.Object, java.lang.Object, int)
Event: 10.176 Thread 0x00007f8ef7822000 Exception <a 'java/lang/NoSuchMethodError'{0x0000000780feb5f0}: 'java.lang.Object java.lang.invoke.DirectMethodHandle$Holder.invokeSpecial(java.lang.Object, java.lang.Object, int, int, int, long, int, java.lang.Object, java.lang.Object, java.lang.Object, 
Event: 10.176 Thread 0x00007f8ef7822000 Exception <a 'java/lang/NoSuchMethodError'{0x0000000780feee98}: 'java.lang.Object java.lang.invoke.DelegatingMethodHandle$Holder.reinvoke_L(java.lang.Object, int, int, int, long, int, java.lang.Object, java.lang.Object, java.lang.Object, int)'> (0x0000000
Event: 10.176 Thread 0x00007f8ef7822000 Exception <a 'java/lang/NoSuchMethodError'{0x0000000780ff6a98}: 'java.lang.Object java.lang.invoke.DirectMethodHandle$Holder.invokeStatic(java.lang.Object, java.lang.Object, java.lang.Object, java.lang.Object, java.lang.Object, int)'> (0x0000000780ff6a98)
Event: 10.184 Thread 0x00007f8ef7822000 Exception <a 'java/lang/NoSuchMethodError'{0x0000000781150ed0}: 'java.lang.Object java.lang.invoke.DelegatingMethodHandle$Holder.reinvoke_L(java.lang.Object, java.lang.Object, long)'> (0x0000000781150ed0) thrown at [/corretto/workspace/corretto11-repo/ins
Event: 10.349 Thread 0x00007f8ef7822000 Exception <a 'java/lang/NoSuchMethodError'{0x000000078212a008}: 'java.lang.Object java.lang.invoke.DelegatingMethodHandle$Holder.reinvoke_L(java.lang.Object, java.lang.Object, int, int, long, int, int, java.lang.Object, java.lang.Object, int)'> (0x0000000
Event: 10.352 Thread 0x00007f8ef7822000 Exception <a 'java/lang/NoSuchMethodError'{0x0000000782187cb0}: 'java.lang.Object java.lang.invoke.DirectMethodHandle$Holder.invokeSpecial(java.lang.Object, java.lang.Object, int, int, int, long, int, int, java.lang.Object, java.lang.Object, int)'> (0x000
Event: 10.352 Thread 0x00007f8ef7822000 Exception <a 'java/lang/NoSuchMethodError'{0x000000078218b450}: 'java.lang.Object java.lang.invoke.DelegatingMethodHandle$Holder.reinvoke_L(java.lang.Object, int, int, int, long, int, int, java.lang.Object, java.lang.Object, int)'> (0x000000078218b450) th
Event: 10.977 Thread 0x00007f8ef7822000 Exception <a 'java/io/FileNotFoundException'{0x0000000780f1f8d0}> (0x0000000780f1f8d0) thrown at [/corretto/workspace/corretto11-repo/installers/mac/tar/corretto-build/buildRoot/src/src/hotspot/share/prims/jni.cpp, line 615]
Event: 10.977 Thread 0x00007f8ef7822000 Exception <a 'java/io/FileNotFoundException'{0x0000000780f22dd0}> (0x0000000780f22dd0) thrown at [/corretto/workspace/corretto11-repo/installers/mac/tar/corretto-build/buildRoot/src/src/hotspot/share/prims/jni.cpp, line 615]
Event: 10.977 Thread 0x00007f8ef7822000 Exception <a 'java/io/FileNotFoundException'{0x0000000780f23d40}> (0x0000000780f23d40) thrown at [/corretto/workspace/corretto11-repo/installers/mac/tar/corretto-build/buildRoot/src/src/hotspot/share/prims/jni.cpp, line 615]
Event: 10.978 Thread 0x00007f8ef7822000 Exception <a 'java/io/FileNotFoundException'{0x0000000780f370d8}> (0x0000000780f370d8) thrown at [/corretto/workspace/corretto11-repo/installers/mac/tar/corretto-build/buildRoot/src/src/hotspot/share/prims/jni.cpp, line 615]
Event: 11.327 Thread 0x00007f8ef7822000 Exception <a 'java/lang/NoSuchMethodError'{0x000000078074d510}: 'java.lang.Object java.lang.invoke.DirectMethodHandle$Holder.invokeStatic(java.lang.Object, java.lang.Object, java.lang.Object, java.lang.Object, java.lang.Object, java.lang.Object, java.lang
Event: 11.652 Thread 0x00007f8ef74fe800 Exception <a 'java/lang/NoClassDefFoundError'{0x000000078131d778}: com/sun/webkit/FileSystem> (0x000000078131d778) thrown at [/corretto/workspace/corretto11-repo/installers/mac/tar/corretto-build/buildRoot/src/src/hotspot/share/classfile/systemDictionary.
Event: 11.652 Thread 0x00007f8ef74fe800 Exception <a 'java/lang/NoSuchMethodError'{0x000000078131da88}: fwkMakeAllDirectories> (0x000000078131da88) thrown at [/corretto/workspace/corretto11-repo/installers/mac/tar/corretto-build/buildRoot/src/src/hotspot/share/prims/jni.cpp, line 1331]

Events (20 events):
Event: 11.440 Executing VM operation: RevokeBias
Event: 11.440 Executing VM operation: RevokeBias done
Event: 11.440 Executing VM operation: RevokeBias
Event: 11.440 Executing VM operation: RevokeBias done
Event: 11.441 Thread 0x00007f8ef8800800 flushing nmethod 0x000000011b38d810
Event: 11.441 Thread 0x00007f8ef8800800 flushing nmethod 0x000000011b4b9790
Event: 11.441 Thread 0x00007f8ef8800800 flushing nmethod 0x000000011b4c2990
Event: 11.441 Thread 0x00007f8ef8800800 flushing nmethod 0x000000011b4c4510
Event: 11.441 Thread 0x00007f8ef8800800 flushing nmethod 0x000000011b4c4d10
Event: 11.441 Thread 0x00007f8ef8800800 flushing nmethod 0x000000011b4e8010
Event: 11.441 Thread 0x00007f8ef8800800 flushing nmethod 0x000000011b4ff990
Event: 11.442 Thread 0x00007f8ef8800800 flushing nmethod 0x000000011b53e210
Event: 11.530 loading class sun/java2d/pipe/ShapeSpanIterator
Event: 11.530 loading class sun/java2d/pipe/ShapeSpanIterator done
Event: 11.533 Executing VM operation: RevokeBias
Event: 11.533 Executing VM operation: RevokeBias done
Event: 11.652 Protecting memory [0x0000700011998000,0x000070001199c000] with protection modes 0
Event: 11.652 Thread 0x00007f8ef74fe800 Thread added: 0x00007f8ef74fe800
Event: 11.652 loading class com/sun/webkit/FileSystem
Event: 11.652 loading class com/sun/webkit/FileSystem done


Dynamic libraries:
0x00007fff2d7ab000 	/System/Library/Frameworks/Cocoa.framework/Versions/A/Cocoa
0x00007fff3ad77000 	/System/Library/Frameworks/Security.framework/Versions/A/Security
0x00007fff2c736000 	/System/Library/Frameworks/ApplicationServices.framework/Versions/A/ApplicationServices
0x00007fff6515c000 	/usr/lib/libz.1.dylib
0x000000010d64f000 	/Library/Java/JavaVirtualMachines/amazon-corretto-11.jdk/Contents/Home/lib/jli/libjli.dylib
0x00007fff62c2f000 	/usr/lib/libSystem.B.dylib
0x00007fff2b92b000 	/System/Library/Frameworks/AppKit.framework/Versions/C/AppKit
0x00007fff2e22e000 	/System/Library/Frameworks/CoreData.framework/Versions/A/CoreData
0x00007fff30de6000 	/System/Library/Frameworks/Foundation.framework/Versions/C/Foundation
0x00007fff5f4da000 	/System/Library/PrivateFrameworks/UIFoundation.framework/Versions/A/UIFoundation
0x00007fff59cc5000 	/System/Library/PrivateFrameworks/RemoteViewServices.framework/Versions/A/RemoteViewServices
0x00007fff61f6a000 	/System/Library/PrivateFrameworks/XCTTargetBootstrap.framework/Versions/A/XCTTargetBootstrap
0x00007fff2e611000 	/System/Library/Frameworks/CoreDisplay.framework/Versions/A/CoreDisplay
0x00007fff33b5e000 	/System/Library/Frameworks/Metal.framework/Versions/A/Metal
0x00007fff480e6000 	/System/Library/PrivateFrameworks/DesktopServicesPriv.framework/Versions/A/DesktopServicesPriv
0x00007fff63d65000 	/usr/lib/liblangid.dylib
0x00007fff4723d000 	/System/Library/PrivateFrameworks/CoreSVG.framework/Versions/A/CoreSVG
0x00007fff5ca87000 	/System/Library/PrivateFrameworks/SkyLight.framework/Versions/A/SkyLight
0x00007fff2eba3000 	/System/Library/Frameworks/CoreGraphics.framework/Versions/A/CoreGraphics
0x00007fff2a4ca000 	/System/Library/Frameworks/Accelerate.framework/Versions/A/Accelerate
0x00007fff6504d000 	/usr/lib/libxml2.2.dylib
0x00007fff52e04000 	/System/Library/PrivateFrameworks/IconServices.framework/Versions/A/IconServices
0x00007fff315ca000 	/System/Library/Frameworks/IOSurface.framework/Versions/A/IOSurface
0x00007fff62767000 	/usr/lib/libDiagnosticMessagesClient.dylib
0x00007fff47f5f000 	/System/Library/PrivateFrameworks/DFRFoundation.framework/Versions/A/DFRFoundation
0x00007fff63af3000 	/usr/lib/libicucore.A.dylib
0x00007fff2ca68000 	/System/Library/Frameworks/AudioToolbox.framework/Versions/A/AudioToolbox
0x00007fff2cb4a000 	/System/Library/Frameworks/AudioUnit.framework/Versions/A/AudioUnit
0x00007fff62e30000 	/usr/lib/libauto.dylib
0x00007fff47fe0000 	/System/Library/PrivateFrameworks/DataDetectorsCore.framework/Versions/A/DataDetectorsCore
0x00007fff2d2cb000 	/System/Library/Frameworks/Carbon.framework/Versions/A/Frameworks/HIToolbox.framework/Versions/A/HIToolbox
0x00007fff39fa9000 	/System/Library/Frameworks/QuartzCore.framework/Versions/A/QuartzCore
0x00007fff2d60a000 	/System/Library/Frameworks/Carbon.framework/Versions/A/Frameworks/SpeechRecognition.framework/Versions/A/SpeechRecognition
0x00007fff478e5000 	/System/Library/PrivateFrameworks/CoreUI.framework/Versions/A/CoreUI
0x00007fff2dc94000 	/System/Library/Frameworks/CoreAudio.framework/Versions/A/CoreAudio
0x00007fff30aae000 	/System/Library/Frameworks/DiskArbitration.framework/Versions/A/DiskArbitration
0x00007fff54e18000 	/System/Library/PrivateFrameworks/MultitouchSupport.framework/Versions/A/MultitouchSupport
0x00007fff639b9000 	/usr/lib/libenergytrace.dylib
0x00007fff31525000 	/System/Library/Frameworks/IOKit.framework/Versions/A/IOKit
0x00007fff2fb11000 	/System/Library/Frameworks/CoreServices.framework/Versions/A/CoreServices
0x00007fff56f22000 	/System/Library/PrivateFrameworks/PerformanceAnalysis.framework/Versions/A/PerformanceAnalysis
0x00007fff38fdf000 	/System/Library/Frameworks/OpenGL.framework/Versions/A/OpenGL
0x00007fff64a80000 	/usr/lib/libobjc.A.dylib
0x00007fff2d7b9000 	/System/Library/Frameworks/ColorSync.framework/Versions/A/ColorSync
0x00007fff2e721000 	/System/Library/Frameworks/CoreFoundation.framework/Versions/A/CoreFoundation
0x00007fff2f22a000 	/System/Library/Frameworks/CoreImage.framework/Versions/A/CoreImage
0x00007fff30587000 	/System/Library/Frameworks/CoreText.framework/Versions/A/CoreText
0x00007fff31650000 	/System/Library/Frameworks/ImageIO.framework/Versions/A/ImageIO
0x00007fff62f15000 	/usr/lib/libc++.1.dylib
0x00007fff62f91000 	/usr/lib/libcompression.dylib
0x00007fff62aa9000 	/usr/lib/libMobileGestalt.dylib
0x00007fff5e5bc000 	/System/Library/PrivateFrameworks/TextureIO.framework/Versions/A/TextureIO
0x00007fff62d96000 	/usr/lib/libate.dylib
0x00007fff5300d000 	/System/Library/PrivateFrameworks/InternationalSupport.framework/Versions/A/InternationalSupport
0x00007fff65bd2000 	/usr/lib/system/libcache.dylib
0x00007fff65bd8000 	/usr/lib/system/libcommonCrypto.dylib
0x00007fff65be4000 	/usr/lib/system/libcompiler_rt.dylib
0x00007fff65bec000 	/usr/lib/system/libcopyfile.dylib
0x00007fff65bf6000 	/usr/lib/system/libcorecrypto.dylib
0x00007fff65da4000 	/usr/lib/system/libdispatch.dylib
0x00007fff65de6000 	/usr/lib/system/libdyld.dylib
0x00007fff65e1c000 	/usr/lib/system/libkeymgr.dylib
0x00007fff65e2a000 	/usr/lib/system/liblaunch.dylib
0x00007fff65e2b000 	/usr/lib/system/libmacho.dylib
0x00007fff65e31000 	/usr/lib/system/libquarantine.dylib
0x00007fff65e34000 	/usr/lib/system/libremovefile.dylib
0x00007fff65e36000 	/usr/lib/system/libsystem_asl.dylib
0x00007fff65e4e000 	/usr/lib/system/libsystem_blocks.dylib
0x00007fff65e4f000 	/usr/lib/system/libsystem_c.dylib
0x00007fff65ed7000 	/usr/lib/system/libsystem_configuration.dylib
0x00007fff65edb000 	/usr/lib/system/libsystem_coreservices.dylib
0x00007fff65edf000 	/usr/lib/system/libsystem_darwin.dylib
0x00007fff65ee8000 	/usr/lib/system/libsystem_dnssd.dylib
0x00007fff65ef0000 	/usr/lib/system/libsystem_featureflags.dylib
0x00007fff65ef2000 	/usr/lib/system/libsystem_info.dylib
0x00007fff65f6d000 	/usr/lib/system/libsystem_m.dylib
0x00007fff65fb5000 	/usr/lib/system/libsystem_malloc.dylib
0x00007fff65fdd000 	/usr/lib/system/libsystem_networkextension.dylib
0x00007fff65feb000 	/usr/lib/system/libsystem_notify.dylib
0x00007fff6600a000 	/usr/lib/system/libsystem_sandbox.dylib
0x00007fff6600f000 	/usr/lib/system/libsystem_secinit.dylib
0x00007fff65f40000 	/usr/lib/system/libsystem_kernel.dylib
0x00007fff65ff5000 	/usr/lib/system/libsystem_platform.dylib
0x00007fff65fff000 	/usr/lib/system/libsystem_pthread.dylib
0x00007fff66012000 	/usr/lib/system/libsystem_symptoms.dylib
0x00007fff6601a000 	/usr/lib/system/libsystem_trace.dylib
0x00007fff66032000 	/usr/lib/system/libunwind.dylib
0x00007fff66038000 	/usr/lib/system/libxpc.dylib
0x00007fff62f69000 	/usr/lib/libc++abi.dylib
0x00007fff63d67000 	/usr/lib/liblzma.5.dylib
0x00007fff639e1000 	/usr/lib/libfakelink.dylib
0x00007fff62d23000 	/usr/lib/libarchive.2.dylib
0x00007fff3bf17000 	/System/Library/Frameworks/SystemConfiguration.framework/Versions/A/SystemConfiguration
0x00007fff62698000 	/usr/lib/libCRFSuite.dylib
0x00007fff2cec0000 	/System/Library/Frameworks/CFNetwork.framework/Versions/A/CFNetwork
0x00007fff62ef7000 	/usr/lib/libbsm.0.dylib
0x00007fff65e1d000 	/usr/lib/system/libkxld.dylib
0x00007fff41a21000 	/System/Library/PrivateFrameworks/AppleFSCompression.framework/Versions/A/AppleFSCompression
0x00007fff63278000 	/usr/lib/libcoretls.dylib
0x00007fff6328f000 	/usr/lib/libcoretls_cfhelpers.dylib
0x00007fff64ac4000 	/usr/lib/libpam.2.dylib
0x00007fff64bf7000 	/usr/lib/libsqlite3.dylib
0x00007fff6503a000 	/usr/lib/libxar.1.dylib
0x00007fff62f08000 	/usr/lib/libbz2.1.0.dylib
0x00007fff63a02000 	/usr/lib/libiconv.2.dylib
0x00007fff62f7e000 	/usr/lib/libcharset.1.dylib
0x00007fff6456b000 	/usr/lib/libnetwork.dylib
0x00007fff64acb000 	/usr/lib/libpcap.A.dylib
0x00007fff62cd8000 	/usr/lib/libapple_nghttp2.dylib
0x00007fff2fec8000 	/System/Library/Frameworks/CoreServices.framework/Versions/A/Frameworks/FSEvents.framework/Versions/A/FSEvents
0x00007fff2fb98000 	/System/Library/Frameworks/CoreServices.framework/Versions/A/Frameworks/CarbonCore.framework/Versions/A/CarbonCore
0x00007fff3010b000 	/System/Library/Frameworks/CoreServices.framework/Versions/A/Frameworks/Metadata.framework/Versions/A/Metadata
0x00007fff301a4000 	/System/Library/Frameworks/CoreServices.framework/Versions/A/Frameworks/OSServices.framework/Versions/A/OSServices
0x00007fff301d2000 	/System/Library/Frameworks/CoreServices.framework/Versions/A/Frameworks/SearchKit.framework/Versions/A/SearchKit
0x00007fff2fb12000 	/System/Library/Frameworks/CoreServices.framework/Versions/A/Frameworks/AE.framework/Versions/A/AE
0x00007fff2fed1000 	/System/Library/Frameworks/CoreServices.framework/Versions/A/Frameworks/LaunchServices.framework/Versions/A/LaunchServices
0x00007fff2fe7a000 	/System/Library/Frameworks/CoreServices.framework/Versions/A/Frameworks/DictionaryServices.framework/Versions/A/DictionaryServices
0x00007fff3023a000 	/System/Library/Frameworks/CoreServices.framework/Versions/A/Frameworks/SharedFileList.framework/Versions/A/SharedFileList
0x00007fff34e33000 	/System/Library/Frameworks/NetFS.framework/Versions/A/NetFS
0x00007fff55345000 	/System/Library/PrivateFrameworks/NetAuth.framework/Versions/A/NetAuth
0x00007fff62335000 	/System/Library/PrivateFrameworks/login.framework/Versions/A/Frameworks/loginsupport.framework/Versions/A/loginsupport
0x00007fff5e0b7000 	/System/Library/PrivateFrameworks/TCC.framework/Versions/A/TCC
0x00007fff4660c000 	/System/Library/PrivateFrameworks/CoreNLP.framework/Versions/A/CoreNLP
0x00007fff54848000 	/System/Library/PrivateFrameworks/MetadataUtilities.framework/Versions/A/MetadataUtilities
0x00007fff63e3f000 	/usr/lib/libmecabra.dylib
0x00007fff63d97000 	/usr/lib/libmecab.dylib
0x00007fff639f2000 	/usr/lib/libgermantok.dylib
0x00007fff62cbf000 	/usr/lib/libThaiTokenizer.dylib
0x00007fff626d0000 	/usr/lib/libChineseTokenizer.dylib
0x00007fff2a4e2000 	/System/Library/Frameworks/Accelerate.framework/Versions/A/Frameworks/vImage.framework/Versions/A/vImage
0x00007fff2b785000 	/System/Library/Frameworks/Accelerate.framework/Versions/A/Frameworks/vecLib.framework/Versions/A/vecLib
0x00007fff2b6c9000 	/System/Library/Frameworks/Accelerate.framework/Versions/A/Frameworks/vecLib.framework/Versions/A/libvMisc.dylib
0x00007fff2b4ef000 	/System/Library/Frameworks/Accelerate.framework/Versions/A/Frameworks/vecLib.framework/Versions/A/libvDSP.dylib
0x00007fff2ab4e000 	/System/Library/Frameworks/Accelerate.framework/Versions/A/Frameworks/vecLib.framework/Versions/A/libBLAS.dylib
0x00007fff2b0a9000 	/System/Library/Frameworks/Accelerate.framework/Versions/A/Frameworks/vecLib.framework/Versions/A/libLAPACK.dylib
0x00007fff2b44f000 	/System/Library/Frameworks/Accelerate.framework/Versions/A/Frameworks/vecLib.framework/Versions/A/libLinearAlgebra.dylib
0x00007fff2b4dc000 	/System/Library/Frameworks/Accelerate.framework/Versions/A/Frameworks/vecLib.framework/Versions/A/libSparseBLAS.dylib
0x00007fff2b465000 	/System/Library/Frameworks/Accelerate.framework/Versions/A/Frameworks/vecLib.framework/Versions/A/libQuadrature.dylib
0x00007fff2adb8000 	/System/Library/Frameworks/Accelerate.framework/Versions/A/Frameworks/vecLib.framework/Versions/A/libBNNS.dylib
0x00007fff2b46b000 	/System/Library/Frameworks/Accelerate.framework/Versions/A/Frameworks/vecLib.framework/Versions/A/libSparse.dylib
0x00007fff533cc000 	/System/Library/PrivateFrameworks/LanguageModeling.framework/Versions/A/LanguageModeling
0x00007fff45fa8000 	/System/Library/PrivateFrameworks/CoreEmoji.framework/Versions/A/CoreEmoji
0x00007fff534ea000 	/System/Library/PrivateFrameworks/LinguisticData.framework/Versions/A/LinguisticData
0x00007fff5349b000 	/System/Library/PrivateFrameworks/Lexicon.framework/Versions/A/Lexicon
0x00007fff62f7f000 	/usr/lib/libcmph.dylib
0x00007fff37a05000 	/System/Library/Frameworks/OpenDirectory.framework/Versions/A/Frameworks/CFOpenDirectory.framework/Versions/A/CFOpenDirectory
0x00007fff37a22000 	/System/Library/Frameworks/OpenDirectory.framework/Versions/A/OpenDirectory
0x00007fff3fcf0000 	/System/Library/PrivateFrameworks/APFS.framework/Versions/A/APFS
0x00007fff3b0ca000 	/System/Library/Frameworks/SecurityFoundation.framework/Versions/A/SecurityFoundation
0x00007fff65036000 	/usr/lib/libutil.dylib
0x00007fff47295000 	/System/Library/PrivateFrameworks/CoreServicesStore.framework/Versions/A/CoreServicesStore
0x00007fff3b182000 	/System/Library/Frameworks/ServiceManagement.framework/Versions/A/ServiceManagement
0x00007fff431d8000 	/System/Library/PrivateFrameworks/BackgroundTaskManagement.framework/Versions/A/BackgroundTaskManagement
0x00007fff65133000 	/usr/lib/libxslt.1.dylib
0x00007fff42086000 	/System/Library/PrivateFrameworks/AppleSystemInfo.framework/Versions/A/AppleSystemInfo
0x00007fff3186d000 	/System/Library/Frameworks/ImageIO.framework/Versions/A/Resources/libJPEG.dylib
0x00007fff31b2c000 	/System/Library/Frameworks/ImageIO.framework/Versions/A/Resources/libTIFF.dylib
0x00007fff31b0f000 	/System/Library/Frameworks/ImageIO.framework/Versions/A/Resources/libPng.dylib
0x00007fff317ae000 	/System/Library/Frameworks/ImageIO.framework/Versions/A/Resources/libGIF.dylib
0x00007fff317b2000 	/System/Library/Frameworks/ImageIO.framework/Versions/A/Resources/libJP2.dylib
0x00007fff31b2a000 	/System/Library/Frameworks/ImageIO.framework/Versions/A/Resources/libRadiance.dylib
0x00007fff639ba000 	/usr/lib/libexpat.1.dylib
0x00007fff41b7c000 	/System/Library/PrivateFrameworks/AppleJPEG.framework/Versions/A/AppleJPEG
0x00007fff4a502000 	/System/Library/PrivateFrameworks/FontServices.framework/libFontParser.dylib
0x00007fff6138c000 	/System/Library/PrivateFrameworks/WatchdogClient.framework/Versions/A/WatchdogClient
0x00007fff52a59000 	/System/Library/PrivateFrameworks/IOAccelerator.framework/Versions/A/IOAccelerator
0x00007fff33eec000 	/System/Library/Frameworks/MetalPerformanceShaders.framework/Versions/A/MetalPerformanceShaders
0x00007fff4f250000 	/System/Library/PrivateFrameworks/GPUWrangler.framework/Versions/A/GPUWrangler
0x00007fff52a64000 	/System/Library/PrivateFrameworks/IOPresentment.framework/Versions/A/IOPresentment
0x00007fff47f72000 	/System/Library/PrivateFrameworks/DSExternalDisplay.framework/Versions/A/DSExternalDisplay
0x00007fff3838b000 	/System/Library/Frameworks/OpenGL.framework/Versions/A/Libraries/libCoreFSCache.dylib
0x00007fff33c3e000 	/System/Library/Frameworks/MetalPerformanceShaders.framework/Frameworks/MPSCore.framework/Versions/A/MPSCore
0x00007fff33c7b000 	/System/Library/Frameworks/MetalPerformanceShaders.framework/Frameworks/MPSImage.framework/Versions/A/MPSImage
0x00007fff33d3d000 	/System/Library/Frameworks/MetalPerformanceShaders.framework/Frameworks/MPSNeuralNetwork.framework/Versions/A/MPSNeuralNetwork
0x00007fff33d02000 	/System/Library/Frameworks/MetalPerformanceShaders.framework/Frameworks/MPSMatrix.framework/Versions/A/MPSMatrix
0x00007fff33e9d000 	/System/Library/Frameworks/MetalPerformanceShaders.framework/Frameworks/MPSRayIntersector.framework/Versions/A/MPSRayIntersector
0x00007fff33d27000 	/System/Library/Frameworks/MetalPerformanceShaders.framework/Frameworks/MPSNDArray.framework/Versions/A/MPSNDArray
0x00007fff54895000 	/System/Library/PrivateFrameworks/MetalTools.framework/Versions/A/MetalTools
0x00007fff40ea7000 	/System/Library/PrivateFrameworks/AggregateDictionary.framework/Versions/A/AggregateDictionary
0x00007fff45a32000 	/System/Library/PrivateFrameworks/CoreAnalytics.framework/Versions/A/CoreAnalytics
0x00007fff41fa4000 	/System/Library/PrivateFrameworks/AppleSauce.framework/Versions/A/AppleSauce
0x00007fff6298c000 	/usr/lib/libIOReport.dylib
0x00007fff3073c000 	/System/Library/Frameworks/CoreVideo.framework/Versions/A/CoreVideo
0x00007fff506bc000 	/System/Library/PrivateFrameworks/GraphVisualizer.framework/Versions/A/GraphVisualizer
0x00007fff49a83000 	/System/Library/PrivateFrameworks/FaceCore.framework/Versions/A/FaceCore
0x00007fff379ac000 	/System/Library/Frameworks/OpenCL.framework/Versions/A/OpenCL
0x00007fff627ae000 	/usr/lib/libFosl_dynamic.dylib
0x00007fff55d40000 	/System/Library/PrivateFrameworks/OTSVG.framework/Versions/A/OTSVG
0x00007fff2c83b000 	/System/Library/Frameworks/ApplicationServices.framework/Versions/A/Frameworks/ATS.framework/Versions/A/Resources/libFontRegistry.dylib
0x00007fff4a6d3000 	/System/Library/PrivateFrameworks/FontServices.framework/libhvf.dylib
0x00007fff38396000 	/System/Library/Frameworks/OpenGL.framework/Versions/A/Libraries/libGFXShared.dylib
0x00007fff38573000 	/System/Library/Frameworks/OpenGL.framework/Versions/A/Libraries/libGLU.dylib
0x00007fff3839f000 	/System/Library/Frameworks/OpenGL.framework/Versions/A/Libraries/libGL.dylib
0x00007fff383aa000 	/System/Library/Frameworks/OpenGL.framework/Versions/A/Libraries/libGLImage.dylib
0x00007fff38388000 	/System/Library/Frameworks/OpenGL.framework/Versions/A/Libraries/libCVMSPluginSupport.dylib
0x00007fff38391000 	/System/Library/Frameworks/OpenGL.framework/Versions/A/Libraries/libCoreVMClient.dylib
0x00007fff6440d000 	/usr/lib/libncurses.5.4.dylib
0x00007fff2c737000 	/System/Library/Frameworks/ApplicationServices.framework/Versions/A/Frameworks/ATS.framework/Versions/A/ATS
0x00007fff2c904000 	/System/Library/Frameworks/ApplicationServices.framework/Versions/A/Frameworks/ColorSyncLegacy.framework/Versions/A/ColorSyncLegacy
0x00007fff2c9a3000 	/System/Library/Frameworks/ApplicationServices.framework/Versions/A/Frameworks/HIServices.framework/Versions/A/HIServices
0x00007fff2c9fa000 	/System/Library/Frameworks/ApplicationServices.framework/Versions/A/Frameworks/LangAnalysis.framework/Versions/A/LangAnalysis
0x00007fff2ca09000 	/System/Library/Frameworks/ApplicationServices.framework/Versions/A/Frameworks/PrintCore.framework/Versions/A/PrintCore
0x00007fff2ca4f000 	/System/Library/Frameworks/ApplicationServices.framework/Versions/A/Frameworks/QD.framework/Versions/A/QD
0x00007fff2ca5a000 	/System/Library/Frameworks/ApplicationServices.framework/Versions/A/Frameworks/SpeechSynthesis.framework/Versions/A/SpeechSynthesis
0x00007fff2c8d4000 	/System/Library/Frameworks/ApplicationServices.framework/Versions/A/Frameworks/ATSUI.framework/Versions/A/ATSUI
0x00007fff6384e000 	/usr/lib/libcups.2.dylib
0x00007fff32f9b000 	/System/Library/Frameworks/Kerberos.framework/Versions/A/Kerberos
0x00007fff3121b000 	/System/Library/Frameworks/GSS.framework/Versions/A/GSS
0x00007fff64b83000 	/usr/lib/libresolv.9.dylib
0x00007fff5085d000 	/System/Library/PrivateFrameworks/Heimdal.framework/Versions/A/Heimdal
0x00007fff32fae000 	/System/Library/Frameworks/Kerberos.framework/Versions/A/Libraries/libHeimdalProxy.dylib
0x00007fff639f8000 	/usr/lib/libheimdal-asn1.dylib
0x00007fff44ed8000 	/System/Library/PrivateFrameworks/CommonAuth.framework/Versions/A/CommonAuth
0x00007fff42123000 	/System/Library/PrivateFrameworks/AssertionServices.framework/Versions/A/AssertionServices
0x00007fff42cc6000 	/System/Library/PrivateFrameworks/AudioToolboxCore.framework/Versions/A/AudioToolboxCore
0x00007fff61fe6000 	/System/Library/PrivateFrameworks/caulk.framework/Versions/A/caulk
0x00007fff43284000 	/System/Library/PrivateFrameworks/BaseBoard.framework/Versions/A/BaseBoard
0x00007fff59e54000 	/System/Library/PrivateFrameworks/RunningBoardServices.framework/Versions/A/RunningBoardServices
0x00007fff56f2e000 	/System/Library/PrivateFrameworks/PersistentConnection.framework/Versions/A/PersistentConnection
0x00007fff598a3000 	/System/Library/PrivateFrameworks/ProtocolBuffer.framework/Versions/A/ProtocolBuffer
0x00007fff44efd000 	/System/Library/PrivateFrameworks/CommonUtilities.framework/Versions/A/CommonUtilities
0x00007fff43407000 	/System/Library/PrivateFrameworks/Bom.framework/Versions/A/Bom
0x00007fff6265b000 	/usr/lib/libAudioToolboxUtility.dylib
0x00007fff431e2000 	/System/Library/PrivateFrameworks/Backup.framework/Versions/A/Backup
0x00007fff47ce2000 	/System/Library/PrivateFrameworks/CrashReporterSupport.framework/Versions/A/CrashReporterSupport
0x00007fff5b94b000 	/System/Library/PrivateFrameworks/Sharing.framework/Versions/A/Sharing
0x00007fff418c7000 	/System/Library/PrivateFrameworks/Apple80211.framework/Versions/A/Apple80211
0x00007fff42f04000 	/System/Library/PrivateFrameworks/AuthKit.framework/Versions/A/AuthKit
0x00007fff47a12000 	/System/Library/PrivateFrameworks/CoreUtils.framework/Versions/A/CoreUtils
0x00007fff30781000 	/System/Library/Frameworks/CoreWLAN.framework/Versions/A/CoreWLAN
0x00007fff313a6000 	/System/Library/Frameworks/IOBluetooth.framework/Versions/A/IOBluetooth
0x00007fff54b93000 	/System/Library/PrivateFrameworks/MobileKeyBag.framework/Versions/A/MobileKeyBag
0x00007fff46ae8000 	/System/Library/PrivateFrameworks/CorePhoneNumbers.framework/Versions/A/CorePhoneNumbers
0x00007fff41b2f000 	/System/Library/PrivateFrameworks/AppleIDAuthSupport.framework/Versions/A/AppleIDAuthSupport
0x00007fff34e40000 	/System/Library/Frameworks/Network.framework/Versions/A/Network
0x00007fff53254000 	/System/Library/PrivateFrameworks/KeychainCircle.framework/Versions/A/KeychainCircle
0x00007fff2e1f6000 	/System/Library/Frameworks/CoreBluetooth.framework/Versions/A/CoreBluetooth
0x00007fff5d5c7000 	/System/Library/PrivateFrameworks/SpeechRecognitionCore.framework/Versions/A/SpeechRecognitionCore
0x000000010f000000 	/Library/Java/JavaVirtualMachines/amazon-corretto-11.jdk/Contents/Home/lib/server/libjvm.dylib
0x000000010d677000 	/Library/Java/JavaVirtualMachines/amazon-corretto-11.jdk/Contents/Home/lib/libverify.dylib
0x000000010d683000 	/Library/Java/JavaVirtualMachines/amazon-corretto-11.jdk/Contents/Home/lib/libjava.dylib
0x000000010d6c4000 	/Library/Java/JavaVirtualMachines/amazon-corretto-11.jdk/Contents/Home/lib/libinstrument.dylib
0x000000010d748000 	/Library/Java/JavaVirtualMachines/amazon-corretto-11.jdk/Contents/Home/lib/libzip.dylib
0x000000010d750000 	/Library/Java/JavaVirtualMachines/amazon-corretto-11.jdk/Contents/Home/lib/libjimage.dylib
0x000000011a50a000 	/Library/Java/JavaVirtualMachines/amazon-corretto-11.jdk/Contents/Home/lib/libnio.dylib
0x000000011a518000 	/Library/Java/JavaVirtualMachines/amazon-corretto-11.jdk/Contents/Home/lib/libnet.dylib
0x000000011a5b5000 	/Library/Java/JavaVirtualMachines/amazon-corretto-11.jdk/Contents/Home/lib/libextnet.dylib
0x000000012f057000 	/Library/Java/JavaVirtualMachines/amazon-corretto-11.jdk/Contents/Home/lib/libawt.dylib
0x000000012f0f2000 	/Library/Java/JavaVirtualMachines/amazon-corretto-11.jdk/Contents/Home/lib/libmlib_image.dylib
0x00007fff32f84000 	/System/Library/Frameworks/JavaVM.framework/Versions/A/Frameworks/JavaNativeFoundation.framework/Versions/A/JavaNativeFoundation
0x00007fff32f8d000 	/System/Library/Frameworks/JavaVM.framework/Versions/A/Frameworks/JavaRuntimeSupport.framework/Versions/A/JavaRuntimeSupport
0x00007fff32f96000 	/System/Library/Frameworks/JavaVM.framework/Versions/A/JavaVM
0x00007fff530b7000 	/System/Library/PrivateFrameworks/JavaLaunching.framework/Versions/A/JavaLaunching
0x00007fff2d2c6000 	/System/Library/Frameworks/Carbon.framework/Versions/A/Carbon
0x00007fff477c6000 	/System/Library/PrivateFrameworks/CoreSymbolication.framework/Versions/A/CoreSymbolication
0x00007fff2d2c7000 	/System/Library/Frameworks/Carbon.framework/Versions/A/Frameworks/CommonPanels.framework/Versions/A/CommonPanels
0x00007fff2d5c0000 	/System/Library/Frameworks/Carbon.framework/Versions/A/Frameworks/Help.framework/Versions/A/Help
0x00007fff2d5c4000 	/System/Library/Frameworks/Carbon.framework/Versions/A/Frameworks/ImageCapture.framework/Versions/A/ImageCapture
0x00007fff2d5cb000 	/System/Library/Frameworks/Carbon.framework/Versions/A/Frameworks/OpenScripting.framework/Versions/A/OpenScripting
0x00007fff2d5ca000 	/System/Library/Frameworks/Carbon.framework/Versions/A/Frameworks/Ink.framework/Versions/A/Ink
0x00007fff2d606000 	/System/Library/Frameworks/Carbon.framework/Versions/A/Frameworks/Print.framework/Versions/A/Print
0x00007fff2d607000 	/System/Library/Frameworks/Carbon.framework/Versions/A/Frameworks/SecurityHI.framework/Versions/A/SecurityHI
0x00007fff480a7000 	/System/Library/PrivateFrameworks/DebugSymbols.framework/Versions/A/DebugSymbols
0x000000012f15d000 	/Library/Java/JavaVirtualMachines/amazon-corretto-11.jdk/Contents/Home/lib/libawt_lwawt.dylib
0x000000012f20c000 	/Library/Java/JavaVirtualMachines/amazon-corretto-11.jdk/Contents/Home/lib/libosxapp.dylib
0x00007fff30c89000 	/System/Library/Frameworks/ExceptionHandling.framework/Versions/A/ExceptionHandling
0x000000012f31c000 	/Library/Java/JavaVirtualMachines/amazon-corretto-11.jdk/Contents/Home/lib/libfontmanager.dylib
0x000000012f415000 	/Library/Java/JavaVirtualMachines/amazon-corretto-11.jdk/Contents/Home/lib/libfreetype.dylib
0x00007fff47261000 	/System/Library/PrivateFrameworks/CoreServicesInternal.framework/Versions/A/CoreServicesInternal
0x00007fff30ca8000 	/System/Library/Frameworks/FileProvider.framework/Versions/A/FileProvider
0x00007fff2b786000 	/System/Library/Frameworks/Accounts.framework/Versions/A/Accounts
0x00007fff4f572000 	/System/Library/PrivateFrameworks/GenerationalStorage.framework/Versions/A/GenerationalStorage
0x00007fff5ddf8000 	/System/Library/PrivateFrameworks/SymptomDiagnosticReporter.framework/Versions/A/SymptomDiagnosticReporter
0x00007fff413b8000 	/System/Library/PrivateFrameworks/AppContainer.framework/Versions/A/AppContainer
0x00007fff64b9d000 	/usr/lib/libsandbox.1.dylib
0x00007fff60328000 	/System/Library/PrivateFrameworks/UserManagement.framework/Versions/A/UserManagement
0x00007fff43fc9000 	/System/Library/PrivateFrameworks/ChunkingLibrary.framework/Versions/A/ChunkingLibrary
0x00007fff4142a000 	/System/Library/PrivateFrameworks/AppSandbox.framework/Versions/A/AppSandbox
0x00007fff5b7d5000 	/System/Library/PrivateFrameworks/SecCodeWrapper.framework/Versions/A/SecCodeWrapper
0x00007fff62a72000 	/usr/lib/libMatch.1.dylib
0x00007fff22da6000 	/System/Library/CoreServices/RawCamera.bundle/Contents/MacOS/RawCamera
0x00007fff549bd000 	/System/Library/PrivateFrameworks/MobileAsset.framework/Versions/A/MobileAsset
0x00007fff5dca6000 	/System/Library/PrivateFrameworks/StreamingZip.framework/Versions/A/StreamingZip
0x00007fff33417000 	/System/Library/Frameworks/MediaToolbox.framework/Versions/A/MediaToolbox
0x00007fff459e1000 	/System/Library/PrivateFrameworks/CoreAVCHD.framework/Versions/A/CoreAVCHD
0x00007fff33341000 	/System/Library/Frameworks/MediaAccessibility.framework/Versions/A/MediaAccessibility
0x00007fff53d88000 	/System/Library/PrivateFrameworks/Mangrove.framework/Versions/A/Mangrove
0x00007fff2f94b000 	/System/Library/Frameworks/CoreMedia.framework/Versions/A/CoreMedia
0x00007fff53ff4000 	/System/Library/PrivateFrameworks/MediaExperience.framework/Versions/A/MediaExperience
0x00007fff3c1fd000 	/System/Library/Frameworks/VideoToolbox.framework/Versions/A/VideoToolbox
0x00007fff4560b000 	/System/Library/PrivateFrameworks/CoreAUC.framework/Versions/A/CoreAUC
0x00007fff64bf5000 	/usr/lib/libspindump.dylib
0x00007fff42671000 	/System/Library/PrivateFrameworks/AudioResourceArbitration.framework/Versions/A/AudioResourceArbitration
0x00007fff4208a000 	/System/Library/PrivateFrameworks/AppleVA.framework/Versions/A/AppleVA
0x00007fff2a4cb000 	/System/Library/Frameworks/Accelerate.framework/Versions/A/Frameworks/vImage.framework/Versions/A/Libraries/libCGInterfaces.dylib
0x000000011a4eb000 	/usr/lib/libobjc-trampolines.dylib
0x00007fff4a63a000 	/System/Library/PrivateFrameworks/FontServices.framework/libTrueTypeScaler.dylib
0x00007fff22fb5000 	/System/Library/Extensions/AMDMTLBronzeDriver.bundle/Contents/MacOS/AMDMTLBronzeDriver
0x00007fff52a4f000 	/System/Library/PrivateFrameworks/IOAccelMemoryInfo.framework/Versions/A/IOAccelMemoryInfo
0x00007fff273ef000 	/System/Library/Extensions/AppleIntelKBLGraphicsMTLDriver.bundle/Contents/MacOS/AppleIntelKBLGraphicsMTLDriver
0x00007fff4dba8000 	/System/Library/PrivateFrameworks/GPUCompiler.framework/Versions/3902/Libraries/libmetal_timestamp.dylib
0x00007fff610fc000 	/System/Library/PrivateFrameworks/ViewBridge.framework/Versions/A/ViewBridge
0x00007fff62338000 	/System/Library/PrivateFrameworks/login.framework/Versions/A/login
0x0000000130e60000 	/Library/Java/JavaVirtualMachines/amazon-corretto-11.jdk/Contents/Home/lib/libprefs.dylib
0x00007fff38fef000 	/System/Library/Frameworks/OpenGL.framework/Versions/A/Resources/GLEngine.bundle/GLEngine
0x00007fff383e0000 	/System/Library/Frameworks/OpenGL.framework/Versions/A/Libraries/libGLProgrammability.dylib
0x00007fff265c6000 	/System/Library/Extensions/AppleIntelKBLGraphicsGLDriver.bundle/Contents/MacOS/AppleIntelKBLGraphicsGLDriver
0x00007fff4f244000 	/System/Library/PrivateFrameworks/GPUSupport.framework/Versions/A/Libraries/libGPUSupportMercury.dylib
0x0000000132190000 	/System/Library/Extensions/AMDRadeonX4000GLDriver.bundle/Contents/MacOS/AMDRadeonX4000GLDriver
0x00007fff230d6000 	/System/Library/Extensions/AMDRadeonX4000GLDriver.bundle/Contents/MacOS/ATIRadeonX4000SCLib.dylib
0x00007fff246fb000 	/System/Library/Extensions/AMDShared.bundle/Contents/PlugIns/libSC.dylib
0x00007fff39169000 	/System/Library/Frameworks/OpenGL.framework/Versions/A/Resources/GLRendererFloat.bundle/GLRendererFloat
0x00007fff379a3000 	/System/Library/Frameworks/OpenCL.framework/Versions/A/Libraries/libcldcpuengine.dylib
0x00007fff63433000 	/usr/lib/libcrypto.35.dylib
0x00007fff5e800000 	/System/Library/PrivateFrameworks/TrustEvaluationAgent.framework/Versions/A/TrustEvaluationAgent
0x0000000132553000 	/Library/Java/JavaVirtualMachines/amazon-corretto-11.jdk/Contents/Home/lib/libosxui.dylib
0x0000000164764000 	/Library/Java/JavaVirtualMachines/amazon-corretto-11.jdk/Contents/Home/lib/libjavajpeg.dylib
0x0000000164824000 	/Library/Java/JavaVirtualMachines/amazon-corretto-11.jdk/Contents/Home/lib/libsunec.dylib
0x0000000164518000 	/Users/adventure/.codenameone/javafx/lib/libprism_es2.dylib
0x0000000164aef000 	/Users/adventure/.codenameone/javafx/lib/libglass.dylib
0x000000016871e000 	/Users/adventure/.codenameone/javafx/lib/libjfxwebkit.dylib
0x00000001530a7000 	/Users/adventure/.codenameone/javafx/lib/libjavafx_font.dylib
0x00000001648d9000 	/Users/adventure/.codenameone/javafx/lib/libjavafx_iio.dylib
0x0000000174600000 	/Users/adventure/.codenameone/javafx/lib/libglib-lite.dylib
0x00007fff639e4000 	/usr/lib/libffi.dylib
0x0000000174735000 	/Users/adventure/.codenameone/javafx/lib/libgstreamer-lite.dylib
0x0000000165889000 	/Users/adventure/.codenameone/javafx/lib/libjfxmedia.dylib
0x000000016e5c6000 	/Users/adventure/.codenameone/javafx/lib/libjfxmedia_avf.dylib
0x00007fff2a0e4000 	/System/Library/Frameworks/AVFoundation.framework/Versions/A/AVFoundation
0x00007fff2a2de000 	/System/Library/Frameworks/AVFoundation.framework/Versions/A/Frameworks/AVFAudio.framework/Versions/A/AVFAudio
0x00007fff2fa26000 	/System/Library/Frameworks/CoreMediaIO.framework/Versions/A/CoreMediaIO
0x00007fff6264e000 	/usr/lib/libAudioStatistics.dylib
0x00007fff6237d000 	/System/Library/PrivateFrameworks/perfdata.framework/Versions/A/perfdata
0x00007fff64b3f000 	/usr/lib/libperfcheck.dylib
0x00007fff62b3d000 	/usr/lib/libSMC.dylib


VM Arguments:
jvm_args: -Xms128m -Xmx2048m -XX:ReservedCodeCacheSize=240m -XX:+UseConcMarkSweepGC -XX:SoftRefLRUPolicyMSPerMB=50 -ea -XX:CICompilerCount=2 -Dsun.io.useCanonPrefixCache=false -Djava.net.preferIPv4Stack=true -Djdk.http.auth.tunneling.disabledSchemes="" -XX:+HeapDumpOnOutOfMemoryError -XX:-OmitStackTraceInFastThrow -Djdk.attach.allowAttachSelf=true -Dkotlinx.coroutines.debug=off -Djdk.module.illegalAccess.silent=true -XX:+UseCompressedOops -Dfile.encoding=UTF-8 -XX:ErrorFile=$USER_HOME/java_error_in_idea_%p.log -XX:HeapDumpPath=$USER_HOME/java_error_in_idea.hprof -Dapple.laf.useScreenMenuBar=true -javaagent:/Applications/IntelliJ IDEA CE.app/Contents/lib/idea_rt.jar=50174:/Applications/IntelliJ IDEA CE.app/Contents/bin 
java_command: com.codename1.impl.javase.Simulator com.codename1.demos.kitchen.MyApplication
java_class_path (initial): /Users/adventure/Desktop/kitchesinkdemo/out/production/kitchesinkdemo:/Users/adventure/Desktop/kitchesinkdemo/src:/Users/adventure/Desktop/kitchesinkdemo/lib/CodenameOne.jar:/Users/adventure/Desktop/kitchesinkdemo/JavaSE.jar:native/internal_tmp:lib/impl/cls
Launcher Type: SUN_STANDARD

[Global flags]
     intx CICompilerCount                          = 2                                         {product} {command line}
    ccstr ErrorFile                                = $USER_HOME/java_error_in_idea_%p.log            {product} {command line}
     bool HeapDumpOnOutOfMemoryError               = true                                   {manageable} {command line}
    ccstr HeapDumpPath                             = $USER_HOME/java_error_in_idea.hprof         {manageable} {command line}
   size_t InitialHeapSize                          = 134217728                                 {product} {command line}
   size_t MaxHeapSize                              = 2147483648                                {product} {command line}
   size_t MaxNewSize                               = 715784192                                 {product} {ergonomic}
    uintx MaxTenuringThreshold                     = 6                                         {product} {ergonomic}
   size_t MinHeapDeltaBytes                        = 196608                                    {product} {ergonomic}
   size_t NewSize                                  = 44695552                                  {product} {ergonomic}
    uintx NonNMethodCodeHeapSize                   = 5825164                                {pd product} {ergonomic}
    uintx NonProfiledCodeHeapSize                  = 122916538                              {pd product} {ergonomic}
   size_t OldSize                                  = 89522176                                  {product} {ergonomic}
     bool OmitStackTraceInFastThrow                = false                                     {product} {command line}
    uintx ProfiledCodeHeapSize                     = 122916538                              {pd product} {ergonomic}
    uintx ReservedCodeCacheSize                    = 251658240                              {pd product} {command line}
     bool SegmentedCodeCache                       = true                                      {product} {ergonomic}
     intx SoftRefLRUPolicyMSPerMB                  = 50                                        {product} {command line}
     bool UseCompressedClassPointers               = true                                 {lp64_product} {ergonomic}
     bool UseCompressedOops                        = true                                 {lp64_product} {command line}
     bool UseConcMarkSweepGC                       = true                                      {product} {command line}

Logging:
Log output configuration:
 #0: stdout all=warning uptime,level,tags
 #1: stderr all=off uptime,level,tags

Environment Variables:
JAVA_HOME=/Library/Java/JavaVirtualMachines/amazon-corretto-11.jdk/Contents/Home
PATH=/usr/local/bin:/Library/Frameworks/Python.framework/Versions/3.7/bin:/usr/local/bin:/usr/bin:/bin:/usr/sbin:/sbin:/Users/adventure/dev/flutter/bin:/Users/adventure/Library/Android/sdk/tools:/Users/adventure/Library/Android/sdk/platform-tools
SHELL=/bin/zsh

Signal Handlers:
SIGSEGV: [libjvm.dylib+0x7577d8], sa_mask[0]=11111111011111110111111111111111, sa_flags=SA_ONSTACK|SA_RESTART|SA_SIGINFO
SIGBUS: [libjvm.dylib+0x7577d8], sa_mask[0]=11111111011111110111111111111111, sa_flags=SA_RESTART|SA_SIGINFO
SIGFPE: [libjvm.dylib+0x7577d8], sa_mask[0]=11111111011111110111111111111111, sa_flags=SA_RESTART|SA_SIGINFO
SIGPIPE: [libjvm.dylib+0x5fbe5c], sa_mask[0]=11111111011111110111111111111111, sa_flags=SA_RESTART|SA_SIGINFO
SIGXFSZ: [libjvm.dylib+0x5fbe5c], sa_mask[0]=11111111011111110111111111111111, sa_flags=SA_RESTART|SA_SIGINFO
SIGILL: [libjvm.dylib+0x7577d8], sa_mask[0]=11111111011111110111111111111111, sa_flags=SA_RESTART|SA_SIGINFO
SIGUSR2: [libjvm.dylib+0x5fc45a], sa_mask[0]=00100000000000000000000000000000, sa_flags=SA_RESTART|SA_SIGINFO
SIGHUP: [libjvm.dylib+0x5faf37], sa_mask[0]=11111111011111110111111111111111, sa_flags=SA_RESTART|SA_SIGINFO
SIGINT: [libjvm.dylib+0x5faf37], sa_mask[0]=11111111011111110111111111111111, sa_flags=SA_RESTART|SA_SIGINFO
SIGTERM: [libjvm.dylib+0x5faf37], sa_mask[0]=11111111011111110111111111111111, sa_flags=SA_RESTART|SA_SIGINFO
SIGQUIT: [libjvm.dylib+0x5faf37], sa_mask[0]=11111111011111110111111111111111, sa_flags=SA_RESTART|SA_SIGINFO


---------------  S Y S T E M  ---------------

OS:uname:Darwin 19.2.0 Darwin Kernel Version 19.2.0: Sat Nov  9 03:47:04 PST 2019; root:xnu-6153.61.1~20/RELEASE_X86_64 x86_64
rlimit: STACK 8192k, CORE 0k, NPROC 2784, NOFILE 10240, AS infinity, DATA infinity, FSIZE infinity
load average:2.46 1.79 1.64

CPU:total 12 (initial active 12) (6 cores per cpu, 2 threads per core) family 6 model 158 stepping 10, cmov, cx8, fxsr, mmx, sse, sse2, sse3, ssse3, sse4.1, sse4.2, popcnt, avx, avx2, aes, clmul, erms, 3dnowpref, lzcnt, ht, tsc, tscinvbit, bmi1, bmi2, adx, fma

Memory: 4k page, physical 16777216k(1609024k free), swap 0k(0k free)

vm_info: OpenJDK 64-Bit Server VM (11.0.5+10-LTS) for bsd-amd64 JRE (11.0.5+10-LTS), built on Nov 12 2019 17:01:34 by "root" with gcc 4.2.1 Compatible Apple LLVM 8.0.0 (clang-800.0.42.1)

END.
