#
# A fatal error has been detected by the Java Runtime Environment:
#
#  SIGSEGV (0xb) at pc=0x00000001055e96f6, pid=2207, tid=107295
#
# JRE version: OpenJDK Runtime Environment (11.0.5+10) (build 11.0.5+10-LTS)
# Java VM: OpenJDK 64-Bit Server VM (11.0.5+10-LTS, mixed mode, tiered, compressed oops, concurrent mark sweep gc, bsd-amd64)
# Problematic frame:
# V  [libjvm.dylib+0x3e96f6]  jni_CallStaticBooleanMethodV+0x7c
#
# No core dump will be written. Core dumps have been disabled. To enable core dumping, try "ulimit -c unlimited" before starting Java again
#
# If you would like to submit a bug report, please visit:
#   http://bugreport.java.com/bugreport/crash.jsp
#

---------------  S U M M A R Y ------------

Command Line: -Xms128m -Xmx2048m -XX:ReservedCodeCacheSize=240m -XX:+UseConcMarkSweepGC -XX:SoftRefLRUPolicyMSPerMB=50 -ea -XX:CICompilerCount=2 -Dsun.io.useCanonPrefixCache=false -Djava.net.preferIPv4Stack=true -Djdk.http.auth.tunneling.disabledSchemes="" -XX:+HeapDumpOnOutOfMemoryError -XX:-OmitStackTraceInFastThrow -Djdk.attach.allowAttachSelf=true -Dkotlinx.coroutines.debug=off -Djdk.module.illegalAccess.silent=true -XX:+UseCompressedOops -Dfile.encoding=UTF-8 -XX:ErrorFile=$USER_HOME/java_error_in_idea_%p.log -XX:HeapDumpPath=$USER_HOME/java_error_in_idea.hprof -Dapple.laf.useScreenMenuBar=true -javaagent:/Applications/IntelliJ IDEA CE.app/Contents/lib/idea_rt.jar=50896:/Applications/IntelliJ IDEA CE.app/Contents/bin com.codename1.impl.javase.Simulator com.codename1.demos.kitchen.MyApplication

Host: MacBookPro15,1 x86_64 2200 MHz, 12 cores, 16G, Darwin 19.2.0
Time: Sat Dec 28 10:21:09 2019 +0545 elapsed time: 18 seconds (0d 0h 0m 18s)

---------------  T H R E A D  ---------------

Current thread (0x00007fa0a041c800):  JavaThread "Thread-8" daemon [_thread_in_vm, id=107295, stack(0x000070000efc5000,0x000070000f045000)]

Stack: [0x000070000efc5000,0x000070000f045000],  sp=0x000070000f044be0,  free space=510k
Native frames: (J=compiled Java code, A=aot compiled Java code, j=interpreted, Vv=VM code, C=native code)
V  [libjvm.dylib+0x3e96f6]  jni_CallStaticBooleanMethodV+0x7c
C  [libjfxwebkit.dylib+0x9746]  _ZN7JNIEnv_23CallStaticBooleanMethodEP7_jclassP10_jmethodIDz+0x86
C  [libjfxwebkit.dylib+0x15884e8]  _ZN7WebCore10FileSystem18makeAllDirectoriesERKN3WTF6StringE+0x268
C  [libjfxwebkit.dylib+0x22d12]  _ZN7WebCore18StorageSyncManager20fullDatabaseFilenameERKN3WTF6StringE+0x22
C  [libjfxwebkit.dylib+0x1f0d6]  _ZN6WebKit15StorageAreaSync12openDatabaseENS0_21OpenDatabaseParamTypeE+0x36
C  [libjfxwebkit.dylib+0x1f6ee]  _ZN6WebKit15StorageAreaSync13performImportEv+0x1e
C  [libjfxwebkit.dylib+0x23619]  _ZN7WebCore13StorageThread16threadEntryPointEv+0x89
C  [libjfxwebkit.dylib+0x1a802b4]  _ZN3WTF6Thread10entryPointEPNS0_16NewThreadContextE+0xe4
C  [libjfxwebkit.dylib+0x1ab68d9]  _ZN3WTFL19wtfThreadEntryPointEPv+0x9
C  [libsystem_pthread.dylib+0x5e65]  _pthread_start+0x94
C  [libsystem_pthread.dylib+0x183b]  thread_start+0xf


siginfo: si_signo: 11 (SIGSEGV), si_code: 1 (SEGV_MAPERR), si_addr: 0x0000000000000000

Register to memory mapping:

RAX=0x0 is NULL
RBX=0x00007fa0a041c800 is a thread
RCX=0x00007fa0a4f31c48 points into unknown readable memory: 20 af 8e 80 07 00 00 00
RDX=0x0 is NULL
RSP=0x000070000f044be0 is pointing into the stack for thread: 0x00007fa0a041c800
RBP=0x000070000f044c80 is pointing into the stack for thread: 0x00007fa0a041c800
RSI=0x0 is NULL
RDI=0x00007fa0a041cb40 points into unknown readable memory: 70 a7 b0 05 01 00 00 00
R8 =0x000000000000000a is an unknown value
R9 =0x00007fa0a041c800 is a thread
R10=0x0000000105adc820: _ZTV7CMSHeap+0x10 in /Library/Java/JavaVirtualMachines/amazon-corretto-11.jdk/Contents/Home/lib/server/libjvm.dylib at 0x0000000105200000
R11=0x0 is NULL
R12=0x0 is NULL
R13=0x000070000f044d40 is pointing into the stack for thread: 0x00007fa0a041c800
R14=0x0 is NULL
R15=0x00007fa0a041cb40 points into unknown readable memory: 70 a7 b0 05 01 00 00 00


Registers:
RAX=0x0000000000000000, RBX=0x00007fa0a041c800, RCX=0x00007fa0a4f31c48, RDX=0x0000000000000000
RSP=0x000070000f044be0, RBP=0x000070000f044c80, RSI=0x0000000000000000, RDI=0x00007fa0a041cb40
R8 =0x000000000000000a, R9 =0x00007fa0a041c800, R10=0x0000000105adc820, R11=0x0000000000000000
R12=0x0000000000000000, R13=0x000070000f044d40, R14=0x0000000000000000, R15=0x00007fa0a041cb40
RIP=0x00000001055e96f6, EFLAGS=0x0000000000010206, ERR=0x0000000000000004
  TRAPNO=0x000000000000000e

Top of Stack: (sp=0x000070000f044be0)
0x000070000f044be0:   000070000f044c00 000000010591e087
0x000070000f044bf0:   09a4b1a40088007c 00007fa0a041c800
0x000070000f044c00:   000070000f044c30 000000010591e060
0x000070000f044c10:   0000000000000001 00007fa0a041c908
0x000070000f044c20:   00007fa000000004 0000000000000004
0x000070000f044c30:   00007fa0a041c800 00007fa0a4f31c40
0x000070000f044c40:   0000000000000533 00000001059baa77
0x000070000f044c50:   00007fa0a041c800 0000000000000000
0x000070000f044c60:   0000000161eda4b0 00007fa0a041cb40
0x000070000f044c70:   00000001670f4c58 0000000000000000
0x000070000f044c80:   000070000f044d60 000000015e957746
0x000070000f044c90:   0000000105b60201 00007fa0a041c800
0x000070000f044ca0:   000070000f044cc0 00007fa0a4e78490
0x000070000f044cb0:   000000000000000a 00007fa0a041c800
0x000070000f044cc0:   000070000f044d20 00000001055ee597
0x000070000f044cd0:   00007fa0a041c800 00007fa0a4f31c40
0x000070000f044ce0:   0000700000000533 00000001059baa77
0x000070000f044cf0:   00007fa0a041c800 0000000000000000
0x000070000f044d00:   0000000000000039 00000001670f4c58
0x000070000f044d10:   00000001670f4c58 000070000f044d78
0x000070000f044d20:   000070000f044d60 000000016040538a
0x000070000f044d30:   0000000000000001 0000000000000000
0x000070000f044d40:   0000003000000018 000070000f044d70
0x000070000f044d50:   000070000f044c90 09a4b1a40088007c
0x000070000f044d60:   000070000f044db0 000000015fed64e8
0x000070000f044d70:   00007fa09e806b10 00007fa0a4e78490
0x000070000f044d80:   00007fa0a041cb40 00000001670f4c58
0x000070000f044d90:   000070000f044f30 00000001663524b0
0x000070000f044da0:   000070000f044e28 0000000166352570
0x000070000f044db0:   000070000f044df0 000000015e970d12
0x000070000f044dc0:   09a4b1a40088007c 00000007808e8950
0x000070000f044dd0:   000070000f044e50 000070000f044e28 

Instructions: (pc=0x00000001055e96f6)
0x00000001055e95f6:   0f 1f 40 00 48 83 7d 90 00 74 09 48 8d 7d 88 e8
0x00000001055e9606:   7c b1 24 00 48 8b 9b f0 00 00 00 4c 8b 73 08 48
0x00000001055e9616:   8b 43 10 48 83 38 00 74 19 48 8b 73 28 4c 89 f7
0x00000001055e9626:   e8 77 ec cf ff 48 8b 7b 10 e8 32 eb cf ff 48 8b
0x00000001055e9636:   43 10 49 89 46 10 48 8b 43 18 49 89 46 18 48 8b
0x00000001055e9646:   43 20 49 89 46 20 48 8d 7d a8 e8 ab 44 33 00 4c
0x00000001055e9656:   3b 6d d0 75 1a f2 0f 10 85 78 fe ff ff 48 81 c4
0x00000001055e9666:   68 01 00 00 5b 41 5c 41 5d 41 5e 41 5f 5d c3 e8
0x00000001055e9676:   da 58 39 00 55 48 89 e5 41 57 41 56 41 55 41 54
0x00000001055e9686:   53 48 83 ec 78 49 89 cd 49 89 d6 49 89 f4 49 89
0x00000001055e9696:   ff 49 8d 9f c0 fc ff ff b8 55 21 ff ff 41 03 87
0x00000001055e96a6:   90 00 00 00 83 f8 02 72 0a 48 89 df e8 8d 5f 31
0x00000001055e96b6:   00 31 db 48 8d 7d d0 48 89 de e8 bb 43 33 00 48
0x00000001055e96c6:   89 5d b0 48 c7 45 b8 00 00 00 00 48 83 7b 08 00
0x00000001055e96d6:   74 09 48 8d 7d b0 e8 59 b0 24 00 4c 89 ff 4c 89
0x00000001055e96e6:   e6 4c 89 f2 90 0f 1f 40 00 c7 45 a0 04 00 00 00
0x00000001055e96f6:   49 8b 06 48 8b 40 08 48 8b 48 08 0f b7 40 2c 48
0x00000001055e9706:   8b 74 c1 40 48 8d bd 60 ff ff ff e8 f6 cd 29 00
0x00000001055e9716:   c7 85 78 ff ff ff 63 00 00 00 48 c7 45 80 00 00
0x00000001055e9726:   00 00 48 8d 05 69 18 52 00 48 89 85 60 ff ff ff
0x00000001055e9736:   49 8b 45 10 48 89 45 98 49 8b 45 00 49 8b 4d 08
0x00000001055e9746:   48 89 4d 90 48 89 45 88 41 f6 c4 01 75 0b 4c 89
0x00000001055e9756:   e7 ff 15 23 04 52 00 eb 0c 49 ff cc 4c 89 e7 ff
0x00000001055e9766:   15 95 ac 51 00 48 89 c7 e8 ef ea fb ff 48 8b 08
0x00000001055e9776:   48 89 c7 48 89 de ff 91 b0 00 00 00 31 ff 48 83
0x00000001055e9786:   7b 08 00 41 bc 00 00 00 00 75 2f 48 8d 75 a0 48
0x00000001055e9796:   8d 8d 60 ff ff ff 4c 89 ff 4c 89 f2 49 89 d8 e8
0x00000001055e97a6:   a4 ec ff ff 31 ff 48 83 7b 08 00 41 bc 00 00 00
0x00000001055e97b6:   00 75 07 0f b6 7d a8 41 88 fc 90 0f 1f 40 00 48
0x00000001055e97c6:   83 7d b8 00 74 09 48 8d 7d b0 e8 b1 af 24 00 48
0x00000001055e97d6:   8b 9b f0 00 00 00 4c 8b 73 08 48 8b 43 10 48 83
0x00000001055e97e6:   38 00 74 19 48 8b 73 28 4c 89 f7 e8 ac ea cf ff 


Stack slot to memory mapping:
stack at sp + 0 slots: 0x000070000f044c00 is pointing into the stack for thread: 0x00007fa0a041c800
stack at sp + 1 slots: 0x000000010591e087: _ZN6Atomic4loadIPVvEET_PVKS3_+0x17 in /Library/Java/JavaVirtualMachines/amazon-corretto-11.jdk/Contents/Home/lib/server/libjvm.dylib at 0x0000000105200000
stack at sp + 2 slots: 0x09a4b1a40088007c is an unknown value
stack at sp + 3 slots: 0x00007fa0a041c800 is a thread
stack at sp + 4 slots: 0x000070000f044c30 is pointing into the stack for thread: 0x00007fa0a041c800
stack at sp + 5 slots: 0x000000010591e060: _ZN11OrderAccess12ordered_loadIPVvL15ScopedFenceType0EEET_PVKS4_+0x30 in /Library/Java/JavaVirtualMachines/amazon-corretto-11.jdk/Contents/Home/lib/server/libjvm.dylib at 0x0000000105200000
stack at sp + 6 slots: 0x0000000000000001 is an unknown value
stack at sp + 7 slots: 0x00007fa0a041c908 points into unknown readable memory: 00 80 8e 03 01 00 00 00


---------------  P R O C E S S  ---------------

Threads class SMR info:
_java_thread_list=0x00007fa0a4b53e60, length=50, elements={
0x00007fa09f00c800, 0x00007fa09d80a800, 0x00007fa09e018000, 0x00007fa09f80b000,
0x00007fa09d017800, 0x00007fa09d01b800, 0x00007fa09e008000, 0x00007fa09e022800,
0x00007fa09e023800, 0x00007fa09f00d800, 0x00007fa09e13a800, 0x00007fa09da09800,
0x00007fa09f0e8800, 0x00007fa09f8a1800, 0x00007fa0a2019000, 0x00007fa09da0d800,
0x00007fa0a201d000, 0x00007fa09d1a8000, 0x00007fa09fa1e800, 0x00007fa09f4b6800,
0x00007fa09f4b4800, 0x00007fa09dc22800, 0x00007fa0a617b800, 0x00007fa09d077800,
0x00007fa0a5001000, 0x00007fa09f2ef800, 0x00007fa0a6421800, 0x00007fa0a0083000,
0x00007fa0a522f000, 0x00007fa0a5232000, 0x00007fa0a2802000, 0x00007fa09d93f800,
0x00007fa09dbdd000, 0x00007fa09dbdd800, 0x00007fa09dbde800, 0x00007fa0a0242800,
0x00007fa0a6477800, 0x00007fa0a6478800, 0x00007fa09d426000, 0x00007fa09dbdf800,
0x00007fa09f4bb000, 0x00007fa09f502000, 0x00007fa09d432800, 0x00007fa09f438000,
0x00007fa0a0243800, 0x00007fa0a02c7800, 0x00007fa09dba7000, 0x00007fa0a1005000,
0x00007fa09f2f2000, 0x00007fa0a041c800
}

Java Threads: ( => current thread )
  0x00007fa09f00c800 JavaThread "Reference Handler" daemon [_thread_blocked, id=12803, stack(0x000070000a7c0000,0x000070000a8c0000)]
  0x00007fa09d80a800 JavaThread "Finalizer" daemon [_thread_blocked, id=13571, stack(0x000070000a8c3000,0x000070000a9c3000)]
  0x00007fa09e018000 JavaThread "Signal Dispatcher" daemon [_thread_blocked, id=15363, stack(0x000070000aacc000,0x000070000abcc000)]
  0x00007fa09f80b000 JavaThread "C2 CompilerThread0" daemon [_thread_in_native, id=18691, stack(0x000070000abcf000,0x000070000accf000)]
  0x00007fa09d017800 JavaThread "C1 CompilerThread0" daemon [_thread_blocked, id=18435, stack(0x000070000acd2000,0x000070000add2000)]
  0x00007fa09d01b800 JavaThread "Sweeper thread" daemon [_thread_blocked, id=17155, stack(0x000070000add5000,0x000070000aed5000)]
  0x00007fa09e008000 JavaThread "Common-Cleaner" daemon [_thread_blocked, id=17411, stack(0x000070000aed8000,0x000070000afd8000)]
  0x00007fa09e022800 JavaThread "Monitor Ctrl-Break" daemon [_thread_in_native, id=22019, stack(0x000070000afdb000,0x000070000b0db000)]
  0x00007fa09e023800 JavaThread "Service Thread" daemon [_thread_blocked, id=43011, stack(0x000070000b0de000,0x000070000b1de000)]
  0x00007fa09f00d800 JavaThread "JavaFX Application Thread" daemon [_thread_in_native, id=775, stack(0x00007ffeebb93000,0x00007ffeec393000)]
  0x00007fa09e13a800 JavaThread "AWT-Shutdown" [_thread_blocked, id=37123, stack(0x000070000b2e4000,0x000070000b3e4000)]
  0x00007fa09da09800 JavaThread "Timer-0" daemon [_thread_blocked, id=56071, stack(0x000070000b988000,0x000070000ba88000)]
  0x00007fa09f0e8800 JavaThread "AWT-EventQueue-0" [_thread_blocked, id=57091, stack(0x000070000bb8e000,0x000070000bc8e000)]
  0x00007fa09f8a1800 JavaThread "Thread-4" [_thread_blocked, id=56839, stack(0x000070000ba8b000,0x000070000bb8b000)]
  0x00007fa0a2019000 JavaThread "DestroyJavaVM" [_thread_blocked, id=10243, stack(0x000070000a2b1000,0x000070000a3b1000)]
  0x00007fa09da0d800 JavaThread "Java2D Queue Flusher" daemon [_thread_in_native, id=57607, stack(0x000070000bc91000,0x000070000bd91000)]
  0x00007fa0a201d000 JavaThread "Java2D Disposer" daemon [_thread_blocked, id=59151, stack(0x000070000bd94000,0x000070000be94000)]
  0x00007fa09d1a8000 JavaThread "Attach Listener" daemon [_thread_blocked, id=66575, stack(0x000070000be97000,0x000070000bf97000)]
  0x00007fa09fa1e800 JavaThread "EDT" [_thread_blocked, id=128267, stack(0x000070000c9b8000,0x000070000cab8000)]
  0x00007fa09f4b6800 JavaThread "Network Thread" [_thread_blocked, id=129051, stack(0x000070000cabb000,0x000070000cbbb000)]
  0x00007fa09f4b4800 JavaThread "Network Thread" [_thread_blocked, id=126987, stack(0x000070000cbbe000,0x000070000ccbe000)]
  0x00007fa09dc22800 JavaThread "invokeAndBlock1" [_thread_blocked, id=121603, stack(0x000070000cec7000,0x000070000cfc7000)]
  0x00007fa0a617b800 JavaThread "QuantumRenderer-0" daemon [_thread_blocked, id=23351, stack(0x000070000a9c6000,0x000070000aac6000)]
  0x00007fa09d077800 JavaThread "InvokeLaterDispatcher" daemon [_thread_blocked, id=90631, stack(0x000070000b3e7000,0x000070000b4e7000)]
  0x00007fa0a5001000 JavaThread "Thread-6" daemon [_thread_in_native, id=122631, stack(0x000070000b4ea000,0x000070000b56a000)]
  0x00007fa09f2ef800 JavaThread "Prism Font Disposer" daemon [_thread_blocked, id=46631, stack(0x000070000b7ff000,0x000070000b8ff000)]
  0x00007fa0a6421800 JavaThread "Disposer" daemon [_thread_blocked, id=40215, stack(0x000070000c8b5000,0x000070000c9b5000)]
  0x00007fa0a0083000 JavaThread "URL-Loader-1" daemon [_thread_blocked, id=93187, stack(0x000070000d777000,0x000070000d877000)]
  0x00007fa0a522f000 JavaThread "URL-Loader-2" daemon [_thread_blocked, id=116739, stack(0x000070000d87a000,0x000070000d97a000)]
  0x00007fa0a5232000 JavaThread "URL-Loader-3" daemon [_thread_blocked, id=94211, stack(0x000070000d97d000,0x000070000da7d000)]
  0x00007fa0a2802000 JavaThread "URL-Loader-4" daemon [_thread_blocked, id=115971, stack(0x000070000da80000,0x000070000db80000)]
  0x00007fa09d93f800 JavaThread "URL-Loader-5" daemon [_thread_blocked, id=115715, stack(0x000070000db83000,0x000070000dc83000)]
  0x00007fa09dbdd000 JavaThread "URL-Loader-6" daemon [_thread_blocked, id=95747, stack(0x000070000dc86000,0x000070000dd86000)]
  0x00007fa09dbdd800 JavaThread "URL-Loader-7" daemon [_thread_blocked, id=96259, stack(0x000070000dd89000,0x000070000de89000)]
  0x00007fa09dbde800 JavaThread "URL-Loader-8" daemon [_thread_blocked, id=115203, stack(0x000070000de8c000,0x000070000df8c000)]
  0x00007fa0a0242800 JavaThread "URL-Loader-9" daemon [_thread_blocked, id=114691, stack(0x000070000df8f000,0x000070000e08f000)]
  0x00007fa0a6477800 JavaThread "URL-Loader-10" daemon [_thread_blocked, id=97283, stack(0x000070000e092000,0x000070000e192000)]
  0x00007fa0a6478800 JavaThread "URL-Loader-11" daemon [_thread_blocked, id=113411, stack(0x000070000e195000,0x000070000e295000)]
  0x00007fa09d426000 JavaThread "URL-Loader-12" daemon [_thread_blocked, id=112643, stack(0x000070000e298000,0x000070000e398000)]
  0x00007fa09dbdf800 JavaThread "URL-Loader-13" daemon [_thread_blocked, id=97795, stack(0x000070000e39b000,0x000070000e49b000)]
  0x00007fa09f4bb000 JavaThread "URL-Loader-14" daemon [_thread_blocked, id=98563, stack(0x000070000e49e000,0x000070000e59e000)]
  0x00007fa09f502000 JavaThread "URL-Loader-15" daemon [_thread_blocked, id=112131, stack(0x000070000e5a1000,0x000070000e6a1000)]
  0x00007fa09d432800 JavaThread "URL-Loader-16" daemon [_thread_blocked, id=99627, stack(0x000070000e6a4000,0x000070000e7a4000)]
  0x00007fa09f438000 JavaThread "URL-Loader-17" daemon [_thread_blocked, id=111115, stack(0x000070000e7a7000,0x000070000e8a7000)]
  0x00007fa0a0243800 JavaThread "URL-Loader-18" daemon [_thread_blocked, id=110371, stack(0x000070000e8aa000,0x000070000e9aa000)]
  0x00007fa0a02c7800 JavaThread "URL-Loader-19" daemon [_thread_blocked, id=110083, stack(0x000070000e9ad000,0x000070000eaad000)]
  0x00007fa09dba7000 JavaThread "URL-Loader-20" daemon [_thread_blocked, id=109315, stack(0x000070000eab0000,0x000070000ebb0000)]
  0x00007fa0a1005000 JavaThread "Keep-Alive-Timer" daemon [_thread_blocked, id=108803, stack(0x000070000ebb3000,0x000070000ecb3000)]
  0x00007fa09f2f2000 JavaThread "Cleaner-0" daemon [_thread_blocked, id=109615, stack(0x000070000eec2000,0x000070000efc2000)]
=>0x00007fa0a041c800 JavaThread "Thread-8" daemon [_thread_in_vm, id=107295, stack(0x000070000efc5000,0x000070000f045000)]

Other Threads:
  0x00007fa09e004800 VMThread "VM Thread" [stack: 0x000070000a6bd000,0x000070000a7bd000] [id=20739]
  0x00007fa09f040800 WatcherThread [stack: 0x000070000b1e1000,0x000070000b2e1000] [id=22787]
  0x00007fa09f805800 GCTaskThread "GC Thread#0" [stack: 0x000070000a3b4000,0x000070000a4b4000] [id=11523]
  0x00007fa09d28e800 GCTaskThread "GC Thread#1" [stack: 0x000070000bf9a000,0x000070000c09a000] [id=66423]
  0x00007fa09d1ba000 GCTaskThread "GC Thread#2" [stack: 0x000070000c09d000,0x000070000c19d000] [id=62211]
  0x00007fa09d1bb000 GCTaskThread "GC Thread#3" [stack: 0x000070000c1a0000,0x000070000c2a0000] [id=65539]
  0x00007fa09f2e5000 GCTaskThread "GC Thread#4" [stack: 0x000070000c2a3000,0x000070000c3a3000] [id=62467]
  0x00007fa09f270000 GCTaskThread "GC Thread#5" [stack: 0x000070000c3a6000,0x000070000c4a6000] [id=65027]
  0x00007fa09f29a800 GCTaskThread "GC Thread#6" [stack: 0x000070000c4a9000,0x000070000c5a9000] [id=64515]
  0x00007fa09e556800 GCTaskThread "GC Thread#7" [stack: 0x000070000c5ac000,0x000070000c6ac000] [id=64003]
  0x00007fa09dc1e800 GCTaskThread "GC Thread#8" [stack: 0x000070000ccc1000,0x000070000cdc1000] [id=122383]
  0x00007fa09dc22000 GCTaskThread "GC Thread#9" [stack: 0x000070000cdc4000,0x000070000cec4000] [id=122115]
  0x00007fa09f808000 ConcurrentGCThread "CMS Main Thread" [stack: 0x000070000a5ba000,0x000070000a6ba000] [id=12291]
  0x00007fa09f807000 GCTaskThread "CMS Thread#0" [stack: 0x000070000a4b7000,0x000070000a5b7000] [id=21251]
  0x00007fa09dafc000 GCTaskThread "CMS Thread#1" [stack: 0x000070000c6af000,0x000070000c7af000] [id=63747]
  0x00007fa09db22800 GCTaskThread "CMS Thread#2" [stack: 0x000070000c7b2000,0x000070000c8b2000] [id=63235]

Threads with active compile tasks:
C2 CompilerThread0  18061 5725       4       sun.security.util.AbstractAlgorithmConstraints::checkAlgorithm (138 bytes)

VM state:not at safepoint (normal execution)

VM Mutex/Monitor currently owned by a thread: None

Heap address: 0x0000000780000000, size: 2048 MB, Compressed Oops mode: Zero based, Oop shift amount: 3
Narrow klass base: 0x0000000800000000, Narrow klass shift: 0
Compressed class space size: 1073741824 Address: 0x0000000800000000

Heap:
 par new generation   total 39296K, used 13321K [0x0000000780000000, 0x0000000782aa0000, 0x00000007aaaa0000)
  eden space 34944K,  26% used [0x0000000780000000, 0x0000000780930ac8, 0x0000000782220000)
  from space 4352K,  89% used [0x0000000782660000, 0x0000000782a31c20, 0x0000000782aa0000)
  to   space 4352K,   0% used [0x0000000782220000, 0x0000000782220000, 0x0000000782660000)
 concurrent mark-sweep generation total 125112K, used 81050K [0x00000007aaaa0000, 0x00000007b24ce000, 0x0000000800000000)
 Metaspace       used 46382K, capacity 47753K, committed 47956K, reserved 1091584K
  class space    used 5443K, capacity 6006K, committed 6092K, reserved 1048576K

Card table byte_map: [0x0000000106126000,0x0000000106527000] _byte_map_base: 0x0000000102526000

Marking Bits: (CMSBitMap*) 0x00007fa09f806b30
 Bits: [0x000000011f2ae000, 0x0000000120803800)

Mod Union Table: (CMSBitMap*) 0x00007fa09f806bd0
 Bits: [0x00000001071d2000, 0x0000000107227560)

Polling page: 0x00000001038e7000

Metaspace:

Usage:
  Non-class:     40.77 MB capacity,    39.98 MB ( 98%) used,   656.95 KB (  2%) free+waste,   152.00 KB ( <1%) overhead. 
      Class:      5.87 MB capacity,     5.32 MB ( 91%) used,   486.84 KB (  8%) free+waste,    75.19 KB (  1%) overhead. 
       Both:     46.63 MB capacity,    45.29 MB ( 97%) used,     1.12 MB (  2%) free+waste,   227.19 KB ( <1%) overhead. 

Virtual space:
  Non-class space:       42.00 MB reserved,      40.88 MB ( 97%) committed 
      Class space:        1.00 GB reserved,       5.95 MB ( <1%) committed 
             Both:        1.04 GB reserved,      46.83 MB (  4%) committed 

Chunk freelists:
   Non-Class:  53.00 KB
       Class:  0 bytes
        Both:  53.00 KB

MaxMetaspaceSize: unlimited
CompressedClassSpaceSize: 1.00 GB

CodeHeap 'non-profiled nmethods': size=120036Kb used=2061Kb max_used=2061Kb free=117974Kb
 bounds [0x0000000117d75000, 0x0000000117fe5000, 0x000000011f2ae000]
CodeHeap 'profiled nmethods': size=120032Kb used=10723Kb max_used=10914Kb free=109308Kb
 bounds [0x000000011083d000, 0x00000001112fd000, 0x0000000117d75000]
CodeHeap 'non-nmethods': size=5692Kb used=1549Kb max_used=1580Kb free=4142Kb
 bounds [0x00000001102ae000, 0x000000011051e000, 0x000000011083d000]
 total_blobs=8242 nmethods=5287 adapters=1011
 compilation: enabled
              stopped_count=0, restarted_count=0
 full_count=0

Compilation events (20 events):
Event: 18.032 Thread 0x00007fa09d017800 nmethod 5942 0x0000000110961b10 code [0x0000000110961cc0, 0x0000000110961e70]
Event: 18.032 Thread 0x00007fa09d017800 5944       2       com.sun.prism.impl.ps.BaseShaderContext::validatePaintOp (321 bytes)
Event: 18.033 Thread 0x00007fa09d017800 nmethod 5944 0x00000001109e1e90 code [0x00000001109e21a0, 0x00000001109e2c48]
Event: 18.033 Thread 0x00007fa09d017800 5945       2       com.sun.prism.impl.ps.BaseShaderContext::getPaintShader (194 bytes)
Event: 18.035 Thread 0x00007fa09d017800 nmethod 5945 0x0000000110cb0990 code [0x0000000110cb0cc0, 0x0000000110cb1978]
Event: 18.035 Thread 0x00007fa09d017800 5946       2       com.sun.prism.impl.ps.BaseShaderContext::getStockShaderIndex (57 bytes)
Event: 18.036 Thread 0x00007fa09d017800 nmethod 5946 0x00000001109ae190 code [0x00000001109ae340, 0x00000001109ae510]
Event: 18.036 Thread 0x00007fa09d017800 5947       2       com.sun.prism.impl.ps.BaseShaderContext::updatePaintShader (157 bytes)
Event: 18.036 Thread 0x00007fa09d017800 nmethod 5947 0x00000001109c6190 code [0x00000001109c63a0, 0x00000001109c6708]
Event: 18.036 Thread 0x00007fa09d017800 5943       1       com.sun.marlin.MaskMarlinAlphaConsumer::getMaskData (5 bytes)
Event: 18.036 Thread 0x00007fa09d017800 nmethod 5943 0x0000000117eeb410 code [0x0000000117eeb5c0, 0x0000000117eeb6d0]
Event: 18.042 Thread 0x00007fa09d017800 5948       1       com.sun.prism.impl.BaseGraphics::hasPreCullingBits (5 bytes)
Event: 18.042 Thread 0x00007fa09d017800 nmethod 5948 0x0000000117eeb090 code [0x0000000117eeb240, 0x0000000117eeb350]
Event: 18.043 Thread 0x00007fa09d017800 5949       2       com.sun.prism.es2.ES2Shader::setConstant (108 bytes)
Event: 18.044 Thread 0x00007fa09d017800 nmethod 5949 0x00000001109d2210 code [0x00000001109d2400, 0x00000001109d28b8]
Event: 18.046 Thread 0x00007fa09d017800 5951       2       com.sun.prism.es2.GLContext::bindFBO (81 bytes)
Event: 18.046 Thread 0x00007fa09d017800 nmethod 5951 0x00000001109c2890 code [0x00000001109c2a60, 0x00000001109c2c88]
Event: 18.046 Thread 0x00007fa09d017800 5952       2       com.sun.javafx.font.FontStrikeDesc::<init> (73 bytes)
Event: 18.047 Thread 0x00007fa09d017800 nmethod 5952 0x00000001109d1a10 code [0x00000001109d1c00, 0x00000001109d1fb8]
Event: 18.047 Thread 0x00007fa09d017800 5955       2       com.sun.javafx.geom.transform.GeneralTransform3D::mul (1991 bytes)

GC Heap History (20 events):
Event: 2.737 GC heap before
{Heap before GC invocations=3 (full 1):
 par new generation   total 39296K, used 35651K [0x0000000780000000, 0x0000000782aa0000, 0x00000007aaaa0000)
  eden space 34944K, 100% used [0x0000000780000000, 0x0000000782220000, 0x0000000782220000)
  from space 4352K,  16% used [0x0000000782660000, 0x0000000782710cc0, 0x0000000782aa0000)
  to   space 4352K,   0% used [0x0000000782220000, 0x0000000782220000, 0x0000000782660000)
 concurrent mark-sweep generation total 87424K, used 49885K [0x00000007aaaa0000, 0x00000007b0000000, 0x0000000800000000)
 Metaspace       used 18000K, capacity 18471K, committed 18816K, reserved 1067008K
  class space    used 1930K, capacity 2094K, committed 2176K, reserved 1048576K
}
Event: 2.743 GC heap after
{Heap after GC invocations=4 (full 1):
 par new generation   total 39296K, used 845K [0x0000000780000000, 0x0000000782aa0000, 0x00000007aaaa0000)
  eden space 34944K,   0% used [0x0000000780000000, 0x0000000780000000, 0x0000000782220000)
  from space 4352K,  19% used [0x0000000782220000, 0x00000007822f35c8, 0x0000000782660000)
  to   space 4352K,   0% used [0x0000000782660000, 0x0000000782660000, 0x0000000782aa0000)
 concurrent mark-sweep generation total 87424K, used 61097K [0x00000007aaaa0000, 0x00000007b0000000, 0x0000000800000000)
 Metaspace       used 18000K, capacity 18471K, committed 18816K, reserved 1067008K
  class space    used 1930K, capacity 2094K, committed 2176K, reserved 1048576K
}
Event: 3.065 GC heap before
{Heap before GC invocations=4 (full 2):
 par new generation   total 39296K, used 26207K [0x0000000780000000, 0x0000000782aa0000, 0x00000007aaaa0000)
  eden space 34944K,  72% used [0x0000000780000000, 0x00000007818c4758, 0x0000000782220000)
  from space 4352K,  19% used [0x0000000782220000, 0x00000007822f35c8, 0x0000000782660000)
  to   space 4352K,   0% used [0x0000000782660000, 0x0000000782660000, 0x0000000782aa0000)
 concurrent mark-sweep generation total 101816K, used 61089K [0x00000007aaaa0000, 0x00000007b0e0e000, 0x0000000800000000)
 Metaspace       used 22255K, capacity 22829K, committed 23168K, reserved 1069056K
  class space    used 2443K, capacity 2661K, committed 2688K, reserved 1048576K
}
Event: 3.074 GC heap after
{Heap after GC invocations=5 (full 2):
 par new generation   total 39296K, used 4352K [0x0000000780000000, 0x0000000782aa0000, 0x00000007aaaa0000)
  eden space 34944K,   0% used [0x0000000780000000, 0x0000000780000000, 0x0000000782220000)
  from space 4352K, 100% used [0x0000000782660000, 0x0000000782aa0000, 0x0000000782aa0000)
  to   space 4352K,   0% used [0x0000000782220000, 0x0000000782220000, 0x0000000782660000)
 concurrent mark-sweep generation total 101816K, used 77190K [0x00000007aaaa0000, 0x00000007b0e0e000, 0x0000000800000000)
 Metaspace       used 22255K, capacity 22829K, committed 23168K, reserved 1069056K
  class space    used 2443K, capacity 2661K, committed 2688K, reserved 1048576K
}
Event: 6.086 GC heap before
{Heap before GC invocations=5 (full 3):
 par new generation   total 39296K, used 39296K [0x0000000780000000, 0x0000000782aa0000, 0x00000007aaaa0000)
  eden space 34944K, 100% used [0x0000000780000000, 0x0000000782220000, 0x0000000782220000)
  from space 4352K, 100% used [0x0000000782660000, 0x0000000782aa0000, 0x0000000782aa0000)
  to   space 4352K,   0% used [0x0000000782220000, 0x0000000782220000, 0x0000000782660000)
 concurrent mark-sweep generation total 101816K, used 77190K [0x00000007aaaa0000, 0x00000007b0e0e000, 0x0000000800000000)
 Metaspace       used 24609K, capacity 25241K, committed 25600K, reserved 1071104K
  class space    used 2734K, capacity 2953K, committed 3072K, reserved 1048576K
}
Event: 6.090 GC heap after
{Heap after GC invocations=6 (full 3):
 par new generation   total 39296K, used 4339K [0x0000000780000000, 0x0000000782aa0000, 0x00000007aaaa0000)
  eden space 34944K,   0% used [0x0000000780000000, 0x0000000780000000, 0x0000000782220000)
  from space 4352K,  99% used [0x0000000782220000, 0x000000078265cdc8, 0x0000000782660000)
  to   space 4352K,   0% used [0x0000000782660000, 0x0000000782660000, 0x0000000782aa0000)
 concurrent mark-sweep generation total 101816K, used 85391K [0x00000007aaaa0000, 0x00000007b0e0e000, 0x0000000800000000)
 Metaspace       used 24609K, capacity 25241K, committed 25600K, reserved 1071104K
  class space    used 2734K, capacity 2953K, committed 3072K, reserved 1048576K
}
Event: 6.930 GC heap before
{Heap before GC invocations=6 (full 3):
 par new generation   total 39296K, used 39283K [0x0000000780000000, 0x0000000782aa0000, 0x00000007aaaa0000)
  eden space 34944K, 100% used [0x0000000780000000, 0x0000000782220000, 0x0000000782220000)
  from space 4352K,  99% used [0x0000000782220000, 0x000000078265cdc8, 0x0000000782660000)
  to   space 4352K,   0% used [0x0000000782660000, 0x0000000782660000, 0x0000000782aa0000)
 concurrent mark-sweep generation total 101816K, used 51733K [0x00000007aaaa0000, 0x00000007b0e0e000, 0x0000000800000000)
 Metaspace       used 25430K, capacity 26075K, committed 26368K, reserved 1073152K
  class space    used 2779K, capacity 2999K, committed 3072K, reserved 1048576K
}
Event: 6.932 GC heap after
{Heap after GC invocations=7 (full 3):
 par new generation   total 39296K, used 4291K [0x0000000780000000, 0x0000000782aa0000, 0x00000007aaaa0000)
  eden space 34944K,   0% used [0x0000000780000000, 0x0000000780000000, 0x0000000782220000)
  from space 4352K,  98% used [0x0000000782660000, 0x0000000782a90f70, 0x0000000782aa0000)
  to   space 4352K,   0% used [0x0000000782220000, 0x0000000782220000, 0x0000000782660000)
 concurrent mark-sweep generation total 101816K, used 57425K [0x00000007aaaa0000, 0x00000007b0e0e000, 0x0000000800000000)
 Metaspace       used 25430K, capacity 26075K, committed 26368K, reserved 1073152K
  class space    used 2779K, capacity 2999K, committed 3072K, reserved 1048576K
}
Event: 15.436 GC heap before
{Heap before GC invocations=7 (full 3):
 par new generation   total 39296K, used 39235K [0x0000000780000000, 0x0000000782aa0000, 0x00000007aaaa0000)
  eden space 34944K, 100% used [0x0000000780000000, 0x0000000782220000, 0x0000000782220000)
  from space 4352K,  98% used [0x0000000782660000, 0x0000000782a90f70, 0x0000000782aa0000)
  to   space 4352K,   0% used [0x0000000782220000, 0x0000000782220000, 0x0000000782660000)
 concurrent mark-sweep generation total 101816K, used 57425K [0x00000007aaaa0000, 0x00000007b0e0e000, 0x0000000800000000)
 Metaspace       used 31679K, capacity 32433K, committed 32640K, reserved 1077248K
  class space    used 3576K, capacity 3864K, committed 3968K, reserved 1048576K
}
Event: 15.442 GC heap after
{Heap after GC invocations=8 (full 3):
 par new generation   total 39296K, used 2925K [0x0000000780000000, 0x0000000782aa0000, 0x00000007aaaa0000)
  eden space 34944K,   0% used [0x0000000780000000, 0x0000000780000000, 0x0000000782220000)
  from space 4352K,  67% used [0x0000000782220000, 0x00000007824fb458, 0x0000000782660000)
  to   space 4352K,   0% used [0x0000000782660000, 0x0000000782660000, 0x0000000782aa0000)
 concurrent mark-sweep generation total 101816K, used 68815K [0x00000007aaaa0000, 0x00000007b0e0e000, 0x0000000800000000)
 Metaspace       used 31679K, capacity 32433K, committed 32640K, reserved 1077248K
  class space    used 3576K, capacity 3864K, committed 3968K, reserved 1048576K
}
Event: 15.763 GC heap before
{Heap before GC invocations=8 (full 3):
 par new generation   total 39296K, used 33927K [0x0000000780000000, 0x0000000782aa0000, 0x00000007aaaa0000)
  eden space 34944K,  88% used [0x0000000780000000, 0x0000000781e46a90, 0x0000000782220000)
  from space 4352K,  67% used [0x0000000782220000, 0x00000007824fb458, 0x0000000782660000)
  to   space 4352K,   0% used [0x0000000782660000, 0x0000000782660000, 0x0000000782aa0000)
 concurrent mark-sweep generation total 101816K, used 68815K [0x00000007aaaa0000, 0x00000007b0e0e000, 0x0000000800000000)
 Metaspace       used 36057K, capacity 36996K, committed 37248K, reserved 1081344K
  class space    used 4312K, capacity 4670K, committed 4736K, reserved 1048576K
}
Event: 15.766 GC heap after
{Heap after GC invocations=9 (full 3):
 par new generation   total 39296K, used 2791K [0x0000000780000000, 0x0000000782aa0000, 0x00000007aaaa0000)
  eden space 34944K,   0% used [0x0000000780000000, 0x0000000780000000, 0x0000000782220000)
  from space 4352K,  64% used [0x0000000782660000, 0x0000000782919ec0, 0x0000000782aa0000)
  to   space 4352K,   0% used [0x0000000782220000, 0x0000000782220000, 0x0000000782660000)
 concurrent mark-sweep generation total 101816K, used 79609K [0x00000007aaaa0000, 0x00000007b0e0e000, 0x0000000800000000)
 Metaspace       used 36057K, capacity 36996K, committed 37248K, reserved 1081344K
  class space    used 4312K, capacity 4670K, committed 4736K, reserved 1048576K
}
Event: 16.126 GC heap before
{Heap before GC invocations=9 (full 4):
 par new generation   total 39296K, used 38054K [0x0000000780000000, 0x0000000782aa0000, 0x00000007aaaa0000)
  eden space 34944K, 100% used [0x0000000780000000, 0x0000000782220000, 0x0000000782220000)
  from space 4352K,  71% used [0x0000000782660000, 0x0000000782969988, 0x0000000782aa0000)
  to   space 4352K,   0% used [0x0000000782220000, 0x0000000782220000, 0x0000000782660000)
 concurrent mark-sweep generation total 101816K, used 79609K [0x00000007aaaa0000, 0x00000007b0e0e000, 0x0000000800000000)
 Metaspace       used 42236K, capacity 43396K, committed 43684K, reserved 1087488K
  class space    used 5038K, capacity 5545K, committed 5580K, reserved 1048576K
}
Event: 16.130 GC heap after
{Heap after GC invocations=10 (full 4):
 par new generation   total 39296K, used 4352K [0x0000000780000000, 0x0000000782aa0000, 0x00000007aaaa0000)
  eden space 34944K,   0% used [0x0000000780000000, 0x0000000780000000, 0x0000000782220000)
  from space 4352K, 100% used [0x0000000782220000, 0x0000000782660000, 0x0000000782660000)
  to   space 4352K,   0% used [0x0000000782660000, 0x0000000782660000, 0x0000000782aa0000)
 concurrent mark-sweep generation total 101816K, used 90897K [0x00000007aaaa0000, 0x00000007b0e0e000, 0x0000000800000000)
 Metaspace       used 42236K, capacity 43396K, committed 43684K, reserved 1087488K
  class space    used 5038K, capacity 5545K, committed 5580K, reserved 1048576K
}
Event: 16.460 GC heap before
{Heap before GC invocations=10 (full 4):
 par new generation   total 39296K, used 39296K [0x0000000780000000, 0x0000000782aa0000, 0x00000007aaaa0000)
  eden space 34944K, 100% used [0x0000000780000000, 0x0000000782220000, 0x0000000782220000)
  from space 4352K, 100% used [0x0000000782220000, 0x0000000782660000, 0x0000000782660000)
  to   space 4352K,   0% used [0x0000000782660000, 0x0000000782660000, 0x0000000782aa0000)
 concurrent mark-sweep generation total 122672K, used 73908K [0x00000007aaaa0000, 0x00000007b226c000, 0x0000000800000000)
 Metaspace       used 43597K, capacity 44827K, committed 45012K, reserved 1089536K
  class space    used 5183K, capacity 5701K, committed 5708K, reserved 1048576K
}
Event: 16.464 GC heap after
{Heap after GC invocations=11 (full 4):
 par new generation   total 39296K, used 3740K [0x0000000780000000, 0x0000000782aa0000, 0x00000007aaaa0000)
  eden space 34944K,   0% used [0x0000000780000000, 0x0000000780000000, 0x0000000782220000)
  from space 4352K,  85% used [0x0000000782660000, 0x0000000782a07270, 0x0000000782aa0000)
  to   space 4352K,   0% used [0x0000000782220000, 0x0000000782220000, 0x0000000782660000)
 concurrent mark-sweep generation total 122672K, used 78050K [0x00000007aaaa0000, 0x00000007b226c000, 0x0000000800000000)
 Metaspace       used 43597K, capacity 44827K, committed 45012K, reserved 1089536K
  class space    used 5183K, capacity 5701K, committed 5708K, reserved 1048576K
}
Event: 17.079 GC heap before
{Heap before GC invocations=11 (full 4):
 par new generation   total 39296K, used 39021K [0x0000000780000000, 0x0000000782aa0000, 0x00000007aaaa0000)
  eden space 34944K, 100% used [0x0000000780000000, 0x0000000782220000, 0x0000000782220000)
  from space 4352K,  93% used [0x0000000782660000, 0x0000000782a5b508, 0x0000000782aa0000)
  to   space 4352K,   0% used [0x0000000782220000, 0x0000000782220000, 0x0000000782660000)
 concurrent mark-sweep generation total 122672K, used 78050K [0x00000007aaaa0000, 0x00000007b226c000, 0x0000000800000000)
 Metaspace       used 44685K, capacity 45931K, committed 46164K, reserved 1089536K
  class space    used 5280K, capacity 5810K, committed 5836K, reserved 1048576K
}
Event: 17.082 GC heap after
{Heap after GC invocations=12 (full 4):
 par new generation   total 39296K, used 4352K [0x0000000780000000, 0x0000000782aa0000, 0x00000007aaaa0000)
  eden space 34944K,   0% used [0x0000000780000000, 0x0000000780000000, 0x0000000782220000)
  from space 4352K, 100% used [0x0000000782220000, 0x0000000782660000, 0x0000000782660000)
  to   space 4352K,   0% used [0x0000000782660000, 0x0000000782660000, 0x0000000782aa0000)
 concurrent mark-sweep generation total 122672K, used 83859K [0x00000007aaaa0000, 0x00000007b226c000, 0x0000000800000000)
 Metaspace       used 44685K, capacity 45931K, committed 46164K, reserved 1089536K
  class space    used 5280K, capacity 5810K, committed 5836K, reserved 1048576K
}
Event: 17.730 GC heap before
{Heap before GC invocations=12 (full 5):
 par new generation   total 39296K, used 39296K [0x0000000780000000, 0x0000000782aa0000, 0x00000007aaaa0000)
  eden space 34944K, 100% used [0x0000000780000000, 0x0000000782220000, 0x0000000782220000)
  from space 4352K, 100% used [0x0000000782220000, 0x0000000782660000, 0x0000000782660000)
  to   space 4352K,   0% used [0x0000000782660000, 0x0000000782660000, 0x0000000782aa0000)
 concurrent mark-sweep generation total 125112K, used 75065K [0x00000007aaaa0000, 0x00000007b24ce000, 0x0000000800000000)
 Metaspace       used 46004K, capacity 47344K, committed 47700K, reserved 1091584K
  class space    used 5415K, capacity 5979K, committed 6092K, reserved 1048576K
}
Event: 17.733 GC heap after
{Heap after GC invocations=13 (full 5):
 par new generation   total 39296K, used 3911K [0x0000000780000000, 0x0000000782aa0000, 0x00000007aaaa0000)
  eden space 34944K,   0% used [0x0000000780000000, 0x0000000780000000, 0x0000000782220000)
  from space 4352K,  89% used [0x0000000782660000, 0x0000000782a31c20, 0x0000000782aa0000)
  to   space 4352K,   0% used [0x0000000782220000, 0x0000000782220000, 0x0000000782660000)
 concurrent mark-sweep generation total 125112K, used 81050K [0x00000007aaaa0000, 0x00000007b24ce000, 0x0000000800000000)
 Metaspace       used 46004K, capacity 47344K, committed 47700K, reserved 1091584K
  class space    used 5415K, capacity 5979K, committed 6092K, reserved 1048576K
}

Deoptimization events (20 events):
Event: 17.652 Thread 0x00007fa09f4bb000 DEOPT PACKING pc=0x000000011105746f sp=0x000070000e59ac60
Event: 17.652 Thread 0x00007fa09f4bb000 DEOPT UNPACKING pc=0x00000001102d613a sp=0x000070000e59a108 mode 0
Event: 17.661 Thread 0x00007fa09f4bb000 DEOPT PACKING pc=0x000000011105746f sp=0x000070000e59ac60
Event: 17.661 Thread 0x00007fa09f4bb000 DEOPT UNPACKING pc=0x00000001102d613a sp=0x000070000e59a108 mode 0
Event: 17.661 Thread 0x00007fa09f438000 DEOPT PACKING pc=0x0000000111274382 sp=0x000070000e8a41e0
Event: 17.661 Thread 0x00007fa09f438000 DEOPT UNPACKING pc=0x00000001102d613a sp=0x000070000e8a36b8 mode 0
Event: 17.671 Thread 0x00007fa09f4bb000 DEOPT PACKING pc=0x000000011105746f sp=0x000070000e59ac60
Event: 17.671 Thread 0x00007fa09f4bb000 DEOPT UNPACKING pc=0x00000001102d613a sp=0x000070000e59a108 mode 0
Event: 17.680 Thread 0x00007fa09f4bb000 DEOPT PACKING pc=0x000000011105746f sp=0x000070000e59ac60
Event: 17.680 Thread 0x00007fa09f4bb000 DEOPT UNPACKING pc=0x00000001102d613a sp=0x000070000e59a108 mode 0
Event: 17.766 Thread 0x00007fa09dba7000 DEOPT PACKING pc=0x000000011119d32b sp=0x000070000ebad050
Event: 17.766 Thread 0x00007fa09dba7000 DEOPT UNPACKING pc=0x00000001102d613a sp=0x000070000ebac4b0 mode 0
Event: 17.822 Thread 0x00007fa0a2802000 DEOPT PACKING pc=0x0000000110932da7 sp=0x000070000db7daf0
Event: 17.822 Thread 0x00007fa0a2802000 DEOPT UNPACKING pc=0x00000001102d613a sp=0x000070000db7cfb8 mode 0
Event: 17.823 Thread 0x00007fa0a2802000 DEOPT PACKING pc=0x0000000110932d81 sp=0x000070000db7d8d0
Event: 17.823 Thread 0x00007fa0a2802000 DEOPT UNPACKING pc=0x00000001102d613a sp=0x000070000db7cd98 mode 0
Event: 17.863 Thread 0x00007fa09f502000 DEOPT PACKING pc=0x000000011109ae70 sp=0x000070000e69e370
Event: 17.863 Thread 0x00007fa09f502000 DEOPT UNPACKING pc=0x00000001102d613a sp=0x000070000e69d8f8 mode 0
Event: 17.902 Thread 0x00007fa0a617b800 DEOPT PACKING pc=0x0000000111287906 sp=0x000070000aac4510
Event: 17.902 Thread 0x00007fa0a617b800 DEOPT UNPACKING pc=0x00000001102d613a sp=0x000070000aac3990 mode 0

Classes redefined (0 events):
No events

Internal exceptions (20 events):
Event: 15.837 Thread 0x00007fa09f00d800 Exception <a 'java/lang/NoSuchMethodError'{0x0000000780f65e38}: 'java.lang.Object java.lang.invoke.DelegatingMethodHandle$Holder.reinvoke_L(java.lang.Object, long, java.lang.Object)'> (0x0000000780f65e38) thrown at [/corretto/workspace/corretto11-repo/ins
Event: 15.841 Thread 0x00007fa09f00d800 Exception <a 'java/lang/NoSuchMethodError'{0x0000000780fe60e0}: 'java.lang.Object java.lang.invoke.DelegatingMethodHandle$Holder.reinvoke_L(java.lang.Object, java.lang.Object, int, int, long, int, java.lang.Object, java.lang.Object, java.lang.Object, int)
Event: 15.844 Thread 0x00007fa09f00d800 Exception <a 'java/lang/NoSuchMethodError'{0x0000000781045220}: 'java.lang.Object java.lang.invoke.DirectMethodHandle$Holder.invokeSpecial(java.lang.Object, java.lang.Object, int, int, int, long, int, java.lang.Object, java.lang.Object, java.lang.Object, 
Event: 15.844 Thread 0x00007fa09f00d800 Exception <a 'java/lang/NoSuchMethodError'{0x0000000781048d58}: 'java.lang.Object java.lang.invoke.DelegatingMethodHandle$Holder.reinvoke_L(java.lang.Object, int, int, int, long, int, java.lang.Object, java.lang.Object, java.lang.Object, int)'> (0x0000000
Event: 15.844 Thread 0x00007fa09f00d800 Exception <a 'java/lang/NoSuchMethodError'{0x0000000781050958}: 'java.lang.Object java.lang.invoke.DirectMethodHandle$Holder.invokeStatic(java.lang.Object, java.lang.Object, java.lang.Object, java.lang.Object, java.lang.Object, int)'> (0x0000000781050958)
Event: 15.851 Thread 0x00007fa09f00d800 Exception <a 'java/lang/NoSuchMethodError'{0x00000007811179a8}: 'java.lang.Object java.lang.invoke.DelegatingMethodHandle$Holder.reinvoke_L(java.lang.Object, java.lang.Object, long)'> (0x00000007811179a8) thrown at [/corretto/workspace/corretto11-repo/ins
Event: 15.898 Thread 0x00007fa0a0083000 Exception <a 'java/lang/NoSuchMethodError'{0x00000007813484d8}: 'int java.lang.invoke.DirectMethodHandle$Holder.invokeSpecialIFC(java.lang.Object, java.lang.Object, int)'> (0x00000007813484d8) thrown at [/corretto/workspace/corretto11-repo/installers/mac/
Event: 15.907 Thread 0x00007fa0a0083000 Exception <a 'java/lang/NoSuchMethodError'{0x000000078139a478}: 'int java.lang.invoke.DirectMethodHandle$Holder.invokeStaticInit(java.lang.Object, java.lang.Object, java.lang.Object, java.lang.Object)'> (0x000000078139a478) thrown at [/corretto/workspace/
Event: 15.908 Thread 0x00007fa0a0083000 Exception <a 'java/lang/IncompatibleClassChangeError'{0x00000007813a32f0}: Found class java.lang.Object, but interface was expected> (0x00000007813a32f0) thrown at [/corretto/workspace/corretto11-repo/installers/mac/tar/corretto-build/buildRoot/src/src/ho
Event: 16.273 Thread 0x00007fa09f00d800 Exception <a 'java/lang/NoSuchMethodError'{0x0000000780d68b58}: 'java.lang.Object java.lang.invoke.DelegatingMethodHandle$Holder.reinvoke_L(java.lang.Object, java.lang.Object, int, int, long, int, int, java.lang.Object, java.lang.Object, int)'> (0x0000000
Event: 16.275 Thread 0x00007fa09f00d800 Exception <a 'java/lang/NoSuchMethodError'{0x0000000780dc6690}: 'java.lang.Object java.lang.invoke.DirectMethodHandle$Holder.invokeSpecial(java.lang.Object, java.lang.Object, int, int, int, long, int, int, java.lang.Object, java.lang.Object, int)'> (0x000
Event: 16.275 Thread 0x00007fa09f00d800 Exception <a 'java/lang/NoSuchMethodError'{0x0000000780dc9e30}: 'java.lang.Object java.lang.invoke.DelegatingMethodHandle$Holder.reinvoke_L(java.lang.Object, int, int, int, long, int, int, java.lang.Object, java.lang.Object, int)'> (0x0000000780dc9e30) th
Event: 17.001 Thread 0x00007fa09f00d800 Exception <a 'java/io/FileNotFoundException'{0x0000000781f7d610}> (0x0000000781f7d610) thrown at [/corretto/workspace/corretto11-repo/installers/mac/tar/corretto-build/buildRoot/src/src/hotspot/share/prims/jni.cpp, line 615]
Event: 17.001 Thread 0x00007fa09f00d800 Exception <a 'java/io/FileNotFoundException'{0x0000000781f80b10}> (0x0000000781f80b10) thrown at [/corretto/workspace/corretto11-repo/installers/mac/tar/corretto-build/buildRoot/src/src/hotspot/share/prims/jni.cpp, line 615]
Event: 17.001 Thread 0x00007fa09f00d800 Exception <a 'java/io/FileNotFoundException'{0x0000000781f81a80}> (0x0000000781f81a80) thrown at [/corretto/workspace/corretto11-repo/installers/mac/tar/corretto-build/buildRoot/src/src/hotspot/share/prims/jni.cpp, line 615]
Event: 17.002 Thread 0x00007fa09f00d800 Exception <a 'java/io/FileNotFoundException'{0x0000000781f944d0}> (0x0000000781f944d0) thrown at [/corretto/workspace/corretto11-repo/installers/mac/tar/corretto-build/buildRoot/src/src/hotspot/share/prims/jni.cpp, line 615]
Event: 17.261 Thread 0x00007fa0a617b800 Exception <a 'java/lang/NoSuchMethodError'{0x0000000780d5c9c8}: 'java.lang.Object java.lang.invoke.DirectMethodHandle$Holder.invokeStaticInit(java.lang.Object, int)'> (0x0000000780d5c9c8) thrown at [/corretto/workspace/corretto11-repo/installers/mac/tar/c
Event: 17.794 Thread 0x00007fa09f00d800 Exception <a 'java/lang/NoSuchMethodError'{0x000000078027e418}: 'java.lang.Object java.lang.invoke.DirectMethodHandle$Holder.invokeStatic(java.lang.Object, java.lang.Object, java.lang.Object, java.lang.Object, java.lang.Object, java.lang.Object, java.lang
Event: 18.047 Thread 0x00007fa0a041c800 Exception <a 'java/lang/NoClassDefFoundError'{0x00000007808ea940}: com/sun/webkit/FileSystem> (0x00000007808ea940) thrown at [/corretto/workspace/corretto11-repo/installers/mac/tar/corretto-build/buildRoot/src/src/hotspot/share/classfile/systemDictionary.
Event: 18.047 Thread 0x00007fa0a041c800 Exception <a 'java/lang/NoSuchMethodError'{0x00000007808eac50}: fwkMakeAllDirectories> (0x00000007808eac50) thrown at [/corretto/workspace/corretto11-repo/installers/mac/tar/corretto-build/buildRoot/src/src/hotspot/share/prims/jni.cpp, line 1331]

Events (20 events):
Event: 18.000 Thread 0x00007fa09d01b800 flushing nmethod 0x00000001110baa90
Event: 18.000 Thread 0x00007fa09d01b800 flushing nmethod 0x00000001110bae90
Event: 18.000 Thread 0x00007fa09d01b800 flushing nmethod 0x00000001110d0b10
Event: 18.000 Thread 0x00007fa09d01b800 flushing nmethod 0x00000001110d0f10
Event: 18.000 Thread 0x00007fa09d01b800 flushing nmethod 0x00000001110d3a90
Event: 18.000 Thread 0x00007fa09d01b800 flushing nmethod 0x00000001110d4210
Event: 18.000 Thread 0x00007fa09d01b800 flushing nmethod 0x00000001110d4990
Event: 18.000 Thread 0x00007fa09d01b800 flushing nmethod 0x00000001110dd490
Event: 18.000 Thread 0x00007fa09d01b800 flushing nmethod 0x000000011115ee10
Event: 18.000 Thread 0x00007fa09d01b800 flushing nmethod 0x000000011119ed90
Event: 18.007 Executing VM operation: RevokeBias
Event: 18.007 Executing VM operation: RevokeBias done
Event: 18.024 Executing VM operation: RevokeBias
Event: 18.024 Executing VM operation: RevokeBias done
Event: 18.042 Executing VM operation: RevokeBias
Event: 18.042 Executing VM operation: RevokeBias done
Event: 18.047 Protecting memory [0x000070000efc5000,0x000070000efc9000] with protection modes 0
Event: 18.047 Thread 0x00007fa0a041c800 Thread added: 0x00007fa0a041c800
Event: 18.047 loading class com/sun/webkit/FileSystem
Event: 18.047 loading class com/sun/webkit/FileSystem done


Dynamic libraries:
0x00007fff36b65000 	/System/Library/Frameworks/Cocoa.framework/Versions/A/Cocoa
0x00007fff44131000 	/System/Library/Frameworks/Security.framework/Versions/A/Security
0x00007fff35af0000 	/System/Library/Frameworks/ApplicationServices.framework/Versions/A/ApplicationServices
0x00007fff6e516000 	/usr/lib/libz.1.dylib
0x0000000103872000 	/Library/Java/JavaVirtualMachines/amazon-corretto-11.jdk/Contents/Home/lib/jli/libjli.dylib
0x00007fff6bfe9000 	/usr/lib/libSystem.B.dylib
0x00007fff34ce5000 	/System/Library/Frameworks/AppKit.framework/Versions/C/AppKit
0x00007fff375e8000 	/System/Library/Frameworks/CoreData.framework/Versions/A/CoreData
0x00007fff3a1a0000 	/System/Library/Frameworks/Foundation.framework/Versions/C/Foundation
0x00007fff68894000 	/System/Library/PrivateFrameworks/UIFoundation.framework/Versions/A/UIFoundation
0x00007fff6307f000 	/System/Library/PrivateFrameworks/RemoteViewServices.framework/Versions/A/RemoteViewServices
0x00007fff6b324000 	/System/Library/PrivateFrameworks/XCTTargetBootstrap.framework/Versions/A/XCTTargetBootstrap
0x00007fff379cb000 	/System/Library/Frameworks/CoreDisplay.framework/Versions/A/CoreDisplay
0x00007fff3cf18000 	/System/Library/Frameworks/Metal.framework/Versions/A/Metal
0x00007fff514a0000 	/System/Library/PrivateFrameworks/DesktopServicesPriv.framework/Versions/A/DesktopServicesPriv
0x00007fff6d11f000 	/usr/lib/liblangid.dylib
0x00007fff505f7000 	/System/Library/PrivateFrameworks/CoreSVG.framework/Versions/A/CoreSVG
0x00007fff65e41000 	/System/Library/PrivateFrameworks/SkyLight.framework/Versions/A/SkyLight
0x00007fff37f5d000 	/System/Library/Frameworks/CoreGraphics.framework/Versions/A/CoreGraphics
0x00007fff33884000 	/System/Library/Frameworks/Accelerate.framework/Versions/A/Accelerate
0x00007fff6e407000 	/usr/lib/libxml2.2.dylib
0x00007fff5c1be000 	/System/Library/PrivateFrameworks/IconServices.framework/Versions/A/IconServices
0x00007fff3a984000 	/System/Library/Frameworks/IOSurface.framework/Versions/A/IOSurface
0x00007fff6bb21000 	/usr/lib/libDiagnosticMessagesClient.dylib
0x00007fff51319000 	/System/Library/PrivateFrameworks/DFRFoundation.framework/Versions/A/DFRFoundation
0x00007fff6cead000 	/usr/lib/libicucore.A.dylib
0x00007fff35e22000 	/System/Library/Frameworks/AudioToolbox.framework/Versions/A/AudioToolbox
0x00007fff35f04000 	/System/Library/Frameworks/AudioUnit.framework/Versions/A/AudioUnit
0x00007fff6c1ea000 	/usr/lib/libauto.dylib
0x00007fff5139a000 	/System/Library/PrivateFrameworks/DataDetectorsCore.framework/Versions/A/DataDetectorsCore
0x00007fff36685000 	/System/Library/Frameworks/Carbon.framework/Versions/A/Frameworks/HIToolbox.framework/Versions/A/HIToolbox
0x00007fff43363000 	/System/Library/Frameworks/QuartzCore.framework/Versions/A/QuartzCore
0x00007fff369c4000 	/System/Library/Frameworks/Carbon.framework/Versions/A/Frameworks/SpeechRecognition.framework/Versions/A/SpeechRecognition
0x00007fff50c9f000 	/System/Library/PrivateFrameworks/CoreUI.framework/Versions/A/CoreUI
0x00007fff3704e000 	/System/Library/Frameworks/CoreAudio.framework/Versions/A/CoreAudio
0x00007fff39e68000 	/System/Library/Frameworks/DiskArbitration.framework/Versions/A/DiskArbitration
0x00007fff5e1d2000 	/System/Library/PrivateFrameworks/MultitouchSupport.framework/Versions/A/MultitouchSupport
0x00007fff6cd73000 	/usr/lib/libenergytrace.dylib
0x00007fff3a8df000 	/System/Library/Frameworks/IOKit.framework/Versions/A/IOKit
0x00007fff38ecb000 	/System/Library/Frameworks/CoreServices.framework/Versions/A/CoreServices
0x00007fff602dc000 	/System/Library/PrivateFrameworks/PerformanceAnalysis.framework/Versions/A/PerformanceAnalysis
0x00007fff42399000 	/System/Library/Frameworks/OpenGL.framework/Versions/A/OpenGL
0x00007fff6de3a000 	/usr/lib/libobjc.A.dylib
0x00007fff36b73000 	/System/Library/Frameworks/ColorSync.framework/Versions/A/ColorSync
0x00007fff37adb000 	/System/Library/Frameworks/CoreFoundation.framework/Versions/A/CoreFoundation
0x00007fff385e4000 	/System/Library/Frameworks/CoreImage.framework/Versions/A/CoreImage
0x00007fff39941000 	/System/Library/Frameworks/CoreText.framework/Versions/A/CoreText
0x00007fff3aa0a000 	/System/Library/Frameworks/ImageIO.framework/Versions/A/ImageIO
0x00007fff6c2cf000 	/usr/lib/libc++.1.dylib
0x00007fff6c34b000 	/usr/lib/libcompression.dylib
0x00007fff6be63000 	/usr/lib/libMobileGestalt.dylib
0x00007fff67976000 	/System/Library/PrivateFrameworks/TextureIO.framework/Versions/A/TextureIO
0x00007fff6c150000 	/usr/lib/libate.dylib
0x00007fff5c3c7000 	/System/Library/PrivateFrameworks/InternationalSupport.framework/Versions/A/InternationalSupport
0x00007fff6ef8c000 	/usr/lib/system/libcache.dylib
0x00007fff6ef92000 	/usr/lib/system/libcommonCrypto.dylib
0x00007fff6ef9e000 	/usr/lib/system/libcompiler_rt.dylib
0x00007fff6efa6000 	/usr/lib/system/libcopyfile.dylib
0x00007fff6efb0000 	/usr/lib/system/libcorecrypto.dylib
0x00007fff6f15e000 	/usr/lib/system/libdispatch.dylib
0x00007fff6f1a0000 	/usr/lib/system/libdyld.dylib
0x00007fff6f1d6000 	/usr/lib/system/libkeymgr.dylib
0x00007fff6f1e4000 	/usr/lib/system/liblaunch.dylib
0x00007fff6f1e5000 	/usr/lib/system/libmacho.dylib
0x00007fff6f1eb000 	/usr/lib/system/libquarantine.dylib
0x00007fff6f1ee000 	/usr/lib/system/libremovefile.dylib
0x00007fff6f1f0000 	/usr/lib/system/libsystem_asl.dylib
0x00007fff6f208000 	/usr/lib/system/libsystem_blocks.dylib
0x00007fff6f209000 	/usr/lib/system/libsystem_c.dylib
0x00007fff6f291000 	/usr/lib/system/libsystem_configuration.dylib
0x00007fff6f295000 	/usr/lib/system/libsystem_coreservices.dylib
0x00007fff6f299000 	/usr/lib/system/libsystem_darwin.dylib
0x00007fff6f2a2000 	/usr/lib/system/libsystem_dnssd.dylib
0x00007fff6f2aa000 	/usr/lib/system/libsystem_featureflags.dylib
0x00007fff6f2ac000 	/usr/lib/system/libsystem_info.dylib
0x00007fff6f327000 	/usr/lib/system/libsystem_m.dylib
0x00007fff6f36f000 	/usr/lib/system/libsystem_malloc.dylib
0x00007fff6f397000 	/usr/lib/system/libsystem_networkextension.dylib
0x00007fff6f3a5000 	/usr/lib/system/libsystem_notify.dylib
0x00007fff6f3c4000 	/usr/lib/system/libsystem_sandbox.dylib
0x00007fff6f3c9000 	/usr/lib/system/libsystem_secinit.dylib
0x00007fff6f2fa000 	/usr/lib/system/libsystem_kernel.dylib
0x00007fff6f3af000 	/usr/lib/system/libsystem_platform.dylib
0x00007fff6f3b9000 	/usr/lib/system/libsystem_pthread.dylib
0x00007fff6f3cc000 	/usr/lib/system/libsystem_symptoms.dylib
0x00007fff6f3d4000 	/usr/lib/system/libsystem_trace.dylib
0x00007fff6f3ec000 	/usr/lib/system/libunwind.dylib
0x00007fff6f3f2000 	/usr/lib/system/libxpc.dylib
0x00007fff6c323000 	/usr/lib/libc++abi.dylib
0x00007fff6d121000 	/usr/lib/liblzma.5.dylib
0x00007fff6cd9b000 	/usr/lib/libfakelink.dylib
0x00007fff6c0dd000 	/usr/lib/libarchive.2.dylib
0x00007fff452d1000 	/System/Library/Frameworks/SystemConfiguration.framework/Versions/A/SystemConfiguration
0x00007fff6ba52000 	/usr/lib/libCRFSuite.dylib
0x00007fff3627a000 	/System/Library/Frameworks/CFNetwork.framework/Versions/A/CFNetwork
0x00007fff6c2b1000 	/usr/lib/libbsm.0.dylib
0x00007fff6f1d7000 	/usr/lib/system/libkxld.dylib
0x00007fff4addb000 	/System/Library/PrivateFrameworks/AppleFSCompression.framework/Versions/A/AppleFSCompression
0x00007fff6c632000 	/usr/lib/libcoretls.dylib
0x00007fff6c649000 	/usr/lib/libcoretls_cfhelpers.dylib
0x00007fff6de7e000 	/usr/lib/libpam.2.dylib
0x00007fff6dfb1000 	/usr/lib/libsqlite3.dylib
0x00007fff6e3f4000 	/usr/lib/libxar.1.dylib
0x00007fff6c2c2000 	/usr/lib/libbz2.1.0.dylib
0x00007fff6cdbc000 	/usr/lib/libiconv.2.dylib
0x00007fff6c338000 	/usr/lib/libcharset.1.dylib
0x00007fff6d925000 	/usr/lib/libnetwork.dylib
0x00007fff6de85000 	/usr/lib/libpcap.A.dylib
0x00007fff6c092000 	/usr/lib/libapple_nghttp2.dylib
0x00007fff39282000 	/System/Library/Frameworks/CoreServices.framework/Versions/A/Frameworks/FSEvents.framework/Versions/A/FSEvents
0x00007fff38f52000 	/System/Library/Frameworks/CoreServices.framework/Versions/A/Frameworks/CarbonCore.framework/Versions/A/CarbonCore
0x00007fff394c5000 	/System/Library/Frameworks/CoreServices.framework/Versions/A/Frameworks/Metadata.framework/Versions/A/Metadata
0x00007fff3955e000 	/System/Library/Frameworks/CoreServices.framework/Versions/A/Frameworks/OSServices.framework/Versions/A/OSServices
0x00007fff3958c000 	/System/Library/Frameworks/CoreServices.framework/Versions/A/Frameworks/SearchKit.framework/Versions/A/SearchKit
0x00007fff38ecc000 	/System/Library/Frameworks/CoreServices.framework/Versions/A/Frameworks/AE.framework/Versions/A/AE
0x00007fff3928b000 	/System/Library/Frameworks/CoreServices.framework/Versions/A/Frameworks/LaunchServices.framework/Versions/A/LaunchServices
0x00007fff39234000 	/System/Library/Frameworks/CoreServices.framework/Versions/A/Frameworks/DictionaryServices.framework/Versions/A/DictionaryServices
0x00007fff395f4000 	/System/Library/Frameworks/CoreServices.framework/Versions/A/Frameworks/SharedFileList.framework/Versions/A/SharedFileList
0x00007fff3e1ed000 	/System/Library/Frameworks/NetFS.framework/Versions/A/NetFS
0x00007fff5e6ff000 	/System/Library/PrivateFrameworks/NetAuth.framework/Versions/A/NetAuth
0x00007fff6b6ef000 	/System/Library/PrivateFrameworks/login.framework/Versions/A/Frameworks/loginsupport.framework/Versions/A/loginsupport
0x00007fff67471000 	/System/Library/PrivateFrameworks/TCC.framework/Versions/A/TCC
0x00007fff4f9c6000 	/System/Library/PrivateFrameworks/CoreNLP.framework/Versions/A/CoreNLP
0x00007fff5dc02000 	/System/Library/PrivateFrameworks/MetadataUtilities.framework/Versions/A/MetadataUtilities
0x00007fff6d1f9000 	/usr/lib/libmecabra.dylib
0x00007fff6d151000 	/usr/lib/libmecab.dylib
0x00007fff6cdac000 	/usr/lib/libgermantok.dylib
0x00007fff6c079000 	/usr/lib/libThaiTokenizer.dylib
0x00007fff6ba8a000 	/usr/lib/libChineseTokenizer.dylib
0x00007fff3389c000 	/System/Library/Frameworks/Accelerate.framework/Versions/A/Frameworks/vImage.framework/Versions/A/vImage
0x00007fff34b3f000 	/System/Library/Frameworks/Accelerate.framework/Versions/A/Frameworks/vecLib.framework/Versions/A/vecLib
0x00007fff34a83000 	/System/Library/Frameworks/Accelerate.framework/Versions/A/Frameworks/vecLib.framework/Versions/A/libvMisc.dylib
0x00007fff348a9000 	/System/Library/Frameworks/Accelerate.framework/Versions/A/Frameworks/vecLib.framework/Versions/A/libvDSP.dylib
0x00007fff33f08000 	/System/Library/Frameworks/Accelerate.framework/Versions/A/Frameworks/vecLib.framework/Versions/A/libBLAS.dylib
0x00007fff34463000 	/System/Library/Frameworks/Accelerate.framework/Versions/A/Frameworks/vecLib.framework/Versions/A/libLAPACK.dylib
0x00007fff34809000 	/System/Library/Frameworks/Accelerate.framework/Versions/A/Frameworks/vecLib.framework/Versions/A/libLinearAlgebra.dylib
0x00007fff34896000 	/System/Library/Frameworks/Accelerate.framework/Versions/A/Frameworks/vecLib.framework/Versions/A/libSparseBLAS.dylib
0x00007fff3481f000 	/System/Library/Frameworks/Accelerate.framework/Versions/A/Frameworks/vecLib.framework/Versions/A/libQuadrature.dylib
0x00007fff34172000 	/System/Library/Frameworks/Accelerate.framework/Versions/A/Frameworks/vecLib.framework/Versions/A/libBNNS.dylib
0x00007fff34825000 	/System/Library/Frameworks/Accelerate.framework/Versions/A/Frameworks/vecLib.framework/Versions/A/libSparse.dylib
0x00007fff5c786000 	/System/Library/PrivateFrameworks/LanguageModeling.framework/Versions/A/LanguageModeling
0x00007fff4f362000 	/System/Library/PrivateFrameworks/CoreEmoji.framework/Versions/A/CoreEmoji
0x00007fff5c8a4000 	/System/Library/PrivateFrameworks/LinguisticData.framework/Versions/A/LinguisticData
0x00007fff5c855000 	/System/Library/PrivateFrameworks/Lexicon.framework/Versions/A/Lexicon
0x00007fff6c339000 	/usr/lib/libcmph.dylib
0x00007fff40dbf000 	/System/Library/Frameworks/OpenDirectory.framework/Versions/A/Frameworks/CFOpenDirectory.framework/Versions/A/CFOpenDirectory
0x00007fff40ddc000 	/System/Library/Frameworks/OpenDirectory.framework/Versions/A/OpenDirectory
0x00007fff490aa000 	/System/Library/PrivateFrameworks/APFS.framework/Versions/A/APFS
0x00007fff44484000 	/System/Library/Frameworks/SecurityFoundation.framework/Versions/A/SecurityFoundation
0x00007fff6e3f0000 	/usr/lib/libutil.dylib
0x00007fff5064f000 	/System/Library/PrivateFrameworks/CoreServicesStore.framework/Versions/A/CoreServicesStore
0x00007fff4453c000 	/System/Library/Frameworks/ServiceManagement.framework/Versions/A/ServiceManagement
0x00007fff4c592000 	/System/Library/PrivateFrameworks/BackgroundTaskManagement.framework/Versions/A/BackgroundTaskManagement
0x00007fff6e4ed000 	/usr/lib/libxslt.1.dylib
0x00007fff4b440000 	/System/Library/PrivateFrameworks/AppleSystemInfo.framework/Versions/A/AppleSystemInfo
0x00007fff3ac27000 	/System/Library/Frameworks/ImageIO.framework/Versions/A/Resources/libJPEG.dylib
0x00007fff3aee6000 	/System/Library/Frameworks/ImageIO.framework/Versions/A/Resources/libTIFF.dylib
0x00007fff3aec9000 	/System/Library/Frameworks/ImageIO.framework/Versions/A/Resources/libPng.dylib
0x00007fff3ab68000 	/System/Library/Frameworks/ImageIO.framework/Versions/A/Resources/libGIF.dylib
0x00007fff3ab6c000 	/System/Library/Frameworks/ImageIO.framework/Versions/A/Resources/libJP2.dylib
0x00007fff3aee4000 	/System/Library/Frameworks/ImageIO.framework/Versions/A/Resources/libRadiance.dylib
0x00007fff6cd74000 	/usr/lib/libexpat.1.dylib
0x00007fff4af36000 	/System/Library/PrivateFrameworks/AppleJPEG.framework/Versions/A/AppleJPEG
0x00007fff538bc000 	/System/Library/PrivateFrameworks/FontServices.framework/libFontParser.dylib
0x00007fff6a746000 	/System/Library/PrivateFrameworks/WatchdogClient.framework/Versions/A/WatchdogClient
0x00007fff5be13000 	/System/Library/PrivateFrameworks/IOAccelerator.framework/Versions/A/IOAccelerator
0x00007fff3d2a6000 	/System/Library/Frameworks/MetalPerformanceShaders.framework/Versions/A/MetalPerformanceShaders
0x00007fff5860a000 	/System/Library/PrivateFrameworks/GPUWrangler.framework/Versions/A/GPUWrangler
0x00007fff5be1e000 	/System/Library/PrivateFrameworks/IOPresentment.framework/Versions/A/IOPresentment
0x00007fff5132c000 	/System/Library/PrivateFrameworks/DSExternalDisplay.framework/Versions/A/DSExternalDisplay
0x00007fff41745000 	/System/Library/Frameworks/OpenGL.framework/Versions/A/Libraries/libCoreFSCache.dylib
0x00007fff3cff8000 	/System/Library/Frameworks/MetalPerformanceShaders.framework/Frameworks/MPSCore.framework/Versions/A/MPSCore
0x00007fff3d035000 	/System/Library/Frameworks/MetalPerformanceShaders.framework/Frameworks/MPSImage.framework/Versions/A/MPSImage
0x00007fff3d0f7000 	/System/Library/Frameworks/MetalPerformanceShaders.framework/Frameworks/MPSNeuralNetwork.framework/Versions/A/MPSNeuralNetwork
0x00007fff3d0bc000 	/System/Library/Frameworks/MetalPerformanceShaders.framework/Frameworks/MPSMatrix.framework/Versions/A/MPSMatrix
0x00007fff3d257000 	/System/Library/Frameworks/MetalPerformanceShaders.framework/Frameworks/MPSRayIntersector.framework/Versions/A/MPSRayIntersector
0x00007fff3d0e1000 	/System/Library/Frameworks/MetalPerformanceShaders.framework/Frameworks/MPSNDArray.framework/Versions/A/MPSNDArray
0x00007fff5dc4f000 	/System/Library/PrivateFrameworks/MetalTools.framework/Versions/A/MetalTools
0x00007fff4a261000 	/System/Library/PrivateFrameworks/AggregateDictionary.framework/Versions/A/AggregateDictionary
0x00007fff4edec000 	/System/Library/PrivateFrameworks/CoreAnalytics.framework/Versions/A/CoreAnalytics
0x00007fff4b35e000 	/System/Library/PrivateFrameworks/AppleSauce.framework/Versions/A/AppleSauce
0x00007fff6bd46000 	/usr/lib/libIOReport.dylib
0x00007fff39af6000 	/System/Library/Frameworks/CoreVideo.framework/Versions/A/CoreVideo
0x00007fff59a76000 	/System/Library/PrivateFrameworks/GraphVisualizer.framework/Versions/A/GraphVisualizer
0x00007fff52e3d000 	/System/Library/PrivateFrameworks/FaceCore.framework/Versions/A/FaceCore
0x00007fff40d66000 	/System/Library/Frameworks/OpenCL.framework/Versions/A/OpenCL
0x00007fff6bb68000 	/usr/lib/libFosl_dynamic.dylib
0x00007fff5f0fa000 	/System/Library/PrivateFrameworks/OTSVG.framework/Versions/A/OTSVG
0x00007fff35bf5000 	/System/Library/Frameworks/ApplicationServices.framework/Versions/A/Frameworks/ATS.framework/Versions/A/Resources/libFontRegistry.dylib
0x00007fff53a8d000 	/System/Library/PrivateFrameworks/FontServices.framework/libhvf.dylib
0x00007fff41750000 	/System/Library/Frameworks/OpenGL.framework/Versions/A/Libraries/libGFXShared.dylib
0x00007fff4192d000 	/System/Library/Frameworks/OpenGL.framework/Versions/A/Libraries/libGLU.dylib
0x00007fff41759000 	/System/Library/Frameworks/OpenGL.framework/Versions/A/Libraries/libGL.dylib
0x00007fff41764000 	/System/Library/Frameworks/OpenGL.framework/Versions/A/Libraries/libGLImage.dylib
0x00007fff41742000 	/System/Library/Frameworks/OpenGL.framework/Versions/A/Libraries/libCVMSPluginSupport.dylib
0x00007fff4174b000 	/System/Library/Frameworks/OpenGL.framework/Versions/A/Libraries/libCoreVMClient.dylib
0x00007fff6d7c7000 	/usr/lib/libncurses.5.4.dylib
0x00007fff35af1000 	/System/Library/Frameworks/ApplicationServices.framework/Versions/A/Frameworks/ATS.framework/Versions/A/ATS
0x00007fff35cbe000 	/System/Library/Frameworks/ApplicationServices.framework/Versions/A/Frameworks/ColorSyncLegacy.framework/Versions/A/ColorSyncLegacy
0x00007fff35d5d000 	/System/Library/Frameworks/ApplicationServices.framework/Versions/A/Frameworks/HIServices.framework/Versions/A/HIServices
0x00007fff35db4000 	/System/Library/Frameworks/ApplicationServices.framework/Versions/A/Frameworks/LangAnalysis.framework/Versions/A/LangAnalysis
0x00007fff35dc3000 	/System/Library/Frameworks/ApplicationServices.framework/Versions/A/Frameworks/PrintCore.framework/Versions/A/PrintCore
0x00007fff35e09000 	/System/Library/Frameworks/ApplicationServices.framework/Versions/A/Frameworks/QD.framework/Versions/A/QD
0x00007fff35e14000 	/System/Library/Frameworks/ApplicationServices.framework/Versions/A/Frameworks/SpeechSynthesis.framework/Versions/A/SpeechSynthesis
0x00007fff35c8e000 	/System/Library/Frameworks/ApplicationServices.framework/Versions/A/Frameworks/ATSUI.framework/Versions/A/ATSUI
0x00007fff6cc08000 	/usr/lib/libcups.2.dylib
0x00007fff3c355000 	/System/Library/Frameworks/Kerberos.framework/Versions/A/Kerberos
0x00007fff3a5d5000 	/System/Library/Frameworks/GSS.framework/Versions/A/GSS
0x00007fff6df3d000 	/usr/lib/libresolv.9.dylib
0x00007fff59c17000 	/System/Library/PrivateFrameworks/Heimdal.framework/Versions/A/Heimdal
0x00007fff3c368000 	/System/Library/Frameworks/Kerberos.framework/Versions/A/Libraries/libHeimdalProxy.dylib
0x00007fff6cdb2000 	/usr/lib/libheimdal-asn1.dylib
0x00007fff4e292000 	/System/Library/PrivateFrameworks/CommonAuth.framework/Versions/A/CommonAuth
0x00007fff4b4dd000 	/System/Library/PrivateFrameworks/AssertionServices.framework/Versions/A/AssertionServices
0x00007fff4c080000 	/System/Library/PrivateFrameworks/AudioToolboxCore.framework/Versions/A/AudioToolboxCore
0x00007fff6b3a0000 	/System/Library/PrivateFrameworks/caulk.framework/Versions/A/caulk
0x00007fff4c63e000 	/System/Library/PrivateFrameworks/BaseBoard.framework/Versions/A/BaseBoard
0x00007fff6320e000 	/System/Library/PrivateFrameworks/RunningBoardServices.framework/Versions/A/RunningBoardServices
0x00007fff602e8000 	/System/Library/PrivateFrameworks/PersistentConnection.framework/Versions/A/PersistentConnection
0x00007fff62c5d000 	/System/Library/PrivateFrameworks/ProtocolBuffer.framework/Versions/A/ProtocolBuffer
0x00007fff4e2b7000 	/System/Library/PrivateFrameworks/CommonUtilities.framework/Versions/A/CommonUtilities
0x00007fff4c7c1000 	/System/Library/PrivateFrameworks/Bom.framework/Versions/A/Bom
0x00007fff6ba15000 	/usr/lib/libAudioToolboxUtility.dylib
0x00007fff4c59c000 	/System/Library/PrivateFrameworks/Backup.framework/Versions/A/Backup
0x00007fff5109c000 	/System/Library/PrivateFrameworks/CrashReporterSupport.framework/Versions/A/CrashReporterSupport
0x00007fff64d05000 	/System/Library/PrivateFrameworks/Sharing.framework/Versions/A/Sharing
0x00007fff4ac81000 	/System/Library/PrivateFrameworks/Apple80211.framework/Versions/A/Apple80211
0x00007fff4c2be000 	/System/Library/PrivateFrameworks/AuthKit.framework/Versions/A/AuthKit
0x00007fff50dcc000 	/System/Library/PrivateFrameworks/CoreUtils.framework/Versions/A/CoreUtils
0x00007fff39b3b000 	/System/Library/Frameworks/CoreWLAN.framework/Versions/A/CoreWLAN
0x00007fff3a760000 	/System/Library/Frameworks/IOBluetooth.framework/Versions/A/IOBluetooth
0x00007fff5df4d000 	/System/Library/PrivateFrameworks/MobileKeyBag.framework/Versions/A/MobileKeyBag
0x00007fff4fea2000 	/System/Library/PrivateFrameworks/CorePhoneNumbers.framework/Versions/A/CorePhoneNumbers
0x00007fff4aee9000 	/System/Library/PrivateFrameworks/AppleIDAuthSupport.framework/Versions/A/AppleIDAuthSupport
0x00007fff3e1fa000 	/System/Library/Frameworks/Network.framework/Versions/A/Network
0x00007fff5c60e000 	/System/Library/PrivateFrameworks/KeychainCircle.framework/Versions/A/KeychainCircle
0x00007fff375b0000 	/System/Library/Frameworks/CoreBluetooth.framework/Versions/A/CoreBluetooth
0x00007fff66981000 	/System/Library/PrivateFrameworks/SpeechRecognitionCore.framework/Versions/A/SpeechRecognitionCore
0x0000000105200000 	/Library/Java/JavaVirtualMachines/amazon-corretto-11.jdk/Contents/Home/lib/server/libjvm.dylib
0x000000010389c000 	/Library/Java/JavaVirtualMachines/amazon-corretto-11.jdk/Contents/Home/lib/libverify.dylib
0x00000001038a8000 	/Library/Java/JavaVirtualMachines/amazon-corretto-11.jdk/Contents/Home/lib/libjava.dylib
0x00000001038e9000 	/Library/Java/JavaVirtualMachines/amazon-corretto-11.jdk/Contents/Home/lib/libinstrument.dylib
0x000000010396d000 	/Library/Java/JavaVirtualMachines/amazon-corretto-11.jdk/Contents/Home/lib/libzip.dylib
0x0000000103975000 	/Library/Java/JavaVirtualMachines/amazon-corretto-11.jdk/Contents/Home/lib/libjimage.dylib
0x0000000125143000 	/Library/Java/JavaVirtualMachines/amazon-corretto-11.jdk/Contents/Home/lib/libnio.dylib
0x0000000125151000 	/Library/Java/JavaVirtualMachines/amazon-corretto-11.jdk/Contents/Home/lib/libnet.dylib
0x00000001039fd000 	/Library/Java/JavaVirtualMachines/amazon-corretto-11.jdk/Contents/Home/lib/libextnet.dylib
0x0000000125246000 	/Library/Java/JavaVirtualMachines/amazon-corretto-11.jdk/Contents/Home/lib/libawt.dylib
0x00000001252e1000 	/Library/Java/JavaVirtualMachines/amazon-corretto-11.jdk/Contents/Home/lib/libmlib_image.dylib
0x00007fff3c33e000 	/System/Library/Frameworks/JavaVM.framework/Versions/A/Frameworks/JavaNativeFoundation.framework/Versions/A/JavaNativeFoundation
0x00007fff3c347000 	/System/Library/Frameworks/JavaVM.framework/Versions/A/Frameworks/JavaRuntimeSupport.framework/Versions/A/JavaRuntimeSupport
0x00007fff3c350000 	/System/Library/Frameworks/JavaVM.framework/Versions/A/JavaVM
0x00007fff5c471000 	/System/Library/PrivateFrameworks/JavaLaunching.framework/Versions/A/JavaLaunching
0x00007fff36680000 	/System/Library/Frameworks/Carbon.framework/Versions/A/Carbon
0x00007fff50b80000 	/System/Library/PrivateFrameworks/CoreSymbolication.framework/Versions/A/CoreSymbolication
0x00007fff36681000 	/System/Library/Frameworks/Carbon.framework/Versions/A/Frameworks/CommonPanels.framework/Versions/A/CommonPanels
0x00007fff3697a000 	/System/Library/Frameworks/Carbon.framework/Versions/A/Frameworks/Help.framework/Versions/A/Help
0x00007fff3697e000 	/System/Library/Frameworks/Carbon.framework/Versions/A/Frameworks/ImageCapture.framework/Versions/A/ImageCapture
0x00007fff36985000 	/System/Library/Frameworks/Carbon.framework/Versions/A/Frameworks/OpenScripting.framework/Versions/A/OpenScripting
0x00007fff36984000 	/System/Library/Frameworks/Carbon.framework/Versions/A/Frameworks/Ink.framework/Versions/A/Ink
0x00007fff369c0000 	/System/Library/Frameworks/Carbon.framework/Versions/A/Frameworks/Print.framework/Versions/A/Print
0x00007fff369c1000 	/System/Library/Frameworks/Carbon.framework/Versions/A/Frameworks/SecurityHI.framework/Versions/A/SecurityHI
0x00007fff51461000 	/System/Library/PrivateFrameworks/DebugSymbols.framework/Versions/A/DebugSymbols
0x000000012534c000 	/Library/Java/JavaVirtualMachines/amazon-corretto-11.jdk/Contents/Home/lib/libawt_lwawt.dylib
0x00000001253fb000 	/Library/Java/JavaVirtualMachines/amazon-corretto-11.jdk/Contents/Home/lib/libosxapp.dylib
0x00007fff3a043000 	/System/Library/Frameworks/ExceptionHandling.framework/Versions/A/ExceptionHandling
0x00000001255ec000 	/Library/Java/JavaVirtualMachines/amazon-corretto-11.jdk/Contents/Home/lib/libfontmanager.dylib
0x00000001256e5000 	/Library/Java/JavaVirtualMachines/amazon-corretto-11.jdk/Contents/Home/lib/libfreetype.dylib
0x00007fff5061b000 	/System/Library/PrivateFrameworks/CoreServicesInternal.framework/Versions/A/CoreServicesInternal
0x00007fff3a062000 	/System/Library/Frameworks/FileProvider.framework/Versions/A/FileProvider
0x00007fff34b40000 	/System/Library/Frameworks/Accounts.framework/Versions/A/Accounts
0x00007fff5892c000 	/System/Library/PrivateFrameworks/GenerationalStorage.framework/Versions/A/GenerationalStorage
0x00007fff671b2000 	/System/Library/PrivateFrameworks/SymptomDiagnosticReporter.framework/Versions/A/SymptomDiagnosticReporter
0x00007fff4a772000 	/System/Library/PrivateFrameworks/AppContainer.framework/Versions/A/AppContainer
0x00007fff6df57000 	/usr/lib/libsandbox.1.dylib
0x00007fff696e2000 	/System/Library/PrivateFrameworks/UserManagement.framework/Versions/A/UserManagement
0x00007fff4d383000 	/System/Library/PrivateFrameworks/ChunkingLibrary.framework/Versions/A/ChunkingLibrary
0x00007fff4a7e4000 	/System/Library/PrivateFrameworks/AppSandbox.framework/Versions/A/AppSandbox
0x00007fff64b8f000 	/System/Library/PrivateFrameworks/SecCodeWrapper.framework/Versions/A/SecCodeWrapper
0x00007fff6be2c000 	/usr/lib/libMatch.1.dylib
0x00007fff2c160000 	/System/Library/CoreServices/RawCamera.bundle/Contents/MacOS/RawCamera
0x00007fff5dd77000 	/System/Library/PrivateFrameworks/MobileAsset.framework/Versions/A/MobileAsset
0x00007fff67060000 	/System/Library/PrivateFrameworks/StreamingZip.framework/Versions/A/StreamingZip
0x00007fff3c7d1000 	/System/Library/Frameworks/MediaToolbox.framework/Versions/A/MediaToolbox
0x00007fff4ed9b000 	/System/Library/PrivateFrameworks/CoreAVCHD.framework/Versions/A/CoreAVCHD
0x00007fff3c6fb000 	/System/Library/Frameworks/MediaAccessibility.framework/Versions/A/MediaAccessibility
0x00007fff5d142000 	/System/Library/PrivateFrameworks/Mangrove.framework/Versions/A/Mangrove
0x00007fff38d05000 	/System/Library/Frameworks/CoreMedia.framework/Versions/A/CoreMedia
0x00007fff5d3ae000 	/System/Library/PrivateFrameworks/MediaExperience.framework/Versions/A/MediaExperience
0x00007fff455b7000 	/System/Library/Frameworks/VideoToolbox.framework/Versions/A/VideoToolbox
0x00007fff4e9c5000 	/System/Library/PrivateFrameworks/CoreAUC.framework/Versions/A/CoreAUC
0x00007fff6dfaf000 	/usr/lib/libspindump.dylib
0x00007fff4ba2b000 	/System/Library/PrivateFrameworks/AudioResourceArbitration.framework/Versions/A/AudioResourceArbitration
0x00007fff4b444000 	/System/Library/PrivateFrameworks/AppleVA.framework/Versions/A/AppleVA
0x00007fff33885000 	/System/Library/Frameworks/Accelerate.framework/Versions/A/Frameworks/vImage.framework/Versions/A/Libraries/libCGInterfaces.dylib
0x0000000125474000 	/usr/lib/libobjc-trampolines.dylib
0x00007fff539f4000 	/System/Library/PrivateFrameworks/FontServices.framework/libTrueTypeScaler.dylib
0x00007fff2c36f000 	/System/Library/Extensions/AMDMTLBronzeDriver.bundle/Contents/MacOS/AMDMTLBronzeDriver
0x00007fff5be09000 	/System/Library/PrivateFrameworks/IOAccelMemoryInfo.framework/Versions/A/IOAccelMemoryInfo
0x00007fff307a9000 	/System/Library/Extensions/AppleIntelKBLGraphicsMTLDriver.bundle/Contents/MacOS/AppleIntelKBLGraphicsMTLDriver
0x00007fff56f62000 	/System/Library/PrivateFrameworks/GPUCompiler.framework/Versions/3902/Libraries/libmetal_timestamp.dylib
0x00007fff6a4b6000 	/System/Library/PrivateFrameworks/ViewBridge.framework/Versions/A/ViewBridge
0x00007fff6b6f2000 	/System/Library/PrivateFrameworks/login.framework/Versions/A/login
0x000000012546b000 	/Library/Java/JavaVirtualMachines/amazon-corretto-11.jdk/Contents/Home/lib/libprefs.dylib
0x00007fff423a9000 	/System/Library/Frameworks/OpenGL.framework/Versions/A/Resources/GLEngine.bundle/GLEngine
0x00007fff4179a000 	/System/Library/Frameworks/OpenGL.framework/Versions/A/Libraries/libGLProgrammability.dylib
0x00007fff2f980000 	/System/Library/Extensions/AppleIntelKBLGraphicsGLDriver.bundle/Contents/MacOS/AppleIntelKBLGraphicsGLDriver
0x00007fff585fe000 	/System/Library/PrivateFrameworks/GPUSupport.framework/Versions/A/Libraries/libGPUSupportMercury.dylib
0x0000000128578000 	/System/Library/Extensions/AMDRadeonX4000GLDriver.bundle/Contents/MacOS/AMDRadeonX4000GLDriver
0x00007fff2c490000 	/System/Library/Extensions/AMDRadeonX4000GLDriver.bundle/Contents/MacOS/ATIRadeonX4000SCLib.dylib
0x00007fff2dab5000 	/System/Library/Extensions/AMDShared.bundle/Contents/PlugIns/libSC.dylib
0x00007fff42523000 	/System/Library/Frameworks/OpenGL.framework/Versions/A/Resources/GLRendererFloat.bundle/GLRendererFloat
0x00007fff40d5d000 	/System/Library/Frameworks/OpenCL.framework/Versions/A/Libraries/libcldcpuengine.dylib
0x00007fff6c7ed000 	/usr/lib/libcrypto.35.dylib
0x00007fff67bba000 	/System/Library/PrivateFrameworks/TrustEvaluationAgent.framework/Versions/A/TrustEvaluationAgent
0x000000012523d000 	/Library/Java/JavaVirtualMachines/amazon-corretto-11.jdk/Contents/Home/lib/libosxui.dylib
0x000000015a8b0000 	/Library/Java/JavaVirtualMachines/amazon-corretto-11.jdk/Contents/Home/lib/libjavajpeg.dylib
0x000000015a767000 	/Users/adventure/.codenameone/javafx/lib/libprism_es2.dylib
0x000000015b057000 	/Users/adventure/.codenameone/javafx/lib/libglass.dylib
0x000000015e94e000 	/Users/adventure/.codenameone/javafx/lib/libjfxwebkit.dylib
0x000000015a844000 	/Users/adventure/.codenameone/javafx/lib/libjavafx_font.dylib
0x000000015b75e000 	/Library/Java/JavaVirtualMachines/amazon-corretto-11.jdk/Contents/Home/lib/libsunec.dylib
0x000000015aa9b000 	/Users/adventure/.codenameone/javafx/lib/libjavafx_iio.dylib
0x000000015bd04000 	/Library/Java/JavaVirtualMachines/amazon-corretto-11.jdk/Contents/Home/lib/liblcms.dylib
0x000000016ba19000 	/Users/adventure/.codenameone/javafx/lib/libglib-lite.dylib
0x00007fff6cd9e000 	/usr/lib/libffi.dylib
0x000000016bb4e000 	/Users/adventure/.codenameone/javafx/lib/libgstreamer-lite.dylib
0x00000001644a9000 	/Users/adventure/.codenameone/javafx/lib/libjfxmedia.dylib
0x0000000166f9d000 	/Users/adventure/.codenameone/javafx/lib/libjfxmedia_avf.dylib
0x00007fff3349e000 	/System/Library/Frameworks/AVFoundation.framework/Versions/A/AVFoundation
0x00007fff33698000 	/System/Library/Frameworks/AVFoundation.framework/Versions/A/Frameworks/AVFAudio.framework/Versions/A/AVFAudio
0x00007fff38de0000 	/System/Library/Frameworks/CoreMediaIO.framework/Versions/A/CoreMediaIO
0x00007fff6ba08000 	/usr/lib/libAudioStatistics.dylib
0x00007fff6b737000 	/System/Library/PrivateFrameworks/perfdata.framework/Versions/A/perfdata
0x00007fff6def9000 	/usr/lib/libperfcheck.dylib
0x00007fff6bef7000 	/usr/lib/libSMC.dylib


VM Arguments:
jvm_args: -Xms128m -Xmx2048m -XX:ReservedCodeCacheSize=240m -XX:+UseConcMarkSweepGC -XX:SoftRefLRUPolicyMSPerMB=50 -ea -XX:CICompilerCount=2 -Dsun.io.useCanonPrefixCache=false -Djava.net.preferIPv4Stack=true -Djdk.http.auth.tunneling.disabledSchemes="" -XX:+HeapDumpOnOutOfMemoryError -XX:-OmitStackTraceInFastThrow -Djdk.attach.allowAttachSelf=true -Dkotlinx.coroutines.debug=off -Djdk.module.illegalAccess.silent=true -XX:+UseCompressedOops -Dfile.encoding=UTF-8 -XX:ErrorFile=$USER_HOME/java_error_in_idea_%p.log -XX:HeapDumpPath=$USER_HOME/java_error_in_idea.hprof -Dapple.laf.useScreenMenuBar=true -javaagent:/Applications/IntelliJ IDEA CE.app/Contents/lib/idea_rt.jar=50896:/Applications/IntelliJ IDEA CE.app/Contents/bin 
java_command: com.codename1.impl.javase.Simulator com.codename1.demos.kitchen.MyApplication
java_class_path (initial): /Users/adventure/Desktop/kitchesinkdemo/out/production/kitchesinkdemo:/Users/adventure/Desktop/kitchesinkdemo/src:/Users/adventure/Desktop/kitchesinkdemo/lib/CodenameOne.jar:/Users/adventure/Desktop/kitchesinkdemo/JavaSE.jar:native/internal_tmp:lib/impl/cls
Launcher Type: SUN_STANDARD

[Global flags]
     intx CICompilerCount                          = 2                                         {product} {command line}
    ccstr ErrorFile                                = $USER_HOME/java_error_in_idea_%p.log            {product} {command line}
     bool HeapDumpOnOutOfMemoryError               = true                                   {manageable} {command line}
    ccstr HeapDumpPath                             = $USER_HOME/java_error_in_idea.hprof         {manageable} {command line}
   size_t InitialHeapSize                          = 134217728                                 {product} {command line}
   size_t MaxHeapSize                              = 2147483648                                {product} {command line}
   size_t MaxNewSize                               = 715784192                                 {product} {ergonomic}
    uintx MaxTenuringThreshold                     = 6                                         {product} {ergonomic}
   size_t MinHeapDeltaBytes                        = 196608                                    {product} {ergonomic}
   size_t NewSize                                  = 44695552                                  {product} {ergonomic}
    uintx NonNMethodCodeHeapSize                   = 5825164                                {pd product} {ergonomic}
    uintx NonProfiledCodeHeapSize                  = 122916538                              {pd product} {ergonomic}
   size_t OldSize                                  = 89522176                                  {product} {ergonomic}
     bool OmitStackTraceInFastThrow                = false                                     {product} {command line}
    uintx ProfiledCodeHeapSize                     = 122916538                              {pd product} {ergonomic}
    uintx ReservedCodeCacheSize                    = 251658240                              {pd product} {command line}
     bool SegmentedCodeCache                       = true                                      {product} {ergonomic}
     intx SoftRefLRUPolicyMSPerMB                  = 50                                        {product} {command line}
     bool UseCompressedClassPointers               = true                                 {lp64_product} {ergonomic}
     bool UseCompressedOops                        = true                                 {lp64_product} {command line}
     bool UseConcMarkSweepGC                       = true                                      {product} {command line}

Logging:
Log output configuration:
 #0: stdout all=warning uptime,level,tags
 #1: stderr all=off uptime,level,tags

Environment Variables:
JAVA_HOME=/Library/Java/JavaVirtualMachines/amazon-corretto-11.jdk/Contents/Home
PATH=/usr/local/bin:/Library/Frameworks/Python.framework/Versions/3.7/bin:/usr/local/bin:/usr/bin:/bin:/usr/sbin:/sbin:/Users/adventure/dev/flutter/bin:/Users/adventure/Library/Android/sdk/tools:/Users/adventure/Library/Android/sdk/platform-tools
SHELL=/bin/zsh

Signal Handlers:
SIGSEGV: [libjvm.dylib+0x7577d8], sa_mask[0]=11111111011111110111111111111111, sa_flags=SA_ONSTACK|SA_RESTART|SA_SIGINFO
SIGBUS: [libjvm.dylib+0x7577d8], sa_mask[0]=11111111011111110111111111111111, sa_flags=SA_RESTART|SA_SIGINFO
SIGFPE: [libjvm.dylib+0x7577d8], sa_mask[0]=11111111011111110111111111111111, sa_flags=SA_RESTART|SA_SIGINFO
SIGPIPE: [libjvm.dylib+0x5fbe5c], sa_mask[0]=11111111011111110111111111111111, sa_flags=SA_RESTART|SA_SIGINFO
SIGXFSZ: [libjvm.dylib+0x5fbe5c], sa_mask[0]=11111111011111110111111111111111, sa_flags=SA_RESTART|SA_SIGINFO
SIGILL: [libjvm.dylib+0x7577d8], sa_mask[0]=11111111011111110111111111111111, sa_flags=SA_RESTART|SA_SIGINFO
SIGUSR2: [libjvm.dylib+0x5fc45a], sa_mask[0]=00100000000000000000000000000000, sa_flags=SA_RESTART|SA_SIGINFO
SIGHUP: [libjvm.dylib+0x5faf37], sa_mask[0]=11111111011111110111111111111111, sa_flags=SA_RESTART|SA_SIGINFO
SIGINT: [libjvm.dylib+0x5faf37], sa_mask[0]=11111111011111110111111111111111, sa_flags=SA_RESTART|SA_SIGINFO
SIGTERM: [libjvm.dylib+0x5faf37], sa_mask[0]=11111111011111110111111111111111, sa_flags=SA_RESTART|SA_SIGINFO
SIGQUIT: [libjvm.dylib+0x5faf37], sa_mask[0]=11111111011111110111111111111111, sa_flags=SA_RESTART|SA_SIGINFO


---------------  S Y S T E M  ---------------

OS:uname:Darwin 19.2.0 Darwin Kernel Version 19.2.0: Sat Nov  9 03:47:04 PST 2019; root:xnu-6153.61.1~20/RELEASE_X86_64 x86_64
rlimit: STACK 8192k, CORE 0k, NPROC 2784, NOFILE 10240, AS infinity, DATA infinity, FSIZE infinity
load average:3.06 2.43 2.50

CPU:total 12 (initial active 12) (6 cores per cpu, 2 threads per core) family 6 model 158 stepping 10, cmov, cx8, fxsr, mmx, sse, sse2, sse3, ssse3, sse4.1, sse4.2, popcnt, avx, avx2, aes, clmul, erms, 3dnowpref, lzcnt, ht, tsc, tscinvbit, bmi1, bmi2, adx, fma

Memory: 4k page, physical 16777216k(1056444k free), swap 0k(0k free)

vm_info: OpenJDK 64-Bit Server VM (11.0.5+10-LTS) for bsd-amd64 JRE (11.0.5+10-LTS), built on Nov 12 2019 17:01:34 by "root" with gcc 4.2.1 Compatible Apple LLVM 8.0.0 (clang-800.0.42.1)

END.
