#
# A fatal error has been detected by the Java Runtime Environment:
#
#  SIGSEGV (0xb) at pc=0x000000010e7e96f6, pid=2459, tid=113443
#
# JRE version: OpenJDK Runtime Environment (11.0.5+10) (build 11.0.5+10-LTS)
# Java VM: OpenJDK 64-Bit Server VM (11.0.5+10-LTS, mixed mode, tiered, compressed oops, concurrent mark sweep gc, bsd-amd64)
# Problematic frame:
# V  [libjvm.dylib+0x3e96f6]  jni_CallStaticBooleanMethodV+0x7c
#
# No core dump will be written. Core dumps have been disabled. To enable core dumping, try "ulimit -c unlimited" before starting Java again
#
# If you would like to submit a bug report, please visit:
#   http://bugreport.java.com/bugreport/crash.jsp
#

---------------  S U M M A R Y ------------

Command Line: -Xms128m -Xmx2048m -XX:ReservedCodeCacheSize=240m -XX:+UseConcMarkSweepGC -XX:SoftRefLRUPolicyMSPerMB=50 -ea -XX:CICompilerCount=2 -Dsun.io.useCanonPrefixCache=false -Djava.net.preferIPv4Stack=true -Djdk.http.auth.tunneling.disabledSchemes="" -XX:+HeapDumpOnOutOfMemoryError -XX:-OmitStackTraceInFastThrow -Djdk.attach.allowAttachSelf=true -Dkotlinx.coroutines.debug=off -Djdk.module.illegalAccess.silent=true -XX:+UseCompressedOops -Dfile.encoding=UTF-8 -XX:ErrorFile=$USER_HOME/java_error_in_idea_%p.log -XX:HeapDumpPath=$USER_HOME/java_error_in_idea.hprof -Dapple.laf.useScreenMenuBar=true -javaagent:/Applications/IntelliJ IDEA CE.app/Contents/lib/idea_rt.jar=51157:/Applications/IntelliJ IDEA CE.app/Contents/bin com.codename1.impl.javase.Simulator com.codename1.demos.kitchen.MyApplication

Host: MacBookPro15,1 x86_64 2200 MHz, 12 cores, 16G, Darwin 19.2.0
Time: Sat Dec 28 10:28:39 2019 +0545 elapsed time: 25 seconds (0d 0h 0m 25s)

---------------  T H R E A D  ---------------

Current thread (0x00007fc5437eb000):  JavaThread "Thread-8" daemon [_thread_in_vm, id=113443, stack(0x000070000aab0000,0x000070000ab30000)]

Stack: [0x000070000aab0000,0x000070000ab30000],  sp=0x000070000ab2fbe0,  free space=510k
Native frames: (J=compiled Java code, A=aot compiled Java code, j=interpreted, Vv=VM code, C=native code)
V  [libjvm.dylib+0x3e96f6]  jni_CallStaticBooleanMethodV+0x7c
C  [libjfxwebkit.dylib+0x9746]  _ZN7JNIEnv_23CallStaticBooleanMethodEP7_jclassP10_jmethodIDz+0x86
C  [libjfxwebkit.dylib+0x15884e8]  _ZN7WebCore10FileSystem18makeAllDirectoriesERKN3WTF6StringE+0x268
C  [libjfxwebkit.dylib+0x22d12]  _ZN7WebCore18StorageSyncManager20fullDatabaseFilenameERKN3WTF6StringE+0x22
C  [libjfxwebkit.dylib+0x1f0d6]  _ZN6WebKit15StorageAreaSync12openDatabaseENS0_21OpenDatabaseParamTypeE+0x36
C  [libjfxwebkit.dylib+0x1f6ee]  _ZN6WebKit15StorageAreaSync13performImportEv+0x1e
C  [libjfxwebkit.dylib+0x23619]  _ZN7WebCore13StorageThread16threadEntryPointEv+0x89
C  [libjfxwebkit.dylib+0x1a802b4]  _ZN3WTF6Thread10entryPointEPNS0_16NewThreadContextE+0xe4
C  [libjfxwebkit.dylib+0x1ab68d9]  _ZN3WTFL19wtfThreadEntryPointEPv+0x9
C  [libsystem_pthread.dylib+0x5e65]  _pthread_start+0x94
C  [libsystem_pthread.dylib+0x183b]  thread_start+0xf


siginfo: si_signo: 11 (SIGSEGV), si_code: 1 (SEGV_MAPERR), si_addr: 0x0000000000000000

Register to memory mapping:

RAX=0x0 is NULL
RBX=0x00007fc5437eb000 is a thread
RCX=0x00007fc548a091c8 points into unknown readable memory: 70 c2 35 80 07 00 00 00
RDX=0x0 is NULL
RSP=0x000070000ab2fbe0 is pointing into the stack for thread: 0x00007fc5437eb000
RBP=0x000070000ab2fc80 is pointing into the stack for thread: 0x00007fc5437eb000
RSI=0x0 is NULL
RDI=0x00007fc5437eb340 points into unknown readable memory: 70 a7 d0 0e 01 00 00 00
R8 =0x000000000000000a is an unknown value
R9 =0x00007fc5437eb000 is a thread
R10=0x000000010ecdc820: _ZTV7CMSHeap+0x10 in /Library/Java/JavaVirtualMachines/amazon-corretto-11.jdk/Contents/Home/lib/server/libjvm.dylib at 0x000000010e400000
R11=0x0 is NULL
R12=0x0 is NULL
R13=0x000070000ab2fd40 is pointing into the stack for thread: 0x00007fc5437eb000
R14=0x0 is NULL
R15=0x00007fc5437eb340 points into unknown readable memory: 70 a7 d0 0e 01 00 00 00


Registers:
RAX=0x0000000000000000, RBX=0x00007fc5437eb000, RCX=0x00007fc548a091c8, RDX=0x0000000000000000
RSP=0x000070000ab2fbe0, RBP=0x000070000ab2fc80, RSI=0x0000000000000000, RDI=0x00007fc5437eb340
R8 =0x000000000000000a, R9 =0x00007fc5437eb000, R10=0x000000010ecdc820, R11=0x0000000000000000
R12=0x0000000000000000, R13=0x000070000ab2fd40, R14=0x0000000000000000, R15=0x00007fc5437eb340
RIP=0x000000010e7e96f6, EFLAGS=0x0000000000010206, ERR=0x0000000000000004
  TRAPNO=0x000000000000000e

Top of Stack: (sp=0x000070000ab2fbe0)
0x000070000ab2fbe0:   000070000ab2fc00 000000010eb1e087
0x000070000ab2fbf0:   f9fa6382ebc000dc 00007fc5437eb000
0x000070000ab2fc00:   000070000ab2fc30 000000010eb1e060
0x000070000ab2fc10:   0000000000000001 00007fc5437eb108
0x000070000ab2fc20:   00007fc500000004 0000000000000004
0x000070000ab2fc30:   00007fc5437eb000 00007fc548a091c0
0x000070000ab2fc40:   0000000000000533 000000010ebbaa77
0x000070000ab2fc50:   00007fc5437eb000 0000000000000000
0x000070000ab2fc60:   000000016b16a4b0 00007fc5437eb340
0x000070000ab2fc70:   0000000170431b08 0000000000000000
0x000070000ab2fc80:   000070000ab2fd60 0000000167be7746
0x000070000ab2fc90:   000000010ed60201 00007fc5437eb000
0x000070000ab2fca0:   000070000ab2fcc0 00007fc540c2dd60
0x000070000ab2fcb0:   000000000000000a 00007fc5437eb000
0x000070000ab2fcc0:   000070000ab2fd20 000000010e7ee597
0x000070000ab2fcd0:   00007fc5437eb000 00007fc548a091c0
0x000070000ab2fce0:   0000700000000533 000000010ebbaa77
0x000070000ab2fcf0:   00007fc5437eb000 0000000000000000
0x000070000ab2fd00:   0000000000000039 0000000170431b08
0x000070000ab2fd10:   0000000170431b08 000070000ab2fd78
0x000070000ab2fd20:   000070000ab2fd60 000000016969538a
0x000070000ab2fd30:   0000000000000001 0000000000000000
0x000070000ab2fd40:   0000003000000018 000070000ab2fd70
0x000070000ab2fd50:   000070000ab2fc90 f9fa6382ebc000dc
0x000070000ab2fd60:   000070000ab2fdb0 00000001691664e8
0x000070000ab2fd70:   00007fc5428bb810 00007fc540c2dd60
0x000070000ab2fd80:   00007fc5437eb340 0000000170431b08
0x000070000ab2fd90:   000070000ab2ff30 00000001704ec000
0x000070000ab2fda0:   000070000ab2fe28 00000001704ec0c0
0x000070000ab2fdb0:   000070000ab2fdf0 0000000167c00d12
0x000070000ab2fdc0:   f9fa6382ebc000dc 0000000780359c70
0x000070000ab2fdd0:   000070000ab2fe50 000070000ab2fe28 

Instructions: (pc=0x000000010e7e96f6)
0x000000010e7e95f6:   0f 1f 40 00 48 83 7d 90 00 74 09 48 8d 7d 88 e8
0x000000010e7e9606:   7c b1 24 00 48 8b 9b f0 00 00 00 4c 8b 73 08 48
0x000000010e7e9616:   8b 43 10 48 83 38 00 74 19 48 8b 73 28 4c 89 f7
0x000000010e7e9626:   e8 77 ec cf ff 48 8b 7b 10 e8 32 eb cf ff 48 8b
0x000000010e7e9636:   43 10 49 89 46 10 48 8b 43 18 49 89 46 18 48 8b
0x000000010e7e9646:   43 20 49 89 46 20 48 8d 7d a8 e8 ab 44 33 00 4c
0x000000010e7e9656:   3b 6d d0 75 1a f2 0f 10 85 78 fe ff ff 48 81 c4
0x000000010e7e9666:   68 01 00 00 5b 41 5c 41 5d 41 5e 41 5f 5d c3 e8
0x000000010e7e9676:   da 58 39 00 55 48 89 e5 41 57 41 56 41 55 41 54
0x000000010e7e9686:   53 48 83 ec 78 49 89 cd 49 89 d6 49 89 f4 49 89
0x000000010e7e9696:   ff 49 8d 9f c0 fc ff ff b8 55 21 ff ff 41 03 87
0x000000010e7e96a6:   90 00 00 00 83 f8 02 72 0a 48 89 df e8 8d 5f 31
0x000000010e7e96b6:   00 31 db 48 8d 7d d0 48 89 de e8 bb 43 33 00 48
0x000000010e7e96c6:   89 5d b0 48 c7 45 b8 00 00 00 00 48 83 7b 08 00
0x000000010e7e96d6:   74 09 48 8d 7d b0 e8 59 b0 24 00 4c 89 ff 4c 89
0x000000010e7e96e6:   e6 4c 89 f2 90 0f 1f 40 00 c7 45 a0 04 00 00 00
0x000000010e7e96f6:   49 8b 06 48 8b 40 08 48 8b 48 08 0f b7 40 2c 48
0x000000010e7e9706:   8b 74 c1 40 48 8d bd 60 ff ff ff e8 f6 cd 29 00
0x000000010e7e9716:   c7 85 78 ff ff ff 63 00 00 00 48 c7 45 80 00 00
0x000000010e7e9726:   00 00 48 8d 05 69 18 52 00 48 89 85 60 ff ff ff
0x000000010e7e9736:   49 8b 45 10 48 89 45 98 49 8b 45 00 49 8b 4d 08
0x000000010e7e9746:   48 89 4d 90 48 89 45 88 41 f6 c4 01 75 0b 4c 89
0x000000010e7e9756:   e7 ff 15 23 04 52 00 eb 0c 49 ff cc 4c 89 e7 ff
0x000000010e7e9766:   15 95 ac 51 00 48 89 c7 e8 ef ea fb ff 48 8b 08
0x000000010e7e9776:   48 89 c7 48 89 de ff 91 b0 00 00 00 31 ff 48 83
0x000000010e7e9786:   7b 08 00 41 bc 00 00 00 00 75 2f 48 8d 75 a0 48
0x000000010e7e9796:   8d 8d 60 ff ff ff 4c 89 ff 4c 89 f2 49 89 d8 e8
0x000000010e7e97a6:   a4 ec ff ff 31 ff 48 83 7b 08 00 41 bc 00 00 00
0x000000010e7e97b6:   00 75 07 0f b6 7d a8 41 88 fc 90 0f 1f 40 00 48
0x000000010e7e97c6:   83 7d b8 00 74 09 48 8d 7d b0 e8 b1 af 24 00 48
0x000000010e7e97d6:   8b 9b f0 00 00 00 4c 8b 73 08 48 8b 43 10 48 83
0x000000010e7e97e6:   38 00 74 19 48 8b 73 28 4c 89 f7 e8 ac ea cf ff 


Stack slot to memory mapping:
stack at sp + 0 slots: 0x000070000ab2fc00 is pointing into the stack for thread: 0x00007fc5437eb000
stack at sp + 1 slots: 0x000000010eb1e087: _ZN6Atomic4loadIPVvEET_PVKS3_+0x17 in /Library/Java/JavaVirtualMachines/amazon-corretto-11.jdk/Contents/Home/lib/server/libjvm.dylib at 0x000000010e400000
stack at sp + 2 slots: 0xf9fa6382ebc000dc is an unknown value
stack at sp + 3 slots: 0x00007fc5437eb000 is a thread
stack at sp + 4 slots: 0x000070000ab2fc30 is pointing into the stack for thread: 0x00007fc5437eb000
stack at sp + 5 slots: 0x000000010eb1e060: _ZN11OrderAccess12ordered_loadIPVvL15ScopedFenceType0EEET_PVKS4_+0x30 in /Library/Java/JavaVirtualMachines/amazon-corretto-11.jdk/Contents/Home/lib/server/libjvm.dylib at 0x000000010e400000
stack at sp + 6 slots: 0x0000000000000001 is an unknown value
stack at sp + 7 slots: 0x00007fc5437eb108 points into unknown readable memory: 00 40 b1 0c 01 00 00 00


---------------  P R O C E S S  ---------------

Threads class SMR info:
_java_thread_list=0x00007fc54287e7e0, length=49, elements={
0x00007fc54401f000, 0x00007fc544022000, 0x00007fc541824800, 0x00007fc544033800,
0x00007fc543803800, 0x00007fc542036800, 0x00007fc544023000, 0x00007fc544875000,
0x00007fc544802800, 0x00007fc541043000, 0x00007fc544116000, 0x00007fc547000000,
0x00007fc54104a000, 0x00007fc541090800, 0x00007fc541093800, 0x00007fc54109a800,
0x00007fc5410ef000, 0x00007fc541972800, 0x00007fc54192b800, 0x00007fc54334d000,
0x00007fc543357800, 0x00007fc543346800, 0x00007fc54480b000, 0x00007fc5416ee800,
0x00007fc544c63800, 0x00007fc54a0d6000, 0x00007fc54a0ed000, 0x00007fc5432ee800,
0x00007fc549ccd800, 0x00007fc549cd0800, 0x00007fc549cd1800, 0x00007fc5432fd800,
0x00007fc544808000, 0x00007fc5421b6000, 0x00007fc549cd2000, 0x00007fc54332d800,
0x00007fc54172b000, 0x00007fc549cd3000, 0x00007fc5432ea800, 0x00007fc541723000,
0x00007fc5432ff800, 0x00007fc541b26000, 0x00007fc54a1c4800, 0x00007fc543300000,
0x00007fc549cf3000, 0x00007fc5426b5000, 0x00007fc5426b5800, 0x00007fc54683a000,
0x00007fc5437eb000
}

Java Threads: ( => current thread )
  0x00007fc54401f000 JavaThread "Reference Handler" daemon [_thread_blocked, id=19203, stack(0x000070000684c000,0x000070000694c000)]
  0x00007fc544022000 JavaThread "Finalizer" daemon [_thread_blocked, id=18691, stack(0x000070000694f000,0x0000700006a4f000)]
  0x00007fc541824800 JavaThread "Signal Dispatcher" daemon [_thread_blocked, id=16387, stack(0x0000700006b58000,0x0000700006c58000)]
  0x00007fc544033800 JavaThread "C2 CompilerThread0" daemon [_thread_in_native, id=15875, stack(0x0000700006c5b000,0x0000700006d5b000)]
  0x00007fc543803800 JavaThread "C1 CompilerThread0" daemon [_thread_blocked, id=13315, stack(0x0000700006d5e000,0x0000700006e5e000)]
  0x00007fc542036800 JavaThread "Sweeper thread" daemon [_thread_blocked, id=13571, stack(0x0000700006e61000,0x0000700006f61000)]
  0x00007fc544023000 JavaThread "Common-Cleaner" daemon [_thread_blocked, id=14595, stack(0x0000700006f64000,0x0000700007064000)]
  0x00007fc544875000 JavaThread "Monitor Ctrl-Break" daemon [_thread_in_native, id=22019, stack(0x0000700007067000,0x0000700007167000)]
  0x00007fc544802800 JavaThread "Service Thread" daemon [_thread_blocked, id=43011, stack(0x000070000716a000,0x000070000726a000)]
  0x00007fc541043000 JavaThread "JavaFX Application Thread" daemon [_thread_in_native, id=775, stack(0x00007ffee2967000,0x00007ffee3167000)]
  0x00007fc544116000 JavaThread "AWT-Shutdown" [_thread_blocked, id=37379, stack(0x0000700007370000,0x0000700007470000)]
  0x00007fc547000000 JavaThread "Timer-0" daemon [_thread_blocked, id=56071, stack(0x0000700007991000,0x0000700007a91000)]
  0x00007fc54104a000 JavaThread "AWT-EventQueue-0" [_thread_blocked, id=73991, stack(0x0000700007a94000,0x0000700007b94000)]
  0x00007fc541090800 JavaThread "Thread-4" [_thread_blocked, id=57091, stack(0x0000700007b97000,0x0000700007c97000)]
  0x00007fc541093800 JavaThread "DestroyJavaVM" [_thread_blocked, id=5635, stack(0x000070000633d000,0x000070000643d000)]
  0x00007fc54109a800 JavaThread "Java2D Queue Flusher" daemon [_thread_in_native, id=73479, stack(0x0000700007c9a000,0x0000700007d9a000)]
  0x00007fc5410ef000 JavaThread "Java2D Disposer" daemon [_thread_blocked, id=71183, stack(0x0000700007d9d000,0x0000700007e9d000)]
  0x00007fc541972800 JavaThread "Attach Listener" daemon [_thread_blocked, id=64019, stack(0x0000700007ea0000,0x0000700007fa0000)]
  0x00007fc54192b800 JavaThread "EDT" [_thread_blocked, id=89859, stack(0x0000700008a44000,0x0000700008b44000)]
  0x00007fc54334d000 JavaThread "Network Thread" [_thread_blocked, id=89383, stack(0x0000700008b47000,0x0000700008c47000)]
  0x00007fc543357800 JavaThread "Network Thread" [_thread_blocked, id=91155, stack(0x0000700008c4a000,0x0000700008d4a000)]
  0x00007fc543346800 JavaThread "invokeAndBlock1" [_thread_blocked, id=124419, stack(0x0000700008f53000,0x0000700009053000)]
  0x00007fc54480b000 JavaThread "QuantumRenderer-0" daemon [_thread_blocked, id=130139, stack(0x0000700007579000,0x0000700007679000)]
  0x00007fc5416ee800 JavaThread "InvokeLaterDispatcher" daemon [_thread_blocked, id=89095, stack(0x000070000767c000,0x000070000777c000)]
  0x00007fc544c63800 JavaThread "Thread-6" daemon [_thread_in_native, id=31495, stack(0x000070000777f000,0x00007000077ff000)]
  0x00007fc54a0d6000 JavaThread "Prism Font Disposer" daemon [_thread_blocked, id=94723, stack(0x00007000088be000,0x00007000089be000)]
  0x00007fc54a0ed000 JavaThread "Disposer" daemon [_thread_blocked, id=123651, stack(0x0000700009056000,0x0000700009156000)]
  0x00007fc5432ee800 JavaThread "URL-Loader-1" daemon [_thread_blocked, id=96515, stack(0x0000700009365000,0x0000700009465000)]
  0x00007fc549ccd800 JavaThread "URL-Loader-2" daemon [_thread_blocked, id=122163, stack(0x0000700009468000,0x0000700009568000)]
  0x00007fc549cd0800 JavaThread "URL-Loader-3" daemon [_thread_blocked, id=121347, stack(0x000070000956b000,0x000070000966b000)]
  0x00007fc549cd1800 JavaThread "URL-Loader-4" daemon [_thread_blocked, id=97795, stack(0x000070000966e000,0x000070000976e000)]
  0x00007fc5432fd800 JavaThread "URL-Loader-5" daemon [_thread_blocked, id=98307, stack(0x0000700009771000,0x0000700009871000)]
  0x00007fc544808000 JavaThread "URL-Loader-6" daemon [_thread_blocked, id=120323, stack(0x0000700009874000,0x0000700009974000)]
  0x00007fc5421b6000 JavaThread "URL-Loader-7" daemon [_thread_blocked, id=120067, stack(0x0000700009977000,0x0000700009a77000)]
  0x00007fc549cd2000 JavaThread "URL-Loader-8" daemon [_thread_blocked, id=119555, stack(0x0000700009a7a000,0x0000700009b7a000)]
  0x00007fc54332d800 JavaThread "URL-Loader-9" daemon [_thread_blocked, id=99587, stack(0x0000700009b7d000,0x0000700009c7d000)]
  0x00007fc54172b000 JavaThread "URL-Loader-10" daemon [_thread_blocked, id=118531, stack(0x0000700009c80000,0x0000700009d80000)]
  0x00007fc549cd3000 JavaThread "URL-Loader-11" daemon [_thread_blocked, id=100611, stack(0x0000700009d83000,0x0000700009e83000)]
  0x00007fc5432ea800 JavaThread "URL-Loader-12" daemon [_thread_blocked, id=118019, stack(0x0000700009e86000,0x0000700009f86000)]
  0x00007fc541723000 JavaThread "URL-Loader-13" daemon [_thread_blocked, id=101635, stack(0x0000700009f89000,0x000070000a089000)]
  0x00007fc5432ff800 JavaThread "URL-Loader-14" daemon [_thread_blocked, id=101891, stack(0x000070000a08c000,0x000070000a18c000)]
  0x00007fc541b26000 JavaThread "URL-Loader-15" daemon [_thread_blocked, id=117251, stack(0x000070000a18f000,0x000070000a28f000)]
  0x00007fc54a1c4800 JavaThread "URL-Loader-16" daemon [_thread_blocked, id=97071, stack(0x000070000a292000,0x000070000a392000)]
  0x00007fc543300000 JavaThread "URL-Loader-17" daemon [_thread_blocked, id=116783, stack(0x000070000a395000,0x000070000a495000)]
  0x00007fc549cf3000 JavaThread "URL-Loader-18" daemon [_thread_blocked, id=104219, stack(0x000070000a498000,0x000070000a598000)]
  0x00007fc5426b5000 JavaThread "URL-Loader-19" daemon [_thread_blocked, id=115971, stack(0x000070000a59b000,0x000070000a69b000)]
  0x00007fc5426b5800 JavaThread "URL-Loader-20" daemon [_thread_blocked, id=104755, stack(0x000070000a69e000,0x000070000a79e000)]
  0x00007fc54683a000 JavaThread "Keep-Alive-Timer" daemon [_thread_blocked, id=105319, stack(0x000070000a7a1000,0x000070000a8a1000)]
=>0x00007fc5437eb000 JavaThread "Thread-8" daemon [_thread_in_vm, id=113443, stack(0x000070000aab0000,0x000070000ab30000)]

Other Threads:
  0x00007fc544017800 VMThread "VM Thread" [stack: 0x0000700006749000,0x0000700006849000] [id=11267]
  0x00007fc54300f800 WatcherThread [stack: 0x000070000726d000,0x000070000736d000] [id=42499]
  0x00007fc541803800 GCTaskThread "GC Thread#0" [stack: 0x0000700006440000,0x0000700006540000] [id=20739]
  0x00007fc542240000 GCTaskThread "GC Thread#1" [stack: 0x0000700007fa3000,0x00007000080a3000] [id=63019]
  0x00007fc542271800 GCTaskThread "GC Thread#2" [stack: 0x00007000080a6000,0x00007000081a6000] [id=68099]
  0x00007fc5422ca800 GCTaskThread "GC Thread#3" [stack: 0x00007000081a9000,0x00007000082a9000] [id=64771]
  0x00007fc5412f7000 GCTaskThread "GC Thread#4" [stack: 0x00007000082ac000,0x00007000083ac000] [id=65027]
  0x00007fc541372000 GCTaskThread "GC Thread#5" [stack: 0x00007000083af000,0x00007000084af000] [id=65283]
  0x00007fc54412f000 GCTaskThread "GC Thread#6" [stack: 0x00007000084b2000,0x00007000085b2000] [id=65539]
  0x00007fc544149000 GCTaskThread "GC Thread#7" [stack: 0x00007000085b5000,0x00007000086b5000] [id=65795]
  0x00007fc5416d5000 GCTaskThread "GC Thread#8" [stack: 0x0000700008d4d000,0x0000700008e4d000] [id=125219]
  0x00007fc5416d6000 GCTaskThread "GC Thread#9" [stack: 0x0000700008e50000,0x0000700008f50000] [id=92955]
  0x00007fc541813000 ConcurrentGCThread "CMS Main Thread" [stack: 0x0000700006646000,0x0000700006746000] [id=19971]
  0x00007fc541805000 GCTaskThread "CMS Thread#0" [stack: 0x0000700006543000,0x0000700006643000] [id=20483]
  0x00007fc544149800 GCTaskThread "CMS Thread#1" [stack: 0x00007000086b8000,0x00007000087b8000] [id=66307]
  0x00007fc541973800 GCTaskThread "CMS Thread#2" [stack: 0x00007000087bb000,0x00007000088bb000] [id=87299]

Threads with active compile tasks:
C2 CompilerThread0  25499 5441       4       sun.java2d.SunGraphics2D::setColor (108 bytes)

VM state:not at safepoint (normal execution)

VM Mutex/Monitor currently owned by a thread: None

Heap address: 0x0000000780000000, size: 2048 MB, Compressed Oops mode: Zero based, Oop shift amount: 3
Narrow klass base: 0x0000000800000000, Narrow klass shift: 0
Compressed class space size: 1073741824 Address: 0x0000000800000000

Heap:
 par new generation   total 39296K, used 7916K [0x0000000780000000, 0x0000000782aa0000, 0x00000007aaaa0000)
  eden space 34944K,  10% used [0x0000000780000000, 0x000000078037b300, 0x0000000782220000)
  from space 4352K, 100% used [0x0000000782220000, 0x0000000782660000, 0x0000000782660000)
  to   space 4352K,   0% used [0x0000000782660000, 0x0000000782660000, 0x0000000782aa0000)
 concurrent mark-sweep generation total 101812K, used 67003K [0x00000007aaaa0000, 0x00000007b0e0d000, 0x0000000800000000)
 Metaspace       used 44356K, capacity 45580K, committed 45696K, reserved 1089536K
  class space    used 5217K, capacity 5732K, committed 5760K, reserved 1048576K

Card table byte_map: [0x000000010f326000,0x000000010f727000] _byte_map_base: 0x000000010b726000

Marking Bits: (CMSBitMap*) 0x00007fc541804730
 Bits: [0x000000012821d000, 0x0000000129772800)

Mod Union Table: (CMSBitMap*) 0x00007fc5418047d0
 Bits: [0x00000001103f3000, 0x0000000110448560)

Polling page: 0x000000010cb13000

Metaspace:

Usage:
  Non-class:     38.91 MB capacity,    38.22 MB ( 98%) used,   565.80 KB (  1%) free+waste,   143.94 KB ( <1%) overhead. 
      Class:      5.60 MB capacity,     5.10 MB ( 91%) used,   442.52 KB (  8%) free+waste,    71.62 KB (  1%) overhead. 
       Both:     44.51 MB capacity,    43.32 MB ( 97%) used,  1008.31 KB (  2%) free+waste,   215.56 KB ( <1%) overhead. 

Virtual space:
  Non-class space:       40.00 MB reserved,      39.00 MB ( 98%) committed 
      Class space:        1.00 GB reserved,       5.62 MB ( <1%) committed 
             Both:        1.04 GB reserved,      44.62 MB (  4%) committed 

Chunk freelists:
   Non-Class:  24.00 KB
       Class:  0 bytes
        Both:  24.00 KB

MaxMetaspaceSize: unlimited
CompressedClassSpaceSize: 1.00 GB

CodeHeap 'non-profiled nmethods': size=120036Kb used=1850Kb max_used=1901Kb free=118185Kb
 bounds [0x0000000120ce4000, 0x0000000120f54000, 0x000000012821d000]
CodeHeap 'profiled nmethods': size=120032Kb used=9443Kb max_used=9543Kb free=110588Kb
 bounds [0x00000001197ac000, 0x000000011a10c000, 0x0000000120ce4000]
CodeHeap 'non-nmethods': size=5692Kb used=1535Kb max_used=1568Kb free=4156Kb
 bounds [0x000000011921d000, 0x000000011948d000, 0x00000001197ac000]
 total_blobs=7730 nmethods=4794 adapters=982
 compilation: enabled
              stopped_count=0, restarted_count=0
 full_count=0

Compilation events (20 events):
Event: 25.451 Thread 0x00007fc543803800 5435       2       com.codename1.ui.Component::isFocusable (27 bytes)
Event: 25.451 Thread 0x00007fc543803800 nmethod 5435 0x0000000119e98010 code [0x0000000119e981c0, 0x0000000119e98350]
Event: 25.466 Thread 0x00007fc543803800 5436       1       sun.security.ssl.SSLCipher$T13GcmWriteCipherGenerator$GcmWriteCipher::getExplicitNonceSize (2 bytes)
Event: 25.466 Thread 0x00007fc543803800 nmethod 5436 0x0000000120db6490 code [0x0000000120db6640, 0x0000000120db6750]
Event: 25.466 Thread 0x00007fc543803800 5437  s    2       java.io.FileDescriptor::unregisterCleanup (20 bytes)
Event: 25.466 Thread 0x00007fc543803800 nmethod 5437 0x0000000119ec6e90 code [0x0000000119ec7060, 0x0000000119ec73a8]
Event: 25.467 Thread 0x00007fc543803800 5438       2       java.awt.image.BufferedImage::coerceData (38 bytes)
Event: 25.467 Thread 0x00007fc543803800 nmethod 5438 0x0000000119ecd890 code [0x0000000119ecda40, 0x0000000119ecdc28]
Event: 25.477 Thread 0x00007fc544033800 nmethod 5227 0x0000000120ebf490 code [0x0000000120ebfa60, 0x0000000120ec4f00]
Event: 25.477 Thread 0x00007fc544033800 5253       4       java.util.zip.ZipUtils::getBufferOffset (11 bytes)
Event: 25.478 Thread 0x00007fc544033800 nmethod 5253 0x0000000120dd4a90 code [0x0000000120dd4c20, 0x0000000120dd4c58]
Event: 25.478 Thread 0x00007fc544033800 5211       4       java.util.regex.ASCII::toLower (16 bytes)
Event: 25.478 Thread 0x00007fc544033800 nmethod 5211 0x0000000120e0ba90 code [0x0000000120e0bc20, 0x0000000120e0bc78]
Event: 25.478 Thread 0x00007fc544033800 5367       4       java.nio.ByteBuffer::limit (8 bytes)
Event: 25.479 Thread 0x00007fc544033800 nmethod 5367 0x0000000120e0b710 code [0x0000000120e0b8a0, 0x0000000120e0b978]
Event: 25.479 Thread 0x00007fc544033800 5358       4       java.security.MessageDigest$Delegate::engineUpdate (11 bytes)
Event: 25.479 Thread 0x00007fc544033800 nmethod 5358 0x0000000120e0b410 code [0x0000000120e0b5a0, 0x0000000120e0b638]
Event: 25.479 Thread 0x00007fc544033800 5405       4       com.sun.javafx.iio.gif.GIFImageLoader2$LZWDecoder::initTable (114 bytes)
Event: 25.481 Thread 0x00007fc543803800 5439       3       com.codename1.ui.plaf.LookAndFeel::setFG (22 bytes)
Event: 25.482 Thread 0x00007fc543803800 nmethod 5439 0x0000000119ed9c90 code [0x0000000119ed9ea0, 0x0000000119eda5e8]

GC Heap History (20 events):
Event: 2.122 GC heap before
{Heap before GC invocations=2 (full 0):
 par new generation   total 39296K, used 37753K [0x0000000780000000, 0x0000000782aa0000, 0x00000007aaaa0000)
  eden space 34944K, 100% used [0x0000000780000000, 0x0000000782220000, 0x0000000782220000)
  from space 4352K,  64% used [0x0000000782220000, 0x00000007824de4c0, 0x0000000782660000)
  to   space 4352K,   0% used [0x0000000782660000, 0x0000000782660000, 0x0000000782aa0000)
 concurrent mark-sweep generation total 87424K, used 27487K [0x00000007aaaa0000, 0x00000007b0000000, 0x0000000800000000)
 Metaspace       used 17968K, capacity 18471K, committed 18816K, reserved 1067008K
  class space    used 1930K, capacity 2094K, committed 2176K, reserved 1048576K
}
Event: 2.130 GC heap after
{Heap after GC invocations=3 (full 0):
 par new generation   total 39296K, used 708K [0x0000000780000000, 0x0000000782aa0000, 0x00000007aaaa0000)
  eden space 34944K,   0% used [0x0000000780000000, 0x0000000780000000, 0x0000000782220000)
  from space 4352K,  16% used [0x0000000782660000, 0x0000000782711340, 0x0000000782aa0000)
  to   space 4352K,   0% used [0x0000000782220000, 0x0000000782220000, 0x0000000782660000)
 concurrent mark-sweep generation total 87424K, used 49911K [0x00000007aaaa0000, 0x00000007b0000000, 0x0000000800000000)
 Metaspace       used 17968K, capacity 18471K, committed 18816K, reserved 1067008K
  class space    used 1930K, capacity 2094K, committed 2176K, reserved 1048576K
}
Event: 2.629 GC heap before
{Heap before GC invocations=3 (full 1):
 par new generation   total 39296K, used 35652K [0x0000000780000000, 0x0000000782aa0000, 0x00000007aaaa0000)
  eden space 34944K, 100% used [0x0000000780000000, 0x0000000782220000, 0x0000000782220000)
  from space 4352K,  16% used [0x0000000782660000, 0x0000000782711340, 0x0000000782aa0000)
  to   space 4352K,   0% used [0x0000000782220000, 0x0000000782220000, 0x0000000782660000)
 concurrent mark-sweep generation total 87424K, used 49882K [0x00000007aaaa0000, 0x00000007b0000000, 0x0000000800000000)
 Metaspace       used 17980K, capacity 18471K, committed 18816K, reserved 1067008K
  class space    used 1930K, capacity 2094K, committed 2176K, reserved 1048576K
}
Event: 2.636 GC heap after
{Heap after GC invocations=4 (full 1):
 par new generation   total 39296K, used 799K [0x0000000780000000, 0x0000000782aa0000, 0x00000007aaaa0000)
  eden space 34944K,   0% used [0x0000000780000000, 0x0000000780000000, 0x0000000782220000)
  from space 4352K,  18% used [0x0000000782220000, 0x00000007822e7d30, 0x0000000782660000)
  to   space 4352K,   0% used [0x0000000782660000, 0x0000000782660000, 0x0000000782aa0000)
 concurrent mark-sweep generation total 87424K, used 61094K [0x00000007aaaa0000, 0x00000007b0000000, 0x0000000800000000)
 Metaspace       used 17980K, capacity 18471K, committed 18816K, reserved 1067008K
  class space    used 1930K, capacity 2094K, committed 2176K, reserved 1048576K
}
Event: 2.942 GC heap before
{Heap before GC invocations=4 (full 2):
 par new generation   total 39296K, used 26814K [0x0000000780000000, 0x0000000782aa0000, 0x00000007aaaa0000)
  eden space 34944K,  74% used [0x0000000780000000, 0x0000000781967c78, 0x0000000782220000)
  from space 4352K,  18% used [0x0000000782220000, 0x00000007822e7d30, 0x0000000782660000)
  to   space 4352K,   0% used [0x0000000782660000, 0x0000000782660000, 0x0000000782aa0000)
 concurrent mark-sweep generation total 101812K, used 61085K [0x00000007aaaa0000, 0x00000007b0e0d000, 0x0000000800000000)
 Metaspace       used 22244K, capacity 22829K, committed 23168K, reserved 1069056K
  class space    used 2436K, capacity 2661K, committed 2688K, reserved 1048576K
}
Event: 2.950 GC heap after
{Heap after GC invocations=5 (full 2):
 par new generation   total 39296K, used 4352K [0x0000000780000000, 0x0000000782aa0000, 0x00000007aaaa0000)
  eden space 34944K,   0% used [0x0000000780000000, 0x0000000780000000, 0x0000000782220000)
  from space 4352K, 100% used [0x0000000782660000, 0x0000000782aa0000, 0x0000000782aa0000)
  to   space 4352K,   0% used [0x0000000782220000, 0x0000000782220000, 0x0000000782660000)
 concurrent mark-sweep generation total 101812K, used 77111K [0x00000007aaaa0000, 0x00000007b0e0d000, 0x0000000800000000)
 Metaspace       used 22244K, capacity 22829K, committed 23168K, reserved 1069056K
  class space    used 2436K, capacity 2661K, committed 2688K, reserved 1048576K
}
Event: 5.932 GC heap before
{Heap before GC invocations=5 (full 3):
 par new generation   total 39296K, used 39296K [0x0000000780000000, 0x0000000782aa0000, 0x00000007aaaa0000)
  eden space 34944K, 100% used [0x0000000780000000, 0x0000000782220000, 0x0000000782220000)
  from space 4352K, 100% used [0x0000000782660000, 0x0000000782aa0000, 0x0000000782aa0000)
  to   space 4352K,   0% used [0x0000000782220000, 0x0000000782220000, 0x0000000782660000)
 concurrent mark-sweep generation total 101812K, used 77111K [0x00000007aaaa0000, 0x00000007b0e0d000, 0x0000000800000000)
 Metaspace       used 24571K, capacity 25177K, committed 25600K, reserved 1071104K
  class space    used 2727K, capacity 2953K, committed 3072K, reserved 1048576K
}
Event: 5.936 GC heap after
{Heap after GC invocations=6 (full 3):
 par new generation   total 39296K, used 4264K [0x0000000780000000, 0x0000000782aa0000, 0x00000007aaaa0000)
  eden space 34944K,   0% used [0x0000000780000000, 0x0000000780000000, 0x0000000782220000)
  from space 4352K,  97% used [0x0000000782220000, 0x000000078264a158, 0x0000000782660000)
  to   space 4352K,   0% used [0x0000000782660000, 0x0000000782660000, 0x0000000782aa0000)
 concurrent mark-sweep generation total 101812K, used 85197K [0x00000007aaaa0000, 0x00000007b0e0d000, 0x0000000800000000)
 Metaspace       used 24571K, capacity 25177K, committed 25600K, reserved 1071104K
  class space    used 2727K, capacity 2953K, committed 3072K, reserved 1048576K
}
Event: 6.818 GC heap before
{Heap before GC invocations=6 (full 3):
 par new generation   total 39296K, used 39208K [0x0000000780000000, 0x0000000782aa0000, 0x00000007aaaa0000)
  eden space 34944K, 100% used [0x0000000780000000, 0x0000000782220000, 0x0000000782220000)
  from space 4352K,  97% used [0x0000000782220000, 0x000000078264a158, 0x0000000782660000)
  to   space 4352K,   0% used [0x0000000782660000, 0x0000000782660000, 0x0000000782aa0000)
 concurrent mark-sweep generation total 101812K, used 51540K [0x00000007aaaa0000, 0x00000007b0e0d000, 0x0000000800000000)
 Metaspace       used 25397K, capacity 26011K, committed 26368K, reserved 1073152K
  class space    used 2772K, capacity 2999K, committed 3072K, reserved 1048576K
}
Event: 6.821 GC heap after
{Heap after GC invocations=7 (full 3):
 par new generation   total 39296K, used 4350K [0x0000000780000000, 0x0000000782aa0000, 0x00000007aaaa0000)
  eden space 34944K,   0% used [0x0000000780000000, 0x0000000780000000, 0x0000000782220000)
  from space 4352K,  99% used [0x0000000782660000, 0x0000000782a9f8c8, 0x0000000782aa0000)
  to   space 4352K,   0% used [0x0000000782220000, 0x0000000782220000, 0x0000000782660000)
 concurrent mark-sweep generation total 101812K, used 57890K [0x00000007aaaa0000, 0x00000007b0e0d000, 0x0000000800000000)
 Metaspace       used 25397K, capacity 26011K, committed 26368K, reserved 1073152K
  class space    used 2772K, capacity 2999K, committed 3072K, reserved 1048576K
}
Event: 22.762 GC heap before
{Heap before GC invocations=7 (full 3):
 par new generation   total 39296K, used 39296K [0x0000000780000000, 0x0000000782aa0000, 0x00000007aaaa0000)
  eden space 34944K, 100% used [0x0000000780000000, 0x0000000782220000, 0x0000000782220000)
  from space 4352K, 100% used [0x0000000782660000, 0x0000000782aa0000, 0x0000000782aa0000)
  to   space 4352K,   0% used [0x0000000782220000, 0x0000000782220000, 0x0000000782660000)
 concurrent mark-sweep generation total 101812K, used 57891K [0x00000007aaaa0000, 0x00000007b0e0d000, 0x0000000800000000)
 Metaspace       used 31250K, capacity 32082K, committed 32256K, reserved 1077248K
  class space    used 3520K, capacity 3812K, committed 3840K, reserved 1048576K
}
Event: 22.767 GC heap after
{Heap after GC invocations=8 (full 3):
 par new generation   total 39296K, used 2812K [0x0000000780000000, 0x0000000782aa0000, 0x00000007aaaa0000)
  eden space 34944K,   0% used [0x0000000780000000, 0x0000000780000000, 0x0000000782220000)
  from space 4352K,  64% used [0x0000000782220000, 0x00000007824df1e0, 0x0000000782660000)
  to   space 4352K,   0% used [0x0000000782660000, 0x0000000782660000, 0x0000000782aa0000)
 concurrent mark-sweep generation total 101812K, used 69399K [0x00000007aaaa0000, 0x00000007b0e0d000, 0x0000000800000000)
 Metaspace       used 31250K, capacity 32082K, committed 32256K, reserved 1077248K
  class space    used 3520K, capacity 3812K, committed 3840K, reserved 1048576K
}
Event: 23.177 GC heap before
{Heap before GC invocations=8 (full 3):
 par new generation   total 39296K, used 37757K [0x0000000780000000, 0x0000000782aa0000, 0x00000007aaaa0000)
  eden space 34944K, 100% used [0x0000000780000000, 0x0000000782220000, 0x0000000782220000)
  from space 4352K,  64% used [0x0000000782220000, 0x00000007824df698, 0x0000000782660000)
  to   space 4352K,   0% used [0x0000000782660000, 0x0000000782660000, 0x0000000782aa0000)
 concurrent mark-sweep generation total 101812K, used 69399K [0x00000007aaaa0000, 0x00000007b0e0d000, 0x0000000800000000)
 Metaspace       used 38202K, capacity 39332K, committed 39680K, reserved 1083392K
  class space    used 4559K, capacity 5005K, committed 5120K, reserved 1048576K
}
Event: 23.182 GC heap after
{Heap after GC invocations=9 (full 3):
 par new generation   total 39296K, used 4352K [0x0000000780000000, 0x0000000782aa0000, 0x00000007aaaa0000)
  eden space 34944K,   0% used [0x0000000780000000, 0x0000000780000000, 0x0000000782220000)
  from space 4352K, 100% used [0x0000000782660000, 0x0000000782aa0000, 0x0000000782aa0000)
  to   space 4352K,   0% used [0x0000000782220000, 0x0000000782220000, 0x0000000782660000)
 concurrent mark-sweep generation total 101812K, used 71748K [0x00000007aaaa0000, 0x00000007b0e0d000, 0x0000000800000000)
 Metaspace       used 38202K, capacity 39332K, committed 39680K, reserved 1083392K
  class space    used 4559K, capacity 5005K, committed 5120K, reserved 1048576K
}
Event: 23.540 GC heap before
{Heap before GC invocations=9 (full 4):
 par new generation   total 39296K, used 39296K [0x0000000780000000, 0x0000000782aa0000, 0x00000007aaaa0000)
  eden space 34944K, 100% used [0x0000000780000000, 0x0000000782220000, 0x0000000782220000)
  from space 4352K, 100% used [0x0000000782660000, 0x0000000782aa0000, 0x0000000782aa0000)
  to   space 4352K,   0% used [0x0000000782220000, 0x0000000782220000, 0x0000000782660000)
 concurrent mark-sweep generation total 101812K, used 53854K [0x00000007aaaa0000, 0x00000007b0e0d000, 0x0000000800000000)
 Metaspace       used 42728K, capacity 43909K, committed 44032K, reserved 1087488K
  class space    used 5080K, capacity 5588K, committed 5632K, reserved 1048576K
}
Event: 23.544 GC heap after
{Heap after GC invocations=10 (full 4):
 par new generation   total 39296K, used 4097K [0x0000000780000000, 0x0000000782aa0000, 0x00000007aaaa0000)
  eden space 34944K,   0% used [0x0000000780000000, 0x0000000780000000, 0x0000000782220000)
  from space 4352K,  94% used [0x0000000782220000, 0x0000000782620450, 0x0000000782660000)
  to   space 4352K,   0% used [0x0000000782660000, 0x0000000782660000, 0x0000000782aa0000)
 concurrent mark-sweep generation total 101812K, used 57625K [0x00000007aaaa0000, 0x00000007b0e0d000, 0x0000000800000000)
 Metaspace       used 42728K, capacity 43909K, committed 44032K, reserved 1087488K
  class space    used 5080K, capacity 5588K, committed 5632K, reserved 1048576K
}
Event: 23.838 GC heap before
{Heap before GC invocations=10 (full 4):
 par new generation   total 39296K, used 39041K [0x0000000780000000, 0x0000000782aa0000, 0x00000007aaaa0000)
  eden space 34944K, 100% used [0x0000000780000000, 0x0000000782220000, 0x0000000782220000)
  from space 4352K,  94% used [0x0000000782220000, 0x0000000782620450, 0x0000000782660000)
  to   space 4352K,   0% used [0x0000000782660000, 0x0000000782660000, 0x0000000782aa0000)
 concurrent mark-sweep generation total 101812K, used 57625K [0x00000007aaaa0000, 0x00000007b0e0d000, 0x0000000800000000)
 Metaspace       used 43644K, capacity 44929K, committed 45184K, reserved 1089536K
  class space    used 5152K, capacity 5689K, committed 5760K, reserved 1048576K
}
Event: 23.841 GC heap after
{Heap after GC invocations=11 (full 4):
 par new generation   total 39296K, used 4352K [0x0000000780000000, 0x0000000782aa0000, 0x00000007aaaa0000)
  eden space 34944K,   0% used [0x0000000780000000, 0x0000000780000000, 0x0000000782220000)
  from space 4352K, 100% used [0x0000000782660000, 0x0000000782aa0000, 0x0000000782aa0000)
  to   space 4352K,   0% used [0x0000000782220000, 0x0000000782220000, 0x0000000782660000)
 concurrent mark-sweep generation total 101812K, used 63780K [0x00000007aaaa0000, 0x00000007b0e0d000, 0x0000000800000000)
 Metaspace       used 43644K, capacity 44929K, committed 45184K, reserved 1089536K
  class space    used 5152K, capacity 5689K, committed 5760K, reserved 1048576K
}
Event: 25.224 GC heap before
{Heap before GC invocations=11 (full 4):
 par new generation   total 39296K, used 39296K [0x0000000780000000, 0x0000000782aa0000, 0x00000007aaaa0000)
  eden space 34944K, 100% used [0x0000000780000000, 0x0000000782220000, 0x0000000782220000)
  from space 4352K, 100% used [0x0000000782660000, 0x0000000782aa0000, 0x0000000782aa0000)
  to   space 4352K,   0% used [0x0000000782220000, 0x0000000782220000, 0x0000000782660000)
 concurrent mark-sweep generation total 101812K, used 63801K [0x00000007aaaa0000, 0x00000007b0e0d000, 0x0000000800000000)
 Metaspace       used 44335K, capacity 45578K, committed 45696K, reserved 1089536K
  class space    used 5217K, capacity 5732K, committed 5760K, reserved 1048576K
}
Event: 25.225 GC heap after
{Heap after GC invocations=12 (full 4):
 par new generation   total 39296K, used 4352K [0x0000000780000000, 0x0000000782aa0000, 0x00000007aaaa0000)
  eden space 34944K,   0% used [0x0000000780000000, 0x0000000780000000, 0x0000000782220000)
  from space 4352K, 100% used [0x0000000782220000, 0x0000000782660000, 0x0000000782660000)
  to   space 4352K,   0% used [0x0000000782660000, 0x0000000782660000, 0x0000000782aa0000)
 concurrent mark-sweep generation total 101812K, used 67003K [0x00000007aaaa0000, 0x00000007b0e0d000, 0x0000000800000000)
 Metaspace       used 44335K, capacity 45578K, committed 45696K, reserved 1089536K
  class space    used 5217K, capacity 5732K, committed 5760K, reserved 1048576K
}

Deoptimization events (20 events):
Event: 25.047 Thread 0x00007fc54a1c4800 DEOPT PACKING pc=0x0000000119f8e46f sp=0x000070000a38ec60
Event: 25.047 Thread 0x00007fc54a1c4800 DEOPT UNPACKING pc=0x000000011924513a sp=0x000070000a38e108 mode 0
Event: 25.054 Thread 0x00007fc54a1c4800 DEOPT PACKING pc=0x0000000119f8e46f sp=0x000070000a38ec60
Event: 25.054 Thread 0x00007fc54a1c4800 DEOPT UNPACKING pc=0x000000011924513a sp=0x000070000a38e108 mode 0
Event: 25.054 Thread 0x00007fc541043000 DEOPT PACKING pc=0x0000000119aacdb5 sp=0x00007ffee3153050
Event: 25.054 Thread 0x00007fc541043000 DEOPT UNPACKING pc=0x000000011924513a sp=0x00007ffee3152510 mode 0
Event: 25.059 Thread 0x00007fc541043000 DEOPT PACKING pc=0x0000000119aacdb5 sp=0x00007ffee3153260
Event: 25.059 Thread 0x00007fc541043000 DEOPT UNPACKING pc=0x000000011924513a sp=0x00007ffee3152720 mode 0
Event: 25.062 Thread 0x00007fc54a1c4800 DEOPT PACKING pc=0x0000000119f8e46f sp=0x000070000a38ec60
Event: 25.062 Thread 0x00007fc54a1c4800 DEOPT UNPACKING pc=0x000000011924513a sp=0x000070000a38e108 mode 0
Event: 25.065 Thread 0x00007fc541043000 DEOPT PACKING pc=0x0000000119aacdb5 sp=0x00007ffee3153090
Event: 25.065 Thread 0x00007fc541043000 DEOPT UNPACKING pc=0x000000011924513a sp=0x00007ffee3152550 mode 0
Event: 25.070 Thread 0x00007fc54a1c4800 DEOPT PACKING pc=0x0000000119f8e46f sp=0x000070000a38ec60
Event: 25.070 Thread 0x00007fc54a1c4800 DEOPT UNPACKING pc=0x000000011924513a sp=0x000070000a38e108 mode 0
Event: 25.075 Thread 0x00007fc54a1c4800 DEOPT PACKING pc=0x0000000119f53481 sp=0x000070000a38f6d0
Event: 25.075 Thread 0x00007fc54a1c4800 DEOPT UNPACKING pc=0x000000011924513a sp=0x000070000a38eb98 mode 0
Event: 25.195 Thread 0x00007fc54332d800 DEOPT PACKING pc=0x0000000119f53481 sp=0x0000700009c7a850
Event: 25.195 Thread 0x00007fc54332d800 DEOPT UNPACKING pc=0x000000011924513a sp=0x0000700009c79d18 mode 0
Event: 25.333 Thread 0x00007fc541043000 DEOPT PACKING pc=0x000000011a09d9f0 sp=0x00007ffee315e720
Event: 25.333 Thread 0x00007fc541043000 DEOPT UNPACKING pc=0x000000011924513a sp=0x00007ffee315dca8 mode 0

Classes redefined (0 events):
No events

Internal exceptions (20 events):
Event: 23.023 Thread 0x00007fc541043000 Exception <a 'java/lang/NoSuchMethodError'{0x0000000781531c90}: 'java.lang.Object java.lang.invoke.DirectMethodHandle$Holder.invokeStatic(java.lang.Object, java.lang.Object, java.lang.Object, java.lang.Object, java.lang.Object, java.lang.Object, java.lang
Event: 23.024 Thread 0x00007fc541043000 Exception <a 'java/lang/NoSuchMethodError'{0x0000000781541cd8}: 'java.lang.Object java.lang.invoke.DelegatingMethodHandle$Holder.reinvoke_L(java.lang.Object, long, java.lang.Object)'> (0x0000000781541cd8) thrown at [/corretto/workspace/corretto11-repo/ins
Event: 23.029 Thread 0x00007fc541043000 Exception <a 'java/lang/NoSuchMethodError'{0x00000007815c2418}: 'java.lang.Object java.lang.invoke.DelegatingMethodHandle$Holder.reinvoke_L(java.lang.Object, java.lang.Object, int, int, long, int, java.lang.Object, java.lang.Object, java.lang.Object, int)
Event: 23.032 Thread 0x00007fc541043000 Exception <a 'java/lang/NoSuchMethodError'{0x000000078163f3b0}: 'java.lang.Object java.lang.invoke.DirectMethodHandle$Holder.invokeSpecial(java.lang.Object, java.lang.Object, int, int, int, long, int, java.lang.Object, java.lang.Object, java.lang.Object, 
Event: 23.032 Thread 0x00007fc541043000 Exception <a 'java/lang/NoSuchMethodError'{0x0000000781642c58}: 'java.lang.Object java.lang.invoke.DelegatingMethodHandle$Holder.reinvoke_L(java.lang.Object, int, int, int, long, int, java.lang.Object, java.lang.Object, java.lang.Object, int)'> (0x0000000
Event: 23.032 Thread 0x00007fc541043000 Exception <a 'java/lang/NoSuchMethodError'{0x000000078164aab8}: 'java.lang.Object java.lang.invoke.DirectMethodHandle$Holder.invokeStatic(java.lang.Object, java.lang.Object, java.lang.Object, java.lang.Object, java.lang.Object, int)'> (0x000000078164aab8)
Event: 23.040 Thread 0x00007fc541043000 Exception <a 'java/lang/NoSuchMethodError'{0x0000000781799558}: 'java.lang.Object java.lang.invoke.DelegatingMethodHandle$Holder.reinvoke_L(java.lang.Object, java.lang.Object, long)'> (0x0000000781799558) thrown at [/corretto/workspace/corretto11-repo/ins
Event: 23.088 Thread 0x00007fc5432ee800 Exception <a 'java/lang/NoSuchMethodError'{0x00000007818d0570}: 'int java.lang.invoke.DirectMethodHandle$Holder.invokeSpecialIFC(java.lang.Object, java.lang.Object, int)'> (0x00000007818d0570) thrown at [/corretto/workspace/corretto11-repo/installers/mac/
Event: 23.097 Thread 0x00007fc5432ee800 Exception <a 'java/lang/NoSuchMethodError'{0x0000000781914748}: 'int java.lang.invoke.DirectMethodHandle$Holder.invokeStaticInit(java.lang.Object, java.lang.Object, java.lang.Object, java.lang.Object)'> (0x0000000781914748) thrown at [/corretto/workspace/
Event: 23.097 Thread 0x00007fc5432ee800 Exception <a 'java/lang/IncompatibleClassChangeError'{0x000000078191d5c0}: Found class java.lang.Object, but interface was expected> (0x000000078191d5c0) thrown at [/corretto/workspace/corretto11-repo/installers/mac/tar/corretto-build/buildRoot/src/src/ho
Event: 23.455 Thread 0x00007fc541043000 Exception <a 'java/lang/NoSuchMethodError'{0x00000007813f58f0}: 'java.lang.Object java.lang.invoke.DelegatingMethodHandle$Holder.reinvoke_L(java.lang.Object, java.lang.Object, int, int, long, int, int, java.lang.Object, java.lang.Object, int)'> (0x0000000
Event: 23.457 Thread 0x00007fc541043000 Exception <a 'java/lang/NoSuchMethodError'{0x00000007814531e8}: 'java.lang.Object java.lang.invoke.DirectMethodHandle$Holder.invokeSpecial(java.lang.Object, java.lang.Object, int, int, int, long, int, int, java.lang.Object, java.lang.Object, int)'> (0x000
Event: 23.457 Thread 0x00007fc541043000 Exception <a 'java/lang/NoSuchMethodError'{0x0000000781456988}: 'java.lang.Object java.lang.invoke.DelegatingMethodHandle$Holder.reinvoke_L(java.lang.Object, int, int, int, long, int, int, java.lang.Object, java.lang.Object, int)'> (0x0000000781456988) th
Event: 24.321 Thread 0x00007fc541043000 Exception <a 'java/io/FileNotFoundException'{0x0000000780201f80}> (0x0000000780201f80) thrown at [/corretto/workspace/corretto11-repo/installers/mac/tar/corretto-build/buildRoot/src/src/hotspot/share/prims/jni.cpp, line 615]
Event: 24.321 Thread 0x00007fc541043000 Exception <a 'java/io/FileNotFoundException'{0x0000000780205480}> (0x0000000780205480) thrown at [/corretto/workspace/corretto11-repo/installers/mac/tar/corretto-build/buildRoot/src/src/hotspot/share/prims/jni.cpp, line 615]
Event: 24.321 Thread 0x00007fc541043000 Exception <a 'java/io/FileNotFoundException'{0x00000007802063f0}> (0x00000007802063f0) thrown at [/corretto/workspace/corretto11-repo/installers/mac/tar/corretto-build/buildRoot/src/src/hotspot/share/prims/jni.cpp, line 615]
Event: 24.322 Thread 0x00007fc541043000 Exception <a 'java/io/FileNotFoundException'{0x0000000780218e40}> (0x0000000780218e40) thrown at [/corretto/workspace/corretto11-repo/installers/mac/tar/corretto-build/buildRoot/src/src/hotspot/share/prims/jni.cpp, line 615]
Event: 25.105 Thread 0x00007fc541043000 Exception <a 'java/lang/NoSuchMethodError'{0x0000000781ebdb30}: 'java.lang.Object java.lang.invoke.DirectMethodHandle$Holder.invokeStatic(java.lang.Object, java.lang.Object, java.lang.Object, java.lang.Object, java.lang.Object, java.lang.Object, java.lang
Event: 25.486 Thread 0x00007fc5437eb000 Exception <a 'java/lang/NoClassDefFoundError'{0x000000078035bc90}: com/sun/webkit/FileSystem> (0x000000078035bc90) thrown at [/corretto/workspace/corretto11-repo/installers/mac/tar/corretto-build/buildRoot/src/src/hotspot/share/classfile/systemDictionary.
Event: 25.486 Thread 0x00007fc5437eb000 Exception <a 'java/lang/NoSuchMethodError'{0x000000078035bfa0}: fwkMakeAllDirectories> (0x000000078035bfa0) thrown at [/corretto/workspace/corretto11-repo/installers/mac/tar/corretto-build/buildRoot/src/src/hotspot/share/prims/jni.cpp, line 1331]

Events (20 events):
Event: 25.238 Thread 0x00007fc542036800 flushing nmethod 0x000000011a07d110
Event: 25.238 Thread 0x00007fc542036800 flushing nmethod 0x000000011a094390
Event: 25.243 Executing VM operation: RevokeBias
Event: 25.243 Executing VM operation: RevokeBias done
Event: 25.243 Executing VM operation: RevokeBias
Event: 25.243 Executing VM operation: RevokeBias done
Event: 25.243 Executing VM operation: RevokeBias
Event: 25.243 Executing VM operation: RevokeBias done
Event: 25.243 Executing VM operation: RevokeBias
Event: 25.243 Executing VM operation: RevokeBias done
Event: 25.243 Executing VM operation: RevokeBias
Event: 25.244 Executing VM operation: RevokeBias done
Event: 25.244 Executing VM operation: RevokeBias
Event: 25.244 Executing VM operation: RevokeBias done
Event: 25.244 Executing VM operation: RevokeBias
Event: 25.244 Executing VM operation: RevokeBias done
Event: 25.486 Protecting memory [0x000070000aab0000,0x000070000aab4000] with protection modes 0
Event: 25.486 Thread 0x00007fc5437eb000 Thread added: 0x00007fc5437eb000
Event: 25.486 loading class com/sun/webkit/FileSystem
Event: 25.486 loading class com/sun/webkit/FileSystem done


Dynamic libraries:
0x00007fff36b65000 	/System/Library/Frameworks/Cocoa.framework/Versions/A/Cocoa
0x00007fff44131000 	/System/Library/Frameworks/Security.framework/Versions/A/Security
0x00007fff35af0000 	/System/Library/Frameworks/ApplicationServices.framework/Versions/A/ApplicationServices
0x00007fff6e516000 	/usr/lib/libz.1.dylib
0x000000010caa0000 	/Library/Java/JavaVirtualMachines/amazon-corretto-11.jdk/Contents/Home/lib/jli/libjli.dylib
0x00007fff6bfe9000 	/usr/lib/libSystem.B.dylib
0x00007fff34ce5000 	/System/Library/Frameworks/AppKit.framework/Versions/C/AppKit
0x00007fff375e8000 	/System/Library/Frameworks/CoreData.framework/Versions/A/CoreData
0x00007fff3a1a0000 	/System/Library/Frameworks/Foundation.framework/Versions/C/Foundation
0x00007fff68894000 	/System/Library/PrivateFrameworks/UIFoundation.framework/Versions/A/UIFoundation
0x00007fff6307f000 	/System/Library/PrivateFrameworks/RemoteViewServices.framework/Versions/A/RemoteViewServices
0x00007fff6b324000 	/System/Library/PrivateFrameworks/XCTTargetBootstrap.framework/Versions/A/XCTTargetBootstrap
0x00007fff379cb000 	/System/Library/Frameworks/CoreDisplay.framework/Versions/A/CoreDisplay
0x00007fff3cf18000 	/System/Library/Frameworks/Metal.framework/Versions/A/Metal
0x00007fff514a0000 	/System/Library/PrivateFrameworks/DesktopServicesPriv.framework/Versions/A/DesktopServicesPriv
0x00007fff6d11f000 	/usr/lib/liblangid.dylib
0x00007fff505f7000 	/System/Library/PrivateFrameworks/CoreSVG.framework/Versions/A/CoreSVG
0x00007fff65e41000 	/System/Library/PrivateFrameworks/SkyLight.framework/Versions/A/SkyLight
0x00007fff37f5d000 	/System/Library/Frameworks/CoreGraphics.framework/Versions/A/CoreGraphics
0x00007fff33884000 	/System/Library/Frameworks/Accelerate.framework/Versions/A/Accelerate
0x00007fff6e407000 	/usr/lib/libxml2.2.dylib
0x00007fff5c1be000 	/System/Library/PrivateFrameworks/IconServices.framework/Versions/A/IconServices
0x00007fff3a984000 	/System/Library/Frameworks/IOSurface.framework/Versions/A/IOSurface
0x00007fff6bb21000 	/usr/lib/libDiagnosticMessagesClient.dylib
0x00007fff51319000 	/System/Library/PrivateFrameworks/DFRFoundation.framework/Versions/A/DFRFoundation
0x00007fff6cead000 	/usr/lib/libicucore.A.dylib
0x00007fff35e22000 	/System/Library/Frameworks/AudioToolbox.framework/Versions/A/AudioToolbox
0x00007fff35f04000 	/System/Library/Frameworks/AudioUnit.framework/Versions/A/AudioUnit
0x00007fff6c1ea000 	/usr/lib/libauto.dylib
0x00007fff5139a000 	/System/Library/PrivateFrameworks/DataDetectorsCore.framework/Versions/A/DataDetectorsCore
0x00007fff36685000 	/System/Library/Frameworks/Carbon.framework/Versions/A/Frameworks/HIToolbox.framework/Versions/A/HIToolbox
0x00007fff43363000 	/System/Library/Frameworks/QuartzCore.framework/Versions/A/QuartzCore
0x00007fff369c4000 	/System/Library/Frameworks/Carbon.framework/Versions/A/Frameworks/SpeechRecognition.framework/Versions/A/SpeechRecognition
0x00007fff50c9f000 	/System/Library/PrivateFrameworks/CoreUI.framework/Versions/A/CoreUI
0x00007fff3704e000 	/System/Library/Frameworks/CoreAudio.framework/Versions/A/CoreAudio
0x00007fff39e68000 	/System/Library/Frameworks/DiskArbitration.framework/Versions/A/DiskArbitration
0x00007fff5e1d2000 	/System/Library/PrivateFrameworks/MultitouchSupport.framework/Versions/A/MultitouchSupport
0x00007fff6cd73000 	/usr/lib/libenergytrace.dylib
0x00007fff3a8df000 	/System/Library/Frameworks/IOKit.framework/Versions/A/IOKit
0x00007fff38ecb000 	/System/Library/Frameworks/CoreServices.framework/Versions/A/CoreServices
0x00007fff602dc000 	/System/Library/PrivateFrameworks/PerformanceAnalysis.framework/Versions/A/PerformanceAnalysis
0x00007fff42399000 	/System/Library/Frameworks/OpenGL.framework/Versions/A/OpenGL
0x00007fff6de3a000 	/usr/lib/libobjc.A.dylib
0x00007fff36b73000 	/System/Library/Frameworks/ColorSync.framework/Versions/A/ColorSync
0x00007fff37adb000 	/System/Library/Frameworks/CoreFoundation.framework/Versions/A/CoreFoundation
0x00007fff385e4000 	/System/Library/Frameworks/CoreImage.framework/Versions/A/CoreImage
0x00007fff39941000 	/System/Library/Frameworks/CoreText.framework/Versions/A/CoreText
0x00007fff3aa0a000 	/System/Library/Frameworks/ImageIO.framework/Versions/A/ImageIO
0x00007fff6c2cf000 	/usr/lib/libc++.1.dylib
0x00007fff6c34b000 	/usr/lib/libcompression.dylib
0x00007fff6be63000 	/usr/lib/libMobileGestalt.dylib
0x00007fff67976000 	/System/Library/PrivateFrameworks/TextureIO.framework/Versions/A/TextureIO
0x00007fff6c150000 	/usr/lib/libate.dylib
0x00007fff5c3c7000 	/System/Library/PrivateFrameworks/InternationalSupport.framework/Versions/A/InternationalSupport
0x00007fff6ef8c000 	/usr/lib/system/libcache.dylib
0x00007fff6ef92000 	/usr/lib/system/libcommonCrypto.dylib
0x00007fff6ef9e000 	/usr/lib/system/libcompiler_rt.dylib
0x00007fff6efa6000 	/usr/lib/system/libcopyfile.dylib
0x00007fff6efb0000 	/usr/lib/system/libcorecrypto.dylib
0x00007fff6f15e000 	/usr/lib/system/libdispatch.dylib
0x00007fff6f1a0000 	/usr/lib/system/libdyld.dylib
0x00007fff6f1d6000 	/usr/lib/system/libkeymgr.dylib
0x00007fff6f1e4000 	/usr/lib/system/liblaunch.dylib
0x00007fff6f1e5000 	/usr/lib/system/libmacho.dylib
0x00007fff6f1eb000 	/usr/lib/system/libquarantine.dylib
0x00007fff6f1ee000 	/usr/lib/system/libremovefile.dylib
0x00007fff6f1f0000 	/usr/lib/system/libsystem_asl.dylib
0x00007fff6f208000 	/usr/lib/system/libsystem_blocks.dylib
0x00007fff6f209000 	/usr/lib/system/libsystem_c.dylib
0x00007fff6f291000 	/usr/lib/system/libsystem_configuration.dylib
0x00007fff6f295000 	/usr/lib/system/libsystem_coreservices.dylib
0x00007fff6f299000 	/usr/lib/system/libsystem_darwin.dylib
0x00007fff6f2a2000 	/usr/lib/system/libsystem_dnssd.dylib
0x00007fff6f2aa000 	/usr/lib/system/libsystem_featureflags.dylib
0x00007fff6f2ac000 	/usr/lib/system/libsystem_info.dylib
0x00007fff6f327000 	/usr/lib/system/libsystem_m.dylib
0x00007fff6f36f000 	/usr/lib/system/libsystem_malloc.dylib
0x00007fff6f397000 	/usr/lib/system/libsystem_networkextension.dylib
0x00007fff6f3a5000 	/usr/lib/system/libsystem_notify.dylib
0x00007fff6f3c4000 	/usr/lib/system/libsystem_sandbox.dylib
0x00007fff6f3c9000 	/usr/lib/system/libsystem_secinit.dylib
0x00007fff6f2fa000 	/usr/lib/system/libsystem_kernel.dylib
0x00007fff6f3af000 	/usr/lib/system/libsystem_platform.dylib
0x00007fff6f3b9000 	/usr/lib/system/libsystem_pthread.dylib
0x00007fff6f3cc000 	/usr/lib/system/libsystem_symptoms.dylib
0x00007fff6f3d4000 	/usr/lib/system/libsystem_trace.dylib
0x00007fff6f3ec000 	/usr/lib/system/libunwind.dylib
0x00007fff6f3f2000 	/usr/lib/system/libxpc.dylib
0x00007fff6c323000 	/usr/lib/libc++abi.dylib
0x00007fff6d121000 	/usr/lib/liblzma.5.dylib
0x00007fff6cd9b000 	/usr/lib/libfakelink.dylib
0x00007fff6c0dd000 	/usr/lib/libarchive.2.dylib
0x00007fff452d1000 	/System/Library/Frameworks/SystemConfiguration.framework/Versions/A/SystemConfiguration
0x00007fff6ba52000 	/usr/lib/libCRFSuite.dylib
0x00007fff3627a000 	/System/Library/Frameworks/CFNetwork.framework/Versions/A/CFNetwork
0x00007fff6c2b1000 	/usr/lib/libbsm.0.dylib
0x00007fff6f1d7000 	/usr/lib/system/libkxld.dylib
0x00007fff4addb000 	/System/Library/PrivateFrameworks/AppleFSCompression.framework/Versions/A/AppleFSCompression
0x00007fff6c632000 	/usr/lib/libcoretls.dylib
0x00007fff6c649000 	/usr/lib/libcoretls_cfhelpers.dylib
0x00007fff6de7e000 	/usr/lib/libpam.2.dylib
0x00007fff6dfb1000 	/usr/lib/libsqlite3.dylib
0x00007fff6e3f4000 	/usr/lib/libxar.1.dylib
0x00007fff6c2c2000 	/usr/lib/libbz2.1.0.dylib
0x00007fff6cdbc000 	/usr/lib/libiconv.2.dylib
0x00007fff6c338000 	/usr/lib/libcharset.1.dylib
0x00007fff6d925000 	/usr/lib/libnetwork.dylib
0x00007fff6de85000 	/usr/lib/libpcap.A.dylib
0x00007fff6c092000 	/usr/lib/libapple_nghttp2.dylib
0x00007fff39282000 	/System/Library/Frameworks/CoreServices.framework/Versions/A/Frameworks/FSEvents.framework/Versions/A/FSEvents
0x00007fff38f52000 	/System/Library/Frameworks/CoreServices.framework/Versions/A/Frameworks/CarbonCore.framework/Versions/A/CarbonCore
0x00007fff394c5000 	/System/Library/Frameworks/CoreServices.framework/Versions/A/Frameworks/Metadata.framework/Versions/A/Metadata
0x00007fff3955e000 	/System/Library/Frameworks/CoreServices.framework/Versions/A/Frameworks/OSServices.framework/Versions/A/OSServices
0x00007fff3958c000 	/System/Library/Frameworks/CoreServices.framework/Versions/A/Frameworks/SearchKit.framework/Versions/A/SearchKit
0x00007fff38ecc000 	/System/Library/Frameworks/CoreServices.framework/Versions/A/Frameworks/AE.framework/Versions/A/AE
0x00007fff3928b000 	/System/Library/Frameworks/CoreServices.framework/Versions/A/Frameworks/LaunchServices.framework/Versions/A/LaunchServices
0x00007fff39234000 	/System/Library/Frameworks/CoreServices.framework/Versions/A/Frameworks/DictionaryServices.framework/Versions/A/DictionaryServices
0x00007fff395f4000 	/System/Library/Frameworks/CoreServices.framework/Versions/A/Frameworks/SharedFileList.framework/Versions/A/SharedFileList
0x00007fff3e1ed000 	/System/Library/Frameworks/NetFS.framework/Versions/A/NetFS
0x00007fff5e6ff000 	/System/Library/PrivateFrameworks/NetAuth.framework/Versions/A/NetAuth
0x00007fff6b6ef000 	/System/Library/PrivateFrameworks/login.framework/Versions/A/Frameworks/loginsupport.framework/Versions/A/loginsupport
0x00007fff67471000 	/System/Library/PrivateFrameworks/TCC.framework/Versions/A/TCC
0x00007fff4f9c6000 	/System/Library/PrivateFrameworks/CoreNLP.framework/Versions/A/CoreNLP
0x00007fff5dc02000 	/System/Library/PrivateFrameworks/MetadataUtilities.framework/Versions/A/MetadataUtilities
0x00007fff6d1f9000 	/usr/lib/libmecabra.dylib
0x00007fff6d151000 	/usr/lib/libmecab.dylib
0x00007fff6cdac000 	/usr/lib/libgermantok.dylib
0x00007fff6c079000 	/usr/lib/libThaiTokenizer.dylib
0x00007fff6ba8a000 	/usr/lib/libChineseTokenizer.dylib
0x00007fff3389c000 	/System/Library/Frameworks/Accelerate.framework/Versions/A/Frameworks/vImage.framework/Versions/A/vImage
0x00007fff34b3f000 	/System/Library/Frameworks/Accelerate.framework/Versions/A/Frameworks/vecLib.framework/Versions/A/vecLib
0x00007fff34a83000 	/System/Library/Frameworks/Accelerate.framework/Versions/A/Frameworks/vecLib.framework/Versions/A/libvMisc.dylib
0x00007fff348a9000 	/System/Library/Frameworks/Accelerate.framework/Versions/A/Frameworks/vecLib.framework/Versions/A/libvDSP.dylib
0x00007fff33f08000 	/System/Library/Frameworks/Accelerate.framework/Versions/A/Frameworks/vecLib.framework/Versions/A/libBLAS.dylib
0x00007fff34463000 	/System/Library/Frameworks/Accelerate.framework/Versions/A/Frameworks/vecLib.framework/Versions/A/libLAPACK.dylib
0x00007fff34809000 	/System/Library/Frameworks/Accelerate.framework/Versions/A/Frameworks/vecLib.framework/Versions/A/libLinearAlgebra.dylib
0x00007fff34896000 	/System/Library/Frameworks/Accelerate.framework/Versions/A/Frameworks/vecLib.framework/Versions/A/libSparseBLAS.dylib
0x00007fff3481f000 	/System/Library/Frameworks/Accelerate.framework/Versions/A/Frameworks/vecLib.framework/Versions/A/libQuadrature.dylib
0x00007fff34172000 	/System/Library/Frameworks/Accelerate.framework/Versions/A/Frameworks/vecLib.framework/Versions/A/libBNNS.dylib
0x00007fff34825000 	/System/Library/Frameworks/Accelerate.framework/Versions/A/Frameworks/vecLib.framework/Versions/A/libSparse.dylib
0x00007fff5c786000 	/System/Library/PrivateFrameworks/LanguageModeling.framework/Versions/A/LanguageModeling
0x00007fff4f362000 	/System/Library/PrivateFrameworks/CoreEmoji.framework/Versions/A/CoreEmoji
0x00007fff5c8a4000 	/System/Library/PrivateFrameworks/LinguisticData.framework/Versions/A/LinguisticData
0x00007fff5c855000 	/System/Library/PrivateFrameworks/Lexicon.framework/Versions/A/Lexicon
0x00007fff6c339000 	/usr/lib/libcmph.dylib
0x00007fff40dbf000 	/System/Library/Frameworks/OpenDirectory.framework/Versions/A/Frameworks/CFOpenDirectory.framework/Versions/A/CFOpenDirectory
0x00007fff40ddc000 	/System/Library/Frameworks/OpenDirectory.framework/Versions/A/OpenDirectory
0x00007fff490aa000 	/System/Library/PrivateFrameworks/APFS.framework/Versions/A/APFS
0x00007fff44484000 	/System/Library/Frameworks/SecurityFoundation.framework/Versions/A/SecurityFoundation
0x00007fff6e3f0000 	/usr/lib/libutil.dylib
0x00007fff5064f000 	/System/Library/PrivateFrameworks/CoreServicesStore.framework/Versions/A/CoreServicesStore
0x00007fff4453c000 	/System/Library/Frameworks/ServiceManagement.framework/Versions/A/ServiceManagement
0x00007fff4c592000 	/System/Library/PrivateFrameworks/BackgroundTaskManagement.framework/Versions/A/BackgroundTaskManagement
0x00007fff6e4ed000 	/usr/lib/libxslt.1.dylib
0x00007fff4b440000 	/System/Library/PrivateFrameworks/AppleSystemInfo.framework/Versions/A/AppleSystemInfo
0x00007fff3ac27000 	/System/Library/Frameworks/ImageIO.framework/Versions/A/Resources/libJPEG.dylib
0x00007fff3aee6000 	/System/Library/Frameworks/ImageIO.framework/Versions/A/Resources/libTIFF.dylib
0x00007fff3aec9000 	/System/Library/Frameworks/ImageIO.framework/Versions/A/Resources/libPng.dylib
0x00007fff3ab68000 	/System/Library/Frameworks/ImageIO.framework/Versions/A/Resources/libGIF.dylib
0x00007fff3ab6c000 	/System/Library/Frameworks/ImageIO.framework/Versions/A/Resources/libJP2.dylib
0x00007fff3aee4000 	/System/Library/Frameworks/ImageIO.framework/Versions/A/Resources/libRadiance.dylib
0x00007fff6cd74000 	/usr/lib/libexpat.1.dylib
0x00007fff4af36000 	/System/Library/PrivateFrameworks/AppleJPEG.framework/Versions/A/AppleJPEG
0x00007fff538bc000 	/System/Library/PrivateFrameworks/FontServices.framework/libFontParser.dylib
0x00007fff6a746000 	/System/Library/PrivateFrameworks/WatchdogClient.framework/Versions/A/WatchdogClient
0x00007fff5be13000 	/System/Library/PrivateFrameworks/IOAccelerator.framework/Versions/A/IOAccelerator
0x00007fff3d2a6000 	/System/Library/Frameworks/MetalPerformanceShaders.framework/Versions/A/MetalPerformanceShaders
0x00007fff5860a000 	/System/Library/PrivateFrameworks/GPUWrangler.framework/Versions/A/GPUWrangler
0x00007fff5be1e000 	/System/Library/PrivateFrameworks/IOPresentment.framework/Versions/A/IOPresentment
0x00007fff5132c000 	/System/Library/PrivateFrameworks/DSExternalDisplay.framework/Versions/A/DSExternalDisplay
0x00007fff41745000 	/System/Library/Frameworks/OpenGL.framework/Versions/A/Libraries/libCoreFSCache.dylib
0x00007fff3cff8000 	/System/Library/Frameworks/MetalPerformanceShaders.framework/Frameworks/MPSCore.framework/Versions/A/MPSCore
0x00007fff3d035000 	/System/Library/Frameworks/MetalPerformanceShaders.framework/Frameworks/MPSImage.framework/Versions/A/MPSImage
0x00007fff3d0f7000 	/System/Library/Frameworks/MetalPerformanceShaders.framework/Frameworks/MPSNeuralNetwork.framework/Versions/A/MPSNeuralNetwork
0x00007fff3d0bc000 	/System/Library/Frameworks/MetalPerformanceShaders.framework/Frameworks/MPSMatrix.framework/Versions/A/MPSMatrix
0x00007fff3d257000 	/System/Library/Frameworks/MetalPerformanceShaders.framework/Frameworks/MPSRayIntersector.framework/Versions/A/MPSRayIntersector
0x00007fff3d0e1000 	/System/Library/Frameworks/MetalPerformanceShaders.framework/Frameworks/MPSNDArray.framework/Versions/A/MPSNDArray
0x00007fff5dc4f000 	/System/Library/PrivateFrameworks/MetalTools.framework/Versions/A/MetalTools
0x00007fff4a261000 	/System/Library/PrivateFrameworks/AggregateDictionary.framework/Versions/A/AggregateDictionary
0x00007fff4edec000 	/System/Library/PrivateFrameworks/CoreAnalytics.framework/Versions/A/CoreAnalytics
0x00007fff4b35e000 	/System/Library/PrivateFrameworks/AppleSauce.framework/Versions/A/AppleSauce
0x00007fff6bd46000 	/usr/lib/libIOReport.dylib
0x00007fff39af6000 	/System/Library/Frameworks/CoreVideo.framework/Versions/A/CoreVideo
0x00007fff59a76000 	/System/Library/PrivateFrameworks/GraphVisualizer.framework/Versions/A/GraphVisualizer
0x00007fff52e3d000 	/System/Library/PrivateFrameworks/FaceCore.framework/Versions/A/FaceCore
0x00007fff40d66000 	/System/Library/Frameworks/OpenCL.framework/Versions/A/OpenCL
0x00007fff6bb68000 	/usr/lib/libFosl_dynamic.dylib
0x00007fff5f0fa000 	/System/Library/PrivateFrameworks/OTSVG.framework/Versions/A/OTSVG
0x00007fff35bf5000 	/System/Library/Frameworks/ApplicationServices.framework/Versions/A/Frameworks/ATS.framework/Versions/A/Resources/libFontRegistry.dylib
0x00007fff53a8d000 	/System/Library/PrivateFrameworks/FontServices.framework/libhvf.dylib
0x00007fff41750000 	/System/Library/Frameworks/OpenGL.framework/Versions/A/Libraries/libGFXShared.dylib
0x00007fff4192d000 	/System/Library/Frameworks/OpenGL.framework/Versions/A/Libraries/libGLU.dylib
0x00007fff41759000 	/System/Library/Frameworks/OpenGL.framework/Versions/A/Libraries/libGL.dylib
0x00007fff41764000 	/System/Library/Frameworks/OpenGL.framework/Versions/A/Libraries/libGLImage.dylib
0x00007fff41742000 	/System/Library/Frameworks/OpenGL.framework/Versions/A/Libraries/libCVMSPluginSupport.dylib
0x00007fff4174b000 	/System/Library/Frameworks/OpenGL.framework/Versions/A/Libraries/libCoreVMClient.dylib
0x00007fff6d7c7000 	/usr/lib/libncurses.5.4.dylib
0x00007fff35af1000 	/System/Library/Frameworks/ApplicationServices.framework/Versions/A/Frameworks/ATS.framework/Versions/A/ATS
0x00007fff35cbe000 	/System/Library/Frameworks/ApplicationServices.framework/Versions/A/Frameworks/ColorSyncLegacy.framework/Versions/A/ColorSyncLegacy
0x00007fff35d5d000 	/System/Library/Frameworks/ApplicationServices.framework/Versions/A/Frameworks/HIServices.framework/Versions/A/HIServices
0x00007fff35db4000 	/System/Library/Frameworks/ApplicationServices.framework/Versions/A/Frameworks/LangAnalysis.framework/Versions/A/LangAnalysis
0x00007fff35dc3000 	/System/Library/Frameworks/ApplicationServices.framework/Versions/A/Frameworks/PrintCore.framework/Versions/A/PrintCore
0x00007fff35e09000 	/System/Library/Frameworks/ApplicationServices.framework/Versions/A/Frameworks/QD.framework/Versions/A/QD
0x00007fff35e14000 	/System/Library/Frameworks/ApplicationServices.framework/Versions/A/Frameworks/SpeechSynthesis.framework/Versions/A/SpeechSynthesis
0x00007fff35c8e000 	/System/Library/Frameworks/ApplicationServices.framework/Versions/A/Frameworks/ATSUI.framework/Versions/A/ATSUI
0x00007fff6cc08000 	/usr/lib/libcups.2.dylib
0x00007fff3c355000 	/System/Library/Frameworks/Kerberos.framework/Versions/A/Kerberos
0x00007fff3a5d5000 	/System/Library/Frameworks/GSS.framework/Versions/A/GSS
0x00007fff6df3d000 	/usr/lib/libresolv.9.dylib
0x00007fff59c17000 	/System/Library/PrivateFrameworks/Heimdal.framework/Versions/A/Heimdal
0x00007fff3c368000 	/System/Library/Frameworks/Kerberos.framework/Versions/A/Libraries/libHeimdalProxy.dylib
0x00007fff6cdb2000 	/usr/lib/libheimdal-asn1.dylib
0x00007fff4e292000 	/System/Library/PrivateFrameworks/CommonAuth.framework/Versions/A/CommonAuth
0x00007fff4b4dd000 	/System/Library/PrivateFrameworks/AssertionServices.framework/Versions/A/AssertionServices
0x00007fff4c080000 	/System/Library/PrivateFrameworks/AudioToolboxCore.framework/Versions/A/AudioToolboxCore
0x00007fff6b3a0000 	/System/Library/PrivateFrameworks/caulk.framework/Versions/A/caulk
0x00007fff4c63e000 	/System/Library/PrivateFrameworks/BaseBoard.framework/Versions/A/BaseBoard
0x00007fff6320e000 	/System/Library/PrivateFrameworks/RunningBoardServices.framework/Versions/A/RunningBoardServices
0x00007fff602e8000 	/System/Library/PrivateFrameworks/PersistentConnection.framework/Versions/A/PersistentConnection
0x00007fff62c5d000 	/System/Library/PrivateFrameworks/ProtocolBuffer.framework/Versions/A/ProtocolBuffer
0x00007fff4e2b7000 	/System/Library/PrivateFrameworks/CommonUtilities.framework/Versions/A/CommonUtilities
0x00007fff4c7c1000 	/System/Library/PrivateFrameworks/Bom.framework/Versions/A/Bom
0x00007fff6ba15000 	/usr/lib/libAudioToolboxUtility.dylib
0x00007fff4c59c000 	/System/Library/PrivateFrameworks/Backup.framework/Versions/A/Backup
0x00007fff5109c000 	/System/Library/PrivateFrameworks/CrashReporterSupport.framework/Versions/A/CrashReporterSupport
0x00007fff64d05000 	/System/Library/PrivateFrameworks/Sharing.framework/Versions/A/Sharing
0x00007fff4ac81000 	/System/Library/PrivateFrameworks/Apple80211.framework/Versions/A/Apple80211
0x00007fff4c2be000 	/System/Library/PrivateFrameworks/AuthKit.framework/Versions/A/AuthKit
0x00007fff50dcc000 	/System/Library/PrivateFrameworks/CoreUtils.framework/Versions/A/CoreUtils
0x00007fff39b3b000 	/System/Library/Frameworks/CoreWLAN.framework/Versions/A/CoreWLAN
0x00007fff3a760000 	/System/Library/Frameworks/IOBluetooth.framework/Versions/A/IOBluetooth
0x00007fff5df4d000 	/System/Library/PrivateFrameworks/MobileKeyBag.framework/Versions/A/MobileKeyBag
0x00007fff4fea2000 	/System/Library/PrivateFrameworks/CorePhoneNumbers.framework/Versions/A/CorePhoneNumbers
0x00007fff4aee9000 	/System/Library/PrivateFrameworks/AppleIDAuthSupport.framework/Versions/A/AppleIDAuthSupport
0x00007fff3e1fa000 	/System/Library/Frameworks/Network.framework/Versions/A/Network
0x00007fff5c60e000 	/System/Library/PrivateFrameworks/KeychainCircle.framework/Versions/A/KeychainCircle
0x00007fff375b0000 	/System/Library/Frameworks/CoreBluetooth.framework/Versions/A/CoreBluetooth
0x00007fff66981000 	/System/Library/PrivateFrameworks/SpeechRecognitionCore.framework/Versions/A/SpeechRecognitionCore
0x000000010e400000 	/Library/Java/JavaVirtualMachines/amazon-corretto-11.jdk/Contents/Home/lib/server/libjvm.dylib
0x000000010cac8000 	/Library/Java/JavaVirtualMachines/amazon-corretto-11.jdk/Contents/Home/lib/libverify.dylib
0x000000010cad4000 	/Library/Java/JavaVirtualMachines/amazon-corretto-11.jdk/Contents/Home/lib/libjava.dylib
0x000000010cb15000 	/Library/Java/JavaVirtualMachines/amazon-corretto-11.jdk/Contents/Home/lib/libinstrument.dylib
0x000000010cb99000 	/Library/Java/JavaVirtualMachines/amazon-corretto-11.jdk/Contents/Home/lib/libzip.dylib
0x000000010cba1000 	/Library/Java/JavaVirtualMachines/amazon-corretto-11.jdk/Contents/Home/lib/libjimage.dylib
0x000000012e370000 	/Library/Java/JavaVirtualMachines/amazon-corretto-11.jdk/Contents/Home/lib/libnio.dylib
0x000000012e37e000 	/Library/Java/JavaVirtualMachines/amazon-corretto-11.jdk/Contents/Home/lib/libnet.dylib
0x0000000110ae7000 	/Library/Java/JavaVirtualMachines/amazon-corretto-11.jdk/Contents/Home/lib/libextnet.dylib
0x000000012e47f000 	/Library/Java/JavaVirtualMachines/amazon-corretto-11.jdk/Contents/Home/lib/libawt.dylib
0x000000012e51a000 	/Library/Java/JavaVirtualMachines/amazon-corretto-11.jdk/Contents/Home/lib/libmlib_image.dylib
0x00007fff3c33e000 	/System/Library/Frameworks/JavaVM.framework/Versions/A/Frameworks/JavaNativeFoundation.framework/Versions/A/JavaNativeFoundation
0x00007fff3c347000 	/System/Library/Frameworks/JavaVM.framework/Versions/A/Frameworks/JavaRuntimeSupport.framework/Versions/A/JavaRuntimeSupport
0x00007fff3c350000 	/System/Library/Frameworks/JavaVM.framework/Versions/A/JavaVM
0x00007fff5c471000 	/System/Library/PrivateFrameworks/JavaLaunching.framework/Versions/A/JavaLaunching
0x00007fff36680000 	/System/Library/Frameworks/Carbon.framework/Versions/A/Carbon
0x00007fff50b80000 	/System/Library/PrivateFrameworks/CoreSymbolication.framework/Versions/A/CoreSymbolication
0x00007fff36681000 	/System/Library/Frameworks/Carbon.framework/Versions/A/Frameworks/CommonPanels.framework/Versions/A/CommonPanels
0x00007fff3697a000 	/System/Library/Frameworks/Carbon.framework/Versions/A/Frameworks/Help.framework/Versions/A/Help
0x00007fff3697e000 	/System/Library/Frameworks/Carbon.framework/Versions/A/Frameworks/ImageCapture.framework/Versions/A/ImageCapture
0x00007fff36985000 	/System/Library/Frameworks/Carbon.framework/Versions/A/Frameworks/OpenScripting.framework/Versions/A/OpenScripting
0x00007fff36984000 	/System/Library/Frameworks/Carbon.framework/Versions/A/Frameworks/Ink.framework/Versions/A/Ink
0x00007fff369c0000 	/System/Library/Frameworks/Carbon.framework/Versions/A/Frameworks/Print.framework/Versions/A/Print
0x00007fff369c1000 	/System/Library/Frameworks/Carbon.framework/Versions/A/Frameworks/SecurityHI.framework/Versions/A/SecurityHI
0x00007fff51461000 	/System/Library/PrivateFrameworks/DebugSymbols.framework/Versions/A/DebugSymbols
0x000000012e585000 	/Library/Java/JavaVirtualMachines/amazon-corretto-11.jdk/Contents/Home/lib/libawt_lwawt.dylib
0x000000012e634000 	/Library/Java/JavaVirtualMachines/amazon-corretto-11.jdk/Contents/Home/lib/libosxapp.dylib
0x00007fff3a043000 	/System/Library/Frameworks/ExceptionHandling.framework/Versions/A/ExceptionHandling
0x000000012e825000 	/Library/Java/JavaVirtualMachines/amazon-corretto-11.jdk/Contents/Home/lib/libfontmanager.dylib
0x000000012e91e000 	/Library/Java/JavaVirtualMachines/amazon-corretto-11.jdk/Contents/Home/lib/libfreetype.dylib
0x00007fff5061b000 	/System/Library/PrivateFrameworks/CoreServicesInternal.framework/Versions/A/CoreServicesInternal
0x00007fff3a062000 	/System/Library/Frameworks/FileProvider.framework/Versions/A/FileProvider
0x00007fff34b40000 	/System/Library/Frameworks/Accounts.framework/Versions/A/Accounts
0x00007fff5892c000 	/System/Library/PrivateFrameworks/GenerationalStorage.framework/Versions/A/GenerationalStorage
0x00007fff671b2000 	/System/Library/PrivateFrameworks/SymptomDiagnosticReporter.framework/Versions/A/SymptomDiagnosticReporter
0x00007fff4a772000 	/System/Library/PrivateFrameworks/AppContainer.framework/Versions/A/AppContainer
0x00007fff6df57000 	/usr/lib/libsandbox.1.dylib
0x00007fff696e2000 	/System/Library/PrivateFrameworks/UserManagement.framework/Versions/A/UserManagement
0x00007fff4d383000 	/System/Library/PrivateFrameworks/ChunkingLibrary.framework/Versions/A/ChunkingLibrary
0x00007fff4a7e4000 	/System/Library/PrivateFrameworks/AppSandbox.framework/Versions/A/AppSandbox
0x00007fff64b8f000 	/System/Library/PrivateFrameworks/SecCodeWrapper.framework/Versions/A/SecCodeWrapper
0x00007fff6be2c000 	/usr/lib/libMatch.1.dylib
0x00007fff2c160000 	/System/Library/CoreServices/RawCamera.bundle/Contents/MacOS/RawCamera
0x00007fff5dd77000 	/System/Library/PrivateFrameworks/MobileAsset.framework/Versions/A/MobileAsset
0x00007fff67060000 	/System/Library/PrivateFrameworks/StreamingZip.framework/Versions/A/StreamingZip
0x00007fff3c7d1000 	/System/Library/Frameworks/MediaToolbox.framework/Versions/A/MediaToolbox
0x00007fff4ed9b000 	/System/Library/PrivateFrameworks/CoreAVCHD.framework/Versions/A/CoreAVCHD
0x00007fff3c6fb000 	/System/Library/Frameworks/MediaAccessibility.framework/Versions/A/MediaAccessibility
0x00007fff5d142000 	/System/Library/PrivateFrameworks/Mangrove.framework/Versions/A/Mangrove
0x00007fff38d05000 	/System/Library/Frameworks/CoreMedia.framework/Versions/A/CoreMedia
0x00007fff5d3ae000 	/System/Library/PrivateFrameworks/MediaExperience.framework/Versions/A/MediaExperience
0x00007fff455b7000 	/System/Library/Frameworks/VideoToolbox.framework/Versions/A/VideoToolbox
0x00007fff4e9c5000 	/System/Library/PrivateFrameworks/CoreAUC.framework/Versions/A/CoreAUC
0x00007fff6dfaf000 	/usr/lib/libspindump.dylib
0x00007fff4ba2b000 	/System/Library/PrivateFrameworks/AudioResourceArbitration.framework/Versions/A/AudioResourceArbitration
0x00007fff4b444000 	/System/Library/PrivateFrameworks/AppleVA.framework/Versions/A/AppleVA
0x00007fff33885000 	/System/Library/Frameworks/Accelerate.framework/Versions/A/Frameworks/vImage.framework/Versions/A/Libraries/libCGInterfaces.dylib
0x000000012e6ad000 	/usr/lib/libobjc-trampolines.dylib
0x00007fff539f4000 	/System/Library/PrivateFrameworks/FontServices.framework/libTrueTypeScaler.dylib
0x00007fff2c36f000 	/System/Library/Extensions/AMDMTLBronzeDriver.bundle/Contents/MacOS/AMDMTLBronzeDriver
0x00007fff5be09000 	/System/Library/PrivateFrameworks/IOAccelMemoryInfo.framework/Versions/A/IOAccelMemoryInfo
0x00007fff307a9000 	/System/Library/Extensions/AppleIntelKBLGraphicsMTLDriver.bundle/Contents/MacOS/AppleIntelKBLGraphicsMTLDriver
0x00007fff56f62000 	/System/Library/PrivateFrameworks/GPUCompiler.framework/Versions/3902/Libraries/libmetal_timestamp.dylib
0x00007fff6a4b6000 	/System/Library/PrivateFrameworks/ViewBridge.framework/Versions/A/ViewBridge
0x00007fff6b6f2000 	/System/Library/PrivateFrameworks/login.framework/Versions/A/login
0x000000012e6a4000 	/Library/Java/JavaVirtualMachines/amazon-corretto-11.jdk/Contents/Home/lib/libprefs.dylib
0x00007fff423a9000 	/System/Library/Frameworks/OpenGL.framework/Versions/A/Resources/GLEngine.bundle/GLEngine
0x00007fff4179a000 	/System/Library/Frameworks/OpenGL.framework/Versions/A/Libraries/libGLProgrammability.dylib
0x00007fff2f980000 	/System/Library/Extensions/AppleIntelKBLGraphicsGLDriver.bundle/Contents/MacOS/AppleIntelKBLGraphicsGLDriver
0x00007fff585fe000 	/System/Library/PrivateFrameworks/GPUSupport.framework/Versions/A/Libraries/libGPUSupportMercury.dylib
0x00000001313bf000 	/System/Library/Extensions/AMDRadeonX4000GLDriver.bundle/Contents/MacOS/AMDRadeonX4000GLDriver
0x00007fff2c490000 	/System/Library/Extensions/AMDRadeonX4000GLDriver.bundle/Contents/MacOS/ATIRadeonX4000SCLib.dylib
0x00007fff2dab5000 	/System/Library/Extensions/AMDShared.bundle/Contents/PlugIns/libSC.dylib
0x00007fff42523000 	/System/Library/Frameworks/OpenGL.framework/Versions/A/Resources/GLRendererFloat.bundle/GLRendererFloat
0x00007fff40d5d000 	/System/Library/Frameworks/OpenCL.framework/Versions/A/Libraries/libcldcpuengine.dylib
0x00007fff6c7ed000 	/usr/lib/libcrypto.35.dylib
0x00007fff67bba000 	/System/Library/PrivateFrameworks/TrustEvaluationAgent.framework/Versions/A/TrustEvaluationAgent
0x00000001302c9000 	/Library/Java/JavaVirtualMachines/amazon-corretto-11.jdk/Contents/Home/lib/libosxui.dylib
0x00000001639ab000 	/Library/Java/JavaVirtualMachines/amazon-corretto-11.jdk/Contents/Home/lib/libjavajpeg.dylib
0x0000000163a7c000 	/Users/adventure/.codenameone/javafx/lib/libprism_es2.dylib
0x00000001648e5000 	/Users/adventure/.codenameone/javafx/lib/libglass.dylib
0x0000000167bde000 	/Users/adventure/.codenameone/javafx/lib/libjfxwebkit.dylib
0x0000000163984000 	/Users/adventure/.codenameone/javafx/lib/libjavafx_font.dylib
0x0000000165ae6000 	/Library/Java/JavaVirtualMachines/amazon-corretto-11.jdk/Contents/Home/lib/libsunec.dylib
0x00000001645da000 	/Users/adventure/.codenameone/javafx/lib/libjavafx_iio.dylib
0x00000001649d1000 	/Library/Java/JavaVirtualMachines/amazon-corretto-11.jdk/Contents/Home/lib/liblcms.dylib
0x0000000173c00000 	/Users/adventure/.codenameone/javafx/lib/libglib-lite.dylib
0x00007fff6cd9e000 	/usr/lib/libffi.dylib
0x0000000173d35000 	/Users/adventure/.codenameone/javafx/lib/libgstreamer-lite.dylib
0x0000000165f1f000 	/Users/adventure/.codenameone/javafx/lib/libjfxmedia.dylib
0x0000000164fcc000 	/Users/adventure/.codenameone/javafx/lib/libjfxmedia_avf.dylib
0x00007fff3349e000 	/System/Library/Frameworks/AVFoundation.framework/Versions/A/AVFoundation
0x00007fff33698000 	/System/Library/Frameworks/AVFoundation.framework/Versions/A/Frameworks/AVFAudio.framework/Versions/A/AVFAudio
0x00007fff38de0000 	/System/Library/Frameworks/CoreMediaIO.framework/Versions/A/CoreMediaIO
0x00007fff6ba08000 	/usr/lib/libAudioStatistics.dylib
0x00007fff6b737000 	/System/Library/PrivateFrameworks/perfdata.framework/Versions/A/perfdata
0x00007fff6def9000 	/usr/lib/libperfcheck.dylib
0x00007fff6bef7000 	/usr/lib/libSMC.dylib


VM Arguments:
jvm_args: -Xms128m -Xmx2048m -XX:ReservedCodeCacheSize=240m -XX:+UseConcMarkSweepGC -XX:SoftRefLRUPolicyMSPerMB=50 -ea -XX:CICompilerCount=2 -Dsun.io.useCanonPrefixCache=false -Djava.net.preferIPv4Stack=true -Djdk.http.auth.tunneling.disabledSchemes="" -XX:+HeapDumpOnOutOfMemoryError -XX:-OmitStackTraceInFastThrow -Djdk.attach.allowAttachSelf=true -Dkotlinx.coroutines.debug=off -Djdk.module.illegalAccess.silent=true -XX:+UseCompressedOops -Dfile.encoding=UTF-8 -XX:ErrorFile=$USER_HOME/java_error_in_idea_%p.log -XX:HeapDumpPath=$USER_HOME/java_error_in_idea.hprof -Dapple.laf.useScreenMenuBar=true -javaagent:/Applications/IntelliJ IDEA CE.app/Contents/lib/idea_rt.jar=51157:/Applications/IntelliJ IDEA CE.app/Contents/bin 
java_command: com.codename1.impl.javase.Simulator com.codename1.demos.kitchen.MyApplication
java_class_path (initial): /Users/adventure/Desktop/kitchesinkdemo/out/production/kitchesinkdemo:/Users/adventure/Desktop/kitchesinkdemo/src:/Users/adventure/Desktop/kitchesinkdemo/lib/CodenameOne.jar:/Users/adventure/Desktop/kitchesinkdemo/JavaSE.jar:native/internal_tmp:lib/impl/cls
Launcher Type: SUN_STANDARD

[Global flags]
     intx CICompilerCount                          = 2                                         {product} {command line}
    ccstr ErrorFile                                = $USER_HOME/java_error_in_idea_%p.log            {product} {command line}
     bool HeapDumpOnOutOfMemoryError               = true                                   {manageable} {command line}
    ccstr HeapDumpPath                             = $USER_HOME/java_error_in_idea.hprof         {manageable} {command line}
   size_t InitialHeapSize                          = 134217728                                 {product} {command line}
   size_t MaxHeapSize                              = 2147483648                                {product} {command line}
   size_t MaxNewSize                               = 715784192                                 {product} {ergonomic}
    uintx MaxTenuringThreshold                     = 6                                         {product} {ergonomic}
   size_t MinHeapDeltaBytes                        = 196608                                    {product} {ergonomic}
   size_t NewSize                                  = 44695552                                  {product} {ergonomic}
    uintx NonNMethodCodeHeapSize                   = 5825164                                {pd product} {ergonomic}
    uintx NonProfiledCodeHeapSize                  = 122916538                              {pd product} {ergonomic}
   size_t OldSize                                  = 89522176                                  {product} {ergonomic}
     bool OmitStackTraceInFastThrow                = false                                     {product} {command line}
    uintx ProfiledCodeHeapSize                     = 122916538                              {pd product} {ergonomic}
    uintx ReservedCodeCacheSize                    = 251658240                              {pd product} {command line}
     bool SegmentedCodeCache                       = true                                      {product} {ergonomic}
     intx SoftRefLRUPolicyMSPerMB                  = 50                                        {product} {command line}
     bool UseCompressedClassPointers               = true                                 {lp64_product} {ergonomic}
     bool UseCompressedOops                        = true                                 {lp64_product} {command line}
     bool UseConcMarkSweepGC                       = true                                      {product} {command line}

Logging:
Log output configuration:
 #0: stdout all=warning uptime,level,tags
 #1: stderr all=off uptime,level,tags

Environment Variables:
JAVA_HOME=/Library/Java/JavaVirtualMachines/amazon-corretto-11.jdk/Contents/Home
PATH=/usr/local/bin:/Library/Frameworks/Python.framework/Versions/3.7/bin:/usr/local/bin:/usr/bin:/bin:/usr/sbin:/sbin:/Users/adventure/dev/flutter/bin:/Users/adventure/Library/Android/sdk/tools:/Users/adventure/Library/Android/sdk/platform-tools
SHELL=/bin/zsh

Signal Handlers:
SIGSEGV: [libjvm.dylib+0x7577d8], sa_mask[0]=11111111011111110111111111111111, sa_flags=SA_ONSTACK|SA_RESTART|SA_SIGINFO
SIGBUS: [libjvm.dylib+0x7577d8], sa_mask[0]=11111111011111110111111111111111, sa_flags=SA_RESTART|SA_SIGINFO
SIGFPE: [libjvm.dylib+0x7577d8], sa_mask[0]=11111111011111110111111111111111, sa_flags=SA_RESTART|SA_SIGINFO
SIGPIPE: [libjvm.dylib+0x5fbe5c], sa_mask[0]=11111111011111110111111111111111, sa_flags=SA_RESTART|SA_SIGINFO
SIGXFSZ: [libjvm.dylib+0x5fbe5c], sa_mask[0]=11111111011111110111111111111111, sa_flags=SA_RESTART|SA_SIGINFO
SIGILL: [libjvm.dylib+0x7577d8], sa_mask[0]=11111111011111110111111111111111, sa_flags=SA_RESTART|SA_SIGINFO
SIGUSR2: [libjvm.dylib+0x5fc45a], sa_mask[0]=00100000000000000000000000000000, sa_flags=SA_RESTART|SA_SIGINFO
SIGHUP: [libjvm.dylib+0x5faf37], sa_mask[0]=11111111011111110111111111111111, sa_flags=SA_RESTART|SA_SIGINFO
SIGINT: [libjvm.dylib+0x5faf37], sa_mask[0]=11111111011111110111111111111111, sa_flags=SA_RESTART|SA_SIGINFO
SIGTERM: [libjvm.dylib+0x5faf37], sa_mask[0]=11111111011111110111111111111111, sa_flags=SA_RESTART|SA_SIGINFO
SIGQUIT: [libjvm.dylib+0x5faf37], sa_mask[0]=11111111011111110111111111111111, sa_flags=SA_RESTART|SA_SIGINFO


---------------  S Y S T E M  ---------------

OS:uname:Darwin 19.2.0 Darwin Kernel Version 19.2.0: Sat Nov  9 03:47:04 PST 2019; root:xnu-6153.61.1~20/RELEASE_X86_64 x86_64
rlimit: STACK 8192k, CORE 0k, NPROC 2784, NOFILE 10240, AS infinity, DATA infinity, FSIZE infinity
load average:2.44 2.39 2.40

CPU:total 12 (initial active 12) (6 cores per cpu, 2 threads per core) family 6 model 158 stepping 10, cmov, cx8, fxsr, mmx, sse, sse2, sse3, ssse3, sse4.1, sse4.2, popcnt, avx, avx2, aes, clmul, erms, 3dnowpref, lzcnt, ht, tsc, tscinvbit, bmi1, bmi2, adx, fma

Memory: 4k page, physical 16777216k(551564k free), swap 0k(0k free)

vm_info: OpenJDK 64-Bit Server VM (11.0.5+10-LTS) for bsd-amd64 JRE (11.0.5+10-LTS), built on Nov 12 2019 17:01:34 by "root" with gcc 4.2.1 Compatible Apple LLVM 8.0.0 (clang-800.0.42.1)

END.
