#
# A fatal error has been detected by the Java Runtime Environment:
#
#  SIGSEGV (0xb) at pc=0x000000010bfe96f6, pid=1207, tid=108371
#
# JRE version: OpenJDK Runtime Environment (11.0.5+10) (build 11.0.5+10-LTS)
# Java VM: OpenJDK 64-Bit Server VM (11.0.5+10-LTS, mixed mode, tiered, compressed oops, concurrent mark sweep gc, bsd-amd64)
# Problematic frame:
# V  [libjvm.dylib+0x3e96f6]  jni_CallStaticBooleanMethodV+0x7c
#
# No core dump will be written. Core dumps have been disabled. To enable core dumping, try "ulimit -c unlimited" before starting Java again
#
# If you would like to submit a bug report, please visit:
#   http://bugreport.java.com/bugreport/crash.jsp
#

---------------  S U M M A R Y ------------

Command Line: -Xms128m -Xmx2048m -XX:ReservedCodeCacheSize=240m -XX:+UseConcMarkSweepGC -XX:SoftRefLRUPolicyMSPerMB=50 -ea -XX:CICompilerCount=2 -Dsun.io.useCanonPrefixCache=false -Djava.net.preferIPv4Stack=true -Djdk.http.auth.tunneling.disabledSchemes="" -XX:+HeapDumpOnOutOfMemoryError -XX:-OmitStackTraceInFastThrow -Djdk.attach.allowAttachSelf=true -Dkotlinx.coroutines.debug=off -Djdk.module.illegalAccess.silent=true -XX:+UseCompressedOops -Dfile.encoding=UTF-8 -XX:ErrorFile=$USER_HOME/java_error_in_idea_%p.log -XX:HeapDumpPath=$USER_HOME/java_error_in_idea.hprof -Dapple.laf.useScreenMenuBar=true -javaagent:/Applications/IntelliJ IDEA CE.app/Contents/lib/idea_rt.jar=50124:/Applications/IntelliJ IDEA CE.app/Contents/bin com.codename1.impl.javase.Simulator com.codename1.demos.kitchen.MyApplication

Host: MacBookPro15,1 x86_64 2200 MHz, 12 cores, 16G, Darwin 19.2.0
Time: Wed Jan  1 11:16:17 2020 +0545 elapsed time: 13 seconds (0d 0h 0m 13s)

---------------  T H R E A D  ---------------

Current thread (0x00007ffd282e3800):  JavaThread "Thread-8" daemon [_thread_in_vm, id=108371, stack(0x000070000555f000,0x00007000055df000)]

Stack: [0x000070000555f000,0x00007000055df000],  sp=0x00007000055debe0,  free space=510k
Native frames: (J=compiled Java code, A=aot compiled Java code, j=interpreted, Vv=VM code, C=native code)
V  [libjvm.dylib+0x3e96f6]  jni_CallStaticBooleanMethodV+0x7c
C  [libjfxwebkit.dylib+0x9746]  JNIEnv_::CallStaticBooleanMethod(_jclass*, _jmethodID*, ...)+0x86
C  [libjfxwebkit.dylib+0x15884e8]  WebCore::FileSystem::makeAllDirectories(WTF::String const&)+0x268
C  [libjfxwebkit.dylib+0x22d12]  WebCore::StorageSyncManager::fullDatabaseFilename(WTF::String const&)+0x22
C  [libjfxwebkit.dylib+0x1f0d6]  WebKit::StorageAreaSync::openDatabase(WebKit::StorageAreaSync::OpenDatabaseParamType)+0x36
C  [libjfxwebkit.dylib+0x1f6ee]  WebKit::StorageAreaSync::performImport()+0x1e
C  [libjfxwebkit.dylib+0x23619]  WebCore::StorageThread::threadEntryPoint()+0x89
C  [libjfxwebkit.dylib+0x1a802b4]  WTF::Thread::entryPoint(WTF::Thread::NewThreadContext*)+0xe4
C  [libjfxwebkit.dylib+0x1ab68d9]  WTF::wtfThreadEntryPoint(void*)+0x9
C  [libsystem_pthread.dylib+0x5e65]  _pthread_start+0x94
C  [libsystem_pthread.dylib+0x183b]  thread_start+0xf


siginfo: si_signo: 11 (SIGSEGV), si_code: 1 (SEGV_MAPERR), si_addr: 0x0000000000000000

Register to memory mapping:

RAX=0x0 is NULL
RBX=0x00007ffd282e3800 is a thread
RCX=0x00007ffd2890ead8 points into unknown readable memory: 68 a1 c7 80 07 00 00 00
RDX=0x0 is NULL
RSP=0x00007000055debe0 is pointing into the stack for thread: 0x00007ffd282e3800
RBP=0x00007000055dec80 is pointing into the stack for thread: 0x00007ffd282e3800
RSI=0x0 is NULL
RDI=0x00007ffd282e3b40 points into unknown readable memory: 70 a7 50 0c 01 00 00 00
R8 =0x000000000000000a is an unknown value
R9 =0x00007ffd282e3800 is a thread
R10=0x000000010c4dc820: _ZTV7CMSHeap+0x10 in /Library/Java/JavaVirtualMachines/amazon-corretto-11.jdk/Contents/Home/lib/server/libjvm.dylib at 0x000000010bc00000
R11=0x0 is NULL
R12=0x0 is NULL
R13=0x00007000055ded40 is pointing into the stack for thread: 0x00007ffd282e3800
R14=0x0 is NULL
R15=0x00007ffd282e3b40 points into unknown readable memory: 70 a7 50 0c 01 00 00 00


Registers:
RAX=0x0000000000000000, RBX=0x00007ffd282e3800, RCX=0x00007ffd2890ead8, RDX=0x0000000000000000
RSP=0x00007000055debe0, RBP=0x00007000055dec80, RSI=0x0000000000000000, RDI=0x00007ffd282e3b40
R8 =0x000000000000000a, R9 =0x00007ffd282e3800, R10=0x000000010c4dc820, R11=0x0000000000000000
R12=0x0000000000000000, R13=0x00007000055ded40, R14=0x0000000000000000, R15=0x00007ffd282e3b40
RIP=0x000000010bfe96f6, EFLAGS=0x0000000000010206, ERR=0x0000000000000004
  TRAPNO=0x000000000000000e

Top of Stack: (sp=0x00007000055debe0)
0x00007000055debe0:   00007000055dec00 000000010c31e087
0x00007000055debf0:   7e9d3daae45c000b 00007ffd282e3800
0x00007000055dec00:   00007000055dec30 000000010c31e060
0x00007000055dec10:   0000000000000001 00007ffd282e3908
0x00007000055dec20:   00007ffd00000004 0000000000000004
0x00007000055dec30:   00007ffd282e3800 00007ffd2890ead0
0x00007000055dec40:   0000000000000533 000000010c3baa77
0x00007000055dec50:   00007ffd282e3800 0000000000000000
0x00007000055dec60:   0000000168d654b0 00007ffd282e3b40
0x00007000055dec70:   000000016d019ce8 0000000000000000
0x00007000055dec80:   00007000055ded60 00000001657e2746
0x00007000055dec90:   000000010c560201 00007ffd282e3800
0x00007000055deca0:   00007000055decc0 00007ffd28c07b80
0x00007000055decb0:   000000000000000a 00007ffd282e3800
0x00007000055decc0:   00007000055ded20 000000010bfee597
0x00007000055decd0:   00007ffd282e3800 00007ffd2890ead0
0x00007000055dece0:   0000700000000533 000000010c3baa77
0x00007000055decf0:   00007ffd282e3800 0000000000000000
0x00007000055ded00:   0000000000000039 000000016d019ce8
0x00007000055ded10:   000000016d019ce8 00007000055ded78
0x00007000055ded20:   00007000055ded60 000000016729038a
0x00007000055ded30:   0000000000000001 0000000000000000
0x00007000055ded40:   0000003000000018 00007000055ded70
0x00007000055ded50:   00007000055dec90 7e9d3daae45c000b
0x00007000055ded60:   00007000055dedb0 0000000166d614e8
0x00007000055ded70:   00007ffd26796f50 00007ffd28c07b80
0x00007000055ded80:   00007ffd282e3b40 000000016d019ce8
0x00007000055ded90:   00007000055def30 0000000170c04000
0x00007000055deda0:   00007000055dee28 0000000170c040c0
0x00007000055dedb0:   00007000055dedf0 00000001657fbd12
0x00007000055dedc0:   7e9d3daae45c000b 0000000780c77b68
0x00007000055dedd0:   00007000055dee50 00007000055dee28 

Instructions: (pc=0x000000010bfe96f6)
0x000000010bfe95f6:   0f 1f 40 00 48 83 7d 90 00 74 09 48 8d 7d 88 e8
0x000000010bfe9606:   7c b1 24 00 48 8b 9b f0 00 00 00 4c 8b 73 08 48
0x000000010bfe9616:   8b 43 10 48 83 38 00 74 19 48 8b 73 28 4c 89 f7
0x000000010bfe9626:   e8 77 ec cf ff 48 8b 7b 10 e8 32 eb cf ff 48 8b
0x000000010bfe9636:   43 10 49 89 46 10 48 8b 43 18 49 89 46 18 48 8b
0x000000010bfe9646:   43 20 49 89 46 20 48 8d 7d a8 e8 ab 44 33 00 4c
0x000000010bfe9656:   3b 6d d0 75 1a f2 0f 10 85 78 fe ff ff 48 81 c4
0x000000010bfe9666:   68 01 00 00 5b 41 5c 41 5d 41 5e 41 5f 5d c3 e8
0x000000010bfe9676:   da 58 39 00 55 48 89 e5 41 57 41 56 41 55 41 54
0x000000010bfe9686:   53 48 83 ec 78 49 89 cd 49 89 d6 49 89 f4 49 89
0x000000010bfe9696:   ff 49 8d 9f c0 fc ff ff b8 55 21 ff ff 41 03 87
0x000000010bfe96a6:   90 00 00 00 83 f8 02 72 0a 48 89 df e8 8d 5f 31
0x000000010bfe96b6:   00 31 db 48 8d 7d d0 48 89 de e8 bb 43 33 00 48
0x000000010bfe96c6:   89 5d b0 48 c7 45 b8 00 00 00 00 48 83 7b 08 00
0x000000010bfe96d6:   74 09 48 8d 7d b0 e8 59 b0 24 00 4c 89 ff 4c 89
0x000000010bfe96e6:   e6 4c 89 f2 90 0f 1f 40 00 c7 45 a0 04 00 00 00
0x000000010bfe96f6:   49 8b 06 48 8b 40 08 48 8b 48 08 0f b7 40 2c 48
0x000000010bfe9706:   8b 74 c1 40 48 8d bd 60 ff ff ff e8 f6 cd 29 00
0x000000010bfe9716:   c7 85 78 ff ff ff 63 00 00 00 48 c7 45 80 00 00
0x000000010bfe9726:   00 00 48 8d 05 69 18 52 00 48 89 85 60 ff ff ff
0x000000010bfe9736:   49 8b 45 10 48 89 45 98 49 8b 45 00 49 8b 4d 08
0x000000010bfe9746:   48 89 4d 90 48 89 45 88 41 f6 c4 01 75 0b 4c 89
0x000000010bfe9756:   e7 ff 15 23 04 52 00 eb 0c 49 ff cc 4c 89 e7 ff
0x000000010bfe9766:   15 95 ac 51 00 48 89 c7 e8 ef ea fb ff 48 8b 08
0x000000010bfe9776:   48 89 c7 48 89 de ff 91 b0 00 00 00 31 ff 48 83
0x000000010bfe9786:   7b 08 00 41 bc 00 00 00 00 75 2f 48 8d 75 a0 48
0x000000010bfe9796:   8d 8d 60 ff ff ff 4c 89 ff 4c 89 f2 49 89 d8 e8
0x000000010bfe97a6:   a4 ec ff ff 31 ff 48 83 7b 08 00 41 bc 00 00 00
0x000000010bfe97b6:   00 75 07 0f b6 7d a8 41 88 fc 90 0f 1f 40 00 48
0x000000010bfe97c6:   83 7d b8 00 74 09 48 8d 7d b0 e8 b1 af 24 00 48
0x000000010bfe97d6:   8b 9b f0 00 00 00 4c 8b 73 08 48 8b 43 10 48 83
0x000000010bfe97e6:   38 00 74 19 48 8b 73 28 4c 89 f7 e8 ac ea cf ff 


Stack slot to memory mapping:
stack at sp + 0 slots: 0x00007000055dec00 is pointing into the stack for thread: 0x00007ffd282e3800
stack at sp + 1 slots: 0x000000010c31e087: _ZN6Atomic4loadIPVvEET_PVKS3_+0x17 in /Library/Java/JavaVirtualMachines/amazon-corretto-11.jdk/Contents/Home/lib/server/libjvm.dylib at 0x000000010bc00000
stack at sp + 2 slots: 0x7e9d3daae45c000b is an unknown value
stack at sp + 3 slots: 0x00007ffd282e3800 is a thread
stack at sp + 4 slots: 0x00007000055dec30 is pointing into the stack for thread: 0x00007ffd282e3800
stack at sp + 5 slots: 0x000000010c31e060: _ZN11OrderAccess12ordered_loadIPVvL15ScopedFenceType0EEET_PVKS4_+0x30 in /Library/Java/JavaVirtualMachines/amazon-corretto-11.jdk/Contents/Home/lib/server/libjvm.dylib at 0x000000010bc00000
stack at sp + 6 slots: 0x0000000000000001 is an unknown value
stack at sp + 7 slots: 0x00007ffd282e3908 points into unknown readable memory: 00 a0 35 0a 01 00 00 00


---------------  P R O C E S S  ---------------

Threads class SMR info:
_java_thread_list=0x00007ffd2ce4a600, length=49, elements={
0x00007ffd27013000, 0x00007ffd27008800, 0x00007ffd2802b000, 0x00007ffd29803000,
0x00007ffd29804000, 0x00007ffd27802000, 0x00007ffd2706e000, 0x00007ffd29005800,
0x00007ffd29076800, 0x00007ffd2683b000, 0x00007ffd27110000, 0x00007ffd2a04d000,
0x00007ffd2909f800, 0x00007ffd290a0000, 0x00007ffd27801000, 0x00007ffd2711c800,
0x00007ffd27891800, 0x00007ffd2a0f9000, 0x00007ffd2a541000, 0x00007ffd285d6000,
0x00007ffd285d6800, 0x00007ffd2a237800, 0x00007ffd2eddf800, 0x00007ffd2edef000,
0x00007ffd281d0000, 0x00007ffd28066800, 0x00007ffd28185800, 0x00007ffd27be7800,
0x00007ffd2ee32800, 0x00007ffd2815f800, 0x00007ffd28189800, 0x00007ffd28191800,
0x00007ffd269fc800, 0x00007ffd269f3000, 0x00007ffd28192800, 0x00007ffd27bf8000,
0x00007ffd27ba5800, 0x00007ffd27a31800, 0x00007ffd27a32800, 0x00007ffd27a33800,
0x00007ffd28193800, 0x00007ffd27c5f800, 0x00007ffd28194800, 0x00007ffd26936800,
0x00007ffd26937000, 0x00007ffd2a38d800, 0x00007ffd2819f800, 0x00007ffd2693b800,
0x00007ffd282e3800
}

Java Threads: ( => current thread )
  0x00007ffd27013000 JavaThread "Reference Handler" daemon [_thread_blocked, id=12803, stack(0x00007000012f8000,0x00007000013f8000)]
  0x00007ffd27008800 JavaThread "Finalizer" daemon [_thread_blocked, id=13059, stack(0x00007000013fb000,0x00007000014fb000)]
  0x00007ffd2802b000 JavaThread "Signal Dispatcher" daemon [_thread_blocked, id=14851, stack(0x0000700001604000,0x0000700001704000)]
  0x00007ffd29803000 JavaThread "C2 CompilerThread0" daemon [_thread_blocked, id=17923, stack(0x0000700001707000,0x0000700001807000)]
  0x00007ffd29804000 JavaThread "C1 CompilerThread0" daemon [_thread_blocked, id=15875, stack(0x000070000180a000,0x000070000190a000)]
  0x00007ffd27802000 JavaThread "Sweeper thread" daemon [_thread_blocked, id=16131, stack(0x000070000190d000,0x0000700001a0d000)]
  0x00007ffd2706e000 JavaThread "Common-Cleaner" daemon [_thread_blocked, id=17155, stack(0x0000700001a10000,0x0000700001b10000)]
  0x00007ffd29005800 JavaThread "Monitor Ctrl-Break" daemon [_thread_in_native, id=22019, stack(0x0000700001b13000,0x0000700001c13000)]
  0x00007ffd29076800 JavaThread "Service Thread" daemon [_thread_blocked, id=22787, stack(0x0000700001c16000,0x0000700001d16000)]
  0x00007ffd2683b000 JavaThread "JavaFX Application Thread" daemon [_thread_in_native, id=775, stack(0x00007ffee5121000,0x00007ffee5921000)]
  0x00007ffd27110000 JavaThread "AWT-Shutdown" [_thread_blocked, id=36099, stack(0x0000700001e1c000,0x0000700001f1c000)]
  0x00007ffd2a04d000 JavaThread "Timer-0" daemon [_thread_blocked, id=74503, stack(0x000070000243d000,0x000070000253d000)]
  0x00007ffd2909f800 JavaThread "AWT-EventQueue-0" [_thread_blocked, id=55559, stack(0x0000700002540000,0x0000700002640000)]
  0x00007ffd290a0000 JavaThread "Thread-4" [_thread_blocked, id=56067, stack(0x0000700002643000,0x0000700002743000)]
  0x00007ffd27801000 JavaThread "DestroyJavaVM" [_thread_blocked, id=10499, stack(0x0000700000de9000,0x0000700000ee9000)]
  0x00007ffd2711c800 JavaThread "Java2D Queue Flusher" daemon [_thread_in_native, id=56583, stack(0x0000700002746000,0x0000700002846000)]
  0x00007ffd27891800 JavaThread "Attach Listener" daemon [_thread_blocked, id=57347, stack(0x0000700002849000,0x0000700002949000)]
  0x00007ffd2a0f9000 JavaThread "Java2D Disposer" daemon [_thread_blocked, id=60167, stack(0x000070000294c000,0x0000700002a4c000)]
  0x00007ffd2a541000 JavaThread "EDT" [_thread_blocked, id=89347, stack(0x000070000346d000,0x000070000356d000)]
  0x00007ffd285d6000 JavaThread "Network Thread" [_thread_in_native, id=89875, stack(0x0000700003570000,0x0000700003670000)]
  0x00007ffd285d6800 JavaThread "Network Thread" [_thread_blocked, id=127507, stack(0x0000700003673000,0x0000700003773000)]
  0x00007ffd2a237800 JavaThread "invokeAndBlock1" [_thread_blocked, id=125955, stack(0x000070000397c000,0x0000700003a7c000)]
  0x00007ffd2eddf800 JavaThread "QuantumRenderer-0" daemon [_thread_blocked, id=19135, stack(0x00007000014fe000,0x00007000015fe000)]
  0x00007ffd2edef000 JavaThread "InvokeLaterDispatcher" daemon [_thread_blocked, id=91407, stack(0x0000700001fa2000,0x00007000020a2000)]
  0x00007ffd281d0000 JavaThread "Thread-6" daemon [_thread_in_native, id=46599, stack(0x00007000020a5000,0x0000700002125000)]
  0x00007ffd28066800 JavaThread "Prism Font Disposer" daemon [_thread_blocked, id=128271, stack(0x0000700002231000,0x0000700002331000)]
  0x00007ffd28185800 JavaThread "Disposer" daemon [_thread_blocked, id=125203, stack(0x000070000336a000,0x000070000346a000)]
  0x00007ffd27be7800 JavaThread "URL-Loader-1" daemon [_thread_blocked, id=123395, stack(0x0000700003e14000,0x0000700003f14000)]
  0x00007ffd2ee32800 JavaThread "URL-Loader-2" daemon [_thread_blocked, id=96559, stack(0x0000700003f17000,0x0000700004017000)]
  0x00007ffd2815f800 JavaThread "URL-Loader-3" daemon [_thread_blocked, id=98051, stack(0x000070000401a000,0x000070000411a000)]
  0x00007ffd28189800 JavaThread "URL-Loader-4" daemon [_thread_blocked, id=122627, stack(0x000070000411d000,0x000070000421d000)]
  0x00007ffd28191800 JavaThread "URL-Loader-5" daemon [_thread_blocked, id=98563, stack(0x0000700004220000,0x0000700004320000)]
  0x00007ffd269fc800 JavaThread "URL-Loader-6" daemon [_thread_blocked, id=99331, stack(0x0000700004323000,0x0000700004423000)]
  0x00007ffd269f3000 JavaThread "URL-Loader-7" daemon [_thread_blocked, id=99843, stack(0x0000700004426000,0x0000700004526000)]
  0x00007ffd28192800 JavaThread "URL-Loader-8" daemon [_thread_blocked, id=121347, stack(0x0000700004529000,0x0000700004629000)]
  0x00007ffd27bf8000 JavaThread "URL-Loader-9" daemon [_thread_blocked, id=100611, stack(0x000070000462c000,0x000070000472c000)]
  0x00007ffd27ba5800 JavaThread "URL-Loader-10" daemon [_thread_blocked, id=120579, stack(0x000070000472f000,0x000070000482f000)]
  0x00007ffd27a31800 JavaThread "URL-Loader-11" daemon [_thread_blocked, id=120067, stack(0x0000700004832000,0x0000700004932000)]
  0x00007ffd27a32800 JavaThread "URL-Loader-12" daemon [_thread_blocked, id=101635, stack(0x0000700004935000,0x0000700004a35000)]
  0x00007ffd27a33800 JavaThread "URL-Loader-13" daemon [_thread_blocked, id=102147, stack(0x0000700004a38000,0x0000700004b38000)]
  0x00007ffd28193800 JavaThread "URL-Loader-14" daemon [_thread_blocked, id=119299, stack(0x0000700004b3b000,0x0000700004c3b000)]
  0x00007ffd27c5f800 JavaThread "URL-Loader-15" daemon [_thread_blocked, id=102915, stack(0x0000700004c3e000,0x0000700004d3e000)]
  0x00007ffd28194800 JavaThread "URL-Loader-16" daemon [_thread_blocked, id=103695, stack(0x0000700004d41000,0x0000700004e41000)]
  0x00007ffd26936800 JavaThread "URL-Loader-17" daemon [_thread_blocked, id=118291, stack(0x0000700004e44000,0x0000700004f44000)]
  0x00007ffd26937000 JavaThread "URL-Loader-18" daemon [_thread_blocked, id=117507, stack(0x0000700004f47000,0x0000700005047000)]
  0x00007ffd2a38d800 JavaThread "URL-Loader-19" daemon [_thread_blocked, id=116231, stack(0x000070000504a000,0x000070000514a000)]
  0x00007ffd2819f800 JavaThread "URL-Loader-20" daemon [_thread_blocked, id=116487, stack(0x000070000514d000,0x000070000524d000)]
  0x00007ffd2693b800 JavaThread "Keep-Alive-Timer" daemon [_thread_blocked, id=104463, stack(0x0000700005250000,0x0000700005350000)]
=>0x00007ffd282e3800 JavaThread "Thread-8" daemon [_thread_in_vm, id=108371, stack(0x000070000555f000,0x00007000055df000)]

Other Threads:
  0x00007ffd2683d000 VMThread "VM Thread" [stack: 0x00007000011f5000,0x00007000012f5000] [id=20739]
  0x00007ffd29805000 WatcherThread [stack: 0x0000700001d19000,0x0000700001e19000] [id=23043]
  0x00007ffd28011000 GCTaskThread "GC Thread#0" [stack: 0x0000700000eec000,0x0000700000fec000] [id=11523]
  0x00007ffd26bf9800 GCTaskThread "GC Thread#1" [stack: 0x0000700002a4f000,0x0000700002b4f000] [id=57935]
  0x00007ffd26bf2000 GCTaskThread "GC Thread#2" [stack: 0x0000700002b52000,0x0000700002c52000] [id=63247]
  0x00007ffd27a58000 GCTaskThread "GC Thread#3" [stack: 0x0000700002c55000,0x0000700002d55000] [id=67587]
  0x00007ffd26bea000 GCTaskThread "GC Thread#4" [stack: 0x0000700002d58000,0x0000700002e58000] [id=67075]
  0x00007ffd26bd9800 GCTaskThread "GC Thread#5" [stack: 0x0000700002e5b000,0x0000700002f5b000] [id=66819]
  0x00007ffd28210000 GCTaskThread "GC Thread#6" [stack: 0x0000700002f5e000,0x000070000305e000] [id=64771]
  0x00007ffd280bd000 GCTaskThread "GC Thread#7" [stack: 0x0000700003061000,0x0000700003161000] [id=66307]
  0x00007ffd26c0c800 GCTaskThread "GC Thread#8" [stack: 0x0000700003776000,0x0000700003876000] [id=126487]
  0x00007ffd2eb05000 GCTaskThread "GC Thread#9" [stack: 0x0000700003879000,0x0000700003979000] [id=94467]
  0x00007ffd26800800 ConcurrentGCThread "CMS Main Thread" [stack: 0x00007000010f2000,0x00007000011f2000] [id=20995]
  0x00007ffd2700b000 GCTaskThread "CMS Thread#0" [stack: 0x0000700000fef000,0x00007000010ef000] [id=12035]
  0x00007ffd2a1a4000 GCTaskThread "CMS Thread#1" [stack: 0x0000700003164000,0x0000700003264000] [id=59655]
  0x00007ffd2a23a000 GCTaskThread "CMS Thread#2" [stack: 0x0000700003267000,0x0000700003367000] [id=65283]

Threads with active compile tasks:

VM state:not at safepoint (normal execution)

VM Mutex/Monitor currently owned by a thread: None

Heap address: 0x0000000780000000, size: 2048 MB, Compressed Oops mode: Zero based, Oop shift amount: 3
Narrow klass base: 0x0000000800000000, Narrow klass shift: 0
Compressed class space size: 1073741824 Address: 0x0000000800000000

Heap:
 par new generation   total 39296K, used 17171K [0x0000000780000000, 0x0000000782aa0000, 0x00000007aaaa0000)
  eden space 34944K,  36% used [0x0000000780000000, 0x0000000780c84e30, 0x0000000782220000)
  from space 4352K, 100% used [0x0000000782220000, 0x0000000782660000, 0x0000000782660000)
  to   space 4352K,   0% used [0x0000000782660000, 0x0000000782660000, 0x0000000782aa0000)
 concurrent mark-sweep generation total 101820K, used 68987K [0x00000007aaaa0000, 0x00000007b0e0f000, 0x0000000800000000)
 Metaspace       used 45149K, capacity 46441K, committed 46684K, reserved 1089536K
  class space    used 5342K, capacity 5868K, committed 5964K, reserved 1048576K

Card table byte_map: [0x000000010cb26000,0x000000010cf27000] _byte_map_base: 0x0000000108f26000

Marking Bits: (CMSBitMap*) 0x00007ffd27001130
 Bits: [0x000000010dc35000, 0x000000010f18a800)

Mod Union Table: (CMSBitMap*) 0x00007ffd270011d0
 Bits: [0x000000010f18b000, 0x000000010f1e0560)

Polling page: 0x000000010a359000

Metaspace:

Usage:
  Non-class:     39.62 MB capacity,    38.87 MB ( 98%) used,   620.45 KB (  2%) free+waste,   145.56 KB ( <1%) overhead. 
      Class:      5.73 MB capacity,     5.22 MB ( 91%) used,   452.98 KB (  8%) free+waste,    72.31 KB (  1%) overhead. 
       Both:     45.35 MB capacity,    44.09 MB ( 97%) used,     1.05 MB (  2%) free+waste,   217.88 KB ( <1%) overhead. 

Virtual space:
  Non-class space:       40.00 MB reserved,      39.77 MB (>99%) committed 
      Class space:        1.00 GB reserved,       5.82 MB ( <1%) committed 
             Both:        1.04 GB reserved,      45.59 MB (  4%) committed 

Chunk freelists:
   Non-Class:  15.00 KB
       Class:  0 bytes
        Both:  15.00 KB

MaxMetaspaceSize: unlimited
CompressedClassSpaceSize: 1.00 GB

CodeHeap 'non-profiled nmethods': size=120036Kb used=1889Kb max_used=1968Kb free=118146Kb
 bounds [0x0000000121bcc000, 0x0000000121e3c000, 0x0000000129105000]
CodeHeap 'profiled nmethods': size=120032Kb used=9470Kb max_used=9763Kb free=110562Kb
 bounds [0x000000011a694000, 0x000000011b034000, 0x0000000121bcc000]
CodeHeap 'non-nmethods': size=5692Kb used=1534Kb max_used=1561Kb free=4157Kb
 bounds [0x000000011a105000, 0x000000011a375000, 0x000000011a694000]
 total_blobs=7874 nmethods=4879 adapters=984
 compilation: enabled
              stopped_count=0, restarted_count=0
 full_count=0

Compilation events (20 events):
Event: 13.576 Thread 0x00007ffd29804000 5545       1       com.sun.javafx.geom.transform.BaseTransform::getMxy (2 bytes)
Event: 13.576 Thread 0x00007ffd29804000 nmethod 5545 0x0000000121ca1210 code [0x0000000121ca13c0, 0x0000000121ca14d0]
Event: 13.576 Thread 0x00007ffd29804000 5546       1       com.sun.javafx.geom.transform.BaseTransform::getMyx (2 bytes)
Event: 13.576 Thread 0x00007ffd29804000 nmethod 5546 0x0000000121ca3410 code [0x0000000121ca35c0, 0x0000000121ca36d0]
Event: 13.576 Thread 0x00007ffd29804000 5547       1       com.sun.javafx.geom.transform.BaseTransform::getMyy (2 bytes)
Event: 13.576 Thread 0x00007ffd29804000 nmethod 5547 0x0000000121ca3090 code [0x0000000121ca3260, 0x0000000121ca3370]
Event: 13.578 Thread 0x00007ffd29804000 5548       3       com.sun.javafx.font.FontStrikeDesc::hashCode (68 bytes)
Event: 13.579 Thread 0x00007ffd29804000 nmethod 5548 0x000000011ab27810 code [0x000000011ab27a40, 0x000000011ab28470]
Event: 13.580 Thread 0x00007ffd29803000 5549   !   4       com.sun.javafx.font.PrismFontFile::getAdvance (159 bytes)
Event: 13.580 Thread 0x00007ffd29804000 5550       1       com.sun.webkit.graphics.WCRectangle::getWidth (5 bytes)
Event: 13.580 Thread 0x00007ffd29804000 nmethod 5550 0x0000000121ca2d10 code [0x0000000121ca2ec0, 0x0000000121ca2fd0]
Event: 13.580 Thread 0x00007ffd29804000 5551       1       com.sun.webkit.graphics.WCRectangle::getHeight (5 bytes)
Event: 13.580 Thread 0x00007ffd29804000 nmethod 5551 0x0000000121cacb10 code [0x0000000121caccc0, 0x0000000121cacdd0]
Event: 13.586 Thread 0x00007ffd29804000 5552       3       javafx.scene.Scene::getRoot (22 bytes)
Event: 13.586 Thread 0x00007ffd29804000 nmethod 5552 0x000000011ab27190 code [0x000000011ab27360, 0x000000011ab276e8]
Event: 13.588 Thread 0x00007ffd29803000 nmethod 5549 0x0000000121cdf390 code [0x0000000121cdf540, 0x0000000121cdfd68]
Event: 13.596 Thread 0x00007ffd29803000 5553       4       java.nio.Buffer::<init> (99 bytes)
Event: 13.597 Thread 0x00007ffd29804000 5554       3       sun.lwawt.LWWindowPeer::getOnscreenGraphics (48 bytes)
Event: 13.597 Thread 0x00007ffd29803000 nmethod 5553 0x0000000121cac610 code [0x0000000121cac7a0, 0x0000000121cac898]
Event: 13.597 Thread 0x00007ffd29804000 nmethod 5554 0x000000011ab48c90 code [0x000000011ab48e80, 0x000000011ab49648]

GC Heap History (20 events):
Event: 3.558 GC heap before
{Heap before GC invocations=4 (full 2):
 par new generation   total 39296K, used 26571K [0x0000000780000000, 0x0000000782aa0000, 0x00000007aaaa0000)
  eden space 34944K,  73% used [0x0000000780000000, 0x0000000781930320, 0x0000000782220000)
  from space 4352K,  17% used [0x0000000782220000, 0x00000007822e2c60, 0x0000000782660000)
  to   space 4352K,   0% used [0x0000000782660000, 0x0000000782660000, 0x0000000782aa0000)
 concurrent mark-sweep generation total 101820K, used 61090K [0x00000007aaaa0000, 0x00000007b0e0f000, 0x0000000800000000)
 Metaspace       used 22242K, capacity 22829K, committed 23168K, reserved 1069056K
  class space    used 2436K, capacity 2661K, committed 2688K, reserved 1048576K
}
Event: 3.566 GC heap after
{Heap after GC invocations=5 (full 2):
 par new generation   total 39296K, used 4352K [0x0000000780000000, 0x0000000782aa0000, 0x00000007aaaa0000)
  eden space 34944K,   0% used [0x0000000780000000, 0x0000000780000000, 0x0000000782220000)
  from space 4352K, 100% used [0x0000000782660000, 0x0000000782aa0000, 0x0000000782aa0000)
  to   space 4352K,   0% used [0x0000000782220000, 0x0000000782220000, 0x0000000782660000)
 concurrent mark-sweep generation total 101820K, used 74864K [0x00000007aaaa0000, 0x00000007b0e0f000, 0x0000000800000000)
 Metaspace       used 22242K, capacity 22829K, committed 23168K, reserved 1069056K
  class space    used 2436K, capacity 2661K, committed 2688K, reserved 1048576K
}
Event: 6.593 GC heap before
{Heap before GC invocations=5 (full 3):
 par new generation   total 39296K, used 39296K [0x0000000780000000, 0x0000000782aa0000, 0x00000007aaaa0000)
  eden space 34944K, 100% used [0x0000000780000000, 0x0000000782220000, 0x0000000782220000)
  from space 4352K, 100% used [0x0000000782660000, 0x0000000782aa0000, 0x0000000782aa0000)
  to   space 4352K,   0% used [0x0000000782220000, 0x0000000782220000, 0x0000000782660000)
 concurrent mark-sweep generation total 101820K, used 74864K [0x00000007aaaa0000, 0x00000007b0e0f000, 0x0000000800000000)
 Metaspace       used 24859K, capacity 25465K, committed 25856K, reserved 1073152K
  class space    used 2752K, capacity 2985K, committed 3072K, reserved 1048576K
}
Event: 6.598 GC heap after
{Heap after GC invocations=6 (full 3):
 par new generation   total 39296K, used 4319K [0x0000000780000000, 0x0000000782aa0000, 0x00000007aaaa0000)
  eden space 34944K,   0% used [0x0000000780000000, 0x0000000780000000, 0x0000000782220000)
  from space 4352K,  99% used [0x0000000782220000, 0x0000000782657cb0, 0x0000000782660000)
  to   space 4352K,   0% used [0x0000000782660000, 0x0000000782660000, 0x0000000782aa0000)
 concurrent mark-sweep generation total 101820K, used 85465K [0x00000007aaaa0000, 0x00000007b0e0f000, 0x0000000800000000)
 Metaspace       used 24859K, capacity 25465K, committed 25856K, reserved 1073152K
  class space    used 2752K, capacity 2985K, committed 3072K, reserved 1048576K
}
Event: 7.072 GC heap before
{Heap before GC invocations=6 (full 3):
 par new generation   total 39296K, used 39263K [0x0000000780000000, 0x0000000782aa0000, 0x00000007aaaa0000)
  eden space 34944K, 100% used [0x0000000780000000, 0x0000000782220000, 0x0000000782220000)
  from space 4352K,  99% used [0x0000000782220000, 0x0000000782657cb0, 0x0000000782660000)
  to   space 4352K,   0% used [0x0000000782660000, 0x0000000782660000, 0x0000000782aa0000)
 concurrent mark-sweep generation total 101820K, used 51806K [0x00000007aaaa0000, 0x00000007b0e0f000, 0x0000000800000000)
 Metaspace       used 25318K, capacity 25947K, committed 26368K, reserved 1073152K
  class space    used 2784K, capacity 2999K, committed 3072K, reserved 1048576K
}
Event: 7.075 GC heap after
{Heap after GC invocations=7 (full 3):
 par new generation   total 39296K, used 4246K [0x0000000780000000, 0x0000000782aa0000, 0x00000007aaaa0000)
  eden space 34944K,   0% used [0x0000000780000000, 0x0000000780000000, 0x0000000782220000)
  from space 4352K,  97% used [0x0000000782660000, 0x0000000782a85bf8, 0x0000000782aa0000)
  to   space 4352K,   0% used [0x0000000782220000, 0x0000000782220000, 0x0000000782660000)
 concurrent mark-sweep generation total 101820K, used 58989K [0x00000007aaaa0000, 0x00000007b0e0f000, 0x0000000800000000)
 Metaspace       used 25318K, capacity 25947K, committed 26368K, reserved 1073152K
  class space    used 2784K, capacity 2999K, committed 3072K, reserved 1048576K
}
Event: 7.516 GC heap before
{Heap before GC invocations=7 (full 4):
 par new generation   total 39296K, used 39109K [0x0000000780000000, 0x0000000782aa0000, 0x00000007aaaa0000)
  eden space 34944K,  99% used [0x0000000780000000, 0x000000078220ba88, 0x0000000782220000)
  from space 4352K,  97% used [0x0000000782660000, 0x0000000782a85bf8, 0x0000000782aa0000)
  to   space 4352K,   0% used [0x0000000782220000, 0x0000000782220000, 0x0000000782660000)
 concurrent mark-sweep generation total 101820K, used 41089K [0x00000007aaaa0000, 0x00000007b0e0f000, 0x0000000800000000)
 Metaspace       used 25516K, capacity 26139K, committed 26624K, reserved 1073152K
  class space    used 2784K, capacity 2999K, committed 3072K, reserved 1048576K
}
Event: 7.516 GC heap after
{Heap after GC invocations=8 (full 4):
 par new generation   total 39296K, used 478K [0x0000000780000000, 0x0000000782aa0000, 0x00000007aaaa0000)
  eden space 34944K,   0% used [0x0000000780000000, 0x0000000780000000, 0x0000000782220000)
  from space 4352K,  10% used [0x0000000782220000, 0x0000000782297ab0, 0x0000000782660000)
  to   space 4352K,   0% used [0x0000000782660000, 0x0000000782660000, 0x0000000782aa0000)
 concurrent mark-sweep generation total 101820K, used 45072K [0x00000007aaaa0000, 0x00000007b0e0f000, 0x0000000800000000)
 Metaspace       used 25516K, capacity 26139K, committed 26624K, reserved 1073152K
  class space    used 2784K, capacity 2999K, committed 3072K, reserved 1048576K
}
Event: 7.952 GC heap before
{Heap before GC invocations=8 (full 4):
 par new generation   total 39296K, used 35326K [0x0000000780000000, 0x0000000782aa0000, 0x00000007aaaa0000)
  eden space 34944K,  99% used [0x0000000780000000, 0x0000000782207f60, 0x0000000782220000)
  from space 4352K,  10% used [0x0000000782220000, 0x0000000782297ab0, 0x0000000782660000)
  to   space 4352K,   0% used [0x0000000782660000, 0x0000000782660000, 0x0000000782aa0000)
 concurrent mark-sweep generation total 101820K, used 45072K [0x00000007aaaa0000, 0x00000007b0e0f000, 0x0000000800000000)
 Metaspace       used 25625K, capacity 26203K, committed 26624K, reserved 1073152K
  class space    used 2784K, capacity 2999K, committed 3072K, reserved 1048576K
}
Event: 7.952 GC heap after
{Heap after GC invocations=9 (full 4):
 par new generation   total 39296K, used 126K [0x0000000780000000, 0x0000000782aa0000, 0x00000007aaaa0000)
  eden space 34944K,   0% used [0x0000000780000000, 0x0000000780000000, 0x0000000782220000)
  from space 4352K,   2% used [0x0000000782660000, 0x000000078267f9a0, 0x0000000782aa0000)
  to   space 4352K,   0% used [0x0000000782220000, 0x0000000782220000, 0x0000000782660000)
 concurrent mark-sweep generation total 101820K, used 45072K [0x00000007aaaa0000, 0x00000007b0e0f000, 0x0000000800000000)
 Metaspace       used 25625K, capacity 26203K, committed 26624K, reserved 1073152K
  class space    used 2784K, capacity 2999K, committed 3072K, reserved 1048576K
}
Event: 11.531 GC heap before
{Heap before GC invocations=9 (full 4):
 par new generation   total 39296K, used 35070K [0x0000000780000000, 0x0000000782aa0000, 0x00000007aaaa0000)
  eden space 34944K, 100% used [0x0000000780000000, 0x0000000782220000, 0x0000000782220000)
  from space 4352K,   2% used [0x0000000782660000, 0x000000078267f9a0, 0x0000000782aa0000)
  to   space 4352K,   0% used [0x0000000782220000, 0x0000000782220000, 0x0000000782660000)
 concurrent mark-sweep generation total 101820K, used 45072K [0x00000007aaaa0000, 0x00000007b0e0f000, 0x0000000800000000)
 Metaspace       used 31348K, capacity 32101K, committed 32512K, reserved 1077248K
  class space    used 3427K, capacity 3727K, committed 3840K, reserved 1048576K
}
Event: 11.537 GC heap after
{Heap after GC invocations=10 (full 4):
 par new generation   total 39296K, used 3519K [0x0000000780000000, 0x0000000782aa0000, 0x00000007aaaa0000)
  eden space 34944K,   0% used [0x0000000780000000, 0x0000000780000000, 0x0000000782220000)
  from space 4352K,  80% used [0x0000000782220000, 0x000000078258fc10, 0x0000000782660000)
  to   space 4352K,   0% used [0x0000000782660000, 0x0000000782660000, 0x0000000782aa0000)
 concurrent mark-sweep generation total 101820K, used 52375K [0x00000007aaaa0000, 0x00000007b0e0f000, 0x0000000800000000)
 Metaspace       used 31348K, capacity 32101K, committed 32512K, reserved 1077248K
  class space    used 3427K, capacity 3727K, committed 3840K, reserved 1048576K
}
Event: 11.942 GC heap before
{Heap before GC invocations=10 (full 4):
 par new generation   total 39296K, used 38468K [0x0000000780000000, 0x0000000782aa0000, 0x00000007aaaa0000)
  eden space 34944K, 100% used [0x0000000780000000, 0x0000000782220000, 0x0000000782220000)
  from space 4352K,  80% used [0x0000000782220000, 0x00000007825911a0, 0x0000000782660000)
  to   space 4352K,   0% used [0x0000000782660000, 0x0000000782660000, 0x0000000782aa0000)
 concurrent mark-sweep generation total 101820K, used 52375K [0x00000007aaaa0000, 0x00000007b0e0f000, 0x0000000800000000)
 Metaspace       used 39386K, capacity 40293K, committed 40576K, reserved 1085440K
  class space    used 4543K, capacity 4899K, committed 4992K, reserved 1048576K
}
Event: 11.945 GC heap after
{Heap after GC invocations=11 (full 4):
 par new generation   total 39296K, used 4352K [0x0000000780000000, 0x0000000782aa0000, 0x00000007aaaa0000)
  eden space 34944K,   0% used [0x0000000780000000, 0x0000000780000000, 0x0000000782220000)
  from space 4352K, 100% used [0x0000000782660000, 0x0000000782aa0000, 0x0000000782aa0000)
  to   space 4352K,   0% used [0x0000000782220000, 0x0000000782220000, 0x0000000782660000)
 concurrent mark-sweep generation total 101820K, used 55474K [0x00000007aaaa0000, 0x00000007b0e0f000, 0x0000000800000000)
 Metaspace       used 39386K, capacity 40293K, committed 40576K, reserved 1085440K
  class space    used 4543K, capacity 4899K, committed 4992K, reserved 1048576K
}
Event: 12.309 GC heap before
{Heap before GC invocations=11 (full 4):
 par new generation   total 39296K, used 39296K [0x0000000780000000, 0x0000000782aa0000, 0x00000007aaaa0000)
  eden space 34944K, 100% used [0x0000000780000000, 0x0000000782220000, 0x0000000782220000)
  from space 4352K, 100% used [0x0000000782660000, 0x0000000782aa0000, 0x0000000782aa0000)
  to   space 4352K,   0% used [0x0000000782220000, 0x0000000782220000, 0x0000000782660000)
 concurrent mark-sweep generation total 101820K, used 55680K [0x00000007aaaa0000, 0x00000007b0e0f000, 0x0000000800000000)
 Metaspace       used 43732K, capacity 44908K, committed 45072K, reserved 1089536K
  class space    used 5235K, capacity 5752K, committed 5836K, reserved 1048576K
}
Event: 12.313 GC heap after
{Heap after GC invocations=12 (full 4):
 par new generation   total 39296K, used 3546K [0x0000000780000000, 0x0000000782aa0000, 0x00000007aaaa0000)
  eden space 34944K,   0% used [0x0000000780000000, 0x0000000780000000, 0x0000000782220000)
  from space 4352K,  81% used [0x0000000782220000, 0x0000000782596b50, 0x0000000782660000)
  to   space 4352K,   0% used [0x0000000782660000, 0x0000000782660000, 0x0000000782aa0000)
 concurrent mark-sweep generation total 101820K, used 59355K [0x00000007aaaa0000, 0x00000007b0e0f000, 0x0000000800000000)
 Metaspace       used 43732K, capacity 44908K, committed 45072K, reserved 1089536K
  class space    used 5235K, capacity 5752K, committed 5836K, reserved 1048576K
}
Event: 12.686 GC heap before
{Heap before GC invocations=12 (full 5):
 par new generation   total 39296K, used 38530K [0x0000000780000000, 0x0000000782aa0000, 0x00000007aaaa0000)
  eden space 34944K, 100% used [0x0000000780000000, 0x0000000782220000, 0x0000000782220000)
  from space 4352K,  82% used [0x0000000782220000, 0x00000007825a09b8, 0x0000000782660000)
  to   space 4352K,   0% used [0x0000000782660000, 0x0000000782660000, 0x0000000782aa0000)
 concurrent mark-sweep generation total 101820K, used 59869K [0x00000007aaaa0000, 0x00000007b0e0f000, 0x0000000800000000)
 Metaspace       used 44486K, capacity 45713K, committed 45788K, reserved 1089536K
  class space    used 5289K, capacity 5823K, committed 5836K, reserved 1048576K
}
Event: 12.688 GC heap after
{Heap after GC invocations=13 (full 5):
 par new generation   total 39296K, used 4351K [0x0000000780000000, 0x0000000782aa0000, 0x00000007aaaa0000)
  eden space 34944K,   0% used [0x0000000780000000, 0x0000000780000000, 0x0000000782220000)
  from space 4352K,  99% used [0x0000000782660000, 0x0000000782a9fff8, 0x0000000782aa0000)
  to   space 4352K,   0% used [0x0000000782220000, 0x0000000782220000, 0x0000000782660000)
 concurrent mark-sweep generation total 101820K, used 60167K [0x00000007aaaa0000, 0x00000007b0e0f000, 0x0000000800000000)
 Metaspace       used 44486K, capacity 45713K, committed 45788K, reserved 1089536K
  class space    used 5289K, capacity 5823K, committed 5836K, reserved 1048576K
}
Event: 13.265 GC heap before
{Heap before GC invocations=13 (full 5):
 par new generation   total 39296K, used 39295K [0x0000000780000000, 0x0000000782aa0000, 0x00000007aaaa0000)
  eden space 34944K, 100% used [0x0000000780000000, 0x0000000782220000, 0x0000000782220000)
  from space 4352K,  99% used [0x0000000782660000, 0x0000000782a9fff8, 0x0000000782aa0000)
  to   space 4352K,   0% used [0x0000000782220000, 0x0000000782220000, 0x0000000782660000)
 concurrent mark-sweep generation total 101820K, used 60174K [0x00000007aaaa0000, 0x00000007b0e0f000, 0x0000000800000000)
 Metaspace       used 44889K, capacity 46220K, committed 46428K, reserved 1089536K
  class space    used 5313K, capacity 5840K, committed 5964K, reserved 1048576K
}
Event: 13.268 GC heap after
{Heap after GC invocations=14 (full 5):
 par new generation   total 39296K, used 4352K [0x0000000780000000, 0x0000000782aa0000, 0x00000007aaaa0000)
  eden space 34944K,   0% used [0x0000000780000000, 0x0000000780000000, 0x0000000782220000)
  from space 4352K, 100% used [0x0000000782220000, 0x0000000782660000, 0x0000000782660000)
  to   space 4352K,   0% used [0x0000000782660000, 0x0000000782660000, 0x0000000782aa0000)
 concurrent mark-sweep generation total 101820K, used 68987K [0x00000007aaaa0000, 0x00000007b0e0f000, 0x0000000800000000)
 Metaspace       used 44889K, capacity 46220K, committed 46428K, reserved 1089536K
  class space    used 5313K, capacity 5840K, committed 5964K, reserved 1048576K
}

Deoptimization events (20 events):
Event: 13.525 Thread 0x00007ffd2683b000 DEOPT PACKING pc=0x000000011a992135 sp=0x00007ffee591a2b0
Event: 13.525 Thread 0x00007ffd2683b000 DEOPT UNPACKING pc=0x000000011a12d13a sp=0x00007ffee5919760 mode 0
Event: 13.526 Thread 0x00007ffd2683b000 DEOPT PACKING pc=0x000000011a992135 sp=0x00007ffee591a190
Event: 13.526 Thread 0x00007ffd2683b000 DEOPT UNPACKING pc=0x000000011a12d13a sp=0x00007ffee5919640 mode 0
Event: 13.563 Thread 0x00007ffd2909f800 Uncommon trap: trap_request=0xffffffc6 fr.pc=0x0000000121d18550 relative=0x0000000000000450
Event: 13.563 Thread 0x00007ffd2909f800 Uncommon trap: reason=bimorphic_or_optimized_type_check action=maybe_recompile pc=0x0000000121d18550 method=java.awt.Component.getLocationOnScreen_NoTreeLock()Ljava/awt/Point; @ 10 c2
Event: 13.563 Thread 0x00007ffd2909f800 DEOPT PACKING pc=0x0000000121d18550 sp=0x000070000263c1b0
Event: 13.563 Thread 0x00007ffd2909f800 DEOPT UNPACKING pc=0x000000011a12d325 sp=0x000070000263c158 mode 2
Event: 13.574 Thread 0x00007ffd2909f800 Uncommon trap: trap_request=0xffffffc6 fr.pc=0x0000000121d18550 relative=0x0000000000000450
Event: 13.574 Thread 0x00007ffd2909f800 Uncommon trap: reason=bimorphic_or_optimized_type_check action=maybe_recompile pc=0x0000000121d18550 method=java.awt.Component.getLocationOnScreen_NoTreeLock()Ljava/awt/Point; @ 10 c2
Event: 13.574 Thread 0x00007ffd2909f800 DEOPT PACKING pc=0x0000000121d18550 sp=0x000070000263c1b0
Event: 13.574 Thread 0x00007ffd2909f800 DEOPT UNPACKING pc=0x000000011a12d325 sp=0x000070000263c158 mode 2
Event: 13.589 Thread 0x00007ffd2909f800 Uncommon trap: trap_request=0xffffffc6 fr.pc=0x0000000121d18550 relative=0x0000000000000450
Event: 13.589 Thread 0x00007ffd2909f800 Uncommon trap: reason=bimorphic_or_optimized_type_check action=maybe_recompile pc=0x0000000121d18550 method=java.awt.Component.getLocationOnScreen_NoTreeLock()Ljava/awt/Point; @ 10 c2
Event: 13.589 Thread 0x00007ffd2909f800 DEOPT PACKING pc=0x0000000121d18550 sp=0x000070000263c1b0
Event: 13.589 Thread 0x00007ffd2909f800 DEOPT UNPACKING pc=0x000000011a12d325 sp=0x000070000263c158 mode 2
Event: 13.592 Thread 0x00007ffd2909f800 Uncommon trap: trap_request=0xffffffc6 fr.pc=0x0000000121d18550 relative=0x0000000000000450
Event: 13.592 Thread 0x00007ffd2909f800 Uncommon trap: reason=bimorphic_or_optimized_type_check action=maybe_recompile pc=0x0000000121d18550 method=java.awt.Component.getLocationOnScreen_NoTreeLock()Ljava/awt/Point; @ 10 c2
Event: 13.592 Thread 0x00007ffd2909f800 DEOPT PACKING pc=0x0000000121d18550 sp=0x000070000263c1b0
Event: 13.592 Thread 0x00007ffd2909f800 DEOPT UNPACKING pc=0x000000011a12d325 sp=0x000070000263c158 mode 2

Classes redefined (0 events):
No events

Internal exceptions (20 events):
Event: 12.086 Thread 0x00007ffd2683b000 Exception <a 'sun/nio/fs/UnixException'{0x0000000780c04b28}> (0x0000000780c04b28) thrown at [/corretto/workspace/corretto11-repo/installers/mac/tar/corretto-build/buildRoot/src/src/hotspot/share/prims/jni.cpp, line 615]
Event: 12.100 Thread 0x00007ffd2683b000 Exception <a 'java/lang/NoSuchMethodError'{0x0000000780d9c0d8}: 'java.lang.Object java.lang.invoke.DirectMethodHandle$Holder.invokeStatic(java.lang.Object, java.lang.Object, java.lang.Object, java.lang.Object, java.lang.Object, java.lang.Object, java.lang
Event: 12.101 Thread 0x00007ffd2683b000 Exception <a 'java/lang/NoSuchMethodError'{0x0000000780dbc230}: 'java.lang.Object java.lang.invoke.DirectMethodHandle$Holder.invokeStatic(java.lang.Object, java.lang.Object, java.lang.Object, java.lang.Object, java.lang.Object, java.lang.Object, java.lang
Event: 12.102 Thread 0x00007ffd2683b000 Exception <a 'java/lang/NoSuchMethodError'{0x0000000780dc88f0}: 'java.lang.Object java.lang.invoke.DirectMethodHandle$Holder.invokeStatic(java.lang.Object, java.lang.Object, java.lang.Object, java.lang.Object, java.lang.Object, java.lang.Object, java.lang
Event: 12.102 Thread 0x00007ffd2683b000 Exception <a 'java/lang/NoSuchMethodError'{0x0000000780dd8660}: 'java.lang.Object java.lang.invoke.DelegatingMethodHandle$Holder.reinvoke_L(java.lang.Object, long, java.lang.Object)'> (0x0000000780dd8660) thrown at [/corretto/workspace/corretto11-repo/ins
Event: 12.107 Thread 0x00007ffd2683b000 Exception <a 'java/lang/NoSuchMethodError'{0x0000000780e83c48}: 'java.lang.Object java.lang.invoke.DelegatingMethodHandle$Holder.reinvoke_L(java.lang.Object, java.lang.Object, int, int, long, int, java.lang.Object, java.lang.Object, java.lang.Object, int)
Event: 12.109 Thread 0x00007ffd2683b000 Exception <a 'java/lang/NoSuchMethodError'{0x0000000780ee2dd0}: 'java.lang.Object java.lang.invoke.DirectMethodHandle$Holder.invokeSpecial(java.lang.Object, java.lang.Object, int, int, int, long, int, java.lang.Object, java.lang.Object, java.lang.Object, 
Event: 12.109 Thread 0x00007ffd2683b000 Exception <a 'java/lang/NoSuchMethodError'{0x0000000780ee6678}: 'java.lang.Object java.lang.invoke.DelegatingMethodHandle$Holder.reinvoke_L(java.lang.Object, int, int, int, long, int, java.lang.Object, java.lang.Object, java.lang.Object, int)'> (0x0000000
Event: 12.110 Thread 0x00007ffd2683b000 Exception <a 'java/lang/NoSuchMethodError'{0x0000000780eee278}: 'java.lang.Object java.lang.invoke.DirectMethodHandle$Holder.invokeStatic(java.lang.Object, java.lang.Object, java.lang.Object, java.lang.Object, java.lang.Object, int)'> (0x0000000780eee278)
Event: 12.119 Thread 0x00007ffd2683b000 Exception <a 'java/lang/NoSuchMethodError'{0x0000000780ff0d00}: 'java.lang.Object java.lang.invoke.DelegatingMethodHandle$Holder.reinvoke_L(java.lang.Object, java.lang.Object, long)'> (0x0000000780ff0d00) thrown at [/corretto/workspace/corretto11-repo/ins
Event: 12.293 Thread 0x00007ffd2683b000 Exception <a 'java/lang/NoSuchMethodError'{0x0000000781fc7f70}: 'java.lang.Object java.lang.invoke.DelegatingMethodHandle$Holder.reinvoke_L(java.lang.Object, java.lang.Object, int, int, long, int, int, java.lang.Object, java.lang.Object, int)'> (0x0000000
Event: 12.295 Thread 0x00007ffd2683b000 Exception <a 'java/lang/NoSuchMethodError'{0x0000000782025b40}: 'java.lang.Object java.lang.invoke.DirectMethodHandle$Holder.invokeSpecial(java.lang.Object, java.lang.Object, int, int, int, long, int, int, java.lang.Object, java.lang.Object, int)'> (0x000
Event: 12.295 Thread 0x00007ffd2683b000 Exception <a 'java/lang/NoSuchMethodError'{0x0000000782029570}: 'java.lang.Object java.lang.invoke.DelegatingMethodHandle$Holder.reinvoke_L(java.lang.Object, int, int, int, long, int, int, java.lang.Object, java.lang.Object, int)'> (0x0000000782029570) th
Event: 12.963 Thread 0x00007ffd2683b000 Exception <a 'java/io/FileNotFoundException'{0x0000000780eba600}> (0x0000000780eba600) thrown at [/corretto/workspace/corretto11-repo/installers/mac/tar/corretto-build/buildRoot/src/src/hotspot/share/prims/jni.cpp, line 615]
Event: 12.963 Thread 0x00007ffd2683b000 Exception <a 'java/io/FileNotFoundException'{0x0000000780ec43e8}> (0x0000000780ec43e8) thrown at [/corretto/workspace/corretto11-repo/installers/mac/tar/corretto-build/buildRoot/src/src/hotspot/share/prims/jni.cpp, line 615]
Event: 12.963 Thread 0x00007ffd2683b000 Exception <a 'java/io/FileNotFoundException'{0x0000000780ec5358}> (0x0000000780ec5358) thrown at [/corretto/workspace/corretto11-repo/installers/mac/tar/corretto-build/buildRoot/src/src/hotspot/share/prims/jni.cpp, line 615]
Event: 12.964 Thread 0x00007ffd2683b000 Exception <a 'java/io/FileNotFoundException'{0x0000000780ed7da8}> (0x0000000780ed7da8) thrown at [/corretto/workspace/corretto11-repo/installers/mac/tar/corretto-build/buildRoot/src/src/hotspot/share/prims/jni.cpp, line 615]
Event: 13.330 Thread 0x00007ffd2683b000 Exception <a 'java/lang/NoSuchMethodError'{0x000000078055fd38}: 'java.lang.Object java.lang.invoke.DirectMethodHandle$Holder.invokeStatic(java.lang.Object, java.lang.Object, java.lang.Object, java.lang.Object, java.lang.Object, java.lang.Object, java.lang
Event: 13.607 Thread 0x00007ffd282e3800 Exception <a 'java/lang/NoClassDefFoundError'{0x0000000780c79b88}: com/sun/webkit/FileSystem> (0x0000000780c79b88) thrown at [/corretto/workspace/corretto11-repo/installers/mac/tar/corretto-build/buildRoot/src/src/hotspot/share/classfile/systemDictionary.
Event: 13.607 Thread 0x00007ffd282e3800 Exception <a 'java/lang/NoSuchMethodError'{0x0000000780c79e98}: fwkMakeAllDirectories> (0x0000000780c79e98) thrown at [/corretto/workspace/corretto11-repo/installers/mac/tar/corretto-build/buildRoot/src/src/hotspot/share/prims/jni.cpp, line 1331]

Events (20 events):
Event: 13.488 Thread 0x00007ffd27802000 flushing nmethod 0x000000011ad8e690
Event: 13.488 Thread 0x00007ffd27802000 flushing nmethod 0x000000011adde310
Event: 13.488 Thread 0x00007ffd27802000 flushing nmethod 0x000000011adfe590
Event: 13.488 Thread 0x00007ffd27802000 flushing nmethod 0x000000011ae10990
Event: 13.488 Thread 0x00007ffd27802000 flushing nmethod 0x000000011ae67690
Event: 13.488 Thread 0x00007ffd27802000 flushing nmethod 0x000000011aeaaa90
Event: 13.489 Thread 0x00007ffd27802000 flushing nmethod 0x000000011aeeb310
Event: 13.489 Thread 0x00007ffd27802000 flushing nmethod 0x000000011af2ef10
Event: 13.489 Thread 0x00007ffd27802000 flushing nmethod 0x000000011af40390
Event: 13.489 Thread 0x00007ffd27802000 flushing nmethod 0x000000011af40c90
Event: 13.489 Thread 0x00007ffd27802000 flushing nmethod 0x000000011af7af90
Event: 13.489 Thread 0x00007ffd27802000 flushing nmethod 0x000000011af8ec10
Event: 13.489 Thread 0x00007ffd27802000 flushing nmethod 0x000000011afb5210
Event: 13.489 Thread 0x00007ffd27802000 flushing nmethod 0x000000011afc1710
Event: 13.574 Executing VM operation: RevokeBias
Event: 13.574 Executing VM operation: RevokeBias done
Event: 13.607 Protecting memory [0x000070000555f000,0x0000700005563000] with protection modes 0
Event: 13.607 Thread 0x00007ffd282e3800 Thread added: 0x00007ffd282e3800
Event: 13.607 loading class com/sun/webkit/FileSystem
Event: 13.607 loading class com/sun/webkit/FileSystem done


Dynamic libraries:
0x00007fff2d7ab000 	/System/Library/Frameworks/Cocoa.framework/Versions/A/Cocoa
0x00007fff3ad77000 	/System/Library/Frameworks/Security.framework/Versions/A/Security
0x00007fff2c736000 	/System/Library/Frameworks/ApplicationServices.framework/Versions/A/ApplicationServices
0x00007fff6515c000 	/usr/lib/libz.1.dylib
0x000000010a2e7000 	/Library/Java/JavaVirtualMachines/amazon-corretto-11.jdk/Contents/Home/lib/jli/libjli.dylib
0x00007fff62c2f000 	/usr/lib/libSystem.B.dylib
0x00007fff2b92b000 	/System/Library/Frameworks/AppKit.framework/Versions/C/AppKit
0x00007fff2e22e000 	/System/Library/Frameworks/CoreData.framework/Versions/A/CoreData
0x00007fff30de6000 	/System/Library/Frameworks/Foundation.framework/Versions/C/Foundation
0x00007fff5f4da000 	/System/Library/PrivateFrameworks/UIFoundation.framework/Versions/A/UIFoundation
0x00007fff59cc5000 	/System/Library/PrivateFrameworks/RemoteViewServices.framework/Versions/A/RemoteViewServices
0x00007fff61f6a000 	/System/Library/PrivateFrameworks/XCTTargetBootstrap.framework/Versions/A/XCTTargetBootstrap
0x00007fff2e611000 	/System/Library/Frameworks/CoreDisplay.framework/Versions/A/CoreDisplay
0x00007fff33b5e000 	/System/Library/Frameworks/Metal.framework/Versions/A/Metal
0x00007fff480e6000 	/System/Library/PrivateFrameworks/DesktopServicesPriv.framework/Versions/A/DesktopServicesPriv
0x00007fff63d65000 	/usr/lib/liblangid.dylib
0x00007fff4723d000 	/System/Library/PrivateFrameworks/CoreSVG.framework/Versions/A/CoreSVG
0x00007fff5ca87000 	/System/Library/PrivateFrameworks/SkyLight.framework/Versions/A/SkyLight
0x00007fff2eba3000 	/System/Library/Frameworks/CoreGraphics.framework/Versions/A/CoreGraphics
0x00007fff2a4ca000 	/System/Library/Frameworks/Accelerate.framework/Versions/A/Accelerate
0x00007fff6504d000 	/usr/lib/libxml2.2.dylib
0x00007fff52e04000 	/System/Library/PrivateFrameworks/IconServices.framework/Versions/A/IconServices
0x00007fff315ca000 	/System/Library/Frameworks/IOSurface.framework/Versions/A/IOSurface
0x00007fff62767000 	/usr/lib/libDiagnosticMessagesClient.dylib
0x00007fff47f5f000 	/System/Library/PrivateFrameworks/DFRFoundation.framework/Versions/A/DFRFoundation
0x00007fff63af3000 	/usr/lib/libicucore.A.dylib
0x00007fff2ca68000 	/System/Library/Frameworks/AudioToolbox.framework/Versions/A/AudioToolbox
0x00007fff2cb4a000 	/System/Library/Frameworks/AudioUnit.framework/Versions/A/AudioUnit
0x00007fff62e30000 	/usr/lib/libauto.dylib
0x00007fff47fe0000 	/System/Library/PrivateFrameworks/DataDetectorsCore.framework/Versions/A/DataDetectorsCore
0x00007fff2d2cb000 	/System/Library/Frameworks/Carbon.framework/Versions/A/Frameworks/HIToolbox.framework/Versions/A/HIToolbox
0x00007fff39fa9000 	/System/Library/Frameworks/QuartzCore.framework/Versions/A/QuartzCore
0x00007fff2d60a000 	/System/Library/Frameworks/Carbon.framework/Versions/A/Frameworks/SpeechRecognition.framework/Versions/A/SpeechRecognition
0x00007fff478e5000 	/System/Library/PrivateFrameworks/CoreUI.framework/Versions/A/CoreUI
0x00007fff2dc94000 	/System/Library/Frameworks/CoreAudio.framework/Versions/A/CoreAudio
0x00007fff30aae000 	/System/Library/Frameworks/DiskArbitration.framework/Versions/A/DiskArbitration
0x00007fff54e18000 	/System/Library/PrivateFrameworks/MultitouchSupport.framework/Versions/A/MultitouchSupport
0x00007fff639b9000 	/usr/lib/libenergytrace.dylib
0x00007fff31525000 	/System/Library/Frameworks/IOKit.framework/Versions/A/IOKit
0x00007fff2fb11000 	/System/Library/Frameworks/CoreServices.framework/Versions/A/CoreServices
0x00007fff56f22000 	/System/Library/PrivateFrameworks/PerformanceAnalysis.framework/Versions/A/PerformanceAnalysis
0x00007fff38fdf000 	/System/Library/Frameworks/OpenGL.framework/Versions/A/OpenGL
0x00007fff64a80000 	/usr/lib/libobjc.A.dylib
0x00007fff2d7b9000 	/System/Library/Frameworks/ColorSync.framework/Versions/A/ColorSync
0x00007fff2e721000 	/System/Library/Frameworks/CoreFoundation.framework/Versions/A/CoreFoundation
0x00007fff2f22a000 	/System/Library/Frameworks/CoreImage.framework/Versions/A/CoreImage
0x00007fff30587000 	/System/Library/Frameworks/CoreText.framework/Versions/A/CoreText
0x00007fff31650000 	/System/Library/Frameworks/ImageIO.framework/Versions/A/ImageIO
0x00007fff62f15000 	/usr/lib/libc++.1.dylib
0x00007fff62f91000 	/usr/lib/libcompression.dylib
0x00007fff62aa9000 	/usr/lib/libMobileGestalt.dylib
0x00007fff5e5bc000 	/System/Library/PrivateFrameworks/TextureIO.framework/Versions/A/TextureIO
0x00007fff62d96000 	/usr/lib/libate.dylib
0x00007fff5300d000 	/System/Library/PrivateFrameworks/InternationalSupport.framework/Versions/A/InternationalSupport
0x00007fff65bd2000 	/usr/lib/system/libcache.dylib
0x00007fff65bd8000 	/usr/lib/system/libcommonCrypto.dylib
0x00007fff65be4000 	/usr/lib/system/libcompiler_rt.dylib
0x00007fff65bec000 	/usr/lib/system/libcopyfile.dylib
0x00007fff65bf6000 	/usr/lib/system/libcorecrypto.dylib
0x00007fff65da4000 	/usr/lib/system/libdispatch.dylib
0x00007fff65de6000 	/usr/lib/system/libdyld.dylib
0x00007fff65e1c000 	/usr/lib/system/libkeymgr.dylib
0x00007fff65e2a000 	/usr/lib/system/liblaunch.dylib
0x00007fff65e2b000 	/usr/lib/system/libmacho.dylib
0x00007fff65e31000 	/usr/lib/system/libquarantine.dylib
0x00007fff65e34000 	/usr/lib/system/libremovefile.dylib
0x00007fff65e36000 	/usr/lib/system/libsystem_asl.dylib
0x00007fff65e4e000 	/usr/lib/system/libsystem_blocks.dylib
0x00007fff65e4f000 	/usr/lib/system/libsystem_c.dylib
0x00007fff65ed7000 	/usr/lib/system/libsystem_configuration.dylib
0x00007fff65edb000 	/usr/lib/system/libsystem_coreservices.dylib
0x00007fff65edf000 	/usr/lib/system/libsystem_darwin.dylib
0x00007fff65ee8000 	/usr/lib/system/libsystem_dnssd.dylib
0x00007fff65ef0000 	/usr/lib/system/libsystem_featureflags.dylib
0x00007fff65ef2000 	/usr/lib/system/libsystem_info.dylib
0x00007fff65f6d000 	/usr/lib/system/libsystem_m.dylib
0x00007fff65fb5000 	/usr/lib/system/libsystem_malloc.dylib
0x00007fff65fdd000 	/usr/lib/system/libsystem_networkextension.dylib
0x00007fff65feb000 	/usr/lib/system/libsystem_notify.dylib
0x00007fff6600a000 	/usr/lib/system/libsystem_sandbox.dylib
0x00007fff6600f000 	/usr/lib/system/libsystem_secinit.dylib
0x00007fff65f40000 	/usr/lib/system/libsystem_kernel.dylib
0x00007fff65ff5000 	/usr/lib/system/libsystem_platform.dylib
0x00007fff65fff000 	/usr/lib/system/libsystem_pthread.dylib
0x00007fff66012000 	/usr/lib/system/libsystem_symptoms.dylib
0x00007fff6601a000 	/usr/lib/system/libsystem_trace.dylib
0x00007fff66032000 	/usr/lib/system/libunwind.dylib
0x00007fff66038000 	/usr/lib/system/libxpc.dylib
0x00007fff62f69000 	/usr/lib/libc++abi.dylib
0x00007fff63d67000 	/usr/lib/liblzma.5.dylib
0x00007fff639e1000 	/usr/lib/libfakelink.dylib
0x00007fff62d23000 	/usr/lib/libarchive.2.dylib
0x00007fff3bf17000 	/System/Library/Frameworks/SystemConfiguration.framework/Versions/A/SystemConfiguration
0x00007fff62698000 	/usr/lib/libCRFSuite.dylib
0x00007fff2cec0000 	/System/Library/Frameworks/CFNetwork.framework/Versions/A/CFNetwork
0x00007fff62ef7000 	/usr/lib/libbsm.0.dylib
0x00007fff65e1d000 	/usr/lib/system/libkxld.dylib
0x00007fff41a21000 	/System/Library/PrivateFrameworks/AppleFSCompression.framework/Versions/A/AppleFSCompression
0x00007fff63278000 	/usr/lib/libcoretls.dylib
0x00007fff6328f000 	/usr/lib/libcoretls_cfhelpers.dylib
0x00007fff64ac4000 	/usr/lib/libpam.2.dylib
0x00007fff64bf7000 	/usr/lib/libsqlite3.dylib
0x00007fff6503a000 	/usr/lib/libxar.1.dylib
0x00007fff62f08000 	/usr/lib/libbz2.1.0.dylib
0x00007fff63a02000 	/usr/lib/libiconv.2.dylib
0x00007fff62f7e000 	/usr/lib/libcharset.1.dylib
0x00007fff6456b000 	/usr/lib/libnetwork.dylib
0x00007fff64acb000 	/usr/lib/libpcap.A.dylib
0x00007fff62cd8000 	/usr/lib/libapple_nghttp2.dylib
0x00007fff2fec8000 	/System/Library/Frameworks/CoreServices.framework/Versions/A/Frameworks/FSEvents.framework/Versions/A/FSEvents
0x00007fff2fb98000 	/System/Library/Frameworks/CoreServices.framework/Versions/A/Frameworks/CarbonCore.framework/Versions/A/CarbonCore
0x00007fff3010b000 	/System/Library/Frameworks/CoreServices.framework/Versions/A/Frameworks/Metadata.framework/Versions/A/Metadata
0x00007fff301a4000 	/System/Library/Frameworks/CoreServices.framework/Versions/A/Frameworks/OSServices.framework/Versions/A/OSServices
0x00007fff301d2000 	/System/Library/Frameworks/CoreServices.framework/Versions/A/Frameworks/SearchKit.framework/Versions/A/SearchKit
0x00007fff2fb12000 	/System/Library/Frameworks/CoreServices.framework/Versions/A/Frameworks/AE.framework/Versions/A/AE
0x00007fff2fed1000 	/System/Library/Frameworks/CoreServices.framework/Versions/A/Frameworks/LaunchServices.framework/Versions/A/LaunchServices
0x00007fff2fe7a000 	/System/Library/Frameworks/CoreServices.framework/Versions/A/Frameworks/DictionaryServices.framework/Versions/A/DictionaryServices
0x00007fff3023a000 	/System/Library/Frameworks/CoreServices.framework/Versions/A/Frameworks/SharedFileList.framework/Versions/A/SharedFileList
0x00007fff34e33000 	/System/Library/Frameworks/NetFS.framework/Versions/A/NetFS
0x00007fff55345000 	/System/Library/PrivateFrameworks/NetAuth.framework/Versions/A/NetAuth
0x00007fff62335000 	/System/Library/PrivateFrameworks/login.framework/Versions/A/Frameworks/loginsupport.framework/Versions/A/loginsupport
0x00007fff5e0b7000 	/System/Library/PrivateFrameworks/TCC.framework/Versions/A/TCC
0x00007fff4660c000 	/System/Library/PrivateFrameworks/CoreNLP.framework/Versions/A/CoreNLP
0x00007fff54848000 	/System/Library/PrivateFrameworks/MetadataUtilities.framework/Versions/A/MetadataUtilities
0x00007fff63e3f000 	/usr/lib/libmecabra.dylib
0x00007fff63d97000 	/usr/lib/libmecab.dylib
0x00007fff639f2000 	/usr/lib/libgermantok.dylib
0x00007fff62cbf000 	/usr/lib/libThaiTokenizer.dylib
0x00007fff626d0000 	/usr/lib/libChineseTokenizer.dylib
0x00007fff2a4e2000 	/System/Library/Frameworks/Accelerate.framework/Versions/A/Frameworks/vImage.framework/Versions/A/vImage
0x00007fff2b785000 	/System/Library/Frameworks/Accelerate.framework/Versions/A/Frameworks/vecLib.framework/Versions/A/vecLib
0x00007fff2b6c9000 	/System/Library/Frameworks/Accelerate.framework/Versions/A/Frameworks/vecLib.framework/Versions/A/libvMisc.dylib
0x00007fff2b4ef000 	/System/Library/Frameworks/Accelerate.framework/Versions/A/Frameworks/vecLib.framework/Versions/A/libvDSP.dylib
0x00007fff2ab4e000 	/System/Library/Frameworks/Accelerate.framework/Versions/A/Frameworks/vecLib.framework/Versions/A/libBLAS.dylib
0x00007fff2b0a9000 	/System/Library/Frameworks/Accelerate.framework/Versions/A/Frameworks/vecLib.framework/Versions/A/libLAPACK.dylib
0x00007fff2b44f000 	/System/Library/Frameworks/Accelerate.framework/Versions/A/Frameworks/vecLib.framework/Versions/A/libLinearAlgebra.dylib
0x00007fff2b4dc000 	/System/Library/Frameworks/Accelerate.framework/Versions/A/Frameworks/vecLib.framework/Versions/A/libSparseBLAS.dylib
0x00007fff2b465000 	/System/Library/Frameworks/Accelerate.framework/Versions/A/Frameworks/vecLib.framework/Versions/A/libQuadrature.dylib
0x00007fff2adb8000 	/System/Library/Frameworks/Accelerate.framework/Versions/A/Frameworks/vecLib.framework/Versions/A/libBNNS.dylib
0x00007fff2b46b000 	/System/Library/Frameworks/Accelerate.framework/Versions/A/Frameworks/vecLib.framework/Versions/A/libSparse.dylib
0x00007fff533cc000 	/System/Library/PrivateFrameworks/LanguageModeling.framework/Versions/A/LanguageModeling
0x00007fff45fa8000 	/System/Library/PrivateFrameworks/CoreEmoji.framework/Versions/A/CoreEmoji
0x00007fff534ea000 	/System/Library/PrivateFrameworks/LinguisticData.framework/Versions/A/LinguisticData
0x00007fff5349b000 	/System/Library/PrivateFrameworks/Lexicon.framework/Versions/A/Lexicon
0x00007fff62f7f000 	/usr/lib/libcmph.dylib
0x00007fff37a05000 	/System/Library/Frameworks/OpenDirectory.framework/Versions/A/Frameworks/CFOpenDirectory.framework/Versions/A/CFOpenDirectory
0x00007fff37a22000 	/System/Library/Frameworks/OpenDirectory.framework/Versions/A/OpenDirectory
0x00007fff3fcf0000 	/System/Library/PrivateFrameworks/APFS.framework/Versions/A/APFS
0x00007fff3b0ca000 	/System/Library/Frameworks/SecurityFoundation.framework/Versions/A/SecurityFoundation
0x00007fff65036000 	/usr/lib/libutil.dylib
0x00007fff47295000 	/System/Library/PrivateFrameworks/CoreServicesStore.framework/Versions/A/CoreServicesStore
0x00007fff3b182000 	/System/Library/Frameworks/ServiceManagement.framework/Versions/A/ServiceManagement
0x00007fff431d8000 	/System/Library/PrivateFrameworks/BackgroundTaskManagement.framework/Versions/A/BackgroundTaskManagement
0x00007fff65133000 	/usr/lib/libxslt.1.dylib
0x00007fff42086000 	/System/Library/PrivateFrameworks/AppleSystemInfo.framework/Versions/A/AppleSystemInfo
0x00007fff3186d000 	/System/Library/Frameworks/ImageIO.framework/Versions/A/Resources/libJPEG.dylib
0x00007fff31b2c000 	/System/Library/Frameworks/ImageIO.framework/Versions/A/Resources/libTIFF.dylib
0x00007fff31b0f000 	/System/Library/Frameworks/ImageIO.framework/Versions/A/Resources/libPng.dylib
0x00007fff317ae000 	/System/Library/Frameworks/ImageIO.framework/Versions/A/Resources/libGIF.dylib
0x00007fff317b2000 	/System/Library/Frameworks/ImageIO.framework/Versions/A/Resources/libJP2.dylib
0x00007fff31b2a000 	/System/Library/Frameworks/ImageIO.framework/Versions/A/Resources/libRadiance.dylib
0x00007fff639ba000 	/usr/lib/libexpat.1.dylib
0x00007fff41b7c000 	/System/Library/PrivateFrameworks/AppleJPEG.framework/Versions/A/AppleJPEG
0x00007fff4a502000 	/System/Library/PrivateFrameworks/FontServices.framework/libFontParser.dylib
0x00007fff6138c000 	/System/Library/PrivateFrameworks/WatchdogClient.framework/Versions/A/WatchdogClient
0x00007fff52a59000 	/System/Library/PrivateFrameworks/IOAccelerator.framework/Versions/A/IOAccelerator
0x00007fff33eec000 	/System/Library/Frameworks/MetalPerformanceShaders.framework/Versions/A/MetalPerformanceShaders
0x00007fff4f250000 	/System/Library/PrivateFrameworks/GPUWrangler.framework/Versions/A/GPUWrangler
0x00007fff52a64000 	/System/Library/PrivateFrameworks/IOPresentment.framework/Versions/A/IOPresentment
0x00007fff47f72000 	/System/Library/PrivateFrameworks/DSExternalDisplay.framework/Versions/A/DSExternalDisplay
0x00007fff3838b000 	/System/Library/Frameworks/OpenGL.framework/Versions/A/Libraries/libCoreFSCache.dylib
0x00007fff33c3e000 	/System/Library/Frameworks/MetalPerformanceShaders.framework/Frameworks/MPSCore.framework/Versions/A/MPSCore
0x00007fff33c7b000 	/System/Library/Frameworks/MetalPerformanceShaders.framework/Frameworks/MPSImage.framework/Versions/A/MPSImage
0x00007fff33d3d000 	/System/Library/Frameworks/MetalPerformanceShaders.framework/Frameworks/MPSNeuralNetwork.framework/Versions/A/MPSNeuralNetwork
0x00007fff33d02000 	/System/Library/Frameworks/MetalPerformanceShaders.framework/Frameworks/MPSMatrix.framework/Versions/A/MPSMatrix
0x00007fff33e9d000 	/System/Library/Frameworks/MetalPerformanceShaders.framework/Frameworks/MPSRayIntersector.framework/Versions/A/MPSRayIntersector
0x00007fff33d27000 	/System/Library/Frameworks/MetalPerformanceShaders.framework/Frameworks/MPSNDArray.framework/Versions/A/MPSNDArray
0x00007fff54895000 	/System/Library/PrivateFrameworks/MetalTools.framework/Versions/A/MetalTools
0x00007fff40ea7000 	/System/Library/PrivateFrameworks/AggregateDictionary.framework/Versions/A/AggregateDictionary
0x00007fff45a32000 	/System/Library/PrivateFrameworks/CoreAnalytics.framework/Versions/A/CoreAnalytics
0x00007fff41fa4000 	/System/Library/PrivateFrameworks/AppleSauce.framework/Versions/A/AppleSauce
0x00007fff6298c000 	/usr/lib/libIOReport.dylib
0x00007fff3073c000 	/System/Library/Frameworks/CoreVideo.framework/Versions/A/CoreVideo
0x00007fff506bc000 	/System/Library/PrivateFrameworks/GraphVisualizer.framework/Versions/A/GraphVisualizer
0x00007fff49a83000 	/System/Library/PrivateFrameworks/FaceCore.framework/Versions/A/FaceCore
0x00007fff379ac000 	/System/Library/Frameworks/OpenCL.framework/Versions/A/OpenCL
0x00007fff627ae000 	/usr/lib/libFosl_dynamic.dylib
0x00007fff55d40000 	/System/Library/PrivateFrameworks/OTSVG.framework/Versions/A/OTSVG
0x00007fff2c83b000 	/System/Library/Frameworks/ApplicationServices.framework/Versions/A/Frameworks/ATS.framework/Versions/A/Resources/libFontRegistry.dylib
0x00007fff4a6d3000 	/System/Library/PrivateFrameworks/FontServices.framework/libhvf.dylib
0x00007fff38396000 	/System/Library/Frameworks/OpenGL.framework/Versions/A/Libraries/libGFXShared.dylib
0x00007fff38573000 	/System/Library/Frameworks/OpenGL.framework/Versions/A/Libraries/libGLU.dylib
0x00007fff3839f000 	/System/Library/Frameworks/OpenGL.framework/Versions/A/Libraries/libGL.dylib
0x00007fff383aa000 	/System/Library/Frameworks/OpenGL.framework/Versions/A/Libraries/libGLImage.dylib
0x00007fff38388000 	/System/Library/Frameworks/OpenGL.framework/Versions/A/Libraries/libCVMSPluginSupport.dylib
0x00007fff38391000 	/System/Library/Frameworks/OpenGL.framework/Versions/A/Libraries/libCoreVMClient.dylib
0x00007fff6440d000 	/usr/lib/libncurses.5.4.dylib
0x00007fff2c737000 	/System/Library/Frameworks/ApplicationServices.framework/Versions/A/Frameworks/ATS.framework/Versions/A/ATS
0x00007fff2c904000 	/System/Library/Frameworks/ApplicationServices.framework/Versions/A/Frameworks/ColorSyncLegacy.framework/Versions/A/ColorSyncLegacy
0x00007fff2c9a3000 	/System/Library/Frameworks/ApplicationServices.framework/Versions/A/Frameworks/HIServices.framework/Versions/A/HIServices
0x00007fff2c9fa000 	/System/Library/Frameworks/ApplicationServices.framework/Versions/A/Frameworks/LangAnalysis.framework/Versions/A/LangAnalysis
0x00007fff2ca09000 	/System/Library/Frameworks/ApplicationServices.framework/Versions/A/Frameworks/PrintCore.framework/Versions/A/PrintCore
0x00007fff2ca4f000 	/System/Library/Frameworks/ApplicationServices.framework/Versions/A/Frameworks/QD.framework/Versions/A/QD
0x00007fff2ca5a000 	/System/Library/Frameworks/ApplicationServices.framework/Versions/A/Frameworks/SpeechSynthesis.framework/Versions/A/SpeechSynthesis
0x00007fff2c8d4000 	/System/Library/Frameworks/ApplicationServices.framework/Versions/A/Frameworks/ATSUI.framework/Versions/A/ATSUI
0x00007fff6384e000 	/usr/lib/libcups.2.dylib
0x00007fff32f9b000 	/System/Library/Frameworks/Kerberos.framework/Versions/A/Kerberos
0x00007fff3121b000 	/System/Library/Frameworks/GSS.framework/Versions/A/GSS
0x00007fff64b83000 	/usr/lib/libresolv.9.dylib
0x00007fff5085d000 	/System/Library/PrivateFrameworks/Heimdal.framework/Versions/A/Heimdal
0x00007fff32fae000 	/System/Library/Frameworks/Kerberos.framework/Versions/A/Libraries/libHeimdalProxy.dylib
0x00007fff639f8000 	/usr/lib/libheimdal-asn1.dylib
0x00007fff44ed8000 	/System/Library/PrivateFrameworks/CommonAuth.framework/Versions/A/CommonAuth
0x00007fff42123000 	/System/Library/PrivateFrameworks/AssertionServices.framework/Versions/A/AssertionServices
0x00007fff42cc6000 	/System/Library/PrivateFrameworks/AudioToolboxCore.framework/Versions/A/AudioToolboxCore
0x00007fff61fe6000 	/System/Library/PrivateFrameworks/caulk.framework/Versions/A/caulk
0x00007fff43284000 	/System/Library/PrivateFrameworks/BaseBoard.framework/Versions/A/BaseBoard
0x00007fff59e54000 	/System/Library/PrivateFrameworks/RunningBoardServices.framework/Versions/A/RunningBoardServices
0x00007fff56f2e000 	/System/Library/PrivateFrameworks/PersistentConnection.framework/Versions/A/PersistentConnection
0x00007fff598a3000 	/System/Library/PrivateFrameworks/ProtocolBuffer.framework/Versions/A/ProtocolBuffer
0x00007fff44efd000 	/System/Library/PrivateFrameworks/CommonUtilities.framework/Versions/A/CommonUtilities
0x00007fff43407000 	/System/Library/PrivateFrameworks/Bom.framework/Versions/A/Bom
0x00007fff6265b000 	/usr/lib/libAudioToolboxUtility.dylib
0x00007fff431e2000 	/System/Library/PrivateFrameworks/Backup.framework/Versions/A/Backup
0x00007fff47ce2000 	/System/Library/PrivateFrameworks/CrashReporterSupport.framework/Versions/A/CrashReporterSupport
0x00007fff5b94b000 	/System/Library/PrivateFrameworks/Sharing.framework/Versions/A/Sharing
0x00007fff418c7000 	/System/Library/PrivateFrameworks/Apple80211.framework/Versions/A/Apple80211
0x00007fff42f04000 	/System/Library/PrivateFrameworks/AuthKit.framework/Versions/A/AuthKit
0x00007fff47a12000 	/System/Library/PrivateFrameworks/CoreUtils.framework/Versions/A/CoreUtils
0x00007fff30781000 	/System/Library/Frameworks/CoreWLAN.framework/Versions/A/CoreWLAN
0x00007fff313a6000 	/System/Library/Frameworks/IOBluetooth.framework/Versions/A/IOBluetooth
0x00007fff54b93000 	/System/Library/PrivateFrameworks/MobileKeyBag.framework/Versions/A/MobileKeyBag
0x00007fff46ae8000 	/System/Library/PrivateFrameworks/CorePhoneNumbers.framework/Versions/A/CorePhoneNumbers
0x00007fff41b2f000 	/System/Library/PrivateFrameworks/AppleIDAuthSupport.framework/Versions/A/AppleIDAuthSupport
0x00007fff34e40000 	/System/Library/Frameworks/Network.framework/Versions/A/Network
0x00007fff53254000 	/System/Library/PrivateFrameworks/KeychainCircle.framework/Versions/A/KeychainCircle
0x00007fff2e1f6000 	/System/Library/Frameworks/CoreBluetooth.framework/Versions/A/CoreBluetooth
0x00007fff5d5c7000 	/System/Library/PrivateFrameworks/SpeechRecognitionCore.framework/Versions/A/SpeechRecognitionCore
0x000000010bc00000 	/Library/Java/JavaVirtualMachines/amazon-corretto-11.jdk/Contents/Home/lib/server/libjvm.dylib
0x000000010a30e000 	/Library/Java/JavaVirtualMachines/amazon-corretto-11.jdk/Contents/Home/lib/libverify.dylib
0x000000010a31a000 	/Library/Java/JavaVirtualMachines/amazon-corretto-11.jdk/Contents/Home/lib/libjava.dylib
0x000000010a35b000 	/Library/Java/JavaVirtualMachines/amazon-corretto-11.jdk/Contents/Home/lib/libinstrument.dylib
0x000000010a3df000 	/Library/Java/JavaVirtualMachines/amazon-corretto-11.jdk/Contents/Home/lib/libzip.dylib
0x000000010a3e7000 	/Library/Java/JavaVirtualMachines/amazon-corretto-11.jdk/Contents/Home/lib/libjimage.dylib
0x000000012bbb2000 	/Library/Java/JavaVirtualMachines/amazon-corretto-11.jdk/Contents/Home/lib/libnio.dylib
0x000000012bbc0000 	/Library/Java/JavaVirtualMachines/amazon-corretto-11.jdk/Contents/Home/lib/libnet.dylib
0x000000012bc5d000 	/Library/Java/JavaVirtualMachines/amazon-corretto-11.jdk/Contents/Home/lib/libextnet.dylib
0x000000012bcc4000 	/Library/Java/JavaVirtualMachines/amazon-corretto-11.jdk/Contents/Home/lib/libawt.dylib
0x000000012bd5f000 	/Library/Java/JavaVirtualMachines/amazon-corretto-11.jdk/Contents/Home/lib/libmlib_image.dylib
0x00007fff32f84000 	/System/Library/Frameworks/JavaVM.framework/Versions/A/Frameworks/JavaNativeFoundation.framework/Versions/A/JavaNativeFoundation
0x00007fff32f8d000 	/System/Library/Frameworks/JavaVM.framework/Versions/A/Frameworks/JavaRuntimeSupport.framework/Versions/A/JavaRuntimeSupport
0x00007fff32f96000 	/System/Library/Frameworks/JavaVM.framework/Versions/A/JavaVM
0x00007fff530b7000 	/System/Library/PrivateFrameworks/JavaLaunching.framework/Versions/A/JavaLaunching
0x00007fff2d2c6000 	/System/Library/Frameworks/Carbon.framework/Versions/A/Carbon
0x00007fff477c6000 	/System/Library/PrivateFrameworks/CoreSymbolication.framework/Versions/A/CoreSymbolication
0x00007fff2d2c7000 	/System/Library/Frameworks/Carbon.framework/Versions/A/Frameworks/CommonPanels.framework/Versions/A/CommonPanels
0x00007fff2d5c0000 	/System/Library/Frameworks/Carbon.framework/Versions/A/Frameworks/Help.framework/Versions/A/Help
0x00007fff2d5c4000 	/System/Library/Frameworks/Carbon.framework/Versions/A/Frameworks/ImageCapture.framework/Versions/A/ImageCapture
0x00007fff2d5cb000 	/System/Library/Frameworks/Carbon.framework/Versions/A/Frameworks/OpenScripting.framework/Versions/A/OpenScripting
0x00007fff2d5ca000 	/System/Library/Frameworks/Carbon.framework/Versions/A/Frameworks/Ink.framework/Versions/A/Ink
0x00007fff2d606000 	/System/Library/Frameworks/Carbon.framework/Versions/A/Frameworks/Print.framework/Versions/A/Print
0x00007fff2d607000 	/System/Library/Frameworks/Carbon.framework/Versions/A/Frameworks/SecurityHI.framework/Versions/A/SecurityHI
0x00007fff480a7000 	/System/Library/PrivateFrameworks/DebugSymbols.framework/Versions/A/DebugSymbols
0x000000012bdca000 	/Library/Java/JavaVirtualMachines/amazon-corretto-11.jdk/Contents/Home/lib/libawt_lwawt.dylib
0x000000012be79000 	/Library/Java/JavaVirtualMachines/amazon-corretto-11.jdk/Contents/Home/lib/libosxapp.dylib
0x00007fff30c89000 	/System/Library/Frameworks/ExceptionHandling.framework/Versions/A/ExceptionHandling
0x000000012bfc9000 	/Library/Java/JavaVirtualMachines/amazon-corretto-11.jdk/Contents/Home/lib/libfontmanager.dylib
0x000000012c0cb000 	/Library/Java/JavaVirtualMachines/amazon-corretto-11.jdk/Contents/Home/lib/libfreetype.dylib
0x00007fff47261000 	/System/Library/PrivateFrameworks/CoreServicesInternal.framework/Versions/A/CoreServicesInternal
0x00007fff30ca8000 	/System/Library/Frameworks/FileProvider.framework/Versions/A/FileProvider
0x00007fff2b786000 	/System/Library/Frameworks/Accounts.framework/Versions/A/Accounts
0x00007fff4f572000 	/System/Library/PrivateFrameworks/GenerationalStorage.framework/Versions/A/GenerationalStorage
0x00007fff5ddf8000 	/System/Library/PrivateFrameworks/SymptomDiagnosticReporter.framework/Versions/A/SymptomDiagnosticReporter
0x00007fff413b8000 	/System/Library/PrivateFrameworks/AppContainer.framework/Versions/A/AppContainer
0x00007fff64b9d000 	/usr/lib/libsandbox.1.dylib
0x00007fff60328000 	/System/Library/PrivateFrameworks/UserManagement.framework/Versions/A/UserManagement
0x00007fff43fc9000 	/System/Library/PrivateFrameworks/ChunkingLibrary.framework/Versions/A/ChunkingLibrary
0x00007fff4142a000 	/System/Library/PrivateFrameworks/AppSandbox.framework/Versions/A/AppSandbox
0x00007fff5b7d5000 	/System/Library/PrivateFrameworks/SecCodeWrapper.framework/Versions/A/SecCodeWrapper
0x00007fff62a72000 	/usr/lib/libMatch.1.dylib
0x00007fff22da6000 	/System/Library/CoreServices/RawCamera.bundle/Contents/MacOS/RawCamera
0x00007fff549bd000 	/System/Library/PrivateFrameworks/MobileAsset.framework/Versions/A/MobileAsset
0x00007fff5dca6000 	/System/Library/PrivateFrameworks/StreamingZip.framework/Versions/A/StreamingZip
0x00007fff33417000 	/System/Library/Frameworks/MediaToolbox.framework/Versions/A/MediaToolbox
0x00007fff459e1000 	/System/Library/PrivateFrameworks/CoreAVCHD.framework/Versions/A/CoreAVCHD
0x00007fff33341000 	/System/Library/Frameworks/MediaAccessibility.framework/Versions/A/MediaAccessibility
0x00007fff53d88000 	/System/Library/PrivateFrameworks/Mangrove.framework/Versions/A/Mangrove
0x00007fff2f94b000 	/System/Library/Frameworks/CoreMedia.framework/Versions/A/CoreMedia
0x00007fff53ff4000 	/System/Library/PrivateFrameworks/MediaExperience.framework/Versions/A/MediaExperience
0x00007fff3c1fd000 	/System/Library/Frameworks/VideoToolbox.framework/Versions/A/VideoToolbox
0x00007fff4560b000 	/System/Library/PrivateFrameworks/CoreAUC.framework/Versions/A/CoreAUC
0x00007fff64bf5000 	/usr/lib/libspindump.dylib
0x00007fff42671000 	/System/Library/PrivateFrameworks/AudioResourceArbitration.framework/Versions/A/AudioResourceArbitration
0x00007fff4208a000 	/System/Library/PrivateFrameworks/AppleVA.framework/Versions/A/AppleVA
0x00007fff2a4cb000 	/System/Library/Frameworks/Accelerate.framework/Versions/A/Frameworks/vImage.framework/Versions/A/Libraries/libCGInterfaces.dylib
0x000000012da9e000 	/usr/lib/libobjc-trampolines.dylib
0x00007fff4a63a000 	/System/Library/PrivateFrameworks/FontServices.framework/libTrueTypeScaler.dylib
0x00007fff22fb5000 	/System/Library/Extensions/AMDMTLBronzeDriver.bundle/Contents/MacOS/AMDMTLBronzeDriver
0x00007fff52a4f000 	/System/Library/PrivateFrameworks/IOAccelMemoryInfo.framework/Versions/A/IOAccelMemoryInfo
0x00007fff273ef000 	/System/Library/Extensions/AppleIntelKBLGraphicsMTLDriver.bundle/Contents/MacOS/AppleIntelKBLGraphicsMTLDriver
0x00007fff4dba8000 	/System/Library/PrivateFrameworks/GPUCompiler.framework/Versions/3902/Libraries/libmetal_timestamp.dylib
0x00007fff610fc000 	/System/Library/PrivateFrameworks/ViewBridge.framework/Versions/A/ViewBridge
0x00007fff62338000 	/System/Library/PrivateFrameworks/login.framework/Versions/A/login
0x000000012db11000 	/Library/Java/JavaVirtualMachines/amazon-corretto-11.jdk/Contents/Home/lib/libprefs.dylib
0x00007fff38fef000 	/System/Library/Frameworks/OpenGL.framework/Versions/A/Resources/GLEngine.bundle/GLEngine
0x00007fff383e0000 	/System/Library/Frameworks/OpenGL.framework/Versions/A/Libraries/libGLProgrammability.dylib
0x00007fff265c6000 	/System/Library/Extensions/AppleIntelKBLGraphicsGLDriver.bundle/Contents/MacOS/AppleIntelKBLGraphicsGLDriver
0x00007fff4f244000 	/System/Library/PrivateFrameworks/GPUSupport.framework/Versions/A/Libraries/libGPUSupportMercury.dylib
0x000000012eb96000 	/System/Library/Extensions/AMDRadeonX4000GLDriver.bundle/Contents/MacOS/AMDRadeonX4000GLDriver
0x00007fff230d6000 	/System/Library/Extensions/AMDRadeonX4000GLDriver.bundle/Contents/MacOS/ATIRadeonX4000SCLib.dylib
0x00007fff246fb000 	/System/Library/Extensions/AMDShared.bundle/Contents/PlugIns/libSC.dylib
0x00007fff39169000 	/System/Library/Frameworks/OpenGL.framework/Versions/A/Resources/GLRendererFloat.bundle/GLRendererFloat
0x00007fff379a3000 	/System/Library/Frameworks/OpenCL.framework/Versions/A/Libraries/libcldcpuengine.dylib
0x00007fff63433000 	/usr/lib/libcrypto.35.dylib
0x00007fff5e800000 	/System/Library/PrivateFrameworks/TrustEvaluationAgent.framework/Versions/A/TrustEvaluationAgent
0x000000012e688000 	/Library/Java/JavaVirtualMachines/amazon-corretto-11.jdk/Contents/Home/lib/libosxui.dylib
0x000000016144c000 	/Library/Java/JavaVirtualMachines/amazon-corretto-11.jdk/Contents/Home/lib/libjavajpeg.dylib
0x00000001613bc000 	/Library/Java/JavaVirtualMachines/amazon-corretto-11.jdk/Contents/Home/lib/libsunec.dylib
0x00000001611d7000 	/Users/adventure/.codenameone/javafx/lib/libprism_es2.dylib
0x000000016183c000 	/Users/adventure/.codenameone/javafx/lib/libglass.dylib
0x00000001657d9000 	/Users/adventure/.codenameone/javafx/lib/libjfxwebkit.dylib
0x000000014e499000 	/Users/adventure/.codenameone/javafx/lib/libjavafx_font.dylib
0x0000000162104000 	/Users/adventure/.codenameone/javafx/lib/libjavafx_iio.dylib
0x0000000171300000 	/Users/adventure/.codenameone/javafx/lib/libglib-lite.dylib
0x00007fff639e4000 	/usr/lib/libffi.dylib
0x0000000171435000 	/Users/adventure/.codenameone/javafx/lib/libgstreamer-lite.dylib
0x0000000162a93000 	/Users/adventure/.codenameone/javafx/lib/libjfxmedia.dylib
0x0000000162ac8000 	/Users/adventure/.codenameone/javafx/lib/libjfxmedia_avf.dylib
0x00007fff2a0e4000 	/System/Library/Frameworks/AVFoundation.framework/Versions/A/AVFoundation
0x00007fff2a2de000 	/System/Library/Frameworks/AVFoundation.framework/Versions/A/Frameworks/AVFAudio.framework/Versions/A/AVFAudio
0x00007fff2fa26000 	/System/Library/Frameworks/CoreMediaIO.framework/Versions/A/CoreMediaIO
0x00007fff6264e000 	/usr/lib/libAudioStatistics.dylib
0x00007fff6237d000 	/System/Library/PrivateFrameworks/perfdata.framework/Versions/A/perfdata
0x00007fff64b3f000 	/usr/lib/libperfcheck.dylib
0x00007fff62b3d000 	/usr/lib/libSMC.dylib


VM Arguments:
jvm_args: -Xms128m -Xmx2048m -XX:ReservedCodeCacheSize=240m -XX:+UseConcMarkSweepGC -XX:SoftRefLRUPolicyMSPerMB=50 -ea -XX:CICompilerCount=2 -Dsun.io.useCanonPrefixCache=false -Djava.net.preferIPv4Stack=true -Djdk.http.auth.tunneling.disabledSchemes="" -XX:+HeapDumpOnOutOfMemoryError -XX:-OmitStackTraceInFastThrow -Djdk.attach.allowAttachSelf=true -Dkotlinx.coroutines.debug=off -Djdk.module.illegalAccess.silent=true -XX:+UseCompressedOops -Dfile.encoding=UTF-8 -XX:ErrorFile=$USER_HOME/java_error_in_idea_%p.log -XX:HeapDumpPath=$USER_HOME/java_error_in_idea.hprof -Dapple.laf.useScreenMenuBar=true -javaagent:/Applications/IntelliJ IDEA CE.app/Contents/lib/idea_rt.jar=50124:/Applications/IntelliJ IDEA CE.app/Contents/bin 
java_command: com.codename1.impl.javase.Simulator com.codename1.demos.kitchen.MyApplication
java_class_path (initial): /Users/adventure/Desktop/kitchesinkdemo/out/production/kitchesinkdemo:/Users/adventure/Desktop/kitchesinkdemo/src:/Users/adventure/Desktop/kitchesinkdemo/lib/CodenameOne.jar:/Users/adventure/Desktop/kitchesinkdemo/JavaSE.jar:native/internal_tmp:lib/impl/cls
Launcher Type: SUN_STANDARD

[Global flags]
     intx CICompilerCount                          = 2                                         {product} {command line}
    ccstr ErrorFile                                = $USER_HOME/java_error_in_idea_%p.log            {product} {command line}
     bool HeapDumpOnOutOfMemoryError               = true                                   {manageable} {command line}
    ccstr HeapDumpPath                             = $USER_HOME/java_error_in_idea.hprof         {manageable} {command line}
   size_t InitialHeapSize                          = 134217728                                 {product} {command line}
   size_t MaxHeapSize                              = 2147483648                                {product} {command line}
   size_t MaxNewSize                               = 715784192                                 {product} {ergonomic}
    uintx MaxTenuringThreshold                     = 6                                         {product} {ergonomic}
   size_t MinHeapDeltaBytes                        = 196608                                    {product} {ergonomic}
   size_t NewSize                                  = 44695552                                  {product} {ergonomic}
    uintx NonNMethodCodeHeapSize                   = 5825164                                {pd product} {ergonomic}
    uintx NonProfiledCodeHeapSize                  = 122916538                              {pd product} {ergonomic}
   size_t OldSize                                  = 89522176                                  {product} {ergonomic}
     bool OmitStackTraceInFastThrow                = false                                     {product} {command line}
    uintx ProfiledCodeHeapSize                     = 122916538                              {pd product} {ergonomic}
    uintx ReservedCodeCacheSize                    = 251658240                              {pd product} {command line}
     bool SegmentedCodeCache                       = true                                      {product} {ergonomic}
     intx SoftRefLRUPolicyMSPerMB                  = 50                                        {product} {command line}
     bool UseCompressedClassPointers               = true                                 {lp64_product} {ergonomic}
     bool UseCompressedOops                        = true                                 {lp64_product} {command line}
     bool UseConcMarkSweepGC                       = true                                      {product} {command line}

Logging:
Log output configuration:
 #0: stdout all=warning uptime,level,tags
 #1: stderr all=off uptime,level,tags

Environment Variables:
JAVA_HOME=/Library/Java/JavaVirtualMachines/amazon-corretto-11.jdk/Contents/Home
PATH=/usr/local/bin:/Library/Frameworks/Python.framework/Versions/3.7/bin:/usr/local/bin:/usr/bin:/bin:/usr/sbin:/sbin:/Users/adventure/dev/flutter/bin:/Users/adventure/Library/Android/sdk/tools:/Users/adventure/Library/Android/sdk/platform-tools
SHELL=/bin/zsh

Signal Handlers:
SIGSEGV: [libjvm.dylib+0x7577d8], sa_mask[0]=11111111011111110111111111111111, sa_flags=SA_ONSTACK|SA_RESTART|SA_SIGINFO
SIGBUS: [libjvm.dylib+0x7577d8], sa_mask[0]=11111111011111110111111111111111, sa_flags=SA_RESTART|SA_SIGINFO
SIGFPE: [libjvm.dylib+0x7577d8], sa_mask[0]=11111111011111110111111111111111, sa_flags=SA_RESTART|SA_SIGINFO
SIGPIPE: [libjvm.dylib+0x5fbe5c], sa_mask[0]=11111111011111110111111111111111, sa_flags=SA_RESTART|SA_SIGINFO
SIGXFSZ: [libjvm.dylib+0x5fbe5c], sa_mask[0]=11111111011111110111111111111111, sa_flags=SA_RESTART|SA_SIGINFO
SIGILL: [libjvm.dylib+0x7577d8], sa_mask[0]=11111111011111110111111111111111, sa_flags=SA_RESTART|SA_SIGINFO
SIGUSR2: [libjvm.dylib+0x5fc45a], sa_mask[0]=00100000000000000000000000000000, sa_flags=SA_RESTART|SA_SIGINFO
SIGHUP: [libjvm.dylib+0x5faf37], sa_mask[0]=11111111011111110111111111111111, sa_flags=SA_RESTART|SA_SIGINFO
SIGINT: [libjvm.dylib+0x5faf37], sa_mask[0]=11111111011111110111111111111111, sa_flags=SA_RESTART|SA_SIGINFO
SIGTERM: [libjvm.dylib+0x5faf37], sa_mask[0]=11111111011111110111111111111111, sa_flags=SA_RESTART|SA_SIGINFO
SIGQUIT: [libjvm.dylib+0x5faf37], sa_mask[0]=11111111011111110111111111111111, sa_flags=SA_RESTART|SA_SIGINFO


---------------  S Y S T E M  ---------------

OS:uname:Darwin 19.2.0 Darwin Kernel Version 19.2.0: Sat Nov  9 03:47:04 PST 2019; root:xnu-6153.61.1~20/RELEASE_X86_64 x86_64
rlimit: STACK 8192k, CORE 0k, NPROC 2784, NOFILE 10240, AS infinity, DATA infinity, FSIZE infinity
load average:2.30 1.66 1.59

CPU:total 12 (initial active 12) (6 cores per cpu, 2 threads per core) family 6 model 158 stepping 10, cmov, cx8, fxsr, mmx, sse, sse2, sse3, ssse3, sse4.1, sse4.2, popcnt, avx, avx2, aes, clmul, erms, 3dnowpref, lzcnt, ht, tsc, tscinvbit, bmi1, bmi2, adx, fma

Memory: 4k page, physical 16777216k(1842284k free), swap 0k(0k free)

vm_info: OpenJDK 64-Bit Server VM (11.0.5+10-LTS) for bsd-amd64 JRE (11.0.5+10-LTS), built on Nov 12 2019 17:01:34 by "root" with gcc 4.2.1 Compatible Apple LLVM 8.0.0 (clang-800.0.42.1)

END.
