#
# A fatal error has been detected by the Java Runtime Environment:
#
#  SIGSEGV (0xb) at pc=0x00000001115e96f6, pid=2482, tid=104979
#
# JRE version: OpenJDK Runtime Environment (11.0.5+10) (build 11.0.5+10-LTS)
# Java VM: OpenJDK 64-Bit Server VM (11.0.5+10-LTS, mixed mode, tiered, compressed oops, concurrent mark sweep gc, bsd-amd64)
# Problematic frame:
# V  [libjvm.dylib+0x3e96f6]  jni_CallStaticBooleanMethodV+0x7c
#
# No core dump will be written. Core dumps have been disabled. To enable core dumping, try "ulimit -c unlimited" before starting Java again
#
# If you would like to submit a bug report, please visit:
#   http://bugreport.java.com/bugreport/crash.jsp
#

---------------  S U M M A R Y ------------

Command Line: -Xms128m -Xmx2048m -XX:ReservedCodeCacheSize=240m -XX:+UseConcMarkSweepGC -XX:SoftRefLRUPolicyMSPerMB=50 -ea -XX:CICompilerCount=2 -Dsun.io.useCanonPrefixCache=false -Djava.net.preferIPv4Stack=true -Djdk.http.auth.tunneling.disabledSchemes="" -XX:+HeapDumpOnOutOfMemoryError -XX:-OmitStackTraceInFastThrow -Djdk.attach.allowAttachSelf=true -Dkotlinx.coroutines.debug=off -Djdk.module.illegalAccess.silent=true -XX:+UseCompressedOops -Dfile.encoding=UTF-8 -XX:ErrorFile=$USER_HOME/java_error_in_idea_%p.log -XX:HeapDumpPath=$USER_HOME/java_error_in_idea.hprof -Dapple.laf.useScreenMenuBar=true -javaagent:/Applications/IntelliJ IDEA CE.app/Contents/lib/idea_rt.jar=51200:/Applications/IntelliJ IDEA CE.app/Contents/bin com.codename1.impl.javase.Simulator com.codename1.demos.kitchen.MyApplication

Host: MacBookPro15,1 x86_64 2200 MHz, 12 cores, 16G, Darwin 19.2.0
Time: Sat Dec 28 10:29:26 2019 +0545 elapsed time: 26 seconds (0d 0h 0m 26s)

---------------  T H R E A D  ---------------

Current thread (0x00007fd9e3d3a800):  JavaThread "Thread-8" daemon [_thread_in_vm, id=104979, stack(0x000070000c8b7000,0x000070000c937000)]

Stack: [0x000070000c8b7000,0x000070000c937000],  sp=0x000070000c936be0,  free space=510k
Native frames: (J=compiled Java code, A=aot compiled Java code, j=interpreted, Vv=VM code, C=native code)
V  [libjvm.dylib+0x3e96f6]  jni_CallStaticBooleanMethodV+0x7c
C  [libjfxwebkit.dylib+0x9746]  JNIEnv_::CallStaticBooleanMethod(_jclass*, _jmethodID*, ...)+0x86
C  [libjfxwebkit.dylib+0x15884e8]  WebCore::FileSystem::makeAllDirectories(WTF::String const&)+0x268
C  [libjfxwebkit.dylib+0x22d12]  WebCore::StorageSyncManager::fullDatabaseFilename(WTF::String const&)+0x22
C  [libjfxwebkit.dylib+0x1f0d6]  WebKit::StorageAreaSync::openDatabase(WebKit::StorageAreaSync::OpenDatabaseParamType)+0x36
C  [libjfxwebkit.dylib+0x1f6ee]  WebKit::StorageAreaSync::performImport()+0x1e
C  [libjfxwebkit.dylib+0x23619]  WebCore::StorageThread::threadEntryPoint()+0x89
C  [libjfxwebkit.dylib+0x1a802b4]  WTF::Thread::entryPoint(WTF::Thread::NewThreadContext*)+0xe4
C  [libjfxwebkit.dylib+0x1ab68d9]  WTF::wtfThreadEntryPoint(void*)+0x9
C  [libsystem_pthread.dylib+0x5e65]  _pthread_start+0x94
C  [libsystem_pthread.dylib+0x183b]  thread_start+0xf


siginfo: si_signo: 11 (SIGSEGV), si_code: 1 (SEGV_MAPERR), si_addr: 0x0000000000000000

Register to memory mapping:

RAX=0x0 is NULL
RBX=0x00007fd9e3d3a800 is a thread
RCX=0x00007fd9e520e518 points into unknown readable memory: 90 0b b2 80 07 00 00 00
RDX=0x0 is NULL
RSP=0x000070000c936be0 is pointing into the stack for thread: 0x00007fd9e3d3a800
RBP=0x000070000c936c80 is pointing into the stack for thread: 0x00007fd9e3d3a800
RSI=0x0 is NULL
RDI=0x00007fd9e3d3ab40 points into unknown readable memory: 70 a7 b0 11 01 00 00 00
R8 =0x000000000000000a is an unknown value
R9 =0x00007fd9e3d3a800 is a thread
R10=0x0000000111adc820: _ZTV7CMSHeap+0x10 in /Library/Java/JavaVirtualMachines/amazon-corretto-11.jdk/Contents/Home/lib/server/libjvm.dylib at 0x0000000111200000
R11=0x0 is NULL
R12=0x0 is NULL
R13=0x000070000c936d40 is pointing into the stack for thread: 0x00007fd9e3d3a800
R14=0x0 is NULL
R15=0x00007fd9e3d3ab40 points into unknown readable memory: 70 a7 b0 11 01 00 00 00


Registers:
RAX=0x0000000000000000, RBX=0x00007fd9e3d3a800, RCX=0x00007fd9e520e518, RDX=0x0000000000000000
RSP=0x000070000c936be0, RBP=0x000070000c936c80, RSI=0x0000000000000000, RDI=0x00007fd9e3d3ab40
R8 =0x000000000000000a, R9 =0x00007fd9e3d3a800, R10=0x0000000111adc820, R11=0x0000000000000000
R12=0x0000000000000000, R13=0x000070000c936d40, R14=0x0000000000000000, R15=0x00007fd9e3d3ab40
RIP=0x00000001115e96f6, EFLAGS=0x0000000000010206, ERR=0x0000000000000004
  TRAPNO=0x000000000000000e

Top of Stack: (sp=0x000070000c936be0)
0x000070000c936be0:   000070000c936c00 000000011191e087
0x000070000c936bf0:   b9b4b61baf8d008d 00007fd9e3d3a800
0x000070000c936c00:   000070000c936c30 000000011191e060
0x000070000c936c10:   0000000000000001 00007fd9e3d3a908
0x000070000c936c20:   00007fd900000004 0000000000000004
0x000070000c936c30:   00007fd9e3d3a800 00007fd9e520e510
0x000070000c936c40:   0000000000000533 00000001119baa77
0x000070000c936c50:   00007fd9e3d3a800 0000000000000000
0x000070000c936c60:   000000016e2824b0 00007fd9e3d3ab40
0x000070000c936c70:   00000001767305e0 0000000000000000
0x000070000c936c80:   000070000c936d60 000000016acff746
0x000070000c936c90:   0000000111b60201 00007fd9e3d3a800
0x000070000c936ca0:   000070000c936cc0 00007fd9e5106b90
0x000070000c936cb0:   000000000000000a 00007fd9e3d3a800
0x000070000c936cc0:   000070000c936d20 00000001115ee597
0x000070000c936cd0:   00007fd9e3d3a800 00007fd9e520e510
0x000070000c936ce0:   0000700000000533 00000001119baa77
0x000070000c936cf0:   00007fd9e3d3a800 0000000000000000
0x000070000c936d00:   0000000000000039 00000001767305e0
0x000070000c936d10:   00000001767305e0 000070000c936d78
0x000070000c936d20:   000070000c936d60 000000016c7ad38a
0x000070000c936d30:   0000000000000001 0000000000000000
0x000070000c936d40:   0000003000000018 000070000c936d70
0x000070000c936d50:   000070000c936c90 b9b4b61baf8d008d
0x000070000c936d60:   000070000c936db0 000000016c27e4e8
0x000070000c936d70:   00007fd9e3439c50 00007fd9e5106b90
0x000070000c936d80:   00007fd9e3d3ab40 00000001767305e0
0x000070000c936d90:   000070000c936f30 0000000176a5c000
0x000070000c936da0:   000070000c936e28 0000000176a5c0c0
0x000070000c936db0:   000070000c936df0 000000016ad18d12
0x000070000c936dc0:   b9b4b61baf8d008d 0000000780b1e590
0x000070000c936dd0:   000070000c936e50 000070000c936e28 

Instructions: (pc=0x00000001115e96f6)
0x00000001115e95f6:   0f 1f 40 00 48 83 7d 90 00 74 09 48 8d 7d 88 e8
0x00000001115e9606:   7c b1 24 00 48 8b 9b f0 00 00 00 4c 8b 73 08 48
0x00000001115e9616:   8b 43 10 48 83 38 00 74 19 48 8b 73 28 4c 89 f7
0x00000001115e9626:   e8 77 ec cf ff 48 8b 7b 10 e8 32 eb cf ff 48 8b
0x00000001115e9636:   43 10 49 89 46 10 48 8b 43 18 49 89 46 18 48 8b
0x00000001115e9646:   43 20 49 89 46 20 48 8d 7d a8 e8 ab 44 33 00 4c
0x00000001115e9656:   3b 6d d0 75 1a f2 0f 10 85 78 fe ff ff 48 81 c4
0x00000001115e9666:   68 01 00 00 5b 41 5c 41 5d 41 5e 41 5f 5d c3 e8
0x00000001115e9676:   da 58 39 00 55 48 89 e5 41 57 41 56 41 55 41 54
0x00000001115e9686:   53 48 83 ec 78 49 89 cd 49 89 d6 49 89 f4 49 89
0x00000001115e9696:   ff 49 8d 9f c0 fc ff ff b8 55 21 ff ff 41 03 87
0x00000001115e96a6:   90 00 00 00 83 f8 02 72 0a 48 89 df e8 8d 5f 31
0x00000001115e96b6:   00 31 db 48 8d 7d d0 48 89 de e8 bb 43 33 00 48
0x00000001115e96c6:   89 5d b0 48 c7 45 b8 00 00 00 00 48 83 7b 08 00
0x00000001115e96d6:   74 09 48 8d 7d b0 e8 59 b0 24 00 4c 89 ff 4c 89
0x00000001115e96e6:   e6 4c 89 f2 90 0f 1f 40 00 c7 45 a0 04 00 00 00
0x00000001115e96f6:   49 8b 06 48 8b 40 08 48 8b 48 08 0f b7 40 2c 48
0x00000001115e9706:   8b 74 c1 40 48 8d bd 60 ff ff ff e8 f6 cd 29 00
0x00000001115e9716:   c7 85 78 ff ff ff 63 00 00 00 48 c7 45 80 00 00
0x00000001115e9726:   00 00 48 8d 05 69 18 52 00 48 89 85 60 ff ff ff
0x00000001115e9736:   49 8b 45 10 48 89 45 98 49 8b 45 00 49 8b 4d 08
0x00000001115e9746:   48 89 4d 90 48 89 45 88 41 f6 c4 01 75 0b 4c 89
0x00000001115e9756:   e7 ff 15 23 04 52 00 eb 0c 49 ff cc 4c 89 e7 ff
0x00000001115e9766:   15 95 ac 51 00 48 89 c7 e8 ef ea fb ff 48 8b 08
0x00000001115e9776:   48 89 c7 48 89 de ff 91 b0 00 00 00 31 ff 48 83
0x00000001115e9786:   7b 08 00 41 bc 00 00 00 00 75 2f 48 8d 75 a0 48
0x00000001115e9796:   8d 8d 60 ff ff ff 4c 89 ff 4c 89 f2 49 89 d8 e8
0x00000001115e97a6:   a4 ec ff ff 31 ff 48 83 7b 08 00 41 bc 00 00 00
0x00000001115e97b6:   00 75 07 0f b6 7d a8 41 88 fc 90 0f 1f 40 00 48
0x00000001115e97c6:   83 7d b8 00 74 09 48 8d 7d b0 e8 b1 af 24 00 48
0x00000001115e97d6:   8b 9b f0 00 00 00 4c 8b 73 08 48 8b 43 10 48 83
0x00000001115e97e6:   38 00 74 19 48 8b 73 28 4c 89 f7 e8 ac ea cf ff 


Stack slot to memory mapping:
stack at sp + 0 slots: 0x000070000c936c00 is pointing into the stack for thread: 0x00007fd9e3d3a800
stack at sp + 1 slots: 0x000000011191e087: _ZN6Atomic4loadIPVvEET_PVKS3_+0x17 in /Library/Java/JavaVirtualMachines/amazon-corretto-11.jdk/Contents/Home/lib/server/libjvm.dylib at 0x0000000111200000
stack at sp + 2 slots: 0xb9b4b61baf8d008d is an unknown value
stack at sp + 3 slots: 0x00007fd9e3d3a800 is a thread
stack at sp + 4 slots: 0x000070000c936c30 is pointing into the stack for thread: 0x00007fd9e3d3a800
stack at sp + 5 slots: 0x000000011191e060: _ZN11OrderAccess12ordered_loadIPVvL15ScopedFenceType0EEET_PVKS4_+0x30 in /Library/Java/JavaVirtualMachines/amazon-corretto-11.jdk/Contents/Home/lib/server/libjvm.dylib at 0x0000000111200000
stack at sp + 6 slots: 0x0000000000000001 is an unknown value
stack at sp + 7 slots: 0x00007fd9e3d3a908 points into unknown readable memory: 00 00 97 0f 01 00 00 00


---------------  P R O C E S S  ---------------

Threads class SMR info:
_java_thread_list=0x00007fd9eb0f0980, length=49, elements={
0x00007fd9e403c800, 0x00007fd9e403d800, 0x00007fd9e5804800, 0x00007fd9e4836000,
0x00007fd9e4837000, 0x00007fd9e7002800, 0x00007fd9e600a000, 0x00007fd9e589b000,
0x00007fd9e589e000, 0x00007fd9e3814800, 0x00007fd9e58c2800, 0x00007fd9e411f800,
0x00007fd9e6068000, 0x00007fd9e49b9000, 0x00007fd9e606a800, 0x00007fd9e680a800,
0x00007fd9e419e800, 0x00007fd9e41a6800, 0x00007fd9e5b2c000, 0x00007fd9e44a6000,
0x00007fd9e44a9000, 0x00007fd9e5b31000, 0x00007fd9e43ee000, 0x00007fd9e441e000,
0x00007fd9e7829000, 0x00007fd9eb924800, 0x00007fd9e3f19000, 0x00007fd9e450e000,
0x00007fd9e44fe000, 0x00007fd9e3d06000, 0x00007fd9e3a4f000, 0x00007fd9e3ed5000,
0x00007fd9e64c5000, 0x00007fd9e5b92000, 0x00007fd9e4491800, 0x00007fd9e6108000,
0x00007fd9e62c7800, 0x00007fd9e6313800, 0x00007fd9e3ed6000, 0x00007fd9e3d28800,
0x00007fd9e3d29800, 0x00007fd9e4493000, 0x00007fd9eb99b800, 0x00007fd9e45d9800,
0x00007fd9e3a1b800, 0x00007fd9e6314800, 0x00007fd9e5aaa000, 0x00007fd9e5c01000,
0x00007fd9e3d3a800
}

Java Threads: ( => current thread )
  0x00007fd9e403c800 JavaThread "Reference Handler" daemon [_thread_blocked, id=20483, stack(0x0000700008650000,0x0000700008750000)]
  0x00007fd9e403d800 JavaThread "Finalizer" daemon [_thread_blocked, id=13315, stack(0x0000700008753000,0x0000700008853000)]
  0x00007fd9e5804800 JavaThread "Signal Dispatcher" daemon [_thread_blocked, id=15107, stack(0x000070000895c000,0x0000700008a5c000)]
  0x00007fd9e4836000 JavaThread "C2 CompilerThread0" daemon [_thread_in_native, id=15619, stack(0x0000700008a5f000,0x0000700008b5f000)]
  0x00007fd9e4837000 JavaThread "C1 CompilerThread0" daemon [_thread_blocked, id=17667, stack(0x0000700008b62000,0x0000700008c62000)]
  0x00007fd9e7002800 JavaThread "Sweeper thread" daemon [_thread_blocked, id=17155, stack(0x0000700008c65000,0x0000700008d65000)]
  0x00007fd9e600a000 JavaThread "Common-Cleaner" daemon [_thread_blocked, id=16387, stack(0x0000700008d68000,0x0000700008e68000)]
  0x00007fd9e589b000 JavaThread "Monitor Ctrl-Break" daemon [_thread_in_native, id=43267, stack(0x0000700008e6b000,0x0000700008f6b000)]
  0x00007fd9e589e000 JavaThread "Service Thread" daemon [_thread_blocked, id=42755, stack(0x0000700008f6e000,0x000070000906e000)]
  0x00007fd9e3814800 JavaThread "JavaFX Application Thread" daemon [_thread_in_native, id=775, stack(0x00007ffedfb0b000,0x00007ffee030b000)]
  0x00007fd9e58c2800 JavaThread "AWT-Shutdown" [_thread_blocked, id=29443, stack(0x0000700009174000,0x0000700009274000)]
  0x00007fd9e411f800 JavaThread "Timer-0" daemon [_thread_blocked, id=74503, stack(0x0000700009795000,0x0000700009895000)]
  0x00007fd9e6068000 JavaThread "AWT-EventQueue-0" [_thread_blocked, id=56835, stack(0x000070000999b000,0x0000700009a9b000)]
  0x00007fd9e49b9000 JavaThread "Thread-4" [_thread_blocked, id=56583, stack(0x0000700009898000,0x0000700009998000)]
  0x00007fd9e606a800 JavaThread "DestroyJavaVM" [_thread_blocked, id=5635, stack(0x0000700008141000,0x0000700008241000)]
  0x00007fd9e680a800 JavaThread "Java2D Queue Flusher" daemon [_thread_blocked, id=57095, stack(0x0000700009a9e000,0x0000700009b9e000)]
  0x00007fd9e419e800 JavaThread "Java2D Disposer" daemon [_thread_blocked, id=58895, stack(0x0000700009ba1000,0x0000700009ca1000)]
  0x00007fd9e41a6800 JavaThread "Attach Listener" daemon [_thread_blocked, id=67603, stack(0x0000700009ca4000,0x0000700009da4000)]
  0x00007fd9e5b2c000 JavaThread "EDT" [_thread_in_vm, id=90371, stack(0x000070000a848000,0x000070000a948000)]
  0x00007fd9e44a6000 JavaThread "Network Thread" [_thread_blocked, id=128803, stack(0x000070000a94b000,0x000070000aa4b000)]
  0x00007fd9e44a9000 JavaThread "Network Thread" [_thread_blocked, id=128019, stack(0x000070000aa4e000,0x000070000ab4e000)]
  0x00007fd9e5b31000 JavaThread "invokeAndBlock1" [_thread_blocked, id=94723, stack(0x000070000ad57000,0x000070000ae57000)]
  0x00007fd9e43ee000 JavaThread "QuantumRenderer-0" daemon [_thread_blocked, id=35387, stack(0x0000700009277000,0x0000700009377000)]
  0x00007fd9e441e000 JavaThread "InvokeLaterDispatcher" daemon [_thread_blocked, id=125959, stack(0x0000700009400000,0x0000700009500000)]
  0x00007fd9e7829000 JavaThread "Thread-6" daemon [_thread_in_native, id=88839, stack(0x0000700009503000,0x0000700009583000)]
  0x00007fd9eb924800 JavaThread "Prism Font Disposer" daemon [_thread_blocked, id=89623, stack(0x0000700009609000,0x0000700009709000)]
  0x00007fd9e3f19000 JavaThread "Disposer" daemon [_thread_blocked, id=124423, stack(0x000070000a6c2000,0x000070000a7c2000)]
  0x00007fd9e450e000 JavaThread "URL-Loader-1" daemon [_thread_blocked, id=122115, stack(0x000070000ae5a000,0x000070000af5a000)]
  0x00007fd9e44fe000 JavaThread "URL-Loader-2" daemon [_thread_blocked, id=120067, stack(0x000070000b26f000,0x000070000b36f000)]
  0x00007fd9e3d06000 JavaThread "URL-Loader-3" daemon [_thread_blocked, id=119299, stack(0x000070000b372000,0x000070000b472000)]
  0x00007fd9e3a4f000 JavaThread "URL-Loader-4" daemon [_thread_blocked, id=118531, stack(0x000070000b475000,0x000070000b575000)]
  0x00007fd9e3ed5000 JavaThread "URL-Loader-5" daemon [_thread_blocked, id=96259, stack(0x000070000b578000,0x000070000b678000)]
  0x00007fd9e64c5000 JavaThread "URL-Loader-6" daemon [_thread_blocked, id=117251, stack(0x000070000b67b000,0x000070000b77b000)]
  0x00007fd9e5b92000 JavaThread "URL-Loader-7" daemon [_thread_blocked, id=96771, stack(0x000070000b77e000,0x000070000b87e000)]
  0x00007fd9e4491800 JavaThread "URL-Loader-8" daemon [_thread_blocked, id=97539, stack(0x000070000b881000,0x000070000b981000)]
  0x00007fd9e6108000 JavaThread "URL-Loader-9" daemon [_thread_blocked, id=116227, stack(0x000070000b984000,0x000070000ba84000)]
  0x00007fd9e62c7800 JavaThread "URL-Loader-10" daemon [_thread_blocked, id=98051, stack(0x000070000ba87000,0x000070000bb87000)]
  0x00007fd9e6313800 JavaThread "URL-Loader-11" daemon [_thread_blocked, id=98563, stack(0x000070000bb8a000,0x000070000bc8a000)]
  0x00007fd9e3ed6000 JavaThread "URL-Loader-12" daemon [_thread_blocked, id=99075, stack(0x000070000bc8d000,0x000070000bd8d000)]
  0x00007fd9e3d28800 JavaThread "URL-Loader-13" daemon [_thread_blocked, id=115203, stack(0x000070000bd90000,0x000070000be90000)]
  0x00007fd9e3d29800 JavaThread "URL-Loader-14" daemon [_thread_blocked, id=114691, stack(0x000070000be93000,0x000070000bf93000)]
  0x00007fd9e4493000 JavaThread "URL-Loader-15" daemon [_thread_blocked, id=100611, stack(0x000070000bf96000,0x000070000c096000)]
  0x00007fd9eb99b800 JavaThread "URL-Loader-16" daemon [_thread_blocked, id=96195, stack(0x000070000c099000,0x000070000c199000)]
  0x00007fd9e45d9800 JavaThread "URL-Loader-17" daemon [_thread_blocked, id=101387, stack(0x000070000c19c000,0x000070000c29c000)]
  0x00007fd9e3a1b800 JavaThread "URL-Loader-18" daemon [_thread_blocked, id=113159, stack(0x000070000c29f000,0x000070000c39f000)]
  0x00007fd9e6314800 JavaThread "URL-Loader-19" daemon [_thread_blocked, id=113959, stack(0x000070000c3a2000,0x000070000c4a2000)]
  0x00007fd9e5aaa000 JavaThread "URL-Loader-20" daemon [_thread_blocked, id=102663, stack(0x000070000c4a5000,0x000070000c5a5000)]
  0x00007fd9e5c01000 JavaThread "Keep-Alive-Timer" daemon [_thread_blocked, id=102975, stack(0x000070000c5a8000,0x000070000c6a8000)]
=>0x00007fd9e3d3a800 JavaThread "Thread-8" daemon [_thread_in_vm, id=104979, stack(0x000070000c8b7000,0x000070000c937000)]

Other Threads:
  0x00007fd9e403b800 VMThread "VM Thread" [stack: 0x000070000854d000,0x000070000864d000] [id=20995]
  0x00007fd9e490d000 WatcherThread [stack: 0x0000700009071000,0x0000700009171000] [id=42243]
  0x00007fd9e4806000 GCTaskThread "GC Thread#0" [stack: 0x0000700008244000,0x0000700008344000] [id=11523]
  0x00007fd9e41a8000 GCTaskThread "GC Thread#1" [stack: 0x0000700009da7000,0x0000700009ea7000] [id=68423]
  0x00007fd9e419c000 GCTaskThread "GC Thread#2" [stack: 0x0000700009eaa000,0x0000700009faa000] [id=67075]
  0x00007fd9e41af000 GCTaskThread "GC Thread#3" [stack: 0x0000700009fad000,0x000070000a0ad000] [id=66563]
  0x00007fd9e58b2800 GCTaskThread "GC Thread#4" [stack: 0x000070000a0b0000,0x000070000a1b0000] [id=63491]
  0x00007fd9e58d3800 GCTaskThread "GC Thread#5" [stack: 0x000070000a1b3000,0x000070000a2b3000] [id=63747]
  0x00007fd9e5af7000 GCTaskThread "GC Thread#6" [stack: 0x000070000a2b6000,0x000070000a3b6000] [id=64003]
  0x00007fd9e5aec800 GCTaskThread "GC Thread#7" [stack: 0x000070000a3b9000,0x000070000a4b9000] [id=64259]
  0x00007fd9e3cf6800 GCTaskThread "GC Thread#8" [stack: 0x000070000ab51000,0x000070000ac51000] [id=127519]
  0x00007fd9e3cfd800 GCTaskThread "GC Thread#9" [stack: 0x000070000ac54000,0x000070000ad54000] [id=94471]
  0x00007fd9e4808000 ConcurrentGCThread "CMS Main Thread" [stack: 0x000070000844a000,0x000070000854a000] [id=12291]
  0x00007fd9e4807800 GCTaskThread "CMS Thread#0" [stack: 0x0000700008347000,0x0000700008447000] [id=12035]
  0x00007fd9e61ec000 GCTaskThread "CMS Thread#1" [stack: 0x000070000a4bc000,0x000070000a5bc000] [id=64515]
  0x00007fd9e6189000 GCTaskThread "CMS Thread#2" [stack: 0x000070000a5bf000,0x000070000a6bf000] [id=65027]

Threads with active compile tasks:
C2 CompilerThread0  26904 5570       4       com.codename1.impl.CodenameOneImplementation::paintComponentBackground (1464 bytes)

VM state:not at safepoint (normal execution)

VM Mutex/Monitor currently owned by a thread: None

Heap address: 0x0000000780000000, size: 2048 MB, Compressed Oops mode: Zero based, Oop shift amount: 3
Narrow klass base: 0x0000000800000000, Narrow klass shift: 0
Compressed class space size: 1073741824 Address: 0x0000000800000000

Heap:
 par new generation   total 39296K, used 15774K [0x0000000780000000, 0x0000000782aa0000, 0x00000007aaaa0000)
  eden space 34944K,  32% used [0x0000000780000000, 0x0000000780b27a28, 0x0000000782220000)
  from space 4352K, 100% used [0x0000000782220000, 0x0000000782660000, 0x0000000782660000)
  to   space 4352K,   0% used [0x0000000782660000, 0x0000000782660000, 0x0000000782aa0000)
 concurrent mark-sweep generation total 113368K, used 68018K [0x00000007aaaa0000, 0x00000007b1956000, 0x0000000800000000)
 Metaspace       used 44909K, capacity 46218K, committed 46320K, reserved 1089536K
  class space    used 5313K, capacity 5836K, committed 5912K, reserved 1048576K

Card table byte_map: [0x0000000112139000,0x000000011253a000] _byte_map_base: 0x000000010e539000

Marking Bits: (CMSBitMap*) 0x00007fd9e4806f30
 Bits: [0x000000012a97a000, 0x000000012becf800)

Mod Union Table: (CMSBitMap*) 0x00007fd9e4806fd0
 Bits: [0x000000012bed0000, 0x000000012bf25560)

Polling page: 0x000000010f96f000

Metaspace:

Usage:
  Non-class:     39.44 MB capacity,    38.67 MB ( 98%) used,   640.78 KB (  2%) free+waste,   145.25 KB ( <1%) overhead. 
      Class:      5.70 MB capacity,     5.19 MB ( 91%) used,   450.23 KB (  8%) free+waste,    72.31 KB (  1%) overhead. 
       Both:     45.13 MB capacity,    43.86 MB ( 97%) used,     1.07 MB (  2%) free+waste,   217.56 KB ( <1%) overhead. 

Virtual space:
  Non-class space:       40.00 MB reserved,      39.46 MB ( 99%) committed 
      Class space:        1.00 GB reserved,       5.77 MB ( <1%) committed 
             Both:        1.04 GB reserved,      45.23 MB (  4%) committed 

Chunk freelists:
   Non-Class:  18.00 KB
       Class:  0 bytes
        Both:  18.00 KB

MaxMetaspaceSize: unlimited
CompressedClassSpaceSize: 1.00 GB

CodeHeap 'non-profiled nmethods': size=120036Kb used=1922Kb max_used=1922Kb free=118113Kb
 bounds [0x0000000122a3e000, 0x0000000122cae000, 0x0000000129f77000]
CodeHeap 'profiled nmethods': size=120032Kb used=9355Kb max_used=9538Kb free=110677Kb
 bounds [0x000000011b506000, 0x000000011be76000, 0x0000000122a3e000]
CodeHeap 'non-nmethods': size=5692Kb used=1533Kb max_used=1566Kb free=4158Kb
 bounds [0x000000011af77000, 0x000000011b1e7000, 0x000000011b506000]
 total_blobs=7899 nmethods=4842 adapters=984
 compilation: enabled
              stopped_count=0, restarted_count=0
 full_count=0

Compilation events (20 events):
Event: 26.818 Thread 0x00007fd9e4836000 nmethod 5564 0x0000000122c1df10 code [0x0000000122c1e0a0, 0x0000000122c1e278]
Event: 26.818 Thread 0x00007fd9e4836000 5565       4       com.codename1.impl.javase.JavaSEPort::afterComponentPaint (14 bytes)
Event: 26.818 Thread 0x00007fd9e4836000 nmethod 5565 0x0000000122be5b90 code [0x0000000122be5d20, 0x0000000122be5db8]
Event: 26.818 Thread 0x00007fd9e4836000 5503       4       jdk.internal.reflect.ByteVectorImpl::getLength (7 bytes)
Event: 26.818 Thread 0x00007fd9e4836000 nmethod 5503 0x0000000122c1e490 code [0x0000000122c1e620, 0x0000000122c1e698]
Event: 26.818 Thread 0x00007fd9e4836000 5471       4       java.security.MessageDigest::update (14 bytes)
Event: 26.819 Thread 0x00007fd9e4836000 nmethod 5471 0x0000000122c1e710 code [0x0000000122c1e8a0, 0x0000000122c1e958]
Event: 26.823 Thread 0x00007fd9e4837000 5566       3       com.codename1.ui.Transform::setTransform (124 bytes)
Event: 26.823 Thread 0x00007fd9e4837000 nmethod 5566 0x000000011b52e110 code [0x000000011b52e300, 0x000000011b52e6a8]
Event: 26.825 Thread 0x00007fd9e4836000 5567       4       java.lang.Math::floor (5 bytes)
Event: 26.826 Thread 0x00007fd9e4836000 nmethod 5567 0x0000000122c1ea90 code [0x0000000122c1ec60, 0x0000000122c1ed58]
Event: 26.839 Thread 0x00007fd9e4836000 5568       4       com.codename1.ui.Component$BGPainter::paint (1454 bytes)
Event: 26.839 Thread 0x00007fd9e4837000 5569  s    3       com.sun.webkit.Timer::getTimer (39 bytes)
Event: 26.840 Thread 0x00007fd9e4837000 nmethod 5569 0x000000011b68c710 code [0x000000011b68c900, 0x000000011b68ced8]
Event: 26.843 Thread 0x00007fd9e4836000 nmethod 5568 0x0000000122c1ee10 code [0x0000000122c1efe0, 0x0000000122c1f258]
Event: 26.843 Thread 0x00007fd9e4836000 5570       4       com.codename1.impl.CodenameOneImplementation::paintComponentBackground (1464 bytes)
Event: 26.872 Thread 0x00007fd9e4837000 5572       3       java.awt.BasicStroke::getDashArray (20 bytes)
Event: 26.872 Thread 0x00007fd9e4837000 nmethod 5572 0x000000011b68c090 code [0x000000011b68c260, 0x000000011b68c5e8]
Event: 26.888 Thread 0x00007fd9e4837000 5574  s!   3       sun.security.jca.ProviderConfig::getProvider (297 bytes)
Event: 26.889 Thread 0x00007fd9e4837000 nmethod 5574 0x000000011b781790 code [0x000000011b781ae0, 0x000000011b782f18]

GC Heap History (20 events):
Event: 2.047 GC heap before
{Heap before GC invocations=2 (full 0):
 par new generation   total 39296K, used 37745K [0x0000000780000000, 0x0000000782aa0000, 0x00000007aaaa0000)
  eden space 34944K, 100% used [0x0000000780000000, 0x0000000782220000, 0x0000000782220000)
  from space 4352K,  64% used [0x0000000782220000, 0x00000007824dc400, 0x0000000782660000)
  to   space 4352K,   0% used [0x0000000782660000, 0x0000000782660000, 0x0000000782aa0000)
 concurrent mark-sweep generation total 87424K, used 27485K [0x00000007aaaa0000, 0x00000007b0000000, 0x0000000800000000)
 Metaspace       used 17966K, capacity 18471K, committed 18816K, reserved 1067008K
  class space    used 1932K, capacity 2094K, committed 2176K, reserved 1048576K
}
Event: 2.055 GC heap after
{Heap after GC invocations=3 (full 0):
 par new generation   total 39296K, used 706K [0x0000000780000000, 0x0000000782aa0000, 0x00000007aaaa0000)
  eden space 34944K,   0% used [0x0000000780000000, 0x0000000780000000, 0x0000000782220000)
  from space 4352K,  16% used [0x0000000782660000, 0x0000000782710b00, 0x0000000782aa0000)
  to   space 4352K,   0% used [0x0000000782220000, 0x0000000782220000, 0x0000000782660000)
 concurrent mark-sweep generation total 87424K, used 49909K [0x00000007aaaa0000, 0x00000007b0000000, 0x0000000800000000)
 Metaspace       used 17966K, capacity 18471K, committed 18816K, reserved 1067008K
  class space    used 1932K, capacity 2094K, committed 2176K, reserved 1048576K
}
Event: 2.480 GC heap before
{Heap before GC invocations=3 (full 1):
 par new generation   total 39296K, used 35650K [0x0000000780000000, 0x0000000782aa0000, 0x00000007aaaa0000)
  eden space 34944K, 100% used [0x0000000780000000, 0x0000000782220000, 0x0000000782220000)
  from space 4352K,  16% used [0x0000000782660000, 0x0000000782710b00, 0x0000000782aa0000)
  to   space 4352K,   0% used [0x0000000782220000, 0x0000000782220000, 0x0000000782660000)
 concurrent mark-sweep generation total 87424K, used 49880K [0x00000007aaaa0000, 0x00000007b0000000, 0x0000000800000000)
 Metaspace       used 17977K, capacity 18471K, committed 18816K, reserved 1067008K
  class space    used 1932K, capacity 2094K, committed 2176K, reserved 1048576K
}
Event: 2.486 GC heap after
{Heap after GC invocations=4 (full 1):
 par new generation   total 39296K, used 844K [0x0000000780000000, 0x0000000782aa0000, 0x00000007aaaa0000)
  eden space 34944K,   0% used [0x0000000780000000, 0x0000000780000000, 0x0000000782220000)
  from space 4352K,  19% used [0x0000000782220000, 0x00000007822f31a8, 0x0000000782660000)
  to   space 4352K,   0% used [0x0000000782660000, 0x0000000782660000, 0x0000000782aa0000)
 concurrent mark-sweep generation total 87424K, used 61092K [0x00000007aaaa0000, 0x00000007b0000000, 0x0000000800000000)
 Metaspace       used 17977K, capacity 18471K, committed 18816K, reserved 1067008K
  class space    used 1932K, capacity 2094K, committed 2176K, reserved 1048576K
}
Event: 2.798 GC heap before
{Heap before GC invocations=4 (full 2):
 par new generation   total 39296K, used 26302K [0x0000000780000000, 0x0000000782aa0000, 0x00000007aaaa0000)
  eden space 34944K,  72% used [0x0000000780000000, 0x00000007818dc928, 0x0000000782220000)
  from space 4352K,  19% used [0x0000000782220000, 0x00000007822f31a8, 0x0000000782660000)
  to   space 4352K,   0% used [0x0000000782660000, 0x0000000782660000, 0x0000000782aa0000)
 concurrent mark-sweep generation total 101808K, used 61083K [0x00000007aaaa0000, 0x00000007b0e0c000, 0x0000000800000000)
 Metaspace       used 22264K, capacity 22829K, committed 23168K, reserved 1069056K
  class space    used 2443K, capacity 2661K, committed 2688K, reserved 1048576K
}
Event: 2.805 GC heap after
{Heap after GC invocations=5 (full 2):
 par new generation   total 39296K, used 4352K [0x0000000780000000, 0x0000000782aa0000, 0x00000007aaaa0000)
  eden space 34944K,   0% used [0x0000000780000000, 0x0000000780000000, 0x0000000782220000)
  from space 4352K, 100% used [0x0000000782660000, 0x0000000782aa0000, 0x0000000782aa0000)
  to   space 4352K,   0% used [0x0000000782220000, 0x0000000782220000, 0x0000000782660000)
 concurrent mark-sweep generation total 101808K, used 77066K [0x00000007aaaa0000, 0x00000007b0e0c000, 0x0000000800000000)
 Metaspace       used 22264K, capacity 22829K, committed 23168K, reserved 1069056K
  class space    used 2443K, capacity 2661K, committed 2688K, reserved 1048576K
}
Event: 5.790 GC heap before
{Heap before GC invocations=5 (full 3):
 par new generation   total 39296K, used 39296K [0x0000000780000000, 0x0000000782aa0000, 0x00000007aaaa0000)
  eden space 34944K, 100% used [0x0000000780000000, 0x0000000782220000, 0x0000000782220000)
  from space 4352K, 100% used [0x0000000782660000, 0x0000000782aa0000, 0x0000000782aa0000)
  to   space 4352K,   0% used [0x0000000782220000, 0x0000000782220000, 0x0000000782660000)
 concurrent mark-sweep generation total 101808K, used 77066K [0x00000007aaaa0000, 0x00000007b0e0c000, 0x0000000800000000)
 Metaspace       used 24573K, capacity 25177K, committed 25600K, reserved 1071104K
  class space    used 2729K, capacity 2953K, committed 3072K, reserved 1048576K
}
Event: 5.795 GC heap after
{Heap after GC invocations=6 (full 3):
 par new generation   total 39296K, used 4352K [0x0000000780000000, 0x0000000782aa0000, 0x00000007aaaa0000)
  eden space 34944K,   0% used [0x0000000780000000, 0x0000000780000000, 0x0000000782220000)
  from space 4352K, 100% used [0x0000000782220000, 0x0000000782660000, 0x0000000782660000)
  to   space 4352K,   0% used [0x0000000782660000, 0x0000000782660000, 0x0000000782aa0000)
 concurrent mark-sweep generation total 101808K, used 87783K [0x00000007aaaa0000, 0x00000007b0e0c000, 0x0000000800000000)
 Metaspace       used 24573K, capacity 25177K, committed 25600K, reserved 1071104K
  class space    used 2729K, capacity 2953K, committed 3072K, reserved 1048576K
}
Event: 6.618 GC heap before
{Heap before GC invocations=6 (full 3):
 par new generation   total 39296K, used 39296K [0x0000000780000000, 0x0000000782aa0000, 0x00000007aaaa0000)
  eden space 34944K, 100% used [0x0000000780000000, 0x0000000782220000, 0x0000000782220000)
  from space 4352K, 100% used [0x0000000782220000, 0x0000000782660000, 0x0000000782660000)
  to   space 4352K,   0% used [0x0000000782660000, 0x0000000782660000, 0x0000000782aa0000)
 concurrent mark-sweep generation total 101808K, used 54126K [0x00000007aaaa0000, 0x00000007b0e0c000, 0x0000000800000000)
 Metaspace       used 25391K, capacity 26011K, committed 26368K, reserved 1073152K
  class space    used 2774K, capacity 2999K, committed 3072K, reserved 1048576K
}
Event: 6.620 GC heap after
{Heap after GC invocations=7 (full 3):
 par new generation   total 39296K, used 4352K [0x0000000780000000, 0x0000000782aa0000, 0x00000007aaaa0000)
  eden space 34944K,   0% used [0x0000000780000000, 0x0000000780000000, 0x0000000782220000)
  from space 4352K, 100% used [0x0000000782660000, 0x0000000782aa0000, 0x0000000782aa0000)
  to   space 4352K,   0% used [0x0000000782220000, 0x0000000782220000, 0x0000000782660000)
 concurrent mark-sweep generation total 101808K, used 58295K [0x00000007aaaa0000, 0x00000007b0e0c000, 0x0000000800000000)
 Metaspace       used 25391K, capacity 26011K, committed 26368K, reserved 1073152K
  class space    used 2774K, capacity 2999K, committed 3072K, reserved 1048576K
}
Event: 24.484 GC heap before
{Heap before GC invocations=7 (full 3):
 par new generation   total 39296K, used 39296K [0x0000000780000000, 0x0000000782aa0000, 0x00000007aaaa0000)
  eden space 34944K, 100% used [0x0000000780000000, 0x0000000782220000, 0x0000000782220000)
  from space 4352K, 100% used [0x0000000782660000, 0x0000000782aa0000, 0x0000000782aa0000)
  to   space 4352K,   0% used [0x0000000782220000, 0x0000000782220000, 0x0000000782660000)
 concurrent mark-sweep generation total 101808K, used 58298K [0x00000007aaaa0000, 0x00000007b0e0c000, 0x0000000800000000)
 Metaspace       used 31635K, capacity 32401K, committed 32640K, reserved 1077248K
  class space    used 3597K, capacity 3896K, committed 3968K, reserved 1048576K
}
Event: 24.486 GC heap after
{Heap after GC invocations=8 (full 3):
 par new generation   total 39296K, used 2803K [0x0000000780000000, 0x0000000782aa0000, 0x00000007aaaa0000)
  eden space 34944K,   0% used [0x0000000780000000, 0x0000000780000000, 0x0000000782220000)
  from space 4352K,  64% used [0x0000000782220000, 0x00000007824dce98, 0x0000000782660000)
  to   space 4352K,   0% used [0x0000000782660000, 0x0000000782660000, 0x0000000782aa0000)
 concurrent mark-sweep generation total 101808K, used 69793K [0x00000007aaaa0000, 0x00000007b0e0c000, 0x0000000800000000)
 Metaspace       used 31635K, capacity 32401K, committed 32640K, reserved 1077248K
  class space    used 3597K, capacity 3896K, committed 3968K, reserved 1048576K
}
Event: 24.964 GC heap before
{Heap before GC invocations=8 (full 3):
 par new generation   total 39296K, used 37824K [0x0000000780000000, 0x0000000782aa0000, 0x00000007aaaa0000)
  eden space 34944K,  99% used [0x0000000780000000, 0x00000007821f3298, 0x0000000782220000)
  from space 4352K,  70% used [0x0000000782220000, 0x000000078251cea8, 0x0000000782660000)
  to   space 4352K,   0% used [0x0000000782660000, 0x0000000782660000, 0x0000000782aa0000)
 concurrent mark-sweep generation total 101808K, used 69793K [0x00000007aaaa0000, 0x00000007b0e0c000, 0x0000000800000000)
 Metaspace       used 38782K, capacity 39928K, committed 40320K, reserved 1085440K
  class space    used 4667K, capacity 5140K, committed 5248K, reserved 1048576K
}
Event: 24.969 GC heap after
{Heap after GC invocations=9 (full 3):
 par new generation   total 39296K, used 4352K [0x0000000780000000, 0x0000000782aa0000, 0x00000007aaaa0000)
  eden space 34944K,   0% used [0x0000000780000000, 0x0000000780000000, 0x0000000782220000)
  from space 4352K, 100% used [0x0000000782660000, 0x0000000782aa0000, 0x0000000782aa0000)
  to   space 4352K,   0% used [0x0000000782220000, 0x0000000782220000, 0x0000000782660000)
 concurrent mark-sweep generation total 101808K, used 72288K [0x00000007aaaa0000, 0x00000007b0e0c000, 0x0000000800000000)
 Metaspace       used 38782K, capacity 39928K, committed 40320K, reserved 1085440K
  class space    used 4667K, capacity 5140K, committed 5248K, reserved 1048576K
}
Event: 25.338 GC heap before
{Heap before GC invocations=9 (full 4):
 par new generation   total 39296K, used 39296K [0x0000000780000000, 0x0000000782aa0000, 0x00000007aaaa0000)
  eden space 34944K, 100% used [0x0000000780000000, 0x0000000782220000, 0x0000000782220000)
  from space 4352K, 100% used [0x0000000782660000, 0x0000000782aa0000, 0x0000000782aa0000)
  to   space 4352K,   0% used [0x0000000782220000, 0x0000000782220000, 0x0000000782660000)
 concurrent mark-sweep generation total 101808K, used 54086K [0x00000007aaaa0000, 0x00000007b0e0c000, 0x0000000800000000)
 Metaspace       used 43136K, capacity 44345K, committed 44656K, reserved 1087488K
  class space    used 5172K, capacity 5690K, committed 5784K, reserved 1048576K
}
Event: 25.346 GC heap after
{Heap after GC invocations=10 (full 4):
 par new generation   total 39296K, used 4352K [0x0000000780000000, 0x0000000782aa0000, 0x00000007aaaa0000)
  eden space 34944K,   0% used [0x0000000780000000, 0x0000000780000000, 0x0000000782220000)
  from space 4352K, 100% used [0x0000000782220000, 0x0000000782660000, 0x0000000782660000)
  to   space 4352K,   0% used [0x0000000782660000, 0x0000000782660000, 0x0000000782aa0000)
 concurrent mark-sweep generation total 101808K, used 58087K [0x00000007aaaa0000, 0x00000007b0e0c000, 0x0000000800000000)
 Metaspace       used 43136K, capacity 44345K, committed 44656K, reserved 1087488K
  class space    used 5172K, capacity 5690K, committed 5784K, reserved 1048576K
}
Event: 25.643 GC heap before
{Heap before GC invocations=10 (full 4):
 par new generation   total 39296K, used 38745K [0x0000000780000000, 0x0000000782aa0000, 0x00000007aaaa0000)
  eden space 34944K,  98% used [0x0000000780000000, 0x0000000782196590, 0x0000000782220000)
  from space 4352K, 100% used [0x0000000782220000, 0x0000000782660000, 0x0000000782660000)
  to   space 4352K,   0% used [0x0000000782660000, 0x0000000782660000, 0x0000000782aa0000)
 concurrent mark-sweep generation total 101808K, used 59623K [0x00000007aaaa0000, 0x00000007b0e0c000, 0x0000000800000000)
 Metaspace       used 44065K, capacity 45301K, committed 45552K, reserved 1089536K
  class space    used 5246K, capacity 5792K, committed 5912K, reserved 1048576K
}
Event: 25.646 GC heap after
{Heap after GC invocations=11 (full 4):
 par new generation   total 39296K, used 4352K [0x0000000780000000, 0x0000000782aa0000, 0x00000007aaaa0000)
  eden space 34944K,   0% used [0x0000000780000000, 0x0000000780000000, 0x0000000782220000)
  from space 4352K, 100% used [0x0000000782660000, 0x0000000782aa0000, 0x0000000782aa0000)
  to   space 4352K,   0% used [0x0000000782220000, 0x0000000782220000, 0x0000000782660000)
 concurrent mark-sweep generation total 101808K, used 64386K [0x00000007aaaa0000, 0x00000007b0e0c000, 0x0000000800000000)
 Metaspace       used 44065K, capacity 45301K, committed 45552K, reserved 1089536K
  class space    used 5246K, capacity 5792K, committed 5912K, reserved 1048576K
}
Event: 26.494 GC heap before
{Heap before GC invocations=11 (full 4):
 par new generation   total 39296K, used 39296K [0x0000000780000000, 0x0000000782aa0000, 0x00000007aaaa0000)
  eden space 34944K, 100% used [0x0000000780000000, 0x0000000782220000, 0x0000000782220000)
  from space 4352K, 100% used [0x0000000782660000, 0x0000000782aa0000, 0x0000000782aa0000)
  to   space 4352K,   0% used [0x0000000782220000, 0x0000000782220000, 0x0000000782660000)
 concurrent mark-sweep generation total 101808K, used 64519K [0x00000007aaaa0000, 0x00000007b0e0c000, 0x0000000800000000)
 Metaspace       used 44658K, capacity 45941K, committed 46320K, reserved 1089536K
  class space    used 5284K, capacity 5809K, committed 5912K, reserved 1048576K
}
Event: 26.496 GC heap after
{Heap after GC invocations=12 (full 4):
 par new generation   total 39296K, used 4352K [0x0000000780000000, 0x0000000782aa0000, 0x00000007aaaa0000)
  eden space 34944K,   0% used [0x0000000780000000, 0x0000000780000000, 0x0000000782220000)
  from space 4352K, 100% used [0x0000000782220000, 0x0000000782660000, 0x0000000782660000)
  to   space 4352K,   0% used [0x0000000782660000, 0x0000000782660000, 0x0000000782aa0000)
 concurrent mark-sweep generation total 101808K, used 70307K [0x00000007aaaa0000, 0x00000007b0e0c000, 0x0000000800000000)
 Metaspace       used 44658K, capacity 45941K, committed 46320K, reserved 1089536K
  class space    used 5284K, capacity 5809K, committed 5912K, reserved 1048576K
}

Deoptimization events (20 events):
Event: 26.489 Thread 0x00007fd9e3a1b800 DEOPT PACKING pc=0x000000011bccdc6f sp=0x000070000c39bc60
Event: 26.489 Thread 0x00007fd9e3a1b800 DEOPT UNPACKING pc=0x000000011af9f13a sp=0x000070000c39b108 mode 0
Event: 26.509 Thread 0x00007fd9e3ed6000 DEOPT PACKING pc=0x000000011bccdc6f sp=0x000070000bd89c60
Event: 26.509 Thread 0x00007fd9e3ed6000 DEOPT UNPACKING pc=0x000000011af9f13a sp=0x000070000bd89108 mode 0
Event: 26.532 Thread 0x00007fd9eb99b800 DEOPT PACKING pc=0x000000011bd7c082 sp=0x000070000c1961e0
Event: 26.532 Thread 0x00007fd9e3ed6000 DEOPT PACKING pc=0x000000011bd7c082 sp=0x000070000bd8a1e0
Event: 26.532 Thread 0x00007fd9e45d9800 DEOPT PACKING pc=0x000000011bd7c082 sp=0x000070000c2991e0
Event: 26.532 Thread 0x00007fd9e45d9800 DEOPT UNPACKING pc=0x000000011af9f13a sp=0x000070000c2986b8 mode 0
Event: 26.532 Thread 0x00007fd9e3ed6000 DEOPT UNPACKING pc=0x000000011af9f13a sp=0x000070000bd896b8 mode 0
Event: 26.532 Thread 0x00007fd9eb99b800 DEOPT UNPACKING pc=0x000000011af9f13a sp=0x000070000c1956b8 mode 0
Event: 26.533 Thread 0x00007fd9eb99b800 DEOPT PACKING pc=0x000000011b7eb472 sp=0x000070000c196370
Event: 26.533 Thread 0x00007fd9eb99b800 DEOPT UNPACKING pc=0x000000011af9f13a sp=0x000070000c195850 mode 0
Event: 26.557 Thread 0x00007fd9e3814800 DEOPT PACKING pc=0x000000011be32535 sp=0x00007ffee02f7050
Event: 26.557 Thread 0x00007fd9e3814800 DEOPT UNPACKING pc=0x000000011af9f13a sp=0x00007ffee02f6510 mode 0
Event: 26.562 Thread 0x00007fd9e3814800 DEOPT PACKING pc=0x000000011be32535 sp=0x00007ffee02f7260
Event: 26.562 Thread 0x00007fd9e3814800 DEOPT UNPACKING pc=0x000000011af9f13a sp=0x00007ffee02f6720 mode 0
Event: 26.567 Thread 0x00007fd9e3814800 DEOPT PACKING pc=0x000000011be32535 sp=0x00007ffee02f7090
Event: 26.567 Thread 0x00007fd9e3814800 DEOPT UNPACKING pc=0x000000011af9f13a sp=0x00007ffee02f6550 mode 0
Event: 26.701 Thread 0x00007fd9e5b2c000 DEOPT PACKING pc=0x000000011bd8a89a sp=0x000070000a944e80
Event: 26.701 Thread 0x00007fd9e5b2c000 DEOPT UNPACKING pc=0x000000011af9f13a sp=0x000070000a944268 mode 0

Classes redefined (0 events):
No events

Internal exceptions (20 events):
Event: 24.825 Thread 0x00007fd9e3814800 Exception <a 'java/lang/NoSuchMethodError'{0x0000000781733f10}: 'java.lang.Object java.lang.invoke.DirectMethodHandle$Holder.invokeStatic(java.lang.Object, java.lang.Object, java.lang.Object, java.lang.Object, java.lang.Object, java.lang.Object, java.lang
Event: 24.826 Thread 0x00007fd9e3814800 Exception <a 'java/lang/NoSuchMethodError'{0x0000000781761d00}: 'java.lang.Object java.lang.invoke.DelegatingMethodHandle$Holder.reinvoke_L(java.lang.Object, long, java.lang.Object)'> (0x0000000781761d00) thrown at [/corretto/workspace/corretto11-repo/ins
Event: 24.830 Thread 0x00007fd9e3814800 Exception <a 'java/lang/NoSuchMethodError'{0x0000000781821d58}: 'java.lang.Object java.lang.invoke.DelegatingMethodHandle$Holder.reinvoke_L(java.lang.Object, java.lang.Object, int, int, long, int, java.lang.Object, java.lang.Object, java.lang.Object, int)
Event: 24.833 Thread 0x00007fd9e3814800 Exception <a 'java/lang/NoSuchMethodError'{0x0000000781880ed0}: 'java.lang.Object java.lang.invoke.DirectMethodHandle$Holder.invokeSpecial(java.lang.Object, java.lang.Object, int, int, int, long, int, java.lang.Object, java.lang.Object, java.lang.Object, 
Event: 24.833 Thread 0x00007fd9e3814800 Exception <a 'java/lang/NoSuchMethodError'{0x0000000781884778}: 'java.lang.Object java.lang.invoke.DelegatingMethodHandle$Holder.reinvoke_L(java.lang.Object, int, int, int, long, int, java.lang.Object, java.lang.Object, java.lang.Object, int)'> (0x0000000
Event: 24.834 Thread 0x00007fd9e3814800 Exception <a 'java/lang/NoSuchMethodError'{0x000000078188c378}: 'java.lang.Object java.lang.invoke.DirectMethodHandle$Holder.invokeStatic(java.lang.Object, java.lang.Object, java.lang.Object, java.lang.Object, java.lang.Object, int)'> (0x000000078188c378)
Event: 24.842 Thread 0x00007fd9e3814800 Exception <a 'java/lang/NoSuchMethodError'{0x0000000781971a90}: 'java.lang.Object java.lang.invoke.DelegatingMethodHandle$Holder.reinvoke_L(java.lang.Object, java.lang.Object, long)'> (0x0000000781971a90) thrown at [/corretto/workspace/corretto11-repo/ins
Event: 24.887 Thread 0x00007fd9e450e000 Exception <a 'java/lang/NoSuchMethodError'{0x0000000781b31068}: 'int java.lang.invoke.DirectMethodHandle$Holder.invokeSpecialIFC(java.lang.Object, java.lang.Object, int)'> (0x0000000781b31068) thrown at [/corretto/workspace/corretto11-repo/installers/mac/
Event: 24.896 Thread 0x00007fd9e450e000 Exception <a 'java/lang/NoSuchMethodError'{0x0000000781b89d98}: 'int java.lang.invoke.DirectMethodHandle$Holder.invokeStaticInit(java.lang.Object, java.lang.Object, java.lang.Object, java.lang.Object)'> (0x0000000781b89d98) thrown at [/corretto/workspace/
Event: 24.896 Thread 0x00007fd9e450e000 Exception <a 'java/lang/IncompatibleClassChangeError'{0x0000000781b92c10}: Found class java.lang.Object, but interface was expected> (0x0000000781b92c10) thrown at [/corretto/workspace/corretto11-repo/installers/mac/tar/corretto-build/buildRoot/src/src/ho
Event: 25.261 Thread 0x00007fd9e3814800 Exception <a 'java/lang/NoSuchMethodError'{0x000000078166fd90}: 'java.lang.Object java.lang.invoke.DelegatingMethodHandle$Holder.reinvoke_L(java.lang.Object, java.lang.Object, int, int, long, int, int, java.lang.Object, java.lang.Object, int)'> (0x0000000
Event: 25.263 Thread 0x00007fd9e3814800 Exception <a 'java/lang/NoSuchMethodError'{0x00000007816cdb40}: 'java.lang.Object java.lang.invoke.DirectMethodHandle$Holder.invokeSpecial(java.lang.Object, java.lang.Object, int, int, int, long, int, int, java.lang.Object, java.lang.Object, int)'> (0x000
Event: 25.263 Thread 0x00007fd9e3814800 Exception <a 'java/lang/NoSuchMethodError'{0x00000007816d12e0}: 'java.lang.Object java.lang.invoke.DelegatingMethodHandle$Holder.reinvoke_L(java.lang.Object, int, int, int, long, int, int, java.lang.Object, java.lang.Object, int)'> (0x00000007816d12e0) th
Event: 26.204 Thread 0x00007fd9e3814800 Exception <a 'java/io/FileNotFoundException'{0x00000007808ce7b0}> (0x00000007808ce7b0) thrown at [/corretto/workspace/corretto11-repo/installers/mac/tar/corretto-build/buildRoot/src/src/hotspot/share/prims/jni.cpp, line 615]
Event: 26.205 Thread 0x00007fd9e3814800 Exception <a 'java/io/FileNotFoundException'{0x00000007808d1cb0}> (0x00000007808d1cb0) thrown at [/corretto/workspace/corretto11-repo/installers/mac/tar/corretto-build/buildRoot/src/src/hotspot/share/prims/jni.cpp, line 615]
Event: 26.205 Thread 0x00007fd9e3814800 Exception <a 'java/io/FileNotFoundException'{0x00000007808d2c20}> (0x00000007808d2c20) thrown at [/corretto/workspace/corretto11-repo/installers/mac/tar/corretto-build/buildRoot/src/src/hotspot/share/prims/jni.cpp, line 615]
Event: 26.205 Thread 0x00007fd9e3814800 Exception <a 'java/io/FileNotFoundException'{0x00000007808e5670}> (0x00000007808e5670) thrown at [/corretto/workspace/corretto11-repo/installers/mac/tar/corretto-build/buildRoot/src/src/hotspot/share/prims/jni.cpp, line 615]
Event: 26.635 Thread 0x00007fd9e3814800 Exception <a 'java/lang/NoSuchMethodError'{0x000000078059b928}: 'java.lang.Object java.lang.invoke.DirectMethodHandle$Holder.invokeStatic(java.lang.Object, java.lang.Object, java.lang.Object, java.lang.Object, java.lang.Object, java.lang.Object, java.lang
Event: 26.892 Thread 0x00007fd9e3d3a800 Exception <a 'java/lang/NoClassDefFoundError'{0x0000000780b205b0}: com/sun/webkit/FileSystem> (0x0000000780b205b0) thrown at [/corretto/workspace/corretto11-repo/installers/mac/tar/corretto-build/buildRoot/src/src/hotspot/share/classfile/systemDictionary.
Event: 26.892 Thread 0x00007fd9e3d3a800 Exception <a 'java/lang/NoSuchMethodError'{0x0000000780b208c0}: fwkMakeAllDirectories> (0x0000000780b208c0) thrown at [/corretto/workspace/corretto11-repo/installers/mac/tar/corretto-build/buildRoot/src/src/hotspot/share/prims/jni.cpp, line 1331]

Events (20 events):
Event: 26.772 Thread 0x00007fd9e7002800 flushing nmethod 0x000000011bcab610
Event: 26.772 Thread 0x00007fd9e7002800 flushing nmethod 0x000000011bcabb90
Event: 26.772 Thread 0x00007fd9e7002800 flushing nmethod 0x000000011bcabf90
Event: 26.772 Thread 0x00007fd9e7002800 flushing nmethod 0x000000011bcad190
Event: 26.772 Thread 0x00007fd9e7002800 flushing nmethod 0x000000011bcadc10
Event: 26.772 Thread 0x00007fd9e7002800 flushing nmethod 0x000000011bcaf990
Event: 26.772 Thread 0x00007fd9e7002800 flushing nmethod 0x000000011bcbaa10
Event: 26.772 Thread 0x00007fd9e7002800 flushing nmethod 0x000000011bcbb310
Event: 26.772 Thread 0x00007fd9e7002800 flushing nmethod 0x000000011bcbbc10
Event: 26.772 Thread 0x00007fd9e7002800 flushing nmethod 0x000000011bcbc190
Event: 26.772 Thread 0x00007fd9e7002800 flushing nmethod 0x000000011bcbf090
Event: 26.772 Thread 0x00007fd9e7002800 flushing nmethod 0x000000011bcbf990
Event: 26.772 Thread 0x00007fd9e7002800 flushing nmethod 0x000000011bce7410
Event: 26.772 Thread 0x00007fd9e7002800 flushing nmethod 0x000000011bd15a10
Event: 26.772 Thread 0x00007fd9e7002800 flushing nmethod 0x000000011bd2c590
Event: 26.772 Thread 0x00007fd9e7002800 flushing nmethod 0x000000011bd32010
Event: 26.892 Protecting memory [0x000070000c8b7000,0x000070000c8bb000] with protection modes 0
Event: 26.892 Thread 0x00007fd9e3d3a800 Thread added: 0x00007fd9e3d3a800
Event: 26.892 loading class com/sun/webkit/FileSystem
Event: 26.892 loading class com/sun/webkit/FileSystem done


Dynamic libraries:
0x00007fff36b65000 	/System/Library/Frameworks/Cocoa.framework/Versions/A/Cocoa
0x00007fff44131000 	/System/Library/Frameworks/Security.framework/Versions/A/Security
0x00007fff35af0000 	/System/Library/Frameworks/ApplicationServices.framework/Versions/A/ApplicationServices
0x00007fff6e516000 	/usr/lib/libz.1.dylib
0x000000010f8fd000 	/Library/Java/JavaVirtualMachines/amazon-corretto-11.jdk/Contents/Home/lib/jli/libjli.dylib
0x00007fff6bfe9000 	/usr/lib/libSystem.B.dylib
0x00007fff34ce5000 	/System/Library/Frameworks/AppKit.framework/Versions/C/AppKit
0x00007fff375e8000 	/System/Library/Frameworks/CoreData.framework/Versions/A/CoreData
0x00007fff3a1a0000 	/System/Library/Frameworks/Foundation.framework/Versions/C/Foundation
0x00007fff68894000 	/System/Library/PrivateFrameworks/UIFoundation.framework/Versions/A/UIFoundation
0x00007fff6307f000 	/System/Library/PrivateFrameworks/RemoteViewServices.framework/Versions/A/RemoteViewServices
0x00007fff6b324000 	/System/Library/PrivateFrameworks/XCTTargetBootstrap.framework/Versions/A/XCTTargetBootstrap
0x00007fff379cb000 	/System/Library/Frameworks/CoreDisplay.framework/Versions/A/CoreDisplay
0x00007fff3cf18000 	/System/Library/Frameworks/Metal.framework/Versions/A/Metal
0x00007fff514a0000 	/System/Library/PrivateFrameworks/DesktopServicesPriv.framework/Versions/A/DesktopServicesPriv
0x00007fff6d11f000 	/usr/lib/liblangid.dylib
0x00007fff505f7000 	/System/Library/PrivateFrameworks/CoreSVG.framework/Versions/A/CoreSVG
0x00007fff65e41000 	/System/Library/PrivateFrameworks/SkyLight.framework/Versions/A/SkyLight
0x00007fff37f5d000 	/System/Library/Frameworks/CoreGraphics.framework/Versions/A/CoreGraphics
0x00007fff33884000 	/System/Library/Frameworks/Accelerate.framework/Versions/A/Accelerate
0x00007fff6e407000 	/usr/lib/libxml2.2.dylib
0x00007fff5c1be000 	/System/Library/PrivateFrameworks/IconServices.framework/Versions/A/IconServices
0x00007fff3a984000 	/System/Library/Frameworks/IOSurface.framework/Versions/A/IOSurface
0x00007fff6bb21000 	/usr/lib/libDiagnosticMessagesClient.dylib
0x00007fff51319000 	/System/Library/PrivateFrameworks/DFRFoundation.framework/Versions/A/DFRFoundation
0x00007fff6cead000 	/usr/lib/libicucore.A.dylib
0x00007fff35e22000 	/System/Library/Frameworks/AudioToolbox.framework/Versions/A/AudioToolbox
0x00007fff35f04000 	/System/Library/Frameworks/AudioUnit.framework/Versions/A/AudioUnit
0x00007fff6c1ea000 	/usr/lib/libauto.dylib
0x00007fff5139a000 	/System/Library/PrivateFrameworks/DataDetectorsCore.framework/Versions/A/DataDetectorsCore
0x00007fff36685000 	/System/Library/Frameworks/Carbon.framework/Versions/A/Frameworks/HIToolbox.framework/Versions/A/HIToolbox
0x00007fff43363000 	/System/Library/Frameworks/QuartzCore.framework/Versions/A/QuartzCore
0x00007fff369c4000 	/System/Library/Frameworks/Carbon.framework/Versions/A/Frameworks/SpeechRecognition.framework/Versions/A/SpeechRecognition
0x00007fff50c9f000 	/System/Library/PrivateFrameworks/CoreUI.framework/Versions/A/CoreUI
0x00007fff3704e000 	/System/Library/Frameworks/CoreAudio.framework/Versions/A/CoreAudio
0x00007fff39e68000 	/System/Library/Frameworks/DiskArbitration.framework/Versions/A/DiskArbitration
0x00007fff5e1d2000 	/System/Library/PrivateFrameworks/MultitouchSupport.framework/Versions/A/MultitouchSupport
0x00007fff6cd73000 	/usr/lib/libenergytrace.dylib
0x00007fff3a8df000 	/System/Library/Frameworks/IOKit.framework/Versions/A/IOKit
0x00007fff38ecb000 	/System/Library/Frameworks/CoreServices.framework/Versions/A/CoreServices
0x00007fff602dc000 	/System/Library/PrivateFrameworks/PerformanceAnalysis.framework/Versions/A/PerformanceAnalysis
0x00007fff42399000 	/System/Library/Frameworks/OpenGL.framework/Versions/A/OpenGL
0x00007fff6de3a000 	/usr/lib/libobjc.A.dylib
0x00007fff36b73000 	/System/Library/Frameworks/ColorSync.framework/Versions/A/ColorSync
0x00007fff37adb000 	/System/Library/Frameworks/CoreFoundation.framework/Versions/A/CoreFoundation
0x00007fff385e4000 	/System/Library/Frameworks/CoreImage.framework/Versions/A/CoreImage
0x00007fff39941000 	/System/Library/Frameworks/CoreText.framework/Versions/A/CoreText
0x00007fff3aa0a000 	/System/Library/Frameworks/ImageIO.framework/Versions/A/ImageIO
0x00007fff6c2cf000 	/usr/lib/libc++.1.dylib
0x00007fff6c34b000 	/usr/lib/libcompression.dylib
0x00007fff6be63000 	/usr/lib/libMobileGestalt.dylib
0x00007fff67976000 	/System/Library/PrivateFrameworks/TextureIO.framework/Versions/A/TextureIO
0x00007fff6c150000 	/usr/lib/libate.dylib
0x00007fff5c3c7000 	/System/Library/PrivateFrameworks/InternationalSupport.framework/Versions/A/InternationalSupport
0x00007fff6ef8c000 	/usr/lib/system/libcache.dylib
0x00007fff6ef92000 	/usr/lib/system/libcommonCrypto.dylib
0x00007fff6ef9e000 	/usr/lib/system/libcompiler_rt.dylib
0x00007fff6efa6000 	/usr/lib/system/libcopyfile.dylib
0x00007fff6efb0000 	/usr/lib/system/libcorecrypto.dylib
0x00007fff6f15e000 	/usr/lib/system/libdispatch.dylib
0x00007fff6f1a0000 	/usr/lib/system/libdyld.dylib
0x00007fff6f1d6000 	/usr/lib/system/libkeymgr.dylib
0x00007fff6f1e4000 	/usr/lib/system/liblaunch.dylib
0x00007fff6f1e5000 	/usr/lib/system/libmacho.dylib
0x00007fff6f1eb000 	/usr/lib/system/libquarantine.dylib
0x00007fff6f1ee000 	/usr/lib/system/libremovefile.dylib
0x00007fff6f1f0000 	/usr/lib/system/libsystem_asl.dylib
0x00007fff6f208000 	/usr/lib/system/libsystem_blocks.dylib
0x00007fff6f209000 	/usr/lib/system/libsystem_c.dylib
0x00007fff6f291000 	/usr/lib/system/libsystem_configuration.dylib
0x00007fff6f295000 	/usr/lib/system/libsystem_coreservices.dylib
0x00007fff6f299000 	/usr/lib/system/libsystem_darwin.dylib
0x00007fff6f2a2000 	/usr/lib/system/libsystem_dnssd.dylib
0x00007fff6f2aa000 	/usr/lib/system/libsystem_featureflags.dylib
0x00007fff6f2ac000 	/usr/lib/system/libsystem_info.dylib
0x00007fff6f327000 	/usr/lib/system/libsystem_m.dylib
0x00007fff6f36f000 	/usr/lib/system/libsystem_malloc.dylib
0x00007fff6f397000 	/usr/lib/system/libsystem_networkextension.dylib
0x00007fff6f3a5000 	/usr/lib/system/libsystem_notify.dylib
0x00007fff6f3c4000 	/usr/lib/system/libsystem_sandbox.dylib
0x00007fff6f3c9000 	/usr/lib/system/libsystem_secinit.dylib
0x00007fff6f2fa000 	/usr/lib/system/libsystem_kernel.dylib
0x00007fff6f3af000 	/usr/lib/system/libsystem_platform.dylib
0x00007fff6f3b9000 	/usr/lib/system/libsystem_pthread.dylib
0x00007fff6f3cc000 	/usr/lib/system/libsystem_symptoms.dylib
0x00007fff6f3d4000 	/usr/lib/system/libsystem_trace.dylib
0x00007fff6f3ec000 	/usr/lib/system/libunwind.dylib
0x00007fff6f3f2000 	/usr/lib/system/libxpc.dylib
0x00007fff6c323000 	/usr/lib/libc++abi.dylib
0x00007fff6d121000 	/usr/lib/liblzma.5.dylib
0x00007fff6cd9b000 	/usr/lib/libfakelink.dylib
0x00007fff6c0dd000 	/usr/lib/libarchive.2.dylib
0x00007fff452d1000 	/System/Library/Frameworks/SystemConfiguration.framework/Versions/A/SystemConfiguration
0x00007fff6ba52000 	/usr/lib/libCRFSuite.dylib
0x00007fff3627a000 	/System/Library/Frameworks/CFNetwork.framework/Versions/A/CFNetwork
0x00007fff6c2b1000 	/usr/lib/libbsm.0.dylib
0x00007fff6f1d7000 	/usr/lib/system/libkxld.dylib
0x00007fff4addb000 	/System/Library/PrivateFrameworks/AppleFSCompression.framework/Versions/A/AppleFSCompression
0x00007fff6c632000 	/usr/lib/libcoretls.dylib
0x00007fff6c649000 	/usr/lib/libcoretls_cfhelpers.dylib
0x00007fff6de7e000 	/usr/lib/libpam.2.dylib
0x00007fff6dfb1000 	/usr/lib/libsqlite3.dylib
0x00007fff6e3f4000 	/usr/lib/libxar.1.dylib
0x00007fff6c2c2000 	/usr/lib/libbz2.1.0.dylib
0x00007fff6cdbc000 	/usr/lib/libiconv.2.dylib
0x00007fff6c338000 	/usr/lib/libcharset.1.dylib
0x00007fff6d925000 	/usr/lib/libnetwork.dylib
0x00007fff6de85000 	/usr/lib/libpcap.A.dylib
0x00007fff6c092000 	/usr/lib/libapple_nghttp2.dylib
0x00007fff39282000 	/System/Library/Frameworks/CoreServices.framework/Versions/A/Frameworks/FSEvents.framework/Versions/A/FSEvents
0x00007fff38f52000 	/System/Library/Frameworks/CoreServices.framework/Versions/A/Frameworks/CarbonCore.framework/Versions/A/CarbonCore
0x00007fff394c5000 	/System/Library/Frameworks/CoreServices.framework/Versions/A/Frameworks/Metadata.framework/Versions/A/Metadata
0x00007fff3955e000 	/System/Library/Frameworks/CoreServices.framework/Versions/A/Frameworks/OSServices.framework/Versions/A/OSServices
0x00007fff3958c000 	/System/Library/Frameworks/CoreServices.framework/Versions/A/Frameworks/SearchKit.framework/Versions/A/SearchKit
0x00007fff38ecc000 	/System/Library/Frameworks/CoreServices.framework/Versions/A/Frameworks/AE.framework/Versions/A/AE
0x00007fff3928b000 	/System/Library/Frameworks/CoreServices.framework/Versions/A/Frameworks/LaunchServices.framework/Versions/A/LaunchServices
0x00007fff39234000 	/System/Library/Frameworks/CoreServices.framework/Versions/A/Frameworks/DictionaryServices.framework/Versions/A/DictionaryServices
0x00007fff395f4000 	/System/Library/Frameworks/CoreServices.framework/Versions/A/Frameworks/SharedFileList.framework/Versions/A/SharedFileList
0x00007fff3e1ed000 	/System/Library/Frameworks/NetFS.framework/Versions/A/NetFS
0x00007fff5e6ff000 	/System/Library/PrivateFrameworks/NetAuth.framework/Versions/A/NetAuth
0x00007fff6b6ef000 	/System/Library/PrivateFrameworks/login.framework/Versions/A/Frameworks/loginsupport.framework/Versions/A/loginsupport
0x00007fff67471000 	/System/Library/PrivateFrameworks/TCC.framework/Versions/A/TCC
0x00007fff4f9c6000 	/System/Library/PrivateFrameworks/CoreNLP.framework/Versions/A/CoreNLP
0x00007fff5dc02000 	/System/Library/PrivateFrameworks/MetadataUtilities.framework/Versions/A/MetadataUtilities
0x00007fff6d1f9000 	/usr/lib/libmecabra.dylib
0x00007fff6d151000 	/usr/lib/libmecab.dylib
0x00007fff6cdac000 	/usr/lib/libgermantok.dylib
0x00007fff6c079000 	/usr/lib/libThaiTokenizer.dylib
0x00007fff6ba8a000 	/usr/lib/libChineseTokenizer.dylib
0x00007fff3389c000 	/System/Library/Frameworks/Accelerate.framework/Versions/A/Frameworks/vImage.framework/Versions/A/vImage
0x00007fff34b3f000 	/System/Library/Frameworks/Accelerate.framework/Versions/A/Frameworks/vecLib.framework/Versions/A/vecLib
0x00007fff34a83000 	/System/Library/Frameworks/Accelerate.framework/Versions/A/Frameworks/vecLib.framework/Versions/A/libvMisc.dylib
0x00007fff348a9000 	/System/Library/Frameworks/Accelerate.framework/Versions/A/Frameworks/vecLib.framework/Versions/A/libvDSP.dylib
0x00007fff33f08000 	/System/Library/Frameworks/Accelerate.framework/Versions/A/Frameworks/vecLib.framework/Versions/A/libBLAS.dylib
0x00007fff34463000 	/System/Library/Frameworks/Accelerate.framework/Versions/A/Frameworks/vecLib.framework/Versions/A/libLAPACK.dylib
0x00007fff34809000 	/System/Library/Frameworks/Accelerate.framework/Versions/A/Frameworks/vecLib.framework/Versions/A/libLinearAlgebra.dylib
0x00007fff34896000 	/System/Library/Frameworks/Accelerate.framework/Versions/A/Frameworks/vecLib.framework/Versions/A/libSparseBLAS.dylib
0x00007fff3481f000 	/System/Library/Frameworks/Accelerate.framework/Versions/A/Frameworks/vecLib.framework/Versions/A/libQuadrature.dylib
0x00007fff34172000 	/System/Library/Frameworks/Accelerate.framework/Versions/A/Frameworks/vecLib.framework/Versions/A/libBNNS.dylib
0x00007fff34825000 	/System/Library/Frameworks/Accelerate.framework/Versions/A/Frameworks/vecLib.framework/Versions/A/libSparse.dylib
0x00007fff5c786000 	/System/Library/PrivateFrameworks/LanguageModeling.framework/Versions/A/LanguageModeling
0x00007fff4f362000 	/System/Library/PrivateFrameworks/CoreEmoji.framework/Versions/A/CoreEmoji
0x00007fff5c8a4000 	/System/Library/PrivateFrameworks/LinguisticData.framework/Versions/A/LinguisticData
0x00007fff5c855000 	/System/Library/PrivateFrameworks/Lexicon.framework/Versions/A/Lexicon
0x00007fff6c339000 	/usr/lib/libcmph.dylib
0x00007fff40dbf000 	/System/Library/Frameworks/OpenDirectory.framework/Versions/A/Frameworks/CFOpenDirectory.framework/Versions/A/CFOpenDirectory
0x00007fff40ddc000 	/System/Library/Frameworks/OpenDirectory.framework/Versions/A/OpenDirectory
0x00007fff490aa000 	/System/Library/PrivateFrameworks/APFS.framework/Versions/A/APFS
0x00007fff44484000 	/System/Library/Frameworks/SecurityFoundation.framework/Versions/A/SecurityFoundation
0x00007fff6e3f0000 	/usr/lib/libutil.dylib
0x00007fff5064f000 	/System/Library/PrivateFrameworks/CoreServicesStore.framework/Versions/A/CoreServicesStore
0x00007fff4453c000 	/System/Library/Frameworks/ServiceManagement.framework/Versions/A/ServiceManagement
0x00007fff4c592000 	/System/Library/PrivateFrameworks/BackgroundTaskManagement.framework/Versions/A/BackgroundTaskManagement
0x00007fff6e4ed000 	/usr/lib/libxslt.1.dylib
0x00007fff4b440000 	/System/Library/PrivateFrameworks/AppleSystemInfo.framework/Versions/A/AppleSystemInfo
0x00007fff3ac27000 	/System/Library/Frameworks/ImageIO.framework/Versions/A/Resources/libJPEG.dylib
0x00007fff3aee6000 	/System/Library/Frameworks/ImageIO.framework/Versions/A/Resources/libTIFF.dylib
0x00007fff3aec9000 	/System/Library/Frameworks/ImageIO.framework/Versions/A/Resources/libPng.dylib
0x00007fff3ab68000 	/System/Library/Frameworks/ImageIO.framework/Versions/A/Resources/libGIF.dylib
0x00007fff3ab6c000 	/System/Library/Frameworks/ImageIO.framework/Versions/A/Resources/libJP2.dylib
0x00007fff3aee4000 	/System/Library/Frameworks/ImageIO.framework/Versions/A/Resources/libRadiance.dylib
0x00007fff6cd74000 	/usr/lib/libexpat.1.dylib
0x00007fff4af36000 	/System/Library/PrivateFrameworks/AppleJPEG.framework/Versions/A/AppleJPEG
0x00007fff538bc000 	/System/Library/PrivateFrameworks/FontServices.framework/libFontParser.dylib
0x00007fff6a746000 	/System/Library/PrivateFrameworks/WatchdogClient.framework/Versions/A/WatchdogClient
0x00007fff5be13000 	/System/Library/PrivateFrameworks/IOAccelerator.framework/Versions/A/IOAccelerator
0x00007fff3d2a6000 	/System/Library/Frameworks/MetalPerformanceShaders.framework/Versions/A/MetalPerformanceShaders
0x00007fff5860a000 	/System/Library/PrivateFrameworks/GPUWrangler.framework/Versions/A/GPUWrangler
0x00007fff5be1e000 	/System/Library/PrivateFrameworks/IOPresentment.framework/Versions/A/IOPresentment
0x00007fff5132c000 	/System/Library/PrivateFrameworks/DSExternalDisplay.framework/Versions/A/DSExternalDisplay
0x00007fff41745000 	/System/Library/Frameworks/OpenGL.framework/Versions/A/Libraries/libCoreFSCache.dylib
0x00007fff3cff8000 	/System/Library/Frameworks/MetalPerformanceShaders.framework/Frameworks/MPSCore.framework/Versions/A/MPSCore
0x00007fff3d035000 	/System/Library/Frameworks/MetalPerformanceShaders.framework/Frameworks/MPSImage.framework/Versions/A/MPSImage
0x00007fff3d0f7000 	/System/Library/Frameworks/MetalPerformanceShaders.framework/Frameworks/MPSNeuralNetwork.framework/Versions/A/MPSNeuralNetwork
0x00007fff3d0bc000 	/System/Library/Frameworks/MetalPerformanceShaders.framework/Frameworks/MPSMatrix.framework/Versions/A/MPSMatrix
0x00007fff3d257000 	/System/Library/Frameworks/MetalPerformanceShaders.framework/Frameworks/MPSRayIntersector.framework/Versions/A/MPSRayIntersector
0x00007fff3d0e1000 	/System/Library/Frameworks/MetalPerformanceShaders.framework/Frameworks/MPSNDArray.framework/Versions/A/MPSNDArray
0x00007fff5dc4f000 	/System/Library/PrivateFrameworks/MetalTools.framework/Versions/A/MetalTools
0x00007fff4a261000 	/System/Library/PrivateFrameworks/AggregateDictionary.framework/Versions/A/AggregateDictionary
0x00007fff4edec000 	/System/Library/PrivateFrameworks/CoreAnalytics.framework/Versions/A/CoreAnalytics
0x00007fff4b35e000 	/System/Library/PrivateFrameworks/AppleSauce.framework/Versions/A/AppleSauce
0x00007fff6bd46000 	/usr/lib/libIOReport.dylib
0x00007fff39af6000 	/System/Library/Frameworks/CoreVideo.framework/Versions/A/CoreVideo
0x00007fff59a76000 	/System/Library/PrivateFrameworks/GraphVisualizer.framework/Versions/A/GraphVisualizer
0x00007fff52e3d000 	/System/Library/PrivateFrameworks/FaceCore.framework/Versions/A/FaceCore
0x00007fff40d66000 	/System/Library/Frameworks/OpenCL.framework/Versions/A/OpenCL
0x00007fff6bb68000 	/usr/lib/libFosl_dynamic.dylib
0x00007fff5f0fa000 	/System/Library/PrivateFrameworks/OTSVG.framework/Versions/A/OTSVG
0x00007fff35bf5000 	/System/Library/Frameworks/ApplicationServices.framework/Versions/A/Frameworks/ATS.framework/Versions/A/Resources/libFontRegistry.dylib
0x00007fff53a8d000 	/System/Library/PrivateFrameworks/FontServices.framework/libhvf.dylib
0x00007fff41750000 	/System/Library/Frameworks/OpenGL.framework/Versions/A/Libraries/libGFXShared.dylib
0x00007fff4192d000 	/System/Library/Frameworks/OpenGL.framework/Versions/A/Libraries/libGLU.dylib
0x00007fff41759000 	/System/Library/Frameworks/OpenGL.framework/Versions/A/Libraries/libGL.dylib
0x00007fff41764000 	/System/Library/Frameworks/OpenGL.framework/Versions/A/Libraries/libGLImage.dylib
0x00007fff41742000 	/System/Library/Frameworks/OpenGL.framework/Versions/A/Libraries/libCVMSPluginSupport.dylib
0x00007fff4174b000 	/System/Library/Frameworks/OpenGL.framework/Versions/A/Libraries/libCoreVMClient.dylib
0x00007fff6d7c7000 	/usr/lib/libncurses.5.4.dylib
0x00007fff35af1000 	/System/Library/Frameworks/ApplicationServices.framework/Versions/A/Frameworks/ATS.framework/Versions/A/ATS
0x00007fff35cbe000 	/System/Library/Frameworks/ApplicationServices.framework/Versions/A/Frameworks/ColorSyncLegacy.framework/Versions/A/ColorSyncLegacy
0x00007fff35d5d000 	/System/Library/Frameworks/ApplicationServices.framework/Versions/A/Frameworks/HIServices.framework/Versions/A/HIServices
0x00007fff35db4000 	/System/Library/Frameworks/ApplicationServices.framework/Versions/A/Frameworks/LangAnalysis.framework/Versions/A/LangAnalysis
0x00007fff35dc3000 	/System/Library/Frameworks/ApplicationServices.framework/Versions/A/Frameworks/PrintCore.framework/Versions/A/PrintCore
0x00007fff35e09000 	/System/Library/Frameworks/ApplicationServices.framework/Versions/A/Frameworks/QD.framework/Versions/A/QD
0x00007fff35e14000 	/System/Library/Frameworks/ApplicationServices.framework/Versions/A/Frameworks/SpeechSynthesis.framework/Versions/A/SpeechSynthesis
0x00007fff35c8e000 	/System/Library/Frameworks/ApplicationServices.framework/Versions/A/Frameworks/ATSUI.framework/Versions/A/ATSUI
0x00007fff6cc08000 	/usr/lib/libcups.2.dylib
0x00007fff3c355000 	/System/Library/Frameworks/Kerberos.framework/Versions/A/Kerberos
0x00007fff3a5d5000 	/System/Library/Frameworks/GSS.framework/Versions/A/GSS
0x00007fff6df3d000 	/usr/lib/libresolv.9.dylib
0x00007fff59c17000 	/System/Library/PrivateFrameworks/Heimdal.framework/Versions/A/Heimdal
0x00007fff3c368000 	/System/Library/Frameworks/Kerberos.framework/Versions/A/Libraries/libHeimdalProxy.dylib
0x00007fff6cdb2000 	/usr/lib/libheimdal-asn1.dylib
0x00007fff4e292000 	/System/Library/PrivateFrameworks/CommonAuth.framework/Versions/A/CommonAuth
0x00007fff4b4dd000 	/System/Library/PrivateFrameworks/AssertionServices.framework/Versions/A/AssertionServices
0x00007fff4c080000 	/System/Library/PrivateFrameworks/AudioToolboxCore.framework/Versions/A/AudioToolboxCore
0x00007fff6b3a0000 	/System/Library/PrivateFrameworks/caulk.framework/Versions/A/caulk
0x00007fff4c63e000 	/System/Library/PrivateFrameworks/BaseBoard.framework/Versions/A/BaseBoard
0x00007fff6320e000 	/System/Library/PrivateFrameworks/RunningBoardServices.framework/Versions/A/RunningBoardServices
0x00007fff602e8000 	/System/Library/PrivateFrameworks/PersistentConnection.framework/Versions/A/PersistentConnection
0x00007fff62c5d000 	/System/Library/PrivateFrameworks/ProtocolBuffer.framework/Versions/A/ProtocolBuffer
0x00007fff4e2b7000 	/System/Library/PrivateFrameworks/CommonUtilities.framework/Versions/A/CommonUtilities
0x00007fff4c7c1000 	/System/Library/PrivateFrameworks/Bom.framework/Versions/A/Bom
0x00007fff6ba15000 	/usr/lib/libAudioToolboxUtility.dylib
0x00007fff4c59c000 	/System/Library/PrivateFrameworks/Backup.framework/Versions/A/Backup
0x00007fff5109c000 	/System/Library/PrivateFrameworks/CrashReporterSupport.framework/Versions/A/CrashReporterSupport
0x00007fff64d05000 	/System/Library/PrivateFrameworks/Sharing.framework/Versions/A/Sharing
0x00007fff4ac81000 	/System/Library/PrivateFrameworks/Apple80211.framework/Versions/A/Apple80211
0x00007fff4c2be000 	/System/Library/PrivateFrameworks/AuthKit.framework/Versions/A/AuthKit
0x00007fff50dcc000 	/System/Library/PrivateFrameworks/CoreUtils.framework/Versions/A/CoreUtils
0x00007fff39b3b000 	/System/Library/Frameworks/CoreWLAN.framework/Versions/A/CoreWLAN
0x00007fff3a760000 	/System/Library/Frameworks/IOBluetooth.framework/Versions/A/IOBluetooth
0x00007fff5df4d000 	/System/Library/PrivateFrameworks/MobileKeyBag.framework/Versions/A/MobileKeyBag
0x00007fff4fea2000 	/System/Library/PrivateFrameworks/CorePhoneNumbers.framework/Versions/A/CorePhoneNumbers
0x00007fff4aee9000 	/System/Library/PrivateFrameworks/AppleIDAuthSupport.framework/Versions/A/AppleIDAuthSupport
0x00007fff3e1fa000 	/System/Library/Frameworks/Network.framework/Versions/A/Network
0x00007fff5c60e000 	/System/Library/PrivateFrameworks/KeychainCircle.framework/Versions/A/KeychainCircle
0x00007fff375b0000 	/System/Library/Frameworks/CoreBluetooth.framework/Versions/A/CoreBluetooth
0x00007fff66981000 	/System/Library/PrivateFrameworks/SpeechRecognitionCore.framework/Versions/A/SpeechRecognitionCore
0x0000000111200000 	/Library/Java/JavaVirtualMachines/amazon-corretto-11.jdk/Contents/Home/lib/server/libjvm.dylib
0x000000010f924000 	/Library/Java/JavaVirtualMachines/amazon-corretto-11.jdk/Contents/Home/lib/libverify.dylib
0x000000010f930000 	/Library/Java/JavaVirtualMachines/amazon-corretto-11.jdk/Contents/Home/lib/libjava.dylib
0x000000010f971000 	/Library/Java/JavaVirtualMachines/amazon-corretto-11.jdk/Contents/Home/lib/libinstrument.dylib
0x000000010f9f5000 	/Library/Java/JavaVirtualMachines/amazon-corretto-11.jdk/Contents/Home/lib/libzip.dylib
0x0000000111f50000 	/Library/Java/JavaVirtualMachines/amazon-corretto-11.jdk/Contents/Home/lib/libjimage.dylib
0x00000001311c9000 	/Library/Java/JavaVirtualMachines/amazon-corretto-11.jdk/Contents/Home/lib/libnio.dylib
0x00000001311d7000 	/Library/Java/JavaVirtualMachines/amazon-corretto-11.jdk/Contents/Home/lib/libnet.dylib
0x0000000131274000 	/Library/Java/JavaVirtualMachines/amazon-corretto-11.jdk/Contents/Home/lib/libextnet.dylib
0x00000001312e3000 	/Library/Java/JavaVirtualMachines/amazon-corretto-11.jdk/Contents/Home/lib/libawt.dylib
0x000000013137e000 	/Library/Java/JavaVirtualMachines/amazon-corretto-11.jdk/Contents/Home/lib/libmlib_image.dylib
0x00007fff3c33e000 	/System/Library/Frameworks/JavaVM.framework/Versions/A/Frameworks/JavaNativeFoundation.framework/Versions/A/JavaNativeFoundation
0x00007fff3c347000 	/System/Library/Frameworks/JavaVM.framework/Versions/A/Frameworks/JavaRuntimeSupport.framework/Versions/A/JavaRuntimeSupport
0x00007fff3c350000 	/System/Library/Frameworks/JavaVM.framework/Versions/A/JavaVM
0x00007fff5c471000 	/System/Library/PrivateFrameworks/JavaLaunching.framework/Versions/A/JavaLaunching
0x00007fff36680000 	/System/Library/Frameworks/Carbon.framework/Versions/A/Carbon
0x00007fff50b80000 	/System/Library/PrivateFrameworks/CoreSymbolication.framework/Versions/A/CoreSymbolication
0x00007fff36681000 	/System/Library/Frameworks/Carbon.framework/Versions/A/Frameworks/CommonPanels.framework/Versions/A/CommonPanels
0x00007fff3697a000 	/System/Library/Frameworks/Carbon.framework/Versions/A/Frameworks/Help.framework/Versions/A/Help
0x00007fff3697e000 	/System/Library/Frameworks/Carbon.framework/Versions/A/Frameworks/ImageCapture.framework/Versions/A/ImageCapture
0x00007fff36985000 	/System/Library/Frameworks/Carbon.framework/Versions/A/Frameworks/OpenScripting.framework/Versions/A/OpenScripting
0x00007fff36984000 	/System/Library/Frameworks/Carbon.framework/Versions/A/Frameworks/Ink.framework/Versions/A/Ink
0x00007fff369c0000 	/System/Library/Frameworks/Carbon.framework/Versions/A/Frameworks/Print.framework/Versions/A/Print
0x00007fff369c1000 	/System/Library/Frameworks/Carbon.framework/Versions/A/Frameworks/SecurityHI.framework/Versions/A/SecurityHI
0x00007fff51461000 	/System/Library/PrivateFrameworks/DebugSymbols.framework/Versions/A/DebugSymbols
0x00000001313e9000 	/Library/Java/JavaVirtualMachines/amazon-corretto-11.jdk/Contents/Home/lib/libawt_lwawt.dylib
0x0000000131498000 	/Library/Java/JavaVirtualMachines/amazon-corretto-11.jdk/Contents/Home/lib/libosxapp.dylib
0x00007fff3a043000 	/System/Library/Frameworks/ExceptionHandling.framework/Versions/A/ExceptionHandling
0x00000001315c3000 	/Library/Java/JavaVirtualMachines/amazon-corretto-11.jdk/Contents/Home/lib/libfontmanager.dylib
0x00000001316bc000 	/Library/Java/JavaVirtualMachines/amazon-corretto-11.jdk/Contents/Home/lib/libfreetype.dylib
0x00007fff5061b000 	/System/Library/PrivateFrameworks/CoreServicesInternal.framework/Versions/A/CoreServicesInternal
0x00007fff3a062000 	/System/Library/Frameworks/FileProvider.framework/Versions/A/FileProvider
0x00007fff34b40000 	/System/Library/Frameworks/Accounts.framework/Versions/A/Accounts
0x00007fff5892c000 	/System/Library/PrivateFrameworks/GenerationalStorage.framework/Versions/A/GenerationalStorage
0x00007fff671b2000 	/System/Library/PrivateFrameworks/SymptomDiagnosticReporter.framework/Versions/A/SymptomDiagnosticReporter
0x00007fff4a772000 	/System/Library/PrivateFrameworks/AppContainer.framework/Versions/A/AppContainer
0x00007fff6df57000 	/usr/lib/libsandbox.1.dylib
0x00007fff696e2000 	/System/Library/PrivateFrameworks/UserManagement.framework/Versions/A/UserManagement
0x00007fff4d383000 	/System/Library/PrivateFrameworks/ChunkingLibrary.framework/Versions/A/ChunkingLibrary
0x00007fff4a7e4000 	/System/Library/PrivateFrameworks/AppSandbox.framework/Versions/A/AppSandbox
0x00007fff64b8f000 	/System/Library/PrivateFrameworks/SecCodeWrapper.framework/Versions/A/SecCodeWrapper
0x00007fff6be2c000 	/usr/lib/libMatch.1.dylib
0x00007fff2c160000 	/System/Library/CoreServices/RawCamera.bundle/Contents/MacOS/RawCamera
0x00007fff5dd77000 	/System/Library/PrivateFrameworks/MobileAsset.framework/Versions/A/MobileAsset
0x00007fff67060000 	/System/Library/PrivateFrameworks/StreamingZip.framework/Versions/A/StreamingZip
0x00007fff3c7d1000 	/System/Library/Frameworks/MediaToolbox.framework/Versions/A/MediaToolbox
0x00007fff4ed9b000 	/System/Library/PrivateFrameworks/CoreAVCHD.framework/Versions/A/CoreAVCHD
0x00007fff3c6fb000 	/System/Library/Frameworks/MediaAccessibility.framework/Versions/A/MediaAccessibility
0x00007fff5d142000 	/System/Library/PrivateFrameworks/Mangrove.framework/Versions/A/Mangrove
0x00007fff38d05000 	/System/Library/Frameworks/CoreMedia.framework/Versions/A/CoreMedia
0x00007fff5d3ae000 	/System/Library/PrivateFrameworks/MediaExperience.framework/Versions/A/MediaExperience
0x00007fff455b7000 	/System/Library/Frameworks/VideoToolbox.framework/Versions/A/VideoToolbox
0x00007fff4e9c5000 	/System/Library/PrivateFrameworks/CoreAUC.framework/Versions/A/CoreAUC
0x00007fff6dfaf000 	/usr/lib/libspindump.dylib
0x00007fff4ba2b000 	/System/Library/PrivateFrameworks/AudioResourceArbitration.framework/Versions/A/AudioResourceArbitration
0x00007fff4b444000 	/System/Library/PrivateFrameworks/AppleVA.framework/Versions/A/AppleVA
0x00007fff33885000 	/System/Library/Frameworks/Accelerate.framework/Versions/A/Frameworks/vImage.framework/Versions/A/Libraries/libCGInterfaces.dylib
0x00000001311aa000 	/usr/lib/libobjc-trampolines.dylib
0x00007fff539f4000 	/System/Library/PrivateFrameworks/FontServices.framework/libTrueTypeScaler.dylib
0x00007fff2c36f000 	/System/Library/Extensions/AMDMTLBronzeDriver.bundle/Contents/MacOS/AMDMTLBronzeDriver
0x00007fff5be09000 	/System/Library/PrivateFrameworks/IOAccelMemoryInfo.framework/Versions/A/IOAccelMemoryInfo
0x00007fff307a9000 	/System/Library/Extensions/AppleIntelKBLGraphicsMTLDriver.bundle/Contents/MacOS/AppleIntelKBLGraphicsMTLDriver
0x00007fff56f62000 	/System/Library/PrivateFrameworks/GPUCompiler.framework/Versions/3902/Libraries/libmetal_timestamp.dylib
0x00007fff6a4b6000 	/System/Library/PrivateFrameworks/ViewBridge.framework/Versions/A/ViewBridge
0x00007fff6b6f2000 	/System/Library/PrivateFrameworks/login.framework/Versions/A/login
0x0000000133131000 	/Library/Java/JavaVirtualMachines/amazon-corretto-11.jdk/Contents/Home/lib/libprefs.dylib
0x00007fff423a9000 	/System/Library/Frameworks/OpenGL.framework/Versions/A/Resources/GLEngine.bundle/GLEngine
0x00007fff4179a000 	/System/Library/Frameworks/OpenGL.framework/Versions/A/Libraries/libGLProgrammability.dylib
0x00007fff2f980000 	/System/Library/Extensions/AppleIntelKBLGraphicsGLDriver.bundle/Contents/MacOS/AppleIntelKBLGraphicsGLDriver
0x00007fff585fe000 	/System/Library/PrivateFrameworks/GPUSupport.framework/Versions/A/Libraries/libGPUSupportMercury.dylib
0x00000001345dd000 	/System/Library/Extensions/AMDRadeonX4000GLDriver.bundle/Contents/MacOS/AMDRadeonX4000GLDriver
0x00007fff2c490000 	/System/Library/Extensions/AMDRadeonX4000GLDriver.bundle/Contents/MacOS/ATIRadeonX4000SCLib.dylib
0x00007fff2dab5000 	/System/Library/Extensions/AMDShared.bundle/Contents/PlugIns/libSC.dylib
0x00007fff42523000 	/System/Library/Frameworks/OpenGL.framework/Versions/A/Resources/GLRendererFloat.bundle/GLRendererFloat
0x00007fff40d5d000 	/System/Library/Frameworks/OpenCL.framework/Versions/A/Libraries/libcldcpuengine.dylib
0x00007fff6c7ed000 	/usr/lib/libcrypto.35.dylib
0x00007fff67bba000 	/System/Library/PrivateFrameworks/TrustEvaluationAgent.framework/Versions/A/TrustEvaluationAgent
0x0000000133d8a000 	/Library/Java/JavaVirtualMachines/amazon-corretto-11.jdk/Contents/Home/lib/libosxui.dylib
0x0000000166845000 	/Library/Java/JavaVirtualMachines/amazon-corretto-11.jdk/Contents/Home/lib/libjavajpeg.dylib
0x0000000156d1b000 	/Users/adventure/.codenameone/javafx/lib/libprism_es2.dylib
0x0000000166b2f000 	/Users/adventure/.codenameone/javafx/lib/libglass.dylib
0x000000016acf6000 	/Users/adventure/.codenameone/javafx/lib/libjfxwebkit.dylib
0x00000001668be000 	/Users/adventure/.codenameone/javafx/lib/libjavafx_font.dylib
0x00000001671f3000 	/Library/Java/JavaVirtualMachines/amazon-corretto-11.jdk/Contents/Home/lib/libsunec.dylib
0x00000001689f1000 	/Users/adventure/.codenameone/javafx/lib/libjavafx_iio.dylib
0x0000000167218000 	/Library/Java/JavaVirtualMachines/amazon-corretto-11.jdk/Contents/Home/lib/liblcms.dylib
0x0000000171d00000 	/Users/adventure/.codenameone/javafx/lib/libglib-lite.dylib
0x00007fff6cd9e000 	/usr/lib/libffi.dylib
0x0000000177000000 	/Users/adventure/.codenameone/javafx/lib/libgstreamer-lite.dylib
0x0000000167f6d000 	/Users/adventure/.codenameone/javafx/lib/libjfxmedia.dylib
0x0000000168200000 	/Users/adventure/.codenameone/javafx/lib/libjfxmedia_avf.dylib
0x00007fff3349e000 	/System/Library/Frameworks/AVFoundation.framework/Versions/A/AVFoundation
0x00007fff33698000 	/System/Library/Frameworks/AVFoundation.framework/Versions/A/Frameworks/AVFAudio.framework/Versions/A/AVFAudio
0x00007fff38de0000 	/System/Library/Frameworks/CoreMediaIO.framework/Versions/A/CoreMediaIO
0x00007fff6ba08000 	/usr/lib/libAudioStatistics.dylib
0x00007fff6b737000 	/System/Library/PrivateFrameworks/perfdata.framework/Versions/A/perfdata
0x00007fff6def9000 	/usr/lib/libperfcheck.dylib
0x00007fff6bef7000 	/usr/lib/libSMC.dylib


VM Arguments:
jvm_args: -Xms128m -Xmx2048m -XX:ReservedCodeCacheSize=240m -XX:+UseConcMarkSweepGC -XX:SoftRefLRUPolicyMSPerMB=50 -ea -XX:CICompilerCount=2 -Dsun.io.useCanonPrefixCache=false -Djava.net.preferIPv4Stack=true -Djdk.http.auth.tunneling.disabledSchemes="" -XX:+HeapDumpOnOutOfMemoryError -XX:-OmitStackTraceInFastThrow -Djdk.attach.allowAttachSelf=true -Dkotlinx.coroutines.debug=off -Djdk.module.illegalAccess.silent=true -XX:+UseCompressedOops -Dfile.encoding=UTF-8 -XX:ErrorFile=$USER_HOME/java_error_in_idea_%p.log -XX:HeapDumpPath=$USER_HOME/java_error_in_idea.hprof -Dapple.laf.useScreenMenuBar=true -javaagent:/Applications/IntelliJ IDEA CE.app/Contents/lib/idea_rt.jar=51200:/Applications/IntelliJ IDEA CE.app/Contents/bin 
java_command: com.codename1.impl.javase.Simulator com.codename1.demos.kitchen.MyApplication
java_class_path (initial): /Users/adventure/Desktop/kitchesinkdemo/out/production/kitchesinkdemo:/Users/adventure/Desktop/kitchesinkdemo/src:/Users/adventure/Desktop/kitchesinkdemo/lib/CodenameOne.jar:/Users/adventure/Desktop/kitchesinkdemo/JavaSE.jar:native/internal_tmp:lib/impl/cls
Launcher Type: SUN_STANDARD

[Global flags]
     intx CICompilerCount                          = 2                                         {product} {command line}
    ccstr ErrorFile                                = $USER_HOME/java_error_in_idea_%p.log            {product} {command line}
     bool HeapDumpOnOutOfMemoryError               = true                                   {manageable} {command line}
    ccstr HeapDumpPath                             = $USER_HOME/java_error_in_idea.hprof         {manageable} {command line}
   size_t InitialHeapSize                          = 134217728                                 {product} {command line}
   size_t MaxHeapSize                              = 2147483648                                {product} {command line}
   size_t MaxNewSize                               = 715784192                                 {product} {ergonomic}
    uintx MaxTenuringThreshold                     = 6                                         {product} {ergonomic}
   size_t MinHeapDeltaBytes                        = 196608                                    {product} {ergonomic}
   size_t NewSize                                  = 44695552                                  {product} {ergonomic}
    uintx NonNMethodCodeHeapSize                   = 5825164                                {pd product} {ergonomic}
    uintx NonProfiledCodeHeapSize                  = 122916538                              {pd product} {ergonomic}
   size_t OldSize                                  = 89522176                                  {product} {ergonomic}
     bool OmitStackTraceInFastThrow                = false                                     {product} {command line}
    uintx ProfiledCodeHeapSize                     = 122916538                              {pd product} {ergonomic}
    uintx ReservedCodeCacheSize                    = 251658240                              {pd product} {command line}
     bool SegmentedCodeCache                       = true                                      {product} {ergonomic}
     intx SoftRefLRUPolicyMSPerMB                  = 50                                        {product} {command line}
     bool UseCompressedClassPointers               = true                                 {lp64_product} {ergonomic}
     bool UseCompressedOops                        = true                                 {lp64_product} {command line}
     bool UseConcMarkSweepGC                       = true                                      {product} {command line}

Logging:
Log output configuration:
 #0: stdout all=warning uptime,level,tags
 #1: stderr all=off uptime,level,tags

Environment Variables:
JAVA_HOME=/Library/Java/JavaVirtualMachines/amazon-corretto-11.jdk/Contents/Home
PATH=/usr/local/bin:/Library/Frameworks/Python.framework/Versions/3.7/bin:/usr/local/bin:/usr/bin:/bin:/usr/sbin:/sbin:/Users/adventure/dev/flutter/bin:/Users/adventure/Library/Android/sdk/tools:/Users/adventure/Library/Android/sdk/platform-tools
SHELL=/bin/zsh

Signal Handlers:
SIGSEGV: [libjvm.dylib+0x7577d8], sa_mask[0]=11111111011111110111111111111111, sa_flags=SA_ONSTACK|SA_RESTART|SA_SIGINFO
SIGBUS: [libjvm.dylib+0x7577d8], sa_mask[0]=11111111011111110111111111111111, sa_flags=SA_RESTART|SA_SIGINFO
SIGFPE: [libjvm.dylib+0x7577d8], sa_mask[0]=11111111011111110111111111111111, sa_flags=SA_RESTART|SA_SIGINFO
SIGPIPE: [libjvm.dylib+0x5fbe5c], sa_mask[0]=11111111011111110111111111111111, sa_flags=SA_RESTART|SA_SIGINFO
SIGXFSZ: [libjvm.dylib+0x5fbe5c], sa_mask[0]=11111111011111110111111111111111, sa_flags=SA_RESTART|SA_SIGINFO
SIGILL: [libjvm.dylib+0x7577d8], sa_mask[0]=11111111011111110111111111111111, sa_flags=SA_RESTART|SA_SIGINFO
SIGUSR2: [libjvm.dylib+0x5fc45a], sa_mask[0]=00100000000000000000000000000000, sa_flags=SA_RESTART|SA_SIGINFO
SIGHUP: [libjvm.dylib+0x5faf37], sa_mask[0]=11111111011111110111111111111111, sa_flags=SA_RESTART|SA_SIGINFO
SIGINT: [libjvm.dylib+0x5faf37], sa_mask[0]=11111111011111110111111111111111, sa_flags=SA_RESTART|SA_SIGINFO
SIGTERM: [libjvm.dylib+0x5faf37], sa_mask[0]=11111111011111110111111111111111, sa_flags=SA_RESTART|SA_SIGINFO
SIGQUIT: [libjvm.dylib+0x5faf37], sa_mask[0]=11111111011111110111111111111111, sa_flags=SA_RESTART|SA_SIGINFO


---------------  S Y S T E M  ---------------

OS:uname:Darwin 19.2.0 Darwin Kernel Version 19.2.0: Sat Nov  9 03:47:04 PST 2019; root:xnu-6153.61.1~20/RELEASE_X86_64 x86_64
rlimit: STACK 8192k, CORE 0k, NPROC 2784, NOFILE 10240, AS infinity, DATA infinity, FSIZE infinity
load average:2.16 2.33 2.38

CPU:total 12 (initial active 12) (6 cores per cpu, 2 threads per core) family 6 model 158 stepping 10, cmov, cx8, fxsr, mmx, sse, sse2, sse3, ssse3, sse4.1, sse4.2, popcnt, avx, avx2, aes, clmul, erms, 3dnowpref, lzcnt, ht, tsc, tscinvbit, bmi1, bmi2, adx, fma

Memory: 4k page, physical 16777216k(551412k free), swap 0k(0k free)

vm_info: OpenJDK 64-Bit Server VM (11.0.5+10-LTS) for bsd-amd64 JRE (11.0.5+10-LTS), built on Nov 12 2019 17:01:34 by "root" with gcc 4.2.1 Compatible Apple LLVM 8.0.0 (clang-800.0.42.1)

END.
