#
# A fatal error has been detected by the Java Runtime Environment:
#
#  SIGSEGV (0xb) at pc=0x000000010c1e96f6, pid=1356, tid=104531
#
# JRE version: OpenJDK Runtime Environment (11.0.5+10) (build 11.0.5+10-LTS)
# Java VM: OpenJDK 64-Bit Server VM (11.0.5+10-LTS, mixed mode, tiered, compressed oops, concurrent mark sweep gc, bsd-amd64)
# Problematic frame:
# V  [libjvm.dylib+0x3e96f6]  jni_CallStaticBooleanMethodV+0x7c
#
# No core dump will be written. Core dumps have been disabled. To enable core dumping, try "ulimit -c unlimited" before starting Java again
#
# If you would like to submit a bug report, please visit:
#   http://bugreport.java.com/bugreport/crash.jsp
#

---------------  S U M M A R Y ------------

Command Line: -Xms128m -Xmx2048m -XX:ReservedCodeCacheSize=240m -XX:+UseConcMarkSweepGC -XX:SoftRefLRUPolicyMSPerMB=50 -ea -XX:CICompilerCount=2 -Dsun.io.useCanonPrefixCache=false -Djava.net.preferIPv4Stack=true -Djdk.http.auth.tunneling.disabledSchemes="" -XX:+HeapDumpOnOutOfMemoryError -XX:-OmitStackTraceInFastThrow -Djdk.attach.allowAttachSelf=true -Dkotlinx.coroutines.debug=off -Djdk.module.illegalAccess.silent=true -XX:+UseCompressedOops -Dfile.encoding=UTF-8 -XX:ErrorFile=$USER_HOME/java_error_in_idea_%p.log -XX:HeapDumpPath=$USER_HOME/java_error_in_idea.hprof -Dapple.laf.useScreenMenuBar=true -javaagent:/Applications/IntelliJ IDEA CE.app/Contents/lib/idea_rt.jar=50331:/Applications/IntelliJ IDEA CE.app/Contents/bin com.codename1.impl.javase.Simulator com.codename1.demos.kitchen.MyApplication

Host: MacBookPro15,1 x86_64 2200 MHz, 12 cores, 16G, Darwin 19.2.0
Time: Wed Jan  1 11:34:14 2020 +0545 elapsed time: 10 seconds (0d 0h 0m 10s)

---------------  T H R E A D  ---------------

Current thread (0x00007f9159920800):  JavaThread "Thread-8" daemon [_thread_in_vm, id=104531, stack(0x0000700005e48000,0x0000700005ec8000)]

Stack: [0x0000700005e48000,0x0000700005ec8000],  sp=0x0000700005ec7be0,  free space=510k
Native frames: (J=compiled Java code, A=aot compiled Java code, j=interpreted, Vv=VM code, C=native code)
V  [libjvm.dylib+0x3e96f6]  jni_CallStaticBooleanMethodV+0x7c
C  [libjfxwebkit.dylib+0x9746]  _ZN7JNIEnv_23CallStaticBooleanMethodEP7_jclassP10_jmethodIDz+0x86
C  [libjfxwebkit.dylib+0x15884e8]  _ZN7WebCore10FileSystem18makeAllDirectoriesERKN3WTF6StringE+0x268
C  [libjfxwebkit.dylib+0x22d12]  _ZN7WebCore18StorageSyncManager20fullDatabaseFilenameERKN3WTF6StringE+0x22
C  [libjfxwebkit.dylib+0x1f0d6]  _ZN6WebKit15StorageAreaSync12openDatabaseENS0_21OpenDatabaseParamTypeE+0x36
C  [libjfxwebkit.dylib+0x1f6ee]  _ZN6WebKit15StorageAreaSync13performImportEv+0x1e
C  [libjfxwebkit.dylib+0x23619]  _ZN7WebCore13StorageThread16threadEntryPointEv+0x89
C  [libjfxwebkit.dylib+0x1a802b4]  _ZN3WTF6Thread10entryPointEPNS0_16NewThreadContextE+0xe4
C  [libjfxwebkit.dylib+0x1ab68d9]  _ZN3WTFL19wtfThreadEntryPointEPv+0x9
C  [libsystem_pthread.dylib+0x5e65]  _pthread_start+0x94
C  [libsystem_pthread.dylib+0x183b]  thread_start+0xf


siginfo: si_signo: 11 (SIGSEGV), si_code: 1 (SEGV_MAPERR), si_addr: 0x0000000000000000

Register to memory mapping:

RAX=0x0 is NULL
RBX=0x00007f9159920800 is a thread
RCX=0x00007f915fc8e128 points into unknown readable memory: a8 98 e9 81 07 00 00 00
RDX=0x0 is NULL
RSP=0x0000700005ec7be0 is pointing into the stack for thread: 0x00007f9159920800
RBP=0x0000700005ec7c80 is pointing into the stack for thread: 0x00007f9159920800
RSI=0x0 is NULL
RDI=0x00007f9159920b40 points into unknown readable memory: 70 a7 70 0c 01 00 00 00
R8 =0x000000000000000a is an unknown value
R9 =0x00007f9159920800 is a thread
R10=0x000000010c6dc820: _ZTV7CMSHeap+0x10 in /Library/Java/JavaVirtualMachines/amazon-corretto-11.jdk/Contents/Home/lib/server/libjvm.dylib at 0x000000010be00000
R11=0x0 is NULL
R12=0x0 is NULL
R13=0x0000700005ec7d40 is pointing into the stack for thread: 0x00007f9159920800
R14=0x0 is NULL
R15=0x00007f9159920b40 points into unknown readable memory: 70 a7 70 0c 01 00 00 00


Registers:
RAX=0x0000000000000000, RBX=0x00007f9159920800, RCX=0x00007f915fc8e128, RDX=0x0000000000000000
RSP=0x0000700005ec7be0, RBP=0x0000700005ec7c80, RSI=0x0000000000000000, RDI=0x00007f9159920b40
R8 =0x000000000000000a, R9 =0x00007f9159920800, R10=0x000000010c6dc820, R11=0x0000000000000000
R12=0x0000000000000000, R13=0x0000700005ec7d40, R14=0x0000000000000000, R15=0x00007f9159920b40
RIP=0x000000010c1e96f6, EFLAGS=0x0000000000010206, ERR=0x0000000000000004
  TRAPNO=0x000000000000000e

Top of Stack: (sp=0x0000700005ec7be0)
0x0000700005ec7be0:   0000700005ec7c00 000000010c51e087
0x0000700005ec7bf0:   e8da6ed30f800042 00007f9159920800
0x0000700005ec7c00:   0000700005ec7c30 000000010c51e060
0x0000700005ec7c10:   0000000000000001 00007f9159920908
0x0000700005ec7c20:   00007f9100000004 0000000000000004
0x0000700005ec7c30:   00007f9159920800 00007f915fc8e120
0x0000700005ec7c40:   0000000000000533 000000010c5baa77
0x0000700005ec7c50:   00007f9159920800 0000000000000000
0x0000700005ec7c60:   0000000168bfc4b0 00007f9159920b40
0x0000700005ec7c70:   00000001722a56e8 0000000000000000
0x0000700005ec7c80:   0000700005ec7d60 0000000165679746
0x0000700005ec7c90:   000000010c760201 00007f9159920800
0x0000700005ec7ca0:   0000700005ec7cc0 00007f915a205b10
0x0000700005ec7cb0:   000000000000000a 00007f9159920800
0x0000700005ec7cc0:   0000700005ec7d20 000000010c1ee597
0x0000700005ec7cd0:   00007f9159920800 00007f915fc8e120
0x0000700005ec7ce0:   0000700000000533 000000010c5baa77
0x0000700005ec7cf0:   00007f9159920800 0000000000000000
0x0000700005ec7d00:   0000000000000039 00000001722a56e8
0x0000700005ec7d10:   00000001722a56e8 0000700005ec7d78
0x0000700005ec7d20:   0000700005ec7d60 000000016712738a
0x0000700005ec7d30:   0000000000000001 0000000000000000
0x0000700005ec7d40:   0000003000000018 0000700005ec7d70
0x0000700005ec7d50:   0000700005ec7c90 e8da6ed30f800042
0x0000700005ec7d60:   0000700005ec7db0 0000000166bf84e8
0x0000700005ec7d70:   00007f9157f84990 00007f915a205b10
0x0000700005ec7d80:   00007f9159920b40 00000001722a56e8
0x0000700005ec7d90:   0000700005ec7f30 00000001722ab1e0
0x0000700005ec7da0:   0000700005ec7e28 00000001722ab2a0
0x0000700005ec7db0:   0000700005ec7df0 0000000165692d12
0x0000700005ec7dc0:   e8da6ed30f800042 0000000781e976c8
0x0000700005ec7dd0:   0000700005ec7e50 0000700005ec7e28 

Instructions: (pc=0x000000010c1e96f6)
0x000000010c1e95f6:   0f 1f 40 00 48 83 7d 90 00 74 09 48 8d 7d 88 e8
0x000000010c1e9606:   7c b1 24 00 48 8b 9b f0 00 00 00 4c 8b 73 08 48
0x000000010c1e9616:   8b 43 10 48 83 38 00 74 19 48 8b 73 28 4c 89 f7
0x000000010c1e9626:   e8 77 ec cf ff 48 8b 7b 10 e8 32 eb cf ff 48 8b
0x000000010c1e9636:   43 10 49 89 46 10 48 8b 43 18 49 89 46 18 48 8b
0x000000010c1e9646:   43 20 49 89 46 20 48 8d 7d a8 e8 ab 44 33 00 4c
0x000000010c1e9656:   3b 6d d0 75 1a f2 0f 10 85 78 fe ff ff 48 81 c4
0x000000010c1e9666:   68 01 00 00 5b 41 5c 41 5d 41 5e 41 5f 5d c3 e8
0x000000010c1e9676:   da 58 39 00 55 48 89 e5 41 57 41 56 41 55 41 54
0x000000010c1e9686:   53 48 83 ec 78 49 89 cd 49 89 d6 49 89 f4 49 89
0x000000010c1e9696:   ff 49 8d 9f c0 fc ff ff b8 55 21 ff ff 41 03 87
0x000000010c1e96a6:   90 00 00 00 83 f8 02 72 0a 48 89 df e8 8d 5f 31
0x000000010c1e96b6:   00 31 db 48 8d 7d d0 48 89 de e8 bb 43 33 00 48
0x000000010c1e96c6:   89 5d b0 48 c7 45 b8 00 00 00 00 48 83 7b 08 00
0x000000010c1e96d6:   74 09 48 8d 7d b0 e8 59 b0 24 00 4c 89 ff 4c 89
0x000000010c1e96e6:   e6 4c 89 f2 90 0f 1f 40 00 c7 45 a0 04 00 00 00
0x000000010c1e96f6:   49 8b 06 48 8b 40 08 48 8b 48 08 0f b7 40 2c 48
0x000000010c1e9706:   8b 74 c1 40 48 8d bd 60 ff ff ff e8 f6 cd 29 00
0x000000010c1e9716:   c7 85 78 ff ff ff 63 00 00 00 48 c7 45 80 00 00
0x000000010c1e9726:   00 00 48 8d 05 69 18 52 00 48 89 85 60 ff ff ff
0x000000010c1e9736:   49 8b 45 10 48 89 45 98 49 8b 45 00 49 8b 4d 08
0x000000010c1e9746:   48 89 4d 90 48 89 45 88 41 f6 c4 01 75 0b 4c 89
0x000000010c1e9756:   e7 ff 15 23 04 52 00 eb 0c 49 ff cc 4c 89 e7 ff
0x000000010c1e9766:   15 95 ac 51 00 48 89 c7 e8 ef ea fb ff 48 8b 08
0x000000010c1e9776:   48 89 c7 48 89 de ff 91 b0 00 00 00 31 ff 48 83
0x000000010c1e9786:   7b 08 00 41 bc 00 00 00 00 75 2f 48 8d 75 a0 48
0x000000010c1e9796:   8d 8d 60 ff ff ff 4c 89 ff 4c 89 f2 49 89 d8 e8
0x000000010c1e97a6:   a4 ec ff ff 31 ff 48 83 7b 08 00 41 bc 00 00 00
0x000000010c1e97b6:   00 75 07 0f b6 7d a8 41 88 fc 90 0f 1f 40 00 48
0x000000010c1e97c6:   83 7d b8 00 74 09 48 8d 7d b0 e8 b1 af 24 00 48
0x000000010c1e97d6:   8b 9b f0 00 00 00 4c 8b 73 08 48 8b 43 10 48 83
0x000000010c1e97e6:   38 00 74 19 48 8b 73 28 4c 89 f7 e8 ac ea cf ff 


Stack slot to memory mapping:
stack at sp + 0 slots: 0x0000700005ec7c00 is pointing into the stack for thread: 0x00007f9159920800
stack at sp + 1 slots: 0x000000010c51e087: _ZN6Atomic4loadIPVvEET_PVKS3_+0x17 in /Library/Java/JavaVirtualMachines/amazon-corretto-11.jdk/Contents/Home/lib/server/libjvm.dylib at 0x000000010be00000
stack at sp + 2 slots: 0xe8da6ed30f800042 is an unknown value
stack at sp + 3 slots: 0x00007f9159920800 is a thread
stack at sp + 4 slots: 0x0000700005ec7c30 is pointing into the stack for thread: 0x00007f9159920800
stack at sp + 5 slots: 0x000000010c51e060: _ZN11OrderAccess12ordered_loadIPVvL15ScopedFenceType0EEET_PVKS4_+0x30 in /Library/Java/JavaVirtualMachines/amazon-corretto-11.jdk/Contents/Home/lib/server/libjvm.dylib at 0x000000010be00000
stack at sp + 6 slots: 0x0000000000000001 is an unknown value
stack at sp + 7 slots: 0x00007f9159920908 points into unknown readable memory: 00 e0 48 0a 01 00 00 00


---------------  P R O C E S S  ---------------

Threads class SMR info:
_java_thread_list=0x00007f915f94fed0, length=49, elements={
0x00007f915b000000, 0x00007f9158000800, 0x00007f915980c800, 0x00007f915980f800,
0x00007f9158859800, 0x00007f915a806000, 0x00007f915b003000, 0x00007f915a83d800,
0x00007f915a840800, 0x00007f915b0eb000, 0x00007f9158a0d800, 0x00007f91580fc800,
0x00007f915e800000, 0x00007f915a868000, 0x00007f915b082000, 0x00007f915b14f000,
0x00007f91580fe800, 0x00007f915910a000, 0x00007f91587f1800, 0x00007f9159b82800,
0x00007f9159b8c800, 0x00007f9159a23000, 0x00007f91592a4800, 0x00007f9161005000,
0x00007f91611a4800, 0x00007f9159b8a000, 0x00007f91592a9800, 0x00007f9159b78800,
0x00007f9161183800, 0x00007f91592d0800, 0x00007f91592dd800, 0x00007f9160984800,
0x00007f9159889800, 0x00007f9160978000, 0x00007f9160062800, 0x00007f9159321800,
0x00007f9159322800, 0x00007f9159977800, 0x00007f9159318800, 0x00007f915ab5e000,
0x00007f915ab5f000, 0x00007f915997d000, 0x00007f916096e000, 0x00007f915e803800,
0x00007f9160069000, 0x00007f915990e000, 0x00007f915b2ea800, 0x00007f91612a2800,
0x00007f9159920800
}

Java Threads: ( => current thread )
  0x00007f915b000000 JavaThread "Reference Handler" daemon [_thread_blocked, id=12035, stack(0x0000700001b64000,0x0000700001c64000)]
  0x00007f9158000800 JavaThread "Finalizer" daemon [_thread_blocked, id=19459, stack(0x0000700001c67000,0x0000700001d67000)]
  0x00007f915980c800 JavaThread "Signal Dispatcher" daemon [_thread_blocked, id=13827, stack(0x0000700001e70000,0x0000700001f70000)]
  0x00007f915980f800 JavaThread "C2 CompilerThread0" daemon [_thread_blocked, id=14595, stack(0x0000700001f73000,0x0000700002073000)]
  0x00007f9158859800 JavaThread "C1 CompilerThread0" daemon [_thread_in_native, id=15107, stack(0x0000700002076000,0x0000700002176000)]
  0x00007f915a806000 JavaThread "Sweeper thread" daemon [_thread_blocked, id=16387, stack(0x0000700002179000,0x0000700002279000)]
  0x00007f915b003000 JavaThread "Common-Cleaner" daemon [_thread_blocked, id=15619, stack(0x000070000227c000,0x000070000237c000)]
  0x00007f915a83d800 JavaThread "Monitor Ctrl-Break" daemon [_thread_in_native, id=43267, stack(0x000070000237f000,0x000070000247f000)]
  0x00007f915a840800 JavaThread "Service Thread" daemon [_thread_blocked, id=22275, stack(0x0000700002482000,0x0000700002582000)]
  0x00007f915b0eb000 JavaThread "JavaFX Application Thread" daemon [_thread_in_native, id=775, stack(0x00007ffee4fed000,0x00007ffee57ed000)]
  0x00007f9158a0d800 JavaThread "AWT-Shutdown" [_thread_blocked, id=35331, stack(0x0000700002688000,0x0000700002788000)]
  0x00007f91580fc800 JavaThread "Timer-0" daemon [_thread_blocked, id=54791, stack(0x0000700002ca9000,0x0000700002da9000)]
  0x00007f915e800000 JavaThread "AWT-EventQueue-0" [_thread_blocked, id=72451, stack(0x0000700002eaf000,0x0000700002faf000)]
  0x00007f915a868000 JavaThread "Thread-4" [_thread_blocked, id=72711, stack(0x0000700002dac000,0x0000700002eac000)]
  0x00007f915b082000 JavaThread "DestroyJavaVM" [_thread_blocked, id=6147, stack(0x0000700001655000,0x0000700001755000)]
  0x00007f915b14f000 JavaThread "Java2D Queue Flusher" daemon [_thread_in_native, id=55559, stack(0x0000700002fb2000,0x00007000030b2000)]
  0x00007f91580fe800 JavaThread "Attach Listener" daemon [_thread_blocked, id=55811, stack(0x00007000030b5000,0x00007000031b5000)]
  0x00007f915910a000 JavaThread "Java2D Disposer" daemon [_thread_blocked, id=68103, stack(0x00007000031b8000,0x00007000032b8000)]
  0x00007f91587f1800 JavaThread "EDT" [_thread_blocked, id=128515, stack(0x0000700003cd9000,0x0000700003dd9000)]
  0x00007f9159b82800 JavaThread "Network Thread" [_thread_blocked, id=126739, stack(0x0000700003ddc000,0x0000700003edc000)]
  0x00007f9159b8c800 JavaThread "Network Thread" [_thread_blocked, id=89875, stack(0x0000700003edf000,0x0000700003fdf000)]
  0x00007f9159a23000 JavaThread "invokeAndBlock1" [_thread_blocked, id=123395, stack(0x00007000041e8000,0x00007000042e8000)]
  0x00007f91592a4800 JavaThread "QuantumRenderer-0" daemon [_thread_blocked, id=29191, stack(0x00007000042eb000,0x00007000043eb000)]
  0x00007f9161005000 JavaThread "InvokeLaterDispatcher" daemon [_thread_blocked, id=46611, stack(0x0000700002914000,0x0000700002a14000)]
  0x00007f91611a4800 JavaThread "Thread-6" daemon [_thread_in_native, id=93443, stack(0x000070000280e000,0x000070000288e000)]
  0x00007f9159b8a000 JavaThread "Prism Font Disposer" daemon [_thread_blocked, id=46087, stack(0x0000700003bd6000,0x0000700003cd6000)]
  0x00007f91592a9800 JavaThread "Disposer" daemon [_thread_blocked, id=13063, stack(0x00007000043ee000,0x00007000044ee000)]
  0x00007f9159b78800 JavaThread "URL-Loader-1" daemon [_thread_blocked, id=120835, stack(0x00007000046fd000,0x00007000047fd000)]
  0x00007f9161183800 JavaThread "URL-Loader-2" daemon [_thread_blocked, id=95027, stack(0x0000700004800000,0x0000700004900000)]
  0x00007f91592d0800 JavaThread "URL-Loader-3" daemon [_thread_blocked, id=96259, stack(0x0000700004903000,0x0000700004a03000)]
  0x00007f91592dd800 JavaThread "URL-Loader-4" daemon [_thread_blocked, id=119811, stack(0x0000700004a06000,0x0000700004b06000)]
  0x00007f9160984800 JavaThread "URL-Loader-5" daemon [_thread_blocked, id=119299, stack(0x0000700004b09000,0x0000700004c09000)]
  0x00007f9159889800 JavaThread "URL-Loader-6" daemon [_thread_blocked, id=118787, stack(0x0000700004c0c000,0x0000700004d0c000)]
  0x00007f9160978000 JavaThread "URL-Loader-7" daemon [_thread_blocked, id=118019, stack(0x0000700004d0f000,0x0000700004e0f000)]
  0x00007f9160062800 JavaThread "URL-Loader-8" daemon [_thread_blocked, id=117507, stack(0x0000700004e12000,0x0000700004f12000)]
  0x00007f9159321800 JavaThread "URL-Loader-9" daemon [_thread_blocked, id=116739, stack(0x0000700004f15000,0x0000700005015000)]
  0x00007f9159322800 JavaThread "URL-Loader-10" daemon [_thread_blocked, id=97539, stack(0x0000700005018000,0x0000700005118000)]
  0x00007f9159977800 JavaThread "URL-Loader-11" daemon [_thread_blocked, id=98307, stack(0x000070000511b000,0x000070000521b000)]
  0x00007f9159318800 JavaThread "URL-Loader-12" daemon [_thread_blocked, id=98819, stack(0x000070000521e000,0x000070000531e000)]
  0x00007f915ab5e000 JavaThread "URL-Loader-13" daemon [_thread_blocked, id=99587, stack(0x0000700005321000,0x0000700005421000)]
  0x00007f915ab5f000 JavaThread "URL-Loader-14" daemon [_thread_blocked, id=100099, stack(0x0000700005424000,0x0000700005524000)]
  0x00007f915997d000 JavaThread "URL-Loader-15" daemon [_thread_blocked, id=100611, stack(0x0000700005527000,0x0000700005627000)]
  0x00007f916096e000 JavaThread "URL-Loader-16" daemon [_thread_blocked, id=114707, stack(0x000070000562a000,0x000070000572a000)]
  0x00007f915e803800 JavaThread "URL-Loader-17" daemon [_thread_blocked, id=95755, stack(0x000070000572d000,0x000070000582d000)]
  0x00007f9160069000 JavaThread "URL-Loader-18" daemon [_thread_blocked, id=113415, stack(0x0000700005830000,0x0000700005930000)]
  0x00007f915990e000 JavaThread "URL-Loader-19" daemon [_thread_blocked, id=114187, stack(0x0000700005933000,0x0000700005a33000)]
  0x00007f915b2ea800 JavaThread "URL-Loader-20" daemon [_thread_blocked, id=113155, stack(0x0000700005a36000,0x0000700005b36000)]
  0x00007f91612a2800 JavaThread "Keep-Alive-Timer" daemon [_thread_blocked, id=102439, stack(0x0000700005b39000,0x0000700005c39000)]
=>0x00007f9159920800 JavaThread "Thread-8" daemon [_thread_in_vm, id=104531, stack(0x0000700005e48000,0x0000700005ec8000)]

Other Threads:
  0x00007f9159005800 VMThread "VM Thread" [stack: 0x0000700001a61000,0x0000700001b61000] [id=19971]
  0x00007f9158872800 WatcherThread [stack: 0x0000700002585000,0x0000700002685000] [id=42499]
  0x00007f915a805800 GCTaskThread "GC Thread#0" [stack: 0x0000700001758000,0x0000700001858000] [id=11011]
  0x00007f9159a43000 GCTaskThread "GC Thread#1" [stack: 0x00007000032bb000,0x00007000033bb000] [id=56119]
  0x00007f9159a21000 GCTaskThread "GC Thread#2" [stack: 0x00007000033be000,0x00007000034be000] [id=65039]
  0x00007f9159a22000 GCTaskThread "GC Thread#3" [stack: 0x00007000034c1000,0x00007000035c1000] [id=64003]
  0x00007f9158a09000 GCTaskThread "GC Thread#4" [stack: 0x00007000035c4000,0x00007000036c4000] [id=61443]
  0x00007f9158c3d000 GCTaskThread "GC Thread#5" [stack: 0x00007000036c7000,0x00007000037c7000] [id=61955]
  0x00007f9158ca8800 GCTaskThread "GC Thread#6" [stack: 0x00007000037ca000,0x00007000038ca000] [id=63747]
  0x00007f9158ceb000 GCTaskThread "GC Thread#7" [stack: 0x00007000038cd000,0x00007000039cd000] [id=62467]
  0x00007f91587c5800 GCTaskThread "GC Thread#8" [stack: 0x0000700003fe2000,0x00007000040e2000] [id=125483]
  0x00007f91587c6800 GCTaskThread "GC Thread#9" [stack: 0x00007000040e5000,0x00007000041e5000] [id=125211]
  0x00007f915900b800 ConcurrentGCThread "CMS Main Thread" [stack: 0x000070000195e000,0x0000700001a5e000] [id=11267]
  0x00007f915900a800 GCTaskThread "CMS Thread#0" [stack: 0x000070000185b000,0x000070000195b000] [id=20483]
  0x00007f915aa25000 GCTaskThread "CMS Thread#1" [stack: 0x00007000039d0000,0x0000700003ad0000] [id=58119]
  0x00007f915aa16800 GCTaskThread "CMS Thread#2" [stack: 0x0000700003ad3000,0x0000700003bd3000] [id=62979]

Threads with active compile tasks:
C1 CompilerThread0  10428 5590       3       java.awt.EventQueue::invokeAndWait (8 bytes)

VM state:not at safepoint (normal execution)

VM Mutex/Monitor currently owned by a thread: None

Heap address: 0x0000000780000000, size: 2048 MB, Compressed Oops mode: Zero based, Oop shift amount: 3
Narrow klass base: 0x0000000800000000, Narrow klass shift: 0
Compressed class space size: 1073741824 Address: 0x0000000800000000

Heap:
 par new generation   total 39296K, used 35709K [0x0000000780000000, 0x0000000782aa0000, 0x00000007aaaa0000)
  eden space 34944K,  89% used [0x0000000780000000, 0x0000000781e9f750, 0x0000000782220000)
  from space 4352K, 100% used [0x0000000782220000, 0x0000000782660000, 0x0000000782660000)
  to   space 4352K,   0% used [0x0000000782660000, 0x0000000782660000, 0x0000000782aa0000)
 concurrent mark-sweep generation total 101816K, used 69236K [0x00000007aaaa0000, 0x00000007b0e0e000, 0x0000000800000000)
 Metaspace       used 45175K, capacity 46418K, committed 46592K, reserved 1089536K
  class space    used 5344K, capacity 5864K, committed 5888K, reserved 1048576K

Card table byte_map: [0x000000010cd26000,0x000000010d127000] _byte_map_base: 0x0000000109126000

Marking Bits: (CMSBitMap*) 0x00007f915900a330
 Bits: [0x000000010ddd2000, 0x000000010f327800)

Mod Union Table: (CMSBitMap*) 0x00007f915900a3d0
 Bits: [0x000000010a591000, 0x000000010a5e6560)

Polling page: 0x000000010a48d000

Metaspace:

Usage:
  Non-class:     39.60 MB capacity,    38.90 MB ( 98%) used,   577.34 KB (  1%) free+waste,   145.12 KB ( <1%) overhead. 
      Class:      5.73 MB capacity,     5.22 MB ( 91%) used,   447.45 KB (  8%) free+waste,    72.12 KB (  1%) overhead. 
       Both:     45.33 MB capacity,    44.12 MB ( 97%) used,     1.00 MB (  2%) free+waste,   217.25 KB ( <1%) overhead. 

Virtual space:
  Non-class space:       40.00 MB reserved,      39.75 MB (>99%) committed 
      Class space:        1.00 GB reserved,       5.75 MB ( <1%) committed 
             Both:        1.04 GB reserved,      45.50 MB (  4%) committed 

Chunk freelists:
   Non-Class:  42.00 KB
       Class:  0 bytes
        Both:  42.00 KB

MaxMetaspaceSize: unlimited
CompressedClassSpaceSize: 1.00 GB

CodeHeap 'non-profiled nmethods': size=120036Kb used=2001Kb max_used=2001Kb free=118034Kb
 bounds [0x00000001231a3000, 0x0000000123413000, 0x000000012a6dc000]
CodeHeap 'profiled nmethods': size=120032Kb used=9627Kb max_used=9736Kb free=110405Kb
 bounds [0x000000011bc6b000, 0x000000011c60b000, 0x00000001231a3000]
CodeHeap 'non-nmethods': size=5692Kb used=1534Kb max_used=1569Kb free=4158Kb
 bounds [0x000000011b6dc000, 0x000000011b94c000, 0x000000011bc6b000]
 total_blobs=7906 nmethods=4885 adapters=984
 compilation: enabled
              stopped_count=0, restarted_count=0
 full_count=0

Compilation events (20 events):
Event: 10.393 Thread 0x00007f9158859800 nmethod 5578 0x000000011c2fc310 code [0x000000011c2fc500, 0x000000011c2fce08]
Event: 10.393 Thread 0x00007f9158859800 5579       2       sun.lwawt.LWComponentPeer::getOnscreenGraphics (22 bytes)
Event: 10.393 Thread 0x00007f9158859800 nmethod 5579 0x000000011c327b90 code [0x000000011c327d80, 0x000000011c328478]
Event: 10.393 Thread 0x00007f9158859800 5580       2       sun.lwawt.LWComponentPeer::applyConstrain (39 bytes)
Event: 10.393 Thread 0x00007f9158859800 nmethod 5580 0x000000011c281d90 code [0x000000011c281f80, 0x000000011c282378]
Event: 10.393 Thread 0x00007f9158859800 5581       2       sun.lwawt.LWComponentPeer::localToWindow (22 bytes)
Event: 10.394 Thread 0x00007f9158859800 nmethod 5581 0x000000011c2f1110 code [0x000000011c2f12e0, 0x000000011c2f15e8]
Event: 10.394 Thread 0x00007f9158859800 5582       2       java.awt.Rectangle::<init> (21 bytes)
Event: 10.394 Thread 0x00007f9158859800 nmethod 5582 0x000000011c1cdd90 code [0x000000011c1cdf40, 0x000000011c1ce0b0]
Event: 10.394 Thread 0x00007f9158859800 5577       2       javax.swing.JRootPane::disableTrueDoubleBuffering (48 bytes)
Event: 10.394 Thread 0x00007f9158859800 nmethod 5577 0x000000011c293110 code [0x000000011c2932e0, 0x000000011c2934a8]
Event: 10.396 Thread 0x00007f915980f800 nmethod 5526 0x0000000123392790 code [0x0000000123392c00, 0x0000000123397cb8]
Event: 10.396 Thread 0x00007f915980f800 5493       4       java.util.concurrent.locks.AbstractQueuedSynchronizer::release (33 bytes)
Event: 10.399 Thread 0x00007f915980f800 nmethod 5493 0x000000012334ed10 code [0x000000012334eee0, 0x000000012334f228]
Event: 10.400 Thread 0x00007f9158859800 5584       3       java.lang.String::getBytes (44 bytes)
Event: 10.400 Thread 0x00007f9158859800 nmethod 5584 0x000000011c31eb90 code [0x000000011c31ed80, 0x000000011c31f118]
Event: 10.400 Thread 0x00007f9158859800 5586       3       sun.net.util.IPAddressUtil::match (50 bytes)
Event: 10.401 Thread 0x00007f9158859800 nmethod 5586 0x000000011c2f3310 code [0x000000011c2f34c0, 0x000000011c2f3790]
Event: 10.401 Thread 0x00007f9158859800 5585       3       com.sun.crypto.provider.CounterMode::crypt (32 bytes)
Event: 10.401 Thread 0x00007f9158859800 nmethod 5585 0x000000011c372210 code [0x000000011c372420, 0x000000011c372948]

GC Heap History (20 events):
Event: 3.433 GC heap before
{Heap before GC invocations=4 (full 2):
 par new generation   total 39296K, used 26050K [0x0000000780000000, 0x0000000782aa0000, 0x00000007aaaa0000)
  eden space 34944K,  72% used [0x0000000780000000, 0x00000007818a7938, 0x0000000782220000)
  from space 4352K,  18% used [0x0000000782220000, 0x00000007822e8f98, 0x0000000782660000)
  to   space 4352K,   0% used [0x0000000782660000, 0x0000000782660000, 0x0000000782aa0000)
 concurrent mark-sweep generation total 101816K, used 61087K [0x00000007aaaa0000, 0x00000007b0e0e000, 0x0000000800000000)
 Metaspace       used 22256K, capacity 22893K, committed 23168K, reserved 1069056K
  class space    used 2436K, capacity 2661K, committed 2688K, reserved 1048576K
}
Event: 3.440 GC heap after
{Heap after GC invocations=5 (full 2):
 par new generation   total 39296K, used 4352K [0x0000000780000000, 0x0000000782aa0000, 0x00000007aaaa0000)
  eden space 34944K,   0% used [0x0000000780000000, 0x0000000780000000, 0x0000000782220000)
  from space 4352K, 100% used [0x0000000782660000, 0x0000000782aa0000, 0x0000000782aa0000)
  to   space 4352K,   0% used [0x0000000782220000, 0x0000000782220000, 0x0000000782660000)
 concurrent mark-sweep generation total 101816K, used 76712K [0x00000007aaaa0000, 0x00000007b0e0e000, 0x0000000800000000)
 Metaspace       used 22256K, capacity 22893K, committed 23168K, reserved 1069056K
  class space    used 2436K, capacity 2661K, committed 2688K, reserved 1048576K
}
Event: 6.450 GC heap before
{Heap before GC invocations=5 (full 3):
 par new generation   total 39296K, used 36837K [0x0000000780000000, 0x0000000782aa0000, 0x00000007aaaa0000)
  eden space 34944K,  92% used [0x0000000780000000, 0x0000000781fb9780, 0x0000000782220000)
  from space 4352K, 100% used [0x0000000782660000, 0x0000000782aa0000, 0x0000000782aa0000)
  to   space 4352K,   0% used [0x0000000782220000, 0x0000000782220000, 0x0000000782660000)
 concurrent mark-sweep generation total 101816K, used 76712K [0x00000007aaaa0000, 0x00000007b0e0e000, 0x0000000800000000)
 Metaspace       used 25011K, capacity 25593K, committed 26112K, reserved 1073152K
  class space    used 2764K, capacity 2985K, committed 3072K, reserved 1048576K
}
Event: 6.454 GC heap after
{Heap after GC invocations=6 (full 3):
 par new generation   total 39296K, used 4352K [0x0000000780000000, 0x0000000782aa0000, 0x00000007aaaa0000)
  eden space 34944K,   0% used [0x0000000780000000, 0x0000000780000000, 0x0000000782220000)
  from space 4352K, 100% used [0x0000000782220000, 0x0000000782660000, 0x0000000782660000)
  to   space 4352K,   0% used [0x0000000782660000, 0x0000000782660000, 0x0000000782aa0000)
 concurrent mark-sweep generation total 101816K, used 82471K [0x00000007aaaa0000, 0x00000007b0e0e000, 0x0000000800000000)
 Metaspace       used 25011K, capacity 25593K, committed 26112K, reserved 1073152K
  class space    used 2764K, capacity 2985K, committed 3072K, reserved 1048576K
}
Event: 6.596 GC heap before
{Heap before GC invocations=6 (full 3):
 par new generation   total 39296K, used 39296K [0x0000000780000000, 0x0000000782aa0000, 0x00000007aaaa0000)
  eden space 34944K, 100% used [0x0000000780000000, 0x0000000782220000, 0x0000000782220000)
  from space 4352K, 100% used [0x0000000782220000, 0x0000000782660000, 0x0000000782660000)
  to   space 4352K,   0% used [0x0000000782660000, 0x0000000782660000, 0x0000000782aa0000)
 concurrent mark-sweep generation total 101816K, used 82471K [0x00000007aaaa0000, 0x00000007b0e0e000, 0x0000000800000000)
 Metaspace       used 25126K, capacity 25721K, committed 26112K, reserved 1073152K
  class space    used 2764K, capacity 2985K, committed 3072K, reserved 1048576K
}
Event: 6.598 GC heap after
{Heap after GC invocations=7 (full 3):
 par new generation   total 39296K, used 4342K [0x0000000780000000, 0x0000000782aa0000, 0x00000007aaaa0000)
  eden space 34944K,   0% used [0x0000000780000000, 0x0000000780000000, 0x0000000782220000)
  from space 4352K,  99% used [0x0000000782660000, 0x0000000782a9db30, 0x0000000782aa0000)
  to   space 4352K,   0% used [0x0000000782220000, 0x0000000782220000, 0x0000000782660000)
 concurrent mark-sweep generation total 101816K, used 89549K [0x00000007aaaa0000, 0x00000007b0e0e000, 0x0000000800000000)
 Metaspace       used 25126K, capacity 25721K, committed 26112K, reserved 1073152K
  class space    used 2764K, capacity 2985K, committed 3072K, reserved 1048576K
}
Event: 7.344 GC heap before
{Heap before GC invocations=7 (full 3):
 par new generation   total 39296K, used 39286K [0x0000000780000000, 0x0000000782aa0000, 0x00000007aaaa0000)
  eden space 34944K, 100% used [0x0000000780000000, 0x0000000782220000, 0x0000000782220000)
  from space 4352K,  99% used [0x0000000782660000, 0x0000000782a9db30, 0x0000000782aa0000)
  to   space 4352K,   0% used [0x0000000782220000, 0x0000000782220000, 0x0000000782660000)
 concurrent mark-sweep generation total 101816K, used 55891K [0x00000007aaaa0000, 0x00000007b0e0e000, 0x0000000800000000)
 Metaspace       used 25751K, capacity 26363K, committed 26624K, reserved 1073152K
  class space    used 2797K, capacity 3031K, committed 3072K, reserved 1048576K
}
Event: 7.346 GC heap after
{Heap after GC invocations=8 (full 3):
 par new generation   total 39296K, used 750K [0x0000000780000000, 0x0000000782aa0000, 0x00000007aaaa0000)
  eden space 34944K,   0% used [0x0000000780000000, 0x0000000780000000, 0x0000000782220000)
  from space 4352K,  17% used [0x0000000782220000, 0x00000007822db950, 0x0000000782660000)
  to   space 4352K,   0% used [0x0000000782660000, 0x0000000782660000, 0x0000000782aa0000)
 concurrent mark-sweep generation total 101816K, used 59566K [0x00000007aaaa0000, 0x00000007b0e0e000, 0x0000000800000000)
 Metaspace       used 25751K, capacity 26363K, committed 26624K, reserved 1073152K
  class space    used 2797K, capacity 3031K, committed 3072K, reserved 1048576K
}
Event: 7.780 GC heap before
{Heap before GC invocations=8 (full 3):
 par new generation   total 39296K, used 35691K [0x0000000780000000, 0x0000000782aa0000, 0x00000007aaaa0000)
  eden space 34944K,  99% used [0x0000000780000000, 0x000000078221f5e8, 0x0000000782220000)
  from space 4352K,  17% used [0x0000000782220000, 0x00000007822db950, 0x0000000782660000)
  to   space 4352K,   0% used [0x0000000782660000, 0x0000000782660000, 0x0000000782aa0000)
 concurrent mark-sweep generation total 101816K, used 59566K [0x00000007aaaa0000, 0x00000007b0e0e000, 0x0000000800000000)
 Metaspace       used 25891K, capacity 26491K, committed 26880K, reserved 1073152K
  class space    used 2797K, capacity 3031K, committed 3072K, reserved 1048576K
}
Event: 7.781 GC heap after
{Heap after GC invocations=9 (full 3):
 par new generation   total 39296K, used 974K [0x0000000780000000, 0x0000000782aa0000, 0x00000007aaaa0000)
  eden space 34944K,   0% used [0x0000000780000000, 0x0000000780000000, 0x0000000782220000)
  from space 4352K,  22% used [0x0000000782660000, 0x00000007827539f0, 0x0000000782aa0000)
  to   space 4352K,   0% used [0x0000000782220000, 0x0000000782220000, 0x0000000782660000)
 concurrent mark-sweep generation total 101816K, used 59566K [0x00000007aaaa0000, 0x00000007b0e0e000, 0x0000000800000000)
 Metaspace       used 25891K, capacity 26491K, committed 26880K, reserved 1073152K
  class space    used 2797K, capacity 3031K, committed 3072K, reserved 1048576K
}
Event: 8.063 GC heap before
{Heap before GC invocations=9 (full 3):
 par new generation   total 39296K, used 35918K [0x0000000780000000, 0x0000000782aa0000, 0x00000007aaaa0000)
  eden space 34944K, 100% used [0x0000000780000000, 0x0000000782220000, 0x0000000782220000)
  from space 4352K,  22% used [0x0000000782660000, 0x00000007827539f0, 0x0000000782aa0000)
  to   space 4352K,   0% used [0x0000000782220000, 0x0000000782220000, 0x0000000782660000)
 concurrent mark-sweep generation total 101816K, used 59566K [0x00000007aaaa0000, 0x00000007b0e0e000, 0x0000000800000000)
 Metaspace       used 32485K, capacity 33265K, committed 33664K, reserved 1079296K
  class space    used 3552K, capacity 3859K, committed 3968K, reserved 1048576K
}
Event: 8.068 GC heap after
{Heap after GC invocations=10 (full 3):
 par new generation   total 39296K, used 4352K [0x0000000780000000, 0x0000000782aa0000, 0x00000007aaaa0000)
  eden space 34944K,   0% used [0x0000000780000000, 0x0000000780000000, 0x0000000782220000)
  from space 4352K, 100% used [0x0000000782220000, 0x0000000782660000, 0x0000000782660000)
  to   space 4352K,   0% used [0x0000000782660000, 0x0000000782660000, 0x0000000782aa0000)
 concurrent mark-sweep generation total 101816K, used 67345K [0x00000007aaaa0000, 0x00000007b0e0e000, 0x0000000800000000)
 Metaspace       used 32485K, capacity 33265K, committed 33664K, reserved 1079296K
  class space    used 3552K, capacity 3859K, committed 3968K, reserved 1048576K
}
Event: 8.500 GC heap before
{Heap before GC invocations=10 (full 4):
 par new generation   total 39296K, used 39296K [0x0000000780000000, 0x0000000782aa0000, 0x00000007aaaa0000)
  eden space 34944K, 100% used [0x0000000780000000, 0x0000000782220000, 0x0000000782220000)
  from space 4352K, 100% used [0x0000000782220000, 0x0000000782660000, 0x0000000782660000)
  to   space 4352K,   0% used [0x0000000782660000, 0x0000000782660000, 0x0000000782aa0000)
 concurrent mark-sweep generation total 101816K, used 52144K [0x00000007aaaa0000, 0x00000007b0e0e000, 0x0000000800000000)
 Metaspace       used 39820K, capacity 40686K, committed 40832K, reserved 1085440K
  class space    used 4625K, capacity 4966K, committed 4992K, reserved 1048576K
}
Event: 8.503 GC heap after
{Heap after GC invocations=11 (full 4):
 par new generation   total 39296K, used 3990K [0x0000000780000000, 0x0000000782aa0000, 0x00000007aaaa0000)
  eden space 34944K,   0% used [0x0000000780000000, 0x0000000780000000, 0x0000000782220000)
  from space 4352K,  91% used [0x0000000782660000, 0x0000000782a45a10, 0x0000000782aa0000)
  to   space 4352K,   0% used [0x0000000782220000, 0x0000000782220000, 0x0000000782660000)
 concurrent mark-sweep generation total 101816K, used 56413K [0x00000007aaaa0000, 0x00000007b0e0e000, 0x0000000800000000)
 Metaspace       used 39820K, capacity 40686K, committed 40832K, reserved 1085440K
  class space    used 4625K, capacity 4966K, committed 4992K, reserved 1048576K
}
Event: 8.878 GC heap before
{Heap before GC invocations=11 (full 4):
 par new generation   total 39296K, used 39295K [0x0000000780000000, 0x0000000782aa0000, 0x00000007aaaa0000)
  eden space 34944K, 100% used [0x0000000780000000, 0x0000000782220000, 0x0000000782220000)
  from space 4352K,  99% used [0x0000000782660000, 0x0000000782a9fff8, 0x0000000782aa0000)
  to   space 4352K,   0% used [0x0000000782220000, 0x0000000782220000, 0x0000000782660000)
 concurrent mark-sweep generation total 101816K, used 56604K [0x00000007aaaa0000, 0x00000007b0e0e000, 0x0000000800000000)
 Metaspace       used 43659K, capacity 44843K, committed 44928K, reserved 1089536K
  class space    used 5237K, capacity 5751K, committed 5760K, reserved 1048576K
}
Event: 8.881 GC heap after
{Heap after GC invocations=12 (full 4):
 par new generation   total 39296K, used 3252K [0x0000000780000000, 0x0000000782aa0000, 0x00000007aaaa0000)
  eden space 34944K,   0% used [0x0000000780000000, 0x0000000780000000, 0x0000000782220000)
  from space 4352K,  74% used [0x0000000782220000, 0x000000078254d178, 0x0000000782660000)
  to   space 4352K,   0% used [0x0000000782660000, 0x0000000782660000, 0x0000000782aa0000)
 concurrent mark-sweep generation total 101816K, used 59485K [0x00000007aaaa0000, 0x00000007b0e0e000, 0x0000000800000000)
 Metaspace       used 43659K, capacity 44843K, committed 44928K, reserved 1089536K
  class space    used 5237K, capacity 5751K, committed 5760K, reserved 1048576K
}
Event: 9.141 GC heap before
{Heap before GC invocations=12 (full 4):
 par new generation   total 39296K, used 37819K [0x0000000780000000, 0x0000000782aa0000, 0x00000007aaaa0000)
  eden space 34944K,  98% used [0x0000000780000000, 0x00000007821c1ad0, 0x0000000782220000)
  from space 4352K,  74% used [0x0000000782220000, 0x000000078254d178, 0x0000000782660000)
  to   space 4352K,   0% used [0x0000000782660000, 0x0000000782660000, 0x0000000782aa0000)
 concurrent mark-sweep generation total 101816K, used 59485K [0x00000007aaaa0000, 0x00000007b0e0e000, 0x0000000800000000)
 Metaspace       used 44284K, capacity 45508K, committed 45824K, reserved 1089536K
  class space    used 5276K, capacity 5820K, committed 5888K, reserved 1048576K
}
Event: 9.144 GC heap after
{Heap after GC invocations=13 (full 4):
 par new generation   total 39296K, used 4351K [0x0000000780000000, 0x0000000782aa0000, 0x00000007aaaa0000)
  eden space 34944K,   0% used [0x0000000780000000, 0x0000000780000000, 0x0000000782220000)
  from space 4352K,  99% used [0x0000000782660000, 0x0000000782a9fff8, 0x0000000782aa0000)
  to   space 4352K,   0% used [0x0000000782220000, 0x0000000782220000, 0x0000000782660000)
 concurrent mark-sweep generation total 101816K, used 61656K [0x00000007aaaa0000, 0x00000007b0e0e000, 0x0000000800000000)
 Metaspace       used 44284K, capacity 45508K, committed 45824K, reserved 1089536K
  class space    used 5276K, capacity 5820K, committed 5888K, reserved 1048576K
}
Event: 9.672 GC heap before
{Heap before GC invocations=13 (full 4):
 par new generation   total 39296K, used 39295K [0x0000000780000000, 0x0000000782aa0000, 0x00000007aaaa0000)
  eden space 34944K, 100% used [0x0000000780000000, 0x0000000782220000, 0x0000000782220000)
  from space 4352K,  99% used [0x0000000782660000, 0x0000000782a9fff8, 0x0000000782aa0000)
  to   space 4352K,   0% used [0x0000000782220000, 0x0000000782220000, 0x0000000782660000)
 concurrent mark-sweep generation total 101816K, used 61656K [0x00000007aaaa0000, 0x00000007b0e0e000, 0x0000000800000000)
 Metaspace       used 44798K, capacity 46003K, committed 46336K, reserved 1089536K
  class space    used 5313K, capacity 5836K, committed 5888K, reserved 1048576K
}
Event: 9.673 GC heap after
{Heap after GC invocations=14 (full 4):
 par new generation   total 39296K, used 4352K [0x0000000780000000, 0x0000000782aa0000, 0x00000007aaaa0000)
  eden space 34944K,   0% used [0x0000000780000000, 0x0000000780000000, 0x0000000782220000)
  from space 4352K, 100% used [0x0000000782220000, 0x0000000782660000, 0x0000000782660000)
  to   space 4352K,   0% used [0x0000000782660000, 0x0000000782660000, 0x0000000782aa0000)
 concurrent mark-sweep generation total 101816K, used 69236K [0x00000007aaaa0000, 0x00000007b0e0e000, 0x0000000800000000)
 Metaspace       used 44798K, capacity 46003K, committed 46336K, reserved 1089536K
  class space    used 5313K, capacity 5836K, committed 5888K, reserved 1048576K
}

Deoptimization events (20 events):
Event: 9.801 Thread 0x00007f9159321800 DEOPT PACKING pc=0x000000011c416bef sp=0x0000700005011c60
Event: 9.801 Thread 0x00007f9159321800 DEOPT UNPACKING pc=0x000000011b70413a sp=0x0000700005011108 mode 0
Event: 9.808 Thread 0x00007f9159318800 DEOPT PACKING pc=0x000000011c416bef sp=0x000070000531ac60
Event: 9.808 Thread 0x00007f9159318800 DEOPT UNPACKING pc=0x000000011b70413a sp=0x000070000531a108 mode 0
Event: 9.815 Thread 0x00007f9159318800 DEOPT PACKING pc=0x000000011c416bef sp=0x000070000531ac60
Event: 9.815 Thread 0x00007f9159318800 DEOPT UNPACKING pc=0x000000011b70413a sp=0x000070000531a108 mode 0
Event: 9.821 Thread 0x00007f9159318800 DEOPT PACKING pc=0x000000011c416bef sp=0x000070000531ac60
Event: 9.821 Thread 0x00007f9159318800 DEOPT UNPACKING pc=0x000000011b70413a sp=0x000070000531a108 mode 0
Event: 9.828 Thread 0x00007f9159318800 DEOPT PACKING pc=0x000000011c416bef sp=0x000070000531ac60
Event: 9.828 Thread 0x00007f9159318800 DEOPT UNPACKING pc=0x000000011b70413a sp=0x000070000531a108 mode 0
Event: 9.930 Thread 0x00007f9160978000 DEOPT PACKING pc=0x000000011c50cf19 sp=0x0000700004e0ba40
Event: 9.930 Thread 0x00007f9160978000 DEOPT UNPACKING pc=0x000000011b70413a sp=0x0000700004e0af48 mode 0
Event: 10.112 Thread 0x00007f915b0eb000 DEOPT PACKING pc=0x000000011c2dae35 sp=0x00007ffee57e62d0
Event: 10.112 Thread 0x00007f915b0eb000 DEOPT UNPACKING pc=0x000000011b70413a sp=0x00007ffee57e5780 mode 0
Event: 10.112 Thread 0x00007f915b0eb000 DEOPT PACKING pc=0x000000011c2dae35 sp=0x00007ffee57e61b0
Event: 10.112 Thread 0x00007f915b0eb000 DEOPT UNPACKING pc=0x000000011b70413a sp=0x00007ffee57e5660 mode 0
Event: 10.401 Thread 0x00007f91592d0800 Uncommon trap: trap_request=0xffffffde fr.pc=0x000000012334f104 relative=0x0000000000000224
Event: 10.401 Thread 0x00007f91592d0800 Uncommon trap: reason=class_check action=maybe_recompile pc=0x000000012334f104 method=java.util.concurrent.locks.AbstractQueuedSynchronizer.release(I)Z @ 2 c2
Event: 10.401 Thread 0x00007f91592d0800 DEOPT PACKING pc=0x000000012334f104 sp=0x0000700004a02940
Event: 10.401 Thread 0x00007f91592d0800 DEOPT UNPACKING pc=0x000000011b704325 sp=0x0000700004a02900 mode 2

Classes redefined (0 events):
No events

Internal exceptions (20 events):
Event: 8.634 Thread 0x00007f915b0eb000 Exception <a 'sun/nio/fs/UnixException'{0x0000000780a89e40}> (0x0000000780a89e40) thrown at [/corretto/workspace/corretto11-repo/installers/mac/tar/corretto-build/buildRoot/src/src/hotspot/share/prims/jni.cpp, line 615]
Event: 8.649 Thread 0x00007f915b0eb000 Exception <a 'java/lang/NoSuchMethodError'{0x0000000780c47fe0}: 'java.lang.Object java.lang.invoke.DirectMethodHandle$Holder.invokeStatic(java.lang.Object, java.lang.Object, java.lang.Object, java.lang.Object, java.lang.Object, java.lang.Object, java.lang
Event: 8.650 Thread 0x00007f915b0eb000 Exception <a 'java/lang/NoSuchMethodError'{0x0000000780c54540}: 'java.lang.Object java.lang.invoke.DirectMethodHandle$Holder.invokeStatic(java.lang.Object, java.lang.Object, java.lang.Object, java.lang.Object, java.lang.Object, java.lang.Object, java.lang
Event: 8.651 Thread 0x00007f915b0eb000 Exception <a 'java/lang/NoSuchMethodError'{0x0000000780c60c00}: 'java.lang.Object java.lang.invoke.DirectMethodHandle$Holder.invokeStatic(java.lang.Object, java.lang.Object, java.lang.Object, java.lang.Object, java.lang.Object, java.lang.Object, java.lang
Event: 8.651 Thread 0x00007f915b0eb000 Exception <a 'java/lang/NoSuchMethodError'{0x0000000780c70bc8}: 'java.lang.Object java.lang.invoke.DelegatingMethodHandle$Holder.reinvoke_L(java.lang.Object, long, java.lang.Object)'> (0x0000000780c70bc8) thrown at [/corretto/workspace/corretto11-repo/ins
Event: 8.656 Thread 0x00007f915b0eb000 Exception <a 'java/lang/NoSuchMethodError'{0x0000000780d0efe8}: 'java.lang.Object java.lang.invoke.DelegatingMethodHandle$Holder.reinvoke_L(java.lang.Object, java.lang.Object, int, int, long, int, java.lang.Object, java.lang.Object, java.lang.Object, int)
Event: 8.659 Thread 0x00007f915b0eb000 Exception <a 'java/lang/NoSuchMethodError'{0x0000000780d6e1a8}: 'java.lang.Object java.lang.invoke.DirectMethodHandle$Holder.invokeSpecial(java.lang.Object, java.lang.Object, int, int, int, long, int, java.lang.Object, java.lang.Object, java.lang.Object, 
Event: 8.660 Thread 0x00007f915b0eb000 Exception <a 'java/lang/NoSuchMethodError'{0x0000000780d71a50}: 'java.lang.Object java.lang.invoke.DelegatingMethodHandle$Holder.reinvoke_L(java.lang.Object, int, int, int, long, int, java.lang.Object, java.lang.Object, java.lang.Object, int)'> (0x0000000
Event: 8.660 Thread 0x00007f915b0eb000 Exception <a 'java/lang/NoSuchMethodError'{0x0000000780d97768}: 'java.lang.Object java.lang.invoke.DirectMethodHandle$Holder.invokeStatic(java.lang.Object, java.lang.Object, java.lang.Object, java.lang.Object, java.lang.Object, int)'> (0x0000000780d97768)
Event: 8.668 Thread 0x00007f915b0eb000 Exception <a 'java/lang/NoSuchMethodError'{0x0000000780ec3478}: 'java.lang.Object java.lang.invoke.DelegatingMethodHandle$Holder.reinvoke_L(java.lang.Object, java.lang.Object, long)'> (0x0000000780ec3478) thrown at [/corretto/workspace/corretto11-repo/ins
Event: 8.855 Thread 0x00007f915b0eb000 Exception <a 'java/lang/NoSuchMethodError'{0x0000000781ec6890}: 'java.lang.Object java.lang.invoke.DelegatingMethodHandle$Holder.reinvoke_L(java.lang.Object, java.lang.Object, int, int, long, int, int, java.lang.Object, java.lang.Object, int)'> (0x0000000
Event: 8.857 Thread 0x00007f915b0eb000 Exception <a 'java/lang/NoSuchMethodError'{0x0000000781f24698}: 'java.lang.Object java.lang.invoke.DirectMethodHandle$Holder.invokeSpecial(java.lang.Object, java.lang.Object, int, int, int, long, int, int, java.lang.Object, java.lang.Object, int)'> (0x000
Event: 8.857 Thread 0x00007f915b0eb000 Exception <a 'java/lang/NoSuchMethodError'{0x0000000781f27e38}: 'java.lang.Object java.lang.invoke.DelegatingMethodHandle$Holder.reinvoke_L(java.lang.Object, int, int, int, long, int, int, java.lang.Object, java.lang.Object, int)'> (0x0000000781f27e38) th
Event: 9.515 Thread 0x00007f915b0eb000 Exception <a 'java/io/FileNotFoundException'{0x00000007810b7c30}> (0x00000007810b7c30) thrown at [/corretto/workspace/corretto11-repo/installers/mac/tar/corretto-build/buildRoot/src/src/hotspot/share/prims/jni.cpp, line 615]
Event: 9.516 Thread 0x00007f915b0eb000 Exception <a 'java/io/FileNotFoundException'{0x00000007810bb130}> (0x00000007810bb130) thrown at [/corretto/workspace/corretto11-repo/installers/mac/tar/corretto-build/buildRoot/src/src/hotspot/share/prims/jni.cpp, line 615]
Event: 9.516 Thread 0x00007f915b0eb000 Exception <a 'java/io/FileNotFoundException'{0x000000078121deb0}> (0x000000078121deb0) thrown at [/corretto/workspace/corretto11-repo/installers/mac/tar/corretto-build/buildRoot/src/src/hotspot/share/prims/jni.cpp, line 615]
Event: 9.516 Thread 0x00007f915b0eb000 Exception <a 'java/io/FileNotFoundException'{0x0000000781230900}> (0x0000000781230900) thrown at [/corretto/workspace/corretto11-repo/installers/mac/tar/corretto-build/buildRoot/src/src/hotspot/share/prims/jni.cpp, line 615]
Event: 10.077 Thread 0x00007f915b0eb000 Exception <a 'java/lang/NoSuchMethodError'{0x0000000781c4cb90}: 'java.lang.Object java.lang.invoke.DirectMethodHandle$Holder.invokeStatic(java.lang.Object, java.lang.Object, java.lang.Object, java.lang.Object, java.lang.Object, java.lang.Object, java.lang
Event: 10.416 Thread 0x00007f9159920800 Exception <a 'java/lang/NoClassDefFoundError'{0x0000000781e992c8}: com/sun/webkit/FileSystem> (0x0000000781e992c8) thrown at [/corretto/workspace/corretto11-repo/installers/mac/tar/corretto-build/buildRoot/src/src/hotspot/share/classfile/systemDictionary.
Event: 10.416 Thread 0x00007f9159920800 Exception <a 'java/lang/NoSuchMethodError'{0x0000000781e995d8}: fwkMakeAllDirectories> (0x0000000781e995d8) thrown at [/corretto/workspace/corretto11-repo/installers/mac/tar/corretto-build/buildRoot/src/src/hotspot/share/prims/jni.cpp, line 1331]

Events (20 events):
Event: 10.071 loading class com/sun/media/jfxmediaimpl/platform/osx/OSXPlatform$OSXPlatformInitializer
Event: 10.071 loading class com/sun/media/jfxmediaimpl/platform/osx/OSXPlatform$OSXPlatformInitializer done
Event: 10.074 loading class java/lang/ClassLoaderHelper
Event: 10.074 loading class java/lang/ClassLoaderHelper done
Event: 10.074 Executing VM operation: RevokeBias
Event: 10.074 Executing VM operation: RevokeBias done
Event: 10.077 loading class java/lang/invoke/BoundMethodHandle$Species_LLLLLLLLLLLLI
Event: 10.077 loading class java/lang/invoke/BoundMethodHandle$Species_LLLLLLLLLLLLI done
Event: 10.078 loading class java/lang/invoke/BoundMethodHandle$Species_LLLLLLLLLLLLII
Event: 10.078 loading class java/lang/invoke/BoundMethodHandle$Species_LLLLLLLLLLLLII done
Event: 10.195 Thread 0x00007f915aa97000 Thread added: 0x00007f915aa97000
Event: 10.195 Protecting memory [0x0000700005e48000,0x0000700005e4c000] with protection modes 0
Event: 10.196 Executing VM operation: RevokeBias
Event: 10.196 Executing VM operation: RevokeBias done
Event: 10.196 Protecting memory [0x0000700005e48000,0x0000700005e4c000] with protection modes 3
Event: 10.196 Thread 0x00007f915aa97000 Thread exited: 0x00007f915aa97000
Event: 10.416 Protecting memory [0x0000700005e48000,0x0000700005e4c000] with protection modes 0
Event: 10.416 Thread 0x00007f9159920800 Thread added: 0x00007f9159920800
Event: 10.416 loading class com/sun/webkit/FileSystem
Event: 10.416 loading class com/sun/webkit/FileSystem done


Dynamic libraries:
0x00007fff2d7ab000 	/System/Library/Frameworks/Cocoa.framework/Versions/A/Cocoa
0x00007fff3ad77000 	/System/Library/Frameworks/Security.framework/Versions/A/Security
0x00007fff2c736000 	/System/Library/Frameworks/ApplicationServices.framework/Versions/A/ApplicationServices
0x00007fff6515c000 	/usr/lib/libz.1.dylib
0x000000010a41d000 	/Library/Java/JavaVirtualMachines/amazon-corretto-11.jdk/Contents/Home/lib/jli/libjli.dylib
0x00007fff62c2f000 	/usr/lib/libSystem.B.dylib
0x00007fff2b92b000 	/System/Library/Frameworks/AppKit.framework/Versions/C/AppKit
0x00007fff2e22e000 	/System/Library/Frameworks/CoreData.framework/Versions/A/CoreData
0x00007fff30de6000 	/System/Library/Frameworks/Foundation.framework/Versions/C/Foundation
0x00007fff5f4da000 	/System/Library/PrivateFrameworks/UIFoundation.framework/Versions/A/UIFoundation
0x00007fff59cc5000 	/System/Library/PrivateFrameworks/RemoteViewServices.framework/Versions/A/RemoteViewServices
0x00007fff61f6a000 	/System/Library/PrivateFrameworks/XCTTargetBootstrap.framework/Versions/A/XCTTargetBootstrap
0x00007fff2e611000 	/System/Library/Frameworks/CoreDisplay.framework/Versions/A/CoreDisplay
0x00007fff33b5e000 	/System/Library/Frameworks/Metal.framework/Versions/A/Metal
0x00007fff480e6000 	/System/Library/PrivateFrameworks/DesktopServicesPriv.framework/Versions/A/DesktopServicesPriv
0x00007fff63d65000 	/usr/lib/liblangid.dylib
0x00007fff4723d000 	/System/Library/PrivateFrameworks/CoreSVG.framework/Versions/A/CoreSVG
0x00007fff5ca87000 	/System/Library/PrivateFrameworks/SkyLight.framework/Versions/A/SkyLight
0x00007fff2eba3000 	/System/Library/Frameworks/CoreGraphics.framework/Versions/A/CoreGraphics
0x00007fff2a4ca000 	/System/Library/Frameworks/Accelerate.framework/Versions/A/Accelerate
0x00007fff6504d000 	/usr/lib/libxml2.2.dylib
0x00007fff52e04000 	/System/Library/PrivateFrameworks/IconServices.framework/Versions/A/IconServices
0x00007fff315ca000 	/System/Library/Frameworks/IOSurface.framework/Versions/A/IOSurface
0x00007fff62767000 	/usr/lib/libDiagnosticMessagesClient.dylib
0x00007fff47f5f000 	/System/Library/PrivateFrameworks/DFRFoundation.framework/Versions/A/DFRFoundation
0x00007fff63af3000 	/usr/lib/libicucore.A.dylib
0x00007fff2ca68000 	/System/Library/Frameworks/AudioToolbox.framework/Versions/A/AudioToolbox
0x00007fff2cb4a000 	/System/Library/Frameworks/AudioUnit.framework/Versions/A/AudioUnit
0x00007fff62e30000 	/usr/lib/libauto.dylib
0x00007fff47fe0000 	/System/Library/PrivateFrameworks/DataDetectorsCore.framework/Versions/A/DataDetectorsCore
0x00007fff2d2cb000 	/System/Library/Frameworks/Carbon.framework/Versions/A/Frameworks/HIToolbox.framework/Versions/A/HIToolbox
0x00007fff39fa9000 	/System/Library/Frameworks/QuartzCore.framework/Versions/A/QuartzCore
0x00007fff2d60a000 	/System/Library/Frameworks/Carbon.framework/Versions/A/Frameworks/SpeechRecognition.framework/Versions/A/SpeechRecognition
0x00007fff478e5000 	/System/Library/PrivateFrameworks/CoreUI.framework/Versions/A/CoreUI
0x00007fff2dc94000 	/System/Library/Frameworks/CoreAudio.framework/Versions/A/CoreAudio
0x00007fff30aae000 	/System/Library/Frameworks/DiskArbitration.framework/Versions/A/DiskArbitration
0x00007fff54e18000 	/System/Library/PrivateFrameworks/MultitouchSupport.framework/Versions/A/MultitouchSupport
0x00007fff639b9000 	/usr/lib/libenergytrace.dylib
0x00007fff31525000 	/System/Library/Frameworks/IOKit.framework/Versions/A/IOKit
0x00007fff2fb11000 	/System/Library/Frameworks/CoreServices.framework/Versions/A/CoreServices
0x00007fff56f22000 	/System/Library/PrivateFrameworks/PerformanceAnalysis.framework/Versions/A/PerformanceAnalysis
0x00007fff38fdf000 	/System/Library/Frameworks/OpenGL.framework/Versions/A/OpenGL
0x00007fff64a80000 	/usr/lib/libobjc.A.dylib
0x00007fff2d7b9000 	/System/Library/Frameworks/ColorSync.framework/Versions/A/ColorSync
0x00007fff2e721000 	/System/Library/Frameworks/CoreFoundation.framework/Versions/A/CoreFoundation
0x00007fff2f22a000 	/System/Library/Frameworks/CoreImage.framework/Versions/A/CoreImage
0x00007fff30587000 	/System/Library/Frameworks/CoreText.framework/Versions/A/CoreText
0x00007fff31650000 	/System/Library/Frameworks/ImageIO.framework/Versions/A/ImageIO
0x00007fff62f15000 	/usr/lib/libc++.1.dylib
0x00007fff62f91000 	/usr/lib/libcompression.dylib
0x00007fff62aa9000 	/usr/lib/libMobileGestalt.dylib
0x00007fff5e5bc000 	/System/Library/PrivateFrameworks/TextureIO.framework/Versions/A/TextureIO
0x00007fff62d96000 	/usr/lib/libate.dylib
0x00007fff5300d000 	/System/Library/PrivateFrameworks/InternationalSupport.framework/Versions/A/InternationalSupport
0x00007fff65bd2000 	/usr/lib/system/libcache.dylib
0x00007fff65bd8000 	/usr/lib/system/libcommonCrypto.dylib
0x00007fff65be4000 	/usr/lib/system/libcompiler_rt.dylib
0x00007fff65bec000 	/usr/lib/system/libcopyfile.dylib
0x00007fff65bf6000 	/usr/lib/system/libcorecrypto.dylib
0x00007fff65da4000 	/usr/lib/system/libdispatch.dylib
0x00007fff65de6000 	/usr/lib/system/libdyld.dylib
0x00007fff65e1c000 	/usr/lib/system/libkeymgr.dylib
0x00007fff65e2a000 	/usr/lib/system/liblaunch.dylib
0x00007fff65e2b000 	/usr/lib/system/libmacho.dylib
0x00007fff65e31000 	/usr/lib/system/libquarantine.dylib
0x00007fff65e34000 	/usr/lib/system/libremovefile.dylib
0x00007fff65e36000 	/usr/lib/system/libsystem_asl.dylib
0x00007fff65e4e000 	/usr/lib/system/libsystem_blocks.dylib
0x00007fff65e4f000 	/usr/lib/system/libsystem_c.dylib
0x00007fff65ed7000 	/usr/lib/system/libsystem_configuration.dylib
0x00007fff65edb000 	/usr/lib/system/libsystem_coreservices.dylib
0x00007fff65edf000 	/usr/lib/system/libsystem_darwin.dylib
0x00007fff65ee8000 	/usr/lib/system/libsystem_dnssd.dylib
0x00007fff65ef0000 	/usr/lib/system/libsystem_featureflags.dylib
0x00007fff65ef2000 	/usr/lib/system/libsystem_info.dylib
0x00007fff65f6d000 	/usr/lib/system/libsystem_m.dylib
0x00007fff65fb5000 	/usr/lib/system/libsystem_malloc.dylib
0x00007fff65fdd000 	/usr/lib/system/libsystem_networkextension.dylib
0x00007fff65feb000 	/usr/lib/system/libsystem_notify.dylib
0x00007fff6600a000 	/usr/lib/system/libsystem_sandbox.dylib
0x00007fff6600f000 	/usr/lib/system/libsystem_secinit.dylib
0x00007fff65f40000 	/usr/lib/system/libsystem_kernel.dylib
0x00007fff65ff5000 	/usr/lib/system/libsystem_platform.dylib
0x00007fff65fff000 	/usr/lib/system/libsystem_pthread.dylib
0x00007fff66012000 	/usr/lib/system/libsystem_symptoms.dylib
0x00007fff6601a000 	/usr/lib/system/libsystem_trace.dylib
0x00007fff66032000 	/usr/lib/system/libunwind.dylib
0x00007fff66038000 	/usr/lib/system/libxpc.dylib
0x00007fff62f69000 	/usr/lib/libc++abi.dylib
0x00007fff63d67000 	/usr/lib/liblzma.5.dylib
0x00007fff639e1000 	/usr/lib/libfakelink.dylib
0x00007fff62d23000 	/usr/lib/libarchive.2.dylib
0x00007fff3bf17000 	/System/Library/Frameworks/SystemConfiguration.framework/Versions/A/SystemConfiguration
0x00007fff62698000 	/usr/lib/libCRFSuite.dylib
0x00007fff2cec0000 	/System/Library/Frameworks/CFNetwork.framework/Versions/A/CFNetwork
0x00007fff62ef7000 	/usr/lib/libbsm.0.dylib
0x00007fff65e1d000 	/usr/lib/system/libkxld.dylib
0x00007fff41a21000 	/System/Library/PrivateFrameworks/AppleFSCompression.framework/Versions/A/AppleFSCompression
0x00007fff63278000 	/usr/lib/libcoretls.dylib
0x00007fff6328f000 	/usr/lib/libcoretls_cfhelpers.dylib
0x00007fff64ac4000 	/usr/lib/libpam.2.dylib
0x00007fff64bf7000 	/usr/lib/libsqlite3.dylib
0x00007fff6503a000 	/usr/lib/libxar.1.dylib
0x00007fff62f08000 	/usr/lib/libbz2.1.0.dylib
0x00007fff63a02000 	/usr/lib/libiconv.2.dylib
0x00007fff62f7e000 	/usr/lib/libcharset.1.dylib
0x00007fff6456b000 	/usr/lib/libnetwork.dylib
0x00007fff64acb000 	/usr/lib/libpcap.A.dylib
0x00007fff62cd8000 	/usr/lib/libapple_nghttp2.dylib
0x00007fff2fec8000 	/System/Library/Frameworks/CoreServices.framework/Versions/A/Frameworks/FSEvents.framework/Versions/A/FSEvents
0x00007fff2fb98000 	/System/Library/Frameworks/CoreServices.framework/Versions/A/Frameworks/CarbonCore.framework/Versions/A/CarbonCore
0x00007fff3010b000 	/System/Library/Frameworks/CoreServices.framework/Versions/A/Frameworks/Metadata.framework/Versions/A/Metadata
0x00007fff301a4000 	/System/Library/Frameworks/CoreServices.framework/Versions/A/Frameworks/OSServices.framework/Versions/A/OSServices
0x00007fff301d2000 	/System/Library/Frameworks/CoreServices.framework/Versions/A/Frameworks/SearchKit.framework/Versions/A/SearchKit
0x00007fff2fb12000 	/System/Library/Frameworks/CoreServices.framework/Versions/A/Frameworks/AE.framework/Versions/A/AE
0x00007fff2fed1000 	/System/Library/Frameworks/CoreServices.framework/Versions/A/Frameworks/LaunchServices.framework/Versions/A/LaunchServices
0x00007fff2fe7a000 	/System/Library/Frameworks/CoreServices.framework/Versions/A/Frameworks/DictionaryServices.framework/Versions/A/DictionaryServices
0x00007fff3023a000 	/System/Library/Frameworks/CoreServices.framework/Versions/A/Frameworks/SharedFileList.framework/Versions/A/SharedFileList
0x00007fff34e33000 	/System/Library/Frameworks/NetFS.framework/Versions/A/NetFS
0x00007fff55345000 	/System/Library/PrivateFrameworks/NetAuth.framework/Versions/A/NetAuth
0x00007fff62335000 	/System/Library/PrivateFrameworks/login.framework/Versions/A/Frameworks/loginsupport.framework/Versions/A/loginsupport
0x00007fff5e0b7000 	/System/Library/PrivateFrameworks/TCC.framework/Versions/A/TCC
0x00007fff4660c000 	/System/Library/PrivateFrameworks/CoreNLP.framework/Versions/A/CoreNLP
0x00007fff54848000 	/System/Library/PrivateFrameworks/MetadataUtilities.framework/Versions/A/MetadataUtilities
0x00007fff63e3f000 	/usr/lib/libmecabra.dylib
0x00007fff63d97000 	/usr/lib/libmecab.dylib
0x00007fff639f2000 	/usr/lib/libgermantok.dylib
0x00007fff62cbf000 	/usr/lib/libThaiTokenizer.dylib
0x00007fff626d0000 	/usr/lib/libChineseTokenizer.dylib
0x00007fff2a4e2000 	/System/Library/Frameworks/Accelerate.framework/Versions/A/Frameworks/vImage.framework/Versions/A/vImage
0x00007fff2b785000 	/System/Library/Frameworks/Accelerate.framework/Versions/A/Frameworks/vecLib.framework/Versions/A/vecLib
0x00007fff2b6c9000 	/System/Library/Frameworks/Accelerate.framework/Versions/A/Frameworks/vecLib.framework/Versions/A/libvMisc.dylib
0x00007fff2b4ef000 	/System/Library/Frameworks/Accelerate.framework/Versions/A/Frameworks/vecLib.framework/Versions/A/libvDSP.dylib
0x00007fff2ab4e000 	/System/Library/Frameworks/Accelerate.framework/Versions/A/Frameworks/vecLib.framework/Versions/A/libBLAS.dylib
0x00007fff2b0a9000 	/System/Library/Frameworks/Accelerate.framework/Versions/A/Frameworks/vecLib.framework/Versions/A/libLAPACK.dylib
0x00007fff2b44f000 	/System/Library/Frameworks/Accelerate.framework/Versions/A/Frameworks/vecLib.framework/Versions/A/libLinearAlgebra.dylib
0x00007fff2b4dc000 	/System/Library/Frameworks/Accelerate.framework/Versions/A/Frameworks/vecLib.framework/Versions/A/libSparseBLAS.dylib
0x00007fff2b465000 	/System/Library/Frameworks/Accelerate.framework/Versions/A/Frameworks/vecLib.framework/Versions/A/libQuadrature.dylib
0x00007fff2adb8000 	/System/Library/Frameworks/Accelerate.framework/Versions/A/Frameworks/vecLib.framework/Versions/A/libBNNS.dylib
0x00007fff2b46b000 	/System/Library/Frameworks/Accelerate.framework/Versions/A/Frameworks/vecLib.framework/Versions/A/libSparse.dylib
0x00007fff533cc000 	/System/Library/PrivateFrameworks/LanguageModeling.framework/Versions/A/LanguageModeling
0x00007fff45fa8000 	/System/Library/PrivateFrameworks/CoreEmoji.framework/Versions/A/CoreEmoji
0x00007fff534ea000 	/System/Library/PrivateFrameworks/LinguisticData.framework/Versions/A/LinguisticData
0x00007fff5349b000 	/System/Library/PrivateFrameworks/Lexicon.framework/Versions/A/Lexicon
0x00007fff62f7f000 	/usr/lib/libcmph.dylib
0x00007fff37a05000 	/System/Library/Frameworks/OpenDirectory.framework/Versions/A/Frameworks/CFOpenDirectory.framework/Versions/A/CFOpenDirectory
0x00007fff37a22000 	/System/Library/Frameworks/OpenDirectory.framework/Versions/A/OpenDirectory
0x00007fff3fcf0000 	/System/Library/PrivateFrameworks/APFS.framework/Versions/A/APFS
0x00007fff3b0ca000 	/System/Library/Frameworks/SecurityFoundation.framework/Versions/A/SecurityFoundation
0x00007fff65036000 	/usr/lib/libutil.dylib
0x00007fff47295000 	/System/Library/PrivateFrameworks/CoreServicesStore.framework/Versions/A/CoreServicesStore
0x00007fff3b182000 	/System/Library/Frameworks/ServiceManagement.framework/Versions/A/ServiceManagement
0x00007fff431d8000 	/System/Library/PrivateFrameworks/BackgroundTaskManagement.framework/Versions/A/BackgroundTaskManagement
0x00007fff65133000 	/usr/lib/libxslt.1.dylib
0x00007fff42086000 	/System/Library/PrivateFrameworks/AppleSystemInfo.framework/Versions/A/AppleSystemInfo
0x00007fff3186d000 	/System/Library/Frameworks/ImageIO.framework/Versions/A/Resources/libJPEG.dylib
0x00007fff31b2c000 	/System/Library/Frameworks/ImageIO.framework/Versions/A/Resources/libTIFF.dylib
0x00007fff31b0f000 	/System/Library/Frameworks/ImageIO.framework/Versions/A/Resources/libPng.dylib
0x00007fff317ae000 	/System/Library/Frameworks/ImageIO.framework/Versions/A/Resources/libGIF.dylib
0x00007fff317b2000 	/System/Library/Frameworks/ImageIO.framework/Versions/A/Resources/libJP2.dylib
0x00007fff31b2a000 	/System/Library/Frameworks/ImageIO.framework/Versions/A/Resources/libRadiance.dylib
0x00007fff639ba000 	/usr/lib/libexpat.1.dylib
0x00007fff41b7c000 	/System/Library/PrivateFrameworks/AppleJPEG.framework/Versions/A/AppleJPEG
0x00007fff4a502000 	/System/Library/PrivateFrameworks/FontServices.framework/libFontParser.dylib
0x00007fff6138c000 	/System/Library/PrivateFrameworks/WatchdogClient.framework/Versions/A/WatchdogClient
0x00007fff52a59000 	/System/Library/PrivateFrameworks/IOAccelerator.framework/Versions/A/IOAccelerator
0x00007fff33eec000 	/System/Library/Frameworks/MetalPerformanceShaders.framework/Versions/A/MetalPerformanceShaders
0x00007fff4f250000 	/System/Library/PrivateFrameworks/GPUWrangler.framework/Versions/A/GPUWrangler
0x00007fff52a64000 	/System/Library/PrivateFrameworks/IOPresentment.framework/Versions/A/IOPresentment
0x00007fff47f72000 	/System/Library/PrivateFrameworks/DSExternalDisplay.framework/Versions/A/DSExternalDisplay
0x00007fff3838b000 	/System/Library/Frameworks/OpenGL.framework/Versions/A/Libraries/libCoreFSCache.dylib
0x00007fff33c3e000 	/System/Library/Frameworks/MetalPerformanceShaders.framework/Frameworks/MPSCore.framework/Versions/A/MPSCore
0x00007fff33c7b000 	/System/Library/Frameworks/MetalPerformanceShaders.framework/Frameworks/MPSImage.framework/Versions/A/MPSImage
0x00007fff33d3d000 	/System/Library/Frameworks/MetalPerformanceShaders.framework/Frameworks/MPSNeuralNetwork.framework/Versions/A/MPSNeuralNetwork
0x00007fff33d02000 	/System/Library/Frameworks/MetalPerformanceShaders.framework/Frameworks/MPSMatrix.framework/Versions/A/MPSMatrix
0x00007fff33e9d000 	/System/Library/Frameworks/MetalPerformanceShaders.framework/Frameworks/MPSRayIntersector.framework/Versions/A/MPSRayIntersector
0x00007fff33d27000 	/System/Library/Frameworks/MetalPerformanceShaders.framework/Frameworks/MPSNDArray.framework/Versions/A/MPSNDArray
0x00007fff54895000 	/System/Library/PrivateFrameworks/MetalTools.framework/Versions/A/MetalTools
0x00007fff40ea7000 	/System/Library/PrivateFrameworks/AggregateDictionary.framework/Versions/A/AggregateDictionary
0x00007fff45a32000 	/System/Library/PrivateFrameworks/CoreAnalytics.framework/Versions/A/CoreAnalytics
0x00007fff41fa4000 	/System/Library/PrivateFrameworks/AppleSauce.framework/Versions/A/AppleSauce
0x00007fff6298c000 	/usr/lib/libIOReport.dylib
0x00007fff3073c000 	/System/Library/Frameworks/CoreVideo.framework/Versions/A/CoreVideo
0x00007fff506bc000 	/System/Library/PrivateFrameworks/GraphVisualizer.framework/Versions/A/GraphVisualizer
0x00007fff49a83000 	/System/Library/PrivateFrameworks/FaceCore.framework/Versions/A/FaceCore
0x00007fff379ac000 	/System/Library/Frameworks/OpenCL.framework/Versions/A/OpenCL
0x00007fff627ae000 	/usr/lib/libFosl_dynamic.dylib
0x00007fff55d40000 	/System/Library/PrivateFrameworks/OTSVG.framework/Versions/A/OTSVG
0x00007fff2c83b000 	/System/Library/Frameworks/ApplicationServices.framework/Versions/A/Frameworks/ATS.framework/Versions/A/Resources/libFontRegistry.dylib
0x00007fff4a6d3000 	/System/Library/PrivateFrameworks/FontServices.framework/libhvf.dylib
0x00007fff38396000 	/System/Library/Frameworks/OpenGL.framework/Versions/A/Libraries/libGFXShared.dylib
0x00007fff38573000 	/System/Library/Frameworks/OpenGL.framework/Versions/A/Libraries/libGLU.dylib
0x00007fff3839f000 	/System/Library/Frameworks/OpenGL.framework/Versions/A/Libraries/libGL.dylib
0x00007fff383aa000 	/System/Library/Frameworks/OpenGL.framework/Versions/A/Libraries/libGLImage.dylib
0x00007fff38388000 	/System/Library/Frameworks/OpenGL.framework/Versions/A/Libraries/libCVMSPluginSupport.dylib
0x00007fff38391000 	/System/Library/Frameworks/OpenGL.framework/Versions/A/Libraries/libCoreVMClient.dylib
0x00007fff6440d000 	/usr/lib/libncurses.5.4.dylib
0x00007fff2c737000 	/System/Library/Frameworks/ApplicationServices.framework/Versions/A/Frameworks/ATS.framework/Versions/A/ATS
0x00007fff2c904000 	/System/Library/Frameworks/ApplicationServices.framework/Versions/A/Frameworks/ColorSyncLegacy.framework/Versions/A/ColorSyncLegacy
0x00007fff2c9a3000 	/System/Library/Frameworks/ApplicationServices.framework/Versions/A/Frameworks/HIServices.framework/Versions/A/HIServices
0x00007fff2c9fa000 	/System/Library/Frameworks/ApplicationServices.framework/Versions/A/Frameworks/LangAnalysis.framework/Versions/A/LangAnalysis
0x00007fff2ca09000 	/System/Library/Frameworks/ApplicationServices.framework/Versions/A/Frameworks/PrintCore.framework/Versions/A/PrintCore
0x00007fff2ca4f000 	/System/Library/Frameworks/ApplicationServices.framework/Versions/A/Frameworks/QD.framework/Versions/A/QD
0x00007fff2ca5a000 	/System/Library/Frameworks/ApplicationServices.framework/Versions/A/Frameworks/SpeechSynthesis.framework/Versions/A/SpeechSynthesis
0x00007fff2c8d4000 	/System/Library/Frameworks/ApplicationServices.framework/Versions/A/Frameworks/ATSUI.framework/Versions/A/ATSUI
0x00007fff6384e000 	/usr/lib/libcups.2.dylib
0x00007fff32f9b000 	/System/Library/Frameworks/Kerberos.framework/Versions/A/Kerberos
0x00007fff3121b000 	/System/Library/Frameworks/GSS.framework/Versions/A/GSS
0x00007fff64b83000 	/usr/lib/libresolv.9.dylib
0x00007fff5085d000 	/System/Library/PrivateFrameworks/Heimdal.framework/Versions/A/Heimdal
0x00007fff32fae000 	/System/Library/Frameworks/Kerberos.framework/Versions/A/Libraries/libHeimdalProxy.dylib
0x00007fff639f8000 	/usr/lib/libheimdal-asn1.dylib
0x00007fff44ed8000 	/System/Library/PrivateFrameworks/CommonAuth.framework/Versions/A/CommonAuth
0x00007fff42123000 	/System/Library/PrivateFrameworks/AssertionServices.framework/Versions/A/AssertionServices
0x00007fff42cc6000 	/System/Library/PrivateFrameworks/AudioToolboxCore.framework/Versions/A/AudioToolboxCore
0x00007fff61fe6000 	/System/Library/PrivateFrameworks/caulk.framework/Versions/A/caulk
0x00007fff43284000 	/System/Library/PrivateFrameworks/BaseBoard.framework/Versions/A/BaseBoard
0x00007fff59e54000 	/System/Library/PrivateFrameworks/RunningBoardServices.framework/Versions/A/RunningBoardServices
0x00007fff56f2e000 	/System/Library/PrivateFrameworks/PersistentConnection.framework/Versions/A/PersistentConnection
0x00007fff598a3000 	/System/Library/PrivateFrameworks/ProtocolBuffer.framework/Versions/A/ProtocolBuffer
0x00007fff44efd000 	/System/Library/PrivateFrameworks/CommonUtilities.framework/Versions/A/CommonUtilities
0x00007fff43407000 	/System/Library/PrivateFrameworks/Bom.framework/Versions/A/Bom
0x00007fff6265b000 	/usr/lib/libAudioToolboxUtility.dylib
0x00007fff431e2000 	/System/Library/PrivateFrameworks/Backup.framework/Versions/A/Backup
0x00007fff47ce2000 	/System/Library/PrivateFrameworks/CrashReporterSupport.framework/Versions/A/CrashReporterSupport
0x00007fff5b94b000 	/System/Library/PrivateFrameworks/Sharing.framework/Versions/A/Sharing
0x00007fff418c7000 	/System/Library/PrivateFrameworks/Apple80211.framework/Versions/A/Apple80211
0x00007fff42f04000 	/System/Library/PrivateFrameworks/AuthKit.framework/Versions/A/AuthKit
0x00007fff47a12000 	/System/Library/PrivateFrameworks/CoreUtils.framework/Versions/A/CoreUtils
0x00007fff30781000 	/System/Library/Frameworks/CoreWLAN.framework/Versions/A/CoreWLAN
0x00007fff313a6000 	/System/Library/Frameworks/IOBluetooth.framework/Versions/A/IOBluetooth
0x00007fff54b93000 	/System/Library/PrivateFrameworks/MobileKeyBag.framework/Versions/A/MobileKeyBag
0x00007fff46ae8000 	/System/Library/PrivateFrameworks/CorePhoneNumbers.framework/Versions/A/CorePhoneNumbers
0x00007fff41b2f000 	/System/Library/PrivateFrameworks/AppleIDAuthSupport.framework/Versions/A/AppleIDAuthSupport
0x00007fff34e40000 	/System/Library/Frameworks/Network.framework/Versions/A/Network
0x00007fff53254000 	/System/Library/PrivateFrameworks/KeychainCircle.framework/Versions/A/KeychainCircle
0x00007fff2e1f6000 	/System/Library/Frameworks/CoreBluetooth.framework/Versions/A/CoreBluetooth
0x00007fff5d5c7000 	/System/Library/PrivateFrameworks/SpeechRecognitionCore.framework/Versions/A/SpeechRecognitionCore
0x000000010be00000 	/Library/Java/JavaVirtualMachines/amazon-corretto-11.jdk/Contents/Home/lib/server/libjvm.dylib
0x000000010a443000 	/Library/Java/JavaVirtualMachines/amazon-corretto-11.jdk/Contents/Home/lib/libverify.dylib
0x000000010a44f000 	/Library/Java/JavaVirtualMachines/amazon-corretto-11.jdk/Contents/Home/lib/libjava.dylib
0x000000010a48f000 	/Library/Java/JavaVirtualMachines/amazon-corretto-11.jdk/Contents/Home/lib/libinstrument.dylib
0x000000010a513000 	/Library/Java/JavaVirtualMachines/amazon-corretto-11.jdk/Contents/Home/lib/libzip.dylib
0x000000010a51b000 	/Library/Java/JavaVirtualMachines/amazon-corretto-11.jdk/Contents/Home/lib/libjimage.dylib
0x00000001129fc000 	/Library/Java/JavaVirtualMachines/amazon-corretto-11.jdk/Contents/Home/lib/libnio.dylib
0x0000000112a0a000 	/Library/Java/JavaVirtualMachines/amazon-corretto-11.jdk/Contents/Home/lib/libnet.dylib
0x0000000112aa7000 	/Library/Java/JavaVirtualMachines/amazon-corretto-11.jdk/Contents/Home/lib/libextnet.dylib
0x0000000112b0e000 	/Library/Java/JavaVirtualMachines/amazon-corretto-11.jdk/Contents/Home/lib/libawt.dylib
0x0000000112ba9000 	/Library/Java/JavaVirtualMachines/amazon-corretto-11.jdk/Contents/Home/lib/libmlib_image.dylib
0x00007fff32f84000 	/System/Library/Frameworks/JavaVM.framework/Versions/A/Frameworks/JavaNativeFoundation.framework/Versions/A/JavaNativeFoundation
0x00007fff32f8d000 	/System/Library/Frameworks/JavaVM.framework/Versions/A/Frameworks/JavaRuntimeSupport.framework/Versions/A/JavaRuntimeSupport
0x00007fff32f96000 	/System/Library/Frameworks/JavaVM.framework/Versions/A/JavaVM
0x00007fff530b7000 	/System/Library/PrivateFrameworks/JavaLaunching.framework/Versions/A/JavaLaunching
0x00007fff2d2c6000 	/System/Library/Frameworks/Carbon.framework/Versions/A/Carbon
0x00007fff477c6000 	/System/Library/PrivateFrameworks/CoreSymbolication.framework/Versions/A/CoreSymbolication
0x00007fff2d2c7000 	/System/Library/Frameworks/Carbon.framework/Versions/A/Frameworks/CommonPanels.framework/Versions/A/CommonPanels
0x00007fff2d5c0000 	/System/Library/Frameworks/Carbon.framework/Versions/A/Frameworks/Help.framework/Versions/A/Help
0x00007fff2d5c4000 	/System/Library/Frameworks/Carbon.framework/Versions/A/Frameworks/ImageCapture.framework/Versions/A/ImageCapture
0x00007fff2d5cb000 	/System/Library/Frameworks/Carbon.framework/Versions/A/Frameworks/OpenScripting.framework/Versions/A/OpenScripting
0x00007fff2d5ca000 	/System/Library/Frameworks/Carbon.framework/Versions/A/Frameworks/Ink.framework/Versions/A/Ink
0x00007fff2d606000 	/System/Library/Frameworks/Carbon.framework/Versions/A/Frameworks/Print.framework/Versions/A/Print
0x00007fff2d607000 	/System/Library/Frameworks/Carbon.framework/Versions/A/Frameworks/SecurityHI.framework/Versions/A/SecurityHI
0x00007fff480a7000 	/System/Library/PrivateFrameworks/DebugSymbols.framework/Versions/A/DebugSymbols
0x0000000112c14000 	/Library/Java/JavaVirtualMachines/amazon-corretto-11.jdk/Contents/Home/lib/libawt_lwawt.dylib
0x0000000112cc3000 	/Library/Java/JavaVirtualMachines/amazon-corretto-11.jdk/Contents/Home/lib/libosxapp.dylib
0x00007fff30c89000 	/System/Library/Frameworks/ExceptionHandling.framework/Versions/A/ExceptionHandling
0x000000012c294000 	/Library/Java/JavaVirtualMachines/amazon-corretto-11.jdk/Contents/Home/lib/libfontmanager.dylib
0x0000000112eb4000 	/Library/Java/JavaVirtualMachines/amazon-corretto-11.jdk/Contents/Home/lib/libfreetype.dylib
0x00007fff47261000 	/System/Library/PrivateFrameworks/CoreServicesInternal.framework/Versions/A/CoreServicesInternal
0x00007fff30ca8000 	/System/Library/Frameworks/FileProvider.framework/Versions/A/FileProvider
0x00007fff2b786000 	/System/Library/Frameworks/Accounts.framework/Versions/A/Accounts
0x00007fff4f572000 	/System/Library/PrivateFrameworks/GenerationalStorage.framework/Versions/A/GenerationalStorage
0x00007fff5ddf8000 	/System/Library/PrivateFrameworks/SymptomDiagnosticReporter.framework/Versions/A/SymptomDiagnosticReporter
0x00007fff413b8000 	/System/Library/PrivateFrameworks/AppContainer.framework/Versions/A/AppContainer
0x00007fff64b9d000 	/usr/lib/libsandbox.1.dylib
0x00007fff60328000 	/System/Library/PrivateFrameworks/UserManagement.framework/Versions/A/UserManagement
0x00007fff43fc9000 	/System/Library/PrivateFrameworks/ChunkingLibrary.framework/Versions/A/ChunkingLibrary
0x00007fff4142a000 	/System/Library/PrivateFrameworks/AppSandbox.framework/Versions/A/AppSandbox
0x00007fff5b7d5000 	/System/Library/PrivateFrameworks/SecCodeWrapper.framework/Versions/A/SecCodeWrapper
0x00007fff62a72000 	/usr/lib/libMatch.1.dylib
0x00007fff22da6000 	/System/Library/CoreServices/RawCamera.bundle/Contents/MacOS/RawCamera
0x00007fff549bd000 	/System/Library/PrivateFrameworks/MobileAsset.framework/Versions/A/MobileAsset
0x00007fff5dca6000 	/System/Library/PrivateFrameworks/StreamingZip.framework/Versions/A/StreamingZip
0x00007fff33417000 	/System/Library/Frameworks/MediaToolbox.framework/Versions/A/MediaToolbox
0x00007fff459e1000 	/System/Library/PrivateFrameworks/CoreAVCHD.framework/Versions/A/CoreAVCHD
0x00007fff33341000 	/System/Library/Frameworks/MediaAccessibility.framework/Versions/A/MediaAccessibility
0x00007fff53d88000 	/System/Library/PrivateFrameworks/Mangrove.framework/Versions/A/Mangrove
0x00007fff2f94b000 	/System/Library/Frameworks/CoreMedia.framework/Versions/A/CoreMedia
0x00007fff53ff4000 	/System/Library/PrivateFrameworks/MediaExperience.framework/Versions/A/MediaExperience
0x00007fff3c1fd000 	/System/Library/Frameworks/VideoToolbox.framework/Versions/A/VideoToolbox
0x00007fff4560b000 	/System/Library/PrivateFrameworks/CoreAUC.framework/Versions/A/CoreAUC
0x00007fff64bf5000 	/usr/lib/libspindump.dylib
0x00007fff42671000 	/System/Library/PrivateFrameworks/AudioResourceArbitration.framework/Versions/A/AudioResourceArbitration
0x00007fff4208a000 	/System/Library/PrivateFrameworks/AppleVA.framework/Versions/A/AppleVA
0x00007fff2a4cb000 	/System/Library/Frameworks/Accelerate.framework/Versions/A/Frameworks/vImage.framework/Versions/A/Libraries/libCGInterfaces.dylib
0x0000000112af8000 	/usr/lib/libobjc-trampolines.dylib
0x00007fff4a63a000 	/System/Library/PrivateFrameworks/FontServices.framework/libTrueTypeScaler.dylib
0x00007fff22fb5000 	/System/Library/Extensions/AMDMTLBronzeDriver.bundle/Contents/MacOS/AMDMTLBronzeDriver
0x00007fff52a4f000 	/System/Library/PrivateFrameworks/IOAccelMemoryInfo.framework/Versions/A/IOAccelMemoryInfo
0x00007fff273ef000 	/System/Library/Extensions/AppleIntelKBLGraphicsMTLDriver.bundle/Contents/MacOS/AppleIntelKBLGraphicsMTLDriver
0x00007fff4dba8000 	/System/Library/PrivateFrameworks/GPUCompiler.framework/Versions/3902/Libraries/libmetal_timestamp.dylib
0x00007fff610fc000 	/System/Library/PrivateFrameworks/ViewBridge.framework/Versions/A/ViewBridge
0x00007fff62338000 	/System/Library/PrivateFrameworks/login.framework/Versions/A/login
0x0000000112d33000 	/Library/Java/JavaVirtualMachines/amazon-corretto-11.jdk/Contents/Home/lib/libprefs.dylib
0x00007fff38fef000 	/System/Library/Frameworks/OpenGL.framework/Versions/A/Resources/GLEngine.bundle/GLEngine
0x00007fff383e0000 	/System/Library/Frameworks/OpenGL.framework/Versions/A/Libraries/libGLProgrammability.dylib
0x00007fff265c6000 	/System/Library/Extensions/AppleIntelKBLGraphicsGLDriver.bundle/Contents/MacOS/AppleIntelKBLGraphicsGLDriver
0x00007fff4f244000 	/System/Library/PrivateFrameworks/GPUSupport.framework/Versions/A/Libraries/libGPUSupportMercury.dylib
0x000000012e78c000 	/System/Library/Extensions/AMDRadeonX4000GLDriver.bundle/Contents/MacOS/AMDRadeonX4000GLDriver
0x00007fff230d6000 	/System/Library/Extensions/AMDRadeonX4000GLDriver.bundle/Contents/MacOS/ATIRadeonX4000SCLib.dylib
0x00007fff246fb000 	/System/Library/Extensions/AMDShared.bundle/Contents/PlugIns/libSC.dylib
0x00007fff39169000 	/System/Library/Frameworks/OpenGL.framework/Versions/A/Resources/GLRendererFloat.bundle/GLRendererFloat
0x00007fff379a3000 	/System/Library/Frameworks/OpenCL.framework/Versions/A/Libraries/libcldcpuengine.dylib
0x00007fff63433000 	/usr/lib/libcrypto.35.dylib
0x00007fff5e800000 	/System/Library/PrivateFrameworks/TrustEvaluationAgent.framework/Versions/A/TrustEvaluationAgent
0x000000012ecce000 	/Library/Java/JavaVirtualMachines/amazon-corretto-11.jdk/Contents/Home/lib/libosxui.dylib
0x00000001611fd000 	/Library/Java/JavaVirtualMachines/amazon-corretto-11.jdk/Contents/Home/lib/libjavajpeg.dylib
0x00000001614aa000 	/Library/Java/JavaVirtualMachines/amazon-corretto-11.jdk/Contents/Home/lib/libsunec.dylib
0x000000016110f000 	/Users/adventure/.codenameone/javafx/lib/libprism_es2.dylib
0x0000000162454000 	/Users/adventure/.codenameone/javafx/lib/libglass.dylib
0x0000000165670000 	/Users/adventure/.codenameone/javafx/lib/libjfxwebkit.dylib
0x000000014f36d000 	/Users/adventure/.codenameone/javafx/lib/libjavafx_font.dylib
0x0000000162baf000 	/Users/adventure/.codenameone/javafx/lib/libjavafx_iio.dylib
0x0000000171000000 	/Users/adventure/.codenameone/javafx/lib/libglib-lite.dylib
0x00007fff639e4000 	/usr/lib/libffi.dylib
0x0000000171700000 	/Users/adventure/.codenameone/javafx/lib/libgstreamer-lite.dylib
0x000000016316e000 	/Users/adventure/.codenameone/javafx/lib/libjfxmedia.dylib
0x00000001631a3000 	/Users/adventure/.codenameone/javafx/lib/libjfxmedia_avf.dylib
0x00007fff2a0e4000 	/System/Library/Frameworks/AVFoundation.framework/Versions/A/AVFoundation
0x00007fff2a2de000 	/System/Library/Frameworks/AVFoundation.framework/Versions/A/Frameworks/AVFAudio.framework/Versions/A/AVFAudio
0x00007fff2fa26000 	/System/Library/Frameworks/CoreMediaIO.framework/Versions/A/CoreMediaIO
0x00007fff6264e000 	/usr/lib/libAudioStatistics.dylib
0x00007fff6237d000 	/System/Library/PrivateFrameworks/perfdata.framework/Versions/A/perfdata
0x00007fff64b3f000 	/usr/lib/libperfcheck.dylib
0x00007fff62b3d000 	/usr/lib/libSMC.dylib


VM Arguments:
jvm_args: -Xms128m -Xmx2048m -XX:ReservedCodeCacheSize=240m -XX:+UseConcMarkSweepGC -XX:SoftRefLRUPolicyMSPerMB=50 -ea -XX:CICompilerCount=2 -Dsun.io.useCanonPrefixCache=false -Djava.net.preferIPv4Stack=true -Djdk.http.auth.tunneling.disabledSchemes="" -XX:+HeapDumpOnOutOfMemoryError -XX:-OmitStackTraceInFastThrow -Djdk.attach.allowAttachSelf=true -Dkotlinx.coroutines.debug=off -Djdk.module.illegalAccess.silent=true -XX:+UseCompressedOops -Dfile.encoding=UTF-8 -XX:ErrorFile=$USER_HOME/java_error_in_idea_%p.log -XX:HeapDumpPath=$USER_HOME/java_error_in_idea.hprof -Dapple.laf.useScreenMenuBar=true -javaagent:/Applications/IntelliJ IDEA CE.app/Contents/lib/idea_rt.jar=50331:/Applications/IntelliJ IDEA CE.app/Contents/bin 
java_command: com.codename1.impl.javase.Simulator com.codename1.demos.kitchen.MyApplication
java_class_path (initial): /Users/adventure/Desktop/kitchesinkdemo/out/production/kitchesinkdemo:/Users/adventure/Desktop/kitchesinkdemo/src:/Users/adventure/Desktop/kitchesinkdemo/lib/CodenameOne.jar:/Users/adventure/Desktop/kitchesinkdemo/JavaSE.jar:native/internal_tmp:lib/impl/cls
Launcher Type: SUN_STANDARD

[Global flags]
     intx CICompilerCount                          = 2                                         {product} {command line}
    ccstr ErrorFile                                = $USER_HOME/java_error_in_idea_%p.log            {product} {command line}
     bool HeapDumpOnOutOfMemoryError               = true                                   {manageable} {command line}
    ccstr HeapDumpPath                             = $USER_HOME/java_error_in_idea.hprof         {manageable} {command line}
   size_t InitialHeapSize                          = 134217728                                 {product} {command line}
   size_t MaxHeapSize                              = 2147483648                                {product} {command line}
   size_t MaxNewSize                               = 715784192                                 {product} {ergonomic}
    uintx MaxTenuringThreshold                     = 6                                         {product} {ergonomic}
   size_t MinHeapDeltaBytes                        = 196608                                    {product} {ergonomic}
   size_t NewSize                                  = 44695552                                  {product} {ergonomic}
    uintx NonNMethodCodeHeapSize                   = 5825164                                {pd product} {ergonomic}
    uintx NonProfiledCodeHeapSize                  = 122916538                              {pd product} {ergonomic}
   size_t OldSize                                  = 89522176                                  {product} {ergonomic}
     bool OmitStackTraceInFastThrow                = false                                     {product} {command line}
    uintx ProfiledCodeHeapSize                     = 122916538                              {pd product} {ergonomic}
    uintx ReservedCodeCacheSize                    = 251658240                              {pd product} {command line}
     bool SegmentedCodeCache                       = true                                      {product} {ergonomic}
     intx SoftRefLRUPolicyMSPerMB                  = 50                                        {product} {command line}
     bool UseCompressedClassPointers               = true                                 {lp64_product} {ergonomic}
     bool UseCompressedOops                        = true                                 {lp64_product} {command line}
     bool UseConcMarkSweepGC                       = true                                      {product} {command line}

Logging:
Log output configuration:
 #0: stdout all=warning uptime,level,tags
 #1: stderr all=off uptime,level,tags

Environment Variables:
JAVA_HOME=/Library/Java/JavaVirtualMachines/amazon-corretto-11.jdk/Contents/Home
PATH=/usr/local/bin:/Library/Frameworks/Python.framework/Versions/3.7/bin:/usr/local/bin:/usr/bin:/bin:/usr/sbin:/sbin:/Users/adventure/dev/flutter/bin:/Users/adventure/Library/Android/sdk/tools:/Users/adventure/Library/Android/sdk/platform-tools
SHELL=/bin/zsh

Signal Handlers:
SIGSEGV: [libjvm.dylib+0x7577d8], sa_mask[0]=11111111011111110111111111111111, sa_flags=SA_ONSTACK|SA_RESTART|SA_SIGINFO
SIGBUS: [libjvm.dylib+0x7577d8], sa_mask[0]=11111111011111110111111111111111, sa_flags=SA_RESTART|SA_SIGINFO
SIGFPE: [libjvm.dylib+0x7577d8], sa_mask[0]=11111111011111110111111111111111, sa_flags=SA_RESTART|SA_SIGINFO
SIGPIPE: [libjvm.dylib+0x5fbe5c], sa_mask[0]=11111111011111110111111111111111, sa_flags=SA_RESTART|SA_SIGINFO
SIGXFSZ: [libjvm.dylib+0x5fbe5c], sa_mask[0]=11111111011111110111111111111111, sa_flags=SA_RESTART|SA_SIGINFO
SIGILL: [libjvm.dylib+0x7577d8], sa_mask[0]=11111111011111110111111111111111, sa_flags=SA_RESTART|SA_SIGINFO
SIGUSR2: [libjvm.dylib+0x5fc45a], sa_mask[0]=00100000000000000000000000000000, sa_flags=SA_RESTART|SA_SIGINFO
SIGHUP: [libjvm.dylib+0x5faf37], sa_mask[0]=11111111011111110111111111111111, sa_flags=SA_RESTART|SA_SIGINFO
SIGINT: [libjvm.dylib+0x5faf37], sa_mask[0]=11111111011111110111111111111111, sa_flags=SA_RESTART|SA_SIGINFO
SIGTERM: [libjvm.dylib+0x5faf37], sa_mask[0]=11111111011111110111111111111111, sa_flags=SA_RESTART|SA_SIGINFO
SIGQUIT: [libjvm.dylib+0x5faf37], sa_mask[0]=11111111011111110111111111111111, sa_flags=SA_RESTART|SA_SIGINFO


---------------  S Y S T E M  ---------------

OS:uname:Darwin 19.2.0 Darwin Kernel Version 19.2.0: Sat Nov  9 03:47:04 PST 2019; root:xnu-6153.61.1~20/RELEASE_X86_64 x86_64
rlimit: STACK 8192k, CORE 0k, NPROC 2784, NOFILE 10240, AS infinity, DATA infinity, FSIZE infinity
load average:2.37 2.11 1.83

CPU:total 12 (initial active 12) (6 cores per cpu, 2 threads per core) family 6 model 158 stepping 10, cmov, cx8, fxsr, mmx, sse, sse2, sse3, ssse3, sse4.1, sse4.2, popcnt, avx, avx2, aes, clmul, erms, 3dnowpref, lzcnt, ht, tsc, tscinvbit, bmi1, bmi2, adx, fma

Memory: 4k page, physical 16777216k(1369592k free), swap 0k(0k free)

vm_info: OpenJDK 64-Bit Server VM (11.0.5+10-LTS) for bsd-amd64 JRE (11.0.5+10-LTS), built on Nov 12 2019 17:01:34 by "root" with gcc 4.2.1 Compatible Apple LLVM 8.0.0 (clang-800.0.42.1)

END.
