#
# A fatal error has been detected by the Java Runtime Environment:
#
#  SIGSEGV (0xb) at pc=0x0000000104de96f6, pid=2110, tid=112423
#
# JRE version: OpenJDK Runtime Environment (11.0.5+10) (build 11.0.5+10-LTS)
# Java VM: OpenJDK 64-Bit Server VM (11.0.5+10-LTS, mixed mode, tiered, compressed oops, concurrent mark sweep gc, bsd-amd64)
# Problematic frame:
# V  [libjvm.dylib+0x3e96f6]  jni_CallStaticBooleanMethodV+0x7c
#
# No core dump will be written. Core dumps have been disabled. To enable core dumping, try "ulimit -c unlimited" before starting Java again
#
# If you would like to submit a bug report, please visit:
#   http://bugreport.java.com/bugreport/crash.jsp
#

---------------  S U M M A R Y ------------

Command Line: -Xms128m -Xmx2048m -XX:ReservedCodeCacheSize=240m -XX:+UseConcMarkSweepGC -XX:SoftRefLRUPolicyMSPerMB=50 -ea -XX:CICompilerCount=2 -Dsun.io.useCanonPrefixCache=false -Djava.net.preferIPv4Stack=true -Djdk.http.auth.tunneling.disabledSchemes="" -XX:+HeapDumpOnOutOfMemoryError -XX:-OmitStackTraceInFastThrow -Djdk.attach.allowAttachSelf=true -Dkotlinx.coroutines.debug=off -Djdk.module.illegalAccess.silent=true -XX:+UseCompressedOops -Dfile.encoding=UTF-8 -XX:ErrorFile=$USER_HOME/java_error_in_idea_%p.log -XX:HeapDumpPath=$USER_HOME/java_error_in_idea.hprof -Dapple.laf.useScreenMenuBar=true -javaagent:/Applications/IntelliJ IDEA CE.app/Contents/lib/idea_rt.jar=50712:/Applications/IntelliJ IDEA CE.app/Contents/bin com.codename1.impl.javase.Simulator com.codename1.demos.kitchen.MyApplication

Host: MacBookPro15,1 x86_64 2200 MHz, 12 cores, 16G, Darwin 19.2.0
Time: Sat Dec 28 10:16:59 2019 +0545 elapsed time: 10 seconds (0d 0h 0m 10s)

---------------  T H R E A D  ---------------

Current thread (0x00007fe640c9b800):  JavaThread "Thread-8" daemon [_thread_in_vm, id=112423, stack(0x0000700008855000,0x00007000088d5000)]

Stack: [0x0000700008855000,0x00007000088d5000],  sp=0x00007000088d4be0,  free space=510k
Native frames: (J=compiled Java code, A=aot compiled Java code, j=interpreted, Vv=VM code, C=native code)
V  [libjvm.dylib+0x3e96f6]  jni_CallStaticBooleanMethodV+0x7c
C  [libjfxwebkit.dylib+0x9746]  _ZN7JNIEnv_23CallStaticBooleanMethodEP7_jclassP10_jmethodIDz+0x86
C  [libjfxwebkit.dylib+0x15884e8]  _ZN7WebCore10FileSystem18makeAllDirectoriesERKN3WTF6StringE+0x268
C  [libjfxwebkit.dylib+0x22d12]  _ZN7WebCore18StorageSyncManager20fullDatabaseFilenameERKN3WTF6StringE+0x22
C  [libjfxwebkit.dylib+0x1f0d6]  _ZN6WebKit15StorageAreaSync12openDatabaseENS0_21OpenDatabaseParamTypeE+0x36
C  [libjfxwebkit.dylib+0x1f6ee]  _ZN6WebKit15StorageAreaSync13performImportEv+0x1e
C  [libjfxwebkit.dylib+0x23619]  _ZN7WebCore13StorageThread16threadEntryPointEv+0x89
C  [libjfxwebkit.dylib+0x1a802b4]  _ZN3WTF6Thread10entryPointEPNS0_16NewThreadContextE+0xe4
C  [libjfxwebkit.dylib+0x1ab68d9]  _ZN3WTFL19wtfThreadEntryPointEPv+0x9
C  [libsystem_pthread.dylib+0x5e65]  _pthread_start+0x94
C  [libsystem_pthread.dylib+0x183b]  thread_start+0xf


siginfo: si_signo: 11 (SIGSEGV), si_code: 1 (SEGV_MAPERR), si_addr: 0x0000000000000000

Register to memory mapping:

RAX=0x0 is NULL
RBX=0x00007fe640c9b800 is a thread
RCX=0x00007fe639f06dd8 points into unknown readable memory: 58 20 9c 80 07 00 00 00
RDX=0x0 is NULL
RSP=0x00007000088d4be0 is pointing into the stack for thread: 0x00007fe640c9b800
RBP=0x00007000088d4c80 is pointing into the stack for thread: 0x00007fe640c9b800
RSI=0x0 is NULL
RDI=0x00007fe640c9bb40 points into unknown readable memory: 70 a7 30 05 01 00 00 00
R8 =0x000000000000000a is an unknown value
R9 =0x00007fe640c9b800 is a thread
R10=0x00000001052dc820: _ZTV7CMSHeap+0x10 in /Library/Java/JavaVirtualMachines/amazon-corretto-11.jdk/Contents/Home/lib/server/libjvm.dylib at 0x0000000104a00000
R11=0x0 is NULL
R12=0x0 is NULL
R13=0x00007000088d4d40 is pointing into the stack for thread: 0x00007fe640c9b800
R14=0x0 is NULL
R15=0x00007fe640c9bb40 points into unknown readable memory: 70 a7 30 05 01 00 00 00


Registers:
RAX=0x0000000000000000, RBX=0x00007fe640c9b800, RCX=0x00007fe639f06dd8, RDX=0x0000000000000000
RSP=0x00007000088d4be0, RBP=0x00007000088d4c80, RSI=0x0000000000000000, RDI=0x00007fe640c9bb40
R8 =0x000000000000000a, R9 =0x00007fe640c9b800, R10=0x00000001052dc820, R11=0x0000000000000000
R12=0x0000000000000000, R13=0x00007000088d4d40, R14=0x0000000000000000, R15=0x00007fe640c9bb40
RIP=0x0000000104de96f6, EFLAGS=0x0000000000010206, ERR=0x0000000000000004
  TRAPNO=0x000000000000000e

Top of Stack: (sp=0x00007000088d4be0)
0x00007000088d4be0:   00007000088d4c00 000000010511e087
0x00007000088d4bf0:   9e0d778a5eb500f7 00007fe640c9b800
0x00007000088d4c00:   00007000088d4c30 000000010511e060
0x00007000088d4c10:   0000000000000001 00007fe640c9b908
0x00007000088d4c20:   00007fe600000004 0000000000000004
0x00007000088d4c30:   00007fe640c9b800 00007fe639f06dd0
0x00007000088d4c40:   0000000000000533 00000001051baa77
0x00007000088d4c50:   00007fe640c9b800 0000000000000000
0x00007000088d4c60:   00000001631974b0 00007fe640c9bb40
0x00007000088d4c70:   000000016a3d1a18 0000000000000000
0x00007000088d4c80:   00007000088d4d60 000000015fc14746
0x00007000088d4c90:   0000000105360201 00007fe640c9b800
0x00007000088d4ca0:   00007000088d4cc0 00007fe639d0d920
0x00007000088d4cb0:   000000000000000a 00007fe640c9b800
0x00007000088d4cc0:   00007000088d4d20 0000000104dee597
0x00007000088d4cd0:   00007fe640c9b800 00007fe639f06dd0
0x00007000088d4ce0:   0000700000000533 00000001051baa77
0x00007000088d4cf0:   00007fe640c9b800 0000000000000000
0x00007000088d4d00:   0000000000000039 000000016a3d1a18
0x00007000088d4d10:   000000016a3d1a18 00007000088d4d78
0x00007000088d4d20:   00007000088d4d60 00000001616c238a
0x00007000088d4d30:   0000000000000001 0000000000000000
0x00007000088d4d40:   0000003000000018 00007000088d4d70
0x00007000088d4d50:   00007000088d4c90 9e0d778a5eb500f7
0x00007000088d4d60:   00007000088d4db0 00000001611934e8
0x00007000088d4d70:   00007fe6402eb840 00007fe639d0d920
0x00007000088d4d80:   00007fe640c9bb40 000000016a3d1a18
0x00007000088d4d90:   00007000088d4f30 000000016a3690f0
0x00007000088d4da0:   00007000088d4e28 000000016a3691b0
0x00007000088d4db0:   00007000088d4df0 000000015fc2dd12
0x00007000088d4dc0:   9e0d778a5eb500f7 00000007809bfa58
0x00007000088d4dd0:   00007000088d4e50 00007000088d4e28 

Instructions: (pc=0x0000000104de96f6)
0x0000000104de95f6:   0f 1f 40 00 48 83 7d 90 00 74 09 48 8d 7d 88 e8
0x0000000104de9606:   7c b1 24 00 48 8b 9b f0 00 00 00 4c 8b 73 08 48
0x0000000104de9616:   8b 43 10 48 83 38 00 74 19 48 8b 73 28 4c 89 f7
0x0000000104de9626:   e8 77 ec cf ff 48 8b 7b 10 e8 32 eb cf ff 48 8b
0x0000000104de9636:   43 10 49 89 46 10 48 8b 43 18 49 89 46 18 48 8b
0x0000000104de9646:   43 20 49 89 46 20 48 8d 7d a8 e8 ab 44 33 00 4c
0x0000000104de9656:   3b 6d d0 75 1a f2 0f 10 85 78 fe ff ff 48 81 c4
0x0000000104de9666:   68 01 00 00 5b 41 5c 41 5d 41 5e 41 5f 5d c3 e8
0x0000000104de9676:   da 58 39 00 55 48 89 e5 41 57 41 56 41 55 41 54
0x0000000104de9686:   53 48 83 ec 78 49 89 cd 49 89 d6 49 89 f4 49 89
0x0000000104de9696:   ff 49 8d 9f c0 fc ff ff b8 55 21 ff ff 41 03 87
0x0000000104de96a6:   90 00 00 00 83 f8 02 72 0a 48 89 df e8 8d 5f 31
0x0000000104de96b6:   00 31 db 48 8d 7d d0 48 89 de e8 bb 43 33 00 48
0x0000000104de96c6:   89 5d b0 48 c7 45 b8 00 00 00 00 48 83 7b 08 00
0x0000000104de96d6:   74 09 48 8d 7d b0 e8 59 b0 24 00 4c 89 ff 4c 89
0x0000000104de96e6:   e6 4c 89 f2 90 0f 1f 40 00 c7 45 a0 04 00 00 00
0x0000000104de96f6:   49 8b 06 48 8b 40 08 48 8b 48 08 0f b7 40 2c 48
0x0000000104de9706:   8b 74 c1 40 48 8d bd 60 ff ff ff e8 f6 cd 29 00
0x0000000104de9716:   c7 85 78 ff ff ff 63 00 00 00 48 c7 45 80 00 00
0x0000000104de9726:   00 00 48 8d 05 69 18 52 00 48 89 85 60 ff ff ff
0x0000000104de9736:   49 8b 45 10 48 89 45 98 49 8b 45 00 49 8b 4d 08
0x0000000104de9746:   48 89 4d 90 48 89 45 88 41 f6 c4 01 75 0b 4c 89
0x0000000104de9756:   e7 ff 15 23 04 52 00 eb 0c 49 ff cc 4c 89 e7 ff
0x0000000104de9766:   15 95 ac 51 00 48 89 c7 e8 ef ea fb ff 48 8b 08
0x0000000104de9776:   48 89 c7 48 89 de ff 91 b0 00 00 00 31 ff 48 83
0x0000000104de9786:   7b 08 00 41 bc 00 00 00 00 75 2f 48 8d 75 a0 48
0x0000000104de9796:   8d 8d 60 ff ff ff 4c 89 ff 4c 89 f2 49 89 d8 e8
0x0000000104de97a6:   a4 ec ff ff 31 ff 48 83 7b 08 00 41 bc 00 00 00
0x0000000104de97b6:   00 75 07 0f b6 7d a8 41 88 fc 90 0f 1f 40 00 48
0x0000000104de97c6:   83 7d b8 00 74 09 48 8d 7d b0 e8 b1 af 24 00 48
0x0000000104de97d6:   8b 9b f0 00 00 00 4c 8b 73 08 48 8b 43 10 48 83
0x0000000104de97e6:   38 00 74 19 48 8b 73 28 4c 89 f7 e8 ac ea cf ff 


Stack slot to memory mapping:
stack at sp + 0 slots: 0x00007000088d4c00 is pointing into the stack for thread: 0x00007fe640c9b800
stack at sp + 1 slots: 0x000000010511e087: _ZN6Atomic4loadIPVvEET_PVKS3_+0x17 in /Library/Java/JavaVirtualMachines/amazon-corretto-11.jdk/Contents/Home/lib/server/libjvm.dylib at 0x0000000104a00000
stack at sp + 2 slots: 0x9e0d778a5eb500f7 is an unknown value
stack at sp + 3 slots: 0x00007fe640c9b800 is a thread
stack at sp + 4 slots: 0x00007000088d4c30 is pointing into the stack for thread: 0x00007fe640c9b800
stack at sp + 5 slots: 0x000000010511e060: _ZN11OrderAccess12ordered_loadIPVvL15ScopedFenceType0EEET_PVKS4_+0x30 in /Library/Java/JavaVirtualMachines/amazon-corretto-11.jdk/Contents/Home/lib/server/libjvm.dylib at 0x0000000104a00000
stack at sp + 6 slots: 0x0000000000000001 is an unknown value
stack at sp + 7 slots: 0x00007fe640c9b908 points into unknown readable memory: 00 40 1f 03 01 00 00 00


---------------  P R O C E S S  ---------------

Threads class SMR info:
_java_thread_list=0x00007fe637fd9720, length=49, elements={
0x00007fe639009800, 0x00007fe638832800, 0x00007fe63c00a000, 0x00007fe63a005800,
0x00007fe63800a800, 0x00007fe63800b000, 0x00007fe639017000, 0x00007fe63800c000,
0x00007fe639015000, 0x00007fe6388c5000, 0x00007fe63b0ed000, 0x00007fe63a0ce800,
0x00007fe63b139000, 0x00007fe63b13f000, 0x00007fe63b133000, 0x00007fe6380a3800,
0x00007fe63b134800, 0x00007fe638a1f000, 0x00007fe63a1c8800, 0x00007fe63a21a800,
0x00007fe63a218800, 0x00007fe6385cf000, 0x00007fe6384ad800, 0x00007fe6408eb800,
0x00007fe6389c4800, 0x00007fe63851f000, 0x00007fe638e41800, 0x00007fe63a348000,
0x00007fe640967800, 0x00007fe638f2a000, 0x00007fe640925000, 0x00007fe6384e9800,
0x00007fe639380000, 0x00007fe638e53000, 0x00007fe638567800, 0x00007fe64094a800,
0x00007fe63c046800, 0x00007fe638568800, 0x00007fe638ec0800, 0x00007fe638f35800,
0x00007fe638f36800, 0x00007fe639381000, 0x00007fe638f34800, 0x00007fe638569000,
0x00007fe63a3b7000, 0x00007fe63d002800, 0x00007fe640b79800, 0x00007fe63a3b2000,
0x00007fe640c9b800
}

Java Threads: ( => current thread )
  0x00007fe639009800 JavaThread "Reference Handler" daemon [_thread_blocked, id=12291, stack(0x000070000456e000,0x000070000466e000)]
  0x00007fe638832800 JavaThread "Finalizer" daemon [_thread_blocked, id=12803, stack(0x0000700004671000,0x0000700004771000)]
  0x00007fe63c00a000 JavaThread "Signal Dispatcher" daemon [_thread_blocked, id=17923, stack(0x000070000487a000,0x000070000497a000)]
  0x00007fe63a005800 JavaThread "C2 CompilerThread0" daemon [_thread_in_native, id=17155, stack(0x000070000497d000,0x0000700004a7d000)]
  0x00007fe63800a800 JavaThread "C1 CompilerThread0" daemon [_thread_in_native, id=14851, stack(0x0000700004a80000,0x0000700004b80000)]
  0x00007fe63800b000 JavaThread "Sweeper thread" daemon [_thread_blocked, id=15619, stack(0x0000700004b83000,0x0000700004c83000)]
  0x00007fe639017000 JavaThread "Common-Cleaner" daemon [_thread_blocked, id=16387, stack(0x0000700004c86000,0x0000700004d86000)]
  0x00007fe63800c000 JavaThread "Monitor Ctrl-Break" daemon [_thread_in_native, id=43267, stack(0x0000700004d89000,0x0000700004e89000)]
  0x00007fe639015000 JavaThread "Service Thread" daemon [_thread_blocked, id=22275, stack(0x0000700004e8c000,0x0000700004f8c000)]
  0x00007fe6388c5000 JavaThread "JavaFX Application Thread" daemon [_thread_in_native, id=775, stack(0x00007ffeec260000,0x00007ffeeca60000)]
  0x00007fe63b0ed000 JavaThread "AWT-Shutdown" [_thread_blocked, id=35843, stack(0x0000700005092000,0x0000700005192000)]
  0x00007fe63a0ce800 JavaThread "Timer-0" daemon [_thread_blocked, id=57103, stack(0x00007000056b3000,0x00007000057b3000)]
  0x00007fe63b139000 JavaThread "AWT-EventQueue-0" [_thread_blocked, id=58115, stack(0x00007000058b9000,0x00007000059b9000)]
  0x00007fe63b13f000 JavaThread "Thread-4" [_thread_blocked, id=57863, stack(0x00007000057b6000,0x00007000058b6000)]
  0x00007fe63b133000 JavaThread "DestroyJavaVM" [_thread_blocked, id=10243, stack(0x000070000405f000,0x000070000415f000)]
  0x00007fe6380a3800 JavaThread "Java2D Queue Flusher" daemon [_thread_in_native, id=75271, stack(0x00007000059bc000,0x0000700005abc000)]
  0x00007fe63b134800 JavaThread "Java2D Disposer" daemon [_thread_blocked, id=61195, stack(0x0000700005abf000,0x0000700005bbf000)]
  0x00007fe638a1f000 JavaThread "Attach Listener" daemon [_thread_blocked, id=70675, stack(0x0000700005bc2000,0x0000700005cc2000)]
  0x00007fe63a1c8800 JavaThread "EDT" [_thread_blocked, id=89867, stack(0x0000700006766000,0x0000700006866000)]
  0x00007fe63a21a800 JavaThread "Network Thread" [_thread_blocked, id=128791, stack(0x0000700006869000,0x0000700006969000)]
  0x00007fe63a218800 JavaThread "Network Thread" [_thread_blocked, id=92695, stack(0x000070000696c000,0x0000700006a6c000)]
  0x00007fe6385cf000 JavaThread "invokeAndBlock1" [_thread_blocked, id=125187, stack(0x0000700006c75000,0x0000700006d75000)]
  0x00007fe6384ad800 JavaThread "QuantumRenderer-0" daemon [_thread_blocked, id=29255, stack(0x0000700005218000,0x0000700005318000)]
  0x00007fe6408eb800 JavaThread "InvokeLaterDispatcher" daemon [_thread_blocked, id=46947, stack(0x000070000531b000,0x000070000541b000)]
  0x00007fe6389c4800 JavaThread "Thread-6" daemon [_thread_in_native, id=89379, stack(0x00007000047f7000,0x0000700004877000)]
  0x00007fe63851f000 JavaThread "Prism Font Disposer" daemon [_thread_blocked, id=92959, stack(0x00007000065e0000,0x00007000066e0000)]
  0x00007fe638e41800 JavaThread "Disposer" daemon [_thread_blocked, id=94755, stack(0x0000700006d78000,0x0000700006e78000)]
  0x00007fe63a348000 JavaThread "URL-Loader-1" daemon [_thread_blocked, id=96531, stack(0x0000700006e7b000,0x0000700006f7b000)]
  0x00007fe640967800 JavaThread "URL-Loader-2" daemon [_thread_blocked, id=121859, stack(0x000070000720d000,0x000070000730d000)]
  0x00007fe638f2a000 JavaThread "URL-Loader-3" daemon [_thread_blocked, id=121091, stack(0x0000700007310000,0x0000700007410000)]
  0x00007fe640925000 JavaThread "URL-Loader-4" daemon [_thread_blocked, id=120579, stack(0x0000700007413000,0x0000700007513000)]
  0x00007fe6384e9800 JavaThread "URL-Loader-5" daemon [_thread_blocked, id=99075, stack(0x0000700007516000,0x0000700007616000)]
  0x00007fe639380000 JavaThread "URL-Loader-6" daemon [_thread_blocked, id=99843, stack(0x0000700007619000,0x0000700007719000)]
  0x00007fe638e53000 JavaThread "URL-Loader-7" daemon [_thread_blocked, id=119555, stack(0x000070000771c000,0x000070000781c000)]
  0x00007fe638567800 JavaThread "URL-Loader-8" daemon [_thread_blocked, id=119043, stack(0x000070000781f000,0x000070000791f000)]
  0x00007fe64094a800 JavaThread "URL-Loader-9" daemon [_thread_blocked, id=118787, stack(0x0000700007922000,0x0000700007a22000)]
  0x00007fe63c046800 JavaThread "URL-Loader-10" daemon [_thread_blocked, id=118275, stack(0x0000700007a25000,0x0000700007b25000)]
  0x00007fe638568800 JavaThread "URL-Loader-11" daemon [_thread_blocked, id=117763, stack(0x0000700007b28000,0x0000700007c28000)]
  0x00007fe638ec0800 JavaThread "URL-Loader-12" daemon [_thread_blocked, id=117251, stack(0x0000700007c2b000,0x0000700007d2b000)]
  0x00007fe638f35800 JavaThread "URL-Loader-13" daemon [_thread_blocked, id=101891, stack(0x0000700007d2e000,0x0000700007e2e000)]
  0x00007fe638f36800 JavaThread "URL-Loader-14" daemon [_thread_blocked, id=102403, stack(0x0000700007e31000,0x0000700007f31000)]
  0x00007fe639381000 JavaThread "URL-Loader-15" daemon [_thread_blocked, id=102683, stack(0x0000700007f34000,0x0000700008034000)]
  0x00007fe638f34800 JavaThread "URL-Loader-16" daemon [_thread_blocked, id=104223, stack(0x0000700008037000,0x0000700008137000)]
  0x00007fe638569000 JavaThread "URL-Loader-17" daemon [_thread_blocked, id=115463, stack(0x000070000813a000,0x000070000823a000)]
  0x00007fe63a3b7000 JavaThread "URL-Loader-18" daemon [_thread_blocked, id=103703, stack(0x000070000823d000,0x000070000833d000)]
  0x00007fe63d002800 JavaThread "URL-Loader-19" daemon [_thread_blocked, id=115203, stack(0x0000700008340000,0x0000700008440000)]
  0x00007fe640b79800 JavaThread "URL-Loader-20" daemon [_thread_blocked, id=114435, stack(0x0000700008443000,0x0000700008543000)]
  0x00007fe63a3b2000 JavaThread "Keep-Alive-Timer" daemon [_thread_blocked, id=105271, stack(0x0000700008546000,0x0000700008646000)]
=>0x00007fe640c9b800 JavaThread "Thread-8" daemon [_thread_in_vm, id=112423, stack(0x0000700008855000,0x00007000088d5000)]

Other Threads:
  0x00007fe63882d800 VMThread "VM Thread" [stack: 0x000070000446b000,0x000070000456b000] [id=20227]
  0x00007fe63800d000 WatcherThread [stack: 0x0000700004f8f000,0x000070000508f000] [id=22531]
  0x00007fe638802000 GCTaskThread "GC Thread#0" [stack: 0x0000700004162000,0x0000700004262000] [id=21251]
  0x00007fe63a192000 GCTaskThread "GC Thread#1" [stack: 0x0000700005cc5000,0x0000700005dc5000] [id=65623]
  0x00007fe63a1c3800 GCTaskThread "GC Thread#2" [stack: 0x0000700005dc8000,0x0000700005ec8000] [id=70147]
  0x00007fe63a1c4800 GCTaskThread "GC Thread#3" [stack: 0x0000700005ecb000,0x0000700005fcb000] [id=69635]
  0x00007fe638270000 GCTaskThread "GC Thread#4" [stack: 0x0000700005fce000,0x00007000060ce000] [id=66051]
  0x00007fe63a1c5000 GCTaskThread "GC Thread#5" [stack: 0x00007000060d1000,0x00007000061d1000] [id=66307]
  0x00007fe63c1e5800 GCTaskThread "GC Thread#6" [stack: 0x00007000061d4000,0x00007000062d4000] [id=68611]
  0x00007fe6382ee800 GCTaskThread "GC Thread#7" [stack: 0x00007000062d7000,0x00007000063d7000] [id=68099]
  0x00007fe6408c9800 GCTaskThread "GC Thread#8" [stack: 0x0000700006a6f000,0x0000700006b6f000] [id=1587]
  0x00007fe6408cb000 GCTaskThread "GC Thread#9" [stack: 0x0000700006b72000,0x0000700006c72000] [id=125699]
  0x00007fe638811800 ConcurrentGCThread "CMS Main Thread" [stack: 0x0000700004368000,0x0000700004468000] [id=20483]
  0x00007fe638803000 GCTaskThread "CMS Thread#0" [stack: 0x0000700004265000,0x0000700004365000] [id=20739]
  0x00007fe6388dc000 GCTaskThread "CMS Thread#1" [stack: 0x00007000063da000,0x00007000064da000] [id=67587]
  0x00007fe6382f9000 GCTaskThread "CMS Thread#2" [stack: 0x00007000064dd000,0x00007000065dd000] [id=67331]

Threads with active compile tasks:
C2 CompilerThread0  10964 5484       4       com.codename1.impl.CodenameOneImplementation::getPaintableBounds (127 bytes)

VM state:not at safepoint (normal execution)

VM Mutex/Monitor currently owned by a thread: None

Heap address: 0x0000000780000000, size: 2048 MB, Compressed Oops mode: Zero based, Oop shift amount: 3
Narrow klass base: 0x0000000800000000, Narrow klass shift: 0
Compressed class space size: 1073741824 Address: 0x0000000800000000

Heap:
 par new generation   total 39296K, used 14368K [0x0000000780000000, 0x0000000782aa0000, 0x00000007aaaa0000)
  eden space 34944K,  28% used [0x0000000780000000, 0x00000007809c80e8, 0x0000000782220000)
  from space 4352K, 100% used [0x0000000782220000, 0x0000000782660000, 0x0000000782660000)
  to   space 4352K,   0% used [0x0000000782660000, 0x0000000782660000, 0x0000000782aa0000)
 concurrent mark-sweep generation total 109064K, used 68002K [0x00000007aaaa0000, 0x00000007b1522000, 0x0000000800000000)
 Metaspace       used 44790K, capacity 46073K, committed 46096K, reserved 1089536K
  class space    used 5291K, capacity 5834K, committed 5836K, reserved 1048576K

Card table byte_map: [0x000000010e00f000,0x000000010e410000] _byte_map_base: 0x000000010a40f000

Marking Bits: (CMSBitMap*) 0x00007fe638802b30
 Bits: [0x000000011e22c000, 0x000000011f781800)

Mod Union Table: (CMSBitMap*) 0x00007fe638802bd0
 Bits: [0x000000011f782000, 0x000000011f7d7560)

Polling page: 0x00000001031f3000

Metaspace:

Usage:
  Non-class:     39.30 MB capacity,    38.57 MB ( 98%) used,   595.48 KB (  1%) free+waste,   144.94 KB ( <1%) overhead. 
      Class:      5.70 MB capacity,     5.17 MB ( 91%) used,   470.12 KB (  8%) free+waste,    72.19 KB (  1%) overhead. 
       Both:     44.99 MB capacity,    43.74 MB ( 97%) used,     1.04 MB (  2%) free+waste,   217.12 KB ( <1%) overhead. 

Virtual space:
  Non-class space:       40.00 MB reserved,      39.32 MB ( 98%) committed 
      Class space:        1.00 GB reserved,       5.70 MB ( <1%) committed 
             Both:        1.04 GB reserved,      45.02 MB (  4%) committed 

Chunk freelists:
   Non-Class:  1.00 KB
       Class:  0 bytes
        Both:  1.00 KB

MaxMetaspaceSize: unlimited
CompressedClassSpaceSize: 1.00 GB

CodeHeap 'non-profiled nmethods': size=120036Kb used=1913Kb max_used=1913Kb free=118122Kb
 bounds [0x0000000116427000, 0x0000000116697000, 0x000000011d960000]
CodeHeap 'profiled nmethods': size=120032Kb used=9564Kb max_used=9564Kb free=110467Kb
 bounds [0x000000010eeef000, 0x000000010f85f000, 0x0000000116427000]
CodeHeap 'non-nmethods': size=5692Kb used=1534Kb max_used=1561Kb free=4157Kb
 bounds [0x000000010e960000, 0x000000010ebd0000, 0x000000010eeef000]
 total_blobs=7811 nmethods=4902 adapters=984
 compilation: enabled
              stopped_count=0, restarted_count=0
 full_count=0

Compilation events (20 events):
Event: 10.923 Thread 0x00007fe63800a800 5474       3       com.sun.javafx.font.FontFileReader$Buffer::<init> (20 bytes)
Event: 10.923 Thread 0x00007fe63800a800 nmethod 5474 0x000000010f5de710 code [0x000000010f5de8c0, 0x000000010f5dea90]
Event: 10.936 Thread 0x00007fe63800a800 5475       3       com.sun.javafx.font.PrismFontStrike::getMetrics (27 bytes)
Event: 10.937 Thread 0x00007fe63800a800 nmethod 5475 0x000000010f63eb90 code [0x000000010f63ed60, 0x000000010f63f008]
Event: 10.937 Thread 0x00007fe63800a800 5476       3       com.sun.javafx.font.PrismFontFile::getGlyphMapper (24 bytes)
Event: 10.937 Thread 0x00007fe63a005800 5477       4       com.sun.javafx.font.CMap$CMapFormat4::getGlyph (168 bytes)
Event: 10.937 Thread 0x00007fe63800a800 nmethod 5476 0x000000010f5f7b10 code [0x000000010f5f7ce0, 0x000000010f5f7f48]
Event: 10.939 Thread 0x00007fe63800a800 5478       3       jdk.internal.ref.PhantomCleanable::clear (12 bytes)
Event: 10.939 Thread 0x00007fe63800a800 nmethod 5478 0x000000010f63d190 code [0x000000010f63d360, 0x000000010f63d5a8]
Event: 10.939 Thread 0x00007fe63800a800 5479       1       com.sun.javafx.geom.transform.BaseTransform::getMxx (2 bytes)
Event: 10.939 Thread 0x00007fe63800a800 nmethod 5479 0x00000001165e0f10 code [0x00000001165e10e0, 0x00000001165e11f0]
Event: 10.940 Thread 0x00007fe63800a800 5480       1       com.sun.javafx.geom.transform.BaseTransform::getMxy (2 bytes)
Event: 10.940 Thread 0x00007fe63800a800 nmethod 5480 0x00000001165e0b90 code [0x00000001165e0d40, 0x00000001165e0e50]
Event: 10.940 Thread 0x00007fe63800a800 5481       1       com.sun.javafx.geom.transform.BaseTransform::getMyx (2 bytes)
Event: 10.940 Thread 0x00007fe63800a800 nmethod 5481 0x00000001165e0810 code [0x00000001165e09c0, 0x00000001165e0ad0]
Event: 10.940 Thread 0x00007fe63800a800 5482       1       com.sun.javafx.geom.transform.BaseTransform::getMyy (2 bytes)
Event: 10.940 Thread 0x00007fe63800a800 nmethod 5482 0x00000001165e0490 code [0x00000001165e0660, 0x00000001165e0770]
Event: 10.941 Thread 0x00007fe63a005800 nmethod 5477 0x00000001165e2e90 code [0x00000001165e3040, 0x00000001165e3358]
Event: 10.943 Thread 0x00007fe63800a800 5483       1       com.sun.webkit.graphics.WCRectangle::getWidth (5 bytes)
Event: 10.943 Thread 0x00007fe63800a800 nmethod 5483 0x00000001165e1f10 code [0x00000001165e20c0, 0x00000001165e21d0]

GC Heap History (20 events):
Event: 2.184 GC heap before
{Heap before GC invocations=2 (full 0):
 par new generation   total 39296K, used 37752K [0x0000000780000000, 0x0000000782aa0000, 0x00000007aaaa0000)
  eden space 34944K, 100% used [0x0000000780000000, 0x0000000782220000, 0x0000000782220000)
  from space 4352K,  64% used [0x0000000782220000, 0x00000007824de300, 0x0000000782660000)
  to   space 4352K,   0% used [0x0000000782660000, 0x0000000782660000, 0x0000000782aa0000)
 concurrent mark-sweep generation total 87424K, used 27487K [0x00000007aaaa0000, 0x00000007b0000000, 0x0000000800000000)
 Metaspace       used 17978K, capacity 18471K, committed 18816K, reserved 1067008K
  class space    used 1930K, capacity 2094K, committed 2176K, reserved 1048576K
}
Event: 2.193 GC heap after
{Heap after GC invocations=3 (full 0):
 par new generation   total 39296K, used 708K [0x0000000780000000, 0x0000000782aa0000, 0x00000007aaaa0000)
  eden space 34944K,   0% used [0x0000000780000000, 0x0000000780000000, 0x0000000782220000)
  from space 4352K,  16% used [0x0000000782660000, 0x0000000782711280, 0x0000000782aa0000)
  to   space 4352K,   0% used [0x0000000782220000, 0x0000000782220000, 0x0000000782660000)
 concurrent mark-sweep generation total 87424K, used 49911K [0x00000007aaaa0000, 0x00000007b0000000, 0x0000000800000000)
 Metaspace       used 17978K, capacity 18471K, committed 18816K, reserved 1067008K
  class space    used 1930K, capacity 2094K, committed 2176K, reserved 1048576K
}
Event: 2.635 GC heap before
{Heap before GC invocations=3 (full 1):
 par new generation   total 39296K, used 35652K [0x0000000780000000, 0x0000000782aa0000, 0x00000007aaaa0000)
  eden space 34944K, 100% used [0x0000000780000000, 0x0000000782220000, 0x0000000782220000)
  from space 4352K,  16% used [0x0000000782660000, 0x0000000782711280, 0x0000000782aa0000)
  to   space 4352K,   0% used [0x0000000782220000, 0x0000000782220000, 0x0000000782660000)
 concurrent mark-sweep generation total 87424K, used 49881K [0x00000007aaaa0000, 0x00000007b0000000, 0x0000000800000000)
 Metaspace       used 17995K, capacity 18471K, committed 18816K, reserved 1067008K
  class space    used 1930K, capacity 2094K, committed 2176K, reserved 1048576K
}
Event: 2.641 GC heap after
{Heap after GC invocations=4 (full 1):
 par new generation   total 39296K, used 798K [0x0000000780000000, 0x0000000782aa0000, 0x00000007aaaa0000)
  eden space 34944K,   0% used [0x0000000780000000, 0x0000000780000000, 0x0000000782220000)
  from space 4352K,  18% used [0x0000000782220000, 0x00000007822e7b40, 0x0000000782660000)
  to   space 4352K,   0% used [0x0000000782660000, 0x0000000782660000, 0x0000000782aa0000)
 concurrent mark-sweep generation total 87424K, used 61094K [0x00000007aaaa0000, 0x00000007b0000000, 0x0000000800000000)
 Metaspace       used 17995K, capacity 18471K, committed 18816K, reserved 1067008K
  class space    used 1930K, capacity 2094K, committed 2176K, reserved 1048576K
}
Event: 2.969 GC heap before
{Heap before GC invocations=4 (full 2):
 par new generation   total 39296K, used 26852K [0x0000000780000000, 0x0000000782aa0000, 0x00000007aaaa0000)
  eden space 34944K,  74% used [0x0000000780000000, 0x0000000781971898, 0x0000000782220000)
  from space 4352K,  18% used [0x0000000782220000, 0x00000007822e7b40, 0x0000000782660000)
  to   space 4352K,   0% used [0x0000000782660000, 0x0000000782660000, 0x0000000782aa0000)
 concurrent mark-sweep generation total 101812K, used 61085K [0x00000007aaaa0000, 0x00000007b0e0d000, 0x0000000800000000)
 Metaspace       used 22265K, capacity 22893K, committed 23168K, reserved 1069056K
  class space    used 2435K, capacity 2661K, committed 2688K, reserved 1048576K
}
Event: 2.977 GC heap after
{Heap after GC invocations=5 (full 2):
 par new generation   total 39296K, used 4352K [0x0000000780000000, 0x0000000782aa0000, 0x00000007aaaa0000)
  eden space 34944K,   0% used [0x0000000780000000, 0x0000000780000000, 0x0000000782220000)
  from space 4352K, 100% used [0x0000000782660000, 0x0000000782aa0000, 0x0000000782aa0000)
  to   space 4352K,   0% used [0x0000000782220000, 0x0000000782220000, 0x0000000782660000)
 concurrent mark-sweep generation total 101812K, used 75125K [0x00000007aaaa0000, 0x00000007b0e0d000, 0x0000000800000000)
 Metaspace       used 22265K, capacity 22893K, committed 23168K, reserved 1069056K
  class space    used 2435K, capacity 2661K, committed 2688K, reserved 1048576K
}
Event: 5.970 GC heap before
{Heap before GC invocations=5 (full 3):
 par new generation   total 39296K, used 39296K [0x0000000780000000, 0x0000000782aa0000, 0x00000007aaaa0000)
  eden space 34944K, 100% used [0x0000000780000000, 0x0000000782220000, 0x0000000782220000)
  from space 4352K, 100% used [0x0000000782660000, 0x0000000782aa0000, 0x0000000782aa0000)
  to   space 4352K,   0% used [0x0000000782220000, 0x0000000782220000, 0x0000000782660000)
 concurrent mark-sweep generation total 101812K, used 75125K [0x00000007aaaa0000, 0x00000007b0e0d000, 0x0000000800000000)
 Metaspace       used 24625K, capacity 25241K, committed 25600K, reserved 1071104K
  class space    used 2727K, capacity 2953K, committed 3072K, reserved 1048576K
}
Event: 5.982 GC heap after
{Heap after GC invocations=6 (full 3):
 par new generation   total 39296K, used 4352K [0x0000000780000000, 0x0000000782aa0000, 0x00000007aaaa0000)
  eden space 34944K,   0% used [0x0000000780000000, 0x0000000780000000, 0x0000000782220000)
  from space 4352K, 100% used [0x0000000782220000, 0x0000000782660000, 0x0000000782660000)
  to   space 4352K,   0% used [0x0000000782660000, 0x0000000782660000, 0x0000000782aa0000)
 concurrent mark-sweep generation total 101812K, used 99094K [0x00000007aaaa0000, 0x00000007b0e0d000, 0x0000000800000000)
 Metaspace       used 24625K, capacity 25241K, committed 25600K, reserved 1071104K
  class space    used 2727K, capacity 2953K, committed 3072K, reserved 1048576K
}
Event: 6.806 GC heap before
{Heap before GC invocations=6 (full 3):
 par new generation   total 39296K, used 39296K [0x0000000780000000, 0x0000000782aa0000, 0x00000007aaaa0000)
  eden space 34944K, 100% used [0x0000000780000000, 0x0000000782220000, 0x0000000782220000)
  from space 4352K, 100% used [0x0000000782220000, 0x0000000782660000, 0x0000000782660000)
  to   space 4352K,   0% used [0x0000000782660000, 0x0000000782660000, 0x0000000782aa0000)
 concurrent mark-sweep generation total 109064K, used 65436K [0x00000007aaaa0000, 0x00000007b1522000, 0x0000000800000000)
 Metaspace       used 25418K, capacity 26011K, committed 26368K, reserved 1073152K
  class space    used 2772K, capacity 2999K, committed 3072K, reserved 1048576K
}
Event: 6.808 GC heap after
{Heap after GC invocations=7 (full 3):
 par new generation   total 39296K, used 4352K [0x0000000780000000, 0x0000000782aa0000, 0x00000007aaaa0000)
  eden space 34944K,   0% used [0x0000000780000000, 0x0000000780000000, 0x0000000782220000)
  from space 4352K, 100% used [0x0000000782660000, 0x0000000782aa0000, 0x0000000782aa0000)
  to   space 4352K,   0% used [0x0000000782220000, 0x0000000782220000, 0x0000000782660000)
 concurrent mark-sweep generation total 109064K, used 70017K [0x00000007aaaa0000, 0x00000007b1522000, 0x0000000800000000)
 Metaspace       used 25418K, capacity 26011K, committed 26368K, reserved 1073152K
  class space    used 2772K, capacity 2999K, committed 3072K, reserved 1048576K
}
Event: 8.806 GC heap before
{Heap before GC invocations=7 (full 4):
 par new generation   total 39296K, used 39296K [0x0000000780000000, 0x0000000782aa0000, 0x00000007aaaa0000)
  eden space 34944K, 100% used [0x0000000780000000, 0x0000000782220000, 0x0000000782220000)
  from space 4352K, 100% used [0x0000000782660000, 0x0000000782aa0000, 0x0000000782aa0000)
  to   space 4352K,   0% used [0x0000000782220000, 0x0000000782220000, 0x0000000782660000)
 concurrent mark-sweep generation total 109064K, used 40577K [0x00000007aaaa0000, 0x00000007b1522000, 0x0000000800000000)
 Metaspace       used 31450K, capacity 32244K, committed 32640K, reserved 1077248K
  class space    used 3561K, capacity 3865K, committed 3968K, reserved 1048576K
}
Event: 8.808 GC heap after
{Heap after GC invocations=8 (full 4):
 par new generation   total 39296K, used 2798K [0x0000000780000000, 0x0000000782aa0000, 0x00000007aaaa0000)
  eden space 34944K,   0% used [0x0000000780000000, 0x0000000780000000, 0x0000000782220000)
  from space 4352K,  64% used [0x0000000782220000, 0x00000007824dbbd8, 0x0000000782660000)
  to   space 4352K,   0% used [0x0000000782660000, 0x0000000782660000, 0x0000000782aa0000)
 concurrent mark-sweep generation total 109064K, used 51550K [0x00000007aaaa0000, 0x00000007b1522000, 0x0000000800000000)
 Metaspace       used 31450K, capacity 32244K, committed 32640K, reserved 1077248K
  class space    used 3561K, capacity 3865K, committed 3968K, reserved 1048576K
}
Event: 9.385 GC heap before
{Heap before GC invocations=8 (full 4):
 par new generation   total 39296K, used 37972K [0x0000000780000000, 0x0000000782aa0000, 0x00000007aaaa0000)
  eden space 34944K, 100% used [0x0000000780000000, 0x0000000782220000, 0x0000000782220000)
  from space 4352K,  69% used [0x0000000782220000, 0x00000007825151f0, 0x0000000782660000)
  to   space 4352K,   0% used [0x0000000782660000, 0x0000000782660000, 0x0000000782aa0000)
 concurrent mark-sweep generation total 109064K, used 51550K [0x00000007aaaa0000, 0x00000007b1522000, 0x0000000800000000)
 Metaspace       used 38709K, capacity 39838K, committed 39936K, reserved 1083392K
  class space    used 4648K, capacity 5110K, committed 5120K, reserved 1048576K
}
Event: 9.389 GC heap after
{Heap after GC invocations=9 (full 4):
 par new generation   total 39296K, used 4214K [0x0000000780000000, 0x0000000782aa0000, 0x00000007aaaa0000)
  eden space 34944K,   0% used [0x0000000780000000, 0x0000000780000000, 0x0000000782220000)
  from space 4352K,  96% used [0x0000000782660000, 0x0000000782a7da60, 0x0000000782aa0000)
  to   space 4352K,   0% used [0x0000000782220000, 0x0000000782220000, 0x0000000782660000)
 concurrent mark-sweep generation total 109064K, used 53943K [0x00000007aaaa0000, 0x00000007b1522000, 0x0000000800000000)
 Metaspace       used 38709K, capacity 39838K, committed 39936K, reserved 1083392K
  class space    used 4648K, capacity 5110K, committed 5120K, reserved 1048576K
}
Event: 9.769 GC heap before
{Heap before GC invocations=9 (full 4):
 par new generation   total 39296K, used 39172K [0x0000000780000000, 0x0000000782aa0000, 0x00000007aaaa0000)
  eden space 34944K, 100% used [0x0000000780000000, 0x0000000782220000, 0x0000000782220000)
  from space 4352K,  97% used [0x0000000782660000, 0x0000000782a81398, 0x0000000782aa0000)
  to   space 4352K,   0% used [0x0000000782220000, 0x0000000782220000, 0x0000000782660000)
 concurrent mark-sweep generation total 109064K, used 53943K [0x00000007aaaa0000, 0x00000007b1522000, 0x0000000800000000)
 Metaspace       used 43068K, capacity 44319K, committed 44536K, reserved 1087488K
  class space    used 5155K, capacity 5660K, committed 5708K, reserved 1048576K
}
Event: 9.776 GC heap after
{Heap after GC invocations=10 (full 4):
 par new generation   total 39296K, used 4352K [0x0000000780000000, 0x0000000782aa0000, 0x00000007aaaa0000)
  eden space 34944K,   0% used [0x0000000780000000, 0x0000000780000000, 0x0000000782220000)
  from space 4352K, 100% used [0x0000000782220000, 0x0000000782660000, 0x0000000782660000)
  to   space 4352K,   0% used [0x0000000782660000, 0x0000000782660000, 0x0000000782aa0000)
 concurrent mark-sweep generation total 109064K, used 57801K [0x00000007aaaa0000, 0x00000007b1522000, 0x0000000800000000)
 Metaspace       used 43068K, capacity 44319K, committed 44536K, reserved 1087488K
  class space    used 5155K, capacity 5660K, committed 5708K, reserved 1048576K
}
Event: 10.109 GC heap before
{Heap before GC invocations=10 (full 5):
 par new generation   total 39296K, used 38520K [0x0000000780000000, 0x0000000782aa0000, 0x00000007aaaa0000)
  eden space 34944K,  97% used [0x0000000780000000, 0x000000078215e318, 0x0000000782220000)
  from space 4352K, 100% used [0x0000000782220000, 0x0000000782660000, 0x0000000782660000)
  to   space 4352K,   0% used [0x0000000782660000, 0x0000000782660000, 0x0000000782aa0000)
 concurrent mark-sweep generation total 109064K, used 57537K [0x00000007aaaa0000, 0x00000007b1522000, 0x0000000800000000)
 Metaspace       used 44022K, capacity 45274K, committed 45584K, reserved 1089536K
  class space    used 5226K, capacity 5762K, committed 5836K, reserved 1048576K
}
Event: 10.112 GC heap after
{Heap after GC invocations=11 (full 5):
 par new generation   total 39296K, used 4352K [0x0000000780000000, 0x0000000782aa0000, 0x00000007aaaa0000)
  eden space 34944K,   0% used [0x0000000780000000, 0x0000000780000000, 0x0000000782220000)
  from space 4352K, 100% used [0x0000000782660000, 0x0000000782aa0000, 0x0000000782aa0000)
  to   space 4352K,   0% used [0x0000000782220000, 0x0000000782220000, 0x0000000782660000)
 concurrent mark-sweep generation total 109064K, used 61597K [0x00000007aaaa0000, 0x00000007b1522000, 0x0000000800000000)
 Metaspace       used 44022K, capacity 45274K, committed 45584K, reserved 1089536K
  class space    used 5226K, capacity 5762K, committed 5836K, reserved 1048576K
}
Event: 10.657 GC heap before
{Heap before GC invocations=11 (full 5):
 par new generation   total 39296K, used 39296K [0x0000000780000000, 0x0000000782aa0000, 0x00000007aaaa0000)
  eden space 34944K, 100% used [0x0000000780000000, 0x0000000782220000, 0x0000000782220000)
  from space 4352K, 100% used [0x0000000782660000, 0x0000000782aa0000, 0x0000000782aa0000)
  to   space 4352K,   0% used [0x0000000782220000, 0x0000000782220000, 0x0000000782660000)
 concurrent mark-sweep generation total 109064K, used 61597K [0x00000007aaaa0000, 0x00000007b1522000, 0x0000000800000000)
 Metaspace       used 44693K, capacity 46001K, committed 46096K, reserved 1089536K
  class space    used 5290K, capacity 5833K, committed 5836K, reserved 1048576K
}
Event: 10.659 GC heap after
{Heap after GC invocations=12 (full 5):
 par new generation   total 39296K, used 4352K [0x0000000780000000, 0x0000000782aa0000, 0x00000007aaaa0000)
  eden space 34944K,   0% used [0x0000000780000000, 0x0000000780000000, 0x0000000782220000)
  from space 4352K, 100% used [0x0000000782220000, 0x0000000782660000, 0x0000000782660000)
  to   space 4352K,   0% used [0x0000000782660000, 0x0000000782660000, 0x0000000782aa0000)
 concurrent mark-sweep generation total 109064K, used 68002K [0x00000007aaaa0000, 0x00000007b1522000, 0x0000000800000000)
 Metaspace       used 44693K, capacity 46001K, committed 46096K, reserved 1089536K
  class space    used 5290K, capacity 5833K, committed 5836K, reserved 1048576K
}

Deoptimization events (20 events):
Event: 10.639 Thread 0x00007fe638f36800 DEOPT PACKING pc=0x000000010f809682 sp=0x0000700007f2e1e0
Event: 10.639 Thread 0x00007fe638f36800 DEOPT UNPACKING pc=0x000000010e98813a sp=0x0000700007f2d6b8 mode 0
Event: 10.645 Thread 0x00007fe638569000 DEOPT PACKING pc=0x000000010f77596f sp=0x0000700008236c60
Event: 10.645 Thread 0x00007fe638569000 DEOPT UNPACKING pc=0x000000010e98813a sp=0x0000700008236108 mode 0
Event: 10.654 Thread 0x00007fe638f34800 DEOPT PACKING pc=0x000000010f77596f sp=0x0000700008133c60
Event: 10.654 Thread 0x00007fe638f34800 DEOPT UNPACKING pc=0x000000010e98813a sp=0x0000700008133108 mode 0
Event: 10.668 Thread 0x00007fe638f35800 DEOPT PACKING pc=0x000000010f77596f sp=0x0000700007e2ac60
Event: 10.668 Thread 0x00007fe638f35800 DEOPT UNPACKING pc=0x000000010e98813a sp=0x0000700007e2a108 mode 0
Event: 10.677 Thread 0x00007fe638f34800 DEOPT PACKING pc=0x000000010f77596f sp=0x0000700008133c60
Event: 10.677 Thread 0x00007fe638f34800 DEOPT UNPACKING pc=0x000000010e98813a sp=0x0000700008133108 mode 0
Event: 10.704 Thread 0x00007fe63a3b7000 DEOPT PACKING pc=0x000000010f7662ba sp=0x0000700008339d40
Event: 10.704 Thread 0x00007fe63a3b7000 DEOPT UNPACKING pc=0x000000010e98813a sp=0x0000700008339210 mode 0
Event: 10.740 Thread 0x00007fe6388c5000 Uncommon trap: trap_request=0xffffff4d fr.pc=0x00000001165de93c relative=0x000000000000007c
Event: 10.740 Thread 0x00007fe6388c5000 Uncommon trap: reason=unstable_if action=reinterpret pc=0x00000001165de93c method=java.lang.Math.min(DD)D @ 17 c2
Event: 10.740 Thread 0x00007fe6388c5000 DEOPT PACKING pc=0x00000001165de93c sp=0x00007ffeeca57d10
Event: 10.740 Thread 0x00007fe6388c5000 DEOPT UNPACKING pc=0x000000010e988325 sp=0x00007ffeeca57cd0 mode 2
Event: 10.871 Thread 0x00007fe6388c5000 DEOPT PACKING pc=0x000000010f7fd635 sp=0x00007ffeeca592d0
Event: 10.871 Thread 0x00007fe6388c5000 DEOPT UNPACKING pc=0x000000010e98813a sp=0x00007ffeeca58780 mode 0
Event: 10.871 Thread 0x00007fe6388c5000 DEOPT PACKING pc=0x000000010f7fd635 sp=0x00007ffeeca591b0
Event: 10.871 Thread 0x00007fe6388c5000 DEOPT UNPACKING pc=0x000000010e98813a sp=0x00007ffeeca58660 mode 0

Classes redefined (0 events):
No events

Internal exceptions (20 events):
Event: 9.245 Thread 0x00007fe6388c5000 Exception <a 'java/lang/NoSuchMethodError'{0x00000007818708b8}: 'java.lang.Object java.lang.invoke.DirectMethodHandle$Holder.invokeStatic(java.lang.Object, java.lang.Object, java.lang.Object, java.lang.Object, java.lang.Object, java.lang.Object, java.lang
Event: 9.245 Thread 0x00007fe6388c5000 Exception <a 'java/lang/NoSuchMethodError'{0x0000000781880628}: 'java.lang.Object java.lang.invoke.DelegatingMethodHandle$Holder.reinvoke_L(java.lang.Object, long, java.lang.Object)'> (0x0000000781880628) thrown at [/corretto/workspace/corretto11-repo/ins
Event: 9.249 Thread 0x00007fe6388c5000 Exception <a 'java/lang/NoSuchMethodError'{0x0000000781942518}: 'java.lang.Object java.lang.invoke.DelegatingMethodHandle$Holder.reinvoke_L(java.lang.Object, java.lang.Object, int, int, long, int, java.lang.Object, java.lang.Object, java.lang.Object, int)
Event: 9.252 Thread 0x00007fe6388c5000 Exception <a 'java/lang/NoSuchMethodError'{0x0000000781a0e340}: 'java.lang.Object java.lang.invoke.DirectMethodHandle$Holder.invokeSpecial(java.lang.Object, java.lang.Object, int, int, int, long, int, java.lang.Object, java.lang.Object, java.lang.Object, 
Event: 9.252 Thread 0x00007fe6388c5000 Exception <a 'java/lang/NoSuchMethodError'{0x0000000781a11be8}: 'java.lang.Object java.lang.invoke.DelegatingMethodHandle$Holder.reinvoke_L(java.lang.Object, int, int, int, long, int, java.lang.Object, java.lang.Object, java.lang.Object, int)'> (0x0000000
Event: 9.252 Thread 0x00007fe6388c5000 Exception <a 'java/lang/NoSuchMethodError'{0x0000000781a197e8}: 'java.lang.Object java.lang.invoke.DirectMethodHandle$Holder.invokeStatic(java.lang.Object, java.lang.Object, java.lang.Object, java.lang.Object, java.lang.Object, int)'> (0x0000000781a197e8)
Event: 9.261 Thread 0x00007fe6388c5000 Exception <a 'java/lang/NoSuchMethodError'{0x0000000781afefc8}: 'java.lang.Object java.lang.invoke.DelegatingMethodHandle$Holder.reinvoke_L(java.lang.Object, java.lang.Object, long)'> (0x0000000781afefc8) thrown at [/corretto/workspace/corretto11-repo/ins
Event: 9.309 Thread 0x00007fe63a348000 Exception <a 'java/lang/NoSuchMethodError'{0x0000000781cc1bb0}: 'int java.lang.invoke.DirectMethodHandle$Holder.invokeSpecialIFC(java.lang.Object, java.lang.Object, int)'> (0x0000000781cc1bb0) thrown at [/corretto/workspace/corretto11-repo/installers/mac/
Event: 9.319 Thread 0x00007fe63a348000 Exception <a 'java/lang/NoSuchMethodError'{0x0000000781d05990}: 'int java.lang.invoke.DirectMethodHandle$Holder.invokeStaticInit(java.lang.Object, java.lang.Object, java.lang.Object, java.lang.Object)'> (0x0000000781d05990) thrown at [/corretto/workspace/
Event: 9.320 Thread 0x00007fe63a348000 Exception <a 'java/lang/IncompatibleClassChangeError'{0x0000000781d0eb38}: Found class java.lang.Object, but interface was expected> (0x0000000781d0eb38) thrown at [/corretto/workspace/corretto11-repo/installers/mac/tar/corretto-build/buildRoot/src/src/ho
Event: 9.687 Thread 0x00007fe6388c5000 Exception <a 'java/lang/NoSuchMethodError'{0x00000007817ce670}: 'java.lang.Object java.lang.invoke.DelegatingMethodHandle$Holder.reinvoke_L(java.lang.Object, java.lang.Object, int, int, long, int, int, java.lang.Object, java.lang.Object, int)'> (0x0000000
Event: 9.690 Thread 0x00007fe6388c5000 Exception <a 'java/lang/NoSuchMethodError'{0x000000078182c330}: 'java.lang.Object java.lang.invoke.DirectMethodHandle$Holder.invokeSpecial(java.lang.Object, java.lang.Object, int, int, int, long, int, int, java.lang.Object, java.lang.Object, int)'> (0x000
Event: 9.690 Thread 0x00007fe6388c5000 Exception <a 'java/lang/NoSuchMethodError'{0x000000078182fad0}: 'java.lang.Object java.lang.invoke.DelegatingMethodHandle$Holder.reinvoke_L(java.lang.Object, int, int, int, long, int, int, java.lang.Object, java.lang.Object, int)'> (0x000000078182fad0) th
Event: 10.371 Thread 0x00007fe6388c5000 Exception <a 'java/io/FileNotFoundException'{0x0000000780937280}> (0x0000000780937280) thrown at [/corretto/workspace/corretto11-repo/installers/mac/tar/corretto-build/buildRoot/src/src/hotspot/share/prims/jni.cpp, line 615]
Event: 10.372 Thread 0x00007fe6388c5000 Exception <a 'java/io/FileNotFoundException'{0x000000078093a780}> (0x000000078093a780) thrown at [/corretto/workspace/corretto11-repo/installers/mac/tar/corretto-build/buildRoot/src/src/hotspot/share/prims/jni.cpp, line 615]
Event: 10.372 Thread 0x00007fe6388c5000 Exception <a 'java/io/FileNotFoundException'{0x000000078093b6f0}> (0x000000078093b6f0) thrown at [/corretto/workspace/corretto11-repo/installers/mac/tar/corretto-build/buildRoot/src/src/hotspot/share/prims/jni.cpp, line 615]
Event: 10.372 Thread 0x00007fe6388c5000 Exception <a 'java/io/FileNotFoundException'{0x00000007809838c0}> (0x00000007809838c0) thrown at [/corretto/workspace/corretto11-repo/installers/mac/tar/corretto-build/buildRoot/src/src/hotspot/share/prims/jni.cpp, line 615]
Event: 10.650 Thread 0x00007fe6388c5000 Exception <a 'java/lang/NoSuchMethodError'{0x00000007821572c0}: 'java.lang.Object java.lang.invoke.DirectMethodHandle$Holder.invokeStatic(java.lang.Object, java.lang.Object, java.lang.Object, java.lang.Object, java.lang.Object, java.lang.Object, java.lang
Event: 10.950 Thread 0x00007fe640c9b800 Exception <a 'java/lang/NoClassDefFoundError'{0x00000007809c1a78}: com/sun/webkit/FileSystem> (0x00000007809c1a78) thrown at [/corretto/workspace/corretto11-repo/installers/mac/tar/corretto-build/buildRoot/src/src/hotspot/share/classfile/systemDictionary.
Event: 10.950 Thread 0x00007fe640c9b800 Exception <a 'java/lang/NoSuchMethodError'{0x00000007809c1d88}: fwkMakeAllDirectories> (0x00000007809c1d88) thrown at [/corretto/workspace/corretto11-repo/installers/mac/tar/corretto-build/buildRoot/src/src/hotspot/share/prims/jni.cpp, line 1331]

Events (20 events):
Event: 10.841 Executing VM operation: RevokeBias
Event: 10.841 Executing VM operation: RevokeBias done
Event: 10.849 Executing VM operation: RevokeBias
Event: 10.850 Executing VM operation: RevokeBias done
Event: 10.850 Executing VM operation: RevokeBias
Event: 10.850 Executing VM operation: RevokeBias done
Event: 10.850 Executing VM operation: RevokeBias
Event: 10.850 Executing VM operation: RevokeBias done
Event: 10.850 Executing VM operation: RevokeBias
Event: 10.850 Executing VM operation: RevokeBias done
Event: 10.850 Executing VM operation: RevokeBias
Event: 10.850 Executing VM operation: RevokeBias done
Event: 10.850 Executing VM operation: RevokeBias
Event: 10.850 Executing VM operation: RevokeBias done
Event: 10.850 Executing VM operation: RevokeBias
Event: 10.850 Executing VM operation: RevokeBias done
Event: 10.950 Protecting memory [0x0000700008855000,0x0000700008859000] with protection modes 0
Event: 10.950 Thread 0x00007fe640c9b800 Thread added: 0x00007fe640c9b800
Event: 10.950 loading class com/sun/webkit/FileSystem
Event: 10.950 loading class com/sun/webkit/FileSystem done


Dynamic libraries:
0x00007fff36b65000 	/System/Library/Frameworks/Cocoa.framework/Versions/A/Cocoa
0x00007fff44131000 	/System/Library/Frameworks/Security.framework/Versions/A/Security
0x00007fff35af0000 	/System/Library/Frameworks/ApplicationServices.framework/Versions/A/ApplicationServices
0x00007fff6e516000 	/usr/lib/libz.1.dylib
0x00000001031a6000 	/Library/Java/JavaVirtualMachines/amazon-corretto-11.jdk/Contents/Home/lib/jli/libjli.dylib
0x00007fff6bfe9000 	/usr/lib/libSystem.B.dylib
0x00007fff34ce5000 	/System/Library/Frameworks/AppKit.framework/Versions/C/AppKit
0x00007fff375e8000 	/System/Library/Frameworks/CoreData.framework/Versions/A/CoreData
0x00007fff3a1a0000 	/System/Library/Frameworks/Foundation.framework/Versions/C/Foundation
0x00007fff68894000 	/System/Library/PrivateFrameworks/UIFoundation.framework/Versions/A/UIFoundation
0x00007fff6307f000 	/System/Library/PrivateFrameworks/RemoteViewServices.framework/Versions/A/RemoteViewServices
0x00007fff6b324000 	/System/Library/PrivateFrameworks/XCTTargetBootstrap.framework/Versions/A/XCTTargetBootstrap
0x00007fff379cb000 	/System/Library/Frameworks/CoreDisplay.framework/Versions/A/CoreDisplay
0x00007fff3cf18000 	/System/Library/Frameworks/Metal.framework/Versions/A/Metal
0x00007fff514a0000 	/System/Library/PrivateFrameworks/DesktopServicesPriv.framework/Versions/A/DesktopServicesPriv
0x00007fff6d11f000 	/usr/lib/liblangid.dylib
0x00007fff505f7000 	/System/Library/PrivateFrameworks/CoreSVG.framework/Versions/A/CoreSVG
0x00007fff65e41000 	/System/Library/PrivateFrameworks/SkyLight.framework/Versions/A/SkyLight
0x00007fff37f5d000 	/System/Library/Frameworks/CoreGraphics.framework/Versions/A/CoreGraphics
0x00007fff33884000 	/System/Library/Frameworks/Accelerate.framework/Versions/A/Accelerate
0x00007fff6e407000 	/usr/lib/libxml2.2.dylib
0x00007fff5c1be000 	/System/Library/PrivateFrameworks/IconServices.framework/Versions/A/IconServices
0x00007fff3a984000 	/System/Library/Frameworks/IOSurface.framework/Versions/A/IOSurface
0x00007fff6bb21000 	/usr/lib/libDiagnosticMessagesClient.dylib
0x00007fff51319000 	/System/Library/PrivateFrameworks/DFRFoundation.framework/Versions/A/DFRFoundation
0x00007fff6cead000 	/usr/lib/libicucore.A.dylib
0x00007fff35e22000 	/System/Library/Frameworks/AudioToolbox.framework/Versions/A/AudioToolbox
0x00007fff35f04000 	/System/Library/Frameworks/AudioUnit.framework/Versions/A/AudioUnit
0x00007fff6c1ea000 	/usr/lib/libauto.dylib
0x00007fff5139a000 	/System/Library/PrivateFrameworks/DataDetectorsCore.framework/Versions/A/DataDetectorsCore
0x00007fff36685000 	/System/Library/Frameworks/Carbon.framework/Versions/A/Frameworks/HIToolbox.framework/Versions/A/HIToolbox
0x00007fff43363000 	/System/Library/Frameworks/QuartzCore.framework/Versions/A/QuartzCore
0x00007fff369c4000 	/System/Library/Frameworks/Carbon.framework/Versions/A/Frameworks/SpeechRecognition.framework/Versions/A/SpeechRecognition
0x00007fff50c9f000 	/System/Library/PrivateFrameworks/CoreUI.framework/Versions/A/CoreUI
0x00007fff3704e000 	/System/Library/Frameworks/CoreAudio.framework/Versions/A/CoreAudio
0x00007fff39e68000 	/System/Library/Frameworks/DiskArbitration.framework/Versions/A/DiskArbitration
0x00007fff5e1d2000 	/System/Library/PrivateFrameworks/MultitouchSupport.framework/Versions/A/MultitouchSupport
0x00007fff6cd73000 	/usr/lib/libenergytrace.dylib
0x00007fff3a8df000 	/System/Library/Frameworks/IOKit.framework/Versions/A/IOKit
0x00007fff38ecb000 	/System/Library/Frameworks/CoreServices.framework/Versions/A/CoreServices
0x00007fff602dc000 	/System/Library/PrivateFrameworks/PerformanceAnalysis.framework/Versions/A/PerformanceAnalysis
0x00007fff42399000 	/System/Library/Frameworks/OpenGL.framework/Versions/A/OpenGL
0x00007fff6de3a000 	/usr/lib/libobjc.A.dylib
0x00007fff36b73000 	/System/Library/Frameworks/ColorSync.framework/Versions/A/ColorSync
0x00007fff37adb000 	/System/Library/Frameworks/CoreFoundation.framework/Versions/A/CoreFoundation
0x00007fff385e4000 	/System/Library/Frameworks/CoreImage.framework/Versions/A/CoreImage
0x00007fff39941000 	/System/Library/Frameworks/CoreText.framework/Versions/A/CoreText
0x00007fff3aa0a000 	/System/Library/Frameworks/ImageIO.framework/Versions/A/ImageIO
0x00007fff6c2cf000 	/usr/lib/libc++.1.dylib
0x00007fff6c34b000 	/usr/lib/libcompression.dylib
0x00007fff6be63000 	/usr/lib/libMobileGestalt.dylib
0x00007fff67976000 	/System/Library/PrivateFrameworks/TextureIO.framework/Versions/A/TextureIO
0x00007fff6c150000 	/usr/lib/libate.dylib
0x00007fff5c3c7000 	/System/Library/PrivateFrameworks/InternationalSupport.framework/Versions/A/InternationalSupport
0x00007fff6ef8c000 	/usr/lib/system/libcache.dylib
0x00007fff6ef92000 	/usr/lib/system/libcommonCrypto.dylib
0x00007fff6ef9e000 	/usr/lib/system/libcompiler_rt.dylib
0x00007fff6efa6000 	/usr/lib/system/libcopyfile.dylib
0x00007fff6efb0000 	/usr/lib/system/libcorecrypto.dylib
0x00007fff6f15e000 	/usr/lib/system/libdispatch.dylib
0x00007fff6f1a0000 	/usr/lib/system/libdyld.dylib
0x00007fff6f1d6000 	/usr/lib/system/libkeymgr.dylib
0x00007fff6f1e4000 	/usr/lib/system/liblaunch.dylib
0x00007fff6f1e5000 	/usr/lib/system/libmacho.dylib
0x00007fff6f1eb000 	/usr/lib/system/libquarantine.dylib
0x00007fff6f1ee000 	/usr/lib/system/libremovefile.dylib
0x00007fff6f1f0000 	/usr/lib/system/libsystem_asl.dylib
0x00007fff6f208000 	/usr/lib/system/libsystem_blocks.dylib
0x00007fff6f209000 	/usr/lib/system/libsystem_c.dylib
0x00007fff6f291000 	/usr/lib/system/libsystem_configuration.dylib
0x00007fff6f295000 	/usr/lib/system/libsystem_coreservices.dylib
0x00007fff6f299000 	/usr/lib/system/libsystem_darwin.dylib
0x00007fff6f2a2000 	/usr/lib/system/libsystem_dnssd.dylib
0x00007fff6f2aa000 	/usr/lib/system/libsystem_featureflags.dylib
0x00007fff6f2ac000 	/usr/lib/system/libsystem_info.dylib
0x00007fff6f327000 	/usr/lib/system/libsystem_m.dylib
0x00007fff6f36f000 	/usr/lib/system/libsystem_malloc.dylib
0x00007fff6f397000 	/usr/lib/system/libsystem_networkextension.dylib
0x00007fff6f3a5000 	/usr/lib/system/libsystem_notify.dylib
0x00007fff6f3c4000 	/usr/lib/system/libsystem_sandbox.dylib
0x00007fff6f3c9000 	/usr/lib/system/libsystem_secinit.dylib
0x00007fff6f2fa000 	/usr/lib/system/libsystem_kernel.dylib
0x00007fff6f3af000 	/usr/lib/system/libsystem_platform.dylib
0x00007fff6f3b9000 	/usr/lib/system/libsystem_pthread.dylib
0x00007fff6f3cc000 	/usr/lib/system/libsystem_symptoms.dylib
0x00007fff6f3d4000 	/usr/lib/system/libsystem_trace.dylib
0x00007fff6f3ec000 	/usr/lib/system/libunwind.dylib
0x00007fff6f3f2000 	/usr/lib/system/libxpc.dylib
0x00007fff6c323000 	/usr/lib/libc++abi.dylib
0x00007fff6d121000 	/usr/lib/liblzma.5.dylib
0x00007fff6cd9b000 	/usr/lib/libfakelink.dylib
0x00007fff6c0dd000 	/usr/lib/libarchive.2.dylib
0x00007fff452d1000 	/System/Library/Frameworks/SystemConfiguration.framework/Versions/A/SystemConfiguration
0x00007fff6ba52000 	/usr/lib/libCRFSuite.dylib
0x00007fff3627a000 	/System/Library/Frameworks/CFNetwork.framework/Versions/A/CFNetwork
0x00007fff6c2b1000 	/usr/lib/libbsm.0.dylib
0x00007fff6f1d7000 	/usr/lib/system/libkxld.dylib
0x00007fff4addb000 	/System/Library/PrivateFrameworks/AppleFSCompression.framework/Versions/A/AppleFSCompression
0x00007fff6c632000 	/usr/lib/libcoretls.dylib
0x00007fff6c649000 	/usr/lib/libcoretls_cfhelpers.dylib
0x00007fff6de7e000 	/usr/lib/libpam.2.dylib
0x00007fff6dfb1000 	/usr/lib/libsqlite3.dylib
0x00007fff6e3f4000 	/usr/lib/libxar.1.dylib
0x00007fff6c2c2000 	/usr/lib/libbz2.1.0.dylib
0x00007fff6cdbc000 	/usr/lib/libiconv.2.dylib
0x00007fff6c338000 	/usr/lib/libcharset.1.dylib
0x00007fff6d925000 	/usr/lib/libnetwork.dylib
0x00007fff6de85000 	/usr/lib/libpcap.A.dylib
0x00007fff6c092000 	/usr/lib/libapple_nghttp2.dylib
0x00007fff39282000 	/System/Library/Frameworks/CoreServices.framework/Versions/A/Frameworks/FSEvents.framework/Versions/A/FSEvents
0x00007fff38f52000 	/System/Library/Frameworks/CoreServices.framework/Versions/A/Frameworks/CarbonCore.framework/Versions/A/CarbonCore
0x00007fff394c5000 	/System/Library/Frameworks/CoreServices.framework/Versions/A/Frameworks/Metadata.framework/Versions/A/Metadata
0x00007fff3955e000 	/System/Library/Frameworks/CoreServices.framework/Versions/A/Frameworks/OSServices.framework/Versions/A/OSServices
0x00007fff3958c000 	/System/Library/Frameworks/CoreServices.framework/Versions/A/Frameworks/SearchKit.framework/Versions/A/SearchKit
0x00007fff38ecc000 	/System/Library/Frameworks/CoreServices.framework/Versions/A/Frameworks/AE.framework/Versions/A/AE
0x00007fff3928b000 	/System/Library/Frameworks/CoreServices.framework/Versions/A/Frameworks/LaunchServices.framework/Versions/A/LaunchServices
0x00007fff39234000 	/System/Library/Frameworks/CoreServices.framework/Versions/A/Frameworks/DictionaryServices.framework/Versions/A/DictionaryServices
0x00007fff395f4000 	/System/Library/Frameworks/CoreServices.framework/Versions/A/Frameworks/SharedFileList.framework/Versions/A/SharedFileList
0x00007fff3e1ed000 	/System/Library/Frameworks/NetFS.framework/Versions/A/NetFS
0x00007fff5e6ff000 	/System/Library/PrivateFrameworks/NetAuth.framework/Versions/A/NetAuth
0x00007fff6b6ef000 	/System/Library/PrivateFrameworks/login.framework/Versions/A/Frameworks/loginsupport.framework/Versions/A/loginsupport
0x00007fff67471000 	/System/Library/PrivateFrameworks/TCC.framework/Versions/A/TCC
0x00007fff4f9c6000 	/System/Library/PrivateFrameworks/CoreNLP.framework/Versions/A/CoreNLP
0x00007fff5dc02000 	/System/Library/PrivateFrameworks/MetadataUtilities.framework/Versions/A/MetadataUtilities
0x00007fff6d1f9000 	/usr/lib/libmecabra.dylib
0x00007fff6d151000 	/usr/lib/libmecab.dylib
0x00007fff6cdac000 	/usr/lib/libgermantok.dylib
0x00007fff6c079000 	/usr/lib/libThaiTokenizer.dylib
0x00007fff6ba8a000 	/usr/lib/libChineseTokenizer.dylib
0x00007fff3389c000 	/System/Library/Frameworks/Accelerate.framework/Versions/A/Frameworks/vImage.framework/Versions/A/vImage
0x00007fff34b3f000 	/System/Library/Frameworks/Accelerate.framework/Versions/A/Frameworks/vecLib.framework/Versions/A/vecLib
0x00007fff34a83000 	/System/Library/Frameworks/Accelerate.framework/Versions/A/Frameworks/vecLib.framework/Versions/A/libvMisc.dylib
0x00007fff348a9000 	/System/Library/Frameworks/Accelerate.framework/Versions/A/Frameworks/vecLib.framework/Versions/A/libvDSP.dylib
0x00007fff33f08000 	/System/Library/Frameworks/Accelerate.framework/Versions/A/Frameworks/vecLib.framework/Versions/A/libBLAS.dylib
0x00007fff34463000 	/System/Library/Frameworks/Accelerate.framework/Versions/A/Frameworks/vecLib.framework/Versions/A/libLAPACK.dylib
0x00007fff34809000 	/System/Library/Frameworks/Accelerate.framework/Versions/A/Frameworks/vecLib.framework/Versions/A/libLinearAlgebra.dylib
0x00007fff34896000 	/System/Library/Frameworks/Accelerate.framework/Versions/A/Frameworks/vecLib.framework/Versions/A/libSparseBLAS.dylib
0x00007fff3481f000 	/System/Library/Frameworks/Accelerate.framework/Versions/A/Frameworks/vecLib.framework/Versions/A/libQuadrature.dylib
0x00007fff34172000 	/System/Library/Frameworks/Accelerate.framework/Versions/A/Frameworks/vecLib.framework/Versions/A/libBNNS.dylib
0x00007fff34825000 	/System/Library/Frameworks/Accelerate.framework/Versions/A/Frameworks/vecLib.framework/Versions/A/libSparse.dylib
0x00007fff5c786000 	/System/Library/PrivateFrameworks/LanguageModeling.framework/Versions/A/LanguageModeling
0x00007fff4f362000 	/System/Library/PrivateFrameworks/CoreEmoji.framework/Versions/A/CoreEmoji
0x00007fff5c8a4000 	/System/Library/PrivateFrameworks/LinguisticData.framework/Versions/A/LinguisticData
0x00007fff5c855000 	/System/Library/PrivateFrameworks/Lexicon.framework/Versions/A/Lexicon
0x00007fff6c339000 	/usr/lib/libcmph.dylib
0x00007fff40dbf000 	/System/Library/Frameworks/OpenDirectory.framework/Versions/A/Frameworks/CFOpenDirectory.framework/Versions/A/CFOpenDirectory
0x00007fff40ddc000 	/System/Library/Frameworks/OpenDirectory.framework/Versions/A/OpenDirectory
0x00007fff490aa000 	/System/Library/PrivateFrameworks/APFS.framework/Versions/A/APFS
0x00007fff44484000 	/System/Library/Frameworks/SecurityFoundation.framework/Versions/A/SecurityFoundation
0x00007fff6e3f0000 	/usr/lib/libutil.dylib
0x00007fff5064f000 	/System/Library/PrivateFrameworks/CoreServicesStore.framework/Versions/A/CoreServicesStore
0x00007fff4453c000 	/System/Library/Frameworks/ServiceManagement.framework/Versions/A/ServiceManagement
0x00007fff4c592000 	/System/Library/PrivateFrameworks/BackgroundTaskManagement.framework/Versions/A/BackgroundTaskManagement
0x00007fff6e4ed000 	/usr/lib/libxslt.1.dylib
0x00007fff4b440000 	/System/Library/PrivateFrameworks/AppleSystemInfo.framework/Versions/A/AppleSystemInfo
0x00007fff3ac27000 	/System/Library/Frameworks/ImageIO.framework/Versions/A/Resources/libJPEG.dylib
0x00007fff3aee6000 	/System/Library/Frameworks/ImageIO.framework/Versions/A/Resources/libTIFF.dylib
0x00007fff3aec9000 	/System/Library/Frameworks/ImageIO.framework/Versions/A/Resources/libPng.dylib
0x00007fff3ab68000 	/System/Library/Frameworks/ImageIO.framework/Versions/A/Resources/libGIF.dylib
0x00007fff3ab6c000 	/System/Library/Frameworks/ImageIO.framework/Versions/A/Resources/libJP2.dylib
0x00007fff3aee4000 	/System/Library/Frameworks/ImageIO.framework/Versions/A/Resources/libRadiance.dylib
0x00007fff6cd74000 	/usr/lib/libexpat.1.dylib
0x00007fff4af36000 	/System/Library/PrivateFrameworks/AppleJPEG.framework/Versions/A/AppleJPEG
0x00007fff538bc000 	/System/Library/PrivateFrameworks/FontServices.framework/libFontParser.dylib
0x00007fff6a746000 	/System/Library/PrivateFrameworks/WatchdogClient.framework/Versions/A/WatchdogClient
0x00007fff5be13000 	/System/Library/PrivateFrameworks/IOAccelerator.framework/Versions/A/IOAccelerator
0x00007fff3d2a6000 	/System/Library/Frameworks/MetalPerformanceShaders.framework/Versions/A/MetalPerformanceShaders
0x00007fff5860a000 	/System/Library/PrivateFrameworks/GPUWrangler.framework/Versions/A/GPUWrangler
0x00007fff5be1e000 	/System/Library/PrivateFrameworks/IOPresentment.framework/Versions/A/IOPresentment
0x00007fff5132c000 	/System/Library/PrivateFrameworks/DSExternalDisplay.framework/Versions/A/DSExternalDisplay
0x00007fff41745000 	/System/Library/Frameworks/OpenGL.framework/Versions/A/Libraries/libCoreFSCache.dylib
0x00007fff3cff8000 	/System/Library/Frameworks/MetalPerformanceShaders.framework/Frameworks/MPSCore.framework/Versions/A/MPSCore
0x00007fff3d035000 	/System/Library/Frameworks/MetalPerformanceShaders.framework/Frameworks/MPSImage.framework/Versions/A/MPSImage
0x00007fff3d0f7000 	/System/Library/Frameworks/MetalPerformanceShaders.framework/Frameworks/MPSNeuralNetwork.framework/Versions/A/MPSNeuralNetwork
0x00007fff3d0bc000 	/System/Library/Frameworks/MetalPerformanceShaders.framework/Frameworks/MPSMatrix.framework/Versions/A/MPSMatrix
0x00007fff3d257000 	/System/Library/Frameworks/MetalPerformanceShaders.framework/Frameworks/MPSRayIntersector.framework/Versions/A/MPSRayIntersector
0x00007fff3d0e1000 	/System/Library/Frameworks/MetalPerformanceShaders.framework/Frameworks/MPSNDArray.framework/Versions/A/MPSNDArray
0x00007fff5dc4f000 	/System/Library/PrivateFrameworks/MetalTools.framework/Versions/A/MetalTools
0x00007fff4a261000 	/System/Library/PrivateFrameworks/AggregateDictionary.framework/Versions/A/AggregateDictionary
0x00007fff4edec000 	/System/Library/PrivateFrameworks/CoreAnalytics.framework/Versions/A/CoreAnalytics
0x00007fff4b35e000 	/System/Library/PrivateFrameworks/AppleSauce.framework/Versions/A/AppleSauce
0x00007fff6bd46000 	/usr/lib/libIOReport.dylib
0x00007fff39af6000 	/System/Library/Frameworks/CoreVideo.framework/Versions/A/CoreVideo
0x00007fff59a76000 	/System/Library/PrivateFrameworks/GraphVisualizer.framework/Versions/A/GraphVisualizer
0x00007fff52e3d000 	/System/Library/PrivateFrameworks/FaceCore.framework/Versions/A/FaceCore
0x00007fff40d66000 	/System/Library/Frameworks/OpenCL.framework/Versions/A/OpenCL
0x00007fff6bb68000 	/usr/lib/libFosl_dynamic.dylib
0x00007fff5f0fa000 	/System/Library/PrivateFrameworks/OTSVG.framework/Versions/A/OTSVG
0x00007fff35bf5000 	/System/Library/Frameworks/ApplicationServices.framework/Versions/A/Frameworks/ATS.framework/Versions/A/Resources/libFontRegistry.dylib
0x00007fff53a8d000 	/System/Library/PrivateFrameworks/FontServices.framework/libhvf.dylib
0x00007fff41750000 	/System/Library/Frameworks/OpenGL.framework/Versions/A/Libraries/libGFXShared.dylib
0x00007fff4192d000 	/System/Library/Frameworks/OpenGL.framework/Versions/A/Libraries/libGLU.dylib
0x00007fff41759000 	/System/Library/Frameworks/OpenGL.framework/Versions/A/Libraries/libGL.dylib
0x00007fff41764000 	/System/Library/Frameworks/OpenGL.framework/Versions/A/Libraries/libGLImage.dylib
0x00007fff41742000 	/System/Library/Frameworks/OpenGL.framework/Versions/A/Libraries/libCVMSPluginSupport.dylib
0x00007fff4174b000 	/System/Library/Frameworks/OpenGL.framework/Versions/A/Libraries/libCoreVMClient.dylib
0x00007fff6d7c7000 	/usr/lib/libncurses.5.4.dylib
0x00007fff35af1000 	/System/Library/Frameworks/ApplicationServices.framework/Versions/A/Frameworks/ATS.framework/Versions/A/ATS
0x00007fff35cbe000 	/System/Library/Frameworks/ApplicationServices.framework/Versions/A/Frameworks/ColorSyncLegacy.framework/Versions/A/ColorSyncLegacy
0x00007fff35d5d000 	/System/Library/Frameworks/ApplicationServices.framework/Versions/A/Frameworks/HIServices.framework/Versions/A/HIServices
0x00007fff35db4000 	/System/Library/Frameworks/ApplicationServices.framework/Versions/A/Frameworks/LangAnalysis.framework/Versions/A/LangAnalysis
0x00007fff35dc3000 	/System/Library/Frameworks/ApplicationServices.framework/Versions/A/Frameworks/PrintCore.framework/Versions/A/PrintCore
0x00007fff35e09000 	/System/Library/Frameworks/ApplicationServices.framework/Versions/A/Frameworks/QD.framework/Versions/A/QD
0x00007fff35e14000 	/System/Library/Frameworks/ApplicationServices.framework/Versions/A/Frameworks/SpeechSynthesis.framework/Versions/A/SpeechSynthesis
0x00007fff35c8e000 	/System/Library/Frameworks/ApplicationServices.framework/Versions/A/Frameworks/ATSUI.framework/Versions/A/ATSUI
0x00007fff6cc08000 	/usr/lib/libcups.2.dylib
0x00007fff3c355000 	/System/Library/Frameworks/Kerberos.framework/Versions/A/Kerberos
0x00007fff3a5d5000 	/System/Library/Frameworks/GSS.framework/Versions/A/GSS
0x00007fff6df3d000 	/usr/lib/libresolv.9.dylib
0x00007fff59c17000 	/System/Library/PrivateFrameworks/Heimdal.framework/Versions/A/Heimdal
0x00007fff3c368000 	/System/Library/Frameworks/Kerberos.framework/Versions/A/Libraries/libHeimdalProxy.dylib
0x00007fff6cdb2000 	/usr/lib/libheimdal-asn1.dylib
0x00007fff4e292000 	/System/Library/PrivateFrameworks/CommonAuth.framework/Versions/A/CommonAuth
0x00007fff4b4dd000 	/System/Library/PrivateFrameworks/AssertionServices.framework/Versions/A/AssertionServices
0x00007fff4c080000 	/System/Library/PrivateFrameworks/AudioToolboxCore.framework/Versions/A/AudioToolboxCore
0x00007fff6b3a0000 	/System/Library/PrivateFrameworks/caulk.framework/Versions/A/caulk
0x00007fff4c63e000 	/System/Library/PrivateFrameworks/BaseBoard.framework/Versions/A/BaseBoard
0x00007fff6320e000 	/System/Library/PrivateFrameworks/RunningBoardServices.framework/Versions/A/RunningBoardServices
0x00007fff602e8000 	/System/Library/PrivateFrameworks/PersistentConnection.framework/Versions/A/PersistentConnection
0x00007fff62c5d000 	/System/Library/PrivateFrameworks/ProtocolBuffer.framework/Versions/A/ProtocolBuffer
0x00007fff4e2b7000 	/System/Library/PrivateFrameworks/CommonUtilities.framework/Versions/A/CommonUtilities
0x00007fff4c7c1000 	/System/Library/PrivateFrameworks/Bom.framework/Versions/A/Bom
0x00007fff6ba15000 	/usr/lib/libAudioToolboxUtility.dylib
0x00007fff4c59c000 	/System/Library/PrivateFrameworks/Backup.framework/Versions/A/Backup
0x00007fff5109c000 	/System/Library/PrivateFrameworks/CrashReporterSupport.framework/Versions/A/CrashReporterSupport
0x00007fff64d05000 	/System/Library/PrivateFrameworks/Sharing.framework/Versions/A/Sharing
0x00007fff4ac81000 	/System/Library/PrivateFrameworks/Apple80211.framework/Versions/A/Apple80211
0x00007fff4c2be000 	/System/Library/PrivateFrameworks/AuthKit.framework/Versions/A/AuthKit
0x00007fff50dcc000 	/System/Library/PrivateFrameworks/CoreUtils.framework/Versions/A/CoreUtils
0x00007fff39b3b000 	/System/Library/Frameworks/CoreWLAN.framework/Versions/A/CoreWLAN
0x00007fff3a760000 	/System/Library/Frameworks/IOBluetooth.framework/Versions/A/IOBluetooth
0x00007fff5df4d000 	/System/Library/PrivateFrameworks/MobileKeyBag.framework/Versions/A/MobileKeyBag
0x00007fff4fea2000 	/System/Library/PrivateFrameworks/CorePhoneNumbers.framework/Versions/A/CorePhoneNumbers
0x00007fff4aee9000 	/System/Library/PrivateFrameworks/AppleIDAuthSupport.framework/Versions/A/AppleIDAuthSupport
0x00007fff3e1fa000 	/System/Library/Frameworks/Network.framework/Versions/A/Network
0x00007fff5c60e000 	/System/Library/PrivateFrameworks/KeychainCircle.framework/Versions/A/KeychainCircle
0x00007fff375b0000 	/System/Library/Frameworks/CoreBluetooth.framework/Versions/A/CoreBluetooth
0x00007fff66981000 	/System/Library/PrivateFrameworks/SpeechRecognitionCore.framework/Versions/A/SpeechRecognitionCore
0x0000000104a00000 	/Library/Java/JavaVirtualMachines/amazon-corretto-11.jdk/Contents/Home/lib/server/libjvm.dylib
0x00000001031cf000 	/Library/Java/JavaVirtualMachines/amazon-corretto-11.jdk/Contents/Home/lib/libverify.dylib
0x0000000105750000 	/Library/Java/JavaVirtualMachines/amazon-corretto-11.jdk/Contents/Home/lib/libjava.dylib
0x00000001031f5000 	/Library/Java/JavaVirtualMachines/amazon-corretto-11.jdk/Contents/Home/lib/libinstrument.dylib
0x00000001057f0000 	/Library/Java/JavaVirtualMachines/amazon-corretto-11.jdk/Contents/Home/lib/libzip.dylib
0x00000001057f8000 	/Library/Java/JavaVirtualMachines/amazon-corretto-11.jdk/Contents/Home/lib/libjimage.dylib
0x0000000124a73000 	/Library/Java/JavaVirtualMachines/amazon-corretto-11.jdk/Contents/Home/lib/libnio.dylib
0x0000000124a81000 	/Library/Java/JavaVirtualMachines/amazon-corretto-11.jdk/Contents/Home/lib/libnet.dylib
0x0000000124b1e000 	/Library/Java/JavaVirtualMachines/amazon-corretto-11.jdk/Contents/Home/lib/libextnet.dylib
0x0000000124b85000 	/Library/Java/JavaVirtualMachines/amazon-corretto-11.jdk/Contents/Home/lib/libawt.dylib
0x0000000124c20000 	/Library/Java/JavaVirtualMachines/amazon-corretto-11.jdk/Contents/Home/lib/libmlib_image.dylib
0x00007fff3c33e000 	/System/Library/Frameworks/JavaVM.framework/Versions/A/Frameworks/JavaNativeFoundation.framework/Versions/A/JavaNativeFoundation
0x00007fff3c347000 	/System/Library/Frameworks/JavaVM.framework/Versions/A/Frameworks/JavaRuntimeSupport.framework/Versions/A/JavaRuntimeSupport
0x00007fff3c350000 	/System/Library/Frameworks/JavaVM.framework/Versions/A/JavaVM
0x00007fff5c471000 	/System/Library/PrivateFrameworks/JavaLaunching.framework/Versions/A/JavaLaunching
0x00007fff36680000 	/System/Library/Frameworks/Carbon.framework/Versions/A/Carbon
0x00007fff50b80000 	/System/Library/PrivateFrameworks/CoreSymbolication.framework/Versions/A/CoreSymbolication
0x00007fff36681000 	/System/Library/Frameworks/Carbon.framework/Versions/A/Frameworks/CommonPanels.framework/Versions/A/CommonPanels
0x00007fff3697a000 	/System/Library/Frameworks/Carbon.framework/Versions/A/Frameworks/Help.framework/Versions/A/Help
0x00007fff3697e000 	/System/Library/Frameworks/Carbon.framework/Versions/A/Frameworks/ImageCapture.framework/Versions/A/ImageCapture
0x00007fff36985000 	/System/Library/Frameworks/Carbon.framework/Versions/A/Frameworks/OpenScripting.framework/Versions/A/OpenScripting
0x00007fff36984000 	/System/Library/Frameworks/Carbon.framework/Versions/A/Frameworks/Ink.framework/Versions/A/Ink
0x00007fff369c0000 	/System/Library/Frameworks/Carbon.framework/Versions/A/Frameworks/Print.framework/Versions/A/Print
0x00007fff369c1000 	/System/Library/Frameworks/Carbon.framework/Versions/A/Frameworks/SecurityHI.framework/Versions/A/SecurityHI
0x00007fff51461000 	/System/Library/PrivateFrameworks/DebugSymbols.framework/Versions/A/DebugSymbols
0x0000000124c8b000 	/Library/Java/JavaVirtualMachines/amazon-corretto-11.jdk/Contents/Home/lib/libawt_lwawt.dylib
0x0000000124d3a000 	/Library/Java/JavaVirtualMachines/amazon-corretto-11.jdk/Contents/Home/lib/libosxapp.dylib
0x00007fff3a043000 	/System/Library/Frameworks/ExceptionHandling.framework/Versions/A/ExceptionHandling
0x0000000124f22000 	/Library/Java/JavaVirtualMachines/amazon-corretto-11.jdk/Contents/Home/lib/libfontmanager.dylib
0x000000012501b000 	/Library/Java/JavaVirtualMachines/amazon-corretto-11.jdk/Contents/Home/lib/libfreetype.dylib
0x00007fff5061b000 	/System/Library/PrivateFrameworks/CoreServicesInternal.framework/Versions/A/CoreServicesInternal
0x00007fff3a062000 	/System/Library/Frameworks/FileProvider.framework/Versions/A/FileProvider
0x00007fff34b40000 	/System/Library/Frameworks/Accounts.framework/Versions/A/Accounts
0x00007fff5892c000 	/System/Library/PrivateFrameworks/GenerationalStorage.framework/Versions/A/GenerationalStorage
0x00007fff671b2000 	/System/Library/PrivateFrameworks/SymptomDiagnosticReporter.framework/Versions/A/SymptomDiagnosticReporter
0x00007fff4a772000 	/System/Library/PrivateFrameworks/AppContainer.framework/Versions/A/AppContainer
0x00007fff6df57000 	/usr/lib/libsandbox.1.dylib
0x00007fff696e2000 	/System/Library/PrivateFrameworks/UserManagement.framework/Versions/A/UserManagement
0x00007fff4d383000 	/System/Library/PrivateFrameworks/ChunkingLibrary.framework/Versions/A/ChunkingLibrary
0x00007fff4a7e4000 	/System/Library/PrivateFrameworks/AppSandbox.framework/Versions/A/AppSandbox
0x00007fff64b8f000 	/System/Library/PrivateFrameworks/SecCodeWrapper.framework/Versions/A/SecCodeWrapper
0x00007fff6be2c000 	/usr/lib/libMatch.1.dylib
0x00007fff2c160000 	/System/Library/CoreServices/RawCamera.bundle/Contents/MacOS/RawCamera
0x00007fff5dd77000 	/System/Library/PrivateFrameworks/MobileAsset.framework/Versions/A/MobileAsset
0x00007fff67060000 	/System/Library/PrivateFrameworks/StreamingZip.framework/Versions/A/StreamingZip
0x00007fff3c7d1000 	/System/Library/Frameworks/MediaToolbox.framework/Versions/A/MediaToolbox
0x00007fff4ed9b000 	/System/Library/PrivateFrameworks/CoreAVCHD.framework/Versions/A/CoreAVCHD
0x00007fff3c6fb000 	/System/Library/Frameworks/MediaAccessibility.framework/Versions/A/MediaAccessibility
0x00007fff5d142000 	/System/Library/PrivateFrameworks/Mangrove.framework/Versions/A/Mangrove
0x00007fff38d05000 	/System/Library/Frameworks/CoreMedia.framework/Versions/A/CoreMedia
0x00007fff5d3ae000 	/System/Library/PrivateFrameworks/MediaExperience.framework/Versions/A/MediaExperience
0x00007fff455b7000 	/System/Library/Frameworks/VideoToolbox.framework/Versions/A/VideoToolbox
0x00007fff4e9c5000 	/System/Library/PrivateFrameworks/CoreAUC.framework/Versions/A/CoreAUC
0x00007fff6dfaf000 	/usr/lib/libspindump.dylib
0x00007fff4ba2b000 	/System/Library/PrivateFrameworks/AudioResourceArbitration.framework/Versions/A/AudioResourceArbitration
0x00007fff4b444000 	/System/Library/PrivateFrameworks/AppleVA.framework/Versions/A/AppleVA
0x00007fff33885000 	/System/Library/Frameworks/Accelerate.framework/Versions/A/Frameworks/vImage.framework/Versions/A/Libraries/libCGInterfaces.dylib
0x0000000124edf000 	/usr/lib/libobjc-trampolines.dylib
0x00007fff539f4000 	/System/Library/PrivateFrameworks/FontServices.framework/libTrueTypeScaler.dylib
0x00007fff2c36f000 	/System/Library/Extensions/AMDMTLBronzeDriver.bundle/Contents/MacOS/AMDMTLBronzeDriver
0x00007fff5be09000 	/System/Library/PrivateFrameworks/IOAccelMemoryInfo.framework/Versions/A/IOAccelMemoryInfo
0x00007fff307a9000 	/System/Library/Extensions/AppleIntelKBLGraphicsMTLDriver.bundle/Contents/MacOS/AppleIntelKBLGraphicsMTLDriver
0x00007fff56f62000 	/System/Library/PrivateFrameworks/GPUCompiler.framework/Versions/3902/Libraries/libmetal_timestamp.dylib
0x00007fff6a4b6000 	/System/Library/PrivateFrameworks/ViewBridge.framework/Versions/A/ViewBridge
0x00007fff6b6f2000 	/System/Library/PrivateFrameworks/login.framework/Versions/A/login
0x00000001269be000 	/Library/Java/JavaVirtualMachines/amazon-corretto-11.jdk/Contents/Home/lib/libprefs.dylib
0x00007fff423a9000 	/System/Library/Frameworks/OpenGL.framework/Versions/A/Resources/GLEngine.bundle/GLEngine
0x00007fff4179a000 	/System/Library/Frameworks/OpenGL.framework/Versions/A/Libraries/libGLProgrammability.dylib
0x00007fff2f980000 	/System/Library/Extensions/AppleIntelKBLGraphicsGLDriver.bundle/Contents/MacOS/AppleIntelKBLGraphicsGLDriver
0x00007fff585fe000 	/System/Library/PrivateFrameworks/GPUSupport.framework/Versions/A/Libraries/libGPUSupportMercury.dylib
0x0000000127dad000 	/System/Library/Extensions/AMDRadeonX4000GLDriver.bundle/Contents/MacOS/AMDRadeonX4000GLDriver
0x00007fff2c490000 	/System/Library/Extensions/AMDRadeonX4000GLDriver.bundle/Contents/MacOS/ATIRadeonX4000SCLib.dylib
0x00007fff2dab5000 	/System/Library/Extensions/AMDShared.bundle/Contents/PlugIns/libSC.dylib
0x00007fff42523000 	/System/Library/Frameworks/OpenGL.framework/Versions/A/Resources/GLRendererFloat.bundle/GLRendererFloat
0x00007fff40d5d000 	/System/Library/Frameworks/OpenCL.framework/Versions/A/Libraries/libcldcpuengine.dylib
0x00007fff6c7ed000 	/usr/lib/libcrypto.35.dylib
0x00007fff67bba000 	/System/Library/PrivateFrameworks/TrustEvaluationAgent.framework/Versions/A/TrustEvaluationAgent
0x0000000124dc5000 	/Library/Java/JavaVirtualMachines/amazon-corretto-11.jdk/Contents/Home/lib/libosxui.dylib
0x000000015a037000 	/Library/Java/JavaVirtualMachines/amazon-corretto-11.jdk/Contents/Home/lib/libjavajpeg.dylib
0x00000001269aa000 	/Users/adventure/.codenameone/javafx/lib/libprism_es2.dylib
0x000000015a4a8000 	/Users/adventure/.codenameone/javafx/lib/libglass.dylib
0x000000015fc0b000 	/Users/adventure/.codenameone/javafx/lib/libjfxwebkit.dylib
0x0000000148b25000 	/Users/adventure/.codenameone/javafx/lib/libjavafx_font.dylib
0x000000015a1a3000 	/Library/Java/JavaVirtualMachines/amazon-corretto-11.jdk/Contents/Home/lib/libsunec.dylib
0x000000015aaee000 	/Users/adventure/.codenameone/javafx/lib/libjavafx_iio.dylib
0x000000015ad00000 	/Library/Java/JavaVirtualMachines/amazon-corretto-11.jdk/Contents/Home/lib/liblcms.dylib
0x000000016a700000 	/Users/adventure/.codenameone/javafx/lib/libglib-lite.dylib
0x00007fff6cd9e000 	/usr/lib/libffi.dylib
0x000000016a835000 	/Users/adventure/.codenameone/javafx/lib/libgstreamer-lite.dylib
0x000000015aba2000 	/Users/adventure/.codenameone/javafx/lib/libjfxmedia.dylib
0x000000015aa88000 	/Users/adventure/.codenameone/javafx/lib/libjfxmedia_avf.dylib
0x00007fff3349e000 	/System/Library/Frameworks/AVFoundation.framework/Versions/A/AVFoundation
0x00007fff33698000 	/System/Library/Frameworks/AVFoundation.framework/Versions/A/Frameworks/AVFAudio.framework/Versions/A/AVFAudio
0x00007fff38de0000 	/System/Library/Frameworks/CoreMediaIO.framework/Versions/A/CoreMediaIO
0x00007fff6ba08000 	/usr/lib/libAudioStatistics.dylib
0x00007fff6b737000 	/System/Library/PrivateFrameworks/perfdata.framework/Versions/A/perfdata
0x00007fff6def9000 	/usr/lib/libperfcheck.dylib
0x00007fff6bef7000 	/usr/lib/libSMC.dylib


VM Arguments:
jvm_args: -Xms128m -Xmx2048m -XX:ReservedCodeCacheSize=240m -XX:+UseConcMarkSweepGC -XX:SoftRefLRUPolicyMSPerMB=50 -ea -XX:CICompilerCount=2 -Dsun.io.useCanonPrefixCache=false -Djava.net.preferIPv4Stack=true -Djdk.http.auth.tunneling.disabledSchemes="" -XX:+HeapDumpOnOutOfMemoryError -XX:-OmitStackTraceInFastThrow -Djdk.attach.allowAttachSelf=true -Dkotlinx.coroutines.debug=off -Djdk.module.illegalAccess.silent=true -XX:+UseCompressedOops -Dfile.encoding=UTF-8 -XX:ErrorFile=$USER_HOME/java_error_in_idea_%p.log -XX:HeapDumpPath=$USER_HOME/java_error_in_idea.hprof -Dapple.laf.useScreenMenuBar=true -javaagent:/Applications/IntelliJ IDEA CE.app/Contents/lib/idea_rt.jar=50712:/Applications/IntelliJ IDEA CE.app/Contents/bin 
java_command: com.codename1.impl.javase.Simulator com.codename1.demos.kitchen.MyApplication
java_class_path (initial): /Users/adventure/Desktop/kitchesinkdemo/out/production/kitchesinkdemo:/Users/adventure/Desktop/kitchesinkdemo/src:/Users/adventure/Desktop/kitchesinkdemo/lib/CodenameOne.jar:/Users/adventure/Desktop/kitchesinkdemo/JavaSE.jar:native/internal_tmp:lib/impl/cls
Launcher Type: SUN_STANDARD

[Global flags]
     intx CICompilerCount                          = 2                                         {product} {command line}
    ccstr ErrorFile                                = $USER_HOME/java_error_in_idea_%p.log            {product} {command line}
     bool HeapDumpOnOutOfMemoryError               = true                                   {manageable} {command line}
    ccstr HeapDumpPath                             = $USER_HOME/java_error_in_idea.hprof         {manageable} {command line}
   size_t InitialHeapSize                          = 134217728                                 {product} {command line}
   size_t MaxHeapSize                              = 2147483648                                {product} {command line}
   size_t MaxNewSize                               = 715784192                                 {product} {ergonomic}
    uintx MaxTenuringThreshold                     = 6                                         {product} {ergonomic}
   size_t MinHeapDeltaBytes                        = 196608                                    {product} {ergonomic}
   size_t NewSize                                  = 44695552                                  {product} {ergonomic}
    uintx NonNMethodCodeHeapSize                   = 5825164                                {pd product} {ergonomic}
    uintx NonProfiledCodeHeapSize                  = 122916538                              {pd product} {ergonomic}
   size_t OldSize                                  = 89522176                                  {product} {ergonomic}
     bool OmitStackTraceInFastThrow                = false                                     {product} {command line}
    uintx ProfiledCodeHeapSize                     = 122916538                              {pd product} {ergonomic}
    uintx ReservedCodeCacheSize                    = 251658240                              {pd product} {command line}
     bool SegmentedCodeCache                       = true                                      {product} {ergonomic}
     intx SoftRefLRUPolicyMSPerMB                  = 50                                        {product} {command line}
     bool UseCompressedClassPointers               = true                                 {lp64_product} {ergonomic}
     bool UseCompressedOops                        = true                                 {lp64_product} {command line}
     bool UseConcMarkSweepGC                       = true                                      {product} {command line}

Logging:
Log output configuration:
 #0: stdout all=warning uptime,level,tags
 #1: stderr all=off uptime,level,tags

Environment Variables:
JAVA_HOME=/Library/Java/JavaVirtualMachines/amazon-corretto-11.jdk/Contents/Home
PATH=/usr/local/bin:/Library/Frameworks/Python.framework/Versions/3.7/bin:/usr/local/bin:/usr/bin:/bin:/usr/sbin:/sbin:/Users/adventure/dev/flutter/bin:/Users/adventure/Library/Android/sdk/tools:/Users/adventure/Library/Android/sdk/platform-tools
SHELL=/bin/zsh

Signal Handlers:
SIGSEGV: [libjvm.dylib+0x7577d8], sa_mask[0]=11111111011111110111111111111111, sa_flags=SA_ONSTACK|SA_RESTART|SA_SIGINFO
SIGBUS: [libjvm.dylib+0x7577d8], sa_mask[0]=11111111011111110111111111111111, sa_flags=SA_RESTART|SA_SIGINFO
SIGFPE: [libjvm.dylib+0x7577d8], sa_mask[0]=11111111011111110111111111111111, sa_flags=SA_RESTART|SA_SIGINFO
SIGPIPE: [libjvm.dylib+0x5fbe5c], sa_mask[0]=11111111011111110111111111111111, sa_flags=SA_RESTART|SA_SIGINFO
SIGXFSZ: [libjvm.dylib+0x5fbe5c], sa_mask[0]=11111111011111110111111111111111, sa_flags=SA_RESTART|SA_SIGINFO
SIGILL: [libjvm.dylib+0x7577d8], sa_mask[0]=11111111011111110111111111111111, sa_flags=SA_RESTART|SA_SIGINFO
SIGUSR2: [libjvm.dylib+0x5fc45a], sa_mask[0]=00100000000000000000000000000000, sa_flags=SA_RESTART|SA_SIGINFO
SIGHUP: [libjvm.dylib+0x5faf37], sa_mask[0]=11111111011111110111111111111111, sa_flags=SA_RESTART|SA_SIGINFO
SIGINT: [libjvm.dylib+0x5faf37], sa_mask[0]=11111111011111110111111111111111, sa_flags=SA_RESTART|SA_SIGINFO
SIGTERM: [libjvm.dylib+0x5faf37], sa_mask[0]=11111111011111110111111111111111, sa_flags=SA_RESTART|SA_SIGINFO
SIGQUIT: [libjvm.dylib+0x5faf37], sa_mask[0]=11111111011111110111111111111111, sa_flags=SA_RESTART|SA_SIGINFO


---------------  S Y S T E M  ---------------

OS:uname:Darwin 19.2.0 Darwin Kernel Version 19.2.0: Sat Nov  9 03:47:04 PST 2019; root:xnu-6153.61.1~20/RELEASE_X86_64 x86_64
rlimit: STACK 8192k, CORE 0k, NPROC 2784, NOFILE 10240, AS infinity, DATA infinity, FSIZE infinity
load average:1.77 2.36 2.55

CPU:total 12 (initial active 12) (6 cores per cpu, 2 threads per core) family 6 model 158 stepping 10, cmov, cx8, fxsr, mmx, sse, sse2, sse3, ssse3, sse4.1, sse4.2, popcnt, avx, avx2, aes, clmul, erms, 3dnowpref, lzcnt, ht, tsc, tscinvbit, bmi1, bmi2, adx, fma

Memory: 4k page, physical 16777216k(1156036k free), swap 0k(0k free)

vm_info: OpenJDK 64-Bit Server VM (11.0.5+10-LTS) for bsd-amd64 JRE (11.0.5+10-LTS), built on Nov 12 2019 17:01:34 by "root" with gcc 4.2.1 Compatible Apple LLVM 8.0.0 (clang-800.0.42.1)

END.
