#
# A fatal error has been detected by the Java Runtime Environment:
#
#  SIGSEGV (0xb) at pc=0x000000010cde96f6, pid=2074, tid=112395
#
# JRE version: OpenJDK Runtime Environment (11.0.5+10) (build 11.0.5+10-LTS)
# Java VM: OpenJDK 64-Bit Server VM (11.0.5+10-LTS, mixed mode, tiered, compressed oops, concurrent mark sweep gc, bsd-amd64)
# Problematic frame:
# V  [libjvm.dylib+0x3e96f6]  jni_CallStaticBooleanMethodV+0x7c
#
# No core dump will be written. Core dumps have been disabled. To enable core dumping, try "ulimit -c unlimited" before starting Java again
#
# If you would like to submit a bug report, please visit:
#   http://bugreport.java.com/bugreport/crash.jsp
#

---------------  S U M M A R Y ------------

Command Line: -Xms128m -Xmx2048m -XX:ReservedCodeCacheSize=240m -XX:+UseConcMarkSweepGC -XX:SoftRefLRUPolicyMSPerMB=50 -ea -XX:CICompilerCount=2 -Dsun.io.useCanonPrefixCache=false -Djava.net.preferIPv4Stack=true -Djdk.http.auth.tunneling.disabledSchemes="" -XX:+HeapDumpOnOutOfMemoryError -XX:-OmitStackTraceInFastThrow -Djdk.attach.allowAttachSelf=true -Dkotlinx.coroutines.debug=off -Djdk.module.illegalAccess.silent=true -XX:+UseCompressedOops -Dfile.encoding=UTF-8 -XX:ErrorFile=$USER_HOME/java_error_in_idea_%p.log -XX:HeapDumpPath=$USER_HOME/java_error_in_idea.hprof -Dapple.laf.useScreenMenuBar=true -javaagent:/Applications/IntelliJ IDEA CE.app/Contents/lib/idea_rt.jar=50660:/Applications/IntelliJ IDEA CE.app/Contents/bin com.codename1.impl.javase.Simulator com.codename1.demos.kitchen.MyApplication

Host: MacBookPro15,1 x86_64 2200 MHz, 12 cores, 16G, Darwin 19.2.0
Time: Sat Dec 28 10:15:03 2019 +0545 elapsed time: 10 seconds (0d 0h 0m 10s)

---------------  T H R E A D  ---------------

Current thread (0x00007f9efec30800):  JavaThread "Thread-8" daemon [_thread_in_vm, id=112395, stack(0x0000700009626000,0x00007000096a6000)]

Stack: [0x0000700009626000,0x00007000096a6000],  sp=0x00007000096a5be0,  free space=510k
Native frames: (J=compiled Java code, A=aot compiled Java code, j=interpreted, Vv=VM code, C=native code)
V  [libjvm.dylib+0x3e96f6]  jni_CallStaticBooleanMethodV+0x7c
C  [libjfxwebkit.dylib+0x9746]  JNIEnv_::CallStaticBooleanMethod(_jclass*, _jmethodID*, ...)+0x86
C  [libjfxwebkit.dylib+0x15884e8]  WebCore::FileSystem::makeAllDirectories(WTF::String const&)+0x268
C  [libjfxwebkit.dylib+0x22d12]  WebCore::StorageSyncManager::fullDatabaseFilename(WTF::String const&)+0x22
C  [libjfxwebkit.dylib+0x1f0d6]  WebKit::StorageAreaSync::openDatabase(WebKit::StorageAreaSync::OpenDatabaseParamType)+0x36
C  [libjfxwebkit.dylib+0x1f6ee]  WebKit::StorageAreaSync::performImport()+0x1e
C  [libjfxwebkit.dylib+0x23619]  WebCore::StorageThread::threadEntryPoint()+0x89
C  [libjfxwebkit.dylib+0x1a802b4]  WTF::Thread::entryPoint(WTF::Thread::NewThreadContext*)+0xe4
C  [libjfxwebkit.dylib+0x1ab68d9]  WTF::wtfThreadEntryPoint(void*)+0x9
C  [libsystem_pthread.dylib+0x5e65]  _pthread_start+0x94
C  [libsystem_pthread.dylib+0x183b]  thread_start+0xf


siginfo: si_signo: 11 (SIGSEGV), si_code: 1 (SEGV_MAPERR), si_addr: 0x0000000000000000

Register to memory mapping:

RAX=0x0 is NULL
RBX=0x00007f9efec30800 is a thread
RCX=0x00007f9efc8d3478 points into unknown readable memory: d0 95 32 81 07 00 00 00
RDX=0x0 is NULL
RSP=0x00007000096a5be0 is pointing into the stack for thread: 0x00007f9efec30800
RBP=0x00007000096a5c80 is pointing into the stack for thread: 0x00007f9efec30800
RSI=0x0 is NULL
RDI=0x00007f9efec30b40 points into unknown readable memory: 70 a7 30 0d 01 00 00 00
R8 =0x000000000000000a is an unknown value
R9 =0x00007f9efec30800 is a thread
R10=0x000000010d2dc820: _ZTV7CMSHeap+0x10 in /Library/Java/JavaVirtualMachines/amazon-corretto-11.jdk/Contents/Home/lib/server/libjvm.dylib at 0x000000010ca00000
R11=0x0 is NULL
R12=0x0 is NULL
R13=0x00007000096a5d40 is pointing into the stack for thread: 0x00007f9efec30800
R14=0x0 is NULL
R15=0x00007f9efec30b40 points into unknown readable memory: 70 a7 30 0d 01 00 00 00


Registers:
RAX=0x0000000000000000, RBX=0x00007f9efec30800, RCX=0x00007f9efc8d3478, RDX=0x0000000000000000
RSP=0x00007000096a5be0, RBP=0x00007000096a5c80, RSI=0x0000000000000000, RDI=0x00007f9efec30b40
R8 =0x000000000000000a, R9 =0x00007f9efec30800, R10=0x000000010d2dc820, R11=0x0000000000000000
R12=0x0000000000000000, R13=0x00007000096a5d40, R14=0x0000000000000000, R15=0x00007f9efec30b40
RIP=0x000000010cde96f6, EFLAGS=0x0000000000010206, ERR=0x0000000000000004
  TRAPNO=0x000000000000000e

Top of Stack: (sp=0x00007000096a5be0)
0x00007000096a5be0:   00007000096a5c00 000000010d11e087
0x00007000096a5bf0:   d03e113f59d800b5 00007f9efec30800
0x00007000096a5c00:   00007000096a5c30 000000010d11e060
0x00007000096a5c10:   0000000000000001 00007f9efec30908
0x00007000096a5c20:   00007f9e00000004 0000000000000004
0x00007000096a5c30:   00007f9efec30800 00007f9efc8d3470
0x00007000096a5c40:   0000000000000533 000000010d1baa77
0x00007000096a5c50:   00007f9efec30800 0000000000000000
0x00007000096a5c60:   000000016a5834b0 00007f9efec30b40
0x00007000096a5c70:   0000000171e18c40 0000000000000000
0x00007000096a5c80:   00007000096a5d60 0000000167000746
0x00007000096a5c90:   000000010d360201 00007f9efec30800
0x00007000096a5ca0:   00007000096a5cc0 00007f9ef7510ea0
0x00007000096a5cb0:   000000000000000a 00007f9efec30800
0x00007000096a5cc0:   00007000096a5d20 000000010cdee597
0x00007000096a5cd0:   00007f9efec30800 00007f9efc8d3470
0x00007000096a5ce0:   0000700000000533 000000010d1baa77
0x00007000096a5cf0:   00007f9efec30800 0000000000000000
0x00007000096a5d00:   0000000000000039 0000000171e18c40
0x00007000096a5d10:   0000000171e18c40 00007000096a5d78
0x00007000096a5d20:   00007000096a5d60 0000000168aae38a
0x00007000096a5d30:   0000000000000001 0000000000000000
0x00007000096a5d40:   0000003000000018 00007000096a5d70
0x00007000096a5d50:   00007000096a5c90 d03e113f59d800b5
0x00007000096a5d60:   00007000096a5db0 000000016857f4e8
0x00007000096a5d70:   00007f9ef718b220 00007f9ef7510ea0
0x00007000096a5d80:   00007f9efec30b40 0000000171e18c40
0x00007000096a5d90:   00007000096a5f30 000000016dd77d20
0x00007000096a5da0:   00007000096a5e28 000000016dd77de0
0x00007000096a5db0:   00007000096a5df0 0000000167019d12
0x00007000096a5dc0:   d03e113f59d800b5 0000000781327420
0x00007000096a5dd0:   00007000096a5e50 00007000096a5e28 

Instructions: (pc=0x000000010cde96f6)
0x000000010cde95f6:   0f 1f 40 00 48 83 7d 90 00 74 09 48 8d 7d 88 e8
0x000000010cde9606:   7c b1 24 00 48 8b 9b f0 00 00 00 4c 8b 73 08 48
0x000000010cde9616:   8b 43 10 48 83 38 00 74 19 48 8b 73 28 4c 89 f7
0x000000010cde9626:   e8 77 ec cf ff 48 8b 7b 10 e8 32 eb cf ff 48 8b
0x000000010cde9636:   43 10 49 89 46 10 48 8b 43 18 49 89 46 18 48 8b
0x000000010cde9646:   43 20 49 89 46 20 48 8d 7d a8 e8 ab 44 33 00 4c
0x000000010cde9656:   3b 6d d0 75 1a f2 0f 10 85 78 fe ff ff 48 81 c4
0x000000010cde9666:   68 01 00 00 5b 41 5c 41 5d 41 5e 41 5f 5d c3 e8
0x000000010cde9676:   da 58 39 00 55 48 89 e5 41 57 41 56 41 55 41 54
0x000000010cde9686:   53 48 83 ec 78 49 89 cd 49 89 d6 49 89 f4 49 89
0x000000010cde9696:   ff 49 8d 9f c0 fc ff ff b8 55 21 ff ff 41 03 87
0x000000010cde96a6:   90 00 00 00 83 f8 02 72 0a 48 89 df e8 8d 5f 31
0x000000010cde96b6:   00 31 db 48 8d 7d d0 48 89 de e8 bb 43 33 00 48
0x000000010cde96c6:   89 5d b0 48 c7 45 b8 00 00 00 00 48 83 7b 08 00
0x000000010cde96d6:   74 09 48 8d 7d b0 e8 59 b0 24 00 4c 89 ff 4c 89
0x000000010cde96e6:   e6 4c 89 f2 90 0f 1f 40 00 c7 45 a0 04 00 00 00
0x000000010cde96f6:   49 8b 06 48 8b 40 08 48 8b 48 08 0f b7 40 2c 48
0x000000010cde9706:   8b 74 c1 40 48 8d bd 60 ff ff ff e8 f6 cd 29 00
0x000000010cde9716:   c7 85 78 ff ff ff 63 00 00 00 48 c7 45 80 00 00
0x000000010cde9726:   00 00 48 8d 05 69 18 52 00 48 89 85 60 ff ff ff
0x000000010cde9736:   49 8b 45 10 48 89 45 98 49 8b 45 00 49 8b 4d 08
0x000000010cde9746:   48 89 4d 90 48 89 45 88 41 f6 c4 01 75 0b 4c 89
0x000000010cde9756:   e7 ff 15 23 04 52 00 eb 0c 49 ff cc 4c 89 e7 ff
0x000000010cde9766:   15 95 ac 51 00 48 89 c7 e8 ef ea fb ff 48 8b 08
0x000000010cde9776:   48 89 c7 48 89 de ff 91 b0 00 00 00 31 ff 48 83
0x000000010cde9786:   7b 08 00 41 bc 00 00 00 00 75 2f 48 8d 75 a0 48
0x000000010cde9796:   8d 8d 60 ff ff ff 4c 89 ff 4c 89 f2 49 89 d8 e8
0x000000010cde97a6:   a4 ec ff ff 31 ff 48 83 7b 08 00 41 bc 00 00 00
0x000000010cde97b6:   00 75 07 0f b6 7d a8 41 88 fc 90 0f 1f 40 00 48
0x000000010cde97c6:   83 7d b8 00 74 09 48 8d 7d b0 e8 b1 af 24 00 48
0x000000010cde97d6:   8b 9b f0 00 00 00 4c 8b 73 08 48 8b 43 10 48 83
0x000000010cde97e6:   38 00 74 19 48 8b 73 28 4c 89 f7 e8 ac ea cf ff 


Stack slot to memory mapping:
stack at sp + 0 slots: 0x00007000096a5c00 is pointing into the stack for thread: 0x00007f9efec30800
stack at sp + 1 slots: 0x000000010d11e087: _ZN6Atomic4loadIPVvEET_PVKS3_+0x17 in /Library/Java/JavaVirtualMachines/amazon-corretto-11.jdk/Contents/Home/lib/server/libjvm.dylib at 0x000000010ca00000
stack at sp + 2 slots: 0xd03e113f59d800b5 is an unknown value
stack at sp + 3 slots: 0x00007f9efec30800 is a thread
stack at sp + 4 slots: 0x00007000096a5c30 is pointing into the stack for thread: 0x00007f9efec30800
stack at sp + 5 slots: 0x000000010d11e060: _ZN11OrderAccess12ordered_loadIPVvL15ScopedFenceType0EEET_PVKS4_+0x30 in /Library/Java/JavaVirtualMachines/amazon-corretto-11.jdk/Contents/Home/lib/server/libjvm.dylib at 0x000000010ca00000
stack at sp + 6 slots: 0x0000000000000001 is an unknown value
stack at sp + 7 slots: 0x00007f9efec30908 points into unknown readable memory: 00 20 07 0b 01 00 00 00


---------------  P R O C E S S  ---------------

Threads class SMR info:
_java_thread_list=0x00007f9efbf7d650, length=49, elements={
0x00007f9ef504e800, 0x00007f9ef5053800, 0x00007f9ef6822000, 0x00007f9ef6815000,
0x00007f9ef6831000, 0x00007f9ef580d800, 0x00007f9ef6012000, 0x00007f9ef682f000,
0x00007f9efa817000, 0x00007f9ef7873000, 0x00007f9ef6898000, 0x00007f9ef78b7800,
0x00007f9efb001000, 0x00007f9ef587f000, 0x00007f9ef5895000, 0x00007f9ef6076000,
0x00007f9ef5884800, 0x00007f9ef8a30800, 0x00007f9ef88bf000, 0x00007f9ef5cf9800,
0x00007f9ef5d0f800, 0x00007f9efe033000, 0x00007f9ef6e5b000, 0x00007f9efe165000,
0x00007f9ef5a0a800, 0x00007f9efeb96000, 0x00007f9ef5cae800, 0x00007f9efeb80800,
0x00007f9ef8b94000, 0x00007f9efebba000, 0x00007f9ef5caf800, 0x00007f9ef8ba5800,
0x00007f9efda71800, 0x00007f9efec29800, 0x00007f9efec2a800, 0x00007f9ef5ca7000,
0x00007f9ef5cc3000, 0x00007f9efe029000, 0x00007f9efda09000, 0x00007f9ef6c50000,
0x00007f9efec2b000, 0x00007f9efda09800, 0x00007f9ef5d45800, 0x00007f9efec38800,
0x00007f9ef5d55000, 0x00007f9efec39800, 0x00007f9efda10000, 0x00007f9ef8bb4000,
0x00007f9efec30800
}

Java Threads: ( => current thread )
  0x00007f9ef504e800 JavaThread "Reference Handler" daemon [_thread_blocked, id=12035, stack(0x0000700004fb0000,0x00007000050b0000)]
  0x00007f9ef5053800 JavaThread "Finalizer" daemon [_thread_blocked, id=19203, stack(0x00007000050b3000,0x00007000051b3000)]
  0x00007f9ef6822000 JavaThread "Signal Dispatcher" daemon [_thread_blocked, id=17923, stack(0x00007000052bc000,0x00007000053bc000)]
  0x00007f9ef6815000 JavaThread "C2 CompilerThread0" daemon [_thread_in_native, id=17411, stack(0x00007000053bf000,0x00007000054bf000)]
  0x00007f9ef6831000 JavaThread "C1 CompilerThread0" daemon [_thread_blocked, id=16899, stack(0x00007000054c2000,0x00007000055c2000)]
  0x00007f9ef580d800 JavaThread "Sweeper thread" daemon [_thread_blocked, id=16131, stack(0x00007000055c5000,0x00007000056c5000)]
  0x00007f9ef6012000 JavaThread "Common-Cleaner" daemon [_thread_blocked, id=15363, stack(0x00007000056c8000,0x00007000057c8000)]
  0x00007f9ef682f000 JavaThread "Monitor Ctrl-Break" daemon [_thread_in_native, id=22019, stack(0x00007000057cb000,0x00007000058cb000)]
  0x00007f9efa817000 JavaThread "Service Thread" daemon [_thread_blocked, id=22275, stack(0x00007000058ce000,0x00007000059ce000)]
  0x00007f9ef7873000 JavaThread "JavaFX Application Thread" daemon [_thread_in_native, id=775, stack(0x00007ffee4409000,0x00007ffee4c09000)]
  0x00007f9ef6898000 JavaThread "AWT-Shutdown" [_thread_blocked, id=37379, stack(0x0000700005ad4000,0x0000700005bd4000)]
  0x00007f9ef78b7800 JavaThread "Timer-0" daemon [_thread_blocked, id=73743, stack(0x00007000060f5000,0x00007000061f5000)]
  0x00007f9efb001000 JavaThread "AWT-EventQueue-0" [_thread_blocked, id=73223, stack(0x00007000061f8000,0x00007000062f8000)]
  0x00007f9ef587f000 JavaThread "Thread-4" [_thread_blocked, id=72707, stack(0x00007000062fb000,0x00007000063fb000)]
  0x00007f9ef5895000 JavaThread "DestroyJavaVM" [_thread_blocked, id=10243, stack(0x0000700004aa1000,0x0000700004ba1000)]
  0x00007f9ef6076000 JavaThread "Java2D Queue Flusher" daemon [_thread_blocked, id=56327, stack(0x00007000063fe000,0x00007000064fe000)]
  0x00007f9ef5884800 JavaThread "Java2D Disposer" daemon [_thread_blocked, id=71695, stack(0x0000700006501000,0x0000700006601000)]
  0x00007f9ef8a30800 JavaThread "Attach Listener" daemon [_thread_blocked, id=68619, stack(0x0000700006604000,0x0000700006704000)]
  0x00007f9ef88bf000 JavaThread "EDT" [_thread_blocked, id=89883, stack(0x0000700007125000,0x0000700007225000)]
  0x00007f9ef5cf9800 JavaThread "Network Thread" [_thread_blocked, id=129039, stack(0x0000700007228000,0x0000700007328000)]
  0x00007f9ef5d0f800 JavaThread "Network Thread" [_thread_blocked, id=90627, stack(0x000070000732b000,0x000070000742b000)]
  0x00007f9efe033000 JavaThread "invokeAndBlock1" [_thread_blocked, id=128003, stack(0x0000700007634000,0x0000700007734000)]
  0x00007f9ef6e5b000 JavaThread "QuantumRenderer-0" daemon [_thread_blocked, id=88615, stack(0x0000700007022000,0x0000700007122000)]
  0x00007f9efe165000 JavaThread "InvokeLaterDispatcher" daemon [_thread_blocked, id=12639, stack(0x0000700007737000,0x0000700007837000)]
  0x00007f9ef5a0a800 JavaThread "Thread-6" daemon [_thread_in_native, id=94723, stack(0x000070000783a000,0x00007000078ba000)]
  0x00007f9efeb96000 JavaThread "Prism Font Disposer" daemon [_thread_blocked, id=95491, stack(0x0000700007940000,0x0000700007a40000)]
  0x00007f9ef5cae800 JavaThread "Disposer" daemon [_thread_blocked, id=96259, stack(0x0000700007a43000,0x0000700007b43000)]
  0x00007f9efeb80800 JavaThread "URL-Loader-1" daemon [_thread_blocked, id=120835, stack(0x0000700007b46000,0x0000700007c46000)]
  0x00007f9ef8b94000 JavaThread "URL-Loader-2" daemon [_thread_blocked, id=100099, stack(0x0000700007fde000,0x00007000080de000)]
  0x00007f9efebba000 JavaThread "URL-Loader-3" daemon [_thread_blocked, id=100611, stack(0x00007000080e1000,0x00007000081e1000)]
  0x00007f9ef5caf800 JavaThread "URL-Loader-4" daemon [_thread_blocked, id=101379, stack(0x00007000081e4000,0x00007000082e4000)]
  0x00007f9ef8ba5800 JavaThread "URL-Loader-5" daemon [_thread_blocked, id=101635, stack(0x00007000082e7000,0x00007000083e7000)]
  0x00007f9efda71800 JavaThread "URL-Loader-6" daemon [_thread_blocked, id=102403, stack(0x00007000083ea000,0x00007000084ea000)]
  0x00007f9efec29800 JavaThread "URL-Loader-7" daemon [_thread_blocked, id=119299, stack(0x00007000084ed000,0x00007000085ed000)]
  0x00007f9efec2a800 JavaThread "URL-Loader-8" daemon [_thread_blocked, id=118787, stack(0x00007000085f0000,0x00007000086f0000)]
  0x00007f9ef5ca7000 JavaThread "URL-Loader-9" daemon [_thread_blocked, id=118275, stack(0x00007000086f3000,0x00007000087f3000)]
  0x00007f9ef5cc3000 JavaThread "URL-Loader-10" daemon [_thread_blocked, id=103939, stack(0x00007000087f6000,0x00007000088f6000)]
  0x00007f9efe029000 JavaThread "URL-Loader-11" daemon [_thread_blocked, id=104451, stack(0x00007000088f9000,0x00007000089f9000)]
  0x00007f9efda09000 JavaThread "URL-Loader-12" daemon [_thread_blocked, id=104963, stack(0x00007000089fc000,0x0000700008afc000)]
  0x00007f9ef6c50000 JavaThread "URL-Loader-13" daemon [_thread_blocked, id=117251, stack(0x0000700008aff000,0x0000700008bff000)]
  0x00007f9efec2b000 JavaThread "URL-Loader-14" daemon [_thread_blocked, id=105987, stack(0x0000700008c02000,0x0000700008d02000)]
  0x00007f9efda09800 JavaThread "URL-Loader-15" daemon [_thread_blocked, id=106243, stack(0x0000700008d05000,0x0000700008e05000)]
  0x00007f9ef5d45800 JavaThread "URL-Loader-16" daemon [_thread_blocked, id=115247, stack(0x0000700008e08000,0x0000700008f08000)]
  0x00007f9efec38800 JavaThread "URL-Loader-17" daemon [_thread_blocked, id=99707, stack(0x0000700008f0b000,0x000070000900b000)]
  0x00007f9ef5d55000 JavaThread "URL-Loader-18" daemon [_thread_blocked, id=107011, stack(0x000070000900e000,0x000070000910e000)]
  0x00007f9efec39800 JavaThread "URL-Loader-19" daemon [_thread_blocked, id=114435, stack(0x0000700009111000,0x0000700009211000)]
  0x00007f9efda10000 JavaThread "URL-Loader-20" daemon [_thread_blocked, id=107547, stack(0x0000700009214000,0x0000700009314000)]
  0x00007f9ef8bb4000 JavaThread "Keep-Alive-Timer" daemon [_thread_blocked, id=115795, stack(0x0000700009317000,0x0000700009417000)]
=>0x00007f9efec30800 JavaThread "Thread-8" daemon [_thread_in_vm, id=112395, stack(0x0000700009626000,0x00007000096a6000)]

Other Threads:
  0x00007f9ef6810800 VMThread "VM Thread" [stack: 0x0000700004ead000,0x0000700004fad000] [id=19971]
  0x00007f9ef8052000 WatcherThread [stack: 0x00007000059d1000,0x0000700005ad1000] [id=42499]
  0x00007f9ef6002800 GCTaskThread "GC Thread#0" [stack: 0x0000700004ba4000,0x0000700004ca4000] [id=20995]
  0x00007f9ef5aba800 GCTaskThread "GC Thread#1" [stack: 0x0000700006707000,0x0000700006807000] [id=64395]
  0x00007f9ef5a92000 GCTaskThread "GC Thread#2" [stack: 0x000070000680a000,0x000070000690a000] [id=68099]
  0x00007f9ef61b9800 GCTaskThread "GC Thread#3" [stack: 0x000070000690d000,0x0000700006a0d000] [id=67843]
  0x00007f9ef9823000 GCTaskThread "GC Thread#4" [stack: 0x0000700006a10000,0x0000700006b10000] [id=64771]
  0x00007f9ef7bc4000 GCTaskThread "GC Thread#5" [stack: 0x0000700006b13000,0x0000700006c13000] [id=67075]
  0x00007f9ef7aa9000 GCTaskThread "GC Thread#6" [stack: 0x0000700006c16000,0x0000700006d16000] [id=65283]
  0x00007f9ef7bcc800 GCTaskThread "GC Thread#7" [stack: 0x0000700006d19000,0x0000700006e19000] [id=66563]
  0x00007f9efe02f800 GCTaskThread "GC Thread#8" [stack: 0x000070000742e000,0x000070000752e000] [id=128783]
  0x00007f9efe032800 GCTaskThread "GC Thread#9" [stack: 0x0000700007531000,0x0000700007631000] [id=128259]
  0x00007f9ef5800800 ConcurrentGCThread "CMS Main Thread" [stack: 0x0000700004daa000,0x0000700004eaa000] [id=20227]
  0x00007f9ef6011800 GCTaskThread "CMS Thread#0" [stack: 0x0000700004ca7000,0x0000700004da7000] [id=11267]
  0x00007f9ef9823800 GCTaskThread "CMS Thread#1" [stack: 0x0000700006e1c000,0x0000700006f1c000] [id=66051]
  0x00007f9ef68e3000 GCTaskThread "CMS Thread#2" [stack: 0x0000700006f1f000,0x000070000701f000] [id=65539]

Threads with active compile tasks:
C2 CompilerThread0  10526 5206       4       sun.security.ec.ECOperations::setDouble (559 bytes)

VM state:not at safepoint (normal execution)

VM Mutex/Monitor currently owned by a thread: None

Heap address: 0x0000000780000000, size: 2048 MB, Compressed Oops mode: Zero based, Oop shift amount: 3
Narrow klass base: 0x0000000800000000, Narrow klass shift: 0
Compressed class space size: 1073741824 Address: 0x0000000800000000

Heap:
 par new generation   total 39296K, used 24135K [0x0000000780000000, 0x0000000782aa0000, 0x00000007aaaa0000)
  eden space 34944K,  56% used [0x0000000780000000, 0x0000000781351d70, 0x0000000782220000)
  from space 4352K, 100% used [0x0000000782220000, 0x0000000782660000, 0x0000000782660000)
  to   space 4352K,   0% used [0x0000000782660000, 0x0000000782660000, 0x0000000782aa0000)
 concurrent mark-sweep generation total 87424K, used 68098K [0x00000007aaaa0000, 0x00000007b0000000, 0x0000000800000000)
 Metaspace       used 44928K, capacity 46311K, committed 46464K, reserved 1089536K
  class space    used 5310K, capacity 5895K, committed 6016K, reserved 1048576K

Card table byte_map: [0x000000010d83b000,0x000000010dc3c000] _byte_map_base: 0x0000000109c3b000

Marking Bits: (CMSBitMap*) 0x00007f9ef6010d30
 Bits: [0x000000010e94a000, 0x000000010fe9f800)

Mod Union Table: (CMSBitMap*) 0x00007f9ef6010dd0
 Bits: [0x000000010fea0000, 0x000000010fef5560)

Polling page: 0x000000010b071000

Metaspace:

Usage:
  Non-class:     39.47 MB capacity,    38.69 MB ( 98%) used,   648.96 KB (  2%) free+waste,   148.50 KB ( <1%) overhead. 
      Class:      5.76 MB capacity,     5.19 MB ( 90%) used,   510.49 KB (  9%) free+waste,    74.06 KB (  1%) overhead. 
       Both:     45.23 MB capacity,    43.88 MB ( 97%) used,     1.13 MB (  3%) free+waste,   222.56 KB ( <1%) overhead. 

Virtual space:
  Non-class space:       40.00 MB reserved,      39.50 MB ( 99%) committed 
      Class space:        1.00 GB reserved,       5.88 MB ( <1%) committed 
             Both:        1.04 GB reserved,      45.38 MB (  4%) committed 

Chunk freelists:
   Non-Class:  32.00 KB
       Class:  0 bytes
        Both:  32.00 KB

MaxMetaspaceSize: unlimited
CompressedClassSpaceSize: 1.00 GB

CodeHeap 'non-profiled nmethods': size=120036Kb used=2007Kb max_used=2157Kb free=118028Kb
 bounds [0x0000000122477000, 0x00000001226e7000, 0x00000001299b0000]
CodeHeap 'profiled nmethods': size=120032Kb used=10330Kb max_used=10595Kb free=109701Kb
 bounds [0x000000011af3f000, 0x000000011b99f000, 0x0000000122477000]
CodeHeap 'non-nmethods': size=5692Kb used=1535Kb max_used=1554Kb free=4156Kb
 bounds [0x000000011a9b0000, 0x000000011ac20000, 0x000000011af3f000]
 total_blobs=7733 nmethods=5119 adapters=988
 compilation: enabled
              stopped_count=0, restarted_count=0
 full_count=0

Compilation events (20 events):
Event: 10.418 Thread 0x00007f9ef6831000 5454       2       com.codename1.impl.javase.JavaSEPort$C::drawScreenBuffer (922 bytes)
Event: 10.421 Thread 0x00007f9ef6831000 nmethod 5454 0x000000011b281190 code [0x000000011b2817c0, 0x000000011b2831e8]
Event: 10.421 Thread 0x00007f9ef6831000 5455       2       sun.java2d.opengl.OGLSwToSurfaceBlit::Blit (48 bytes)
Event: 10.421 Thread 0x00007f9ef6831000 nmethod 5455 0x000000011b1b5810 code [0x000000011b1b59c0, 0x000000011b1b5be8]
Event: 10.457 Thread 0x00007f9ef6831000 5456       2       com.sun.scenario.animation.AnimationPulse::getDefaultBean (4 bytes)
Event: 10.457 Thread 0x00007f9ef6831000 nmethod 5456 0x000000011b1b5490 code [0x000000011b1b5640, 0x000000011b1b5770]
Event: 10.457 Thread 0x00007f9ef6831000 5457       2       com.sun.scenario.animation.AnimationPulse$AnimationPulseHolder::access$000 (4 bytes)
Event: 10.457 Thread 0x00007f9ef6831000 nmethod 5457 0x000000011b1b4f90 code [0x000000011b1b5140, 0x000000011b1b5270]
Event: 10.461 Thread 0x00007f9ef6831000 5458       2       com.codename1.ui.FontImage::drawImage (294 bytes)
Event: 10.462 Thread 0x00007f9ef6831000 nmethod 5458 0x000000011b1f5690 code [0x000000011b1f5960, 0x000000011b1f63a8]
Event: 10.487 Thread 0x00007f9ef6831000 5459       2       com.codename1.ui.Component::deregisterAnimatedInternal (15 bytes)
Event: 10.487 Thread 0x00007f9ef6831000 nmethod 5459 0x000000011b1b8110 code [0x000000011b1b82e0, 0x000000011b1b84b8]
Event: 10.493 Thread 0x00007f9ef6831000 5460       1       com.codename1.ui.List::getModel (5 bytes)
Event: 10.493 Thread 0x00007f9ef6831000 nmethod 5460 0x00000001224e5590 code [0x00000001224e5740, 0x00000001224e5850]
Event: 10.495 Thread 0x00007f9ef6831000 5461 %     3       sun.security.provider.ByteArrayAccess::i2bBig @ 54 (204 bytes)
Event: 10.495 Thread 0x00007f9ef6831000 nmethod 5461% 0x000000011b1b9090 code [0x000000011b1b9280, 0x000000011b1b97c8]
Event: 10.508 Thread 0x00007f9ef6831000 5462       2       com.codename1.ui.plaf.DefaultLookAndFeel::drawLabelText (280 bytes)
Event: 10.509 Thread 0x00007f9ef6831000 nmethod 5462 0x000000011b20a990 code [0x000000011b20ac40, 0x000000011b20b698]
Event: 10.509 Thread 0x00007f9ef6831000 5463       2       com.codename1.impl.javase.JavaSEPort::drawingEncodedImage (43 bytes)
Event: 10.509 Thread 0x00007f9ef6831000 nmethod 5463 0x000000011b204010 code [0x000000011b204220, 0x000000011b2045f8]

GC Heap History (20 events):
Event: 2.094 GC heap before
{Heap before GC invocations=2 (full 0):
 par new generation   total 39296K, used 37389K [0x0000000780000000, 0x0000000782aa0000, 0x00000007aaaa0000)
  eden space 34944K, 100% used [0x0000000780000000, 0x0000000782220000, 0x0000000782220000)
  from space 4352K,  56% used [0x0000000782220000, 0x00000007824836f0, 0x0000000782660000)
  to   space 4352K,   0% used [0x0000000782660000, 0x0000000782660000, 0x0000000782aa0000)
 concurrent mark-sweep generation total 87424K, used 27486K [0x00000007aaaa0000, 0x00000007b0000000, 0x0000000800000000)
 Metaspace       used 17966K, capacity 18503K, committed 18816K, reserved 1067008K
  class space    used 1940K, capacity 2126K, committed 2176K, reserved 1048576K
}
Event: 2.103 GC heap after
{Heap after GC invocations=3 (full 0):
 par new generation   total 39296K, used 705K [0x0000000780000000, 0x0000000782aa0000, 0x00000007aaaa0000)
  eden space 34944K,   0% used [0x0000000780000000, 0x0000000780000000, 0x0000000782220000)
  from space 4352K,  16% used [0x0000000782660000, 0x0000000782710480, 0x0000000782aa0000)
  to   space 4352K,   0% used [0x0000000782220000, 0x0000000782220000, 0x0000000782660000)
 concurrent mark-sweep generation total 87424K, used 49910K [0x00000007aaaa0000, 0x00000007b0000000, 0x0000000800000000)
 Metaspace       used 17966K, capacity 18503K, committed 18816K, reserved 1067008K
  class space    used 1940K, capacity 2126K, committed 2176K, reserved 1048576K
}
Event: 2.568 GC heap before
{Heap before GC invocations=3 (full 1):
 par new generation   total 39296K, used 24772K [0x0000000780000000, 0x0000000782aa0000, 0x00000007aaaa0000)
  eden space 34944K,  68% used [0x0000000780000000, 0x0000000781780d38, 0x0000000782220000)
  from space 4352K,  16% used [0x0000000782660000, 0x0000000782710480, 0x0000000782aa0000)
  to   space 4352K,   0% used [0x0000000782220000, 0x0000000782220000, 0x0000000782660000)
 concurrent mark-sweep generation total 87424K, used 49878K [0x00000007aaaa0000, 0x00000007b0000000, 0x0000000800000000)
 Metaspace       used 17979K, capacity 18503K, committed 18816K, reserved 1067008K
  class space    used 1940K, capacity 2126K, committed 2176K, reserved 1048576K
}
Event: 2.569 GC heap after
{Heap after GC invocations=4 (full 1):
 par new generation   total 39296K, used 677K [0x0000000780000000, 0x0000000782aa0000, 0x00000007aaaa0000)
  eden space 34944K,   0% used [0x0000000780000000, 0x0000000780000000, 0x0000000782220000)
  from space 4352K,  15% used [0x0000000782220000, 0x00000007822c9430, 0x0000000782660000)
  to   space 4352K,   0% used [0x0000000782660000, 0x0000000782660000, 0x0000000782aa0000)
 concurrent mark-sweep generation total 87424K, used 49878K [0x00000007aaaa0000, 0x00000007b0000000, 0x0000000800000000)
 Metaspace       used 17979K, capacity 18503K, committed 18816K, reserved 1067008K
  class space    used 1940K, capacity 2126K, committed 2176K, reserved 1048576K
}
Event: 3.061 GC heap before
{Heap before GC invocations=4 (full 1):
 par new generation   total 39296K, used 26533K [0x0000000780000000, 0x0000000782aa0000, 0x00000007aaaa0000)
  eden space 34944K,  73% used [0x0000000780000000, 0x0000000781940228, 0x0000000782220000)
  from space 4352K,  15% used [0x0000000782220000, 0x00000007822c9430, 0x0000000782660000)
  to   space 4352K,   0% used [0x0000000782660000, 0x0000000782660000, 0x0000000782aa0000)
 concurrent mark-sweep generation total 87424K, used 49878K [0x00000007aaaa0000, 0x00000007b0000000, 0x0000000800000000)
 Metaspace       used 22071K, capacity 22666K, committed 22912K, reserved 1069056K
  class space    used 2424K, capacity 2628K, committed 2688K, reserved 1048576K
}
Event: 3.064 GC heap after
{Heap after GC invocations=5 (full 1):
 par new generation   total 39296K, used 4352K [0x0000000780000000, 0x0000000782aa0000, 0x00000007aaaa0000)
  eden space 34944K,   0% used [0x0000000780000000, 0x0000000780000000, 0x0000000782220000)
  from space 4352K, 100% used [0x0000000782660000, 0x0000000782aa0000, 0x0000000782aa0000)
  to   space 4352K,   0% used [0x0000000782220000, 0x0000000782220000, 0x0000000782660000)
 concurrent mark-sweep generation total 87424K, used 54634K [0x00000007aaaa0000, 0x00000007b0000000, 0x0000000800000000)
 Metaspace       used 22071K, capacity 22666K, committed 22912K, reserved 1069056K
  class space    used 2424K, capacity 2628K, committed 2688K, reserved 1048576K
}
Event: 6.039 GC heap before
{Heap before GC invocations=5 (full 1):
 par new generation   total 39296K, used 39286K [0x0000000780000000, 0x0000000782aa0000, 0x00000007aaaa0000)
  eden space 34944K,  99% used [0x0000000780000000, 0x000000078221da60, 0x0000000782220000)
  from space 4352K, 100% used [0x0000000782660000, 0x0000000782aa0000, 0x0000000782aa0000)
  to   space 4352K,   0% used [0x0000000782220000, 0x0000000782220000, 0x0000000782660000)
 concurrent mark-sweep generation total 87424K, used 54634K [0x00000007aaaa0000, 0x00000007b0000000, 0x0000000800000000)
 Metaspace       used 23562K, capacity 24177K, committed 24576K, reserved 1071104K
  class space    used 2514K, capacity 2726K, committed 2816K, reserved 1048576K
}
Event: 6.044 GC heap after
{Heap after GC invocations=6 (full 1):
 par new generation   total 39296K, used 4297K [0x0000000780000000, 0x0000000782aa0000, 0x00000007aaaa0000)
  eden space 34944K,   0% used [0x0000000780000000, 0x0000000780000000, 0x0000000782220000)
  from space 4352K,  98% used [0x0000000782220000, 0x00000007826524f8, 0x0000000782660000)
  to   space 4352K,   0% used [0x0000000782660000, 0x0000000782660000, 0x0000000782aa0000)
 concurrent mark-sweep generation total 87424K, used 58545K [0x00000007aaaa0000, 0x00000007b0000000, 0x0000000800000000)
 Metaspace       used 23562K, capacity 24177K, committed 24576K, reserved 1071104K
  class space    used 2514K, capacity 2726K, committed 2816K, reserved 1048576K
}
Event: 6.264 GC heap before
{Heap before GC invocations=6 (full 1):
 par new generation   total 39296K, used 39241K [0x0000000780000000, 0x0000000782aa0000, 0x00000007aaaa0000)
  eden space 34944K, 100% used [0x0000000780000000, 0x0000000782220000, 0x0000000782220000)
  from space 4352K,  98% used [0x0000000782220000, 0x00000007826524f8, 0x0000000782660000)
  to   space 4352K,   0% used [0x0000000782660000, 0x0000000782660000, 0x0000000782aa0000)
 concurrent mark-sweep generation total 87424K, used 58545K [0x00000007aaaa0000, 0x00000007b0000000, 0x0000000800000000)
 Metaspace       used 24819K, capacity 25462K, committed 25856K, reserved 1073152K
  class space    used 2748K, capacity 2984K, committed 3072K, reserved 1048576K
}
Event: 6.267 GC heap after
{Heap after GC invocations=7 (full 1):
 par new generation   total 39296K, used 4253K [0x0000000780000000, 0x0000000782aa0000, 0x00000007aaaa0000)
  eden space 34944K,   0% used [0x0000000780000000, 0x0000000780000000, 0x0000000782220000)
  from space 4352K,  97% used [0x0000000782660000, 0x0000000782a876d0, 0x0000000782aa0000)
  to   space 4352K,   0% used [0x0000000782220000, 0x0000000782220000, 0x0000000782660000)
 concurrent mark-sweep generation total 87424K, used 65036K [0x00000007aaaa0000, 0x00000007b0000000, 0x0000000800000000)
 Metaspace       used 24819K, capacity 25462K, committed 25856K, reserved 1073152K
  class space    used 2748K, capacity 2984K, committed 3072K, reserved 1048576K
}
Event: 8.076 GC heap before
{Heap before GC invocations=7 (full 1):
 par new generation   total 39296K, used 39197K [0x0000000780000000, 0x0000000782aa0000, 0x00000007aaaa0000)
  eden space 34944K, 100% used [0x0000000780000000, 0x0000000782220000, 0x0000000782220000)
  from space 4352K,  97% used [0x0000000782660000, 0x0000000782a876d0, 0x0000000782aa0000)
  to   space 4352K,   0% used [0x0000000782220000, 0x0000000782220000, 0x0000000782660000)
 concurrent mark-sweep generation total 87424K, used 65036K [0x00000007aaaa0000, 0x00000007b0000000, 0x0000000800000000)
 Metaspace       used 28915K, capacity 29700K, committed 29952K, reserved 1075200K
  class space    used 3180K, capacity 3484K, committed 3584K, reserved 1048576K
}
Event: 8.083 GC heap after
{Heap after GC invocations=8 (full 1):
 par new generation   total 39296K, used 4352K [0x0000000780000000, 0x0000000782aa0000, 0x00000007aaaa0000)
  eden space 34944K,   0% used [0x0000000780000000, 0x0000000780000000, 0x0000000782220000)
  from space 4352K, 100% used [0x0000000782220000, 0x0000000782660000, 0x0000000782660000)
  to   space 4352K,   0% used [0x0000000782660000, 0x0000000782660000, 0x0000000782aa0000)
 concurrent mark-sweep generation total 87424K, used 76083K [0x00000007aaaa0000, 0x00000007b0000000, 0x0000000800000000)
 Metaspace       used 28915K, capacity 29700K, committed 29952K, reserved 1075200K
  class space    used 3180K, capacity 3484K, committed 3584K, reserved 1048576K
}
Event: 8.662 GC heap before
{Heap before GC invocations=8 (full 2):
 par new generation   total 39296K, used 39296K [0x0000000780000000, 0x0000000782aa0000, 0x00000007aaaa0000)
  eden space 34944K, 100% used [0x0000000780000000, 0x0000000782220000, 0x0000000782220000)
  from space 4352K, 100% used [0x0000000782220000, 0x0000000782660000, 0x0000000782660000)
  to   space 4352K,   0% used [0x0000000782660000, 0x0000000782660000, 0x0000000782aa0000)
 concurrent mark-sweep generation total 87424K, used 49541K [0x00000007aaaa0000, 0x00000007b0000000, 0x0000000800000000)
 Metaspace       used 36132K, capacity 37154K, committed 37376K, reserved 1081344K
  class space    used 4355K, capacity 4750K, committed 4864K, reserved 1048576K
}
Event: 8.666 GC heap after
{Heap after GC invocations=9 (full 2):
 par new generation   total 39296K, used 3247K [0x0000000780000000, 0x0000000782aa0000, 0x00000007aaaa0000)
  eden space 34944K,   0% used [0x0000000780000000, 0x0000000780000000, 0x0000000782220000)
  from space 4352K,  74% used [0x0000000782660000, 0x000000078298bd10, 0x0000000782aa0000)
  to   space 4352K,   0% used [0x0000000782220000, 0x0000000782220000, 0x0000000782660000)
 concurrent mark-sweep generation total 87424K, used 53804K [0x00000007aaaa0000, 0x00000007b0000000, 0x0000000800000000)
 Metaspace       used 36132K, capacity 37154K, committed 37376K, reserved 1081344K
  class space    used 4355K, capacity 4750K, committed 4864K, reserved 1048576K
}
Event: 9.093 GC heap before
{Heap before GC invocations=9 (full 2):
 par new generation   total 39296K, used 38191K [0x0000000780000000, 0x0000000782aa0000, 0x00000007aaaa0000)
  eden space 34944K, 100% used [0x0000000780000000, 0x0000000782220000, 0x0000000782220000)
  from space 4352K,  74% used [0x0000000782660000, 0x000000078298bd10, 0x0000000782aa0000)
  to   space 4352K,   0% used [0x0000000782220000, 0x0000000782220000, 0x0000000782660000)
 concurrent mark-sweep generation total 87424K, used 53804K [0x00000007aaaa0000, 0x00000007b0000000, 0x0000000800000000)
 Metaspace       used 42911K, capacity 44112K, committed 44416K, reserved 1087488K
  class space    used 5149K, capacity 5657K, committed 5760K, reserved 1048576K
}
Event: 9.098 GC heap after
{Heap after GC invocations=10 (full 2):
 par new generation   total 39296K, used 4352K [0x0000000780000000, 0x0000000782aa0000, 0x00000007aaaa0000)
  eden space 34944K,   0% used [0x0000000780000000, 0x0000000780000000, 0x0000000782220000)
  from space 4352K, 100% used [0x0000000782220000, 0x0000000782660000, 0x0000000782660000)
  to   space 4352K,   0% used [0x0000000782660000, 0x0000000782660000, 0x0000000782aa0000)
 concurrent mark-sweep generation total 87424K, used 56641K [0x00000007aaaa0000, 0x00000007b0000000, 0x0000000800000000)
 Metaspace       used 42911K, capacity 44112K, committed 44416K, reserved 1087488K
  class space    used 5149K, capacity 5657K, committed 5760K, reserved 1048576K
}
Event: 9.392 GC heap before
{Heap before GC invocations=10 (full 2):
 par new generation   total 39296K, used 39296K [0x0000000780000000, 0x0000000782aa0000, 0x00000007aaaa0000)
  eden space 34944K, 100% used [0x0000000780000000, 0x0000000782220000, 0x0000000782220000)
  from space 4352K, 100% used [0x0000000782220000, 0x0000000782660000, 0x0000000782660000)
  to   space 4352K,   0% used [0x0000000782660000, 0x0000000782660000, 0x0000000782aa0000)
 concurrent mark-sweep generation total 87424K, used 56936K [0x00000007aaaa0000, 0x00000007b0000000, 0x0000000800000000)
 Metaspace       used 43907K, capacity 45193K, committed 45440K, reserved 1089536K
  class space    used 5226K, capacity 5758K, committed 5760K, reserved 1048576K
}
Event: 9.398 GC heap after
{Heap after GC invocations=11 (full 2):
 par new generation   total 39296K, used 4352K [0x0000000780000000, 0x0000000782aa0000, 0x00000007aaaa0000)
  eden space 34944K,   0% used [0x0000000780000000, 0x0000000780000000, 0x0000000782220000)
  from space 4352K, 100% used [0x0000000782660000, 0x0000000782aa0000, 0x0000000782aa0000)
  to   space 4352K,   0% used [0x0000000782220000, 0x0000000782220000, 0x0000000782660000)
 concurrent mark-sweep generation total 87424K, used 60834K [0x00000007aaaa0000, 0x00000007b0000000, 0x0000000800000000)
 Metaspace       used 43907K, capacity 45193K, committed 45440K, reserved 1089536K
  class space    used 5226K, capacity 5758K, committed 5760K, reserved 1048576K
}
Event: 9.992 GC heap before
{Heap before GC invocations=11 (full 2):
 par new generation   total 39296K, used 39296K [0x0000000780000000, 0x0000000782aa0000, 0x00000007aaaa0000)
  eden space 34944K, 100% used [0x0000000780000000, 0x0000000782220000, 0x0000000782220000)
  from space 4352K, 100% used [0x0000000782660000, 0x0000000782aa0000, 0x0000000782aa0000)
  to   space 4352K,   0% used [0x0000000782220000, 0x0000000782220000, 0x0000000782660000)
 concurrent mark-sweep generation total 87424K, used 60834K [0x00000007aaaa0000, 0x00000007b0000000, 0x0000000800000000)
 Metaspace       used 44504K, capacity 45814K, committed 46080K, reserved 1089536K
  class space    used 5264K, capacity 5773K, committed 5888K, reserved 1048576K
}
Event: 9.994 GC heap after
{Heap after GC invocations=12 (full 2):
 par new generation   total 39296K, used 4352K [0x0000000780000000, 0x0000000782aa0000, 0x00000007aaaa0000)
  eden space 34944K,   0% used [0x0000000780000000, 0x0000000780000000, 0x0000000782220000)
  from space 4352K, 100% used [0x0000000782220000, 0x0000000782660000, 0x0000000782660000)
  to   space 4352K,   0% used [0x0000000782660000, 0x0000000782660000, 0x0000000782aa0000)
 concurrent mark-sweep generation total 87424K, used 68098K [0x00000007aaaa0000, 0x00000007b0000000, 0x0000000800000000)
 Metaspace       used 44504K, capacity 45814K, committed 46080K, reserved 1089536K
  class space    used 5264K, capacity 5773K, committed 5888K, reserved 1048576K
}

Deoptimization events (20 events):
Event: 10.036 Thread 0x00007f9ef88bf000 DEOPT PACKING pc=0x000000011b4bc823 sp=0x0000700007222d50
Event: 10.036 Thread 0x00007f9ef88bf000 DEOPT UNPACKING pc=0x000000011a9d813a sp=0x00007000072221f8 mode 0
Event: 10.039 Thread 0x00007f9ef88bf000 DEOPT PACKING pc=0x000000011b4bc823 sp=0x0000700007222d50
Event: 10.039 Thread 0x00007f9ef88bf000 DEOPT UNPACKING pc=0x000000011a9d813a sp=0x00007000072221f8 mode 0
Event: 10.041 Thread 0x00007f9ef88bf000 DEOPT PACKING pc=0x000000011b4bc823 sp=0x0000700007222d50
Event: 10.041 Thread 0x00007f9ef88bf000 DEOPT UNPACKING pc=0x000000011a9d813a sp=0x00007000072221f8 mode 0
Event: 10.044 Thread 0x00007f9ef5d45800 DEOPT PACKING pc=0x000000011b72076f sp=0x0000700008f04c60
Event: 10.044 Thread 0x00007f9ef5d45800 DEOPT UNPACKING pc=0x000000011a9d813a sp=0x0000700008f04108 mode 0
Event: 10.056 Thread 0x00007f9ef5d55000 DEOPT PACKING pc=0x000000011b72076f sp=0x000070000910ac60
Event: 10.056 Thread 0x00007f9ef5d55000 DEOPT UNPACKING pc=0x000000011a9d813a sp=0x000070000910a108 mode 0
Event: 10.067 Thread 0x00007f9efec29800 DEOPT PACKING pc=0x000000011b72076f sp=0x00007000085e9c60
Event: 10.067 Thread 0x00007f9efec29800 DEOPT UNPACKING pc=0x000000011a9d813a sp=0x00007000085e9108 mode 0
Event: 10.077 Thread 0x00007f9ef5cc3000 DEOPT PACKING pc=0x000000011b72076f sp=0x00007000088f2c60
Event: 10.077 Thread 0x00007f9ef5cc3000 DEOPT UNPACKING pc=0x000000011a9d813a sp=0x00007000088f2108 mode 0
Event: 10.142 Thread 0x00007f9ef7873000 Uncommon trap: trap_request=0xffffff4d fr.pc=0x00000001225e793c relative=0x000000000000007c
Event: 10.142 Thread 0x00007f9ef7873000 Uncommon trap: reason=unstable_if action=reinterpret pc=0x00000001225e793c method=java.lang.Math.min(DD)D @ 17 c2
Event: 10.142 Thread 0x00007f9ef7873000 DEOPT PACKING pc=0x00000001225e793c sp=0x00007ffee4c00d10
Event: 10.142 Thread 0x00007f9ef7873000 DEOPT UNPACKING pc=0x000000011a9d8325 sp=0x00007ffee4c00cd0 mode 2
Event: 10.388 Thread 0x00007f9ef88bf000 DEOPT PACKING pc=0x000000011b23141c sp=0x0000700007222970
Event: 10.388 Thread 0x00007f9ef88bf000 DEOPT UNPACKING pc=0x000000011a9d813a sp=0x0000700007221e70 mode 0

Classes redefined (0 events):
No events

Internal exceptions (20 events):
Event: 8.672 Thread 0x00007f9ef7873000 Exception <a 'java/lang/NoSuchMethodError'{0x00000007801b1968}: 'java.lang.Object java.lang.invoke.DelegatingMethodHandle$Holder.reinvoke_L(java.lang.Object, int, int, int, long, int, java.lang.Object, java.lang.Object, java.lang.Object, int)'> (0x0000000
Event: 8.673 Thread 0x00007f9ef7873000 Exception <a 'java/lang/NoSuchMethodError'{0x00000007801b9568}: 'java.lang.Object java.lang.invoke.DirectMethodHandle$Holder.invokeStatic(java.lang.Object, java.lang.Object, java.lang.Object, java.lang.Object, java.lang.Object, int)'> (0x00000007801b9568)
Event: 8.681 Thread 0x00007f9ef7873000 Exception <a 'java/lang/NoSuchMethodError'{0x00000007802965a8}: 'java.lang.Object java.lang.invoke.DelegatingMethodHandle$Holder.reinvoke_L(java.lang.Object, java.lang.Object, long)'> (0x00000007802965a8) thrown at [/corretto/workspace/corretto11-repo/ins
Event: 8.733 Thread 0x00007f9efeb80800 Exception <a 'java/lang/NoSuchMethodError'{0x0000000780483750}: 'int java.lang.invoke.DirectMethodHandle$Holder.invokeSpecialIFC(java.lang.Object, java.lang.Object, int)'> (0x0000000780483750) thrown at [/corretto/workspace/corretto11-repo/installers/mac/
Event: 8.742 Thread 0x00007f9efeb80800 Exception <a 'java/lang/NoSuchMethodError'{0x00000007804c6e70}: 'int java.lang.invoke.DirectMethodHandle$Holder.invokeStaticInit(java.lang.Object, java.lang.Object, java.lang.Object, java.lang.Object)'> (0x00000007804c6e70) thrown at [/corretto/workspace/
Event: 8.743 Thread 0x00007f9efeb80800 Exception <a 'java/lang/IncompatibleClassChangeError'{0x0000000780524e60}: Found class java.lang.Object, but interface was expected> (0x0000000780524e60) thrown at [/corretto/workspace/corretto11-repo/installers/mac/tar/corretto-build/buildRoot/src/src/ho
Event: 9.088 Thread 0x00007f9ef7873000 Exception <a 'java/lang/NoSuchMethodError'{0x00000007820a1bd8}: 'java.lang.Object java.lang.invoke.DelegatingMethodHandle$Holder.reinvoke_L(java.lang.Object, java.lang.Object, int, int, long, int, int, java.lang.Object, java.lang.Object, int)'> (0x0000000
Event: 9.090 Thread 0x00007f9ef7873000 Exception <a 'java/lang/NoSuchMethodError'{0x00000007820ff4d8}: 'java.lang.Object java.lang.invoke.DirectMethodHandle$Holder.invokeSpecial(java.lang.Object, java.lang.Object, int, int, int, long, int, int, java.lang.Object, java.lang.Object, int)'> (0x000
Event: 9.090 Thread 0x00007f9ef7873000 Exception <a 'java/lang/NoSuchMethodError'{0x0000000782102c78}: 'java.lang.Object java.lang.invoke.DelegatingMethodHandle$Holder.reinvoke_L(java.lang.Object, int, int, int, long, int, int, java.lang.Object, java.lang.Object, int)'> (0x0000000782102c78) th
Event: 9.753 Thread 0x00007f9ef7873000 Exception <a 'java/io/FileNotFoundException'{0x0000000780f41118}> (0x0000000780f41118) thrown at [/corretto/workspace/corretto11-repo/installers/mac/tar/corretto-build/buildRoot/src/src/hotspot/share/prims/jni.cpp, line 615]
Event: 9.753 Thread 0x00007f9ef7873000 Exception <a 'java/io/FileNotFoundException'{0x0000000780f44618}> (0x0000000780f44618) thrown at [/corretto/workspace/corretto11-repo/installers/mac/tar/corretto-build/buildRoot/src/src/hotspot/share/prims/jni.cpp, line 615]
Event: 9.753 Thread 0x00007f9ef7873000 Exception <a 'java/io/FileNotFoundException'{0x0000000780f45588}> (0x0000000780f45588) thrown at [/corretto/workspace/corretto11-repo/installers/mac/tar/corretto-build/buildRoot/src/src/hotspot/share/prims/jni.cpp, line 615]
Event: 9.754 Thread 0x00007f9ef7873000 Exception <a 'java/io/FileNotFoundException'{0x0000000780f8f7c0}> (0x0000000780f8f7c0) thrown at [/corretto/workspace/corretto11-repo/installers/mac/tar/corretto-build/buildRoot/src/src/hotspot/share/prims/jni.cpp, line 615]
Event: 10.222 Thread 0x00007f9ef7873000 Exception <a 'java/lang/NoSuchMethodError'{0x0000000780cdf290}: 'java.lang.Object java.lang.invoke.DirectMethodHandle$Holder.invokeStatic(java.lang.Object, java.lang.Object, java.lang.Object, java.lang.Object, java.lang.Object, java.lang.Object, java.lang
Event: 10.296 Thread 0x00007f9ef7873000 Exception <a 'java/lang/NoSuchMethodError'{0x0000000780fd4890}: 'java.lang.Object java.lang.invoke.DirectMethodHandle$Holder.invokeSpecial(java.lang.Object, java.lang.Object, int, int, int, java.lang.Object, int, java.lang.Object)'> (0x0000000780fd4890) t
Event: 10.296 Thread 0x00007f9ef7873000 Exception <a 'java/lang/NoSuchMethodError'{0x0000000780fd7dc8}: 'java.lang.Object java.lang.invoke.DelegatingMethodHandle$Holder.reinvoke_L(java.lang.Object, int, int, int, java.lang.Object, int, java.lang.Object)'> (0x0000000780fd7dc8) thrown at [/corret
Event: 10.297 Thread 0x00007f9ef7873000 Exception <a 'java/lang/NoSuchMethodError'{0x000000078100e060}: 'java.lang.Object java.lang.invoke.DirectMethodHandle$Holder.invokeSpecial(java.lang.Object, java.lang.Object, java.lang.Object, int, java.lang.Object)'> (0x000000078100e060) thrown at [/corr
Event: 10.297 Thread 0x00007f9ef7873000 Exception <a 'java/lang/NoSuchMethodError'{0x0000000781010e20}: 'java.lang.Object java.lang.invoke.Invokers$Holder.linkToTargetMethod(java.lang.Object, int, java.lang.Object, java.lang.Object)'> (0x0000000781010e20) thrown at [/corretto/workspace/corretto
Event: 10.511 Thread 0x00007f9efec30800 Exception <a 'java/lang/NoClassDefFoundError'{0x0000000781328ff0}: com/sun/webkit/FileSystem> (0x0000000781328ff0) thrown at [/corretto/workspace/corretto11-repo/installers/mac/tar/corretto-build/buildRoot/src/src/hotspot/share/classfile/systemDictionary.
Event: 10.511 Thread 0x00007f9efec30800 Exception <a 'java/lang/NoSuchMethodError'{0x0000000781329300}: fwkMakeAllDirectories> (0x0000000781329300) thrown at [/corretto/workspace/corretto11-repo/installers/mac/tar/corretto-build/buildRoot/src/src/hotspot/share/prims/jni.cpp, line 1331]

Events (20 events):
Event: 10.249 Thread 0x00007f9ef580d800 flushing nmethod 0x000000011b31ca10
Event: 10.249 Thread 0x00007f9ef580d800 flushing nmethod 0x000000011b322c90
Event: 10.249 Thread 0x00007f9ef580d800 flushing nmethod 0x000000011b324910
Event: 10.249 Thread 0x00007f9ef580d800 flushing nmethod 0x000000011b325810
Event: 10.249 Thread 0x00007f9ef580d800 flushing nmethod 0x000000011b328990
Event: 10.249 Thread 0x00007f9ef580d800 flushing nmethod 0x000000011b384410
Event: 10.249 Thread 0x00007f9ef580d800 flushing nmethod 0x000000011b4ba310
Event: 10.249 Thread 0x00007f9ef580d800 flushing nmethod 0x000000011b4bcf90
Event: 10.297 Executing VM operation: RevokeBias
Event: 10.297 Executing VM operation: RevokeBias done
Event: 10.313 Thread 0x00007f9efda04000 Thread added: 0x00007f9efda04000
Event: 10.313 Protecting memory [0x0000700009626000,0x000070000962a000] with protection modes 0
Event: 10.313 Executing VM operation: RevokeBias
Event: 10.314 Executing VM operation: RevokeBias done
Event: 10.314 Protecting memory [0x0000700009626000,0x000070000962a000] with protection modes 3
Event: 10.314 Thread 0x00007f9efda04000 Thread exited: 0x00007f9efda04000
Event: 10.510 Protecting memory [0x0000700009626000,0x000070000962a000] with protection modes 0
Event: 10.510 Thread 0x00007f9efec30800 Thread added: 0x00007f9efec30800
Event: 10.511 loading class com/sun/webkit/FileSystem
Event: 10.511 loading class com/sun/webkit/FileSystem done


Dynamic libraries:
0x00007fff36b65000 	/System/Library/Frameworks/Cocoa.framework/Versions/A/Cocoa
0x00007fff44131000 	/System/Library/Frameworks/Security.framework/Versions/A/Security
0x00007fff35af0000 	/System/Library/Frameworks/ApplicationServices.framework/Versions/A/ApplicationServices
0x00007fff6e516000 	/usr/lib/libz.1.dylib
0x000000010affe000 	/Library/Java/JavaVirtualMachines/amazon-corretto-11.jdk/Contents/Home/lib/jli/libjli.dylib
0x00007fff6bfe9000 	/usr/lib/libSystem.B.dylib
0x00007fff34ce5000 	/System/Library/Frameworks/AppKit.framework/Versions/C/AppKit
0x00007fff375e8000 	/System/Library/Frameworks/CoreData.framework/Versions/A/CoreData
0x00007fff3a1a0000 	/System/Library/Frameworks/Foundation.framework/Versions/C/Foundation
0x00007fff68894000 	/System/Library/PrivateFrameworks/UIFoundation.framework/Versions/A/UIFoundation
0x00007fff6307f000 	/System/Library/PrivateFrameworks/RemoteViewServices.framework/Versions/A/RemoteViewServices
0x00007fff6b324000 	/System/Library/PrivateFrameworks/XCTTargetBootstrap.framework/Versions/A/XCTTargetBootstrap
0x00007fff379cb000 	/System/Library/Frameworks/CoreDisplay.framework/Versions/A/CoreDisplay
0x00007fff3cf18000 	/System/Library/Frameworks/Metal.framework/Versions/A/Metal
0x00007fff514a0000 	/System/Library/PrivateFrameworks/DesktopServicesPriv.framework/Versions/A/DesktopServicesPriv
0x00007fff6d11f000 	/usr/lib/liblangid.dylib
0x00007fff505f7000 	/System/Library/PrivateFrameworks/CoreSVG.framework/Versions/A/CoreSVG
0x00007fff65e41000 	/System/Library/PrivateFrameworks/SkyLight.framework/Versions/A/SkyLight
0x00007fff37f5d000 	/System/Library/Frameworks/CoreGraphics.framework/Versions/A/CoreGraphics
0x00007fff33884000 	/System/Library/Frameworks/Accelerate.framework/Versions/A/Accelerate
0x00007fff6e407000 	/usr/lib/libxml2.2.dylib
0x00007fff5c1be000 	/System/Library/PrivateFrameworks/IconServices.framework/Versions/A/IconServices
0x00007fff3a984000 	/System/Library/Frameworks/IOSurface.framework/Versions/A/IOSurface
0x00007fff6bb21000 	/usr/lib/libDiagnosticMessagesClient.dylib
0x00007fff51319000 	/System/Library/PrivateFrameworks/DFRFoundation.framework/Versions/A/DFRFoundation
0x00007fff6cead000 	/usr/lib/libicucore.A.dylib
0x00007fff35e22000 	/System/Library/Frameworks/AudioToolbox.framework/Versions/A/AudioToolbox
0x00007fff35f04000 	/System/Library/Frameworks/AudioUnit.framework/Versions/A/AudioUnit
0x00007fff6c1ea000 	/usr/lib/libauto.dylib
0x00007fff5139a000 	/System/Library/PrivateFrameworks/DataDetectorsCore.framework/Versions/A/DataDetectorsCore
0x00007fff36685000 	/System/Library/Frameworks/Carbon.framework/Versions/A/Frameworks/HIToolbox.framework/Versions/A/HIToolbox
0x00007fff43363000 	/System/Library/Frameworks/QuartzCore.framework/Versions/A/QuartzCore
0x00007fff369c4000 	/System/Library/Frameworks/Carbon.framework/Versions/A/Frameworks/SpeechRecognition.framework/Versions/A/SpeechRecognition
0x00007fff50c9f000 	/System/Library/PrivateFrameworks/CoreUI.framework/Versions/A/CoreUI
0x00007fff3704e000 	/System/Library/Frameworks/CoreAudio.framework/Versions/A/CoreAudio
0x00007fff39e68000 	/System/Library/Frameworks/DiskArbitration.framework/Versions/A/DiskArbitration
0x00007fff5e1d2000 	/System/Library/PrivateFrameworks/MultitouchSupport.framework/Versions/A/MultitouchSupport
0x00007fff6cd73000 	/usr/lib/libenergytrace.dylib
0x00007fff3a8df000 	/System/Library/Frameworks/IOKit.framework/Versions/A/IOKit
0x00007fff38ecb000 	/System/Library/Frameworks/CoreServices.framework/Versions/A/CoreServices
0x00007fff602dc000 	/System/Library/PrivateFrameworks/PerformanceAnalysis.framework/Versions/A/PerformanceAnalysis
0x00007fff42399000 	/System/Library/Frameworks/OpenGL.framework/Versions/A/OpenGL
0x00007fff6de3a000 	/usr/lib/libobjc.A.dylib
0x00007fff36b73000 	/System/Library/Frameworks/ColorSync.framework/Versions/A/ColorSync
0x00007fff37adb000 	/System/Library/Frameworks/CoreFoundation.framework/Versions/A/CoreFoundation
0x00007fff385e4000 	/System/Library/Frameworks/CoreImage.framework/Versions/A/CoreImage
0x00007fff39941000 	/System/Library/Frameworks/CoreText.framework/Versions/A/CoreText
0x00007fff3aa0a000 	/System/Library/Frameworks/ImageIO.framework/Versions/A/ImageIO
0x00007fff6c2cf000 	/usr/lib/libc++.1.dylib
0x00007fff6c34b000 	/usr/lib/libcompression.dylib
0x00007fff6be63000 	/usr/lib/libMobileGestalt.dylib
0x00007fff67976000 	/System/Library/PrivateFrameworks/TextureIO.framework/Versions/A/TextureIO
0x00007fff6c150000 	/usr/lib/libate.dylib
0x00007fff5c3c7000 	/System/Library/PrivateFrameworks/InternationalSupport.framework/Versions/A/InternationalSupport
0x00007fff6ef8c000 	/usr/lib/system/libcache.dylib
0x00007fff6ef92000 	/usr/lib/system/libcommonCrypto.dylib
0x00007fff6ef9e000 	/usr/lib/system/libcompiler_rt.dylib
0x00007fff6efa6000 	/usr/lib/system/libcopyfile.dylib
0x00007fff6efb0000 	/usr/lib/system/libcorecrypto.dylib
0x00007fff6f15e000 	/usr/lib/system/libdispatch.dylib
0x00007fff6f1a0000 	/usr/lib/system/libdyld.dylib
0x00007fff6f1d6000 	/usr/lib/system/libkeymgr.dylib
0x00007fff6f1e4000 	/usr/lib/system/liblaunch.dylib
0x00007fff6f1e5000 	/usr/lib/system/libmacho.dylib
0x00007fff6f1eb000 	/usr/lib/system/libquarantine.dylib
0x00007fff6f1ee000 	/usr/lib/system/libremovefile.dylib
0x00007fff6f1f0000 	/usr/lib/system/libsystem_asl.dylib
0x00007fff6f208000 	/usr/lib/system/libsystem_blocks.dylib
0x00007fff6f209000 	/usr/lib/system/libsystem_c.dylib
0x00007fff6f291000 	/usr/lib/system/libsystem_configuration.dylib
0x00007fff6f295000 	/usr/lib/system/libsystem_coreservices.dylib
0x00007fff6f299000 	/usr/lib/system/libsystem_darwin.dylib
0x00007fff6f2a2000 	/usr/lib/system/libsystem_dnssd.dylib
0x00007fff6f2aa000 	/usr/lib/system/libsystem_featureflags.dylib
0x00007fff6f2ac000 	/usr/lib/system/libsystem_info.dylib
0x00007fff6f327000 	/usr/lib/system/libsystem_m.dylib
0x00007fff6f36f000 	/usr/lib/system/libsystem_malloc.dylib
0x00007fff6f397000 	/usr/lib/system/libsystem_networkextension.dylib
0x00007fff6f3a5000 	/usr/lib/system/libsystem_notify.dylib
0x00007fff6f3c4000 	/usr/lib/system/libsystem_sandbox.dylib
0x00007fff6f3c9000 	/usr/lib/system/libsystem_secinit.dylib
0x00007fff6f2fa000 	/usr/lib/system/libsystem_kernel.dylib
0x00007fff6f3af000 	/usr/lib/system/libsystem_platform.dylib
0x00007fff6f3b9000 	/usr/lib/system/libsystem_pthread.dylib
0x00007fff6f3cc000 	/usr/lib/system/libsystem_symptoms.dylib
0x00007fff6f3d4000 	/usr/lib/system/libsystem_trace.dylib
0x00007fff6f3ec000 	/usr/lib/system/libunwind.dylib
0x00007fff6f3f2000 	/usr/lib/system/libxpc.dylib
0x00007fff6c323000 	/usr/lib/libc++abi.dylib
0x00007fff6d121000 	/usr/lib/liblzma.5.dylib
0x00007fff6cd9b000 	/usr/lib/libfakelink.dylib
0x00007fff6c0dd000 	/usr/lib/libarchive.2.dylib
0x00007fff452d1000 	/System/Library/Frameworks/SystemConfiguration.framework/Versions/A/SystemConfiguration
0x00007fff6ba52000 	/usr/lib/libCRFSuite.dylib
0x00007fff3627a000 	/System/Library/Frameworks/CFNetwork.framework/Versions/A/CFNetwork
0x00007fff6c2b1000 	/usr/lib/libbsm.0.dylib
0x00007fff6f1d7000 	/usr/lib/system/libkxld.dylib
0x00007fff4addb000 	/System/Library/PrivateFrameworks/AppleFSCompression.framework/Versions/A/AppleFSCompression
0x00007fff6c632000 	/usr/lib/libcoretls.dylib
0x00007fff6c649000 	/usr/lib/libcoretls_cfhelpers.dylib
0x00007fff6de7e000 	/usr/lib/libpam.2.dylib
0x00007fff6dfb1000 	/usr/lib/libsqlite3.dylib
0x00007fff6e3f4000 	/usr/lib/libxar.1.dylib
0x00007fff6c2c2000 	/usr/lib/libbz2.1.0.dylib
0x00007fff6cdbc000 	/usr/lib/libiconv.2.dylib
0x00007fff6c338000 	/usr/lib/libcharset.1.dylib
0x00007fff6d925000 	/usr/lib/libnetwork.dylib
0x00007fff6de85000 	/usr/lib/libpcap.A.dylib
0x00007fff6c092000 	/usr/lib/libapple_nghttp2.dylib
0x00007fff39282000 	/System/Library/Frameworks/CoreServices.framework/Versions/A/Frameworks/FSEvents.framework/Versions/A/FSEvents
0x00007fff38f52000 	/System/Library/Frameworks/CoreServices.framework/Versions/A/Frameworks/CarbonCore.framework/Versions/A/CarbonCore
0x00007fff394c5000 	/System/Library/Frameworks/CoreServices.framework/Versions/A/Frameworks/Metadata.framework/Versions/A/Metadata
0x00007fff3955e000 	/System/Library/Frameworks/CoreServices.framework/Versions/A/Frameworks/OSServices.framework/Versions/A/OSServices
0x00007fff3958c000 	/System/Library/Frameworks/CoreServices.framework/Versions/A/Frameworks/SearchKit.framework/Versions/A/SearchKit
0x00007fff38ecc000 	/System/Library/Frameworks/CoreServices.framework/Versions/A/Frameworks/AE.framework/Versions/A/AE
0x00007fff3928b000 	/System/Library/Frameworks/CoreServices.framework/Versions/A/Frameworks/LaunchServices.framework/Versions/A/LaunchServices
0x00007fff39234000 	/System/Library/Frameworks/CoreServices.framework/Versions/A/Frameworks/DictionaryServices.framework/Versions/A/DictionaryServices
0x00007fff395f4000 	/System/Library/Frameworks/CoreServices.framework/Versions/A/Frameworks/SharedFileList.framework/Versions/A/SharedFileList
0x00007fff3e1ed000 	/System/Library/Frameworks/NetFS.framework/Versions/A/NetFS
0x00007fff5e6ff000 	/System/Library/PrivateFrameworks/NetAuth.framework/Versions/A/NetAuth
0x00007fff6b6ef000 	/System/Library/PrivateFrameworks/login.framework/Versions/A/Frameworks/loginsupport.framework/Versions/A/loginsupport
0x00007fff67471000 	/System/Library/PrivateFrameworks/TCC.framework/Versions/A/TCC
0x00007fff4f9c6000 	/System/Library/PrivateFrameworks/CoreNLP.framework/Versions/A/CoreNLP
0x00007fff5dc02000 	/System/Library/PrivateFrameworks/MetadataUtilities.framework/Versions/A/MetadataUtilities
0x00007fff6d1f9000 	/usr/lib/libmecabra.dylib
0x00007fff6d151000 	/usr/lib/libmecab.dylib
0x00007fff6cdac000 	/usr/lib/libgermantok.dylib
0x00007fff6c079000 	/usr/lib/libThaiTokenizer.dylib
0x00007fff6ba8a000 	/usr/lib/libChineseTokenizer.dylib
0x00007fff3389c000 	/System/Library/Frameworks/Accelerate.framework/Versions/A/Frameworks/vImage.framework/Versions/A/vImage
0x00007fff34b3f000 	/System/Library/Frameworks/Accelerate.framework/Versions/A/Frameworks/vecLib.framework/Versions/A/vecLib
0x00007fff34a83000 	/System/Library/Frameworks/Accelerate.framework/Versions/A/Frameworks/vecLib.framework/Versions/A/libvMisc.dylib
0x00007fff348a9000 	/System/Library/Frameworks/Accelerate.framework/Versions/A/Frameworks/vecLib.framework/Versions/A/libvDSP.dylib
0x00007fff33f08000 	/System/Library/Frameworks/Accelerate.framework/Versions/A/Frameworks/vecLib.framework/Versions/A/libBLAS.dylib
0x00007fff34463000 	/System/Library/Frameworks/Accelerate.framework/Versions/A/Frameworks/vecLib.framework/Versions/A/libLAPACK.dylib
0x00007fff34809000 	/System/Library/Frameworks/Accelerate.framework/Versions/A/Frameworks/vecLib.framework/Versions/A/libLinearAlgebra.dylib
0x00007fff34896000 	/System/Library/Frameworks/Accelerate.framework/Versions/A/Frameworks/vecLib.framework/Versions/A/libSparseBLAS.dylib
0x00007fff3481f000 	/System/Library/Frameworks/Accelerate.framework/Versions/A/Frameworks/vecLib.framework/Versions/A/libQuadrature.dylib
0x00007fff34172000 	/System/Library/Frameworks/Accelerate.framework/Versions/A/Frameworks/vecLib.framework/Versions/A/libBNNS.dylib
0x00007fff34825000 	/System/Library/Frameworks/Accelerate.framework/Versions/A/Frameworks/vecLib.framework/Versions/A/libSparse.dylib
0x00007fff5c786000 	/System/Library/PrivateFrameworks/LanguageModeling.framework/Versions/A/LanguageModeling
0x00007fff4f362000 	/System/Library/PrivateFrameworks/CoreEmoji.framework/Versions/A/CoreEmoji
0x00007fff5c8a4000 	/System/Library/PrivateFrameworks/LinguisticData.framework/Versions/A/LinguisticData
0x00007fff5c855000 	/System/Library/PrivateFrameworks/Lexicon.framework/Versions/A/Lexicon
0x00007fff6c339000 	/usr/lib/libcmph.dylib
0x00007fff40dbf000 	/System/Library/Frameworks/OpenDirectory.framework/Versions/A/Frameworks/CFOpenDirectory.framework/Versions/A/CFOpenDirectory
0x00007fff40ddc000 	/System/Library/Frameworks/OpenDirectory.framework/Versions/A/OpenDirectory
0x00007fff490aa000 	/System/Library/PrivateFrameworks/APFS.framework/Versions/A/APFS
0x00007fff44484000 	/System/Library/Frameworks/SecurityFoundation.framework/Versions/A/SecurityFoundation
0x00007fff6e3f0000 	/usr/lib/libutil.dylib
0x00007fff5064f000 	/System/Library/PrivateFrameworks/CoreServicesStore.framework/Versions/A/CoreServicesStore
0x00007fff4453c000 	/System/Library/Frameworks/ServiceManagement.framework/Versions/A/ServiceManagement
0x00007fff4c592000 	/System/Library/PrivateFrameworks/BackgroundTaskManagement.framework/Versions/A/BackgroundTaskManagement
0x00007fff6e4ed000 	/usr/lib/libxslt.1.dylib
0x00007fff4b440000 	/System/Library/PrivateFrameworks/AppleSystemInfo.framework/Versions/A/AppleSystemInfo
0x00007fff3ac27000 	/System/Library/Frameworks/ImageIO.framework/Versions/A/Resources/libJPEG.dylib
0x00007fff3aee6000 	/System/Library/Frameworks/ImageIO.framework/Versions/A/Resources/libTIFF.dylib
0x00007fff3aec9000 	/System/Library/Frameworks/ImageIO.framework/Versions/A/Resources/libPng.dylib
0x00007fff3ab68000 	/System/Library/Frameworks/ImageIO.framework/Versions/A/Resources/libGIF.dylib
0x00007fff3ab6c000 	/System/Library/Frameworks/ImageIO.framework/Versions/A/Resources/libJP2.dylib
0x00007fff3aee4000 	/System/Library/Frameworks/ImageIO.framework/Versions/A/Resources/libRadiance.dylib
0x00007fff6cd74000 	/usr/lib/libexpat.1.dylib
0x00007fff4af36000 	/System/Library/PrivateFrameworks/AppleJPEG.framework/Versions/A/AppleJPEG
0x00007fff538bc000 	/System/Library/PrivateFrameworks/FontServices.framework/libFontParser.dylib
0x00007fff6a746000 	/System/Library/PrivateFrameworks/WatchdogClient.framework/Versions/A/WatchdogClient
0x00007fff5be13000 	/System/Library/PrivateFrameworks/IOAccelerator.framework/Versions/A/IOAccelerator
0x00007fff3d2a6000 	/System/Library/Frameworks/MetalPerformanceShaders.framework/Versions/A/MetalPerformanceShaders
0x00007fff5860a000 	/System/Library/PrivateFrameworks/GPUWrangler.framework/Versions/A/GPUWrangler
0x00007fff5be1e000 	/System/Library/PrivateFrameworks/IOPresentment.framework/Versions/A/IOPresentment
0x00007fff5132c000 	/System/Library/PrivateFrameworks/DSExternalDisplay.framework/Versions/A/DSExternalDisplay
0x00007fff41745000 	/System/Library/Frameworks/OpenGL.framework/Versions/A/Libraries/libCoreFSCache.dylib
0x00007fff3cff8000 	/System/Library/Frameworks/MetalPerformanceShaders.framework/Frameworks/MPSCore.framework/Versions/A/MPSCore
0x00007fff3d035000 	/System/Library/Frameworks/MetalPerformanceShaders.framework/Frameworks/MPSImage.framework/Versions/A/MPSImage
0x00007fff3d0f7000 	/System/Library/Frameworks/MetalPerformanceShaders.framework/Frameworks/MPSNeuralNetwork.framework/Versions/A/MPSNeuralNetwork
0x00007fff3d0bc000 	/System/Library/Frameworks/MetalPerformanceShaders.framework/Frameworks/MPSMatrix.framework/Versions/A/MPSMatrix
0x00007fff3d257000 	/System/Library/Frameworks/MetalPerformanceShaders.framework/Frameworks/MPSRayIntersector.framework/Versions/A/MPSRayIntersector
0x00007fff3d0e1000 	/System/Library/Frameworks/MetalPerformanceShaders.framework/Frameworks/MPSNDArray.framework/Versions/A/MPSNDArray
0x00007fff5dc4f000 	/System/Library/PrivateFrameworks/MetalTools.framework/Versions/A/MetalTools
0x00007fff4a261000 	/System/Library/PrivateFrameworks/AggregateDictionary.framework/Versions/A/AggregateDictionary
0x00007fff4edec000 	/System/Library/PrivateFrameworks/CoreAnalytics.framework/Versions/A/CoreAnalytics
0x00007fff4b35e000 	/System/Library/PrivateFrameworks/AppleSauce.framework/Versions/A/AppleSauce
0x00007fff6bd46000 	/usr/lib/libIOReport.dylib
0x00007fff39af6000 	/System/Library/Frameworks/CoreVideo.framework/Versions/A/CoreVideo
0x00007fff59a76000 	/System/Library/PrivateFrameworks/GraphVisualizer.framework/Versions/A/GraphVisualizer
0x00007fff52e3d000 	/System/Library/PrivateFrameworks/FaceCore.framework/Versions/A/FaceCore
0x00007fff40d66000 	/System/Library/Frameworks/OpenCL.framework/Versions/A/OpenCL
0x00007fff6bb68000 	/usr/lib/libFosl_dynamic.dylib
0x00007fff5f0fa000 	/System/Library/PrivateFrameworks/OTSVG.framework/Versions/A/OTSVG
0x00007fff35bf5000 	/System/Library/Frameworks/ApplicationServices.framework/Versions/A/Frameworks/ATS.framework/Versions/A/Resources/libFontRegistry.dylib
0x00007fff53a8d000 	/System/Library/PrivateFrameworks/FontServices.framework/libhvf.dylib
0x00007fff41750000 	/System/Library/Frameworks/OpenGL.framework/Versions/A/Libraries/libGFXShared.dylib
0x00007fff4192d000 	/System/Library/Frameworks/OpenGL.framework/Versions/A/Libraries/libGLU.dylib
0x00007fff41759000 	/System/Library/Frameworks/OpenGL.framework/Versions/A/Libraries/libGL.dylib
0x00007fff41764000 	/System/Library/Frameworks/OpenGL.framework/Versions/A/Libraries/libGLImage.dylib
0x00007fff41742000 	/System/Library/Frameworks/OpenGL.framework/Versions/A/Libraries/libCVMSPluginSupport.dylib
0x00007fff4174b000 	/System/Library/Frameworks/OpenGL.framework/Versions/A/Libraries/libCoreVMClient.dylib
0x00007fff6d7c7000 	/usr/lib/libncurses.5.4.dylib
0x00007fff35af1000 	/System/Library/Frameworks/ApplicationServices.framework/Versions/A/Frameworks/ATS.framework/Versions/A/ATS
0x00007fff35cbe000 	/System/Library/Frameworks/ApplicationServices.framework/Versions/A/Frameworks/ColorSyncLegacy.framework/Versions/A/ColorSyncLegacy
0x00007fff35d5d000 	/System/Library/Frameworks/ApplicationServices.framework/Versions/A/Frameworks/HIServices.framework/Versions/A/HIServices
0x00007fff35db4000 	/System/Library/Frameworks/ApplicationServices.framework/Versions/A/Frameworks/LangAnalysis.framework/Versions/A/LangAnalysis
0x00007fff35dc3000 	/System/Library/Frameworks/ApplicationServices.framework/Versions/A/Frameworks/PrintCore.framework/Versions/A/PrintCore
0x00007fff35e09000 	/System/Library/Frameworks/ApplicationServices.framework/Versions/A/Frameworks/QD.framework/Versions/A/QD
0x00007fff35e14000 	/System/Library/Frameworks/ApplicationServices.framework/Versions/A/Frameworks/SpeechSynthesis.framework/Versions/A/SpeechSynthesis
0x00007fff35c8e000 	/System/Library/Frameworks/ApplicationServices.framework/Versions/A/Frameworks/ATSUI.framework/Versions/A/ATSUI
0x00007fff6cc08000 	/usr/lib/libcups.2.dylib
0x00007fff3c355000 	/System/Library/Frameworks/Kerberos.framework/Versions/A/Kerberos
0x00007fff3a5d5000 	/System/Library/Frameworks/GSS.framework/Versions/A/GSS
0x00007fff6df3d000 	/usr/lib/libresolv.9.dylib
0x00007fff59c17000 	/System/Library/PrivateFrameworks/Heimdal.framework/Versions/A/Heimdal
0x00007fff3c368000 	/System/Library/Frameworks/Kerberos.framework/Versions/A/Libraries/libHeimdalProxy.dylib
0x00007fff6cdb2000 	/usr/lib/libheimdal-asn1.dylib
0x00007fff4e292000 	/System/Library/PrivateFrameworks/CommonAuth.framework/Versions/A/CommonAuth
0x00007fff4b4dd000 	/System/Library/PrivateFrameworks/AssertionServices.framework/Versions/A/AssertionServices
0x00007fff4c080000 	/System/Library/PrivateFrameworks/AudioToolboxCore.framework/Versions/A/AudioToolboxCore
0x00007fff6b3a0000 	/System/Library/PrivateFrameworks/caulk.framework/Versions/A/caulk
0x00007fff4c63e000 	/System/Library/PrivateFrameworks/BaseBoard.framework/Versions/A/BaseBoard
0x00007fff6320e000 	/System/Library/PrivateFrameworks/RunningBoardServices.framework/Versions/A/RunningBoardServices
0x00007fff602e8000 	/System/Library/PrivateFrameworks/PersistentConnection.framework/Versions/A/PersistentConnection
0x00007fff62c5d000 	/System/Library/PrivateFrameworks/ProtocolBuffer.framework/Versions/A/ProtocolBuffer
0x00007fff4e2b7000 	/System/Library/PrivateFrameworks/CommonUtilities.framework/Versions/A/CommonUtilities
0x00007fff4c7c1000 	/System/Library/PrivateFrameworks/Bom.framework/Versions/A/Bom
0x00007fff6ba15000 	/usr/lib/libAudioToolboxUtility.dylib
0x00007fff4c59c000 	/System/Library/PrivateFrameworks/Backup.framework/Versions/A/Backup
0x00007fff5109c000 	/System/Library/PrivateFrameworks/CrashReporterSupport.framework/Versions/A/CrashReporterSupport
0x00007fff64d05000 	/System/Library/PrivateFrameworks/Sharing.framework/Versions/A/Sharing
0x00007fff4ac81000 	/System/Library/PrivateFrameworks/Apple80211.framework/Versions/A/Apple80211
0x00007fff4c2be000 	/System/Library/PrivateFrameworks/AuthKit.framework/Versions/A/AuthKit
0x00007fff50dcc000 	/System/Library/PrivateFrameworks/CoreUtils.framework/Versions/A/CoreUtils
0x00007fff39b3b000 	/System/Library/Frameworks/CoreWLAN.framework/Versions/A/CoreWLAN
0x00007fff3a760000 	/System/Library/Frameworks/IOBluetooth.framework/Versions/A/IOBluetooth
0x00007fff5df4d000 	/System/Library/PrivateFrameworks/MobileKeyBag.framework/Versions/A/MobileKeyBag
0x00007fff4fea2000 	/System/Library/PrivateFrameworks/CorePhoneNumbers.framework/Versions/A/CorePhoneNumbers
0x00007fff4aee9000 	/System/Library/PrivateFrameworks/AppleIDAuthSupport.framework/Versions/A/AppleIDAuthSupport
0x00007fff3e1fa000 	/System/Library/Frameworks/Network.framework/Versions/A/Network
0x00007fff5c60e000 	/System/Library/PrivateFrameworks/KeychainCircle.framework/Versions/A/KeychainCircle
0x00007fff375b0000 	/System/Library/Frameworks/CoreBluetooth.framework/Versions/A/CoreBluetooth
0x00007fff66981000 	/System/Library/PrivateFrameworks/SpeechRecognitionCore.framework/Versions/A/SpeechRecognitionCore
0x000000010ca00000 	/Library/Java/JavaVirtualMachines/amazon-corretto-11.jdk/Contents/Home/lib/server/libjvm.dylib
0x000000010b026000 	/Library/Java/JavaVirtualMachines/amazon-corretto-11.jdk/Contents/Home/lib/libverify.dylib
0x000000010b032000 	/Library/Java/JavaVirtualMachines/amazon-corretto-11.jdk/Contents/Home/lib/libjava.dylib
0x000000010b073000 	/Library/Java/JavaVirtualMachines/amazon-corretto-11.jdk/Contents/Home/lib/libinstrument.dylib
0x000000010b0f7000 	/Library/Java/JavaVirtualMachines/amazon-corretto-11.jdk/Contents/Home/lib/libzip.dylib
0x000000010b0ff000 	/Library/Java/JavaVirtualMachines/amazon-corretto-11.jdk/Contents/Home/lib/libjimage.dylib
0x000000012c8cb000 	/Library/Java/JavaVirtualMachines/amazon-corretto-11.jdk/Contents/Home/lib/libnio.dylib
0x000000012c8d9000 	/Library/Java/JavaVirtualMachines/amazon-corretto-11.jdk/Contents/Home/lib/libnet.dylib
0x000000012c976000 	/Library/Java/JavaVirtualMachines/amazon-corretto-11.jdk/Contents/Home/lib/libextnet.dylib
0x000000012c9dd000 	/Library/Java/JavaVirtualMachines/amazon-corretto-11.jdk/Contents/Home/lib/libawt.dylib
0x000000012ca78000 	/Library/Java/JavaVirtualMachines/amazon-corretto-11.jdk/Contents/Home/lib/libmlib_image.dylib
0x00007fff3c33e000 	/System/Library/Frameworks/JavaVM.framework/Versions/A/Frameworks/JavaNativeFoundation.framework/Versions/A/JavaNativeFoundation
0x00007fff3c347000 	/System/Library/Frameworks/JavaVM.framework/Versions/A/Frameworks/JavaRuntimeSupport.framework/Versions/A/JavaRuntimeSupport
0x00007fff3c350000 	/System/Library/Frameworks/JavaVM.framework/Versions/A/JavaVM
0x00007fff5c471000 	/System/Library/PrivateFrameworks/JavaLaunching.framework/Versions/A/JavaLaunching
0x00007fff36680000 	/System/Library/Frameworks/Carbon.framework/Versions/A/Carbon
0x00007fff50b80000 	/System/Library/PrivateFrameworks/CoreSymbolication.framework/Versions/A/CoreSymbolication
0x00007fff36681000 	/System/Library/Frameworks/Carbon.framework/Versions/A/Frameworks/CommonPanels.framework/Versions/A/CommonPanels
0x00007fff3697a000 	/System/Library/Frameworks/Carbon.framework/Versions/A/Frameworks/Help.framework/Versions/A/Help
0x00007fff3697e000 	/System/Library/Frameworks/Carbon.framework/Versions/A/Frameworks/ImageCapture.framework/Versions/A/ImageCapture
0x00007fff36985000 	/System/Library/Frameworks/Carbon.framework/Versions/A/Frameworks/OpenScripting.framework/Versions/A/OpenScripting
0x00007fff36984000 	/System/Library/Frameworks/Carbon.framework/Versions/A/Frameworks/Ink.framework/Versions/A/Ink
0x00007fff369c0000 	/System/Library/Frameworks/Carbon.framework/Versions/A/Frameworks/Print.framework/Versions/A/Print
0x00007fff369c1000 	/System/Library/Frameworks/Carbon.framework/Versions/A/Frameworks/SecurityHI.framework/Versions/A/SecurityHI
0x00007fff51461000 	/System/Library/PrivateFrameworks/DebugSymbols.framework/Versions/A/DebugSymbols
0x000000012cae3000 	/Library/Java/JavaVirtualMachines/amazon-corretto-11.jdk/Contents/Home/lib/libawt_lwawt.dylib
0x000000012cb92000 	/Library/Java/JavaVirtualMachines/amazon-corretto-11.jdk/Contents/Home/lib/libosxapp.dylib
0x00007fff3a043000 	/System/Library/Frameworks/ExceptionHandling.framework/Versions/A/ExceptionHandling
0x000000012cce2000 	/Library/Java/JavaVirtualMachines/amazon-corretto-11.jdk/Contents/Home/lib/libfontmanager.dylib
0x000000012cde4000 	/Library/Java/JavaVirtualMachines/amazon-corretto-11.jdk/Contents/Home/lib/libfreetype.dylib
0x00007fff5061b000 	/System/Library/PrivateFrameworks/CoreServicesInternal.framework/Versions/A/CoreServicesInternal
0x00007fff3a062000 	/System/Library/Frameworks/FileProvider.framework/Versions/A/FileProvider
0x00007fff34b40000 	/System/Library/Frameworks/Accounts.framework/Versions/A/Accounts
0x00007fff5892c000 	/System/Library/PrivateFrameworks/GenerationalStorage.framework/Versions/A/GenerationalStorage
0x00007fff671b2000 	/System/Library/PrivateFrameworks/SymptomDiagnosticReporter.framework/Versions/A/SymptomDiagnosticReporter
0x00007fff4a772000 	/System/Library/PrivateFrameworks/AppContainer.framework/Versions/A/AppContainer
0x00007fff6df57000 	/usr/lib/libsandbox.1.dylib
0x00007fff696e2000 	/System/Library/PrivateFrameworks/UserManagement.framework/Versions/A/UserManagement
0x00007fff4d383000 	/System/Library/PrivateFrameworks/ChunkingLibrary.framework/Versions/A/ChunkingLibrary
0x00007fff4a7e4000 	/System/Library/PrivateFrameworks/AppSandbox.framework/Versions/A/AppSandbox
0x00007fff64b8f000 	/System/Library/PrivateFrameworks/SecCodeWrapper.framework/Versions/A/SecCodeWrapper
0x00007fff6be2c000 	/usr/lib/libMatch.1.dylib
0x00007fff2c160000 	/System/Library/CoreServices/RawCamera.bundle/Contents/MacOS/RawCamera
0x00007fff5dd77000 	/System/Library/PrivateFrameworks/MobileAsset.framework/Versions/A/MobileAsset
0x00007fff67060000 	/System/Library/PrivateFrameworks/StreamingZip.framework/Versions/A/StreamingZip
0x00007fff3c7d1000 	/System/Library/Frameworks/MediaToolbox.framework/Versions/A/MediaToolbox
0x00007fff4ed9b000 	/System/Library/PrivateFrameworks/CoreAVCHD.framework/Versions/A/CoreAVCHD
0x00007fff3c6fb000 	/System/Library/Frameworks/MediaAccessibility.framework/Versions/A/MediaAccessibility
0x00007fff5d142000 	/System/Library/PrivateFrameworks/Mangrove.framework/Versions/A/Mangrove
0x00007fff38d05000 	/System/Library/Frameworks/CoreMedia.framework/Versions/A/CoreMedia
0x00007fff5d3ae000 	/System/Library/PrivateFrameworks/MediaExperience.framework/Versions/A/MediaExperience
0x00007fff455b7000 	/System/Library/Frameworks/VideoToolbox.framework/Versions/A/VideoToolbox
0x00007fff4e9c5000 	/System/Library/PrivateFrameworks/CoreAUC.framework/Versions/A/CoreAUC
0x00007fff6dfaf000 	/usr/lib/libspindump.dylib
0x00007fff4ba2b000 	/System/Library/PrivateFrameworks/AudioResourceArbitration.framework/Versions/A/AudioResourceArbitration
0x00007fff4b444000 	/System/Library/PrivateFrameworks/AppleVA.framework/Versions/A/AppleVA
0x00007fff33885000 	/System/Library/Frameworks/Accelerate.framework/Versions/A/Frameworks/vImage.framework/Versions/A/Libraries/libCGInterfaces.dylib
0x000000012c8ac000 	/usr/lib/libobjc-trampolines.dylib
0x00007fff539f4000 	/System/Library/PrivateFrameworks/FontServices.framework/libTrueTypeScaler.dylib
0x00007fff2c36f000 	/System/Library/Extensions/AMDMTLBronzeDriver.bundle/Contents/MacOS/AMDMTLBronzeDriver
0x00007fff5be09000 	/System/Library/PrivateFrameworks/IOAccelMemoryInfo.framework/Versions/A/IOAccelMemoryInfo
0x00007fff307a9000 	/System/Library/Extensions/AppleIntelKBLGraphicsMTLDriver.bundle/Contents/MacOS/AppleIntelKBLGraphicsMTLDriver
0x00007fff56f62000 	/System/Library/PrivateFrameworks/GPUCompiler.framework/Versions/3902/Libraries/libmetal_timestamp.dylib
0x00007fff6a4b6000 	/System/Library/PrivateFrameworks/ViewBridge.framework/Versions/A/ViewBridge
0x00007fff6b6f2000 	/System/Library/PrivateFrameworks/login.framework/Versions/A/login
0x000000012e82b000 	/Library/Java/JavaVirtualMachines/amazon-corretto-11.jdk/Contents/Home/lib/libprefs.dylib
0x00007fff423a9000 	/System/Library/Frameworks/OpenGL.framework/Versions/A/Resources/GLEngine.bundle/GLEngine
0x00007fff4179a000 	/System/Library/Frameworks/OpenGL.framework/Versions/A/Libraries/libGLProgrammability.dylib
0x00007fff2f980000 	/System/Library/Extensions/AppleIntelKBLGraphicsGLDriver.bundle/Contents/MacOS/AppleIntelKBLGraphicsGLDriver
0x00007fff585fe000 	/System/Library/PrivateFrameworks/GPUSupport.framework/Versions/A/Libraries/libGPUSupportMercury.dylib
0x000000012fcde000 	/System/Library/Extensions/AMDRadeonX4000GLDriver.bundle/Contents/MacOS/AMDRadeonX4000GLDriver
0x00007fff2c490000 	/System/Library/Extensions/AMDRadeonX4000GLDriver.bundle/Contents/MacOS/ATIRadeonX4000SCLib.dylib
0x00007fff2dab5000 	/System/Library/Extensions/AMDShared.bundle/Contents/PlugIns/libSC.dylib
0x00007fff42523000 	/System/Library/Frameworks/OpenGL.framework/Versions/A/Resources/GLRendererFloat.bundle/GLRendererFloat
0x00007fff40d5d000 	/System/Library/Frameworks/OpenCL.framework/Versions/A/Libraries/libcldcpuengine.dylib
0x00007fff6c7ed000 	/usr/lib/libcrypto.35.dylib
0x00007fff67bba000 	/System/Library/PrivateFrameworks/TrustEvaluationAgent.framework/Versions/A/TrustEvaluationAgent
0x000000012cc5b000 	/Library/Java/JavaVirtualMachines/amazon-corretto-11.jdk/Contents/Home/lib/libosxui.dylib
0x0000000162045000 	/Library/Java/JavaVirtualMachines/amazon-corretto-11.jdk/Contents/Home/lib/libjavajpeg.dylib
0x0000000161ee2000 	/Users/adventure/.codenameone/javafx/lib/libprism_es2.dylib
0x00000001634ee000 	/Users/adventure/.codenameone/javafx/lib/libglass.dylib
0x0000000166ff7000 	/Users/adventure/.codenameone/javafx/lib/libjfxwebkit.dylib
0x000000016208a000 	/Users/adventure/.codenameone/javafx/lib/libjavafx_font.dylib
0x00000001637af000 	/Library/Java/JavaVirtualMachines/amazon-corretto-11.jdk/Contents/Home/lib/libsunec.dylib
0x0000000163a22000 	/Users/adventure/.codenameone/javafx/lib/libjavafx_iio.dylib
0x0000000163f25000 	/Library/Java/JavaVirtualMachines/amazon-corretto-11.jdk/Contents/Home/lib/liblcms.dylib
0x0000000171a00000 	/Users/adventure/.codenameone/javafx/lib/libglib-lite.dylib
0x00007fff6cd9e000 	/usr/lib/libffi.dylib
0x0000000171f00000 	/Users/adventure/.codenameone/javafx/lib/libgstreamer-lite.dylib
0x0000000165110000 	/Users/adventure/.codenameone/javafx/lib/libjfxmedia.dylib
0x0000000163f9b000 	/Users/adventure/.codenameone/javafx/lib/libjfxmedia_avf.dylib
0x00007fff3349e000 	/System/Library/Frameworks/AVFoundation.framework/Versions/A/AVFoundation
0x00007fff33698000 	/System/Library/Frameworks/AVFoundation.framework/Versions/A/Frameworks/AVFAudio.framework/Versions/A/AVFAudio
0x00007fff38de0000 	/System/Library/Frameworks/CoreMediaIO.framework/Versions/A/CoreMediaIO
0x00007fff6ba08000 	/usr/lib/libAudioStatistics.dylib
0x00007fff6b737000 	/System/Library/PrivateFrameworks/perfdata.framework/Versions/A/perfdata
0x00007fff6def9000 	/usr/lib/libperfcheck.dylib
0x00007fff6bef7000 	/usr/lib/libSMC.dylib


VM Arguments:
jvm_args: -Xms128m -Xmx2048m -XX:ReservedCodeCacheSize=240m -XX:+UseConcMarkSweepGC -XX:SoftRefLRUPolicyMSPerMB=50 -ea -XX:CICompilerCount=2 -Dsun.io.useCanonPrefixCache=false -Djava.net.preferIPv4Stack=true -Djdk.http.auth.tunneling.disabledSchemes="" -XX:+HeapDumpOnOutOfMemoryError -XX:-OmitStackTraceInFastThrow -Djdk.attach.allowAttachSelf=true -Dkotlinx.coroutines.debug=off -Djdk.module.illegalAccess.silent=true -XX:+UseCompressedOops -Dfile.encoding=UTF-8 -XX:ErrorFile=$USER_HOME/java_error_in_idea_%p.log -XX:HeapDumpPath=$USER_HOME/java_error_in_idea.hprof -Dapple.laf.useScreenMenuBar=true -javaagent:/Applications/IntelliJ IDEA CE.app/Contents/lib/idea_rt.jar=50660:/Applications/IntelliJ IDEA CE.app/Contents/bin 
java_command: com.codename1.impl.javase.Simulator com.codename1.demos.kitchen.MyApplication
java_class_path (initial): /Users/adventure/Desktop/kitchesinkdemo/out/production/kitchesinkdemo:/Users/adventure/Desktop/kitchesinkdemo/src:/Users/adventure/Desktop/kitchesinkdemo/lib/CodenameOne.jar:/Users/adventure/Desktop/kitchesinkdemo/JavaSE.jar:native/internal_tmp:lib/impl/cls
Launcher Type: SUN_STANDARD

[Global flags]
     intx CICompilerCount                          = 2                                         {product} {command line}
    ccstr ErrorFile                                = $USER_HOME/java_error_in_idea_%p.log            {product} {command line}
     bool HeapDumpOnOutOfMemoryError               = true                                   {manageable} {command line}
    ccstr HeapDumpPath                             = $USER_HOME/java_error_in_idea.hprof         {manageable} {command line}
   size_t InitialHeapSize                          = 134217728                                 {product} {command line}
   size_t MaxHeapSize                              = 2147483648                                {product} {command line}
   size_t MaxNewSize                               = 715784192                                 {product} {ergonomic}
    uintx MaxTenuringThreshold                     = 6                                         {product} {ergonomic}
   size_t MinHeapDeltaBytes                        = 196608                                    {product} {ergonomic}
   size_t NewSize                                  = 44695552                                  {product} {ergonomic}
    uintx NonNMethodCodeHeapSize                   = 5825164                                {pd product} {ergonomic}
    uintx NonProfiledCodeHeapSize                  = 122916538                              {pd product} {ergonomic}
   size_t OldSize                                  = 89522176                                  {product} {ergonomic}
     bool OmitStackTraceInFastThrow                = false                                     {product} {command line}
    uintx ProfiledCodeHeapSize                     = 122916538                              {pd product} {ergonomic}
    uintx ReservedCodeCacheSize                    = 251658240                              {pd product} {command line}
     bool SegmentedCodeCache                       = true                                      {product} {ergonomic}
     intx SoftRefLRUPolicyMSPerMB                  = 50                                        {product} {command line}
     bool UseCompressedClassPointers               = true                                 {lp64_product} {ergonomic}
     bool UseCompressedOops                        = true                                 {lp64_product} {command line}
     bool UseConcMarkSweepGC                       = true                                      {product} {command line}

Logging:
Log output configuration:
 #0: stdout all=warning uptime,level,tags
 #1: stderr all=off uptime,level,tags

Environment Variables:
JAVA_HOME=/Library/Java/JavaVirtualMachines/amazon-corretto-11.jdk/Contents/Home
PATH=/usr/local/bin:/Library/Frameworks/Python.framework/Versions/3.7/bin:/usr/local/bin:/usr/bin:/bin:/usr/sbin:/sbin:/Users/adventure/dev/flutter/bin:/Users/adventure/Library/Android/sdk/tools:/Users/adventure/Library/Android/sdk/platform-tools
SHELL=/bin/zsh

Signal Handlers:
SIGSEGV: [libjvm.dylib+0x7577d8], sa_mask[0]=11111111011111110111111111111111, sa_flags=SA_ONSTACK|SA_RESTART|SA_SIGINFO
SIGBUS: [libjvm.dylib+0x7577d8], sa_mask[0]=11111111011111110111111111111111, sa_flags=SA_RESTART|SA_SIGINFO
SIGFPE: [libjvm.dylib+0x7577d8], sa_mask[0]=11111111011111110111111111111111, sa_flags=SA_RESTART|SA_SIGINFO
SIGPIPE: [libjvm.dylib+0x5fbe5c], sa_mask[0]=11111111011111110111111111111111, sa_flags=SA_RESTART|SA_SIGINFO
SIGXFSZ: [libjvm.dylib+0x5fbe5c], sa_mask[0]=11111111011111110111111111111111, sa_flags=SA_RESTART|SA_SIGINFO
SIGILL: [libjvm.dylib+0x7577d8], sa_mask[0]=11111111011111110111111111111111, sa_flags=SA_RESTART|SA_SIGINFO
SIGUSR2: [libjvm.dylib+0x5fc45a], sa_mask[0]=00100000000000000000000000000000, sa_flags=SA_RESTART|SA_SIGINFO
SIGHUP: [libjvm.dylib+0x5faf37], sa_mask[0]=11111111011111110111111111111111, sa_flags=SA_RESTART|SA_SIGINFO
SIGINT: [libjvm.dylib+0x5faf37], sa_mask[0]=11111111011111110111111111111111, sa_flags=SA_RESTART|SA_SIGINFO
SIGTERM: [libjvm.dylib+0x5faf37], sa_mask[0]=11111111011111110111111111111111, sa_flags=SA_RESTART|SA_SIGINFO
SIGQUIT: [libjvm.dylib+0x5faf37], sa_mask[0]=11111111011111110111111111111111, sa_flags=SA_RESTART|SA_SIGINFO


---------------  S Y S T E M  ---------------

OS:uname:Darwin 19.2.0 Darwin Kernel Version 19.2.0: Sat Nov  9 03:47:04 PST 2019; root:xnu-6153.61.1~20/RELEASE_X86_64 x86_64
rlimit: STACK 8192k, CORE 0k, NPROC 2784, NOFILE 10240, AS infinity, DATA infinity, FSIZE infinity
load average:2.07 2.79 2.72

CPU:total 12 (initial active 12) (6 cores per cpu, 2 threads per core) family 6 model 158 stepping 10, cmov, cx8, fxsr, mmx, sse, sse2, sse3, ssse3, sse4.1, sse4.2, popcnt, avx, avx2, aes, clmul, erms, 3dnowpref, lzcnt, ht, tsc, tscinvbit, bmi1, bmi2, adx, fma

Memory: 4k page, physical 16777216k(1028316k free), swap 0k(0k free)

vm_info: OpenJDK 64-Bit Server VM (11.0.5+10-LTS) for bsd-amd64 JRE (11.0.5+10-LTS), built on Nov 12 2019 17:01:34 by "root" with gcc 4.2.1 Compatible Apple LLVM 8.0.0 (clang-800.0.42.1)

END.
