#
# A fatal error has been detected by the Java Runtime Environment:
#
#  SIGSEGV (0xb) at pc=0x000000010e7e96f6, pid=1565, tid=108803
#
# JRE version: OpenJDK Runtime Environment (11.0.5+10) (build 11.0.5+10-LTS)
# Java VM: OpenJDK 64-Bit Server VM (11.0.5+10-LTS, mixed mode, tiered, compressed oops, concurrent mark sweep gc, bsd-amd64)
# Problematic frame:
# V  [libjvm.dylib+0x3e96f6]  jni_CallStaticBooleanMethodV+0x7c
#
# No core dump will be written. Core dumps have been disabled. To enable core dumping, try "ulimit -c unlimited" before starting Java again
#
# If you would like to submit a bug report, please visit:
#   http://bugreport.java.com/bugreport/crash.jsp
#

---------------  S U M M A R Y ------------

Command Line: -Xms128m -Xmx2048m -XX:ReservedCodeCacheSize=240m -XX:+UseConcMarkSweepGC -XX:SoftRefLRUPolicyMSPerMB=50 -ea -XX:CICompilerCount=2 -Dsun.io.useCanonPrefixCache=false -Djava.net.preferIPv4Stack=true -Djdk.http.auth.tunneling.disabledSchemes="" -XX:+HeapDumpOnOutOfMemoryError -XX:-OmitStackTraceInFastThrow -Djdk.attach.allowAttachSelf=true -Dkotlinx.coroutines.debug=off -Djdk.module.illegalAccess.silent=true -XX:+UseCompressedOops -Dfile.encoding=UTF-8 -XX:ErrorFile=$USER_HOME/java_error_in_idea_%p.log -XX:HeapDumpPath=$USER_HOME/java_error_in_idea.hprof -Dapple.laf.useScreenMenuBar=true -javaagent:/Applications/IntelliJ IDEA CE.app/Contents/lib/idea_rt.jar=50559:/Applications/IntelliJ IDEA CE.app/Contents/bin com.codename1.impl.javase.Simulator com.codename1.demos.kitchen.MyApplication

Host: MacBookPro15,1 x86_64 2200 MHz, 12 cores, 16G, Darwin 19.2.0
Time: Wed Jan  1 12:00:07 2020 +0545 elapsed time: 19 seconds (0d 0h 0m 19s)

---------------  T H R E A D  ---------------

Current thread (0x00007f857c114000):  JavaThread "Thread-8" daemon [_thread_in_vm, id=108803, stack(0x000070000fbb5000,0x000070000fc35000)]

Stack: [0x000070000fbb5000,0x000070000fc35000],  sp=0x000070000fc34be0,  free space=510k
Native frames: (J=compiled Java code, A=aot compiled Java code, j=interpreted, Vv=VM code, C=native code)
V  [libjvm.dylib+0x3e96f6]  jni_CallStaticBooleanMethodV+0x7c
C  [libjfxwebkit.dylib+0x9746]  _ZN7JNIEnv_23CallStaticBooleanMethodEP7_jclassP10_jmethodIDz+0x86
C  [libjfxwebkit.dylib+0x15884e8]  _ZN7WebCore10FileSystem18makeAllDirectoriesERKN3WTF6StringE+0x268
C  [libjfxwebkit.dylib+0x22d12]  _ZN7WebCore18StorageSyncManager20fullDatabaseFilenameERKN3WTF6StringE+0x22
C  [libjfxwebkit.dylib+0x1f0d6]  _ZN6WebKit15StorageAreaSync12openDatabaseENS0_21OpenDatabaseParamTypeE+0x36
C  [libjfxwebkit.dylib+0x1f6ee]  _ZN6WebKit15StorageAreaSync13performImportEv+0x1e
C  [libjfxwebkit.dylib+0x23619]  _ZN7WebCore13StorageThread16threadEntryPointEv+0x89
C  [libjfxwebkit.dylib+0x1a802b4]  _ZN3WTF6Thread10entryPointEPNS0_16NewThreadContextE+0xe4
C  [libjfxwebkit.dylib+0x1ab68d9]  _ZN3WTFL19wtfThreadEntryPointEPv+0x9
C  [libsystem_pthread.dylib+0x5e65]  _pthread_start+0x94
C  [libsystem_pthread.dylib+0x183b]  thread_start+0xf


siginfo: si_signo: 11 (SIGSEGV), si_code: 1 (SEGV_MAPERR), si_addr: 0x0000000000000000

Register to memory mapping:

RAX=0x0 is NULL
RBX=0x00007f857c114000 is a thread
RCX=0x00007f858170b168 points into unknown readable memory: 40 ea 1f 82 07 00 00 00
RDX=0x0 is NULL
RSP=0x000070000fc34be0 is pointing into the stack for thread: 0x00007f857c114000
RBP=0x000070000fc34c80 is pointing into the stack for thread: 0x00007f857c114000
RSI=0x0 is NULL
RDI=0x00007f857c114340 points into unknown readable memory: 70 a7 d0 0e 01 00 00 00
R8 =0x000000000000000a is an unknown value
R9 =0x00007f857c114000 is a thread
R10=0x000000010ecdc820: _ZTV7CMSHeap+0x10 in /Library/Java/JavaVirtualMachines/amazon-corretto-11.jdk/Contents/Home/lib/server/libjvm.dylib at 0x000000010e400000
R11=0x0 is NULL
R12=0x0 is NULL
R13=0x000070000fc34d40 is pointing into the stack for thread: 0x00007f857c114000
R14=0x0 is NULL
R15=0x00007f857c114340 points into unknown readable memory: 70 a7 d0 0e 01 00 00 00


Registers:
RAX=0x0000000000000000, RBX=0x00007f857c114000, RCX=0x00007f858170b168, RDX=0x0000000000000000
RSP=0x000070000fc34be0, RBP=0x000070000fc34c80, RSI=0x0000000000000000, RDI=0x00007f857c114340
R8 =0x000000000000000a, R9 =0x00007f857c114000, R10=0x000000010ecdc820, R11=0x0000000000000000
R12=0x0000000000000000, R13=0x000070000fc34d40, R14=0x0000000000000000, R15=0x00007f857c114340
RIP=0x000000010e7e96f6, EFLAGS=0x0000000000010206, ERR=0x0000000000000004
  TRAPNO=0x000000000000000e

Top of Stack: (sp=0x000070000fc34be0)
0x000070000fc34be0:   000070000fc34c00 000000010eb1e087
0x000070000fc34bf0:   96cfdbb294710075 00007f857c114000
0x000070000fc34c00:   000070000fc34c30 000000010eb1e060
0x000070000fc34c10:   0000000000000001 00007f857c114108
0x000070000fc34c20:   00007f8500000004 0000000000000004
0x000070000fc34c30:   00007f857c114000 00007f858170b160
0x000070000fc34c40:   0000000000000533 000000010ebbaa77
0x000070000fc34c50:   00007f857c114000 0000000000000000
0x000070000fc34c60:   000000016b2954b0 00007f857c114340
0x000070000fc34c70:   000000016f69d1c0 0000000000000000
0x000070000fc34c80:   000070000fc34d60 0000000167d12746
0x000070000fc34c90:   000000010ed60201 00007f857c114000
0x000070000fc34ca0:   000070000fc34cc0 00007f8581611da0
0x000070000fc34cb0:   000000000000000a 00007f857c114000
0x000070000fc34cc0:   000070000fc34d20 000000010e7ee597
0x000070000fc34cd0:   00007f857c114000 00007f858170b160
0x000070000fc34ce0:   0000700000000533 000000010ebbaa77
0x000070000fc34cf0:   00007f857c114000 0000000000000000
0x000070000fc34d00:   0000000000000039 000000016f69d1c0
0x000070000fc34d10:   000000016f69d1c0 000070000fc34d78
0x000070000fc34d20:   000070000fc34d60 00000001697c038a
0x000070000fc34d30:   0000000000000001 0000000000000000
0x000070000fc34d40:   0000003000000018 000070000fc34d70
0x000070000fc34d50:   000070000fc34c90 96cfdbb294710075
0x000070000fc34d60:   000070000fc34db0 00000001692914e8
0x000070000fc34d70:   00007f85810fa3b0 00007f8581611da0
0x000070000fc34d80:   00007f857c114340 000000016f69d1c0
0x000070000fc34d90:   000070000fc34f30 000000016edbc0f0
0x000070000fc34da0:   000070000fc34e28 000000016edbc1b0
0x000070000fc34db0:   000070000fc34df0 0000000167d2bd12
0x000070000fc34dc0:   96cfdbb294710075 00000007821fc860
0x000070000fc34dd0:   000070000fc34e50 000070000fc34e28 

Instructions: (pc=0x000000010e7e96f6)
0x000000010e7e95f6:   0f 1f 40 00 48 83 7d 90 00 74 09 48 8d 7d 88 e8
0x000000010e7e9606:   7c b1 24 00 48 8b 9b f0 00 00 00 4c 8b 73 08 48
0x000000010e7e9616:   8b 43 10 48 83 38 00 74 19 48 8b 73 28 4c 89 f7
0x000000010e7e9626:   e8 77 ec cf ff 48 8b 7b 10 e8 32 eb cf ff 48 8b
0x000000010e7e9636:   43 10 49 89 46 10 48 8b 43 18 49 89 46 18 48 8b
0x000000010e7e9646:   43 20 49 89 46 20 48 8d 7d a8 e8 ab 44 33 00 4c
0x000000010e7e9656:   3b 6d d0 75 1a f2 0f 10 85 78 fe ff ff 48 81 c4
0x000000010e7e9666:   68 01 00 00 5b 41 5c 41 5d 41 5e 41 5f 5d c3 e8
0x000000010e7e9676:   da 58 39 00 55 48 89 e5 41 57 41 56 41 55 41 54
0x000000010e7e9686:   53 48 83 ec 78 49 89 cd 49 89 d6 49 89 f4 49 89
0x000000010e7e9696:   ff 49 8d 9f c0 fc ff ff b8 55 21 ff ff 41 03 87
0x000000010e7e96a6:   90 00 00 00 83 f8 02 72 0a 48 89 df e8 8d 5f 31
0x000000010e7e96b6:   00 31 db 48 8d 7d d0 48 89 de e8 bb 43 33 00 48
0x000000010e7e96c6:   89 5d b0 48 c7 45 b8 00 00 00 00 48 83 7b 08 00
0x000000010e7e96d6:   74 09 48 8d 7d b0 e8 59 b0 24 00 4c 89 ff 4c 89
0x000000010e7e96e6:   e6 4c 89 f2 90 0f 1f 40 00 c7 45 a0 04 00 00 00
0x000000010e7e96f6:   49 8b 06 48 8b 40 08 48 8b 48 08 0f b7 40 2c 48
0x000000010e7e9706:   8b 74 c1 40 48 8d bd 60 ff ff ff e8 f6 cd 29 00
0x000000010e7e9716:   c7 85 78 ff ff ff 63 00 00 00 48 c7 45 80 00 00
0x000000010e7e9726:   00 00 48 8d 05 69 18 52 00 48 89 85 60 ff ff ff
0x000000010e7e9736:   49 8b 45 10 48 89 45 98 49 8b 45 00 49 8b 4d 08
0x000000010e7e9746:   48 89 4d 90 48 89 45 88 41 f6 c4 01 75 0b 4c 89
0x000000010e7e9756:   e7 ff 15 23 04 52 00 eb 0c 49 ff cc 4c 89 e7 ff
0x000000010e7e9766:   15 95 ac 51 00 48 89 c7 e8 ef ea fb ff 48 8b 08
0x000000010e7e9776:   48 89 c7 48 89 de ff 91 b0 00 00 00 31 ff 48 83
0x000000010e7e9786:   7b 08 00 41 bc 00 00 00 00 75 2f 48 8d 75 a0 48
0x000000010e7e9796:   8d 8d 60 ff ff ff 4c 89 ff 4c 89 f2 49 89 d8 e8
0x000000010e7e97a6:   a4 ec ff ff 31 ff 48 83 7b 08 00 41 bc 00 00 00
0x000000010e7e97b6:   00 75 07 0f b6 7d a8 41 88 fc 90 0f 1f 40 00 48
0x000000010e7e97c6:   83 7d b8 00 74 09 48 8d 7d b0 e8 b1 af 24 00 48
0x000000010e7e97d6:   8b 9b f0 00 00 00 4c 8b 73 08 48 8b 43 10 48 83
0x000000010e7e97e6:   38 00 74 19 48 8b 73 28 4c 89 f7 e8 ac ea cf ff 


Stack slot to memory mapping:
stack at sp + 0 slots: 0x000070000fc34c00 is pointing into the stack for thread: 0x00007f857c114000
stack at sp + 1 slots: 0x000000010eb1e087: _ZN6Atomic4loadIPVvEET_PVKS3_+0x17 in /Library/Java/JavaVirtualMachines/amazon-corretto-11.jdk/Contents/Home/lib/server/libjvm.dylib at 0x000000010e400000
stack at sp + 2 slots: 0x96cfdbb294710075 is an unknown value
stack at sp + 3 slots: 0x00007f857c114000 is a thread
stack at sp + 4 slots: 0x000070000fc34c30 is pointing into the stack for thread: 0x00007f857c114000
stack at sp + 5 slots: 0x000000010eb1e060: _ZN11OrderAccess12ordered_loadIPVvL15ScopedFenceType0EEET_PVKS4_+0x30 in /Library/Java/JavaVirtualMachines/amazon-corretto-11.jdk/Contents/Home/lib/server/libjvm.dylib at 0x000000010e400000
stack at sp + 6 slots: 0x0000000000000001 is an unknown value
stack at sp + 7 slots: 0x00007f857c114108 points into unknown readable memory: 00 b0 bf 0c 01 00 00 00


---------------  P R O C E S S  ---------------

Threads class SMR info:
_java_thread_list=0x00007f85810fb490, length=50, elements={
0x00007f8579846800, 0x00007f8579849000, 0x00007f857b808800, 0x00007f857d006800,
0x00007f857a007800, 0x00007f857983c800, 0x00007f857b841800, 0x00007f857d061800,
0x00007f857d062800, 0x00007f857d06c000, 0x00007f857c093800, 0x00007f8579885000,
0x00007f857c800000, 0x00007f857d09c000, 0x00007f857d09f000, 0x00007f857a8ea000,
0x00007f857d0ac800, 0x00007f857c000800, 0x00007f857d130000, 0x00007f857a4e7000,
0x00007f857a4e8000, 0x00007f8581c09000, 0x00007f857d1ca800, 0x00007f8579a07800,
0x00007f857a4da000, 0x00007f85818f3800, 0x00007f8579ad5000, 0x00007f857c395000,
0x00007f8579ad4000, 0x00007f857e008000, 0x00007f857c23d000, 0x00007f857c23d800,
0x00007f857c231000, 0x00007f857d1bb000, 0x00007f857d18e000, 0x00007f857d26c800,
0x00007f857d26d800, 0x00007f857d26e800, 0x00007f8581c1a800, 0x00007f857c231800,
0x00007f8581a3a800, 0x00007f857c399000, 0x00007f857c39a000, 0x00007f8581c0a000,
0x00007f8579ae2800, 0x00007f857c22f800, 0x00007f857d03d800, 0x00007f8579af4800,
0x00007f857c267800, 0x00007f857c114000
}

Java Threads: ( => current thread )
  0x00007f8579846800 JavaThread "Reference Handler" daemon [_thread_blocked, id=19459, stack(0x000070000b3b0000,0x000070000b4b0000)]
  0x00007f8579849000 JavaThread "Finalizer" daemon [_thread_blocked, id=18947, stack(0x000070000b4b3000,0x000070000b5b3000)]
  0x00007f857b808800 JavaThread "Signal Dispatcher" daemon [_thread_blocked, id=17155, stack(0x000070000b6bc000,0x000070000b7bc000)]
  0x00007f857d006800 JavaThread "C2 CompilerThread0" daemon [_thread_in_native, id=14083, stack(0x000070000b7bf000,0x000070000b8bf000)]
  0x00007f857a007800 JavaThread "C1 CompilerThread0" daemon [_thread_blocked, id=16387, stack(0x000070000b8c2000,0x000070000b9c2000)]
  0x00007f857983c800 JavaThread "Sweeper thread" daemon [_thread_blocked, id=15107, stack(0x000070000b9c5000,0x000070000bac5000)]
  0x00007f857b841800 JavaThread "Common-Cleaner" daemon [_thread_blocked, id=15619, stack(0x000070000bac8000,0x000070000bbc8000)]
  0x00007f857d061800 JavaThread "Monitor Ctrl-Break" daemon [_thread_in_native, id=43267, stack(0x000070000bbcb000,0x000070000bccb000)]
  0x00007f857d062800 JavaThread "Service Thread" daemon [_thread_blocked, id=22531, stack(0x000070000bcce000,0x000070000bdce000)]
  0x00007f857d06c000 JavaThread "JavaFX Application Thread" daemon [_thread_in_native, id=775, stack(0x00007ffee286a000,0x00007ffee306a000)]
  0x00007f857c093800 JavaThread "AWT-Shutdown" [_thread_blocked, id=28931, stack(0x000070000bed4000,0x000070000bfd4000)]
  0x00007f8579885000 JavaThread "Timer-0" daemon [_thread_blocked, id=56327, stack(0x000070000c4f5000,0x000070000c5f5000)]
  0x00007f857c800000 JavaThread "AWT-EventQueue-0" [_thread_in_native, id=56583, stack(0x000070000c5f8000,0x000070000c6f8000)]
  0x00007f857d09c000 JavaThread "Thread-4" [_thread_blocked, id=56835, stack(0x000070000c6fb000,0x000070000c7fb000)]
  0x00007f857d09f000 JavaThread "DestroyJavaVM" [_thread_blocked, id=10499, stack(0x000070000aea1000,0x000070000afa1000)]
  0x00007f857a8ea000 JavaThread "Java2D Queue Flusher" daemon [_thread_blocked, id=73735, stack(0x000070000c7fe000,0x000070000c8fe000)]
  0x00007f857d0ac800 JavaThread "Attach Listener" daemon [_thread_blocked, id=73219, stack(0x000070000c901000,0x000070000ca01000)]
  0x00007f857c000800 JavaThread "Java2D Disposer" daemon [_thread_blocked, id=70663, stack(0x000070000ca04000,0x000070000cb04000)]
  0x00007f857d130000 JavaThread "EDT" [_thread_blocked, id=128515, stack(0x000070000d525000,0x000070000d625000)]
  0x00007f857a4e7000 JavaThread "Network Thread" [_thread_blocked, id=89619, stack(0x000070000d628000,0x000070000d728000)]
  0x00007f857a4e8000 JavaThread "Network Thread" [_thread_blocked, id=127507, stack(0x000070000d72b000,0x000070000d82b000)]
  0x00007f8581c09000 JavaThread "invokeAndBlock1" [_thread_blocked, id=123139, stack(0x000070000da34000,0x000070000db34000)]
  0x00007f857d1ca800 JavaThread "QuantumRenderer-0" daemon [_thread_blocked, id=130443, stack(0x000070000b5b6000,0x000070000b6b6000)]
  0x00007f8579a07800 JavaThread "InvokeLaterDispatcher" daemon [_thread_blocked, id=17927, stack(0x000070000c1e3000,0x000070000c2e3000)]
  0x00007f857a4da000 JavaThread "Thread-6" daemon [_thread_in_native, id=25871, stack(0x000070000bfd7000,0x000070000c057000)]
  0x00007f85818f3800 JavaThread "Prism Font Disposer" daemon [_thread_blocked, id=93963, stack(0x000070000c2e6000,0x000070000c3e6000)]
  0x00007f8579ad5000 JavaThread "Disposer" daemon [_thread_blocked, id=94471, stack(0x000070000d422000,0x000070000d522000)]
  0x00007f857c395000 JavaThread "URL-Loader-1" daemon [_thread_blocked, id=120835, stack(0x000070000decc000,0x000070000dfcc000)]
  0x00007f8579ad4000 JavaThread "URL-Loader-2" daemon [_thread_blocked, id=95791, stack(0x000070000dfcf000,0x000070000e0cf000)]
  0x00007f857e008000 JavaThread "URL-Loader-3" daemon [_thread_blocked, id=119555, stack(0x000070000e0d2000,0x000070000e1d2000)]
  0x00007f857c23d000 JavaThread "URL-Loader-4" daemon [_thread_blocked, id=119043, stack(0x000070000e1d5000,0x000070000e2d5000)]
  0x00007f857c23d800 JavaThread "URL-Loader-5" daemon [_thread_blocked, id=118531, stack(0x000070000e2d8000,0x000070000e3d8000)]
  0x00007f857c231000 JavaThread "URL-Loader-6" daemon [_thread_blocked, id=97283, stack(0x000070000e3db000,0x000070000e4db000)]
  0x00007f857d1bb000 JavaThread "URL-Loader-7" daemon [_thread_blocked, id=98051, stack(0x000070000e4de000,0x000070000e5de000)]
  0x00007f857d18e000 JavaThread "URL-Loader-8" daemon [_thread_blocked, id=117763, stack(0x000070000e5e1000,0x000070000e6e1000)]
  0x00007f857d26c800 JavaThread "URL-Loader-9" daemon [_thread_in_native, id=117251, stack(0x000070000e6e4000,0x000070000e7e4000)]
  0x00007f857d26d800 JavaThread "URL-Loader-10" daemon [_thread_blocked, id=116739, stack(0x000070000e7e7000,0x000070000e8e7000)]
  0x00007f857d26e800 JavaThread "URL-Loader-11" daemon [_thread_blocked, id=115971, stack(0x000070000e8ea000,0x000070000e9ea000)]
  0x00007f8581c1a800 JavaThread "URL-Loader-12" daemon [_thread_blocked, id=99331, stack(0x000070000e9ed000,0x000070000eaed000)]
  0x00007f857c231800 JavaThread "URL-Loader-13" daemon [_thread_blocked, id=114947, stack(0x000070000eaf0000,0x000070000ebf0000)]
  0x00007f8581a3a800 JavaThread "URL-Loader-14" daemon [_thread_blocked, id=114435, stack(0x000070000ebf3000,0x000070000ecf3000)]
  0x00007f857c399000 JavaThread "URL-Loader-15" daemon [_thread_blocked, id=113923, stack(0x000070000ed79000,0x000070000ee79000)]
  0x00007f857c39a000 JavaThread "URL-Loader-16" daemon [_thread_blocked, id=100871, stack(0x000070000ee7c000,0x000070000ef7c000)]
  0x00007f8581c0a000 JavaThread "URL-Loader-17" daemon [_thread_blocked, id=100647, stack(0x000070000ef7f000,0x000070000f07f000)]
  0x00007f8579ae2800 JavaThread "URL-Loader-18" daemon [_thread_blocked, id=101635, stack(0x000070000f082000,0x000070000f182000)]
  0x00007f857c22f800 JavaThread "URL-Loader-19" daemon [_thread_blocked, id=112643, stack(0x000070000f185000,0x000070000f285000)]
  0x00007f857d03d800 JavaThread "URL-Loader-20" daemon [_thread_blocked, id=102403, stack(0x000070000f288000,0x000070000f388000)]
  0x00007f8579af4800 JavaThread "Keep-Alive-Timer" daemon [_thread_blocked, id=103431, stack(0x000070000f38b000,0x000070000f48b000)]
  0x00007f857c267800 JavaThread "Cleaner-0" daemon [_thread_blocked, id=104219, stack(0x000070000fab2000,0x000070000fbb2000)]
=>0x00007f857c114000 JavaThread "Thread-8" daemon [_thread_in_vm, id=108803, stack(0x000070000fbb5000,0x000070000fc35000)]

Other Threads:
  0x00007f857983e800 VMThread "VM Thread" [stack: 0x000070000b2ad000,0x000070000b3ad000] [id=11523]
  0x00007f857d063800 WatcherThread [stack: 0x000070000bdd1000,0x000070000bed1000] [id=23043]
  0x00007f857c001800 GCTaskThread "GC Thread#0" [stack: 0x000070000afa4000,0x000070000b0a4000] [id=20739]
  0x00007f857d133000 GCTaskThread "GC Thread#1" [stack: 0x000070000cb07000,0x000070000cc07000] [id=58583]
  0x00007f857d140000 GCTaskThread "GC Thread#2" [stack: 0x000070000cc0a000,0x000070000cd0a000] [id=67599]
  0x00007f857d141000 GCTaskThread "GC Thread#3" [stack: 0x000070000cd0d000,0x000070000ce0d000] [id=66819]
  0x00007f857d1a8000 GCTaskThread "GC Thread#4" [stack: 0x000070000ce10000,0x000070000cf10000] [id=66307]
  0x00007f857d1a8800 GCTaskThread "GC Thread#5" [stack: 0x000070000cf13000,0x000070000d013000] [id=64003]
  0x00007f857d1a9800 GCTaskThread "GC Thread#6" [stack: 0x000070000d016000,0x000070000d116000] [id=65539]
  0x00007f857d1aa000 GCTaskThread "GC Thread#7" [stack: 0x000070000d119000,0x000070000d219000] [id=65027]
  0x00007f8581c1b800 GCTaskThread "GC Thread#8" [stack: 0x000070000d82e000,0x000070000d92e000] [id=124971]
  0x00007f8581c1d000 GCTaskThread "GC Thread#9" [stack: 0x000070000d931000,0x000070000da31000] [id=92443]
  0x00007f857c011000 ConcurrentGCThread "CMS Main Thread" [stack: 0x000070000b1aa000,0x000070000b2aa000] [id=20227]
  0x00007f857c010800 GCTaskThread "CMS Thread#0" [stack: 0x000070000b0a7000,0x000070000b1a7000] [id=11011]
  0x00007f857a433000 GCTaskThread "CMS Thread#1" [stack: 0x000070000d21c000,0x000070000d31c000] [id=71435]
  0x00007f857a4c1000 GCTaskThread "CMS Thread#2" [stack: 0x000070000d31f000,0x000070000d41f000] [id=64259]

Threads with active compile tasks:
C2 CompilerThread0  19757 5603       4       java.net.URLStreamHandler::parseURL (1201 bytes)

VM state:not at safepoint (normal execution)

VM Mutex/Monitor currently owned by a thread: None

Heap address: 0x0000000780000000, size: 2048 MB, Compressed Oops mode: Zero based, Oop shift amount: 3
Narrow klass base: 0x0000000800000000, Narrow klass shift: 0
Compressed class space size: 1073741824 Address: 0x0000000800000000

Heap:
 par new generation   total 39296K, used 38945K [0x0000000780000000, 0x0000000782aa0000, 0x00000007aaaa0000)
  eden space 34944K,  99% used [0x0000000780000000, 0x0000000782206520, 0x0000000782220000)
  from space 4352K,  94% used [0x0000000782660000, 0x0000000782a62218, 0x0000000782aa0000)
  to   space 4352K,   0% used [0x0000000782220000, 0x0000000782220000, 0x0000000782660000)
 concurrent mark-sweep generation total 168312K, used 107226K [0x00000007aaaa0000, 0x00000007b4efe000, 0x0000000800000000)
 Metaspace       used 46441K, capacity 47773K, committed 47996K, reserved 1091584K
  class space    used 5505K, capacity 6077K, committed 6092K, reserved 1048576K

Card table byte_map: [0x000000010f3db000,0x000000010f7dc000] _byte_map_base: 0x000000010b7db000

Marking Bits: (CMSBitMap*) 0x00007f857c00ff30
 Bits: [0x00000001104ea000, 0x0000000111a3f800)

Mod Union Table: (CMSBitMap*) 0x00007f857c00ffd0
 Bits: [0x0000000111a40000, 0x0000000111a95560)

Polling page: 0x000000010cbfa000

Metaspace:

Usage:
  Non-class:     40.72 MB capacity,    39.98 MB ( 98%) used,   607.41 KB (  1%) free+waste,   152.38 KB ( <1%) overhead. 
      Class:      5.93 MB capacity,     5.38 MB ( 91%) used,   495.70 KB (  8%) free+waste,    75.69 KB (  1%) overhead. 
       Both:     46.65 MB capacity,    45.35 MB ( 97%) used,     1.08 MB (  2%) free+waste,   228.06 KB ( <1%) overhead. 

Virtual space:
  Non-class space:       42.00 MB reserved,      40.92 MB ( 97%) committed 
      Class space:        1.00 GB reserved,       5.95 MB ( <1%) committed 
             Both:        1.04 GB reserved,      46.87 MB (  4%) committed 

Chunk freelists:
   Non-Class:  60.00 KB
       Class:  3.00 KB
        Both:  63.00 KB

MaxMetaspaceSize: unlimited
CompressedClassSpaceSize: 1.00 GB

CodeHeap 'non-profiled nmethods': size=120036Kb used=1949Kb max_used=1949Kb free=118086Kb
 bounds [0x0000000124f84000, 0x00000001251f4000, 0x000000012c4bd000]
CodeHeap 'profiled nmethods': size=120032Kb used=9827Kb max_used=9827Kb free=110204Kb
 bounds [0x000000011da4c000, 0x000000011e3fc000, 0x0000000124f84000]
CodeHeap 'non-nmethods': size=5692Kb used=1550Kb max_used=1566Kb free=4141Kb
 bounds [0x000000011d4bd000, 0x000000011d72d000, 0x000000011da4c000]
 total_blobs=8162 nmethods=5124 adapters=1012
 compilation: enabled
              stopped_count=0, restarted_count=0
 full_count=0

Compilation events (20 events):
Event: 19.742 Thread 0x00007f857a007800 nmethod 5801 0x0000000125167f90 code [0x0000000125168140, 0x0000000125168250]
Event: 19.742 Thread 0x00007f857a007800 5806       1       com.sun.javafx.geom.transform.BaseTransform::getMxt (2 bytes)
Event: 19.742 Thread 0x00007f857a007800 nmethod 5806 0x0000000125168310 code [0x00000001251684c0, 0x00000001251685d0]
Event: 19.742 Thread 0x00007f857a007800 5807       1       com.sun.javafx.geom.transform.BaseTransform::getMyt (2 bytes)
Event: 19.742 Thread 0x00007f857a007800 nmethod 5807 0x0000000125168690 code [0x0000000125168840, 0x0000000125168950]
Event: 19.742 Thread 0x00007f857a007800 5795       1       com.sun.prism.es2.ES2TextureData::getWrapMode (5 bytes)
Event: 19.742 Thread 0x00007f857a007800 nmethod 5795 0x0000000125168a10 code [0x0000000125168bc0, 0x0000000125168cd0]
Event: 19.742 Thread 0x00007f857a007800 5796       1       com.sun.prism.impl.BaseTexture::getLinearFiltering (5 bytes)
Event: 19.742 Thread 0x00007f857a007800 nmethod 5796 0x0000000125168d90 code [0x0000000125168f40, 0x0000000125169050]
Event: 19.742 Thread 0x00007f857a007800 5797       1       com.sun.prism.es2.ES2TextureData::isFiltered (5 bytes)
Event: 19.742 Thread 0x00007f857a007800 nmethod 5797 0x0000000125169110 code [0x00000001251692c0, 0x00000001251693d0]
Event: 19.742 Thread 0x00007f857a007800 5804       1       com.sun.prism.es2.ES2RTTextureData::getMSAARenderBufferID (5 bytes)
Event: 19.742 Thread 0x00007f857a007800 nmethod 5804 0x0000000125169490 code [0x0000000125169640, 0x0000000125169750]
Event: 19.742 Thread 0x00007f857a007800 5808       1       com.sun.prism.impl.BaseResourceFactory::isSuperShaderAllowed (5 bytes)
Event: 19.742 Thread 0x00007f857a007800 nmethod 5808 0x0000000125169810 code [0x00000001251699c0, 0x0000000125169ad0]
Event: 19.742 Thread 0x00007f857a007800 5803       1       com.sun.prism.paint.Color::getIntArgbPre (5 bytes)
Event: 19.742 Thread 0x00007f857a007800 nmethod 5803 0x0000000125169b90 code [0x0000000125169d40, 0x0000000125169e50]
Event: 19.742 Thread 0x00007f857a007800 5810   !   2       java.awt.EventQueue::isDispatchThreadImpl (99 bytes)
Event: 19.743 Thread 0x00007f857a007800 nmethod 5810 0x000000011e3e4b10 code [0x000000011e3e4d00, 0x000000011e3e5048]
Event: 19.743 Thread 0x00007f857a007800 5809       2       java.awt.EventQueue::isDispatchThread (9 bytes)

GC Heap History (20 events):
Event: 7.399 GC heap before
{Heap before GC invocations=7 (full 3):
 par new generation   total 39296K, used 39230K [0x0000000780000000, 0x0000000782aa0000, 0x00000007aaaa0000)
  eden space 34944K, 100% used [0x0000000780000000, 0x0000000782220000, 0x0000000782220000)
  from space 4352K,  98% used [0x0000000782660000, 0x0000000782a8f880, 0x0000000782aa0000)
  to   space 4352K,   0% used [0x0000000782220000, 0x0000000782220000, 0x0000000782660000)
 concurrent mark-sweep generation total 101816K, used 55973K [0x00000007aaaa0000, 0x00000007b0e0e000, 0x0000000800000000)
 Metaspace       used 25601K, capacity 26203K, committed 26624K, reserved 1073152K
  class space    used 2805K, capacity 3063K, committed 3072K, reserved 1048576K
}
Event: 7.400 GC heap after
{Heap after GC invocations=8 (full 3):
 par new generation   total 39296K, used 617K [0x0000000780000000, 0x0000000782aa0000, 0x00000007aaaa0000)
  eden space 34944K,   0% used [0x0000000780000000, 0x0000000780000000, 0x0000000782220000)
  from space 4352K,  14% used [0x0000000782220000, 0x00000007822ba590, 0x0000000782660000)
  to   space 4352K,   0% used [0x0000000782660000, 0x0000000782660000, 0x0000000782aa0000)
 concurrent mark-sweep generation total 101816K, used 59806K [0x00000007aaaa0000, 0x00000007b0e0e000, 0x0000000800000000)
 Metaspace       used 25601K, capacity 26203K, committed 26624K, reserved 1073152K
  class space    used 2805K, capacity 3063K, committed 3072K, reserved 1048576K
}
Event: 7.830 GC heap before
{Heap before GC invocations=8 (full 3):
 par new generation   total 39296K, used 35432K [0x0000000780000000, 0x0000000782aa0000, 0x00000007aaaa0000)
  eden space 34944K,  99% used [0x0000000780000000, 0x00000007821ffd40, 0x0000000782220000)
  from space 4352K,  14% used [0x0000000782220000, 0x00000007822ba590, 0x0000000782660000)
  to   space 4352K,   0% used [0x0000000782660000, 0x0000000782660000, 0x0000000782aa0000)
 concurrent mark-sweep generation total 101816K, used 59806K [0x00000007aaaa0000, 0x00000007b0e0e000, 0x0000000800000000)
 Metaspace       used 25701K, capacity 26395K, committed 26624K, reserved 1073152K
  class space    used 2805K, capacity 3063K, committed 3072K, reserved 1048576K
}
Event: 7.831 GC heap after
{Heap after GC invocations=9 (full 3):
 par new generation   total 39296K, used 641K [0x0000000780000000, 0x0000000782aa0000, 0x00000007aaaa0000)
  eden space 34944K,   0% used [0x0000000780000000, 0x0000000780000000, 0x0000000782220000)
  from space 4352K,  14% used [0x0000000782660000, 0x00000007827006d0, 0x0000000782aa0000)
  to   space 4352K,   0% used [0x0000000782220000, 0x0000000782220000, 0x0000000782660000)
 concurrent mark-sweep generation total 101816K, used 59806K [0x00000007aaaa0000, 0x00000007b0e0e000, 0x0000000800000000)
 Metaspace       used 25701K, capacity 26395K, committed 26624K, reserved 1073152K
  class space    used 2805K, capacity 3063K, committed 3072K, reserved 1048576K
}
Event: 17.585 GC heap before
{Heap before GC invocations=9 (full 3):
 par new generation   total 39296K, used 35585K [0x0000000780000000, 0x0000000782aa0000, 0x00000007aaaa0000)
  eden space 34944K,  99% used [0x0000000780000000, 0x000000078221ffe0, 0x0000000782220000)
  from space 4352K,  14% used [0x0000000782660000, 0x00000007827006d0, 0x0000000782aa0000)
  to   space 4352K,   0% used [0x0000000782220000, 0x0000000782220000, 0x0000000782660000)
 concurrent mark-sweep generation total 101816K, used 59806K [0x00000007aaaa0000, 0x00000007b0e0e000, 0x0000000800000000)
 Metaspace       used 30970K, capacity 31769K, committed 32000K, reserved 1077248K
  class space    used 3411K, capacity 3723K, committed 3840K, reserved 1048576K
}
Event: 17.590 GC heap after
{Heap after GC invocations=10 (full 3):
 par new generation   total 39296K, used 3643K [0x0000000780000000, 0x0000000782aa0000, 0x00000007aaaa0000)
  eden space 34944K,   0% used [0x0000000780000000, 0x0000000780000000, 0x0000000782220000)
  from space 4352K,  83% used [0x0000000782220000, 0x00000007825aee48, 0x0000000782660000)
  to   space 4352K,   0% used [0x0000000782660000, 0x0000000782660000, 0x0000000782aa0000)
 concurrent mark-sweep generation total 101816K, used 67109K [0x00000007aaaa0000, 0x00000007b0e0e000, 0x0000000800000000)
 Metaspace       used 30970K, capacity 31769K, committed 32000K, reserved 1077248K
  class space    used 3411K, capacity 3723K, committed 3840K, reserved 1048576K
}
Event: 18.002 GC heap before
{Heap before GC invocations=10 (full 3):
 par new generation   total 39296K, used 38587K [0x0000000780000000, 0x0000000782aa0000, 0x00000007aaaa0000)
  eden space 34944K, 100% used [0x0000000780000000, 0x0000000782220000, 0x0000000782220000)
  from space 4352K,  83% used [0x0000000782220000, 0x00000007825aee48, 0x0000000782660000)
  to   space 4352K,   0% used [0x0000000782660000, 0x0000000782660000, 0x0000000782aa0000)
 concurrent mark-sweep generation total 101816K, used 67109K [0x00000007aaaa0000, 0x00000007b0e0e000, 0x0000000800000000)
 Metaspace       used 39059K, capacity 39886K, committed 40192K, reserved 1085440K
  class space    used 4488K, capacity 4827K, committed 4864K, reserved 1048576K
}
Event: 18.005 GC heap after
{Heap after GC invocations=11 (full 3):
 par new generation   total 39296K, used 4352K [0x0000000780000000, 0x0000000782aa0000, 0x00000007aaaa0000)
  eden space 34944K,   0% used [0x0000000780000000, 0x0000000780000000, 0x0000000782220000)
  from space 4352K, 100% used [0x0000000782660000, 0x0000000782aa0000, 0x0000000782aa0000)
  to   space 4352K,   0% used [0x0000000782220000, 0x0000000782220000, 0x0000000782660000)
 concurrent mark-sweep generation total 101816K, used 70259K [0x00000007aaaa0000, 0x00000007b0e0e000, 0x0000000800000000)
 Metaspace       used 39059K, capacity 39886K, committed 40192K, reserved 1085440K
  class space    used 4488K, capacity 4827K, committed 4864K, reserved 1048576K
}
Event: 18.356 GC heap before
{Heap before GC invocations=11 (full 3):
 par new generation   total 39296K, used 39296K [0x0000000780000000, 0x0000000782aa0000, 0x00000007aaaa0000)
  eden space 34944K, 100% used [0x0000000780000000, 0x0000000782220000, 0x0000000782220000)
  from space 4352K, 100% used [0x0000000782660000, 0x0000000782aa0000, 0x0000000782aa0000)
  to   space 4352K,   0% used [0x0000000782220000, 0x0000000782220000, 0x0000000782660000)
 concurrent mark-sweep generation total 101816K, used 70839K [0x00000007aaaa0000, 0x00000007b0e0e000, 0x0000000800000000)
 Metaspace       used 43269K, capacity 44444K, committed 44620K, reserved 1087488K
  class space    used 5169K, capacity 5637K, committed 5708K, reserved 1048576K
}
Event: 18.359 GC heap after
{Heap after GC invocations=12 (full 3):
 par new generation   total 39296K, used 4347K [0x0000000780000000, 0x0000000782aa0000, 0x00000007aaaa0000)
  eden space 34944K,   0% used [0x0000000780000000, 0x0000000780000000, 0x0000000782220000)
  from space 4352K,  99% used [0x0000000782220000, 0x000000078265ed00, 0x0000000782660000)
  to   space 4352K,   0% used [0x0000000782660000, 0x0000000782660000, 0x0000000782aa0000)
 concurrent mark-sweep generation total 101816K, used 74331K [0x00000007aaaa0000, 0x00000007b0e0e000, 0x0000000800000000)
 Metaspace       used 43269K, capacity 44444K, committed 44620K, reserved 1087488K
  class space    used 5169K, capacity 5637K, committed 5708K, reserved 1048576K
}
Event: 18.515 GC heap before
{Heap before GC invocations=12 (full 4):
 par new generation   total 39296K, used 39295K [0x0000000780000000, 0x0000000782aa0000, 0x00000007aaaa0000)
  eden space 34944K, 100% used [0x0000000780000000, 0x0000000782220000, 0x0000000782220000)
  from space 4352K,  99% used [0x0000000782220000, 0x000000078265fff8, 0x0000000782660000)
  to   space 4352K,   0% used [0x0000000782660000, 0x0000000782660000, 0x0000000782aa0000)
 concurrent mark-sweep generation total 101816K, used 58850K [0x00000007aaaa0000, 0x00000007b0e0e000, 0x0000000800000000)
 Metaspace       used 43820K, capacity 45061K, committed 45436K, reserved 1089536K
  class space    used 5246K, capacity 5757K, committed 5836K, reserved 1048576K
}
Event: 18.518 GC heap after
{Heap after GC invocations=13 (full 4):
 par new generation   total 39296K, used 2792K [0x0000000780000000, 0x0000000782aa0000, 0x00000007aaaa0000)
  eden space 34944K,   0% used [0x0000000780000000, 0x0000000780000000, 0x0000000782220000)
  from space 4352K,  64% used [0x0000000782660000, 0x000000078291a2a8, 0x0000000782aa0000)
  to   space 4352K,   0% used [0x0000000782220000, 0x0000000782220000, 0x0000000782660000)
 concurrent mark-sweep generation total 101816K, used 61651K [0x00000007aaaa0000, 0x00000007b0e0e000, 0x0000000800000000)
 Metaspace       used 43820K, capacity 45061K, committed 45436K, reserved 1089536K
  class space    used 5246K, capacity 5757K, committed 5836K, reserved 1048576K
}
Event: 18.790 GC heap before
{Heap before GC invocations=13 (full 4):
 par new generation   total 39296K, used 36543K [0x0000000780000000, 0x0000000782aa0000, 0x00000007aaaa0000)
  eden space 34944K,  96% used [0x0000000780000000, 0x00000007820f5c58, 0x0000000782220000)
  from space 4352K,  64% used [0x0000000782660000, 0x000000078291a2a8, 0x0000000782aa0000)
  to   space 4352K,   0% used [0x0000000782220000, 0x0000000782220000, 0x0000000782660000)
 concurrent mark-sweep generation total 101816K, used 61651K [0x00000007aaaa0000, 0x00000007b0e0e000, 0x0000000800000000)
 Metaspace       used 44538K, capacity 45793K, committed 45948K, reserved 1089536K
  class space    used 5294K, capacity 5826K, committed 5836K, reserved 1048576K
}
Event: 18.792 GC heap after
{Heap after GC invocations=14 (full 4):
 par new generation   total 39296K, used 4352K [0x0000000780000000, 0x0000000782aa0000, 0x00000007aaaa0000)
  eden space 34944K,   0% used [0x0000000780000000, 0x0000000780000000, 0x0000000782220000)
  from space 4352K, 100% used [0x0000000782220000, 0x0000000782660000, 0x0000000782660000)
  to   space 4352K,   0% used [0x0000000782660000, 0x0000000782660000, 0x0000000782aa0000)
 concurrent mark-sweep generation total 101816K, used 65012K [0x00000007aaaa0000, 0x00000007b0e0e000, 0x0000000800000000)
 Metaspace       used 44538K, capacity 45793K, committed 45948K, reserved 1089536K
  class space    used 5294K, capacity 5826K, committed 5836K, reserved 1048576K
}
Event: 19.342 GC heap before
{Heap before GC invocations=14 (full 4):
 par new generation   total 39296K, used 38081K [0x0000000780000000, 0x0000000782aa0000, 0x00000007aaaa0000)
  eden space 34944K,  96% used [0x0000000780000000, 0x00000007820f0420, 0x0000000782220000)
  from space 4352K, 100% used [0x0000000782220000, 0x0000000782660000, 0x0000000782660000)
  to   space 4352K,   0% used [0x0000000782660000, 0x0000000782660000, 0x0000000782aa0000)
 concurrent mark-sweep generation total 101816K, used 65012K [0x00000007aaaa0000, 0x00000007b0e0e000, 0x0000000800000000)
 Metaspace       used 45058K, capacity 46258K, committed 46588K, reserved 1089536K
  class space    used 5340K, capacity 5851K, committed 5964K, reserved 1048576K
}
Event: 19.345 GC heap after
{Heap after GC invocations=15 (full 4):
 par new generation   total 39296K, used 4352K [0x0000000780000000, 0x0000000782aa0000, 0x00000007aaaa0000)
  eden space 34944K,   0% used [0x0000000780000000, 0x0000000780000000, 0x0000000782220000)
  from space 4352K, 100% used [0x0000000782660000, 0x0000000782aa0000, 0x0000000782aa0000)
  to   space 4352K,   0% used [0x0000000782220000, 0x0000000782220000, 0x0000000782660000)
 concurrent mark-sweep generation total 101816K, used 76374K [0x00000007aaaa0000, 0x00000007b0e0e000, 0x0000000800000000)
 Metaspace       used 45058K, capacity 46258K, committed 46588K, reserved 1089536K
  class space    used 5340K, capacity 5851K, committed 5964K, reserved 1048576K
}
Event: 19.425 GC heap before
{Heap before GC invocations=15 (full 5):
 par new generation   total 39296K, used 33373K [0x0000000780000000, 0x0000000782aa0000, 0x00000007aaaa0000)
  eden space 34944K,  83% used [0x0000000780000000, 0x0000000781c57770, 0x0000000782220000)
  from space 4352K, 100% used [0x0000000782660000, 0x0000000782aa0000, 0x0000000782aa0000)
  to   space 4352K,   0% used [0x0000000782220000, 0x0000000782220000, 0x0000000782660000)
 concurrent mark-sweep generation total 101816K, used 82615K [0x00000007aaaa0000, 0x00000007b0e0e000, 0x0000000800000000)
 Metaspace       used 45211K, capacity 46518K, committed 46844K, reserved 1089536K
  class space    used 5361K, capacity 5894K, committed 5964K, reserved 1048576K
}
Event: 19.431 GC heap after
{Heap after GC invocations=16 (full 5):
 par new generation   total 39296K, used 3140K [0x0000000780000000, 0x0000000782aa0000, 0x00000007aaaa0000)
  eden space 34944K,   0% used [0x0000000780000000, 0x0000000780000000, 0x0000000782220000)
  from space 4352K,  72% used [0x0000000782220000, 0x0000000782531338, 0x0000000782660000)
  to   space 4352K,   0% used [0x0000000782660000, 0x0000000782660000, 0x0000000782aa0000)
 concurrent mark-sweep generation total 109120K, used 101580K [0x00000007aaaa0000, 0x00000007b1530000, 0x0000000800000000)
 Metaspace       used 45211K, capacity 46518K, committed 46844K, reserved 1089536K
  class space    used 5361K, capacity 5894K, committed 5964K, reserved 1048576K
}
Event: 19.519 GC heap before
{Heap before GC invocations=16 (full 5):
 par new generation   total 39296K, used 32266K [0x0000000780000000, 0x0000000782aa0000, 0x00000007aaaa0000)
  eden space 34944K,  83% used [0x0000000780000000, 0x0000000781c718b0, 0x0000000782220000)
  from space 4352K,  72% used [0x0000000782220000, 0x0000000782531338, 0x0000000782660000)
  to   space 4352K,   0% used [0x0000000782660000, 0x0000000782660000, 0x0000000782aa0000)
 concurrent mark-sweep generation total 168312K, used 100985K [0x00000007aaaa0000, 0x00000007b4efe000, 0x0000000800000000)
 Metaspace       used 45384K, capacity 46679K, committed 46844K, reserved 1089536K
  class space    used 5388K, capacity 5947K, committed 5964K, reserved 1048576K
}
Event: 19.523 GC heap after
{Heap after GC invocations=17 (full 5):
 par new generation   total 39296K, used 4104K [0x0000000780000000, 0x0000000782aa0000, 0x00000007aaaa0000)
  eden space 34944K,   0% used [0x0000000780000000, 0x0000000780000000, 0x0000000782220000)
  from space 4352K,  94% used [0x0000000782660000, 0x0000000782a62218, 0x0000000782aa0000)
  to   space 4352K,   0% used [0x0000000782220000, 0x0000000782220000, 0x0000000782660000)
 concurrent mark-sweep generation total 168312K, used 107226K [0x00000007aaaa0000, 0x00000007b4efe000, 0x0000000800000000)
 Metaspace       used 45384K, capacity 46679K, committed 46844K, reserved 1089536K
  class space    used 5388K, capacity 5947K, committed 5964K, reserved 1048576K
}

Deoptimization events (20 events):
Event: 19.574 Thread 0x00007f857d06c000 DEOPT PACKING pc=0x000000011e168d35 sp=0x00007ffee3063360
Event: 19.574 Thread 0x00007f857d06c000 DEOPT UNPACKING pc=0x000000011d4e513a sp=0x00007ffee3062810 mode 0
Event: 19.575 Thread 0x00007f857d06c000 DEOPT PACKING pc=0x000000011e168d35 sp=0x00007ffee3063360
Event: 19.575 Thread 0x00007f857d06c000 DEOPT UNPACKING pc=0x000000011d4e513a sp=0x00007ffee3062810 mode 0
Event: 19.575 Thread 0x00007f857d06c000 DEOPT PACKING pc=0x000000011e168d35 sp=0x00007ffee3063360
Event: 19.575 Thread 0x00007f857d06c000 DEOPT UNPACKING pc=0x000000011d4e513a sp=0x00007ffee3062810 mode 0
Event: 19.575 Thread 0x00007f857d06c000 DEOPT PACKING pc=0x000000011e168d35 sp=0x00007ffee3063360
Event: 19.575 Thread 0x00007f857d06c000 DEOPT UNPACKING pc=0x000000011d4e513a sp=0x00007ffee3062810 mode 0
Event: 19.575 Thread 0x00007f857d06c000 DEOPT PACKING pc=0x000000011e168d35 sp=0x00007ffee3063360
Event: 19.575 Thread 0x00007f857d06c000 DEOPT UNPACKING pc=0x000000011d4e513a sp=0x00007ffee3062810 mode 0
Event: 19.576 Thread 0x00007f857d06c000 DEOPT PACKING pc=0x000000011e168d35 sp=0x00007ffee3063360
Event: 19.576 Thread 0x00007f857d06c000 DEOPT UNPACKING pc=0x000000011d4e513a sp=0x00007ffee3062810 mode 0
Event: 19.576 Thread 0x00007f857d06c000 DEOPT PACKING pc=0x000000011e168d35 sp=0x00007ffee3063360
Event: 19.576 Thread 0x00007f857d06c000 DEOPT UNPACKING pc=0x000000011d4e513a sp=0x00007ffee3062810 mode 0
Event: 19.576 Thread 0x00007f857d06c000 DEOPT PACKING pc=0x000000011e168d35 sp=0x00007ffee3063360
Event: 19.576 Thread 0x00007f857d06c000 DEOPT UNPACKING pc=0x000000011d4e513a sp=0x00007ffee3062810 mode 0
Event: 19.577 Thread 0x00007f857d06c000 DEOPT PACKING pc=0x000000011e168d35 sp=0x00007ffee3063360
Event: 19.577 Thread 0x00007f857d06c000 DEOPT UNPACKING pc=0x000000011d4e513a sp=0x00007ffee3062810 mode 0
Event: 19.629 Thread 0x00007f857c23d800 DEOPT PACKING pc=0x000000011de1c799 sp=0x000070000e3d4dd0
Event: 19.629 Thread 0x00007f857c23d800 DEOPT UNPACKING pc=0x000000011d4e513a sp=0x000070000e3d42d8 mode 0

Classes redefined (0 events):
No events

Internal exceptions (20 events):
Event: 18.218 Thread 0x00007f857d06c000 Exception <a 'java/lang/NoSuchMethodError'{0x0000000781458990}: 'java.lang.Object java.lang.invoke.DelegatingMethodHandle$Holder.reinvoke_L(java.lang.Object, java.lang.Object, int, int, long, int, java.lang.Object, java.lang.Object, java.lang.Object, int)
Event: 18.221 Thread 0x00007f857d06c000 Exception <a 'java/lang/NoSuchMethodError'{0x00000007814b7e08}: 'java.lang.Object java.lang.invoke.DirectMethodHandle$Holder.invokeSpecial(java.lang.Object, java.lang.Object, int, int, int, long, int, java.lang.Object, java.lang.Object, java.lang.Object, 
Event: 18.221 Thread 0x00007f857d06c000 Exception <a 'java/lang/NoSuchMethodError'{0x00000007814bb6b0}: 'java.lang.Object java.lang.invoke.DelegatingMethodHandle$Holder.reinvoke_L(java.lang.Object, int, int, int, long, int, java.lang.Object, java.lang.Object, java.lang.Object, int)'> (0x0000000
Event: 18.221 Thread 0x00007f857d06c000 Exception <a 'java/lang/NoSuchMethodError'{0x00000007814c32b0}: 'java.lang.Object java.lang.invoke.DirectMethodHandle$Holder.invokeStatic(java.lang.Object, java.lang.Object, java.lang.Object, java.lang.Object, java.lang.Object, int)'> (0x00000007814c32b0)
Event: 18.229 Thread 0x00007f857d06c000 Exception <a 'java/lang/NoSuchMethodError'{0x00000007815ad508}: 'java.lang.Object java.lang.invoke.DelegatingMethodHandle$Holder.reinvoke_L(java.lang.Object, java.lang.Object, long)'> (0x00000007815ad508) thrown at [/corretto/workspace/corretto11-repo/ins
Event: 18.400 Thread 0x00007f857d06c000 Exception <a 'java/lang/NoSuchMethodError'{0x000000078096a430}: 'java.lang.Object java.lang.invoke.DelegatingMethodHandle$Holder.reinvoke_L(java.lang.Object, java.lang.Object, int, int, long, int, int, java.lang.Object, java.lang.Object, int)'> (0x0000000
Event: 18.402 Thread 0x00007f857d06c000 Exception <a 'java/lang/NoSuchMethodError'{0x00000007809c7f88}: 'java.lang.Object java.lang.invoke.DirectMethodHandle$Holder.invokeSpecial(java.lang.Object, java.lang.Object, int, int, int, long, int, int, java.lang.Object, java.lang.Object, int)'> (0x000
Event: 18.403 Thread 0x00007f857d06c000 Exception <a 'java/lang/NoSuchMethodError'{0x00000007809cb728}: 'java.lang.Object java.lang.invoke.DelegatingMethodHandle$Holder.reinvoke_L(java.lang.Object, int, int, int, long, int, int, java.lang.Object, java.lang.Object, int)'> (0x00000007809cb728) th
Event: 19.067 Thread 0x00007f857d06c000 Exception <a 'java/io/FileNotFoundException'{0x0000000780313fd0}> (0x0000000780313fd0) thrown at [/corretto/workspace/corretto11-repo/installers/mac/tar/corretto-build/buildRoot/src/src/hotspot/share/prims/jni.cpp, line 615]
Event: 19.067 Thread 0x00007f857d06c000 Exception <a 'java/io/FileNotFoundException'{0x00000007803174d0}> (0x00000007803174d0) thrown at [/corretto/workspace/corretto11-repo/installers/mac/tar/corretto-build/buildRoot/src/src/hotspot/share/prims/jni.cpp, line 615]
Event: 19.067 Thread 0x00007f857d06c000 Exception <a 'java/io/FileNotFoundException'{0x0000000780318440}> (0x0000000780318440) thrown at [/corretto/workspace/corretto11-repo/installers/mac/tar/corretto-build/buildRoot/src/src/hotspot/share/prims/jni.cpp, line 615]
Event: 19.068 Thread 0x00007f857d06c000 Exception <a 'java/io/FileNotFoundException'{0x000000078032ae90}> (0x000000078032ae90) thrown at [/corretto/workspace/corretto11-repo/installers/mac/tar/corretto-build/buildRoot/src/src/hotspot/share/prims/jni.cpp, line 615]
Event: 19.407 Thread 0x00007f857c800000 Exception <a 'java/lang/NoSuchMethodError'{0x0000000781bb7b78}: 'java.lang.Object java.lang.invoke.DirectMethodHandle$Holder.invokeStatic(java.lang.Object, java.lang.Object, int, int, java.lang.Object)'> (0x0000000781bb7b78) thrown at [/corretto/workspace
Event: 19.408 Thread 0x00007f857c800000 Exception <a 'java/lang/NoSuchMethodError'{0x0000000781bbb4b8}: 'java.lang.Object java.lang.invoke.DirectMethodHandle$Holder.invokeSpecial(java.lang.Object, java.lang.Object, java.lang.Object, int, int, java.lang.Object)'> (0x0000000781bbb4b8) thrown at [
Event: 19.408 Thread 0x00007f857c800000 Exception <a 'java/lang/NoSuchMethodError'{0x0000000781bbe808}: 'java.lang.Object java.lang.invoke.Invokers$Holder.linkToTargetMethod(java.lang.Object, int, int, java.lang.Object, java.lang.Object)'> (0x0000000781bbe808) thrown at [/corretto/workspace/cor
Event: 19.437 Thread 0x00007f857d06c000 Exception <a 'java/lang/NoSuchMethodError'{0x00000007800e1510}: 'java.lang.Object java.lang.invoke.DirectMethodHandle$Holder.invokeStatic(java.lang.Object, java.lang.Object, java.lang.Object, java.lang.Object, java.lang.Object, java.lang.Object, java.lang
Event: 19.570 Thread 0x00007f857d06c000 Implicit null exception at 0x000000012514395f to 0x0000000125143a12
Event: 19.668 Thread 0x00007f857d1ca800 Exception <a 'java/lang/NoSuchMethodError'{0x0000000781458c20}: 'java.lang.Object java.lang.invoke.DirectMethodHandle$Holder.invokeStaticInit(java.lang.Object, int)'> (0x0000000781458c20) thrown at [/corretto/workspace/corretto11-repo/installers/mac/tar/c
Event: 19.743 Thread 0x00007f857c114000 Exception <a 'java/lang/NoClassDefFoundError'{0x00000007821fe460}: com/sun/webkit/FileSystem> (0x00000007821fe460) thrown at [/corretto/workspace/corretto11-repo/installers/mac/tar/corretto-build/buildRoot/src/src/hotspot/share/classfile/systemDictionary.
Event: 19.743 Thread 0x00007f857c114000 Exception <a 'java/lang/NoSuchMethodError'{0x00000007821fe770}: fwkMakeAllDirectories> (0x00000007821fe770) thrown at [/corretto/workspace/corretto11-repo/installers/mac/tar/corretto-build/buildRoot/src/src/hotspot/share/prims/jni.cpp, line 1331]

Events (20 events):
Event: 19.675 loading class com/sun/scenario/effect/impl/BufferUtil
Event: 19.675 loading class com/sun/scenario/effect/impl/BufferUtil done
Event: 19.682 loading class com/sun/javafx/geom/Path2D$CornerPrefix
Event: 19.682 loading class com/sun/javafx/geom/Path2D$CornerPrefix done
Event: 19.683 loading class com/sun/javafx/geom/Path2D$TxIterator
Event: 19.683 loading class com/sun/javafx/geom/Path2D$TxIterator done
Event: 19.683 loading class com/sun/javafx/geom/Path2D$Iterator
Event: 19.683 loading class com/sun/javafx/geom/Path2D$Iterator done
Event: 19.684 loading class com/sun/prism/shader/Texture_LinearGradient_PAD_Loader
Event: 19.684 loading class com/sun/prism/shader/Texture_LinearGradient_PAD_Loader done
Event: 19.695 loading class com/sun/webkit/graphics/WCRenderQueue
Event: 19.695 loading class com/sun/webkit/graphics/WCRenderQueue done
Event: 19.702 Executing VM operation: RevokeBias
Event: 19.702 Executing VM operation: RevokeBias done
Event: 19.735 Executing VM operation: RevokeBias
Event: 19.735 Executing VM operation: RevokeBias done
Event: 19.742 Protecting memory [0x000070000fbb5000,0x000070000fbb9000] with protection modes 0
Event: 19.743 Thread 0x00007f857c114000 Thread added: 0x00007f857c114000
Event: 19.743 loading class com/sun/webkit/FileSystem
Event: 19.743 loading class com/sun/webkit/FileSystem done


Dynamic libraries:
0x00007fff2d7ab000 	/System/Library/Frameworks/Cocoa.framework/Versions/A/Cocoa
0x00007fff3ad77000 	/System/Library/Frameworks/Security.framework/Versions/A/Security
0x00007fff2c736000 	/System/Library/Frameworks/ApplicationServices.framework/Versions/A/ApplicationServices
0x00007fff6515c000 	/usr/lib/libz.1.dylib
0x000000010cba1000 	/Library/Java/JavaVirtualMachines/amazon-corretto-11.jdk/Contents/Home/lib/jli/libjli.dylib
0x00007fff62c2f000 	/usr/lib/libSystem.B.dylib
0x00007fff2b92b000 	/System/Library/Frameworks/AppKit.framework/Versions/C/AppKit
0x00007fff2e22e000 	/System/Library/Frameworks/CoreData.framework/Versions/A/CoreData
0x00007fff30de6000 	/System/Library/Frameworks/Foundation.framework/Versions/C/Foundation
0x00007fff5f4da000 	/System/Library/PrivateFrameworks/UIFoundation.framework/Versions/A/UIFoundation
0x00007fff59cc5000 	/System/Library/PrivateFrameworks/RemoteViewServices.framework/Versions/A/RemoteViewServices
0x00007fff61f6a000 	/System/Library/PrivateFrameworks/XCTTargetBootstrap.framework/Versions/A/XCTTargetBootstrap
0x00007fff2e611000 	/System/Library/Frameworks/CoreDisplay.framework/Versions/A/CoreDisplay
0x00007fff33b5e000 	/System/Library/Frameworks/Metal.framework/Versions/A/Metal
0x00007fff480e6000 	/System/Library/PrivateFrameworks/DesktopServicesPriv.framework/Versions/A/DesktopServicesPriv
0x00007fff63d65000 	/usr/lib/liblangid.dylib
0x00007fff4723d000 	/System/Library/PrivateFrameworks/CoreSVG.framework/Versions/A/CoreSVG
0x00007fff5ca87000 	/System/Library/PrivateFrameworks/SkyLight.framework/Versions/A/SkyLight
0x00007fff2eba3000 	/System/Library/Frameworks/CoreGraphics.framework/Versions/A/CoreGraphics
0x00007fff2a4ca000 	/System/Library/Frameworks/Accelerate.framework/Versions/A/Accelerate
0x00007fff6504d000 	/usr/lib/libxml2.2.dylib
0x00007fff52e04000 	/System/Library/PrivateFrameworks/IconServices.framework/Versions/A/IconServices
0x00007fff315ca000 	/System/Library/Frameworks/IOSurface.framework/Versions/A/IOSurface
0x00007fff62767000 	/usr/lib/libDiagnosticMessagesClient.dylib
0x00007fff47f5f000 	/System/Library/PrivateFrameworks/DFRFoundation.framework/Versions/A/DFRFoundation
0x00007fff63af3000 	/usr/lib/libicucore.A.dylib
0x00007fff2ca68000 	/System/Library/Frameworks/AudioToolbox.framework/Versions/A/AudioToolbox
0x00007fff2cb4a000 	/System/Library/Frameworks/AudioUnit.framework/Versions/A/AudioUnit
0x00007fff62e30000 	/usr/lib/libauto.dylib
0x00007fff47fe0000 	/System/Library/PrivateFrameworks/DataDetectorsCore.framework/Versions/A/DataDetectorsCore
0x00007fff2d2cb000 	/System/Library/Frameworks/Carbon.framework/Versions/A/Frameworks/HIToolbox.framework/Versions/A/HIToolbox
0x00007fff39fa9000 	/System/Library/Frameworks/QuartzCore.framework/Versions/A/QuartzCore
0x00007fff2d60a000 	/System/Library/Frameworks/Carbon.framework/Versions/A/Frameworks/SpeechRecognition.framework/Versions/A/SpeechRecognition
0x00007fff478e5000 	/System/Library/PrivateFrameworks/CoreUI.framework/Versions/A/CoreUI
0x00007fff2dc94000 	/System/Library/Frameworks/CoreAudio.framework/Versions/A/CoreAudio
0x00007fff30aae000 	/System/Library/Frameworks/DiskArbitration.framework/Versions/A/DiskArbitration
0x00007fff54e18000 	/System/Library/PrivateFrameworks/MultitouchSupport.framework/Versions/A/MultitouchSupport
0x00007fff639b9000 	/usr/lib/libenergytrace.dylib
0x00007fff31525000 	/System/Library/Frameworks/IOKit.framework/Versions/A/IOKit
0x00007fff2fb11000 	/System/Library/Frameworks/CoreServices.framework/Versions/A/CoreServices
0x00007fff56f22000 	/System/Library/PrivateFrameworks/PerformanceAnalysis.framework/Versions/A/PerformanceAnalysis
0x00007fff38fdf000 	/System/Library/Frameworks/OpenGL.framework/Versions/A/OpenGL
0x00007fff64a80000 	/usr/lib/libobjc.A.dylib
0x00007fff2d7b9000 	/System/Library/Frameworks/ColorSync.framework/Versions/A/ColorSync
0x00007fff2e721000 	/System/Library/Frameworks/CoreFoundation.framework/Versions/A/CoreFoundation
0x00007fff2f22a000 	/System/Library/Frameworks/CoreImage.framework/Versions/A/CoreImage
0x00007fff30587000 	/System/Library/Frameworks/CoreText.framework/Versions/A/CoreText
0x00007fff31650000 	/System/Library/Frameworks/ImageIO.framework/Versions/A/ImageIO
0x00007fff62f15000 	/usr/lib/libc++.1.dylib
0x00007fff62f91000 	/usr/lib/libcompression.dylib
0x00007fff62aa9000 	/usr/lib/libMobileGestalt.dylib
0x00007fff5e5bc000 	/System/Library/PrivateFrameworks/TextureIO.framework/Versions/A/TextureIO
0x00007fff62d96000 	/usr/lib/libate.dylib
0x00007fff5300d000 	/System/Library/PrivateFrameworks/InternationalSupport.framework/Versions/A/InternationalSupport
0x00007fff65bd2000 	/usr/lib/system/libcache.dylib
0x00007fff65bd8000 	/usr/lib/system/libcommonCrypto.dylib
0x00007fff65be4000 	/usr/lib/system/libcompiler_rt.dylib
0x00007fff65bec000 	/usr/lib/system/libcopyfile.dylib
0x00007fff65bf6000 	/usr/lib/system/libcorecrypto.dylib
0x00007fff65da4000 	/usr/lib/system/libdispatch.dylib
0x00007fff65de6000 	/usr/lib/system/libdyld.dylib
0x00007fff65e1c000 	/usr/lib/system/libkeymgr.dylib
0x00007fff65e2a000 	/usr/lib/system/liblaunch.dylib
0x00007fff65e2b000 	/usr/lib/system/libmacho.dylib
0x00007fff65e31000 	/usr/lib/system/libquarantine.dylib
0x00007fff65e34000 	/usr/lib/system/libremovefile.dylib
0x00007fff65e36000 	/usr/lib/system/libsystem_asl.dylib
0x00007fff65e4e000 	/usr/lib/system/libsystem_blocks.dylib
0x00007fff65e4f000 	/usr/lib/system/libsystem_c.dylib
0x00007fff65ed7000 	/usr/lib/system/libsystem_configuration.dylib
0x00007fff65edb000 	/usr/lib/system/libsystem_coreservices.dylib
0x00007fff65edf000 	/usr/lib/system/libsystem_darwin.dylib
0x00007fff65ee8000 	/usr/lib/system/libsystem_dnssd.dylib
0x00007fff65ef0000 	/usr/lib/system/libsystem_featureflags.dylib
0x00007fff65ef2000 	/usr/lib/system/libsystem_info.dylib
0x00007fff65f6d000 	/usr/lib/system/libsystem_m.dylib
0x00007fff65fb5000 	/usr/lib/system/libsystem_malloc.dylib
0x00007fff65fdd000 	/usr/lib/system/libsystem_networkextension.dylib
0x00007fff65feb000 	/usr/lib/system/libsystem_notify.dylib
0x00007fff6600a000 	/usr/lib/system/libsystem_sandbox.dylib
0x00007fff6600f000 	/usr/lib/system/libsystem_secinit.dylib
0x00007fff65f40000 	/usr/lib/system/libsystem_kernel.dylib
0x00007fff65ff5000 	/usr/lib/system/libsystem_platform.dylib
0x00007fff65fff000 	/usr/lib/system/libsystem_pthread.dylib
0x00007fff66012000 	/usr/lib/system/libsystem_symptoms.dylib
0x00007fff6601a000 	/usr/lib/system/libsystem_trace.dylib
0x00007fff66032000 	/usr/lib/system/libunwind.dylib
0x00007fff66038000 	/usr/lib/system/libxpc.dylib
0x00007fff62f69000 	/usr/lib/libc++abi.dylib
0x00007fff63d67000 	/usr/lib/liblzma.5.dylib
0x00007fff639e1000 	/usr/lib/libfakelink.dylib
0x00007fff62d23000 	/usr/lib/libarchive.2.dylib
0x00007fff3bf17000 	/System/Library/Frameworks/SystemConfiguration.framework/Versions/A/SystemConfiguration
0x00007fff62698000 	/usr/lib/libCRFSuite.dylib
0x00007fff2cec0000 	/System/Library/Frameworks/CFNetwork.framework/Versions/A/CFNetwork
0x00007fff62ef7000 	/usr/lib/libbsm.0.dylib
0x00007fff65e1d000 	/usr/lib/system/libkxld.dylib
0x00007fff41a21000 	/System/Library/PrivateFrameworks/AppleFSCompression.framework/Versions/A/AppleFSCompression
0x00007fff63278000 	/usr/lib/libcoretls.dylib
0x00007fff6328f000 	/usr/lib/libcoretls_cfhelpers.dylib
0x00007fff64ac4000 	/usr/lib/libpam.2.dylib
0x00007fff64bf7000 	/usr/lib/libsqlite3.dylib
0x00007fff6503a000 	/usr/lib/libxar.1.dylib
0x00007fff62f08000 	/usr/lib/libbz2.1.0.dylib
0x00007fff63a02000 	/usr/lib/libiconv.2.dylib
0x00007fff62f7e000 	/usr/lib/libcharset.1.dylib
0x00007fff6456b000 	/usr/lib/libnetwork.dylib
0x00007fff64acb000 	/usr/lib/libpcap.A.dylib
0x00007fff62cd8000 	/usr/lib/libapple_nghttp2.dylib
0x00007fff2fec8000 	/System/Library/Frameworks/CoreServices.framework/Versions/A/Frameworks/FSEvents.framework/Versions/A/FSEvents
0x00007fff2fb98000 	/System/Library/Frameworks/CoreServices.framework/Versions/A/Frameworks/CarbonCore.framework/Versions/A/CarbonCore
0x00007fff3010b000 	/System/Library/Frameworks/CoreServices.framework/Versions/A/Frameworks/Metadata.framework/Versions/A/Metadata
0x00007fff301a4000 	/System/Library/Frameworks/CoreServices.framework/Versions/A/Frameworks/OSServices.framework/Versions/A/OSServices
0x00007fff301d2000 	/System/Library/Frameworks/CoreServices.framework/Versions/A/Frameworks/SearchKit.framework/Versions/A/SearchKit
0x00007fff2fb12000 	/System/Library/Frameworks/CoreServices.framework/Versions/A/Frameworks/AE.framework/Versions/A/AE
0x00007fff2fed1000 	/System/Library/Frameworks/CoreServices.framework/Versions/A/Frameworks/LaunchServices.framework/Versions/A/LaunchServices
0x00007fff2fe7a000 	/System/Library/Frameworks/CoreServices.framework/Versions/A/Frameworks/DictionaryServices.framework/Versions/A/DictionaryServices
0x00007fff3023a000 	/System/Library/Frameworks/CoreServices.framework/Versions/A/Frameworks/SharedFileList.framework/Versions/A/SharedFileList
0x00007fff34e33000 	/System/Library/Frameworks/NetFS.framework/Versions/A/NetFS
0x00007fff55345000 	/System/Library/PrivateFrameworks/NetAuth.framework/Versions/A/NetAuth
0x00007fff62335000 	/System/Library/PrivateFrameworks/login.framework/Versions/A/Frameworks/loginsupport.framework/Versions/A/loginsupport
0x00007fff5e0b7000 	/System/Library/PrivateFrameworks/TCC.framework/Versions/A/TCC
0x00007fff4660c000 	/System/Library/PrivateFrameworks/CoreNLP.framework/Versions/A/CoreNLP
0x00007fff54848000 	/System/Library/PrivateFrameworks/MetadataUtilities.framework/Versions/A/MetadataUtilities
0x00007fff63e3f000 	/usr/lib/libmecabra.dylib
0x00007fff63d97000 	/usr/lib/libmecab.dylib
0x00007fff639f2000 	/usr/lib/libgermantok.dylib
0x00007fff62cbf000 	/usr/lib/libThaiTokenizer.dylib
0x00007fff626d0000 	/usr/lib/libChineseTokenizer.dylib
0x00007fff2a4e2000 	/System/Library/Frameworks/Accelerate.framework/Versions/A/Frameworks/vImage.framework/Versions/A/vImage
0x00007fff2b785000 	/System/Library/Frameworks/Accelerate.framework/Versions/A/Frameworks/vecLib.framework/Versions/A/vecLib
0x00007fff2b6c9000 	/System/Library/Frameworks/Accelerate.framework/Versions/A/Frameworks/vecLib.framework/Versions/A/libvMisc.dylib
0x00007fff2b4ef000 	/System/Library/Frameworks/Accelerate.framework/Versions/A/Frameworks/vecLib.framework/Versions/A/libvDSP.dylib
0x00007fff2ab4e000 	/System/Library/Frameworks/Accelerate.framework/Versions/A/Frameworks/vecLib.framework/Versions/A/libBLAS.dylib
0x00007fff2b0a9000 	/System/Library/Frameworks/Accelerate.framework/Versions/A/Frameworks/vecLib.framework/Versions/A/libLAPACK.dylib
0x00007fff2b44f000 	/System/Library/Frameworks/Accelerate.framework/Versions/A/Frameworks/vecLib.framework/Versions/A/libLinearAlgebra.dylib
0x00007fff2b4dc000 	/System/Library/Frameworks/Accelerate.framework/Versions/A/Frameworks/vecLib.framework/Versions/A/libSparseBLAS.dylib
0x00007fff2b465000 	/System/Library/Frameworks/Accelerate.framework/Versions/A/Frameworks/vecLib.framework/Versions/A/libQuadrature.dylib
0x00007fff2adb8000 	/System/Library/Frameworks/Accelerate.framework/Versions/A/Frameworks/vecLib.framework/Versions/A/libBNNS.dylib
0x00007fff2b46b000 	/System/Library/Frameworks/Accelerate.framework/Versions/A/Frameworks/vecLib.framework/Versions/A/libSparse.dylib
0x00007fff533cc000 	/System/Library/PrivateFrameworks/LanguageModeling.framework/Versions/A/LanguageModeling
0x00007fff45fa8000 	/System/Library/PrivateFrameworks/CoreEmoji.framework/Versions/A/CoreEmoji
0x00007fff534ea000 	/System/Library/PrivateFrameworks/LinguisticData.framework/Versions/A/LinguisticData
0x00007fff5349b000 	/System/Library/PrivateFrameworks/Lexicon.framework/Versions/A/Lexicon
0x00007fff62f7f000 	/usr/lib/libcmph.dylib
0x00007fff37a05000 	/System/Library/Frameworks/OpenDirectory.framework/Versions/A/Frameworks/CFOpenDirectory.framework/Versions/A/CFOpenDirectory
0x00007fff37a22000 	/System/Library/Frameworks/OpenDirectory.framework/Versions/A/OpenDirectory
0x00007fff3fcf0000 	/System/Library/PrivateFrameworks/APFS.framework/Versions/A/APFS
0x00007fff3b0ca000 	/System/Library/Frameworks/SecurityFoundation.framework/Versions/A/SecurityFoundation
0x00007fff65036000 	/usr/lib/libutil.dylib
0x00007fff47295000 	/System/Library/PrivateFrameworks/CoreServicesStore.framework/Versions/A/CoreServicesStore
0x00007fff3b182000 	/System/Library/Frameworks/ServiceManagement.framework/Versions/A/ServiceManagement
0x00007fff431d8000 	/System/Library/PrivateFrameworks/BackgroundTaskManagement.framework/Versions/A/BackgroundTaskManagement
0x00007fff65133000 	/usr/lib/libxslt.1.dylib
0x00007fff42086000 	/System/Library/PrivateFrameworks/AppleSystemInfo.framework/Versions/A/AppleSystemInfo
0x00007fff3186d000 	/System/Library/Frameworks/ImageIO.framework/Versions/A/Resources/libJPEG.dylib
0x00007fff31b2c000 	/System/Library/Frameworks/ImageIO.framework/Versions/A/Resources/libTIFF.dylib
0x00007fff31b0f000 	/System/Library/Frameworks/ImageIO.framework/Versions/A/Resources/libPng.dylib
0x00007fff317ae000 	/System/Library/Frameworks/ImageIO.framework/Versions/A/Resources/libGIF.dylib
0x00007fff317b2000 	/System/Library/Frameworks/ImageIO.framework/Versions/A/Resources/libJP2.dylib
0x00007fff31b2a000 	/System/Library/Frameworks/ImageIO.framework/Versions/A/Resources/libRadiance.dylib
0x00007fff639ba000 	/usr/lib/libexpat.1.dylib
0x00007fff41b7c000 	/System/Library/PrivateFrameworks/AppleJPEG.framework/Versions/A/AppleJPEG
0x00007fff4a502000 	/System/Library/PrivateFrameworks/FontServices.framework/libFontParser.dylib
0x00007fff6138c000 	/System/Library/PrivateFrameworks/WatchdogClient.framework/Versions/A/WatchdogClient
0x00007fff52a59000 	/System/Library/PrivateFrameworks/IOAccelerator.framework/Versions/A/IOAccelerator
0x00007fff33eec000 	/System/Library/Frameworks/MetalPerformanceShaders.framework/Versions/A/MetalPerformanceShaders
0x00007fff4f250000 	/System/Library/PrivateFrameworks/GPUWrangler.framework/Versions/A/GPUWrangler
0x00007fff52a64000 	/System/Library/PrivateFrameworks/IOPresentment.framework/Versions/A/IOPresentment
0x00007fff47f72000 	/System/Library/PrivateFrameworks/DSExternalDisplay.framework/Versions/A/DSExternalDisplay
0x00007fff3838b000 	/System/Library/Frameworks/OpenGL.framework/Versions/A/Libraries/libCoreFSCache.dylib
0x00007fff33c3e000 	/System/Library/Frameworks/MetalPerformanceShaders.framework/Frameworks/MPSCore.framework/Versions/A/MPSCore
0x00007fff33c7b000 	/System/Library/Frameworks/MetalPerformanceShaders.framework/Frameworks/MPSImage.framework/Versions/A/MPSImage
0x00007fff33d3d000 	/System/Library/Frameworks/MetalPerformanceShaders.framework/Frameworks/MPSNeuralNetwork.framework/Versions/A/MPSNeuralNetwork
0x00007fff33d02000 	/System/Library/Frameworks/MetalPerformanceShaders.framework/Frameworks/MPSMatrix.framework/Versions/A/MPSMatrix
0x00007fff33e9d000 	/System/Library/Frameworks/MetalPerformanceShaders.framework/Frameworks/MPSRayIntersector.framework/Versions/A/MPSRayIntersector
0x00007fff33d27000 	/System/Library/Frameworks/MetalPerformanceShaders.framework/Frameworks/MPSNDArray.framework/Versions/A/MPSNDArray
0x00007fff54895000 	/System/Library/PrivateFrameworks/MetalTools.framework/Versions/A/MetalTools
0x00007fff40ea7000 	/System/Library/PrivateFrameworks/AggregateDictionary.framework/Versions/A/AggregateDictionary
0x00007fff45a32000 	/System/Library/PrivateFrameworks/CoreAnalytics.framework/Versions/A/CoreAnalytics
0x00007fff41fa4000 	/System/Library/PrivateFrameworks/AppleSauce.framework/Versions/A/AppleSauce
0x00007fff6298c000 	/usr/lib/libIOReport.dylib
0x00007fff3073c000 	/System/Library/Frameworks/CoreVideo.framework/Versions/A/CoreVideo
0x00007fff506bc000 	/System/Library/PrivateFrameworks/GraphVisualizer.framework/Versions/A/GraphVisualizer
0x00007fff49a83000 	/System/Library/PrivateFrameworks/FaceCore.framework/Versions/A/FaceCore
0x00007fff379ac000 	/System/Library/Frameworks/OpenCL.framework/Versions/A/OpenCL
0x00007fff627ae000 	/usr/lib/libFosl_dynamic.dylib
0x00007fff55d40000 	/System/Library/PrivateFrameworks/OTSVG.framework/Versions/A/OTSVG
0x00007fff2c83b000 	/System/Library/Frameworks/ApplicationServices.framework/Versions/A/Frameworks/ATS.framework/Versions/A/Resources/libFontRegistry.dylib
0x00007fff4a6d3000 	/System/Library/PrivateFrameworks/FontServices.framework/libhvf.dylib
0x00007fff38396000 	/System/Library/Frameworks/OpenGL.framework/Versions/A/Libraries/libGFXShared.dylib
0x00007fff38573000 	/System/Library/Frameworks/OpenGL.framework/Versions/A/Libraries/libGLU.dylib
0x00007fff3839f000 	/System/Library/Frameworks/OpenGL.framework/Versions/A/Libraries/libGL.dylib
0x00007fff383aa000 	/System/Library/Frameworks/OpenGL.framework/Versions/A/Libraries/libGLImage.dylib
0x00007fff38388000 	/System/Library/Frameworks/OpenGL.framework/Versions/A/Libraries/libCVMSPluginSupport.dylib
0x00007fff38391000 	/System/Library/Frameworks/OpenGL.framework/Versions/A/Libraries/libCoreVMClient.dylib
0x00007fff6440d000 	/usr/lib/libncurses.5.4.dylib
0x00007fff2c737000 	/System/Library/Frameworks/ApplicationServices.framework/Versions/A/Frameworks/ATS.framework/Versions/A/ATS
0x00007fff2c904000 	/System/Library/Frameworks/ApplicationServices.framework/Versions/A/Frameworks/ColorSyncLegacy.framework/Versions/A/ColorSyncLegacy
0x00007fff2c9a3000 	/System/Library/Frameworks/ApplicationServices.framework/Versions/A/Frameworks/HIServices.framework/Versions/A/HIServices
0x00007fff2c9fa000 	/System/Library/Frameworks/ApplicationServices.framework/Versions/A/Frameworks/LangAnalysis.framework/Versions/A/LangAnalysis
0x00007fff2ca09000 	/System/Library/Frameworks/ApplicationServices.framework/Versions/A/Frameworks/PrintCore.framework/Versions/A/PrintCore
0x00007fff2ca4f000 	/System/Library/Frameworks/ApplicationServices.framework/Versions/A/Frameworks/QD.framework/Versions/A/QD
0x00007fff2ca5a000 	/System/Library/Frameworks/ApplicationServices.framework/Versions/A/Frameworks/SpeechSynthesis.framework/Versions/A/SpeechSynthesis
0x00007fff2c8d4000 	/System/Library/Frameworks/ApplicationServices.framework/Versions/A/Frameworks/ATSUI.framework/Versions/A/ATSUI
0x00007fff6384e000 	/usr/lib/libcups.2.dylib
0x00007fff32f9b000 	/System/Library/Frameworks/Kerberos.framework/Versions/A/Kerberos
0x00007fff3121b000 	/System/Library/Frameworks/GSS.framework/Versions/A/GSS
0x00007fff64b83000 	/usr/lib/libresolv.9.dylib
0x00007fff5085d000 	/System/Library/PrivateFrameworks/Heimdal.framework/Versions/A/Heimdal
0x00007fff32fae000 	/System/Library/Frameworks/Kerberos.framework/Versions/A/Libraries/libHeimdalProxy.dylib
0x00007fff639f8000 	/usr/lib/libheimdal-asn1.dylib
0x00007fff44ed8000 	/System/Library/PrivateFrameworks/CommonAuth.framework/Versions/A/CommonAuth
0x00007fff42123000 	/System/Library/PrivateFrameworks/AssertionServices.framework/Versions/A/AssertionServices
0x00007fff42cc6000 	/System/Library/PrivateFrameworks/AudioToolboxCore.framework/Versions/A/AudioToolboxCore
0x00007fff61fe6000 	/System/Library/PrivateFrameworks/caulk.framework/Versions/A/caulk
0x00007fff43284000 	/System/Library/PrivateFrameworks/BaseBoard.framework/Versions/A/BaseBoard
0x00007fff59e54000 	/System/Library/PrivateFrameworks/RunningBoardServices.framework/Versions/A/RunningBoardServices
0x00007fff56f2e000 	/System/Library/PrivateFrameworks/PersistentConnection.framework/Versions/A/PersistentConnection
0x00007fff598a3000 	/System/Library/PrivateFrameworks/ProtocolBuffer.framework/Versions/A/ProtocolBuffer
0x00007fff44efd000 	/System/Library/PrivateFrameworks/CommonUtilities.framework/Versions/A/CommonUtilities
0x00007fff43407000 	/System/Library/PrivateFrameworks/Bom.framework/Versions/A/Bom
0x00007fff6265b000 	/usr/lib/libAudioToolboxUtility.dylib
0x00007fff431e2000 	/System/Library/PrivateFrameworks/Backup.framework/Versions/A/Backup
0x00007fff47ce2000 	/System/Library/PrivateFrameworks/CrashReporterSupport.framework/Versions/A/CrashReporterSupport
0x00007fff5b94b000 	/System/Library/PrivateFrameworks/Sharing.framework/Versions/A/Sharing
0x00007fff418c7000 	/System/Library/PrivateFrameworks/Apple80211.framework/Versions/A/Apple80211
0x00007fff42f04000 	/System/Library/PrivateFrameworks/AuthKit.framework/Versions/A/AuthKit
0x00007fff47a12000 	/System/Library/PrivateFrameworks/CoreUtils.framework/Versions/A/CoreUtils
0x00007fff30781000 	/System/Library/Frameworks/CoreWLAN.framework/Versions/A/CoreWLAN
0x00007fff313a6000 	/System/Library/Frameworks/IOBluetooth.framework/Versions/A/IOBluetooth
0x00007fff54b93000 	/System/Library/PrivateFrameworks/MobileKeyBag.framework/Versions/A/MobileKeyBag
0x00007fff46ae8000 	/System/Library/PrivateFrameworks/CorePhoneNumbers.framework/Versions/A/CorePhoneNumbers
0x00007fff41b2f000 	/System/Library/PrivateFrameworks/AppleIDAuthSupport.framework/Versions/A/AppleIDAuthSupport
0x00007fff34e40000 	/System/Library/Frameworks/Network.framework/Versions/A/Network
0x00007fff53254000 	/System/Library/PrivateFrameworks/KeychainCircle.framework/Versions/A/KeychainCircle
0x00007fff2e1f6000 	/System/Library/Frameworks/CoreBluetooth.framework/Versions/A/CoreBluetooth
0x00007fff5d5c7000 	/System/Library/PrivateFrameworks/SpeechRecognitionCore.framework/Versions/A/SpeechRecognitionCore
0x000000010e400000 	/Library/Java/JavaVirtualMachines/amazon-corretto-11.jdk/Contents/Home/lib/server/libjvm.dylib
0x000000010cbc7000 	/Library/Java/JavaVirtualMachines/amazon-corretto-11.jdk/Contents/Home/lib/libverify.dylib
0x000000010cbd3000 	/Library/Java/JavaVirtualMachines/amazon-corretto-11.jdk/Contents/Home/lib/libjava.dylib
0x000000010f166000 	/Library/Java/JavaVirtualMachines/amazon-corretto-11.jdk/Contents/Home/lib/libinstrument.dylib
0x000000010f1ea000 	/Library/Java/JavaVirtualMachines/amazon-corretto-11.jdk/Contents/Home/lib/libzip.dylib
0x000000010f1f2000 	/Library/Java/JavaVirtualMachines/amazon-corretto-11.jdk/Contents/Home/lib/libjimage.dylib
0x0000000114981000 	/Library/Java/JavaVirtualMachines/amazon-corretto-11.jdk/Contents/Home/lib/libnio.dylib
0x000000011498f000 	/Library/Java/JavaVirtualMachines/amazon-corretto-11.jdk/Contents/Home/lib/libnet.dylib
0x0000000114a2c000 	/Library/Java/JavaVirtualMachines/amazon-corretto-11.jdk/Contents/Home/lib/libextnet.dylib
0x0000000114a93000 	/Library/Java/JavaVirtualMachines/amazon-corretto-11.jdk/Contents/Home/lib/libawt.dylib
0x0000000114b2e000 	/Library/Java/JavaVirtualMachines/amazon-corretto-11.jdk/Contents/Home/lib/libmlib_image.dylib
0x00007fff32f84000 	/System/Library/Frameworks/JavaVM.framework/Versions/A/Frameworks/JavaNativeFoundation.framework/Versions/A/JavaNativeFoundation
0x00007fff32f8d000 	/System/Library/Frameworks/JavaVM.framework/Versions/A/Frameworks/JavaRuntimeSupport.framework/Versions/A/JavaRuntimeSupport
0x00007fff32f96000 	/System/Library/Frameworks/JavaVM.framework/Versions/A/JavaVM
0x00007fff530b7000 	/System/Library/PrivateFrameworks/JavaLaunching.framework/Versions/A/JavaLaunching
0x00007fff2d2c6000 	/System/Library/Frameworks/Carbon.framework/Versions/A/Carbon
0x00007fff477c6000 	/System/Library/PrivateFrameworks/CoreSymbolication.framework/Versions/A/CoreSymbolication
0x00007fff2d2c7000 	/System/Library/Frameworks/Carbon.framework/Versions/A/Frameworks/CommonPanels.framework/Versions/A/CommonPanels
0x00007fff2d5c0000 	/System/Library/Frameworks/Carbon.framework/Versions/A/Frameworks/Help.framework/Versions/A/Help
0x00007fff2d5c4000 	/System/Library/Frameworks/Carbon.framework/Versions/A/Frameworks/ImageCapture.framework/Versions/A/ImageCapture
0x00007fff2d5cb000 	/System/Library/Frameworks/Carbon.framework/Versions/A/Frameworks/OpenScripting.framework/Versions/A/OpenScripting
0x00007fff2d5ca000 	/System/Library/Frameworks/Carbon.framework/Versions/A/Frameworks/Ink.framework/Versions/A/Ink
0x00007fff2d606000 	/System/Library/Frameworks/Carbon.framework/Versions/A/Frameworks/Print.framework/Versions/A/Print
0x00007fff2d607000 	/System/Library/Frameworks/Carbon.framework/Versions/A/Frameworks/SecurityHI.framework/Versions/A/SecurityHI
0x00007fff480a7000 	/System/Library/PrivateFrameworks/DebugSymbols.framework/Versions/A/DebugSymbols
0x0000000114b99000 	/Library/Java/JavaVirtualMachines/amazon-corretto-11.jdk/Contents/Home/lib/libawt_lwawt.dylib
0x0000000114c48000 	/Library/Java/JavaVirtualMachines/amazon-corretto-11.jdk/Contents/Home/lib/libosxapp.dylib
0x00007fff30c89000 	/System/Library/Frameworks/ExceptionHandling.framework/Versions/A/ExceptionHandling
0x000000012e8af000 	/Library/Java/JavaVirtualMachines/amazon-corretto-11.jdk/Contents/Home/lib/libfontmanager.dylib
0x000000012e9a8000 	/Library/Java/JavaVirtualMachines/amazon-corretto-11.jdk/Contents/Home/lib/libfreetype.dylib
0x00007fff47261000 	/System/Library/PrivateFrameworks/CoreServicesInternal.framework/Versions/A/CoreServicesInternal
0x00007fff30ca8000 	/System/Library/Frameworks/FileProvider.framework/Versions/A/FileProvider
0x00007fff2b786000 	/System/Library/Frameworks/Accounts.framework/Versions/A/Accounts
0x00007fff4f572000 	/System/Library/PrivateFrameworks/GenerationalStorage.framework/Versions/A/GenerationalStorage
0x00007fff5ddf8000 	/System/Library/PrivateFrameworks/SymptomDiagnosticReporter.framework/Versions/A/SymptomDiagnosticReporter
0x00007fff413b8000 	/System/Library/PrivateFrameworks/AppContainer.framework/Versions/A/AppContainer
0x00007fff64b9d000 	/usr/lib/libsandbox.1.dylib
0x00007fff60328000 	/System/Library/PrivateFrameworks/UserManagement.framework/Versions/A/UserManagement
0x00007fff43fc9000 	/System/Library/PrivateFrameworks/ChunkingLibrary.framework/Versions/A/ChunkingLibrary
0x00007fff4142a000 	/System/Library/PrivateFrameworks/AppSandbox.framework/Versions/A/AppSandbox
0x00007fff5b7d5000 	/System/Library/PrivateFrameworks/SecCodeWrapper.framework/Versions/A/SecCodeWrapper
0x00007fff62a72000 	/usr/lib/libMatch.1.dylib
0x00007fff22da6000 	/System/Library/CoreServices/RawCamera.bundle/Contents/MacOS/RawCamera
0x00007fff549bd000 	/System/Library/PrivateFrameworks/MobileAsset.framework/Versions/A/MobileAsset
0x00007fff5dca6000 	/System/Library/PrivateFrameworks/StreamingZip.framework/Versions/A/StreamingZip
0x00007fff33417000 	/System/Library/Frameworks/MediaToolbox.framework/Versions/A/MediaToolbox
0x00007fff459e1000 	/System/Library/PrivateFrameworks/CoreAVCHD.framework/Versions/A/CoreAVCHD
0x00007fff33341000 	/System/Library/Frameworks/MediaAccessibility.framework/Versions/A/MediaAccessibility
0x00007fff53d88000 	/System/Library/PrivateFrameworks/Mangrove.framework/Versions/A/Mangrove
0x00007fff2f94b000 	/System/Library/Frameworks/CoreMedia.framework/Versions/A/CoreMedia
0x00007fff53ff4000 	/System/Library/PrivateFrameworks/MediaExperience.framework/Versions/A/MediaExperience
0x00007fff3c1fd000 	/System/Library/Frameworks/VideoToolbox.framework/Versions/A/VideoToolbox
0x00007fff4560b000 	/System/Library/PrivateFrameworks/CoreAUC.framework/Versions/A/CoreAUC
0x00007fff64bf5000 	/usr/lib/libspindump.dylib
0x00007fff42671000 	/System/Library/PrivateFrameworks/AudioResourceArbitration.framework/Versions/A/AudioResourceArbitration
0x00007fff4208a000 	/System/Library/PrivateFrameworks/AppleVA.framework/Versions/A/AppleVA
0x00007fff2a4cb000 	/System/Library/Frameworks/Accelerate.framework/Versions/A/Frameworks/vImage.framework/Versions/A/Libraries/libCGInterfaces.dylib
0x0000000114961000 	/usr/lib/libobjc-trampolines.dylib
0x00007fff4a63a000 	/System/Library/PrivateFrameworks/FontServices.framework/libTrueTypeScaler.dylib
0x00007fff22fb5000 	/System/Library/Extensions/AMDMTLBronzeDriver.bundle/Contents/MacOS/AMDMTLBronzeDriver
0x00007fff52a4f000 	/System/Library/PrivateFrameworks/IOAccelMemoryInfo.framework/Versions/A/IOAccelMemoryInfo
0x00007fff273ef000 	/System/Library/Extensions/AppleIntelKBLGraphicsMTLDriver.bundle/Contents/MacOS/AppleIntelKBLGraphicsMTLDriver
0x00007fff4dba8000 	/System/Library/PrivateFrameworks/GPUCompiler.framework/Versions/3902/Libraries/libmetal_timestamp.dylib
0x00007fff610fc000 	/System/Library/PrivateFrameworks/ViewBridge.framework/Versions/A/ViewBridge
0x00007fff62338000 	/System/Library/PrivateFrameworks/login.framework/Versions/A/login
0x0000000114ca0000 	/Library/Java/JavaVirtualMachines/amazon-corretto-11.jdk/Contents/Home/lib/libprefs.dylib
0x00007fff38fef000 	/System/Library/Frameworks/OpenGL.framework/Versions/A/Resources/GLEngine.bundle/GLEngine
0x00007fff383e0000 	/System/Library/Frameworks/OpenGL.framework/Versions/A/Libraries/libGLProgrammability.dylib
0x00007fff265c6000 	/System/Library/Extensions/AppleIntelKBLGraphicsGLDriver.bundle/Contents/MacOS/AppleIntelKBLGraphicsGLDriver
0x00007fff4f244000 	/System/Library/PrivateFrameworks/GPUSupport.framework/Versions/A/Libraries/libGPUSupportMercury.dylib
0x0000000130f07000 	/System/Library/Extensions/AMDRadeonX4000GLDriver.bundle/Contents/MacOS/AMDRadeonX4000GLDriver
0x00007fff230d6000 	/System/Library/Extensions/AMDRadeonX4000GLDriver.bundle/Contents/MacOS/ATIRadeonX4000SCLib.dylib
0x00007fff246fb000 	/System/Library/Extensions/AMDShared.bundle/Contents/PlugIns/libSC.dylib
0x00007fff39169000 	/System/Library/Frameworks/OpenGL.framework/Versions/A/Resources/GLRendererFloat.bundle/GLRendererFloat
0x00007fff379a3000 	/System/Library/Frameworks/OpenCL.framework/Versions/A/Libraries/libcldcpuengine.dylib
0x00007fff63433000 	/usr/lib/libcrypto.35.dylib
0x00007fff5e800000 	/System/Library/PrivateFrameworks/TrustEvaluationAgent.framework/Versions/A/TrustEvaluationAgent
0x0000000114d08000 	/Library/Java/JavaVirtualMachines/amazon-corretto-11.jdk/Contents/Home/lib/libosxui.dylib
0x0000000163a61000 	/Library/Java/JavaVirtualMachines/amazon-corretto-11.jdk/Contents/Home/lib/libjavajpeg.dylib
0x0000000163d1a000 	/Library/Java/JavaVirtualMachines/amazon-corretto-11.jdk/Contents/Home/lib/libsunec.dylib
0x0000000114ce9000 	/Users/adventure/.codenameone/javafx/lib/libprism_es2.dylib
0x0000000163f5c000 	/Users/adventure/.codenameone/javafx/lib/libglass.dylib
0x0000000167d09000 	/Users/adventure/.codenameone/javafx/lib/libjfxwebkit.dylib
0x0000000163cbe000 	/Users/adventure/.codenameone/javafx/lib/libjavafx_font.dylib
0x000000016ef95000 	/Users/adventure/.codenameone/javafx/lib/libjavafx_iio.dylib
0x000000016ee00000 	/Users/adventure/.codenameone/javafx/lib/libglib-lite.dylib
0x00007fff639e4000 	/usr/lib/libffi.dylib
0x0000000174400000 	/Users/adventure/.codenameone/javafx/lib/libgstreamer-lite.dylib
0x0000000164ee1000 	/Users/adventure/.codenameone/javafx/lib/libjfxmedia.dylib
0x0000000164f64000 	/Users/adventure/.codenameone/javafx/lib/libjfxmedia_avf.dylib
0x00007fff2a0e4000 	/System/Library/Frameworks/AVFoundation.framework/Versions/A/AVFoundation
0x00007fff2a2de000 	/System/Library/Frameworks/AVFoundation.framework/Versions/A/Frameworks/AVFAudio.framework/Versions/A/AVFAudio
0x00007fff2fa26000 	/System/Library/Frameworks/CoreMediaIO.framework/Versions/A/CoreMediaIO
0x00007fff6264e000 	/usr/lib/libAudioStatistics.dylib
0x00007fff6237d000 	/System/Library/PrivateFrameworks/perfdata.framework/Versions/A/perfdata
0x00007fff64b3f000 	/usr/lib/libperfcheck.dylib
0x00007fff62b3d000 	/usr/lib/libSMC.dylib


VM Arguments:
jvm_args: -Xms128m -Xmx2048m -XX:ReservedCodeCacheSize=240m -XX:+UseConcMarkSweepGC -XX:SoftRefLRUPolicyMSPerMB=50 -ea -XX:CICompilerCount=2 -Dsun.io.useCanonPrefixCache=false -Djava.net.preferIPv4Stack=true -Djdk.http.auth.tunneling.disabledSchemes="" -XX:+HeapDumpOnOutOfMemoryError -XX:-OmitStackTraceInFastThrow -Djdk.attach.allowAttachSelf=true -Dkotlinx.coroutines.debug=off -Djdk.module.illegalAccess.silent=true -XX:+UseCompressedOops -Dfile.encoding=UTF-8 -XX:ErrorFile=$USER_HOME/java_error_in_idea_%p.log -XX:HeapDumpPath=$USER_HOME/java_error_in_idea.hprof -Dapple.laf.useScreenMenuBar=true -javaagent:/Applications/IntelliJ IDEA CE.app/Contents/lib/idea_rt.jar=50559:/Applications/IntelliJ IDEA CE.app/Contents/bin 
java_command: com.codename1.impl.javase.Simulator com.codename1.demos.kitchen.MyApplication
java_class_path (initial): /Users/adventure/Desktop/kitchesinkdemo/out/production/kitchesinkdemo:/Users/adventure/Desktop/kitchesinkdemo/src:/Users/adventure/Desktop/kitchesinkdemo/lib/CodenameOne.jar:/Users/adventure/Desktop/kitchesinkdemo/JavaSE.jar:native/internal_tmp:lib/impl/cls
Launcher Type: SUN_STANDARD

[Global flags]
     intx CICompilerCount                          = 2                                         {product} {command line}
    ccstr ErrorFile                                = $USER_HOME/java_error_in_idea_%p.log            {product} {command line}
     bool HeapDumpOnOutOfMemoryError               = true                                   {manageable} {command line}
    ccstr HeapDumpPath                             = $USER_HOME/java_error_in_idea.hprof         {manageable} {command line}
   size_t InitialHeapSize                          = 134217728                                 {product} {command line}
   size_t MaxHeapSize                              = 2147483648                                {product} {command line}
   size_t MaxNewSize                               = 715784192                                 {product} {ergonomic}
    uintx MaxTenuringThreshold                     = 6                                         {product} {ergonomic}
   size_t MinHeapDeltaBytes                        = 196608                                    {product} {ergonomic}
   size_t NewSize                                  = 44695552                                  {product} {ergonomic}
    uintx NonNMethodCodeHeapSize                   = 5825164                                {pd product} {ergonomic}
    uintx NonProfiledCodeHeapSize                  = 122916538                              {pd product} {ergonomic}
   size_t OldSize                                  = 89522176                                  {product} {ergonomic}
     bool OmitStackTraceInFastThrow                = false                                     {product} {command line}
    uintx ProfiledCodeHeapSize                     = 122916538                              {pd product} {ergonomic}
    uintx ReservedCodeCacheSize                    = 251658240                              {pd product} {command line}
     bool SegmentedCodeCache                       = true                                      {product} {ergonomic}
     intx SoftRefLRUPolicyMSPerMB                  = 50                                        {product} {command line}
     bool UseCompressedClassPointers               = true                                 {lp64_product} {ergonomic}
     bool UseCompressedOops                        = true                                 {lp64_product} {command line}
     bool UseConcMarkSweepGC                       = true                                      {product} {command line}

Logging:
Log output configuration:
 #0: stdout all=warning uptime,level,tags
 #1: stderr all=off uptime,level,tags

Environment Variables:
JAVA_HOME=/Library/Java/JavaVirtualMachines/amazon-corretto-11.jdk/Contents/Home
PATH=/usr/local/bin:/Library/Frameworks/Python.framework/Versions/3.7/bin:/usr/local/bin:/usr/bin:/bin:/usr/sbin:/sbin:/Users/adventure/dev/flutter/bin:/Users/adventure/Library/Android/sdk/tools:/Users/adventure/Library/Android/sdk/platform-tools
SHELL=/bin/zsh

Signal Handlers:
SIGSEGV: [libjvm.dylib+0x7577d8], sa_mask[0]=11111111011111110111111111111111, sa_flags=SA_ONSTACK|SA_RESTART|SA_SIGINFO
SIGBUS: [libjvm.dylib+0x7577d8], sa_mask[0]=11111111011111110111111111111111, sa_flags=SA_RESTART|SA_SIGINFO
SIGFPE: [libjvm.dylib+0x7577d8], sa_mask[0]=11111111011111110111111111111111, sa_flags=SA_RESTART|SA_SIGINFO
SIGPIPE: [libjvm.dylib+0x5fbe5c], sa_mask[0]=11111111011111110111111111111111, sa_flags=SA_RESTART|SA_SIGINFO
SIGXFSZ: [libjvm.dylib+0x5fbe5c], sa_mask[0]=11111111011111110111111111111111, sa_flags=SA_RESTART|SA_SIGINFO
SIGILL: [libjvm.dylib+0x7577d8], sa_mask[0]=11111111011111110111111111111111, sa_flags=SA_RESTART|SA_SIGINFO
SIGUSR2: [libjvm.dylib+0x5fc45a], sa_mask[0]=00100000000000000000000000000000, sa_flags=SA_RESTART|SA_SIGINFO
SIGHUP: [libjvm.dylib+0x5faf37], sa_mask[0]=11111111011111110111111111111111, sa_flags=SA_RESTART|SA_SIGINFO
SIGINT: [libjvm.dylib+0x5faf37], sa_mask[0]=11111111011111110111111111111111, sa_flags=SA_RESTART|SA_SIGINFO
SIGTERM: [libjvm.dylib+0x5faf37], sa_mask[0]=11111111011111110111111111111111, sa_flags=SA_RESTART|SA_SIGINFO
SIGQUIT: [libjvm.dylib+0x5faf37], sa_mask[0]=11111111011111110111111111111111, sa_flags=SA_RESTART|SA_SIGINFO


---------------  S Y S T E M  ---------------

OS:uname:Darwin 19.2.0 Darwin Kernel Version 19.2.0: Sat Nov  9 03:47:04 PST 2019; root:xnu-6153.61.1~20/RELEASE_X86_64 x86_64
rlimit: STACK 8192k, CORE 0k, NPROC 2784, NOFILE 10240, AS infinity, DATA infinity, FSIZE infinity
load average:2.15 1.87 1.92

CPU:total 12 (initial active 12) (6 cores per cpu, 2 threads per core) family 6 model 158 stepping 10, cmov, cx8, fxsr, mmx, sse, sse2, sse3, ssse3, sse4.1, sse4.2, popcnt, avx, avx2, aes, clmul, erms, 3dnowpref, lzcnt, ht, tsc, tscinvbit, bmi1, bmi2, adx, fma

Memory: 4k page, physical 16777216k(877288k free), swap 0k(0k free)

vm_info: OpenJDK 64-Bit Server VM (11.0.5+10-LTS) for bsd-amd64 JRE (11.0.5+10-LTS), built on Nov 12 2019 17:01:34 by "root" with gcc 4.2.1 Compatible Apple LLVM 8.0.0 (clang-800.0.42.1)

END.
