#
# A fatal error has been detected by the Java Runtime Environment:
#
#  SIGSEGV (0xb) at pc=0x00000001105e96f6, pid=1729, tid=117511
#
# JRE version: OpenJDK Runtime Environment (11.0.5+10) (build 11.0.5+10-LTS)
# Java VM: OpenJDK 64-Bit Server VM (11.0.5+10-LTS, mixed mode, tiered, compressed oops, concurrent mark sweep gc, bsd-amd64)
# Problematic frame:
# V  [libjvm.dylib+0x3e96f6]  jni_CallStaticBooleanMethodV+0x7c
#
# No core dump will be written. Core dumps have been disabled. To enable core dumping, try "ulimit -c unlimited" before starting Java again
#
# If you would like to submit a bug report, please visit:
#   http://bugreport.java.com/bugreport/crash.jsp
#

---------------  S U M M A R Y ------------

Command Line: -Xms128m -Xmx2048m -XX:ReservedCodeCacheSize=240m -XX:+UseConcMarkSweepGC -XX:SoftRefLRUPolicyMSPerMB=50 -ea -XX:CICompilerCount=2 -Dsun.io.useCanonPrefixCache=false -Djava.net.preferIPv4Stack=true -Djdk.http.auth.tunneling.disabledSchemes="" -XX:+HeapDumpOnOutOfMemoryError -XX:-OmitStackTraceInFastThrow -Djdk.attach.allowAttachSelf=true -Dkotlinx.coroutines.debug=off -Djdk.module.illegalAccess.silent=true -XX:+UseCompressedOops -Dfile.encoding=UTF-8 -XX:ErrorFile=$USER_HOME/java_error_in_idea_%p.log -XX:HeapDumpPath=$USER_HOME/java_error_in_idea.hprof -Dapple.laf.useScreenMenuBar=true -javaagent:/Applications/IntelliJ IDEA CE.app/Contents/lib/idea_rt.jar=50395:/Applications/IntelliJ IDEA CE.app/Contents/bin com.codename1.impl.javase.Simulator com.codename1.demos.kitchen.MyApplication

Host: MacBookPro15,1 x86_64 2200 MHz, 12 cores, 16G, Darwin 19.2.0
Time: Sat Dec 28 09:58:58 2019 +0545 elapsed time: 42 seconds (0d 0h 0m 42s)

---------------  T H R E A D  ---------------

Current thread (0x00007ff57e51d800):  JavaThread "Thread-7" daemon [_thread_in_vm, id=117511, stack(0x0000700009a08000,0x0000700009a88000)]

Stack: [0x0000700009a08000,0x0000700009a88000],  sp=0x0000700009a87be0,  free space=510k
Native frames: (J=compiled Java code, A=aot compiled Java code, j=interpreted, Vv=VM code, C=native code)
V  [libjvm.dylib+0x3e96f6]  jni_CallStaticBooleanMethodV+0x7c
C  [libjfxwebkit.dylib+0x9746]  _ZN7JNIEnv_23CallStaticBooleanMethodEP7_jclassP10_jmethodIDz+0x86
C  [libjfxwebkit.dylib+0x15884e8]  _ZN7WebCore10FileSystem18makeAllDirectoriesERKN3WTF6StringE+0x268
C  [libjfxwebkit.dylib+0x22d12]  _ZN7WebCore18StorageSyncManager20fullDatabaseFilenameERKN3WTF6StringE+0x22
C  [libjfxwebkit.dylib+0x1f0d6]  _ZN6WebKit15StorageAreaSync12openDatabaseENS0_21OpenDatabaseParamTypeE+0x36
C  [libjfxwebkit.dylib+0x1f6ee]  _ZN6WebKit15StorageAreaSync13performImportEv+0x1e
C  [libjfxwebkit.dylib+0x23619]  _ZN7WebCore13StorageThread16threadEntryPointEv+0x89
C  [libjfxwebkit.dylib+0x1a802b4]  _ZN3WTF6Thread10entryPointEPNS0_16NewThreadContextE+0xe4
C  [libjfxwebkit.dylib+0x1ab68d9]  _ZN3WTFL19wtfThreadEntryPointEPv+0x9
C  [libsystem_pthread.dylib+0x5e65]  _pthread_start+0x94
C  [libsystem_pthread.dylib+0x183b]  thread_start+0xf


siginfo: si_signo: 11 (SIGSEGV), si_code: 1 (SEGV_MAPERR), si_addr: 0x0000000000000000

Register to memory mapping:

RAX=0x0 is NULL
RBX=0x00007ff57e51d800 is a thread
RCX=0x00007ff57fc69048 points into unknown readable memory: e8 93 eb 81 07 00 00 00
RDX=0x0 is NULL
RSP=0x0000700009a87be0 is pointing into the stack for thread: 0x00007ff57e51d800
RBP=0x0000700009a87c80 is pointing into the stack for thread: 0x00007ff57e51d800
RSI=0x0 is NULL
RDI=0x00007ff57e51db40 points into unknown readable memory: 70 a7 b0 10 01 00 00 00
R8 =0x000000000000000a is an unknown value
R9 =0x00007ff57e51d800 is a thread
R10=0x0000000110adc820: _ZTV7CMSHeap+0x10 in /Library/Java/JavaVirtualMachines/amazon-corretto-11.jdk/Contents/Home/lib/server/libjvm.dylib at 0x0000000110200000
R11=0x0 is NULL
R12=0x0 is NULL
R13=0x0000700009a87d40 is pointing into the stack for thread: 0x00007ff57e51d800
R14=0x0 is NULL
R15=0x00007ff57e51db40 points into unknown readable memory: 70 a7 b0 10 01 00 00 00


Registers:
RAX=0x0000000000000000, RBX=0x00007ff57e51d800, RCX=0x00007ff57fc69048, RDX=0x0000000000000000
RSP=0x0000700009a87be0, RBP=0x0000700009a87c80, RSI=0x0000000000000000, RDI=0x00007ff57e51db40
R8 =0x000000000000000a, R9 =0x00007ff57e51d800, R10=0x0000000110adc820, R11=0x0000000000000000
R12=0x0000000000000000, R13=0x0000700009a87d40, R14=0x0000000000000000, R15=0x00007ff57e51db40
RIP=0x00000001105e96f6, EFLAGS=0x0000000000010206, ERR=0x0000000000000004
  TRAPNO=0x000000000000000e

Top of Stack: (sp=0x0000700009a87be0)
0x0000700009a87be0:   0000700009a87c00 000000011091e087
0x0000700009a87bf0:   4143e076b07d000c 00007ff57e51d800
0x0000700009a87c00:   0000700009a87c30 000000011091e060
0x0000700009a87c10:   0000000000000001 00007ff57e51d908
0x0000700009a87c20:   00007ff500000004 0000000000000004
0x0000700009a87c30:   00007ff57e51d800 00007ff57fc69040
0x0000700009a87c40:   0000000000000533 00000001109baa77
0x0000700009a87c50:   00007ff57e51d800 0000000000000000
0x0000700009a87c60:   000000016cf4f4b0 00007ff57e51db40
0x0000700009a87c70:   000000017396c0a0 0000000000000000
0x0000700009a87c80:   0000700009a87d60 00000001699cc746
0x0000700009a87c90:   0000000110b60201 00007ff57e51d800
0x0000700009a87ca0:   0000700009a87cc0 00007ff5855a73c0
0x0000700009a87cb0:   000000000000000a 00007ff57e51d800
0x0000700009a87cc0:   0000700009a87d20 00000001105ee597
0x0000700009a87cd0:   00007ff57e51d800 00007ff57fc69040
0x0000700009a87ce0:   0000700000000533 00000001109baa77
0x0000700009a87cf0:   00007ff57e51d800 0000000000000000
0x0000700009a87d00:   0000000000000039 000000017396c0a0
0x0000700009a87d10:   000000017396c0a0 0000700009a87d78
0x0000700009a87d20:   0000700009a87d60 000000016b47a38a
0x0000700009a87d30:   0000000000000001 0000000000000000
0x0000700009a87d40:   0000003000000018 0000700009a87d70
0x0000700009a87d50:   0000700009a87c90 4143e076b07d000c
0x0000700009a87d60:   0000700009a87db0 000000016af4b4e8
0x0000700009a87d70:   00007ff585324940 00007ff5855a73c0
0x0000700009a87d80:   00007ff57e51db40 000000017396c0a0
0x0000700009a87d90:   0000700009a87f30 00000001736dd690
0x0000700009a87da0:   0000700009a87e28 00000001736dd750
0x0000700009a87db0:   0000700009a87df0 00000001699e5d12
0x0000700009a87dc0:   4143e076b07d000c 0000000781eb6e18
0x0000700009a87dd0:   0000700009a87e50 0000700009a87e28 

Instructions: (pc=0x00000001105e96f6)
0x00000001105e95f6:   0f 1f 40 00 48 83 7d 90 00 74 09 48 8d 7d 88 e8
0x00000001105e9606:   7c b1 24 00 48 8b 9b f0 00 00 00 4c 8b 73 08 48
0x00000001105e9616:   8b 43 10 48 83 38 00 74 19 48 8b 73 28 4c 89 f7
0x00000001105e9626:   e8 77 ec cf ff 48 8b 7b 10 e8 32 eb cf ff 48 8b
0x00000001105e9636:   43 10 49 89 46 10 48 8b 43 18 49 89 46 18 48 8b
0x00000001105e9646:   43 20 49 89 46 20 48 8d 7d a8 e8 ab 44 33 00 4c
0x00000001105e9656:   3b 6d d0 75 1a f2 0f 10 85 78 fe ff ff 48 81 c4
0x00000001105e9666:   68 01 00 00 5b 41 5c 41 5d 41 5e 41 5f 5d c3 e8
0x00000001105e9676:   da 58 39 00 55 48 89 e5 41 57 41 56 41 55 41 54
0x00000001105e9686:   53 48 83 ec 78 49 89 cd 49 89 d6 49 89 f4 49 89
0x00000001105e9696:   ff 49 8d 9f c0 fc ff ff b8 55 21 ff ff 41 03 87
0x00000001105e96a6:   90 00 00 00 83 f8 02 72 0a 48 89 df e8 8d 5f 31
0x00000001105e96b6:   00 31 db 48 8d 7d d0 48 89 de e8 bb 43 33 00 48
0x00000001105e96c6:   89 5d b0 48 c7 45 b8 00 00 00 00 48 83 7b 08 00
0x00000001105e96d6:   74 09 48 8d 7d b0 e8 59 b0 24 00 4c 89 ff 4c 89
0x00000001105e96e6:   e6 4c 89 f2 90 0f 1f 40 00 c7 45 a0 04 00 00 00
0x00000001105e96f6:   49 8b 06 48 8b 40 08 48 8b 48 08 0f b7 40 2c 48
0x00000001105e9706:   8b 74 c1 40 48 8d bd 60 ff ff ff e8 f6 cd 29 00
0x00000001105e9716:   c7 85 78 ff ff ff 63 00 00 00 48 c7 45 80 00 00
0x00000001105e9726:   00 00 48 8d 05 69 18 52 00 48 89 85 60 ff ff ff
0x00000001105e9736:   49 8b 45 10 48 89 45 98 49 8b 45 00 49 8b 4d 08
0x00000001105e9746:   48 89 4d 90 48 89 45 88 41 f6 c4 01 75 0b 4c 89
0x00000001105e9756:   e7 ff 15 23 04 52 00 eb 0c 49 ff cc 4c 89 e7 ff
0x00000001105e9766:   15 95 ac 51 00 48 89 c7 e8 ef ea fb ff 48 8b 08
0x00000001105e9776:   48 89 c7 48 89 de ff 91 b0 00 00 00 31 ff 48 83
0x00000001105e9786:   7b 08 00 41 bc 00 00 00 00 75 2f 48 8d 75 a0 48
0x00000001105e9796:   8d 8d 60 ff ff ff 4c 89 ff 4c 89 f2 49 89 d8 e8
0x00000001105e97a6:   a4 ec ff ff 31 ff 48 83 7b 08 00 41 bc 00 00 00
0x00000001105e97b6:   00 75 07 0f b6 7d a8 41 88 fc 90 0f 1f 40 00 48
0x00000001105e97c6:   83 7d b8 00 74 09 48 8d 7d b0 e8 b1 af 24 00 48
0x00000001105e97d6:   8b 9b f0 00 00 00 4c 8b 73 08 48 8b 43 10 48 83
0x00000001105e97e6:   38 00 74 19 48 8b 73 28 4c 89 f7 e8 ac ea cf ff 


Stack slot to memory mapping:
stack at sp + 0 slots: 0x0000700009a87c00 is pointing into the stack for thread: 0x00007ff57e51d800
stack at sp + 1 slots: 0x000000011091e087: _ZN6Atomic4loadIPVvEET_PVKS3_+0x17 in /Library/Java/JavaVirtualMachines/amazon-corretto-11.jdk/Contents/Home/lib/server/libjvm.dylib at 0x0000000110200000
stack at sp + 2 slots: 0x4143e076b07d000c is an unknown value
stack at sp + 3 slots: 0x00007ff57e51d800 is a thread
stack at sp + 4 slots: 0x0000700009a87c30 is pointing into the stack for thread: 0x00007ff57e51d800
stack at sp + 5 slots: 0x000000011091e060: _ZN11OrderAccess12ordered_loadIPVvL15ScopedFenceType0EEET_PVKS4_+0x30 in /Library/Java/JavaVirtualMachines/amazon-corretto-11.jdk/Contents/Home/lib/server/libjvm.dylib at 0x0000000110200000
stack at sp + 6 slots: 0x0000000000000001 is an unknown value
stack at sp + 7 slots: 0x00007ff57e51d908 points into unknown readable memory: 00 d0 9f 0e 01 00 00 00


---------------  P R O C E S S  ---------------

Threads class SMR info:
_java_thread_list=0x00007ff586806c80, length=39, elements={
0x00007ff58180d800, 0x00007ff57e028000, 0x00007ff581806000, 0x00007ff57e007000,
0x00007ff57e02b800, 0x00007ff57e802800, 0x00007ff580801800, 0x00007ff57f014800,
0x00007ff57f007000, 0x00007ff57f258800, 0x00007ff57f261000, 0x00007ff57e803800,
0x00007ff580870800, 0x00007ff58086c800, 0x00007ff57d8a6800, 0x00007ff5811a8800,
0x00007ff57d95d800, 0x00007ff580a0a000, 0x00007ff582829800, 0x00007ff57e6db000,
0x00007ff57e6d8800, 0x00007ff57da6b800, 0x00007ff5810d7800, 0x00007ff580cd8000,
0x00007ff57d8eb800, 0x00007ff57d957800, 0x00007ff57e50a000, 0x00007ff57d8df000,
0x00007ff581356000, 0x00007ff57dccc800, 0x00007ff57dcd0000, 0x00007ff5861b4800,
0x00007ff5861b5800, 0x00007ff5861b7000, 0x00007ff58094e000, 0x00007ff581370800,
0x00007ff581a39000, 0x00007ff581257000, 0x00007ff57e51d800
}

Java Threads: ( => current thread )
  0x00007ff58180d800 JavaThread "Reference Handler" daemon [_thread_blocked, id=12291, stack(0x0000700005da7000,0x0000700005ea7000)]
  0x00007ff57e028000 JavaThread "Finalizer" daemon [_thread_blocked, id=19459, stack(0x0000700005eaa000,0x0000700005faa000)]
  0x00007ff581806000 JavaThread "Signal Dispatcher" daemon [_thread_blocked, id=14595, stack(0x00007000060b3000,0x00007000061b3000)]
  0x00007ff57e007000 JavaThread "C2 CompilerThread0" daemon [_thread_blocked, id=17923, stack(0x00007000061b6000,0x00007000062b6000)]
  0x00007ff57e02b800 JavaThread "C1 CompilerThread0" daemon [_thread_blocked, id=17155, stack(0x00007000062b9000,0x00007000063b9000)]
  0x00007ff57e802800 JavaThread "Sweeper thread" daemon [_thread_blocked, id=16899, stack(0x00007000063bc000,0x00007000064bc000)]
  0x00007ff580801800 JavaThread "Common-Cleaner" daemon [_thread_blocked, id=16131, stack(0x00007000064bf000,0x00007000065bf000)]
  0x00007ff57f014800 JavaThread "Monitor Ctrl-Break" daemon [_thread_in_native, id=22019, stack(0x00007000065c2000,0x00007000066c2000)]
  0x00007ff57f007000 JavaThread "Service Thread" daemon [_thread_blocked, id=43011, stack(0x00007000066c5000,0x00007000067c5000)]
  0x00007ff57f258800 JavaThread "JavaFX Application Thread" daemon [_thread_in_native, id=775, stack(0x00007ffee0a73000,0x00007ffee1273000)]
  0x00007ff57f261000 JavaThread "AWT-Shutdown" [_thread_blocked, id=35587, stack(0x00007000068cb000,0x00007000069cb000)]
  0x00007ff57e803800 JavaThread "Timer-0" daemon [_thread_blocked, id=76551, stack(0x0000700006f6f000,0x000070000706f000)]
  0x00007ff580870800 JavaThread "AWT-EventQueue-0" [_thread_blocked, id=58627, stack(0x0000700007175000,0x0000700007275000)]
  0x00007ff58086c800 JavaThread "Thread-4" [_thread_blocked, id=75783, stack(0x0000700007072000,0x0000700007172000)]
  0x00007ff57d8a6800 JavaThread "DestroyJavaVM" [_thread_blocked, id=6147, stack(0x0000700005898000,0x0000700005998000)]
  0x00007ff5811a8800 JavaThread "Java2D Queue Flusher" daemon [_thread_blocked, id=75271, stack(0x0000700007278000,0x0000700007378000)]
  0x00007ff57d95d800 JavaThread "Attach Listener" daemon [_thread_blocked, id=74755, stack(0x000070000737b000,0x000070000747b000)]
  0x00007ff580a0a000 JavaThread "Java2D Disposer" daemon [_thread_blocked, id=71687, stack(0x000070000747e000,0x000070000757e000)]
  0x00007ff582829800 JavaThread "EDT" [_thread_blocked, id=129035, stack(0x0000700007f9f000,0x000070000809f000)]
  0x00007ff57e6db000 JavaThread "Network Thread" [_thread_blocked, id=129299, stack(0x00007000080a2000,0x00007000081a2000)]
  0x00007ff57e6d8800 JavaThread "Network Thread" [_thread_blocked, id=90891, stack(0x00007000081a5000,0x00007000082a5000)]
  0x00007ff57da6b800 JavaThread "invokeAndBlock1" [_thread_blocked, id=124675, stack(0x00007000084ae000,0x00007000085ae000)]
  0x00007ff5810d7800 JavaThread "QuantumRenderer-0" daemon [_thread_blocked, id=34623, stack(0x00007000069ce000,0x0000700006ace000)]
  0x00007ff580cd8000 JavaThread "InvokeLaterDispatcher" daemon [_thread_blocked, id=34831, stack(0x0000700006ad1000,0x0000700006bd1000)]
  0x00007ff57d8eb800 JavaThread "Thread-6" daemon [_thread_in_native, id=92943, stack(0x0000700006bd4000,0x0000700006c54000)]
  0x00007ff57d957800 JavaThread "Prism Font Disposer" daemon [_thread_blocked, id=19207, stack(0x0000700006cda000,0x0000700006dda000)]
  0x00007ff57e50a000 JavaThread "Disposer" daemon [_thread_blocked, id=34311, stack(0x0000700006ddd000,0x0000700006edd000)]
  0x00007ff57d8df000 JavaThread "URL-Loader-1" daemon [_thread_blocked, id=97539, stack(0x0000700008d5e000,0x0000700008e5e000)]
  0x00007ff581356000 JavaThread "URL-Loader-2" daemon [_thread_in_native, id=121091, stack(0x0000700008ee4000,0x0000700008fe4000)]
  0x00007ff57dccc800 JavaThread "URL-Loader-3" daemon [_thread_blocked, id=120579, stack(0x0000700008fe7000,0x00007000090e7000)]
  0x00007ff57dcd0000 JavaThread "URL-Loader-4" daemon [_thread_blocked, id=99075, stack(0x00007000090ea000,0x00007000091ea000)]
  0x00007ff5861b4800 JavaThread "URL-Loader-5" daemon [_thread_blocked, id=99843, stack(0x00007000091ed000,0x00007000092ed000)]
  0x00007ff5861b5800 JavaThread "URL-Loader-6" daemon [_thread_blocked, id=119555, stack(0x00007000092f0000,0x00007000093f0000)]
  0x00007ff5861b7000 JavaThread "URL-Loader-7" daemon [_thread_blocked, id=101379, stack(0x00007000094f9000,0x00007000095f9000)]
  0x00007ff58094e000 JavaThread "Cleaner-0" daemon [_thread_blocked, id=118787, stack(0x00007000095fc000,0x00007000096fc000)]
  0x00007ff581370800 JavaThread "Keep-Alive-Timer" daemon [_thread_blocked, id=102411, stack(0x00007000096ff000,0x00007000097ff000)]
  0x00007ff581a39000 JavaThread "URL-Loader-8" daemon [_thread_in_native, id=103183, stack(0x0000700009802000,0x0000700009902000)]
  0x00007ff581257000 JavaThread "URL-Loader-9" daemon [_thread_blocked, id=103447, stack(0x0000700009905000,0x0000700009a05000)]
=>0x00007ff57e51d800 JavaThread "Thread-7" daemon [_thread_in_vm, id=117511, stack(0x0000700009a08000,0x0000700009a88000)]

Other Threads:
  0x00007ff581808000 VMThread "VM Thread" [stack: 0x0000700005ca4000,0x0000700005da4000] [id=20483]
  0x00007ff57e05b800 WatcherThread [stack: 0x00007000067c8000,0x00007000068c8000] [id=42755]
  0x00007ff57e00e000 GCTaskThread "GC Thread#0" [stack: 0x000070000599b000,0x0000700005a9b000] [id=11267]
  0x00007ff57f49b800 GCTaskThread "GC Thread#1" [stack: 0x0000700007581000,0x0000700007681000] [id=74323]
  0x00007ff57f47e800 GCTaskThread "GC Thread#2" [stack: 0x0000700007684000,0x0000700007784000] [id=67599]
  0x00007ff57f440000 GCTaskThread "GC Thread#3" [stack: 0x0000700007787000,0x0000700007887000] [id=63747]
  0x00007ff57f47a800 GCTaskThread "GC Thread#4" [stack: 0x000070000788a000,0x000070000798a000] [id=66307]
  0x00007ff57f4fa000 GCTaskThread "GC Thread#5" [stack: 0x000070000798d000,0x0000700007a8d000] [id=64003]
  0x00007ff57f424800 GCTaskThread "GC Thread#6" [stack: 0x0000700007a90000,0x0000700007b90000] [id=65539]
  0x00007ff581220000 GCTaskThread "GC Thread#7" [stack: 0x0000700007b93000,0x0000700007c93000] [id=65027]
  0x00007ff57da64000 GCTaskThread "GC Thread#8" [stack: 0x00007000082a8000,0x00007000083a8000] [id=126255]
  0x00007ff57da60800 GCTaskThread "GC Thread#9" [stack: 0x00007000083ab000,0x00007000084ab000] [id=93443]
  0x00007ff57e010800 ConcurrentGCThread "CMS Main Thread" [stack: 0x0000700005ba1000,0x0000700005ca1000] [id=20995]
  0x00007ff57e010000 GCTaskThread "CMS Thread#0" [stack: 0x0000700005a9e000,0x0000700005b9e000] [id=11779]
  0x00007ff57e0be000 GCTaskThread "CMS Thread#1" [stack: 0x0000700007c96000,0x0000700007d96000] [id=61199]
  0x00007ff57e2e9000 GCTaskThread "CMS Thread#2" [stack: 0x0000700007d99000,0x0000700007e99000] [id=64515]

Threads with active compile tasks:

VM state:not at safepoint (normal execution)

VM Mutex/Monitor currently owned by a thread: None

Heap address: 0x0000000780000000, size: 2048 MB, Compressed Oops mode: Zero based, Oop shift amount: 3
Narrow klass base: 0x0000000800000000, Narrow klass shift: 0
Compressed class space size: 1073741824 Address: 0x0000000800000000

Heap:
 par new generation   total 39296K, used 33676K [0x0000000780000000, 0x0000000782aa0000, 0x00000007aaaa0000)
  eden space 34944K,  90% used [0x0000000780000000, 0x0000000781ee97b0, 0x0000000782220000)
  from space 4352K,  46% used [0x0000000782220000, 0x0000000782419a20, 0x0000000782660000)
  to   space 4352K,   0% used [0x0000000782660000, 0x0000000782660000, 0x0000000782aa0000)
 concurrent mark-sweep generation total 125308K, used 68881K [0x00000007aaaa0000, 0x00000007b24ff000, 0x0000000800000000)
 Metaspace       used 44988K, capacity 46236K, committed 46464K, reserved 1089536K
  class space    used 5343K, capacity 5896K, committed 6016K, reserved 1048576K

Card table byte_map: [0x00000001111d0000,0x00000001115d1000] _byte_map_base: 0x000000010d5d0000

Marking Bits: (CMSBitMap*) 0x00007ff57e00f730
 Bits: [0x00000001122df000, 0x0000000113834800)

Mod Union Table: (CMSBitMap*) 0x00007ff57e00f7d0
 Bits: [0x0000000113835000, 0x000000011388a560)

Polling page: 0x000000010e9fc000

Metaspace:

Usage:
  Non-class:     39.39 MB capacity,    38.72 MB ( 98%) used,   550.30 KB (  1%) free+waste,   144.69 KB ( <1%) overhead. 
      Class:      5.76 MB capacity,     5.22 MB ( 91%) used,   479.86 KB (  8%) free+waste,    72.19 KB (  1%) overhead. 
       Both:     45.15 MB capacity,    43.93 MB ( 97%) used,     1.01 MB (  2%) free+waste,   216.88 KB ( <1%) overhead. 

Virtual space:
  Non-class space:       40.00 MB reserved,      39.50 MB ( 99%) committed 
      Class space:        1.00 GB reserved,       5.88 MB ( <1%) committed 
             Both:        1.04 GB reserved,      45.38 MB (  4%) committed 

Chunk freelists:
   Non-Class:  44.00 KB
       Class:  24.00 KB
        Both:  68.00 KB

MaxMetaspaceSize: unlimited
CompressedClassSpaceSize: 1.00 GB

CodeHeap 'non-profiled nmethods': size=120036Kb used=2094Kb max_used=2123Kb free=117941Kb
 bounds [0x0000000124280000, 0x00000001244f0000, 0x000000012b7b9000]
CodeHeap 'profiled nmethods': size=120032Kb used=8990Kb max_used=9091Kb free=111041Kb
 bounds [0x000000011cd48000, 0x000000011d638000, 0x0000000124280000]
CodeHeap 'non-nmethods': size=5692Kb used=1547Kb max_used=1581Kb free=4144Kb
 bounds [0x000000011c7b9000, 0x000000011ca29000, 0x000000011cd48000]
 total_blobs=7579 nmethods=4723 adapters=1005
 compilation: enabled
              stopped_count=0, restarted_count=0
 full_count=0

Compilation events (20 events):
Event: 42.806 Thread 0x00007ff57e02b800 nmethod 5220 0x000000011d021010 code [0x000000011d0211c0, 0x000000011d0213f0]
Event: 42.806 Thread 0x00007ff57e02b800 5221       3       java.util.Collections$UnmodifiableMap$UnmodifiableEntrySet$1::hasNext (10 bytes)
Event: 42.806 Thread 0x00007ff57e02b800 nmethod 5221 0x000000011d026e10 code [0x000000011d026fe0, 0x000000011d027208]
Event: 42.806 Thread 0x00007ff57e02b800 5222       3       java.util.Collections$UnmodifiableMap$UnmodifiableEntrySet$1::next (5 bytes)
Event: 42.806 Thread 0x00007ff57e02b800 nmethod 5222 0x000000011d02bd10 code [0x000000011d02bf20, 0x000000011d02c698]
Event: 42.806 Thread 0x00007ff57e02b800 5223       3       java.util.Collections$UnmodifiableMap$UnmodifiableEntrySet$1::next (20 bytes)
Event: 42.807 Thread 0x00007ff57e02b800 nmethod 5223 0x000000011d02b210 code [0x000000011d02b420, 0x000000011d02bb38]
Event: 42.811 Thread 0x00007ff57e02b800 5224       3       sun.font.FontDesignMetrics::getDefaultFrc (53 bytes)
Event: 42.812 Thread 0x00007ff57e02b800 nmethod 5224 0x000000011d032710 code [0x000000011d032980, 0x000000011d0332c8]
Event: 42.813 Thread 0x00007ff57e007000 5225   !   4       sun.java2d.SunGraphics2D::validateCompClip (186 bytes)
Event: 42.826 Thread 0x00007ff57e007000 nmethod 5225 0x00000001243b6190 code [0x00000001243b6480, 0x00000001243b71d8]
Event: 42.843 Thread 0x00007ff57e02b800 5226       1       com.codename1.ui.RadioButton::isOppositeSide (5 bytes)
Event: 42.843 Thread 0x00007ff57e02b800 nmethod 5226 0x00000001243b5e10 code [0x00000001243b5fc0, 0x00000001243b60d0]
Event: 42.847 Thread 0x00007ff57e007000 5227       4       java.util.Collections$UnmodifiableCollection$1::hasNext (10 bytes)
Event: 42.847 Thread 0x00007ff57e02b800 5228       3       sun.net.www.MeteredStream::justRead (109 bytes)
Event: 42.848 Thread 0x00007ff57e007000 nmethod 5227 0x00000001243b5b10 code [0x00000001243b5ca0, 0x00000001243b5d38]
Event: 42.848 Thread 0x00007ff57e02b800 nmethod 5228 0x000000011d0d2d90 code [0x000000011d0d2fa0, 0x000000011d0d36a8]
Event: 42.848 Thread 0x00007ff57e02b800 5229       3       sun.security.ssl.Authenticator::increaseSequenceNumber (29 bytes)
Event: 42.848 Thread 0x00007ff57e02b800 nmethod 5229 0x000000011d028d90 code [0x000000011d028f60, 0x000000011d0291d0]
Event: 42.860 Thread 0x00007ff57e007000 5230       4       sun.net.www.ParseUtil::encodePath (41 bytes)

GC Heap History (20 events):
Event: 2.637 GC heap before
{Heap before GC invocations=2 (full 0):
 par new generation   total 39296K, used 37773K [0x0000000780000000, 0x0000000782aa0000, 0x00000007aaaa0000)
  eden space 34944K, 100% used [0x0000000780000000, 0x0000000782220000, 0x0000000782220000)
  from space 4352K,  65% used [0x0000000782220000, 0x00000007824e3480, 0x0000000782660000)
  to   space 4352K,   0% used [0x0000000782660000, 0x0000000782660000, 0x0000000782aa0000)
 concurrent mark-sweep generation total 87424K, used 27493K [0x00000007aaaa0000, 0x00000007b0000000, 0x0000000800000000)
 Metaspace       used 17963K, capacity 18471K, committed 18816K, reserved 1067008K
  class space    used 1930K, capacity 2094K, committed 2176K, reserved 1048576K
}
Event: 2.646 GC heap after
{Heap after GC invocations=3 (full 0):
 par new generation   total 39296K, used 713K [0x0000000780000000, 0x0000000782aa0000, 0x00000007aaaa0000)
  eden space 34944K,   0% used [0x0000000780000000, 0x0000000780000000, 0x0000000782220000)
  from space 4352K,  16% used [0x0000000782660000, 0x0000000782712680, 0x0000000782aa0000)
  to   space 4352K,   0% used [0x0000000782220000, 0x0000000782220000, 0x0000000782660000)
 concurrent mark-sweep generation total 87424K, used 49917K [0x00000007aaaa0000, 0x00000007b0000000, 0x0000000800000000)
 Metaspace       used 17963K, capacity 18471K, committed 18816K, reserved 1067008K
  class space    used 1930K, capacity 2094K, committed 2176K, reserved 1048576K
}
Event: 3.114 GC heap before
{Heap before GC invocations=3 (full 1):
 par new generation   total 39296K, used 35657K [0x0000000780000000, 0x0000000782aa0000, 0x00000007aaaa0000)
  eden space 34944K, 100% used [0x0000000780000000, 0x0000000782220000, 0x0000000782220000)
  from space 4352K,  16% used [0x0000000782660000, 0x0000000782712680, 0x0000000782aa0000)
  to   space 4352K,   0% used [0x0000000782220000, 0x0000000782220000, 0x0000000782660000)
 concurrent mark-sweep generation total 87424K, used 49885K [0x00000007aaaa0000, 0x00000007b0000000, 0x0000000800000000)
 Metaspace       used 17970K, capacity 18471K, committed 18816K, reserved 1067008K
  class space    used 1930K, capacity 2094K, committed 2176K, reserved 1048576K
}
Event: 3.120 GC heap after
{Heap after GC invocations=4 (full 1):
 par new generation   total 39296K, used 850K [0x0000000780000000, 0x0000000782aa0000, 0x00000007aaaa0000)
  eden space 34944K,   0% used [0x0000000780000000, 0x0000000780000000, 0x0000000782220000)
  from space 4352K,  19% used [0x0000000782220000, 0x00000007822f4a68, 0x0000000782660000)
  to   space 4352K,   0% used [0x0000000782660000, 0x0000000782660000, 0x0000000782aa0000)
 concurrent mark-sweep generation total 87424K, used 61097K [0x00000007aaaa0000, 0x00000007b0000000, 0x0000000800000000)
 Metaspace       used 17970K, capacity 18471K, committed 18816K, reserved 1067008K
  class space    used 1930K, capacity 2094K, committed 2176K, reserved 1048576K
}
Event: 3.446 GC heap before
{Heap before GC invocations=4 (full 2):
 par new generation   total 39296K, used 26338K [0x0000000780000000, 0x0000000782aa0000, 0x00000007aaaa0000)
  eden space 34944K,  72% used [0x0000000780000000, 0x00000007818e40e0, 0x0000000782220000)
  from space 4352K,  19% used [0x0000000782220000, 0x00000007822f4a68, 0x0000000782660000)
  to   space 4352K,   0% used [0x0000000782660000, 0x0000000782660000, 0x0000000782aa0000)
 concurrent mark-sweep generation total 101816K, used 61088K [0x00000007aaaa0000, 0x00000007b0e0e000, 0x0000000800000000)
 Metaspace       used 22264K, capacity 22893K, committed 23168K, reserved 1069056K
  class space    used 2436K, capacity 2661K, committed 2688K, reserved 1048576K
}
Event: 3.454 GC heap after
{Heap after GC invocations=5 (full 2):
 par new generation   total 39296K, used 4352K [0x0000000780000000, 0x0000000782aa0000, 0x00000007aaaa0000)
  eden space 34944K,   0% used [0x0000000780000000, 0x0000000780000000, 0x0000000782220000)
  from space 4352K, 100% used [0x0000000782660000, 0x0000000782aa0000, 0x0000000782aa0000)
  to   space 4352K,   0% used [0x0000000782220000, 0x0000000782220000, 0x0000000782660000)
 concurrent mark-sweep generation total 101816K, used 75059K [0x00000007aaaa0000, 0x00000007b0e0e000, 0x0000000800000000)
 Metaspace       used 22264K, capacity 22893K, committed 23168K, reserved 1069056K
  class space    used 2436K, capacity 2661K, committed 2688K, reserved 1048576K
}
Event: 6.459 GC heap before
{Heap before GC invocations=5 (full 3):
 par new generation   total 39296K, used 39296K [0x0000000780000000, 0x0000000782aa0000, 0x00000007aaaa0000)
  eden space 34944K, 100% used [0x0000000780000000, 0x0000000782220000, 0x0000000782220000)
  from space 4352K, 100% used [0x0000000782660000, 0x0000000782aa0000, 0x0000000782aa0000)
  to   space 4352K,   0% used [0x0000000782220000, 0x0000000782220000, 0x0000000782660000)
 concurrent mark-sweep generation total 101816K, used 75059K [0x00000007aaaa0000, 0x00000007b0e0e000, 0x0000000800000000)
 Metaspace       used 24614K, capacity 25241K, committed 25600K, reserved 1071104K
  class space    used 2727K, capacity 2953K, committed 3072K, reserved 1048576K
}
Event: 6.463 GC heap after
{Heap after GC invocations=6 (full 3):
 par new generation   total 39296K, used 4352K [0x0000000780000000, 0x0000000782aa0000, 0x00000007aaaa0000)
  eden space 34944K,   0% used [0x0000000780000000, 0x0000000780000000, 0x0000000782220000)
  from space 4352K, 100% used [0x0000000782220000, 0x0000000782660000, 0x0000000782660000)
  to   space 4352K,   0% used [0x0000000782660000, 0x0000000782660000, 0x0000000782aa0000)
 concurrent mark-sweep generation total 101816K, used 84989K [0x00000007aaaa0000, 0x00000007b0e0e000, 0x0000000800000000)
 Metaspace       used 24614K, capacity 25241K, committed 25600K, reserved 1071104K
  class space    used 2727K, capacity 2953K, committed 3072K, reserved 1048576K
}
Event: 7.311 GC heap before
{Heap before GC invocations=6 (full 3):
 par new generation   total 39296K, used 39296K [0x0000000780000000, 0x0000000782aa0000, 0x00000007aaaa0000)
  eden space 34944K, 100% used [0x0000000780000000, 0x0000000782220000, 0x0000000782220000)
  from space 4352K, 100% used [0x0000000782220000, 0x0000000782660000, 0x0000000782660000)
  to   space 4352K,   0% used [0x0000000782660000, 0x0000000782660000, 0x0000000782aa0000)
 concurrent mark-sweep generation total 101816K, used 51331K [0x00000007aaaa0000, 0x00000007b0e0e000, 0x0000000800000000)
 Metaspace       used 25435K, capacity 26075K, committed 26368K, reserved 1073152K
  class space    used 2772K, capacity 2999K, committed 3072K, reserved 1048576K
}
Event: 7.313 GC heap after
{Heap after GC invocations=7 (full 3):
 par new generation   total 39296K, used 4352K [0x0000000780000000, 0x0000000782aa0000, 0x00000007aaaa0000)
  eden space 34944K,   0% used [0x0000000780000000, 0x0000000780000000, 0x0000000782220000)
  from space 4352K, 100% used [0x0000000782660000, 0x0000000782aa0000, 0x0000000782aa0000)
  to   space 4352K,   0% used [0x0000000782220000, 0x0000000782220000, 0x0000000782660000)
 concurrent mark-sweep generation total 101816K, used 56690K [0x00000007aaaa0000, 0x00000007b0e0e000, 0x0000000800000000)
 Metaspace       used 25435K, capacity 26075K, committed 26368K, reserved 1073152K
  class space    used 2772K, capacity 2999K, committed 3072K, reserved 1048576K
}
Event: 40.383 GC heap before
{Heap before GC invocations=7 (full 3):
 par new generation   total 39296K, used 39296K [0x0000000780000000, 0x0000000782aa0000, 0x00000007aaaa0000)
  eden space 34944K, 100% used [0x0000000780000000, 0x0000000782220000, 0x0000000782220000)
  from space 4352K, 100% used [0x0000000782660000, 0x0000000782aa0000, 0x0000000782aa0000)
  to   space 4352K,   0% used [0x0000000782220000, 0x0000000782220000, 0x0000000782660000)
 concurrent mark-sweep generation total 101816K, used 56690K [0x00000007aaaa0000, 0x00000007b0e0e000, 0x0000000800000000)
 Metaspace       used 31677K, capacity 32431K, committed 32640K, reserved 1077248K
  class space    used 3572K, capacity 3863K, committed 3968K, reserved 1048576K
}
Event: 40.389 GC heap after
{Heap after GC invocations=8 (full 3):
 par new generation   total 39296K, used 2869K [0x0000000780000000, 0x0000000782aa0000, 0x00000007aaaa0000)
  eden space 34944K,   0% used [0x0000000780000000, 0x0000000780000000, 0x0000000782220000)
  from space 4352K,  65% used [0x0000000782220000, 0x00000007824ed658, 0x0000000782660000)
  to   space 4352K,   0% used [0x0000000782660000, 0x0000000782660000, 0x0000000782aa0000)
 concurrent mark-sweep generation total 101816K, used 68206K [0x00000007aaaa0000, 0x00000007b0e0e000, 0x0000000800000000)
 Metaspace       used 31677K, capacity 32431K, committed 32640K, reserved 1077248K
  class space    used 3572K, capacity 3863K, committed 3968K, reserved 1048576K
}
Event: 40.761 GC heap before
{Heap before GC invocations=8 (full 3):
 par new generation   total 39296K, used 34053K [0x0000000780000000, 0x0000000782aa0000, 0x00000007aaaa0000)
  eden space 34944K,  89% used [0x0000000780000000, 0x0000000781e73e80, 0x0000000782220000)
  from space 4352K,  65% used [0x0000000782220000, 0x00000007824ed658, 0x0000000782660000)
  to   space 4352K,   0% used [0x0000000782660000, 0x0000000782660000, 0x0000000782aa0000)
 concurrent mark-sweep generation total 101816K, used 68206K [0x00000007aaaa0000, 0x00000007b0e0e000, 0x0000000800000000)
 Metaspace       used 36057K, capacity 36993K, committed 37248K, reserved 1081344K
  class space    used 4305K, capacity 4669K, committed 4736K, reserved 1048576K
}
Event: 40.764 GC heap after
{Heap after GC invocations=9 (full 3):
 par new generation   total 39296K, used 2764K [0x0000000780000000, 0x0000000782aa0000, 0x00000007aaaa0000)
  eden space 34944K,   0% used [0x0000000780000000, 0x0000000780000000, 0x0000000782220000)
  from space 4352K,  63% used [0x0000000782660000, 0x0000000782913108, 0x0000000782aa0000)
  to   space 4352K,   0% used [0x0000000782220000, 0x0000000782220000, 0x0000000782660000)
 concurrent mark-sweep generation total 101816K, used 78925K [0x00000007aaaa0000, 0x00000007b0e0e000, 0x0000000800000000)
 Metaspace       used 36057K, capacity 36993K, committed 37248K, reserved 1081344K
  class space    used 4305K, capacity 4669K, committed 4736K, reserved 1048576K
}
Event: 40.814 GC heap before
{Heap before GC invocations=9 (full 4):
 par new generation   total 39296K, used 34179K [0x0000000780000000, 0x0000000782aa0000, 0x00000007aaaa0000)
  eden space 34944K,  89% used [0x0000000780000000, 0x0000000781eadb00, 0x0000000782220000)
  from space 4352K,  63% used [0x0000000782660000, 0x0000000782913108, 0x0000000782aa0000)
  to   space 4352K,   0% used [0x0000000782220000, 0x0000000782220000, 0x0000000782660000)
 concurrent mark-sweep generation total 101816K, used 78925K [0x00000007aaaa0000, 0x00000007b0e0e000, 0x0000000800000000)
 Metaspace       used 36588K, capacity 37601K, committed 37888K, reserved 1083392K
  class space    used 4372K, capacity 4768K, committed 4864K, reserved 1048576K
}
Event: 40.817 GC heap after
{Heap after GC invocations=10 (full 4):
 par new generation   total 39296K, used 4002K [0x0000000780000000, 0x0000000782aa0000, 0x00000007aaaa0000)
  eden space 34944K,   0% used [0x0000000780000000, 0x0000000780000000, 0x0000000782220000)
  from space 4352K,  91% used [0x0000000782220000, 0x0000000782608808, 0x0000000782660000)
  to   space 4352K,   0% used [0x0000000782660000, 0x0000000782660000, 0x0000000782aa0000)
 concurrent mark-sweep generation total 101816K, used 91890K [0x00000007aaaa0000, 0x00000007b0e0e000, 0x0000000800000000)
 Metaspace       used 36588K, capacity 37601K, committed 37888K, reserved 1083392K
  class space    used 4372K, capacity 4768K, committed 4864K, reserved 1048576K
}
Event: 41.106 GC heap before
{Heap before GC invocations=10 (full 4):
 par new generation   total 39296K, used 38946K [0x0000000780000000, 0x0000000782aa0000, 0x00000007aaaa0000)
  eden space 34944K, 100% used [0x0000000780000000, 0x0000000782220000, 0x0000000782220000)
  from space 4352K,  91% used [0x0000000782220000, 0x0000000782608808, 0x0000000782660000)
  to   space 4352K,   0% used [0x0000000782660000, 0x0000000782660000, 0x0000000782aa0000)
 concurrent mark-sweep generation total 125308K, used 75182K [0x00000007aaaa0000, 0x00000007b24ff000, 0x0000000800000000)
 Metaspace       used 40224K, capacity 41355K, committed 41728K, reserved 1085440K
  class space    used 4793K, capacity 5253K, committed 5376K, reserved 1048576K
}
Event: 41.108 GC heap after
{Heap after GC invocations=11 (full 4):
 par new generation   total 39296K, used 4352K [0x0000000780000000, 0x0000000782aa0000, 0x00000007aaaa0000)
  eden space 34944K,   0% used [0x0000000780000000, 0x0000000780000000, 0x0000000782220000)
  from space 4352K, 100% used [0x0000000782660000, 0x0000000782aa0000, 0x0000000782aa0000)
  to   space 4352K,   0% used [0x0000000782220000, 0x0000000782220000, 0x0000000782660000)
 concurrent mark-sweep generation total 125308K, used 83817K [0x00000007aaaa0000, 0x00000007b24ff000, 0x0000000800000000)
 Metaspace       used 40224K, capacity 41355K, committed 41728K, reserved 1085440K
  class space    used 4793K, capacity 5253K, committed 5376K, reserved 1048576K
}
Event: 41.712 GC heap before
{Heap before GC invocations=11 (full 4):
 par new generation   total 39296K, used 39296K [0x0000000780000000, 0x0000000782aa0000, 0x00000007aaaa0000)
  eden space 34944K, 100% used [0x0000000780000000, 0x0000000782220000, 0x0000000782220000)
  from space 4352K, 100% used [0x0000000782660000, 0x0000000782aa0000, 0x0000000782aa0000)
  to   space 4352K,   0% used [0x0000000782220000, 0x0000000782220000, 0x0000000782660000)
 concurrent mark-sweep generation total 125308K, used 83817K [0x00000007aaaa0000, 0x00000007b24ff000, 0x0000000800000000)
 Metaspace       used 43047K, capacity 44210K, committed 44544K, reserved 1087488K
  class space    used 5105K, capacity 5582K, committed 5632K, reserved 1048576K
}
Event: 41.715 GC heap after
{Heap after GC invocations=12 (full 4):
 par new generation   total 39296K, used 2022K [0x0000000780000000, 0x0000000782aa0000, 0x00000007aaaa0000)
  eden space 34944K,   0% used [0x0000000780000000, 0x0000000780000000, 0x0000000782220000)
  from space 4352K,  46% used [0x0000000782220000, 0x0000000782419a20, 0x0000000782660000)
  to   space 4352K,   0% used [0x0000000782660000, 0x0000000782660000, 0x0000000782aa0000)
 concurrent mark-sweep generation total 125308K, used 96384K [0x00000007aaaa0000, 0x00000007b24ff000, 0x0000000800000000)
 Metaspace       used 43047K, capacity 44210K, committed 44544K, reserved 1087488K
  class space    used 5105K, capacity 5582K, committed 5632K, reserved 1048576K
}

Deoptimization events (20 events):
Event: 42.719 Thread 0x00007ff581a39000 DEOPT PACKING pc=0x000000011cf83f6f sp=0x00007000098fecb0
Event: 42.719 Thread 0x00007ff581a39000 DEOPT UNPACKING pc=0x000000011c7e113a sp=0x00007000098fe158 mode 0
Event: 42.723 Thread 0x00007ff5861b7000 DEOPT PACKING pc=0x000000011d6177db sp=0x00007000095f5c30
Event: 42.723 Thread 0x00007ff5861b7000 DEOPT UNPACKING pc=0x000000011c7e113a sp=0x00007000095f5130 mode 0
Event: 42.726 Thread 0x00007ff581a39000 DEOPT PACKING pc=0x000000011cf83f6f sp=0x00007000098fecb0
Event: 42.726 Thread 0x00007ff581a39000 DEOPT UNPACKING pc=0x000000011c7e113a sp=0x00007000098fe158 mode 0
Event: 42.728 Thread 0x00007ff5861b7000 DEOPT PACKING pc=0x000000011d6177db sp=0x00007000095f5c30
Event: 42.728 Thread 0x00007ff5861b7000 DEOPT UNPACKING pc=0x000000011c7e113a sp=0x00007000095f5130 mode 0
Event: 42.733 Thread 0x00007ff581a39000 DEOPT PACKING pc=0x000000011cf83f6f sp=0x00007000098fecb0
Event: 42.733 Thread 0x00007ff581a39000 DEOPT UNPACKING pc=0x000000011c7e113a sp=0x00007000098fe158 mode 0
Event: 42.736 Thread 0x00007ff582829800 DEOPT PACKING pc=0x000000011cf68ea2 sp=0x000070000809d8a0
Event: 42.736 Thread 0x00007ff582829800 DEOPT UNPACKING pc=0x000000011c7e113a sp=0x000070000809ce08 mode 0
Event: 42.736 Thread 0x00007ff5861b7000 DEOPT PACKING pc=0x000000011d6177db sp=0x00007000095f5c90
Event: 42.736 Thread 0x00007ff5861b7000 DEOPT UNPACKING pc=0x000000011c7e113a sp=0x00007000095f5190 mode 0
Event: 42.742 Thread 0x00007ff5861b7000 DEOPT PACKING pc=0x000000011d6177db sp=0x00007000095f5ce0
Event: 42.742 Thread 0x00007ff5861b7000 DEOPT UNPACKING pc=0x000000011c7e113a sp=0x00007000095f5210 mode 0
Event: 42.805 Thread 0x00007ff581257000 Uncommon trap: trap_request=0xffffff7e fr.pc=0x00000001242fea1c relative=0x000000000000059c
Event: 42.805 Thread 0x00007ff581257000 Uncommon trap: reason=predicate action=maybe_recompile pc=0x00000001242fea1c method=java.util.regex.Pattern$BmpCharPropertyGreedy.match(Ljava/util/regex/Matcher;ILjava/lang/CharSequence;)Z @ 12 c2
Event: 42.805 Thread 0x00007ff581257000 DEOPT PACKING pc=0x00000001242fea1c sp=0x0000700009a027b0
Event: 42.805 Thread 0x00007ff581257000 DEOPT UNPACKING pc=0x000000011c7e1325 sp=0x0000700009a02688 mode 2

Classes redefined (0 events):
No events

Internal exceptions (20 events):
Event: 40.781 Thread 0x00007ff580870800 Exception <a 'java/lang/NoSuchMethodError'{0x0000000780882d90}: 'java.lang.Object java.lang.invoke.DirectMethodHandle$Holder.invokeSpecial(java.lang.Object, java.lang.Object, java.lang.Object, int, int, java.lang.Object)'> (0x0000000780882d90) thrown at [
Event: 40.781 Thread 0x00007ff580870800 Exception <a 'java/lang/NoSuchMethodError'{0x00000007808860e0}: 'java.lang.Object java.lang.invoke.Invokers$Holder.linkToTargetMethod(java.lang.Object, int, int, java.lang.Object, java.lang.Object)'> (0x00000007808860e0) thrown at [/corretto/workspace/cor
Event: 40.823 Thread 0x00007ff57f258800 Exception <a 'java/lang/NoSuchMethodError'{0x0000000781119240}: 'java.lang.Object java.lang.invoke.DirectMethodHandle$Holder.invokeStatic(java.lang.Object, java.lang.Object, java.lang.Object, java.lang.Object, java.lang.Object, java.lang.Object, java.lang
Event: 40.823 Thread 0x00007ff57f258800 Exception <a 'java/lang/NoSuchMethodError'{0x00000007811257a0}: 'java.lang.Object java.lang.invoke.DirectMethodHandle$Holder.invokeStatic(java.lang.Object, java.lang.Object, java.lang.Object, java.lang.Object, java.lang.Object, java.lang.Object, java.lang
Event: 40.824 Thread 0x00007ff57f258800 Exception <a 'java/lang/NoSuchMethodError'{0x0000000781131e60}: 'java.lang.Object java.lang.invoke.DirectMethodHandle$Holder.invokeStatic(java.lang.Object, java.lang.Object, java.lang.Object, java.lang.Object, java.lang.Object, java.lang.Object, java.lang
Event: 40.824 Thread 0x00007ff57f258800 Exception <a 'java/lang/NoSuchMethodError'{0x0000000781142070}: 'java.lang.Object java.lang.invoke.DelegatingMethodHandle$Holder.reinvoke_L(java.lang.Object, long, java.lang.Object)'> (0x0000000781142070) thrown at [/corretto/workspace/corretto11-repo/ins
Event: 40.828 Thread 0x00007ff57f258800 Exception <a 'java/lang/NoSuchMethodError'{0x00000007813fd1f8}: 'java.lang.Object java.lang.invoke.DelegatingMethodHandle$Holder.reinvoke_L(java.lang.Object, java.lang.Object, int, int, long, int, java.lang.Object, java.lang.Object, java.lang.Object, int)
Event: 40.830 Thread 0x00007ff57f258800 Exception <a 'java/lang/NoSuchMethodError'{0x000000078145c808}: 'java.lang.Object java.lang.invoke.DirectMethodHandle$Holder.invokeSpecial(java.lang.Object, java.lang.Object, int, int, int, long, int, java.lang.Object, java.lang.Object, java.lang.Object, 
Event: 40.830 Thread 0x00007ff57f258800 Exception <a 'java/lang/NoSuchMethodError'{0x00000007814600b0}: 'java.lang.Object java.lang.invoke.DelegatingMethodHandle$Holder.reinvoke_L(java.lang.Object, int, int, int, long, int, java.lang.Object, java.lang.Object, java.lang.Object, int)'> (0x0000000
Event: 40.831 Thread 0x00007ff57f258800 Exception <a 'java/lang/NoSuchMethodError'{0x0000000781467cb0}: 'java.lang.Object java.lang.invoke.DirectMethodHandle$Holder.invokeStatic(java.lang.Object, java.lang.Object, java.lang.Object, java.lang.Object, java.lang.Object, int)'> (0x0000000781467cb0)
Event: 40.843 Thread 0x00007ff57f258800 Exception <a 'java/lang/NoSuchMethodError'{0x0000000781565280}: 'java.lang.Object java.lang.invoke.DelegatingMethodHandle$Holder.reinvoke_L(java.lang.Object, java.lang.Object, long)'> (0x0000000781565280) thrown at [/corretto/workspace/corretto11-repo/ins
Event: 40.900 Thread 0x00007ff57d8df000 Exception <a 'java/lang/NoSuchMethodError'{0x000000078176e7a0}: 'int java.lang.invoke.DirectMethodHandle$Holder.invokeSpecialIFC(java.lang.Object, java.lang.Object, int)'> (0x000000078176e7a0) thrown at [/corretto/workspace/corretto11-repo/installers/mac/
Event: 40.910 Thread 0x00007ff57d8df000 Exception <a 'java/lang/NoSuchMethodError'{0x00000007817fae90}: 'int java.lang.invoke.DirectMethodHandle$Holder.invokeStaticInit(java.lang.Object, java.lang.Object, java.lang.Object, java.lang.Object)'> (0x00000007817fae90) thrown at [/corretto/workspace/
Event: 40.910 Thread 0x00007ff57d8df000 Exception <a 'java/lang/IncompatibleClassChangeError'{0x0000000781803d08}: Found class java.lang.Object, but interface was expected> (0x0000000781803d08) thrown at [/corretto/workspace/corretto11-repo/installers/mac/tar/corretto-build/buildRoot/src/src/ho
Event: 41.874 Thread 0x00007ff57f258800 Exception <a 'java/lang/NoSuchMethodError'{0x00000007803ed228}: 'java.lang.Object java.lang.invoke.DelegatingMethodHandle$Holder.reinvoke_L(java.lang.Object, java.lang.Object, int, int, long, int, int, java.lang.Object, java.lang.Object, int)'> (0x0000000
Event: 41.876 Thread 0x00007ff57f258800 Exception <a 'java/lang/NoSuchMethodError'{0x000000078044b650}: 'java.lang.Object java.lang.invoke.DirectMethodHandle$Holder.invokeSpecial(java.lang.Object, java.lang.Object, int, int, int, long, int, int, java.lang.Object, java.lang.Object, int)'> (0x000
Event: 41.876 Thread 0x00007ff57f258800 Exception <a 'java/lang/NoSuchMethodError'{0x000000078044f040}: 'java.lang.Object java.lang.invoke.DelegatingMethodHandle$Holder.reinvoke_L(java.lang.Object, int, int, int, long, int, int, java.lang.Object, java.lang.Object, int)'> (0x000000078044f040) th
Event: 42.071 Thread 0x00007ff5810d7800 Exception <a 'java/lang/NoSuchMethodError'{0x0000000780e7c8a0}: 'java.lang.Object java.lang.invoke.DirectMethodHandle$Holder.invokeStaticInit(java.lang.Object, int)'> (0x0000000780e7c8a0) thrown at [/corretto/workspace/corretto11-repo/installers/mac/tar/c
Event: 42.860 Thread 0x00007ff57e51d800 Exception <a 'java/lang/NoClassDefFoundError'{0x0000000781eb8e08}: com/sun/webkit/FileSystem> (0x0000000781eb8e08) thrown at [/corretto/workspace/corretto11-repo/installers/mac/tar/corretto-build/buildRoot/src/src/hotspot/share/classfile/systemDictionary.
Event: 42.860 Thread 0x00007ff57e51d800 Exception <a 'java/lang/NoSuchMethodError'{0x0000000781eb9118}: fwkMakeAllDirectories> (0x0000000781eb9118) thrown at [/corretto/workspace/corretto11-repo/installers/mac/tar/corretto-build/buildRoot/src/src/hotspot/share/prims/jni.cpp, line 1331]

Events (20 events):
Event: 42.689 Executing VM operation: RevokeBias
Event: 42.689 Executing VM operation: RevokeBias done
Event: 42.689 Executing VM operation: RevokeBias
Event: 42.689 Executing VM operation: RevokeBias done
Event: 42.689 Executing VM operation: RevokeBias
Event: 42.690 Executing VM operation: RevokeBias done
Event: 42.794 Thread 0x00007ff585d53800 Thread added: 0x00007ff585d53800
Event: 42.794 Protecting memory [0x0000700009a08000,0x0000700009a0c000] with protection modes 0
Event: 42.794 Executing VM operation: RevokeBias
Event: 42.794 Executing VM operation: RevokeBias done
Event: 42.794 Protecting memory [0x0000700009a08000,0x0000700009a0c000] with protection modes 3
Event: 42.794 Thread 0x00007ff585d53800 Thread exited: 0x00007ff585d53800
Event: 42.806 loading class sun/net/www/protocol/http/EmptyInputStream
Event: 42.806 loading class sun/net/www/protocol/http/EmptyInputStream done
Event: 42.840 loading class com/sun/webkit/MainThread
Event: 42.840 loading class com/sun/webkit/MainThread done
Event: 42.859 Protecting memory [0x0000700009a08000,0x0000700009a0c000] with protection modes 0
Event: 42.859 Thread 0x00007ff57e51d800 Thread added: 0x00007ff57e51d800
Event: 42.859 loading class com/sun/webkit/FileSystem
Event: 42.859 loading class com/sun/webkit/FileSystem done


Dynamic libraries:
0x00007fff36b65000 	/System/Library/Frameworks/Cocoa.framework/Versions/A/Cocoa
0x00007fff44131000 	/System/Library/Frameworks/Security.framework/Versions/A/Security
0x00007fff35af0000 	/System/Library/Frameworks/ApplicationServices.framework/Versions/A/ApplicationServices
0x00007fff6e516000 	/usr/lib/libz.1.dylib
0x000000010e994000 	/Library/Java/JavaVirtualMachines/amazon-corretto-11.jdk/Contents/Home/lib/jli/libjli.dylib
0x00007fff6bfe9000 	/usr/lib/libSystem.B.dylib
0x00007fff34ce5000 	/System/Library/Frameworks/AppKit.framework/Versions/C/AppKit
0x00007fff375e8000 	/System/Library/Frameworks/CoreData.framework/Versions/A/CoreData
0x00007fff3a1a0000 	/System/Library/Frameworks/Foundation.framework/Versions/C/Foundation
0x00007fff68894000 	/System/Library/PrivateFrameworks/UIFoundation.framework/Versions/A/UIFoundation
0x00007fff6307f000 	/System/Library/PrivateFrameworks/RemoteViewServices.framework/Versions/A/RemoteViewServices
0x00007fff6b324000 	/System/Library/PrivateFrameworks/XCTTargetBootstrap.framework/Versions/A/XCTTargetBootstrap
0x00007fff379cb000 	/System/Library/Frameworks/CoreDisplay.framework/Versions/A/CoreDisplay
0x00007fff3cf18000 	/System/Library/Frameworks/Metal.framework/Versions/A/Metal
0x00007fff514a0000 	/System/Library/PrivateFrameworks/DesktopServicesPriv.framework/Versions/A/DesktopServicesPriv
0x00007fff6d11f000 	/usr/lib/liblangid.dylib
0x00007fff505f7000 	/System/Library/PrivateFrameworks/CoreSVG.framework/Versions/A/CoreSVG
0x00007fff65e41000 	/System/Library/PrivateFrameworks/SkyLight.framework/Versions/A/SkyLight
0x00007fff37f5d000 	/System/Library/Frameworks/CoreGraphics.framework/Versions/A/CoreGraphics
0x00007fff33884000 	/System/Library/Frameworks/Accelerate.framework/Versions/A/Accelerate
0x00007fff6e407000 	/usr/lib/libxml2.2.dylib
0x00007fff5c1be000 	/System/Library/PrivateFrameworks/IconServices.framework/Versions/A/IconServices
0x00007fff3a984000 	/System/Library/Frameworks/IOSurface.framework/Versions/A/IOSurface
0x00007fff6bb21000 	/usr/lib/libDiagnosticMessagesClient.dylib
0x00007fff51319000 	/System/Library/PrivateFrameworks/DFRFoundation.framework/Versions/A/DFRFoundation
0x00007fff6cead000 	/usr/lib/libicucore.A.dylib
0x00007fff35e22000 	/System/Library/Frameworks/AudioToolbox.framework/Versions/A/AudioToolbox
0x00007fff35f04000 	/System/Library/Frameworks/AudioUnit.framework/Versions/A/AudioUnit
0x00007fff6c1ea000 	/usr/lib/libauto.dylib
0x00007fff5139a000 	/System/Library/PrivateFrameworks/DataDetectorsCore.framework/Versions/A/DataDetectorsCore
0x00007fff36685000 	/System/Library/Frameworks/Carbon.framework/Versions/A/Frameworks/HIToolbox.framework/Versions/A/HIToolbox
0x00007fff43363000 	/System/Library/Frameworks/QuartzCore.framework/Versions/A/QuartzCore
0x00007fff369c4000 	/System/Library/Frameworks/Carbon.framework/Versions/A/Frameworks/SpeechRecognition.framework/Versions/A/SpeechRecognition
0x00007fff50c9f000 	/System/Library/PrivateFrameworks/CoreUI.framework/Versions/A/CoreUI
0x00007fff3704e000 	/System/Library/Frameworks/CoreAudio.framework/Versions/A/CoreAudio
0x00007fff39e68000 	/System/Library/Frameworks/DiskArbitration.framework/Versions/A/DiskArbitration
0x00007fff5e1d2000 	/System/Library/PrivateFrameworks/MultitouchSupport.framework/Versions/A/MultitouchSupport
0x00007fff6cd73000 	/usr/lib/libenergytrace.dylib
0x00007fff3a8df000 	/System/Library/Frameworks/IOKit.framework/Versions/A/IOKit
0x00007fff38ecb000 	/System/Library/Frameworks/CoreServices.framework/Versions/A/CoreServices
0x00007fff602dc000 	/System/Library/PrivateFrameworks/PerformanceAnalysis.framework/Versions/A/PerformanceAnalysis
0x00007fff42399000 	/System/Library/Frameworks/OpenGL.framework/Versions/A/OpenGL
0x00007fff6de3a000 	/usr/lib/libobjc.A.dylib
0x00007fff36b73000 	/System/Library/Frameworks/ColorSync.framework/Versions/A/ColorSync
0x00007fff37adb000 	/System/Library/Frameworks/CoreFoundation.framework/Versions/A/CoreFoundation
0x00007fff385e4000 	/System/Library/Frameworks/CoreImage.framework/Versions/A/CoreImage
0x00007fff39941000 	/System/Library/Frameworks/CoreText.framework/Versions/A/CoreText
0x00007fff3aa0a000 	/System/Library/Frameworks/ImageIO.framework/Versions/A/ImageIO
0x00007fff6c2cf000 	/usr/lib/libc++.1.dylib
0x00007fff6c34b000 	/usr/lib/libcompression.dylib
0x00007fff6be63000 	/usr/lib/libMobileGestalt.dylib
0x00007fff67976000 	/System/Library/PrivateFrameworks/TextureIO.framework/Versions/A/TextureIO
0x00007fff6c150000 	/usr/lib/libate.dylib
0x00007fff5c3c7000 	/System/Library/PrivateFrameworks/InternationalSupport.framework/Versions/A/InternationalSupport
0x00007fff6ef8c000 	/usr/lib/system/libcache.dylib
0x00007fff6ef92000 	/usr/lib/system/libcommonCrypto.dylib
0x00007fff6ef9e000 	/usr/lib/system/libcompiler_rt.dylib
0x00007fff6efa6000 	/usr/lib/system/libcopyfile.dylib
0x00007fff6efb0000 	/usr/lib/system/libcorecrypto.dylib
0x00007fff6f15e000 	/usr/lib/system/libdispatch.dylib
0x00007fff6f1a0000 	/usr/lib/system/libdyld.dylib
0x00007fff6f1d6000 	/usr/lib/system/libkeymgr.dylib
0x00007fff6f1e4000 	/usr/lib/system/liblaunch.dylib
0x00007fff6f1e5000 	/usr/lib/system/libmacho.dylib
0x00007fff6f1eb000 	/usr/lib/system/libquarantine.dylib
0x00007fff6f1ee000 	/usr/lib/system/libremovefile.dylib
0x00007fff6f1f0000 	/usr/lib/system/libsystem_asl.dylib
0x00007fff6f208000 	/usr/lib/system/libsystem_blocks.dylib
0x00007fff6f209000 	/usr/lib/system/libsystem_c.dylib
0x00007fff6f291000 	/usr/lib/system/libsystem_configuration.dylib
0x00007fff6f295000 	/usr/lib/system/libsystem_coreservices.dylib
0x00007fff6f299000 	/usr/lib/system/libsystem_darwin.dylib
0x00007fff6f2a2000 	/usr/lib/system/libsystem_dnssd.dylib
0x00007fff6f2aa000 	/usr/lib/system/libsystem_featureflags.dylib
0x00007fff6f2ac000 	/usr/lib/system/libsystem_info.dylib
0x00007fff6f327000 	/usr/lib/system/libsystem_m.dylib
0x00007fff6f36f000 	/usr/lib/system/libsystem_malloc.dylib
0x00007fff6f397000 	/usr/lib/system/libsystem_networkextension.dylib
0x00007fff6f3a5000 	/usr/lib/system/libsystem_notify.dylib
0x00007fff6f3c4000 	/usr/lib/system/libsystem_sandbox.dylib
0x00007fff6f3c9000 	/usr/lib/system/libsystem_secinit.dylib
0x00007fff6f2fa000 	/usr/lib/system/libsystem_kernel.dylib
0x00007fff6f3af000 	/usr/lib/system/libsystem_platform.dylib
0x00007fff6f3b9000 	/usr/lib/system/libsystem_pthread.dylib
0x00007fff6f3cc000 	/usr/lib/system/libsystem_symptoms.dylib
0x00007fff6f3d4000 	/usr/lib/system/libsystem_trace.dylib
0x00007fff6f3ec000 	/usr/lib/system/libunwind.dylib
0x00007fff6f3f2000 	/usr/lib/system/libxpc.dylib
0x00007fff6c323000 	/usr/lib/libc++abi.dylib
0x00007fff6d121000 	/usr/lib/liblzma.5.dylib
0x00007fff6cd9b000 	/usr/lib/libfakelink.dylib
0x00007fff6c0dd000 	/usr/lib/libarchive.2.dylib
0x00007fff452d1000 	/System/Library/Frameworks/SystemConfiguration.framework/Versions/A/SystemConfiguration
0x00007fff6ba52000 	/usr/lib/libCRFSuite.dylib
0x00007fff3627a000 	/System/Library/Frameworks/CFNetwork.framework/Versions/A/CFNetwork
0x00007fff6c2b1000 	/usr/lib/libbsm.0.dylib
0x00007fff6f1d7000 	/usr/lib/system/libkxld.dylib
0x00007fff4addb000 	/System/Library/PrivateFrameworks/AppleFSCompression.framework/Versions/A/AppleFSCompression
0x00007fff6c632000 	/usr/lib/libcoretls.dylib
0x00007fff6c649000 	/usr/lib/libcoretls_cfhelpers.dylib
0x00007fff6de7e000 	/usr/lib/libpam.2.dylib
0x00007fff6dfb1000 	/usr/lib/libsqlite3.dylib
0x00007fff6e3f4000 	/usr/lib/libxar.1.dylib
0x00007fff6c2c2000 	/usr/lib/libbz2.1.0.dylib
0x00007fff6cdbc000 	/usr/lib/libiconv.2.dylib
0x00007fff6c338000 	/usr/lib/libcharset.1.dylib
0x00007fff6d925000 	/usr/lib/libnetwork.dylib
0x00007fff6de85000 	/usr/lib/libpcap.A.dylib
0x00007fff6c092000 	/usr/lib/libapple_nghttp2.dylib
0x00007fff39282000 	/System/Library/Frameworks/CoreServices.framework/Versions/A/Frameworks/FSEvents.framework/Versions/A/FSEvents
0x00007fff38f52000 	/System/Library/Frameworks/CoreServices.framework/Versions/A/Frameworks/CarbonCore.framework/Versions/A/CarbonCore
0x00007fff394c5000 	/System/Library/Frameworks/CoreServices.framework/Versions/A/Frameworks/Metadata.framework/Versions/A/Metadata
0x00007fff3955e000 	/System/Library/Frameworks/CoreServices.framework/Versions/A/Frameworks/OSServices.framework/Versions/A/OSServices
0x00007fff3958c000 	/System/Library/Frameworks/CoreServices.framework/Versions/A/Frameworks/SearchKit.framework/Versions/A/SearchKit
0x00007fff38ecc000 	/System/Library/Frameworks/CoreServices.framework/Versions/A/Frameworks/AE.framework/Versions/A/AE
0x00007fff3928b000 	/System/Library/Frameworks/CoreServices.framework/Versions/A/Frameworks/LaunchServices.framework/Versions/A/LaunchServices
0x00007fff39234000 	/System/Library/Frameworks/CoreServices.framework/Versions/A/Frameworks/DictionaryServices.framework/Versions/A/DictionaryServices
0x00007fff395f4000 	/System/Library/Frameworks/CoreServices.framework/Versions/A/Frameworks/SharedFileList.framework/Versions/A/SharedFileList
0x00007fff3e1ed000 	/System/Library/Frameworks/NetFS.framework/Versions/A/NetFS
0x00007fff5e6ff000 	/System/Library/PrivateFrameworks/NetAuth.framework/Versions/A/NetAuth
0x00007fff6b6ef000 	/System/Library/PrivateFrameworks/login.framework/Versions/A/Frameworks/loginsupport.framework/Versions/A/loginsupport
0x00007fff67471000 	/System/Library/PrivateFrameworks/TCC.framework/Versions/A/TCC
0x00007fff4f9c6000 	/System/Library/PrivateFrameworks/CoreNLP.framework/Versions/A/CoreNLP
0x00007fff5dc02000 	/System/Library/PrivateFrameworks/MetadataUtilities.framework/Versions/A/MetadataUtilities
0x00007fff6d1f9000 	/usr/lib/libmecabra.dylib
0x00007fff6d151000 	/usr/lib/libmecab.dylib
0x00007fff6cdac000 	/usr/lib/libgermantok.dylib
0x00007fff6c079000 	/usr/lib/libThaiTokenizer.dylib
0x00007fff6ba8a000 	/usr/lib/libChineseTokenizer.dylib
0x00007fff3389c000 	/System/Library/Frameworks/Accelerate.framework/Versions/A/Frameworks/vImage.framework/Versions/A/vImage
0x00007fff34b3f000 	/System/Library/Frameworks/Accelerate.framework/Versions/A/Frameworks/vecLib.framework/Versions/A/vecLib
0x00007fff34a83000 	/System/Library/Frameworks/Accelerate.framework/Versions/A/Frameworks/vecLib.framework/Versions/A/libvMisc.dylib
0x00007fff348a9000 	/System/Library/Frameworks/Accelerate.framework/Versions/A/Frameworks/vecLib.framework/Versions/A/libvDSP.dylib
0x00007fff33f08000 	/System/Library/Frameworks/Accelerate.framework/Versions/A/Frameworks/vecLib.framework/Versions/A/libBLAS.dylib
0x00007fff34463000 	/System/Library/Frameworks/Accelerate.framework/Versions/A/Frameworks/vecLib.framework/Versions/A/libLAPACK.dylib
0x00007fff34809000 	/System/Library/Frameworks/Accelerate.framework/Versions/A/Frameworks/vecLib.framework/Versions/A/libLinearAlgebra.dylib
0x00007fff34896000 	/System/Library/Frameworks/Accelerate.framework/Versions/A/Frameworks/vecLib.framework/Versions/A/libSparseBLAS.dylib
0x00007fff3481f000 	/System/Library/Frameworks/Accelerate.framework/Versions/A/Frameworks/vecLib.framework/Versions/A/libQuadrature.dylib
0x00007fff34172000 	/System/Library/Frameworks/Accelerate.framework/Versions/A/Frameworks/vecLib.framework/Versions/A/libBNNS.dylib
0x00007fff34825000 	/System/Library/Frameworks/Accelerate.framework/Versions/A/Frameworks/vecLib.framework/Versions/A/libSparse.dylib
0x00007fff5c786000 	/System/Library/PrivateFrameworks/LanguageModeling.framework/Versions/A/LanguageModeling
0x00007fff4f362000 	/System/Library/PrivateFrameworks/CoreEmoji.framework/Versions/A/CoreEmoji
0x00007fff5c8a4000 	/System/Library/PrivateFrameworks/LinguisticData.framework/Versions/A/LinguisticData
0x00007fff5c855000 	/System/Library/PrivateFrameworks/Lexicon.framework/Versions/A/Lexicon
0x00007fff6c339000 	/usr/lib/libcmph.dylib
0x00007fff40dbf000 	/System/Library/Frameworks/OpenDirectory.framework/Versions/A/Frameworks/CFOpenDirectory.framework/Versions/A/CFOpenDirectory
0x00007fff40ddc000 	/System/Library/Frameworks/OpenDirectory.framework/Versions/A/OpenDirectory
0x00007fff490aa000 	/System/Library/PrivateFrameworks/APFS.framework/Versions/A/APFS
0x00007fff44484000 	/System/Library/Frameworks/SecurityFoundation.framework/Versions/A/SecurityFoundation
0x00007fff6e3f0000 	/usr/lib/libutil.dylib
0x00007fff5064f000 	/System/Library/PrivateFrameworks/CoreServicesStore.framework/Versions/A/CoreServicesStore
0x00007fff4453c000 	/System/Library/Frameworks/ServiceManagement.framework/Versions/A/ServiceManagement
0x00007fff4c592000 	/System/Library/PrivateFrameworks/BackgroundTaskManagement.framework/Versions/A/BackgroundTaskManagement
0x00007fff6e4ed000 	/usr/lib/libxslt.1.dylib
0x00007fff4b440000 	/System/Library/PrivateFrameworks/AppleSystemInfo.framework/Versions/A/AppleSystemInfo
0x00007fff3ac27000 	/System/Library/Frameworks/ImageIO.framework/Versions/A/Resources/libJPEG.dylib
0x00007fff3aee6000 	/System/Library/Frameworks/ImageIO.framework/Versions/A/Resources/libTIFF.dylib
0x00007fff3aec9000 	/System/Library/Frameworks/ImageIO.framework/Versions/A/Resources/libPng.dylib
0x00007fff3ab68000 	/System/Library/Frameworks/ImageIO.framework/Versions/A/Resources/libGIF.dylib
0x00007fff3ab6c000 	/System/Library/Frameworks/ImageIO.framework/Versions/A/Resources/libJP2.dylib
0x00007fff3aee4000 	/System/Library/Frameworks/ImageIO.framework/Versions/A/Resources/libRadiance.dylib
0x00007fff6cd74000 	/usr/lib/libexpat.1.dylib
0x00007fff4af36000 	/System/Library/PrivateFrameworks/AppleJPEG.framework/Versions/A/AppleJPEG
0x00007fff538bc000 	/System/Library/PrivateFrameworks/FontServices.framework/libFontParser.dylib
0x00007fff6a746000 	/System/Library/PrivateFrameworks/WatchdogClient.framework/Versions/A/WatchdogClient
0x00007fff5be13000 	/System/Library/PrivateFrameworks/IOAccelerator.framework/Versions/A/IOAccelerator
0x00007fff3d2a6000 	/System/Library/Frameworks/MetalPerformanceShaders.framework/Versions/A/MetalPerformanceShaders
0x00007fff5860a000 	/System/Library/PrivateFrameworks/GPUWrangler.framework/Versions/A/GPUWrangler
0x00007fff5be1e000 	/System/Library/PrivateFrameworks/IOPresentment.framework/Versions/A/IOPresentment
0x00007fff5132c000 	/System/Library/PrivateFrameworks/DSExternalDisplay.framework/Versions/A/DSExternalDisplay
0x00007fff41745000 	/System/Library/Frameworks/OpenGL.framework/Versions/A/Libraries/libCoreFSCache.dylib
0x00007fff3cff8000 	/System/Library/Frameworks/MetalPerformanceShaders.framework/Frameworks/MPSCore.framework/Versions/A/MPSCore
0x00007fff3d035000 	/System/Library/Frameworks/MetalPerformanceShaders.framework/Frameworks/MPSImage.framework/Versions/A/MPSImage
0x00007fff3d0f7000 	/System/Library/Frameworks/MetalPerformanceShaders.framework/Frameworks/MPSNeuralNetwork.framework/Versions/A/MPSNeuralNetwork
0x00007fff3d0bc000 	/System/Library/Frameworks/MetalPerformanceShaders.framework/Frameworks/MPSMatrix.framework/Versions/A/MPSMatrix
0x00007fff3d257000 	/System/Library/Frameworks/MetalPerformanceShaders.framework/Frameworks/MPSRayIntersector.framework/Versions/A/MPSRayIntersector
0x00007fff3d0e1000 	/System/Library/Frameworks/MetalPerformanceShaders.framework/Frameworks/MPSNDArray.framework/Versions/A/MPSNDArray
0x00007fff5dc4f000 	/System/Library/PrivateFrameworks/MetalTools.framework/Versions/A/MetalTools
0x00007fff4a261000 	/System/Library/PrivateFrameworks/AggregateDictionary.framework/Versions/A/AggregateDictionary
0x00007fff4edec000 	/System/Library/PrivateFrameworks/CoreAnalytics.framework/Versions/A/CoreAnalytics
0x00007fff4b35e000 	/System/Library/PrivateFrameworks/AppleSauce.framework/Versions/A/AppleSauce
0x00007fff6bd46000 	/usr/lib/libIOReport.dylib
0x00007fff39af6000 	/System/Library/Frameworks/CoreVideo.framework/Versions/A/CoreVideo
0x00007fff59a76000 	/System/Library/PrivateFrameworks/GraphVisualizer.framework/Versions/A/GraphVisualizer
0x00007fff52e3d000 	/System/Library/PrivateFrameworks/FaceCore.framework/Versions/A/FaceCore
0x00007fff40d66000 	/System/Library/Frameworks/OpenCL.framework/Versions/A/OpenCL
0x00007fff6bb68000 	/usr/lib/libFosl_dynamic.dylib
0x00007fff5f0fa000 	/System/Library/PrivateFrameworks/OTSVG.framework/Versions/A/OTSVG
0x00007fff35bf5000 	/System/Library/Frameworks/ApplicationServices.framework/Versions/A/Frameworks/ATS.framework/Versions/A/Resources/libFontRegistry.dylib
0x00007fff53a8d000 	/System/Library/PrivateFrameworks/FontServices.framework/libhvf.dylib
0x00007fff41750000 	/System/Library/Frameworks/OpenGL.framework/Versions/A/Libraries/libGFXShared.dylib
0x00007fff4192d000 	/System/Library/Frameworks/OpenGL.framework/Versions/A/Libraries/libGLU.dylib
0x00007fff41759000 	/System/Library/Frameworks/OpenGL.framework/Versions/A/Libraries/libGL.dylib
0x00007fff41764000 	/System/Library/Frameworks/OpenGL.framework/Versions/A/Libraries/libGLImage.dylib
0x00007fff41742000 	/System/Library/Frameworks/OpenGL.framework/Versions/A/Libraries/libCVMSPluginSupport.dylib
0x00007fff4174b000 	/System/Library/Frameworks/OpenGL.framework/Versions/A/Libraries/libCoreVMClient.dylib
0x00007fff6d7c7000 	/usr/lib/libncurses.5.4.dylib
0x00007fff35af1000 	/System/Library/Frameworks/ApplicationServices.framework/Versions/A/Frameworks/ATS.framework/Versions/A/ATS
0x00007fff35cbe000 	/System/Library/Frameworks/ApplicationServices.framework/Versions/A/Frameworks/ColorSyncLegacy.framework/Versions/A/ColorSyncLegacy
0x00007fff35d5d000 	/System/Library/Frameworks/ApplicationServices.framework/Versions/A/Frameworks/HIServices.framework/Versions/A/HIServices
0x00007fff35db4000 	/System/Library/Frameworks/ApplicationServices.framework/Versions/A/Frameworks/LangAnalysis.framework/Versions/A/LangAnalysis
0x00007fff35dc3000 	/System/Library/Frameworks/ApplicationServices.framework/Versions/A/Frameworks/PrintCore.framework/Versions/A/PrintCore
0x00007fff35e09000 	/System/Library/Frameworks/ApplicationServices.framework/Versions/A/Frameworks/QD.framework/Versions/A/QD
0x00007fff35e14000 	/System/Library/Frameworks/ApplicationServices.framework/Versions/A/Frameworks/SpeechSynthesis.framework/Versions/A/SpeechSynthesis
0x00007fff35c8e000 	/System/Library/Frameworks/ApplicationServices.framework/Versions/A/Frameworks/ATSUI.framework/Versions/A/ATSUI
0x00007fff6cc08000 	/usr/lib/libcups.2.dylib
0x00007fff3c355000 	/System/Library/Frameworks/Kerberos.framework/Versions/A/Kerberos
0x00007fff3a5d5000 	/System/Library/Frameworks/GSS.framework/Versions/A/GSS
0x00007fff6df3d000 	/usr/lib/libresolv.9.dylib
0x00007fff59c17000 	/System/Library/PrivateFrameworks/Heimdal.framework/Versions/A/Heimdal
0x00007fff3c368000 	/System/Library/Frameworks/Kerberos.framework/Versions/A/Libraries/libHeimdalProxy.dylib
0x00007fff6cdb2000 	/usr/lib/libheimdal-asn1.dylib
0x00007fff4e292000 	/System/Library/PrivateFrameworks/CommonAuth.framework/Versions/A/CommonAuth
0x00007fff4b4dd000 	/System/Library/PrivateFrameworks/AssertionServices.framework/Versions/A/AssertionServices
0x00007fff4c080000 	/System/Library/PrivateFrameworks/AudioToolboxCore.framework/Versions/A/AudioToolboxCore
0x00007fff6b3a0000 	/System/Library/PrivateFrameworks/caulk.framework/Versions/A/caulk
0x00007fff4c63e000 	/System/Library/PrivateFrameworks/BaseBoard.framework/Versions/A/BaseBoard
0x00007fff6320e000 	/System/Library/PrivateFrameworks/RunningBoardServices.framework/Versions/A/RunningBoardServices
0x00007fff602e8000 	/System/Library/PrivateFrameworks/PersistentConnection.framework/Versions/A/PersistentConnection
0x00007fff62c5d000 	/System/Library/PrivateFrameworks/ProtocolBuffer.framework/Versions/A/ProtocolBuffer
0x00007fff4e2b7000 	/System/Library/PrivateFrameworks/CommonUtilities.framework/Versions/A/CommonUtilities
0x00007fff4c7c1000 	/System/Library/PrivateFrameworks/Bom.framework/Versions/A/Bom
0x00007fff6ba15000 	/usr/lib/libAudioToolboxUtility.dylib
0x00007fff4c59c000 	/System/Library/PrivateFrameworks/Backup.framework/Versions/A/Backup
0x00007fff5109c000 	/System/Library/PrivateFrameworks/CrashReporterSupport.framework/Versions/A/CrashReporterSupport
0x00007fff64d05000 	/System/Library/PrivateFrameworks/Sharing.framework/Versions/A/Sharing
0x00007fff4ac81000 	/System/Library/PrivateFrameworks/Apple80211.framework/Versions/A/Apple80211
0x00007fff4c2be000 	/System/Library/PrivateFrameworks/AuthKit.framework/Versions/A/AuthKit
0x00007fff50dcc000 	/System/Library/PrivateFrameworks/CoreUtils.framework/Versions/A/CoreUtils
0x00007fff39b3b000 	/System/Library/Frameworks/CoreWLAN.framework/Versions/A/CoreWLAN
0x00007fff3a760000 	/System/Library/Frameworks/IOBluetooth.framework/Versions/A/IOBluetooth
0x00007fff5df4d000 	/System/Library/PrivateFrameworks/MobileKeyBag.framework/Versions/A/MobileKeyBag
0x00007fff4fea2000 	/System/Library/PrivateFrameworks/CorePhoneNumbers.framework/Versions/A/CorePhoneNumbers
0x00007fff4aee9000 	/System/Library/PrivateFrameworks/AppleIDAuthSupport.framework/Versions/A/AppleIDAuthSupport
0x00007fff3e1fa000 	/System/Library/Frameworks/Network.framework/Versions/A/Network
0x00007fff5c60e000 	/System/Library/PrivateFrameworks/KeychainCircle.framework/Versions/A/KeychainCircle
0x00007fff375b0000 	/System/Library/Frameworks/CoreBluetooth.framework/Versions/A/CoreBluetooth
0x00007fff66981000 	/System/Library/PrivateFrameworks/SpeechRecognitionCore.framework/Versions/A/SpeechRecognitionCore
0x0000000110200000 	/Library/Java/JavaVirtualMachines/amazon-corretto-11.jdk/Contents/Home/lib/server/libjvm.dylib
0x000000010e9bc000 	/Library/Java/JavaVirtualMachines/amazon-corretto-11.jdk/Contents/Home/lib/libverify.dylib
0x000000010e9c8000 	/Library/Java/JavaVirtualMachines/amazon-corretto-11.jdk/Contents/Home/lib/libjava.dylib
0x0000000110f5b000 	/Library/Java/JavaVirtualMachines/amazon-corretto-11.jdk/Contents/Home/lib/libinstrument.dylib
0x0000000110fdf000 	/Library/Java/JavaVirtualMachines/amazon-corretto-11.jdk/Contents/Home/lib/libzip.dylib
0x0000000110fe7000 	/Library/Java/JavaVirtualMachines/amazon-corretto-11.jdk/Contents/Home/lib/libjimage.dylib
0x0000000130261000 	/Library/Java/JavaVirtualMachines/amazon-corretto-11.jdk/Contents/Home/lib/libnio.dylib
0x000000013026f000 	/Library/Java/JavaVirtualMachines/amazon-corretto-11.jdk/Contents/Home/lib/libnet.dylib
0x000000013030c000 	/Library/Java/JavaVirtualMachines/amazon-corretto-11.jdk/Contents/Home/lib/libextnet.dylib
0x000000013037b000 	/Library/Java/JavaVirtualMachines/amazon-corretto-11.jdk/Contents/Home/lib/libawt.dylib
0x0000000130416000 	/Library/Java/JavaVirtualMachines/amazon-corretto-11.jdk/Contents/Home/lib/libmlib_image.dylib
0x00007fff3c33e000 	/System/Library/Frameworks/JavaVM.framework/Versions/A/Frameworks/JavaNativeFoundation.framework/Versions/A/JavaNativeFoundation
0x00007fff3c347000 	/System/Library/Frameworks/JavaVM.framework/Versions/A/Frameworks/JavaRuntimeSupport.framework/Versions/A/JavaRuntimeSupport
0x00007fff3c350000 	/System/Library/Frameworks/JavaVM.framework/Versions/A/JavaVM
0x00007fff5c471000 	/System/Library/PrivateFrameworks/JavaLaunching.framework/Versions/A/JavaLaunching
0x00007fff36680000 	/System/Library/Frameworks/Carbon.framework/Versions/A/Carbon
0x00007fff50b80000 	/System/Library/PrivateFrameworks/CoreSymbolication.framework/Versions/A/CoreSymbolication
0x00007fff36681000 	/System/Library/Frameworks/Carbon.framework/Versions/A/Frameworks/CommonPanels.framework/Versions/A/CommonPanels
0x00007fff3697a000 	/System/Library/Frameworks/Carbon.framework/Versions/A/Frameworks/Help.framework/Versions/A/Help
0x00007fff3697e000 	/System/Library/Frameworks/Carbon.framework/Versions/A/Frameworks/ImageCapture.framework/Versions/A/ImageCapture
0x00007fff36985000 	/System/Library/Frameworks/Carbon.framework/Versions/A/Frameworks/OpenScripting.framework/Versions/A/OpenScripting
0x00007fff36984000 	/System/Library/Frameworks/Carbon.framework/Versions/A/Frameworks/Ink.framework/Versions/A/Ink
0x00007fff369c0000 	/System/Library/Frameworks/Carbon.framework/Versions/A/Frameworks/Print.framework/Versions/A/Print
0x00007fff369c1000 	/System/Library/Frameworks/Carbon.framework/Versions/A/Frameworks/SecurityHI.framework/Versions/A/SecurityHI
0x00007fff51461000 	/System/Library/PrivateFrameworks/DebugSymbols.framework/Versions/A/DebugSymbols
0x0000000130481000 	/Library/Java/JavaVirtualMachines/amazon-corretto-11.jdk/Contents/Home/lib/libawt_lwawt.dylib
0x0000000130530000 	/Library/Java/JavaVirtualMachines/amazon-corretto-11.jdk/Contents/Home/lib/libosxapp.dylib
0x00007fff3a043000 	/System/Library/Frameworks/ExceptionHandling.framework/Versions/A/ExceptionHandling
0x000000013065b000 	/Library/Java/JavaVirtualMachines/amazon-corretto-11.jdk/Contents/Home/lib/libfontmanager.dylib
0x000000013075d000 	/Library/Java/JavaVirtualMachines/amazon-corretto-11.jdk/Contents/Home/lib/libfreetype.dylib
0x00007fff5061b000 	/System/Library/PrivateFrameworks/CoreServicesInternal.framework/Versions/A/CoreServicesInternal
0x00007fff3a062000 	/System/Library/Frameworks/FileProvider.framework/Versions/A/FileProvider
0x00007fff34b40000 	/System/Library/Frameworks/Accounts.framework/Versions/A/Accounts
0x00007fff5892c000 	/System/Library/PrivateFrameworks/GenerationalStorage.framework/Versions/A/GenerationalStorage
0x00007fff671b2000 	/System/Library/PrivateFrameworks/SymptomDiagnosticReporter.framework/Versions/A/SymptomDiagnosticReporter
0x00007fff4a772000 	/System/Library/PrivateFrameworks/AppContainer.framework/Versions/A/AppContainer
0x00007fff6df57000 	/usr/lib/libsandbox.1.dylib
0x00007fff696e2000 	/System/Library/PrivateFrameworks/UserManagement.framework/Versions/A/UserManagement
0x00007fff4d383000 	/System/Library/PrivateFrameworks/ChunkingLibrary.framework/Versions/A/ChunkingLibrary
0x00007fff4a7e4000 	/System/Library/PrivateFrameworks/AppSandbox.framework/Versions/A/AppSandbox
0x00007fff64b8f000 	/System/Library/PrivateFrameworks/SecCodeWrapper.framework/Versions/A/SecCodeWrapper
0x00007fff6be2c000 	/usr/lib/libMatch.1.dylib
0x00007fff2c160000 	/System/Library/CoreServices/RawCamera.bundle/Contents/MacOS/RawCamera
0x00007fff5dd77000 	/System/Library/PrivateFrameworks/MobileAsset.framework/Versions/A/MobileAsset
0x00007fff67060000 	/System/Library/PrivateFrameworks/StreamingZip.framework/Versions/A/StreamingZip
0x00007fff3c7d1000 	/System/Library/Frameworks/MediaToolbox.framework/Versions/A/MediaToolbox
0x00007fff4ed9b000 	/System/Library/PrivateFrameworks/CoreAVCHD.framework/Versions/A/CoreAVCHD
0x00007fff3c6fb000 	/System/Library/Frameworks/MediaAccessibility.framework/Versions/A/MediaAccessibility
0x00007fff5d142000 	/System/Library/PrivateFrameworks/Mangrove.framework/Versions/A/Mangrove
0x00007fff38d05000 	/System/Library/Frameworks/CoreMedia.framework/Versions/A/CoreMedia
0x00007fff5d3ae000 	/System/Library/PrivateFrameworks/MediaExperience.framework/Versions/A/MediaExperience
0x00007fff455b7000 	/System/Library/Frameworks/VideoToolbox.framework/Versions/A/VideoToolbox
0x00007fff4e9c5000 	/System/Library/PrivateFrameworks/CoreAUC.framework/Versions/A/CoreAUC
0x00007fff6dfaf000 	/usr/lib/libspindump.dylib
0x00007fff4ba2b000 	/System/Library/PrivateFrameworks/AudioResourceArbitration.framework/Versions/A/AudioResourceArbitration
0x00007fff4b444000 	/System/Library/PrivateFrameworks/AppleVA.framework/Versions/A/AppleVA
0x00007fff33885000 	/System/Library/Frameworks/Accelerate.framework/Versions/A/Frameworks/vImage.framework/Versions/A/Libraries/libCGInterfaces.dylib
0x0000000130242000 	/usr/lib/libobjc-trampolines.dylib
0x00007fff539f4000 	/System/Library/PrivateFrameworks/FontServices.framework/libTrueTypeScaler.dylib
0x00007fff2c36f000 	/System/Library/Extensions/AMDMTLBronzeDriver.bundle/Contents/MacOS/AMDMTLBronzeDriver
0x00007fff5be09000 	/System/Library/PrivateFrameworks/IOAccelMemoryInfo.framework/Versions/A/IOAccelMemoryInfo
0x00007fff307a9000 	/System/Library/Extensions/AppleIntelKBLGraphicsMTLDriver.bundle/Contents/MacOS/AppleIntelKBLGraphicsMTLDriver
0x00007fff56f62000 	/System/Library/PrivateFrameworks/GPUCompiler.framework/Versions/3902/Libraries/libmetal_timestamp.dylib
0x00007fff6a4b6000 	/System/Library/PrivateFrameworks/ViewBridge.framework/Versions/A/ViewBridge
0x00007fff6b6f2000 	/System/Library/PrivateFrameworks/login.framework/Versions/A/login
0x0000000130552000 	/Library/Java/JavaVirtualMachines/amazon-corretto-11.jdk/Contents/Home/lib/libprefs.dylib
0x00007fff423a9000 	/System/Library/Frameworks/OpenGL.framework/Versions/A/Resources/GLEngine.bundle/GLEngine
0x00007fff4179a000 	/System/Library/Frameworks/OpenGL.framework/Versions/A/Libraries/libGLProgrammability.dylib
0x00007fff2f980000 	/System/Library/Extensions/AppleIntelKBLGraphicsGLDriver.bundle/Contents/MacOS/AppleIntelKBLGraphicsGLDriver
0x00007fff585fe000 	/System/Library/PrivateFrameworks/GPUSupport.framework/Versions/A/Libraries/libGPUSupportMercury.dylib
0x0000000133650000 	/System/Library/Extensions/AMDRadeonX4000GLDriver.bundle/Contents/MacOS/AMDRadeonX4000GLDriver
0x00007fff2c490000 	/System/Library/Extensions/AMDRadeonX4000GLDriver.bundle/Contents/MacOS/ATIRadeonX4000SCLib.dylib
0x00007fff2dab5000 	/System/Library/Extensions/AMDShared.bundle/Contents/PlugIns/libSC.dylib
0x00007fff42523000 	/System/Library/Frameworks/OpenGL.framework/Versions/A/Resources/GLRendererFloat.bundle/GLRendererFloat
0x00007fff40d5d000 	/System/Library/Frameworks/OpenCL.framework/Versions/A/Libraries/libcldcpuengine.dylib
0x00007fff6c7ed000 	/usr/lib/libcrypto.35.dylib
0x00007fff67bba000 	/System/Library/PrivateFrameworks/TrustEvaluationAgent.framework/Versions/A/TrustEvaluationAgent
0x0000000132d36000 	/Library/Java/JavaVirtualMachines/amazon-corretto-11.jdk/Contents/Home/lib/libosxui.dylib
0x0000000165928000 	/Library/Java/JavaVirtualMachines/amazon-corretto-11.jdk/Contents/Home/lib/libjavajpeg.dylib
0x0000000132ade000 	/Users/adventure/.codenameone/javafx/lib/libprism_es2.dylib
0x0000000166701000 	/Users/adventure/.codenameone/javafx/lib/libglass.dylib
0x00000001699c3000 	/Users/adventure/.codenameone/javafx/lib/libjfxwebkit.dylib
0x0000000132d1f000 	/Users/adventure/.codenameone/javafx/lib/libjavafx_font.dylib
0x0000000166c91000 	/Library/Java/JavaVirtualMachines/amazon-corretto-11.jdk/Contents/Home/lib/libsunec.dylib
0x00000001680d1000 	/Library/Java/JavaVirtualMachines/amazon-corretto-11.jdk/Contents/Home/lib/liblcms.dylib


VM Arguments:
jvm_args: -Xms128m -Xmx2048m -XX:ReservedCodeCacheSize=240m -XX:+UseConcMarkSweepGC -XX:SoftRefLRUPolicyMSPerMB=50 -ea -XX:CICompilerCount=2 -Dsun.io.useCanonPrefixCache=false -Djava.net.preferIPv4Stack=true -Djdk.http.auth.tunneling.disabledSchemes="" -XX:+HeapDumpOnOutOfMemoryError -XX:-OmitStackTraceInFastThrow -Djdk.attach.allowAttachSelf=true -Dkotlinx.coroutines.debug=off -Djdk.module.illegalAccess.silent=true -XX:+UseCompressedOops -Dfile.encoding=UTF-8 -XX:ErrorFile=$USER_HOME/java_error_in_idea_%p.log -XX:HeapDumpPath=$USER_HOME/java_error_in_idea.hprof -Dapple.laf.useScreenMenuBar=true -javaagent:/Applications/IntelliJ IDEA CE.app/Contents/lib/idea_rt.jar=50395:/Applications/IntelliJ IDEA CE.app/Contents/bin 
java_command: com.codename1.impl.javase.Simulator com.codename1.demos.kitchen.MyApplication
java_class_path (initial): /Users/adventure/Desktop/kitchesinkdemo/out/production/kitchesinkdemo:/Users/adventure/Desktop/kitchesinkdemo/src:/Users/adventure/Desktop/kitchesinkdemo/lib/CodenameOne.jar:/Users/adventure/Desktop/kitchesinkdemo/JavaSE.jar:native/internal_tmp:lib/impl/cls
Launcher Type: SUN_STANDARD

[Global flags]
     intx CICompilerCount                          = 2                                         {product} {command line}
    ccstr ErrorFile                                = $USER_HOME/java_error_in_idea_%p.log            {product} {command line}
     bool HeapDumpOnOutOfMemoryError               = true                                   {manageable} {command line}
    ccstr HeapDumpPath                             = $USER_HOME/java_error_in_idea.hprof         {manageable} {command line}
   size_t InitialHeapSize                          = 134217728                                 {product} {command line}
   size_t MaxHeapSize                              = 2147483648                                {product} {command line}
   size_t MaxNewSize                               = 715784192                                 {product} {ergonomic}
    uintx MaxTenuringThreshold                     = 6                                         {product} {ergonomic}
   size_t MinHeapDeltaBytes                        = 196608                                    {product} {ergonomic}
   size_t NewSize                                  = 44695552                                  {product} {ergonomic}
    uintx NonNMethodCodeHeapSize                   = 5825164                                {pd product} {ergonomic}
    uintx NonProfiledCodeHeapSize                  = 122916538                              {pd product} {ergonomic}
   size_t OldSize                                  = 89522176                                  {product} {ergonomic}
     bool OmitStackTraceInFastThrow                = false                                     {product} {command line}
    uintx ProfiledCodeHeapSize                     = 122916538                              {pd product} {ergonomic}
    uintx ReservedCodeCacheSize                    = 251658240                              {pd product} {command line}
     bool SegmentedCodeCache                       = true                                      {product} {ergonomic}
     intx SoftRefLRUPolicyMSPerMB                  = 50                                        {product} {command line}
     bool UseCompressedClassPointers               = true                                 {lp64_product} {ergonomic}
     bool UseCompressedOops                        = true                                 {lp64_product} {command line}
     bool UseConcMarkSweepGC                       = true                                      {product} {command line}

Logging:
Log output configuration:
 #0: stdout all=warning uptime,level,tags
 #1: stderr all=off uptime,level,tags

Environment Variables:
JAVA_HOME=/Library/Java/JavaVirtualMachines/amazon-corretto-11.jdk/Contents/Home
PATH=/usr/local/bin:/Library/Frameworks/Python.framework/Versions/3.7/bin:/usr/local/bin:/usr/bin:/bin:/usr/sbin:/sbin:/Users/adventure/dev/flutter/bin:/Users/adventure/Library/Android/sdk/tools:/Users/adventure/Library/Android/sdk/platform-tools
SHELL=/bin/zsh

Signal Handlers:
SIGSEGV: [libjvm.dylib+0x7577d8], sa_mask[0]=11111111011111110111111111111111, sa_flags=SA_ONSTACK|SA_RESTART|SA_SIGINFO
SIGBUS: [libjvm.dylib+0x7577d8], sa_mask[0]=11111111011111110111111111111111, sa_flags=SA_RESTART|SA_SIGINFO
SIGFPE: [libjvm.dylib+0x7577d8], sa_mask[0]=11111111011111110111111111111111, sa_flags=SA_RESTART|SA_SIGINFO
SIGPIPE: [libjvm.dylib+0x5fbe5c], sa_mask[0]=11111111011111110111111111111111, sa_flags=SA_RESTART|SA_SIGINFO
SIGXFSZ: [libjvm.dylib+0x5fbe5c], sa_mask[0]=11111111011111110111111111111111, sa_flags=SA_RESTART|SA_SIGINFO
SIGILL: [libjvm.dylib+0x7577d8], sa_mask[0]=11111111011111110111111111111111, sa_flags=SA_RESTART|SA_SIGINFO
SIGUSR2: [libjvm.dylib+0x5fc45a], sa_mask[0]=00100000000000000000000000000000, sa_flags=SA_RESTART|SA_SIGINFO
SIGHUP: [libjvm.dylib+0x5faf37], sa_mask[0]=11111111011111110111111111111111, sa_flags=SA_RESTART|SA_SIGINFO
SIGINT: [libjvm.dylib+0x5faf37], sa_mask[0]=11111111011111110111111111111111, sa_flags=SA_RESTART|SA_SIGINFO
SIGTERM: [libjvm.dylib+0x5faf37], sa_mask[0]=11111111011111110111111111111111, sa_flags=SA_RESTART|SA_SIGINFO
SIGQUIT: [libjvm.dylib+0x5faf37], sa_mask[0]=11111111011111110111111111111111, sa_flags=SA_RESTART|SA_SIGINFO


---------------  S Y S T E M  ---------------

OS:uname:Darwin 19.2.0 Darwin Kernel Version 19.2.0: Sat Nov  9 03:47:04 PST 2019; root:xnu-6153.61.1~20/RELEASE_X86_64 x86_64
rlimit: STACK 8192k, CORE 0k, NPROC 2784, NOFILE 10240, AS infinity, DATA infinity, FSIZE infinity
load average:2.28 2.51 2.43

CPU:total 12 (initial active 12) (6 cores per cpu, 2 threads per core) family 6 model 158 stepping 10, cmov, cx8, fxsr, mmx, sse, sse2, sse3, ssse3, sse4.1, sse4.2, popcnt, avx, avx2, aes, clmul, erms, 3dnowpref, lzcnt, ht, tsc, tscinvbit, bmi1, bmi2, adx, fma

Memory: 4k page, physical 16777216k(149540k free), swap 0k(0k free)

vm_info: OpenJDK 64-Bit Server VM (11.0.5+10-LTS) for bsd-amd64 JRE (11.0.5+10-LTS), built on Nov 12 2019 17:01:34 by "root" with gcc 4.2.1 Compatible Apple LLVM 8.0.0 (clang-800.0.42.1)

END.
