#
# A fatal error has been detected by the Java Runtime Environment:
#
#  SIGSEGV (0xb) at pc=0x000000010a3e96f6, pid=2240, tid=113999
#
# JRE version: OpenJDK Runtime Environment (11.0.5+10) (build 11.0.5+10-LTS)
# Java VM: OpenJDK 64-Bit Server VM (11.0.5+10-LTS, mixed mode, tiered, compressed oops, concurrent mark sweep gc, bsd-amd64)
# Problematic frame:
# V  [libjvm.dylib+0x3e96f6]  jni_CallStaticBooleanMethodV+0x7c
#
# No core dump will be written. Core dumps have been disabled. To enable core dumping, try "ulimit -c unlimited" before starting Java again
#
# If you would like to submit a bug report, please visit:
#   http://bugreport.java.com/bugreport/crash.jsp
#

---------------  S U M M A R Y ------------

Command Line: -Xms128m -Xmx2048m -XX:ReservedCodeCacheSize=240m -XX:+UseConcMarkSweepGC -XX:SoftRefLRUPolicyMSPerMB=50 -ea -XX:CICompilerCount=2 -Dsun.io.useCanonPrefixCache=false -Djava.net.preferIPv4Stack=true -Djdk.http.auth.tunneling.disabledSchemes="" -XX:+HeapDumpOnOutOfMemoryError -XX:-OmitStackTraceInFastThrow -Djdk.attach.allowAttachSelf=true -Dkotlinx.coroutines.debug=off -Djdk.module.illegalAccess.silent=true -XX:+UseCompressedOops -Dfile.encoding=UTF-8 -XX:ErrorFile=$USER_HOME/java_error_in_idea_%p.log -XX:HeapDumpPath=$USER_HOME/java_error_in_idea.hprof -Dapple.laf.useScreenMenuBar=true -javaagent:/Applications/IntelliJ IDEA CE.app/Contents/lib/idea_rt.jar=50947:/Applications/IntelliJ IDEA CE.app/Contents/bin com.codename1.impl.javase.Simulator com.codename1.demos.kitchen.MyApplication

Host: MacBookPro15,1 x86_64 2200 MHz, 12 cores, 16G, Darwin 19.2.0
Time: Sat Dec 28 10:22:52 2019 +0545 elapsed time: 11 seconds (0d 0h 0m 11s)

---------------  T H R E A D  ---------------

Current thread (0x00007ff1377bf000):  JavaThread "Thread-8" daemon [_thread_in_vm, id=113999, stack(0x00007000112a0000,0x0000700011320000)]

Stack: [0x00007000112a0000,0x0000700011320000],  sp=0x000070001131fbe0,  free space=510k
Native frames: (J=compiled Java code, A=aot compiled Java code, j=interpreted, Vv=VM code, C=native code)
V  [libjvm.dylib+0x3e96f6]  jni_CallStaticBooleanMethodV+0x7c
C  [libjfxwebkit.dylib+0x9746]  _ZN7JNIEnv_23CallStaticBooleanMethodEP7_jclassP10_jmethodIDz+0x86
C  [libjfxwebkit.dylib+0x15884e8]  _ZN7WebCore10FileSystem18makeAllDirectoriesERKN3WTF6StringE+0x268
C  [libjfxwebkit.dylib+0x22d12]  _ZN7WebCore18StorageSyncManager20fullDatabaseFilenameERKN3WTF6StringE+0x22
C  [libjfxwebkit.dylib+0x1f0d6]  _ZN6WebKit15StorageAreaSync12openDatabaseENS0_21OpenDatabaseParamTypeE+0x36
C  [libjfxwebkit.dylib+0x1f6ee]  _ZN6WebKit15StorageAreaSync13performImportEv+0x1e
C  [libjfxwebkit.dylib+0x23619]  _ZN7WebCore13StorageThread16threadEntryPointEv+0x89
C  [libjfxwebkit.dylib+0x1a802b4]  _ZN3WTF6Thread10entryPointEPNS0_16NewThreadContextE+0xe4
C  [libjfxwebkit.dylib+0x1ab68d9]  _ZN3WTFL19wtfThreadEntryPointEPv+0x9
C  [libsystem_pthread.dylib+0x5e65]  _pthread_start+0x94
C  [libsystem_pthread.dylib+0x183b]  thread_start+0xf


siginfo: si_signo: 11 (SIGSEGV), si_code: 1 (SEGV_MAPERR), si_addr: 0x0000000000000000

Register to memory mapping:

RAX=0x0 is NULL
RBX=0x00007ff1377bf000 is a thread
RCX=0x00007ff13c6145e8 points into unknown readable memory: 00 45 a2 80 07 00 00 00
RDX=0x0 is NULL
RSP=0x000070001131fbe0 is pointing into the stack for thread: 0x00007ff1377bf000
RBP=0x000070001131fc80 is pointing into the stack for thread: 0x00007ff1377bf000
RSI=0x0 is NULL
RDI=0x00007ff1377bf340 points into unknown readable memory: 70 a7 90 0a 01 00 00 00
R8 =0x000000000000000a is an unknown value
R9 =0x00007ff1377bf000 is a thread
R10=0x000000010a8dc820: _ZTV7CMSHeap+0x10 in /Library/Java/JavaVirtualMachines/amazon-corretto-11.jdk/Contents/Home/lib/server/libjvm.dylib at 0x000000010a000000
R11=0x0 is NULL
R12=0x0 is NULL
R13=0x000070001131fd40 is pointing into the stack for thread: 0x00007ff1377bf000
R14=0x0 is NULL
R15=0x00007ff1377bf340 points into unknown readable memory: 70 a7 90 0a 01 00 00 00


Registers:
RAX=0x0000000000000000, RBX=0x00007ff1377bf000, RCX=0x00007ff13c6145e8, RDX=0x0000000000000000
RSP=0x000070001131fbe0, RBP=0x000070001131fc80, RSI=0x0000000000000000, RDI=0x00007ff1377bf340
R8 =0x000000000000000a, R9 =0x00007ff1377bf000, R10=0x000000010a8dc820, R11=0x0000000000000000
R12=0x0000000000000000, R13=0x000070001131fd40, R14=0x0000000000000000, R15=0x00007ff1377bf340
RIP=0x000000010a3e96f6, EFLAGS=0x0000000000010206, ERR=0x0000000000000004
  TRAPNO=0x000000000000000e

Top of Stack: (sp=0x000070001131fbe0)
0x000070001131fbe0:   000070001131fc00 000000010a71e087
0x000070001131fbf0:   f7446d95c17b0079 00007ff1377bf000
0x000070001131fc00:   000070001131fc30 000000010a71e060
0x000070001131fc10:   0000000000000001 00007ff1377bf108
0x000070001131fc20:   00007ff100000004 0000000000000004
0x000070001131fc30:   00007ff1377bf000 00007ff13c6145e0
0x000070001131fc40:   0000000000000533 000000010a7baa77
0x000070001131fc50:   00007ff1377bf000 0000000000000000
0x000070001131fc60:   00000001660c14b0 00007ff1377bf340
0x000070001131fc70:   000000016ae2e808 0000000000000000
0x000070001131fc80:   000070001131fd60 0000000162b3e746
0x000070001131fc90:   000000010a960201 00007ff1377bf000
0x000070001131fca0:   000070001131fcc0 00007ff13c374320
0x000070001131fcb0:   000000000000000a 00007ff1377bf000
0x000070001131fcc0:   000070001131fd20 000000010a3ee597
0x000070001131fcd0:   00007ff1377bf000 00007ff13c6145e0
0x000070001131fce0:   0000700000000533 000000010a7baa77
0x000070001131fcf0:   00007ff1377bf000 0000000000000000
0x000070001131fd00:   0000000000000039 000000016ae2e808
0x000070001131fd10:   000000016ae2e808 000070001131fd78
0x000070001131fd20:   000070001131fd60 00000001645ec38a
0x000070001131fd30:   0000000000000001 0000000000000000
0x000070001131fd40:   0000003000000018 000070001131fd70
0x000070001131fd50:   000070001131fc90 f7446d95c17b0079
0x000070001131fd60:   000070001131fdb0 00000001640bd4e8
0x000070001131fd70:   00007ff13681f990 00007ff13c374320
0x000070001131fd80:   00007ff1377bf340 000000016ae2e808
0x000070001131fd90:   000070001131ff30 000000016ab930f0
0x000070001131fda0:   000070001131fe28 000000016ab931b0
0x000070001131fdb0:   000070001131fdf0 0000000162b57d12
0x000070001131fdc0:   f7446d95c17b0079 0000000780a22320
0x000070001131fdd0:   000070001131fe50 000070001131fe28 

Instructions: (pc=0x000000010a3e96f6)
0x000000010a3e95f6:   0f 1f 40 00 48 83 7d 90 00 74 09 48 8d 7d 88 e8
0x000000010a3e9606:   7c b1 24 00 48 8b 9b f0 00 00 00 4c 8b 73 08 48
0x000000010a3e9616:   8b 43 10 48 83 38 00 74 19 48 8b 73 28 4c 89 f7
0x000000010a3e9626:   e8 77 ec cf ff 48 8b 7b 10 e8 32 eb cf ff 48 8b
0x000000010a3e9636:   43 10 49 89 46 10 48 8b 43 18 49 89 46 18 48 8b
0x000000010a3e9646:   43 20 49 89 46 20 48 8d 7d a8 e8 ab 44 33 00 4c
0x000000010a3e9656:   3b 6d d0 75 1a f2 0f 10 85 78 fe ff ff 48 81 c4
0x000000010a3e9666:   68 01 00 00 5b 41 5c 41 5d 41 5e 41 5f 5d c3 e8
0x000000010a3e9676:   da 58 39 00 55 48 89 e5 41 57 41 56 41 55 41 54
0x000000010a3e9686:   53 48 83 ec 78 49 89 cd 49 89 d6 49 89 f4 49 89
0x000000010a3e9696:   ff 49 8d 9f c0 fc ff ff b8 55 21 ff ff 41 03 87
0x000000010a3e96a6:   90 00 00 00 83 f8 02 72 0a 48 89 df e8 8d 5f 31
0x000000010a3e96b6:   00 31 db 48 8d 7d d0 48 89 de e8 bb 43 33 00 48
0x000000010a3e96c6:   89 5d b0 48 c7 45 b8 00 00 00 00 48 83 7b 08 00
0x000000010a3e96d6:   74 09 48 8d 7d b0 e8 59 b0 24 00 4c 89 ff 4c 89
0x000000010a3e96e6:   e6 4c 89 f2 90 0f 1f 40 00 c7 45 a0 04 00 00 00
0x000000010a3e96f6:   49 8b 06 48 8b 40 08 48 8b 48 08 0f b7 40 2c 48
0x000000010a3e9706:   8b 74 c1 40 48 8d bd 60 ff ff ff e8 f6 cd 29 00
0x000000010a3e9716:   c7 85 78 ff ff ff 63 00 00 00 48 c7 45 80 00 00
0x000000010a3e9726:   00 00 48 8d 05 69 18 52 00 48 89 85 60 ff ff ff
0x000000010a3e9736:   49 8b 45 10 48 89 45 98 49 8b 45 00 49 8b 4d 08
0x000000010a3e9746:   48 89 4d 90 48 89 45 88 41 f6 c4 01 75 0b 4c 89
0x000000010a3e9756:   e7 ff 15 23 04 52 00 eb 0c 49 ff cc 4c 89 e7 ff
0x000000010a3e9766:   15 95 ac 51 00 48 89 c7 e8 ef ea fb ff 48 8b 08
0x000000010a3e9776:   48 89 c7 48 89 de ff 91 b0 00 00 00 31 ff 48 83
0x000000010a3e9786:   7b 08 00 41 bc 00 00 00 00 75 2f 48 8d 75 a0 48
0x000000010a3e9796:   8d 8d 60 ff ff ff 4c 89 ff 4c 89 f2 49 89 d8 e8
0x000000010a3e97a6:   a4 ec ff ff 31 ff 48 83 7b 08 00 41 bc 00 00 00
0x000000010a3e97b6:   00 75 07 0f b6 7d a8 41 88 fc 90 0f 1f 40 00 48
0x000000010a3e97c6:   83 7d b8 00 74 09 48 8d 7d b0 e8 b1 af 24 00 48
0x000000010a3e97d6:   8b 9b f0 00 00 00 4c 8b 73 08 48 8b 43 10 48 83
0x000000010a3e97e6:   38 00 74 19 48 8b 73 28 4c 89 f7 e8 ac ea cf ff 


Stack slot to memory mapping:
stack at sp + 0 slots: 0x000070001131fc00 is pointing into the stack for thread: 0x00007ff1377bf000
stack at sp + 1 slots: 0x000000010a71e087: _ZN6Atomic4loadIPVvEET_PVKS3_+0x17 in /Library/Java/JavaVirtualMachines/amazon-corretto-11.jdk/Contents/Home/lib/server/libjvm.dylib at 0x000000010a000000
stack at sp + 2 slots: 0xf7446d95c17b0079 is an unknown value
stack at sp + 3 slots: 0x00007ff1377bf000 is a thread
stack at sp + 4 slots: 0x000070001131fc30 is pointing into the stack for thread: 0x00007ff1377bf000
stack at sp + 5 slots: 0x000000010a71e060: _ZN11OrderAccess12ordered_loadIPVvL15ScopedFenceType0EEET_PVKS4_+0x30 in /Library/Java/JavaVirtualMachines/amazon-corretto-11.jdk/Contents/Home/lib/server/libjvm.dylib at 0x000000010a000000
stack at sp + 6 slots: 0x0000000000000001 is an unknown value
stack at sp + 7 slots: 0x00007ff1377bf108 points into unknown readable memory: 00 d0 a2 07 01 00 00 00


---------------  P R O C E S S  ---------------

Threads class SMR info:
_java_thread_list=0x00007ff1368b1340, length=49, elements={
0x00007ff137802000, 0x00007ff13485b000, 0x00007ff137811000, 0x00007ff135007000,
0x00007ff134858800, 0x00007ff137812000, 0x00007ff134877000, 0x00007ff134878000,
0x00007ff13480c000, 0x00007ff1360fd800, 0x00007ff13789b000, 0x00007ff139818800,
0x00007ff1378c7800, 0x00007ff1378cc800, 0x00007ff1378e2000, 0x00007ff135801000,
0x00007ff137132000, 0x00007ff135b4c000, 0x00007ff137787000, 0x00007ff1377b6000,
0x00007ff1377b0800, 0x00007ff136111000, 0x00007ff13d02e000, 0x00007ff1349b3800,
0x00007ff1353a7800, 0x00007ff137331800, 0x00007ff13d093800, 0x00007ff137334000,
0x00007ff13da6f800, 0x00007ff137339000, 0x00007ff137ab5000, 0x00007ff137cfe000,
0x00007ff13da85000, 0x00007ff137cff000, 0x00007ff137cff800, 0x00007ff137d00800,
0x00007ff13da86000, 0x00007ff13da87000, 0x00007ff13da88000, 0x00007ff137d01800,
0x00007ff13735e000, 0x00007ff13da83000, 0x00007ff135519000, 0x00007ff137d0c000,
0x00007ff137347000, 0x00007ff13d0ee000, 0x00007ff135539000, 0x00007ff13553a000,
0x00007ff1377bf000
}

Java Threads: ( => current thread )
  0x00007ff137802000 JavaThread "Reference Handler" daemon [_thread_blocked, id=19715, stack(0x000070000d039000,0x000070000d139000)]
  0x00007ff13485b000 JavaThread "Finalizer" daemon [_thread_blocked, id=12291, stack(0x000070000d13c000,0x000070000d23c000)]
  0x00007ff137811000 JavaThread "Signal Dispatcher" daemon [_thread_blocked, id=17155, stack(0x000070000d345000,0x000070000d445000)]
  0x00007ff135007000 JavaThread "C2 CompilerThread0" daemon [_thread_in_native, id=16643, stack(0x000070000d448000,0x000070000d548000)]
  0x00007ff134858800 JavaThread "C1 CompilerThread0" daemon [_thread_blocked, id=15875, stack(0x000070000d54b000,0x000070000d64b000)]
  0x00007ff137812000 JavaThread "Sweeper thread" daemon [_thread_blocked, id=15363, stack(0x000070000d64e000,0x000070000d74e000)]
  0x00007ff134877000 JavaThread "Common-Cleaner" daemon [_thread_blocked, id=14851, stack(0x000070000d751000,0x000070000d851000)]
  0x00007ff134878000 JavaThread "Monitor Ctrl-Break" daemon [_thread_in_native, id=43267, stack(0x000070000d854000,0x000070000d954000)]
  0x00007ff13480c000 JavaThread "Service Thread" daemon [_thread_blocked, id=22531, stack(0x000070000d957000,0x000070000da57000)]
  0x00007ff1360fd800 JavaThread "JavaFX Application Thread" daemon [_thread_in_native, id=775, stack(0x00007ffee7a4e000,0x00007ffee824e000)]
  0x00007ff13789b000 JavaThread "AWT-Shutdown" [_thread_blocked, id=36611, stack(0x000070000db5d000,0x000070000dc5d000)]
  0x00007ff139818800 JavaThread "Timer-0" daemon [_thread_blocked, id=74247, stack(0x000070000e201000,0x000070000e301000)]
  0x00007ff1378c7800 JavaThread "AWT-EventQueue-0" [_thread_blocked, id=73479, stack(0x000070000e304000,0x000070000e404000)]
  0x00007ff1378cc800 JavaThread "Thread-4" [_thread_blocked, id=55811, stack(0x000070000e407000,0x000070000e507000)]
  0x00007ff1378e2000 JavaThread "DestroyJavaVM" [_thread_blocked, id=5891, stack(0x000070000cb2a000,0x000070000cc2a000)]
  0x00007ff135801000 JavaThread "Java2D Queue Flusher" daemon [_thread_in_native, id=72711, stack(0x000070000e50a000,0x000070000e60a000)]
  0x00007ff137132000 JavaThread "Java2D Disposer" daemon [_thread_blocked, id=69647, stack(0x000070000e60d000,0x000070000e70d000)]
  0x00007ff135b4c000 JavaThread "Attach Listener" daemon [_thread_blocked, id=60687, stack(0x000070000e710000,0x000070000e810000)]
  0x00007ff137787000 JavaThread "EDT" [_thread_blocked, id=129283, stack(0x000070000f231000,0x000070000f331000)]
  0x00007ff1377b6000 JavaThread "Network Thread" [_thread_blocked, id=128787, stack(0x000070000f334000,0x000070000f434000)]
  0x00007ff1377b0800 JavaThread "Network Thread" [_thread_blocked, id=90387, stack(0x000070000f437000,0x000070000f537000)]
  0x00007ff136111000 JavaThread "invokeAndBlock1" [_thread_blocked, id=93443, stack(0x000070000f740000,0x000070000f840000)]
  0x00007ff13d02e000 JavaThread "QuantumRenderer-0" daemon [_thread_blocked, id=46811, stack(0x000070000dc60000,0x000070000dd60000)]
  0x00007ff1349b3800 JavaThread "InvokeLaterDispatcher" daemon [_thread_blocked, id=91655, stack(0x000070000dd63000,0x000070000de63000)]
  0x00007ff1353a7800 JavaThread "Thread-6" daemon [_thread_in_native, id=18951, stack(0x000070000d23f000,0x000070000d2bf000)]
  0x00007ff137331800 JavaThread "Prism Font Disposer" daemon [_thread_blocked, id=94467, stack(0x000070000dee9000,0x000070000dfe9000)]
  0x00007ff13d093800 JavaThread "Disposer" daemon [_thread_blocked, id=94723, stack(0x000070000f12e000,0x000070000f22e000)]
  0x00007ff137334000 JavaThread "URL-Loader-1" daemon [_thread_blocked, id=95491, stack(0x000070000f843000,0x000070000f943000)]
  0x00007ff13da6f800 JavaThread "URL-Loader-2" daemon [_thread_blocked, id=120579, stack(0x000070000fc58000,0x000070000fd58000)]
  0x00007ff137339000 JavaThread "URL-Loader-3" daemon [_thread_blocked, id=120067, stack(0x000070000fd5b000,0x000070000fe5b000)]
  0x00007ff137ab5000 JavaThread "URL-Loader-4" daemon [_thread_blocked, id=119555, stack(0x000070000fe5e000,0x000070000ff5e000)]
  0x00007ff137cfe000 JavaThread "URL-Loader-5" daemon [_thread_blocked, id=118787, stack(0x000070000ff61000,0x0000700010061000)]
  0x00007ff13da85000 JavaThread "URL-Loader-6" daemon [_thread_blocked, id=118275, stack(0x0000700010064000,0x0000700010164000)]
  0x00007ff137cff000 JavaThread "URL-Loader-7" daemon [_thread_blocked, id=97795, stack(0x0000700010167000,0x0000700010267000)]
  0x00007ff137cff800 JavaThread "URL-Loader-8" daemon [_thread_blocked, id=117507, stack(0x000070001026a000,0x000070001036a000)]
  0x00007ff137d00800 JavaThread "URL-Loader-9" daemon [_thread_blocked, id=98819, stack(0x000070001036d000,0x000070001046d000)]
  0x00007ff13da86000 JavaThread "URL-Loader-10" daemon [_thread_blocked, id=116739, stack(0x0000700010470000,0x0000700010570000)]
  0x00007ff13da87000 JavaThread "URL-Loader-11" daemon [_thread_blocked, id=99331, stack(0x0000700010573000,0x0000700010673000)]
  0x00007ff13da88000 JavaThread "URL-Loader-12" daemon [_thread_blocked, id=99843, stack(0x0000700010676000,0x0000700010776000)]
  0x00007ff137d01800 JavaThread "URL-Loader-13" daemon [_thread_blocked, id=115715, stack(0x0000700010779000,0x0000700010879000)]
  0x00007ff13735e000 JavaThread "URL-Loader-14" daemon [_thread_blocked, id=100867, stack(0x000070001087c000,0x000070001097c000)]
  0x00007ff13da83000 JavaThread "URL-Loader-15" daemon [_thread_blocked, id=101147, stack(0x000070001097f000,0x0000700010a7f000)]
  0x00007ff135519000 JavaThread "URL-Loader-16" daemon [_thread_blocked, id=103955, stack(0x0000700010a82000,0x0000700010b82000)]
  0x00007ff137d0c000 JavaThread "URL-Loader-17" daemon [_thread_blocked, id=103687, stack(0x0000700010b85000,0x0000700010c85000)]
  0x00007ff137347000 JavaThread "URL-Loader-18" daemon [_thread_blocked, id=102675, stack(0x0000700010c88000,0x0000700010d88000)]
  0x00007ff13d0ee000 JavaThread "URL-Loader-19" daemon [_thread_blocked, id=102423, stack(0x0000700010d8b000,0x0000700010e8b000)]
  0x00007ff135539000 JavaThread "URL-Loader-20" daemon [_thread_blocked, id=104451, stack(0x0000700010e8e000,0x0000700010f8e000)]
  0x00007ff13553a000 JavaThread "Keep-Alive-Timer" daemon [_thread_blocked, id=105519, stack(0x0000700010f91000,0x0000700011091000)]
=>0x00007ff1377bf000 JavaThread "Thread-8" daemon [_thread_in_vm, id=113999, stack(0x00007000112a0000,0x0000700011320000)]

Other Threads:
  0x00007ff13485a800 VMThread "VM Thread" [stack: 0x000070000cf36000,0x000070000d036000] [id=12035]
  0x00007ff135837000 WatcherThread [stack: 0x000070000da5a000,0x000070000db5a000] [id=43011]
  0x00007ff134808800 GCTaskThread "GC Thread#0" [stack: 0x000070000cc2d000,0x000070000cd2d000] [id=21251]
  0x00007ff138000800 GCTaskThread "GC Thread#1" [stack: 0x000070000e813000,0x000070000e913000] [id=65355]
  0x00007ff138013000 GCTaskThread "GC Thread#2" [stack: 0x000070000e916000,0x000070000ea16000] [id=65027]
  0x00007ff138014000 GCTaskThread "GC Thread#3" [stack: 0x000070000ea19000,0x000070000eb19000] [id=64515]
  0x00007ff138014800 GCTaskThread "GC Thread#4" [stack: 0x000070000eb1c000,0x000070000ec1c000] [id=64259]
  0x00007ff138015800 GCTaskThread "GC Thread#5" [stack: 0x000070000ec1f000,0x000070000ed1f000] [id=63747]
  0x00007ff138016000 GCTaskThread "GC Thread#6" [stack: 0x000070000ed22000,0x000070000ee22000] [id=61699]
  0x00007ff138017800 GCTaskThread "GC Thread#7" [stack: 0x000070000ee25000,0x000070000ef25000] [id=63235]
  0x00007ff135137000 GCTaskThread "GC Thread#8" [stack: 0x000070000f53a000,0x000070000f63a000] [id=127775]
  0x00007ff13529f800 GCTaskThread "GC Thread#9" [stack: 0x000070000f63d000,0x000070000f73d000] [id=124427]
  0x00007ff134809000 ConcurrentGCThread "CMS Main Thread" [stack: 0x000070000ce33000,0x000070000cf33000] [id=20739]
  0x00007ff13600a000 GCTaskThread "CMS Thread#0" [stack: 0x000070000cd30000,0x000070000ce30000] [id=11523]
  0x00007ff1352c1800 GCTaskThread "CMS Thread#1" [stack: 0x000070000ef28000,0x000070000f028000] [id=62723]
  0x00007ff135338000 GCTaskThread "CMS Thread#2" [stack: 0x000070000f02b000,0x000070000f12b000] [id=62211]

Threads with active compile tasks:
C2 CompilerThread0  11787 5500       4       java.awt.geom.AffineTransform::concatenate (1082 bytes)

VM state:not at safepoint (normal execution)

VM Mutex/Monitor currently owned by a thread: None

Heap address: 0x0000000780000000, size: 2048 MB, Compressed Oops mode: Zero based, Oop shift amount: 3
Narrow klass base: 0x0000000800000000, Narrow klass shift: 0
Compressed class space size: 1073741824 Address: 0x0000000800000000

Heap:
 par new generation   total 39296K, used 14911K [0x0000000780000000, 0x0000000782aa0000, 0x00000007aaaa0000)
  eden space 34944K,  30% used [0x0000000780000000, 0x0000000780a4fdc0, 0x0000000782220000)
  from space 4352K, 100% used [0x0000000782220000, 0x0000000782660000, 0x0000000782660000)
  to   space 4352K,   0% used [0x0000000782660000, 0x0000000782660000, 0x0000000782aa0000)
 concurrent mark-sweep generation total 101812K, used 68336K [0x00000007aaaa0000, 0x00000007b0e0d000, 0x0000000800000000)
 Metaspace       used 44846K, capacity 46055K, committed 46336K, reserved 1089536K
  class space    used 5311K, capacity 5830K, committed 5888K, reserved 1048576K

Card table byte_map: [0x0000000107ca3000,0x00000001080a4000] _byte_map_base: 0x00000001040a3000

Marking Bits: (CMSBitMap*) 0x00007ff136000330
 Bits: [0x0000000122a3f000, 0x0000000123f94800)

Mod Union Table: (CMSBitMap*) 0x00007ff1360003d0
 Bits: [0x0000000123f95000, 0x0000000123fea560)

Polling page: 0x0000000107a2c000

Metaspace:

Usage:
  Non-class:     39.28 MB capacity,    38.61 MB ( 98%) used,   545.95 KB (  1%) free+waste,   144.44 KB ( <1%) overhead. 
      Class:      5.69 MB capacity,     5.19 MB ( 91%) used,   446.19 KB (  8%) free+waste,    71.94 KB (  1%) overhead. 
       Both:     44.98 MB capacity,    43.80 MB ( 97%) used,   992.14 KB (  2%) free+waste,   216.38 KB ( <1%) overhead. 

Virtual space:
  Non-class space:       40.00 MB reserved,      39.50 MB ( 99%) committed 
      Class space:        1.00 GB reserved,       5.75 MB ( <1%) committed 
             Both:        1.04 GB reserved,      45.25 MB (  4%) committed 

Chunk freelists:
   Non-Class:  11.00 KB
       Class:  0 bytes
        Both:  11.00 KB

MaxMetaspaceSize: unlimited
CompressedClassSpaceSize: 1.00 GB

CodeHeap 'non-profiled nmethods': size=120036Kb used=1960Kb max_used=1960Kb free=118075Kb
 bounds [0x000000011ae45000, 0x000000011b0b5000, 0x000000012237e000]
CodeHeap 'profiled nmethods': size=120032Kb used=9785Kb max_used=10031Kb free=110247Kb
 bounds [0x000000011390d000, 0x00000001142ed000, 0x000000011ae45000]
CodeHeap 'non-nmethods': size=5692Kb used=1536Kb max_used=1565Kb free=4155Kb
 bounds [0x000000011337e000, 0x00000001135ee000, 0x000000011390d000]
 total_blobs=7865 nmethods=4836 adapters=984
 compilation: enabled
              stopped_count=0, restarted_count=0
 full_count=0

Compilation events (20 events):
Event: 11.694 Thread 0x00007ff135007000 nmethod 5488 0x000000011aeb0010 code [0x000000011aeb01a0, 0x000000011aeb0238]
Event: 11.707 Thread 0x00007ff134858800 5489  s    3       com.sun.webkit.Timer::getTimer (39 bytes)
Event: 11.707 Thread 0x00007ff134858800 nmethod 5489 0x0000000113a2b310 code [0x0000000113a2b500, 0x0000000113a2bad8]
Event: 11.723 Thread 0x00007ff135007000 5490  s    4       sun.font.CStrike$GlyphInfoCache::get (80 bytes)
Event: 11.723 Thread 0x00007ff134858800 5491       3       com.codename1.ui.Component::paintBorder (27 bytes)
Event: 11.724 Thread 0x00007ff134858800 nmethod 5491 0x0000000113a97f90 code [0x0000000113a981a0, 0x0000000113a98738]
Event: 11.724 Thread 0x00007ff134858800 5492       3       com.codename1.ui.plaf.Border::paint (176 bytes)
Event: 11.725 Thread 0x00007ff135007000 nmethod 5490 0x000000011aef7c10 code [0x000000011aef7da0, 0x000000011aef8018]
Event: 11.725 Thread 0x00007ff134858800 nmethod 5492 0x0000000113aa1b10 code [0x0000000113aa1dc0, 0x0000000113aa2bc8]
Event: 11.753 Thread 0x00007ff134858800 5493       3       com.codename1.ui.plaf.Border::isBackgroundPainter (58 bytes)
Event: 11.753 Thread 0x00007ff134858800 nmethod 5493 0x0000000113939890 code [0x0000000113939a40, 0x0000000113939d10]
Event: 11.754 Thread 0x00007ff135007000 5494       4       com.codename1.impl.javase.JavaSEPort::setColor (36 bytes)
Event: 11.765 Thread 0x00007ff135007000 nmethod 5494 0x000000011af8cf10 code [0x000000011af8d140, 0x000000011af8d978]
Event: 11.765 Thread 0x00007ff135007000 5495       4       com.codename1.ui.Component::isScrollable (20 bytes)
Event: 11.766 Thread 0x00007ff135007000 nmethod 5495 0x000000011aeafd10 code [0x000000011aeafea0, 0x000000011aeaff58]
Event: 11.767 Thread 0x00007ff134858800 5496       3       java.util.Optional::get (22 bytes)
Event: 11.767 Thread 0x00007ff134858800 nmethod 5496 0x000000011393e590 code [0x000000011393e760, 0x000000011393e9e8]
Event: 11.767 Thread 0x00007ff135007000 5497       4       com.codename1.ui.Component$BGPainter::paint (1454 bytes)
Event: 11.770 Thread 0x00007ff135007000 nmethod 5497 0x000000011af8c710 code [0x000000011af8c8e0, 0x000000011af8cb58]
Event: 11.770 Thread 0x00007ff135007000 5498       4       com.codename1.impl.CodenameOneImplementation::paintComponentBackground (1464 bytes)

GC Heap History (20 events):
Event: 2.082 GC heap before
{Heap before GC invocations=2 (full 0):
 par new generation   total 39296K, used 37403K [0x0000000780000000, 0x0000000782aa0000, 0x00000007aaaa0000)
  eden space 34944K, 100% used [0x0000000780000000, 0x0000000782220000, 0x0000000782220000)
  from space 4352K,  56% used [0x0000000782220000, 0x0000000782486eb8, 0x0000000782660000)
  to   space 4352K,   0% used [0x0000000782660000, 0x0000000782660000, 0x0000000782aa0000)
 concurrent mark-sweep generation total 87424K, used 27489K [0x00000007aaaa0000, 0x00000007b0000000, 0x0000000800000000)
 Metaspace       used 17959K, capacity 18471K, committed 18816K, reserved 1067008K
  class space    used 1931K, capacity 2094K, committed 2176K, reserved 1048576K
}
Event: 2.090 GC heap after
{Heap after GC invocations=3 (full 0):
 par new generation   total 39296K, used 709K [0x0000000780000000, 0x0000000782aa0000, 0x00000007aaaa0000)
  eden space 34944K,   0% used [0x0000000780000000, 0x0000000780000000, 0x0000000782220000)
  from space 4352K,  16% used [0x0000000782660000, 0x0000000782711480, 0x0000000782aa0000)
  to   space 4352K,   0% used [0x0000000782220000, 0x0000000782220000, 0x0000000782660000)
 concurrent mark-sweep generation total 87424K, used 49914K [0x00000007aaaa0000, 0x00000007b0000000, 0x0000000800000000)
 Metaspace       used 17959K, capacity 18471K, committed 18816K, reserved 1067008K
  class space    used 1931K, capacity 2094K, committed 2176K, reserved 1048576K
}
Event: 2.600 GC heap before
{Heap before GC invocations=3 (full 1):
 par new generation   total 39296K, used 35653K [0x0000000780000000, 0x0000000782aa0000, 0x00000007aaaa0000)
  eden space 34944K, 100% used [0x0000000780000000, 0x0000000782220000, 0x0000000782220000)
  from space 4352K,  16% used [0x0000000782660000, 0x0000000782711480, 0x0000000782aa0000)
  to   space 4352K,   0% used [0x0000000782220000, 0x0000000782220000, 0x0000000782660000)
 concurrent mark-sweep generation total 87424K, used 49882K [0x00000007aaaa0000, 0x00000007b0000000, 0x0000000800000000)
 Metaspace       used 17966K, capacity 18471K, committed 18816K, reserved 1067008K
  class space    used 1931K, capacity 2094K, committed 2176K, reserved 1048576K
}
Event: 2.606 GC heap after
{Heap after GC invocations=4 (full 1):
 par new generation   total 39296K, used 798K [0x0000000780000000, 0x0000000782aa0000, 0x00000007aaaa0000)
  eden space 34944K,   0% used [0x0000000780000000, 0x0000000780000000, 0x0000000782220000)
  from space 4352K,  18% used [0x0000000782220000, 0x00000007822e7b40, 0x0000000782660000)
  to   space 4352K,   0% used [0x0000000782660000, 0x0000000782660000, 0x0000000782aa0000)
 concurrent mark-sweep generation total 87424K, used 61094K [0x00000007aaaa0000, 0x00000007b0000000, 0x0000000800000000)
 Metaspace       used 17966K, capacity 18471K, committed 18816K, reserved 1067008K
  class space    used 1931K, capacity 2094K, committed 2176K, reserved 1048576K
}
Event: 2.914 GC heap before
{Heap before GC invocations=4 (full 2):
 par new generation   total 39296K, used 26852K [0x0000000780000000, 0x0000000782aa0000, 0x00000007aaaa0000)
  eden space 34944K,  74% used [0x0000000780000000, 0x0000000781971648, 0x0000000782220000)
  from space 4352K,  18% used [0x0000000782220000, 0x00000007822e7b40, 0x0000000782660000)
  to   space 4352K,   0% used [0x0000000782660000, 0x0000000782660000, 0x0000000782aa0000)
 concurrent mark-sweep generation total 101812K, used 61085K [0x00000007aaaa0000, 0x00000007b0e0d000, 0x0000000800000000)
 Metaspace       used 22266K, capacity 22893K, committed 23168K, reserved 1069056K
  class space    used 2442K, capacity 2661K, committed 2688K, reserved 1048576K
}
Event: 2.921 GC heap after
{Heap after GC invocations=5 (full 2):
 par new generation   total 39296K, used 4352K [0x0000000780000000, 0x0000000782aa0000, 0x00000007aaaa0000)
  eden space 34944K,   0% used [0x0000000780000000, 0x0000000780000000, 0x0000000782220000)
  from space 4352K, 100% used [0x0000000782660000, 0x0000000782aa0000, 0x0000000782aa0000)
  to   space 4352K,   0% used [0x0000000782220000, 0x0000000782220000, 0x0000000782660000)
 concurrent mark-sweep generation total 101812K, used 75200K [0x00000007aaaa0000, 0x00000007b0e0d000, 0x0000000800000000)
 Metaspace       used 22266K, capacity 22893K, committed 23168K, reserved 1069056K
  class space    used 2442K, capacity 2661K, committed 2688K, reserved 1048576K
}
Event: 5.908 GC heap before
{Heap before GC invocations=5 (full 3):
 par new generation   total 39296K, used 39296K [0x0000000780000000, 0x0000000782aa0000, 0x00000007aaaa0000)
  eden space 34944K, 100% used [0x0000000780000000, 0x0000000782220000, 0x0000000782220000)
  from space 4352K, 100% used [0x0000000782660000, 0x0000000782aa0000, 0x0000000782aa0000)
  to   space 4352K,   0% used [0x0000000782220000, 0x0000000782220000, 0x0000000782660000)
 concurrent mark-sweep generation total 101812K, used 75200K [0x00000007aaaa0000, 0x00000007b0e0d000, 0x0000000800000000)
 Metaspace       used 24589K, capacity 25177K, committed 25600K, reserved 1071104K
  class space    used 2734K, capacity 2953K, committed 3072K, reserved 1048576K
}
Event: 5.913 GC heap after
{Heap after GC invocations=6 (full 3):
 par new generation   total 39296K, used 4352K [0x0000000780000000, 0x0000000782aa0000, 0x00000007aaaa0000)
  eden space 34944K,   0% used [0x0000000780000000, 0x0000000780000000, 0x0000000782220000)
  from space 4352K, 100% used [0x0000000782220000, 0x0000000782660000, 0x0000000782660000)
  to   space 4352K,   0% used [0x0000000782660000, 0x0000000782660000, 0x0000000782aa0000)
 concurrent mark-sweep generation total 101812K, used 85197K [0x00000007aaaa0000, 0x00000007b0e0d000, 0x0000000800000000)
 Metaspace       used 24589K, capacity 25177K, committed 25600K, reserved 1071104K
  class space    used 2734K, capacity 2953K, committed 3072K, reserved 1048576K
}
Event: 6.710 GC heap before
{Heap before GC invocations=6 (full 3):
 par new generation   total 39296K, used 39296K [0x0000000780000000, 0x0000000782aa0000, 0x00000007aaaa0000)
  eden space 34944K, 100% used [0x0000000780000000, 0x0000000782220000, 0x0000000782220000)
  from space 4352K, 100% used [0x0000000782220000, 0x0000000782660000, 0x0000000782660000)
  to   space 4352K,   0% used [0x0000000782660000, 0x0000000782660000, 0x0000000782aa0000)
 concurrent mark-sweep generation total 101812K, used 51537K [0x00000007aaaa0000, 0x00000007b0e0d000, 0x0000000800000000)
 Metaspace       used 25405K, capacity 26011K, committed 26368K, reserved 1073152K
  class space    used 2778K, capacity 2999K, committed 3072K, reserved 1048576K
}
Event: 6.713 GC heap after
{Heap after GC invocations=7 (full 3):
 par new generation   total 39296K, used 4352K [0x0000000780000000, 0x0000000782aa0000, 0x00000007aaaa0000)
  eden space 34944K,   0% used [0x0000000780000000, 0x0000000780000000, 0x0000000782220000)
  from space 4352K, 100% used [0x0000000782660000, 0x0000000782aa0000, 0x0000000782aa0000)
  to   space 4352K,   0% used [0x0000000782220000, 0x0000000782220000, 0x0000000782660000)
 concurrent mark-sweep generation total 101812K, used 58309K [0x00000007aaaa0000, 0x00000007b0e0d000, 0x0000000800000000)
 Metaspace       used 25405K, capacity 26011K, committed 26368K, reserved 1073152K
  class space    used 2778K, capacity 2999K, committed 3072K, reserved 1048576K
}
Event: 9.291 GC heap before
{Heap before GC invocations=7 (full 3):
 par new generation   total 39296K, used 39296K [0x0000000780000000, 0x0000000782aa0000, 0x00000007aaaa0000)
  eden space 34944K, 100% used [0x0000000780000000, 0x0000000782220000, 0x0000000782220000)
  from space 4352K, 100% used [0x0000000782660000, 0x0000000782aa0000, 0x0000000782aa0000)
  to   space 4352K,   0% used [0x0000000782220000, 0x0000000782220000, 0x0000000782660000)
 concurrent mark-sweep generation total 101812K, used 58309K [0x00000007aaaa0000, 0x00000007b0e0d000, 0x0000000800000000)
 Metaspace       used 31615K, capacity 32401K, committed 32640K, reserved 1077248K
  class space    used 3598K, capacity 3896K, committed 3968K, reserved 1048576K
}
Event: 9.296 GC heap after
{Heap after GC invocations=8 (full 3):
 par new generation   total 39296K, used 2895K [0x0000000780000000, 0x0000000782aa0000, 0x00000007aaaa0000)
  eden space 34944K,   0% used [0x0000000780000000, 0x0000000780000000, 0x0000000782220000)
  from space 4352K,  66% used [0x0000000782220000, 0x00000007824f3f18, 0x0000000782660000)
  to   space 4352K,   0% used [0x0000000782660000, 0x0000000782660000, 0x0000000782aa0000)
 concurrent mark-sweep generation total 101812K, used 69856K [0x00000007aaaa0000, 0x00000007b0e0d000, 0x0000000800000000)
 Metaspace       used 31615K, capacity 32401K, committed 32640K, reserved 1077248K
  class space    used 3598K, capacity 3896K, committed 3968K, reserved 1048576K
}
Event: 9.788 GC heap before
{Heap before GC invocations=8 (full 4):
 par new generation   total 39296K, used 37819K [0x0000000780000000, 0x0000000782aa0000, 0x00000007aaaa0000)
  eden space 34944K,  99% used [0x0000000780000000, 0x000000078221ad80, 0x0000000782220000)
  from space 4352K,  66% used [0x0000000782220000, 0x00000007824f3f18, 0x0000000782660000)
  to   space 4352K,   0% used [0x0000000782660000, 0x0000000782660000, 0x0000000782aa0000)
 concurrent mark-sweep generation total 101812K, used 51521K [0x00000007aaaa0000, 0x00000007b0e0d000, 0x0000000800000000)
 Metaspace       used 38717K, capacity 39801K, committed 40064K, reserved 1083392K
  class space    used 4662K, capacity 5140K, committed 5248K, reserved 1048576K
}
Event: 9.790 GC heap after
{Heap after GC invocations=9 (full 4):
 par new generation   total 39296K, used 4352K [0x0000000780000000, 0x0000000782aa0000, 0x00000007aaaa0000)
  eden space 34944K,   0% used [0x0000000780000000, 0x0000000780000000, 0x0000000782220000)
  from space 4352K, 100% used [0x0000000782660000, 0x0000000782aa0000, 0x0000000782aa0000)
  to   space 4352K,   0% used [0x0000000782220000, 0x0000000782220000, 0x0000000782660000)
 concurrent mark-sweep generation total 101812K, used 53988K [0x00000007aaaa0000, 0x00000007b0e0d000, 0x0000000800000000)
 Metaspace       used 38717K, capacity 39801K, committed 40064K, reserved 1083392K
  class space    used 4662K, capacity 5140K, committed 5248K, reserved 1048576K
}
Event: 10.141 GC heap before
{Heap before GC invocations=9 (full 4):
 par new generation   total 39296K, used 39296K [0x0000000780000000, 0x0000000782aa0000, 0x00000007aaaa0000)
  eden space 34944K, 100% used [0x0000000780000000, 0x0000000782220000, 0x0000000782220000)
  from space 4352K, 100% used [0x0000000782660000, 0x0000000782aa0000, 0x0000000782aa0000)
  to   space 4352K,   0% used [0x0000000782220000, 0x0000000782220000, 0x0000000782660000)
 concurrent mark-sweep generation total 101812K, used 53988K [0x00000007aaaa0000, 0x00000007b0e0d000, 0x0000000800000000)
 Metaspace       used 43097K, capacity 44275K, committed 44416K, reserved 1087488K
  class space    used 5173K, capacity 5689K, committed 5760K, reserved 1048576K
}
Event: 10.145 GC heap after
{Heap after GC invocations=10 (full 4):
 par new generation   total 39296K, used 4352K [0x0000000780000000, 0x0000000782aa0000, 0x00000007aaaa0000)
  eden space 34944K,   0% used [0x0000000780000000, 0x0000000780000000, 0x0000000782220000)
  from space 4352K, 100% used [0x0000000782220000, 0x0000000782660000, 0x0000000782660000)
  to   space 4352K,   0% used [0x0000000782660000, 0x0000000782660000, 0x0000000782aa0000)
 concurrent mark-sweep generation total 101812K, used 57969K [0x00000007aaaa0000, 0x00000007b0e0d000, 0x0000000800000000)
 Metaspace       used 43097K, capacity 44275K, committed 44416K, reserved 1087488K
  class space    used 5173K, capacity 5689K, committed 5760K, reserved 1048576K
}
Event: 10.487 GC heap before
{Heap before GC invocations=10 (full 4):
 par new generation   total 39296K, used 39087K [0x0000000780000000, 0x0000000782aa0000, 0x00000007aaaa0000)
  eden space 34944K,  99% used [0x0000000780000000, 0x00000007821ebc18, 0x0000000782220000)
  from space 4352K, 100% used [0x0000000782220000, 0x0000000782660000, 0x0000000782660000)
  to   space 4352K,   0% used [0x0000000782660000, 0x0000000782660000, 0x0000000782aa0000)
 concurrent mark-sweep generation total 101812K, used 58635K [0x00000007aaaa0000, 0x00000007b0e0d000, 0x0000000800000000)
 Metaspace       used 43983K, capacity 45193K, committed 45440K, reserved 1089536K
  class space    used 5245K, capacity 5758K, committed 5760K, reserved 1048576K
}
Event: 10.489 GC heap after
{Heap after GC invocations=11 (full 4):
 par new generation   total 39296K, used 4352K [0x0000000780000000, 0x0000000782aa0000, 0x00000007aaaa0000)
  eden space 34944K,   0% used [0x0000000780000000, 0x0000000780000000, 0x0000000782220000)
  from space 4352K, 100% used [0x0000000782660000, 0x0000000782aa0000, 0x0000000782aa0000)
  to   space 4352K,   0% used [0x0000000782220000, 0x0000000782220000, 0x0000000782660000)
 concurrent mark-sweep generation total 101812K, used 65036K [0x00000007aaaa0000, 0x00000007b0e0d000, 0x0000000800000000)
 Metaspace       used 43983K, capacity 45193K, committed 45440K, reserved 1089536K
  class space    used 5245K, capacity 5758K, committed 5760K, reserved 1048576K
}
Event: 11.327 GC heap before
{Heap before GC invocations=11 (full 4):
 par new generation   total 39296K, used 39296K [0x0000000780000000, 0x0000000782aa0000, 0x00000007aaaa0000)
  eden space 34944K, 100% used [0x0000000780000000, 0x0000000782220000, 0x0000000782220000)
  from space 4352K, 100% used [0x0000000782660000, 0x0000000782aa0000, 0x0000000782aa0000)
  to   space 4352K,   0% used [0x0000000782220000, 0x0000000782220000, 0x0000000782660000)
 concurrent mark-sweep generation total 101812K, used 65051K [0x00000007aaaa0000, 0x00000007b0e0d000, 0x0000000800000000)
 Metaspace       used 44630K, capacity 45841K, committed 46080K, reserved 1089536K
  class space    used 5283K, capacity 5803K, committed 5888K, reserved 1048576K
}
Event: 11.329 GC heap after
{Heap after GC invocations=12 (full 4):
 par new generation   total 39296K, used 4352K [0x0000000780000000, 0x0000000782aa0000, 0x00000007aaaa0000)
  eden space 34944K,   0% used [0x0000000780000000, 0x0000000780000000, 0x0000000782220000)
  from space 4352K, 100% used [0x0000000782220000, 0x0000000782660000, 0x0000000782660000)
  to   space 4352K,   0% used [0x0000000782660000, 0x0000000782660000, 0x0000000782aa0000)
 concurrent mark-sweep generation total 101812K, used 68336K [0x00000007aaaa0000, 0x00000007b0e0d000, 0x0000000800000000)
 Metaspace       used 44630K, capacity 45841K, committed 46080K, reserved 1089536K
  class space    used 5283K, capacity 5803K, committed 5888K, reserved 1048576K
}

Deoptimization events (20 events):
Event: 11.306 Thread 0x00007ff13da87000 DEOPT PACKING pc=0x0000000113c04d6f sp=0x000070001066fc60
Event: 11.306 Thread 0x00007ff13da87000 DEOPT UNPACKING pc=0x00000001133a613a sp=0x000070001066f108 mode 0
Event: 11.315 Thread 0x00007ff135519000 DEOPT PACKING pc=0x0000000113c04d6f sp=0x0000700010b7ec60
Event: 11.315 Thread 0x00007ff135519000 DEOPT UNPACKING pc=0x00000001133a613a sp=0x0000700010b7e108 mode 0
Event: 11.324 Thread 0x00007ff135519000 DEOPT PACKING pc=0x0000000113c04d6f sp=0x0000700010b7ec60
Event: 11.324 Thread 0x00007ff135519000 DEOPT UNPACKING pc=0x00000001133a613a sp=0x0000700010b7e108 mode 0
Event: 11.341 Thread 0x00007ff137d00800 DEOPT PACKING pc=0x0000000113d68872 sp=0x000070001046a150
Event: 11.341 Thread 0x00007ff137d00800 DEOPT UNPACKING pc=0x00000001133a613a sp=0x00007000104695a8 mode 0
Event: 11.346 Thread 0x00007ff1360fd800 DEOPT PACKING pc=0x000000011429d235 sp=0x00007ffee823a050
Event: 11.346 Thread 0x00007ff1360fd800 DEOPT UNPACKING pc=0x00000001133a613a sp=0x00007ffee8239510 mode 0
Event: 11.351 Thread 0x00007ff1360fd800 DEOPT PACKING pc=0x000000011429d235 sp=0x00007ffee8246140
Event: 11.351 Thread 0x00007ff1360fd800 DEOPT UNPACKING pc=0x00000001133a613a sp=0x00007ffee8245600 mode 0
Event: 11.356 Thread 0x00007ff1360fd800 DEOPT PACKING pc=0x000000011429d235 sp=0x00007ffee823afd0
Event: 11.356 Thread 0x00007ff1360fd800 DEOPT UNPACKING pc=0x00000001133a613a sp=0x00007ffee823a490 mode 0
Event: 11.470 Thread 0x00007ff13da86000 DEOPT PACKING pc=0x00000001139fa101 sp=0x000070001056da50
Event: 11.470 Thread 0x00007ff13da86000 DEOPT UNPACKING pc=0x00000001133a613a sp=0x000070001056cf18 mode 0
Event: 11.576 Thread 0x00007ff1360fd800 DEOPT PACKING pc=0x0000000114298cb5 sp=0x00007ffee82472d0
Event: 11.576 Thread 0x00007ff1360fd800 DEOPT UNPACKING pc=0x00000001133a613a sp=0x00007ffee8246780 mode 0
Event: 11.577 Thread 0x00007ff1360fd800 DEOPT PACKING pc=0x0000000114298cb5 sp=0x00007ffee82471b0
Event: 11.577 Thread 0x00007ff1360fd800 DEOPT UNPACKING pc=0x00000001133a613a sp=0x00007ffee8246660 mode 0

Classes redefined (0 events):
No events

Internal exceptions (20 events):
Event: 9.652 Thread 0x00007ff1360fd800 Exception <a 'java/lang/NoSuchMethodError'{0x000000078171fbd0}: 'java.lang.Object java.lang.invoke.DirectMethodHandle$Holder.invokeStatic(java.lang.Object, java.lang.Object, java.lang.Object, java.lang.Object, java.lang.Object, java.lang.Object, java.lang
Event: 9.653 Thread 0x00007ff1360fd800 Exception <a 'java/lang/NoSuchMethodError'{0x000000078172fb88}: 'java.lang.Object java.lang.invoke.DelegatingMethodHandle$Holder.reinvoke_L(java.lang.Object, long, java.lang.Object)'> (0x000000078172fb88) thrown at [/corretto/workspace/corretto11-repo/ins
Event: 9.657 Thread 0x00007ff1360fd800 Exception <a 'java/lang/NoSuchMethodError'{0x00000007817e6cf0}: 'java.lang.Object java.lang.invoke.DelegatingMethodHandle$Holder.reinvoke_L(java.lang.Object, java.lang.Object, int, int, long, int, java.lang.Object, java.lang.Object, java.lang.Object, int)
Event: 9.660 Thread 0x00007ff1360fd800 Exception <a 'java/lang/NoSuchMethodError'{0x000000078185ff48}: 'java.lang.Object java.lang.invoke.DirectMethodHandle$Holder.invokeSpecial(java.lang.Object, java.lang.Object, int, int, int, long, int, java.lang.Object, java.lang.Object, java.lang.Object, 
Event: 9.660 Thread 0x00007ff1360fd800 Exception <a 'java/lang/NoSuchMethodError'{0x00000007818637f0}: 'java.lang.Object java.lang.invoke.DelegatingMethodHandle$Holder.reinvoke_L(java.lang.Object, int, int, int, long, int, java.lang.Object, java.lang.Object, java.lang.Object, int)'> (0x0000000
Event: 9.661 Thread 0x00007ff1360fd800 Exception <a 'java/lang/NoSuchMethodError'{0x000000078186b3f0}: 'java.lang.Object java.lang.invoke.DirectMethodHandle$Holder.invokeStatic(java.lang.Object, java.lang.Object, java.lang.Object, java.lang.Object, java.lang.Object, int)'> (0x000000078186b3f0)
Event: 9.670 Thread 0x00007ff1360fd800 Exception <a 'java/lang/NoSuchMethodError'{0x00000007819bd870}: 'java.lang.Object java.lang.invoke.DelegatingMethodHandle$Holder.reinvoke_L(java.lang.Object, java.lang.Object, long)'> (0x00000007819bd870) thrown at [/corretto/workspace/corretto11-repo/ins
Event: 9.713 Thread 0x00007ff137334000 Exception <a 'java/lang/NoSuchMethodError'{0x0000000781ae2808}: 'int java.lang.invoke.DirectMethodHandle$Holder.invokeSpecialIFC(java.lang.Object, java.lang.Object, int)'> (0x0000000781ae2808) thrown at [/corretto/workspace/corretto11-repo/installers/mac/
Event: 9.722 Thread 0x00007ff137334000 Exception <a 'java/lang/NoSuchMethodError'{0x0000000781ba98e8}: 'int java.lang.invoke.DirectMethodHandle$Holder.invokeStaticInit(java.lang.Object, java.lang.Object, java.lang.Object, java.lang.Object)'> (0x0000000781ba98e8) thrown at [/corretto/workspace/
Event: 9.722 Thread 0x00007ff137334000 Exception <a 'java/lang/IncompatibleClassChangeError'{0x0000000781bb2760}: Found class java.lang.Object, but interface was expected> (0x0000000781bb2760) thrown at [/corretto/workspace/corretto11-repo/installers/mac/tar/corretto-build/buildRoot/src/src/ho
Event: 10.071 Thread 0x00007ff1360fd800 Exception <a 'java/lang/NoSuchMethodError'{0x0000000781657bf0}: 'java.lang.Object java.lang.invoke.DelegatingMethodHandle$Holder.reinvoke_L(java.lang.Object, java.lang.Object, int, int, long, int, int, java.lang.Object, java.lang.Object, int)'> (0x0000000
Event: 10.073 Thread 0x00007ff1360fd800 Exception <a 'java/lang/NoSuchMethodError'{0x00000007816b54e0}: 'java.lang.Object java.lang.invoke.DirectMethodHandle$Holder.invokeSpecial(java.lang.Object, java.lang.Object, int, int, int, long, int, int, java.lang.Object, java.lang.Object, int)'> (0x000
Event: 10.074 Thread 0x00007ff1360fd800 Exception <a 'java/lang/NoSuchMethodError'{0x00000007816b8c80}: 'java.lang.Object java.lang.invoke.DelegatingMethodHandle$Holder.reinvoke_L(java.lang.Object, int, int, int, long, int, int, java.lang.Object, java.lang.Object, int)'> (0x00000007816b8c80) th
Event: 11.027 Thread 0x00007ff1360fd800 Exception <a 'java/io/FileNotFoundException'{0x0000000780772d90}> (0x0000000780772d90) thrown at [/corretto/workspace/corretto11-repo/installers/mac/tar/corretto-build/buildRoot/src/src/hotspot/share/prims/jni.cpp, line 615]
Event: 11.028 Thread 0x00007ff1360fd800 Exception <a 'java/io/FileNotFoundException'{0x00000007807f52d0}> (0x00000007807f52d0) thrown at [/corretto/workspace/corretto11-repo/installers/mac/tar/corretto-build/buildRoot/src/src/hotspot/share/prims/jni.cpp, line 615]
Event: 11.028 Thread 0x00007ff1360fd800 Exception <a 'java/io/FileNotFoundException'{0x00000007807f6240}> (0x00000007807f6240) thrown at [/corretto/workspace/corretto11-repo/installers/mac/tar/corretto-build/buildRoot/src/src/hotspot/share/prims/jni.cpp, line 615]
Event: 11.028 Thread 0x00007ff1360fd800 Exception <a 'java/io/FileNotFoundException'{0x0000000780808c90}> (0x0000000780808c90) thrown at [/corretto/workspace/corretto11-repo/installers/mac/tar/corretto-build/buildRoot/src/src/hotspot/share/prims/jni.cpp, line 615]
Event: 11.399 Thread 0x00007ff1360fd800 Exception <a 'java/lang/NoSuchMethodError'{0x00000007803f8768}: 'java.lang.Object java.lang.invoke.DirectMethodHandle$Holder.invokeStatic(java.lang.Object, java.lang.Object, java.lang.Object, java.lang.Object, java.lang.Object, java.lang.Object, java.lang
Event: 11.775 Thread 0x00007ff1377bf000 Exception <a 'java/lang/NoClassDefFoundError'{0x0000000780a23f20}: com/sun/webkit/FileSystem> (0x0000000780a23f20) thrown at [/corretto/workspace/corretto11-repo/installers/mac/tar/corretto-build/buildRoot/src/src/hotspot/share/classfile/systemDictionary.
Event: 11.775 Thread 0x00007ff1377bf000 Exception <a 'java/lang/NoSuchMethodError'{0x0000000780a24230}: fwkMakeAllDirectories> (0x0000000780a24230) thrown at [/corretto/workspace/corretto11-repo/installers/mac/tar/corretto-build/buildRoot/src/src/hotspot/share/prims/jni.cpp, line 1331]

Events (20 events):
Event: 11.511 Thread 0x00007ff137812000 flushing nmethod 0x0000000114074810
Event: 11.511 Thread 0x00007ff137812000 flushing nmethod 0x0000000114077d90
Event: 11.511 Thread 0x00007ff137812000 flushing nmethod 0x00000001140c8590
Event: 11.511 Thread 0x00007ff137812000 flushing nmethod 0x00000001140db910
Event: 11.511 Thread 0x00007ff137812000 flushing nmethod 0x00000001140dd590
Event: 11.512 Thread 0x00007ff137812000 flushing nmethod 0x00000001140ef810
Event: 11.512 Thread 0x00007ff137812000 flushing nmethod 0x00000001140eff90
Event: 11.512 Thread 0x00007ff137812000 flushing nmethod 0x00000001140f3810
Event: 11.512 Thread 0x00007ff137812000 flushing nmethod 0x00000001140f3c10
Event: 11.512 Thread 0x00007ff137812000 flushing nmethod 0x0000000114116590
Event: 11.512 Thread 0x00007ff137812000 flushing nmethod 0x0000000114116990
Event: 11.512 Thread 0x00007ff137812000 flushing nmethod 0x0000000114138c90
Event: 11.512 Thread 0x00007ff137812000 flushing nmethod 0x0000000114178710
Event: 11.512 Thread 0x00007ff137812000 flushing nmethod 0x000000011418e610
Event: 11.512 Thread 0x00007ff137812000 flushing nmethod 0x0000000114191610
Event: 11.512 Thread 0x00007ff137812000 flushing nmethod 0x00000001141df010
Event: 11.775 Protecting memory [0x00007000112a0000,0x00007000112a4000] with protection modes 0
Event: 11.775 Thread 0x00007ff1377bf000 Thread added: 0x00007ff1377bf000
Event: 11.775 loading class com/sun/webkit/FileSystem
Event: 11.775 loading class com/sun/webkit/FileSystem done


Dynamic libraries:
0x00007fff36b65000 	/System/Library/Frameworks/Cocoa.framework/Versions/A/Cocoa
0x00007fff44131000 	/System/Library/Frameworks/Security.framework/Versions/A/Security
0x00007fff35af0000 	/System/Library/Frameworks/ApplicationServices.framework/Versions/A/ApplicationServices
0x00007fff6e516000 	/usr/lib/libz.1.dylib
0x00000001079ba000 	/Library/Java/JavaVirtualMachines/amazon-corretto-11.jdk/Contents/Home/lib/jli/libjli.dylib
0x00007fff6bfe9000 	/usr/lib/libSystem.B.dylib
0x00007fff34ce5000 	/System/Library/Frameworks/AppKit.framework/Versions/C/AppKit
0x00007fff375e8000 	/System/Library/Frameworks/CoreData.framework/Versions/A/CoreData
0x00007fff3a1a0000 	/System/Library/Frameworks/Foundation.framework/Versions/C/Foundation
0x00007fff68894000 	/System/Library/PrivateFrameworks/UIFoundation.framework/Versions/A/UIFoundation
0x00007fff6307f000 	/System/Library/PrivateFrameworks/RemoteViewServices.framework/Versions/A/RemoteViewServices
0x00007fff6b324000 	/System/Library/PrivateFrameworks/XCTTargetBootstrap.framework/Versions/A/XCTTargetBootstrap
0x00007fff379cb000 	/System/Library/Frameworks/CoreDisplay.framework/Versions/A/CoreDisplay
0x00007fff3cf18000 	/System/Library/Frameworks/Metal.framework/Versions/A/Metal
0x00007fff514a0000 	/System/Library/PrivateFrameworks/DesktopServicesPriv.framework/Versions/A/DesktopServicesPriv
0x00007fff6d11f000 	/usr/lib/liblangid.dylib
0x00007fff505f7000 	/System/Library/PrivateFrameworks/CoreSVG.framework/Versions/A/CoreSVG
0x00007fff65e41000 	/System/Library/PrivateFrameworks/SkyLight.framework/Versions/A/SkyLight
0x00007fff37f5d000 	/System/Library/Frameworks/CoreGraphics.framework/Versions/A/CoreGraphics
0x00007fff33884000 	/System/Library/Frameworks/Accelerate.framework/Versions/A/Accelerate
0x00007fff6e407000 	/usr/lib/libxml2.2.dylib
0x00007fff5c1be000 	/System/Library/PrivateFrameworks/IconServices.framework/Versions/A/IconServices
0x00007fff3a984000 	/System/Library/Frameworks/IOSurface.framework/Versions/A/IOSurface
0x00007fff6bb21000 	/usr/lib/libDiagnosticMessagesClient.dylib
0x00007fff51319000 	/System/Library/PrivateFrameworks/DFRFoundation.framework/Versions/A/DFRFoundation
0x00007fff6cead000 	/usr/lib/libicucore.A.dylib
0x00007fff35e22000 	/System/Library/Frameworks/AudioToolbox.framework/Versions/A/AudioToolbox
0x00007fff35f04000 	/System/Library/Frameworks/AudioUnit.framework/Versions/A/AudioUnit
0x00007fff6c1ea000 	/usr/lib/libauto.dylib
0x00007fff5139a000 	/System/Library/PrivateFrameworks/DataDetectorsCore.framework/Versions/A/DataDetectorsCore
0x00007fff36685000 	/System/Library/Frameworks/Carbon.framework/Versions/A/Frameworks/HIToolbox.framework/Versions/A/HIToolbox
0x00007fff43363000 	/System/Library/Frameworks/QuartzCore.framework/Versions/A/QuartzCore
0x00007fff369c4000 	/System/Library/Frameworks/Carbon.framework/Versions/A/Frameworks/SpeechRecognition.framework/Versions/A/SpeechRecognition
0x00007fff50c9f000 	/System/Library/PrivateFrameworks/CoreUI.framework/Versions/A/CoreUI
0x00007fff3704e000 	/System/Library/Frameworks/CoreAudio.framework/Versions/A/CoreAudio
0x00007fff39e68000 	/System/Library/Frameworks/DiskArbitration.framework/Versions/A/DiskArbitration
0x00007fff5e1d2000 	/System/Library/PrivateFrameworks/MultitouchSupport.framework/Versions/A/MultitouchSupport
0x00007fff6cd73000 	/usr/lib/libenergytrace.dylib
0x00007fff3a8df000 	/System/Library/Frameworks/IOKit.framework/Versions/A/IOKit
0x00007fff38ecb000 	/System/Library/Frameworks/CoreServices.framework/Versions/A/CoreServices
0x00007fff602dc000 	/System/Library/PrivateFrameworks/PerformanceAnalysis.framework/Versions/A/PerformanceAnalysis
0x00007fff42399000 	/System/Library/Frameworks/OpenGL.framework/Versions/A/OpenGL
0x00007fff6de3a000 	/usr/lib/libobjc.A.dylib
0x00007fff36b73000 	/System/Library/Frameworks/ColorSync.framework/Versions/A/ColorSync
0x00007fff37adb000 	/System/Library/Frameworks/CoreFoundation.framework/Versions/A/CoreFoundation
0x00007fff385e4000 	/System/Library/Frameworks/CoreImage.framework/Versions/A/CoreImage
0x00007fff39941000 	/System/Library/Frameworks/CoreText.framework/Versions/A/CoreText
0x00007fff3aa0a000 	/System/Library/Frameworks/ImageIO.framework/Versions/A/ImageIO
0x00007fff6c2cf000 	/usr/lib/libc++.1.dylib
0x00007fff6c34b000 	/usr/lib/libcompression.dylib
0x00007fff6be63000 	/usr/lib/libMobileGestalt.dylib
0x00007fff67976000 	/System/Library/PrivateFrameworks/TextureIO.framework/Versions/A/TextureIO
0x00007fff6c150000 	/usr/lib/libate.dylib
0x00007fff5c3c7000 	/System/Library/PrivateFrameworks/InternationalSupport.framework/Versions/A/InternationalSupport
0x00007fff6ef8c000 	/usr/lib/system/libcache.dylib
0x00007fff6ef92000 	/usr/lib/system/libcommonCrypto.dylib
0x00007fff6ef9e000 	/usr/lib/system/libcompiler_rt.dylib
0x00007fff6efa6000 	/usr/lib/system/libcopyfile.dylib
0x00007fff6efb0000 	/usr/lib/system/libcorecrypto.dylib
0x00007fff6f15e000 	/usr/lib/system/libdispatch.dylib
0x00007fff6f1a0000 	/usr/lib/system/libdyld.dylib
0x00007fff6f1d6000 	/usr/lib/system/libkeymgr.dylib
0x00007fff6f1e4000 	/usr/lib/system/liblaunch.dylib
0x00007fff6f1e5000 	/usr/lib/system/libmacho.dylib
0x00007fff6f1eb000 	/usr/lib/system/libquarantine.dylib
0x00007fff6f1ee000 	/usr/lib/system/libremovefile.dylib
0x00007fff6f1f0000 	/usr/lib/system/libsystem_asl.dylib
0x00007fff6f208000 	/usr/lib/system/libsystem_blocks.dylib
0x00007fff6f209000 	/usr/lib/system/libsystem_c.dylib
0x00007fff6f291000 	/usr/lib/system/libsystem_configuration.dylib
0x00007fff6f295000 	/usr/lib/system/libsystem_coreservices.dylib
0x00007fff6f299000 	/usr/lib/system/libsystem_darwin.dylib
0x00007fff6f2a2000 	/usr/lib/system/libsystem_dnssd.dylib
0x00007fff6f2aa000 	/usr/lib/system/libsystem_featureflags.dylib
0x00007fff6f2ac000 	/usr/lib/system/libsystem_info.dylib
0x00007fff6f327000 	/usr/lib/system/libsystem_m.dylib
0x00007fff6f36f000 	/usr/lib/system/libsystem_malloc.dylib
0x00007fff6f397000 	/usr/lib/system/libsystem_networkextension.dylib
0x00007fff6f3a5000 	/usr/lib/system/libsystem_notify.dylib
0x00007fff6f3c4000 	/usr/lib/system/libsystem_sandbox.dylib
0x00007fff6f3c9000 	/usr/lib/system/libsystem_secinit.dylib
0x00007fff6f2fa000 	/usr/lib/system/libsystem_kernel.dylib
0x00007fff6f3af000 	/usr/lib/system/libsystem_platform.dylib
0x00007fff6f3b9000 	/usr/lib/system/libsystem_pthread.dylib
0x00007fff6f3cc000 	/usr/lib/system/libsystem_symptoms.dylib
0x00007fff6f3d4000 	/usr/lib/system/libsystem_trace.dylib
0x00007fff6f3ec000 	/usr/lib/system/libunwind.dylib
0x00007fff6f3f2000 	/usr/lib/system/libxpc.dylib
0x00007fff6c323000 	/usr/lib/libc++abi.dylib
0x00007fff6d121000 	/usr/lib/liblzma.5.dylib
0x00007fff6cd9b000 	/usr/lib/libfakelink.dylib
0x00007fff6c0dd000 	/usr/lib/libarchive.2.dylib
0x00007fff452d1000 	/System/Library/Frameworks/SystemConfiguration.framework/Versions/A/SystemConfiguration
0x00007fff6ba52000 	/usr/lib/libCRFSuite.dylib
0x00007fff3627a000 	/System/Library/Frameworks/CFNetwork.framework/Versions/A/CFNetwork
0x00007fff6c2b1000 	/usr/lib/libbsm.0.dylib
0x00007fff6f1d7000 	/usr/lib/system/libkxld.dylib
0x00007fff4addb000 	/System/Library/PrivateFrameworks/AppleFSCompression.framework/Versions/A/AppleFSCompression
0x00007fff6c632000 	/usr/lib/libcoretls.dylib
0x00007fff6c649000 	/usr/lib/libcoretls_cfhelpers.dylib
0x00007fff6de7e000 	/usr/lib/libpam.2.dylib
0x00007fff6dfb1000 	/usr/lib/libsqlite3.dylib
0x00007fff6e3f4000 	/usr/lib/libxar.1.dylib
0x00007fff6c2c2000 	/usr/lib/libbz2.1.0.dylib
0x00007fff6cdbc000 	/usr/lib/libiconv.2.dylib
0x00007fff6c338000 	/usr/lib/libcharset.1.dylib
0x00007fff6d925000 	/usr/lib/libnetwork.dylib
0x00007fff6de85000 	/usr/lib/libpcap.A.dylib
0x00007fff6c092000 	/usr/lib/libapple_nghttp2.dylib
0x00007fff39282000 	/System/Library/Frameworks/CoreServices.framework/Versions/A/Frameworks/FSEvents.framework/Versions/A/FSEvents
0x00007fff38f52000 	/System/Library/Frameworks/CoreServices.framework/Versions/A/Frameworks/CarbonCore.framework/Versions/A/CarbonCore
0x00007fff394c5000 	/System/Library/Frameworks/CoreServices.framework/Versions/A/Frameworks/Metadata.framework/Versions/A/Metadata
0x00007fff3955e000 	/System/Library/Frameworks/CoreServices.framework/Versions/A/Frameworks/OSServices.framework/Versions/A/OSServices
0x00007fff3958c000 	/System/Library/Frameworks/CoreServices.framework/Versions/A/Frameworks/SearchKit.framework/Versions/A/SearchKit
0x00007fff38ecc000 	/System/Library/Frameworks/CoreServices.framework/Versions/A/Frameworks/AE.framework/Versions/A/AE
0x00007fff3928b000 	/System/Library/Frameworks/CoreServices.framework/Versions/A/Frameworks/LaunchServices.framework/Versions/A/LaunchServices
0x00007fff39234000 	/System/Library/Frameworks/CoreServices.framework/Versions/A/Frameworks/DictionaryServices.framework/Versions/A/DictionaryServices
0x00007fff395f4000 	/System/Library/Frameworks/CoreServices.framework/Versions/A/Frameworks/SharedFileList.framework/Versions/A/SharedFileList
0x00007fff3e1ed000 	/System/Library/Frameworks/NetFS.framework/Versions/A/NetFS
0x00007fff5e6ff000 	/System/Library/PrivateFrameworks/NetAuth.framework/Versions/A/NetAuth
0x00007fff6b6ef000 	/System/Library/PrivateFrameworks/login.framework/Versions/A/Frameworks/loginsupport.framework/Versions/A/loginsupport
0x00007fff67471000 	/System/Library/PrivateFrameworks/TCC.framework/Versions/A/TCC
0x00007fff4f9c6000 	/System/Library/PrivateFrameworks/CoreNLP.framework/Versions/A/CoreNLP
0x00007fff5dc02000 	/System/Library/PrivateFrameworks/MetadataUtilities.framework/Versions/A/MetadataUtilities
0x00007fff6d1f9000 	/usr/lib/libmecabra.dylib
0x00007fff6d151000 	/usr/lib/libmecab.dylib
0x00007fff6cdac000 	/usr/lib/libgermantok.dylib
0x00007fff6c079000 	/usr/lib/libThaiTokenizer.dylib
0x00007fff6ba8a000 	/usr/lib/libChineseTokenizer.dylib
0x00007fff3389c000 	/System/Library/Frameworks/Accelerate.framework/Versions/A/Frameworks/vImage.framework/Versions/A/vImage
0x00007fff34b3f000 	/System/Library/Frameworks/Accelerate.framework/Versions/A/Frameworks/vecLib.framework/Versions/A/vecLib
0x00007fff34a83000 	/System/Library/Frameworks/Accelerate.framework/Versions/A/Frameworks/vecLib.framework/Versions/A/libvMisc.dylib
0x00007fff348a9000 	/System/Library/Frameworks/Accelerate.framework/Versions/A/Frameworks/vecLib.framework/Versions/A/libvDSP.dylib
0x00007fff33f08000 	/System/Library/Frameworks/Accelerate.framework/Versions/A/Frameworks/vecLib.framework/Versions/A/libBLAS.dylib
0x00007fff34463000 	/System/Library/Frameworks/Accelerate.framework/Versions/A/Frameworks/vecLib.framework/Versions/A/libLAPACK.dylib
0x00007fff34809000 	/System/Library/Frameworks/Accelerate.framework/Versions/A/Frameworks/vecLib.framework/Versions/A/libLinearAlgebra.dylib
0x00007fff34896000 	/System/Library/Frameworks/Accelerate.framework/Versions/A/Frameworks/vecLib.framework/Versions/A/libSparseBLAS.dylib
0x00007fff3481f000 	/System/Library/Frameworks/Accelerate.framework/Versions/A/Frameworks/vecLib.framework/Versions/A/libQuadrature.dylib
0x00007fff34172000 	/System/Library/Frameworks/Accelerate.framework/Versions/A/Frameworks/vecLib.framework/Versions/A/libBNNS.dylib
0x00007fff34825000 	/System/Library/Frameworks/Accelerate.framework/Versions/A/Frameworks/vecLib.framework/Versions/A/libSparse.dylib
0x00007fff5c786000 	/System/Library/PrivateFrameworks/LanguageModeling.framework/Versions/A/LanguageModeling
0x00007fff4f362000 	/System/Library/PrivateFrameworks/CoreEmoji.framework/Versions/A/CoreEmoji
0x00007fff5c8a4000 	/System/Library/PrivateFrameworks/LinguisticData.framework/Versions/A/LinguisticData
0x00007fff5c855000 	/System/Library/PrivateFrameworks/Lexicon.framework/Versions/A/Lexicon
0x00007fff6c339000 	/usr/lib/libcmph.dylib
0x00007fff40dbf000 	/System/Library/Frameworks/OpenDirectory.framework/Versions/A/Frameworks/CFOpenDirectory.framework/Versions/A/CFOpenDirectory
0x00007fff40ddc000 	/System/Library/Frameworks/OpenDirectory.framework/Versions/A/OpenDirectory
0x00007fff490aa000 	/System/Library/PrivateFrameworks/APFS.framework/Versions/A/APFS
0x00007fff44484000 	/System/Library/Frameworks/SecurityFoundation.framework/Versions/A/SecurityFoundation
0x00007fff6e3f0000 	/usr/lib/libutil.dylib
0x00007fff5064f000 	/System/Library/PrivateFrameworks/CoreServicesStore.framework/Versions/A/CoreServicesStore
0x00007fff4453c000 	/System/Library/Frameworks/ServiceManagement.framework/Versions/A/ServiceManagement
0x00007fff4c592000 	/System/Library/PrivateFrameworks/BackgroundTaskManagement.framework/Versions/A/BackgroundTaskManagement
0x00007fff6e4ed000 	/usr/lib/libxslt.1.dylib
0x00007fff4b440000 	/System/Library/PrivateFrameworks/AppleSystemInfo.framework/Versions/A/AppleSystemInfo
0x00007fff3ac27000 	/System/Library/Frameworks/ImageIO.framework/Versions/A/Resources/libJPEG.dylib
0x00007fff3aee6000 	/System/Library/Frameworks/ImageIO.framework/Versions/A/Resources/libTIFF.dylib
0x00007fff3aec9000 	/System/Library/Frameworks/ImageIO.framework/Versions/A/Resources/libPng.dylib
0x00007fff3ab68000 	/System/Library/Frameworks/ImageIO.framework/Versions/A/Resources/libGIF.dylib
0x00007fff3ab6c000 	/System/Library/Frameworks/ImageIO.framework/Versions/A/Resources/libJP2.dylib
0x00007fff3aee4000 	/System/Library/Frameworks/ImageIO.framework/Versions/A/Resources/libRadiance.dylib
0x00007fff6cd74000 	/usr/lib/libexpat.1.dylib
0x00007fff4af36000 	/System/Library/PrivateFrameworks/AppleJPEG.framework/Versions/A/AppleJPEG
0x00007fff538bc000 	/System/Library/PrivateFrameworks/FontServices.framework/libFontParser.dylib
0x00007fff6a746000 	/System/Library/PrivateFrameworks/WatchdogClient.framework/Versions/A/WatchdogClient
0x00007fff5be13000 	/System/Library/PrivateFrameworks/IOAccelerator.framework/Versions/A/IOAccelerator
0x00007fff3d2a6000 	/System/Library/Frameworks/MetalPerformanceShaders.framework/Versions/A/MetalPerformanceShaders
0x00007fff5860a000 	/System/Library/PrivateFrameworks/GPUWrangler.framework/Versions/A/GPUWrangler
0x00007fff5be1e000 	/System/Library/PrivateFrameworks/IOPresentment.framework/Versions/A/IOPresentment
0x00007fff5132c000 	/System/Library/PrivateFrameworks/DSExternalDisplay.framework/Versions/A/DSExternalDisplay
0x00007fff41745000 	/System/Library/Frameworks/OpenGL.framework/Versions/A/Libraries/libCoreFSCache.dylib
0x00007fff3cff8000 	/System/Library/Frameworks/MetalPerformanceShaders.framework/Frameworks/MPSCore.framework/Versions/A/MPSCore
0x00007fff3d035000 	/System/Library/Frameworks/MetalPerformanceShaders.framework/Frameworks/MPSImage.framework/Versions/A/MPSImage
0x00007fff3d0f7000 	/System/Library/Frameworks/MetalPerformanceShaders.framework/Frameworks/MPSNeuralNetwork.framework/Versions/A/MPSNeuralNetwork
0x00007fff3d0bc000 	/System/Library/Frameworks/MetalPerformanceShaders.framework/Frameworks/MPSMatrix.framework/Versions/A/MPSMatrix
0x00007fff3d257000 	/System/Library/Frameworks/MetalPerformanceShaders.framework/Frameworks/MPSRayIntersector.framework/Versions/A/MPSRayIntersector
0x00007fff3d0e1000 	/System/Library/Frameworks/MetalPerformanceShaders.framework/Frameworks/MPSNDArray.framework/Versions/A/MPSNDArray
0x00007fff5dc4f000 	/System/Library/PrivateFrameworks/MetalTools.framework/Versions/A/MetalTools
0x00007fff4a261000 	/System/Library/PrivateFrameworks/AggregateDictionary.framework/Versions/A/AggregateDictionary
0x00007fff4edec000 	/System/Library/PrivateFrameworks/CoreAnalytics.framework/Versions/A/CoreAnalytics
0x00007fff4b35e000 	/System/Library/PrivateFrameworks/AppleSauce.framework/Versions/A/AppleSauce
0x00007fff6bd46000 	/usr/lib/libIOReport.dylib
0x00007fff39af6000 	/System/Library/Frameworks/CoreVideo.framework/Versions/A/CoreVideo
0x00007fff59a76000 	/System/Library/PrivateFrameworks/GraphVisualizer.framework/Versions/A/GraphVisualizer
0x00007fff52e3d000 	/System/Library/PrivateFrameworks/FaceCore.framework/Versions/A/FaceCore
0x00007fff40d66000 	/System/Library/Frameworks/OpenCL.framework/Versions/A/OpenCL
0x00007fff6bb68000 	/usr/lib/libFosl_dynamic.dylib
0x00007fff5f0fa000 	/System/Library/PrivateFrameworks/OTSVG.framework/Versions/A/OTSVG
0x00007fff35bf5000 	/System/Library/Frameworks/ApplicationServices.framework/Versions/A/Frameworks/ATS.framework/Versions/A/Resources/libFontRegistry.dylib
0x00007fff53a8d000 	/System/Library/PrivateFrameworks/FontServices.framework/libhvf.dylib
0x00007fff41750000 	/System/Library/Frameworks/OpenGL.framework/Versions/A/Libraries/libGFXShared.dylib
0x00007fff4192d000 	/System/Library/Frameworks/OpenGL.framework/Versions/A/Libraries/libGLU.dylib
0x00007fff41759000 	/System/Library/Frameworks/OpenGL.framework/Versions/A/Libraries/libGL.dylib
0x00007fff41764000 	/System/Library/Frameworks/OpenGL.framework/Versions/A/Libraries/libGLImage.dylib
0x00007fff41742000 	/System/Library/Frameworks/OpenGL.framework/Versions/A/Libraries/libCVMSPluginSupport.dylib
0x00007fff4174b000 	/System/Library/Frameworks/OpenGL.framework/Versions/A/Libraries/libCoreVMClient.dylib
0x00007fff6d7c7000 	/usr/lib/libncurses.5.4.dylib
0x00007fff35af1000 	/System/Library/Frameworks/ApplicationServices.framework/Versions/A/Frameworks/ATS.framework/Versions/A/ATS
0x00007fff35cbe000 	/System/Library/Frameworks/ApplicationServices.framework/Versions/A/Frameworks/ColorSyncLegacy.framework/Versions/A/ColorSyncLegacy
0x00007fff35d5d000 	/System/Library/Frameworks/ApplicationServices.framework/Versions/A/Frameworks/HIServices.framework/Versions/A/HIServices
0x00007fff35db4000 	/System/Library/Frameworks/ApplicationServices.framework/Versions/A/Frameworks/LangAnalysis.framework/Versions/A/LangAnalysis
0x00007fff35dc3000 	/System/Library/Frameworks/ApplicationServices.framework/Versions/A/Frameworks/PrintCore.framework/Versions/A/PrintCore
0x00007fff35e09000 	/System/Library/Frameworks/ApplicationServices.framework/Versions/A/Frameworks/QD.framework/Versions/A/QD
0x00007fff35e14000 	/System/Library/Frameworks/ApplicationServices.framework/Versions/A/Frameworks/SpeechSynthesis.framework/Versions/A/SpeechSynthesis
0x00007fff35c8e000 	/System/Library/Frameworks/ApplicationServices.framework/Versions/A/Frameworks/ATSUI.framework/Versions/A/ATSUI
0x00007fff6cc08000 	/usr/lib/libcups.2.dylib
0x00007fff3c355000 	/System/Library/Frameworks/Kerberos.framework/Versions/A/Kerberos
0x00007fff3a5d5000 	/System/Library/Frameworks/GSS.framework/Versions/A/GSS
0x00007fff6df3d000 	/usr/lib/libresolv.9.dylib
0x00007fff59c17000 	/System/Library/PrivateFrameworks/Heimdal.framework/Versions/A/Heimdal
0x00007fff3c368000 	/System/Library/Frameworks/Kerberos.framework/Versions/A/Libraries/libHeimdalProxy.dylib
0x00007fff6cdb2000 	/usr/lib/libheimdal-asn1.dylib
0x00007fff4e292000 	/System/Library/PrivateFrameworks/CommonAuth.framework/Versions/A/CommonAuth
0x00007fff4b4dd000 	/System/Library/PrivateFrameworks/AssertionServices.framework/Versions/A/AssertionServices
0x00007fff4c080000 	/System/Library/PrivateFrameworks/AudioToolboxCore.framework/Versions/A/AudioToolboxCore
0x00007fff6b3a0000 	/System/Library/PrivateFrameworks/caulk.framework/Versions/A/caulk
0x00007fff4c63e000 	/System/Library/PrivateFrameworks/BaseBoard.framework/Versions/A/BaseBoard
0x00007fff6320e000 	/System/Library/PrivateFrameworks/RunningBoardServices.framework/Versions/A/RunningBoardServices
0x00007fff602e8000 	/System/Library/PrivateFrameworks/PersistentConnection.framework/Versions/A/PersistentConnection
0x00007fff62c5d000 	/System/Library/PrivateFrameworks/ProtocolBuffer.framework/Versions/A/ProtocolBuffer
0x00007fff4e2b7000 	/System/Library/PrivateFrameworks/CommonUtilities.framework/Versions/A/CommonUtilities
0x00007fff4c7c1000 	/System/Library/PrivateFrameworks/Bom.framework/Versions/A/Bom
0x00007fff6ba15000 	/usr/lib/libAudioToolboxUtility.dylib
0x00007fff4c59c000 	/System/Library/PrivateFrameworks/Backup.framework/Versions/A/Backup
0x00007fff5109c000 	/System/Library/PrivateFrameworks/CrashReporterSupport.framework/Versions/A/CrashReporterSupport
0x00007fff64d05000 	/System/Library/PrivateFrameworks/Sharing.framework/Versions/A/Sharing
0x00007fff4ac81000 	/System/Library/PrivateFrameworks/Apple80211.framework/Versions/A/Apple80211
0x00007fff4c2be000 	/System/Library/PrivateFrameworks/AuthKit.framework/Versions/A/AuthKit
0x00007fff50dcc000 	/System/Library/PrivateFrameworks/CoreUtils.framework/Versions/A/CoreUtils
0x00007fff39b3b000 	/System/Library/Frameworks/CoreWLAN.framework/Versions/A/CoreWLAN
0x00007fff3a760000 	/System/Library/Frameworks/IOBluetooth.framework/Versions/A/IOBluetooth
0x00007fff5df4d000 	/System/Library/PrivateFrameworks/MobileKeyBag.framework/Versions/A/MobileKeyBag
0x00007fff4fea2000 	/System/Library/PrivateFrameworks/CorePhoneNumbers.framework/Versions/A/CorePhoneNumbers
0x00007fff4aee9000 	/System/Library/PrivateFrameworks/AppleIDAuthSupport.framework/Versions/A/AppleIDAuthSupport
0x00007fff3e1fa000 	/System/Library/Frameworks/Network.framework/Versions/A/Network
0x00007fff5c60e000 	/System/Library/PrivateFrameworks/KeychainCircle.framework/Versions/A/KeychainCircle
0x00007fff375b0000 	/System/Library/Frameworks/CoreBluetooth.framework/Versions/A/CoreBluetooth
0x00007fff66981000 	/System/Library/PrivateFrameworks/SpeechRecognitionCore.framework/Versions/A/SpeechRecognitionCore
0x000000010a000000 	/Library/Java/JavaVirtualMachines/amazon-corretto-11.jdk/Contents/Home/lib/server/libjvm.dylib
0x00000001079e1000 	/Library/Java/JavaVirtualMachines/amazon-corretto-11.jdk/Contents/Home/lib/libverify.dylib
0x00000001079ed000 	/Library/Java/JavaVirtualMachines/amazon-corretto-11.jdk/Contents/Home/lib/libjava.dylib
0x0000000107a2e000 	/Library/Java/JavaVirtualMachines/amazon-corretto-11.jdk/Contents/Home/lib/libinstrument.dylib
0x0000000107ab2000 	/Library/Java/JavaVirtualMachines/amazon-corretto-11.jdk/Contents/Home/lib/libzip.dylib
0x0000000107aba000 	/Library/Java/JavaVirtualMachines/amazon-corretto-11.jdk/Contents/Home/lib/libjimage.dylib
0x000000012928a000 	/Library/Java/JavaVirtualMachines/amazon-corretto-11.jdk/Contents/Home/lib/libnio.dylib
0x0000000129298000 	/Library/Java/JavaVirtualMachines/amazon-corretto-11.jdk/Contents/Home/lib/libnet.dylib
0x00000001087fd000 	/Library/Java/JavaVirtualMachines/amazon-corretto-11.jdk/Contents/Home/lib/libextnet.dylib
0x00000001293a1000 	/Library/Java/JavaVirtualMachines/amazon-corretto-11.jdk/Contents/Home/lib/libawt.dylib
0x000000012943c000 	/Library/Java/JavaVirtualMachines/amazon-corretto-11.jdk/Contents/Home/lib/libmlib_image.dylib
0x00007fff3c33e000 	/System/Library/Frameworks/JavaVM.framework/Versions/A/Frameworks/JavaNativeFoundation.framework/Versions/A/JavaNativeFoundation
0x00007fff3c347000 	/System/Library/Frameworks/JavaVM.framework/Versions/A/Frameworks/JavaRuntimeSupport.framework/Versions/A/JavaRuntimeSupport
0x00007fff3c350000 	/System/Library/Frameworks/JavaVM.framework/Versions/A/JavaVM
0x00007fff5c471000 	/System/Library/PrivateFrameworks/JavaLaunching.framework/Versions/A/JavaLaunching
0x00007fff36680000 	/System/Library/Frameworks/Carbon.framework/Versions/A/Carbon
0x00007fff50b80000 	/System/Library/PrivateFrameworks/CoreSymbolication.framework/Versions/A/CoreSymbolication
0x00007fff36681000 	/System/Library/Frameworks/Carbon.framework/Versions/A/Frameworks/CommonPanels.framework/Versions/A/CommonPanels
0x00007fff3697a000 	/System/Library/Frameworks/Carbon.framework/Versions/A/Frameworks/Help.framework/Versions/A/Help
0x00007fff3697e000 	/System/Library/Frameworks/Carbon.framework/Versions/A/Frameworks/ImageCapture.framework/Versions/A/ImageCapture
0x00007fff36985000 	/System/Library/Frameworks/Carbon.framework/Versions/A/Frameworks/OpenScripting.framework/Versions/A/OpenScripting
0x00007fff36984000 	/System/Library/Frameworks/Carbon.framework/Versions/A/Frameworks/Ink.framework/Versions/A/Ink
0x00007fff369c0000 	/System/Library/Frameworks/Carbon.framework/Versions/A/Frameworks/Print.framework/Versions/A/Print
0x00007fff369c1000 	/System/Library/Frameworks/Carbon.framework/Versions/A/Frameworks/SecurityHI.framework/Versions/A/SecurityHI
0x00007fff51461000 	/System/Library/PrivateFrameworks/DebugSymbols.framework/Versions/A/DebugSymbols
0x00000001294a7000 	/Library/Java/JavaVirtualMachines/amazon-corretto-11.jdk/Contents/Home/lib/libawt_lwawt.dylib
0x0000000129556000 	/Library/Java/JavaVirtualMachines/amazon-corretto-11.jdk/Contents/Home/lib/libosxapp.dylib
0x00007fff3a043000 	/System/Library/Frameworks/ExceptionHandling.framework/Versions/A/ExceptionHandling
0x000000012968b000 	/Library/Java/JavaVirtualMachines/amazon-corretto-11.jdk/Contents/Home/lib/libfontmanager.dylib
0x0000000129784000 	/Library/Java/JavaVirtualMachines/amazon-corretto-11.jdk/Contents/Home/lib/libfreetype.dylib
0x00007fff5061b000 	/System/Library/PrivateFrameworks/CoreServicesInternal.framework/Versions/A/CoreServicesInternal
0x00007fff3a062000 	/System/Library/Frameworks/FileProvider.framework/Versions/A/FileProvider
0x00007fff34b40000 	/System/Library/Frameworks/Accounts.framework/Versions/A/Accounts
0x00007fff5892c000 	/System/Library/PrivateFrameworks/GenerationalStorage.framework/Versions/A/GenerationalStorage
0x00007fff671b2000 	/System/Library/PrivateFrameworks/SymptomDiagnosticReporter.framework/Versions/A/SymptomDiagnosticReporter
0x00007fff4a772000 	/System/Library/PrivateFrameworks/AppContainer.framework/Versions/A/AppContainer
0x00007fff6df57000 	/usr/lib/libsandbox.1.dylib
0x00007fff696e2000 	/System/Library/PrivateFrameworks/UserManagement.framework/Versions/A/UserManagement
0x00007fff4d383000 	/System/Library/PrivateFrameworks/ChunkingLibrary.framework/Versions/A/ChunkingLibrary
0x00007fff4a7e4000 	/System/Library/PrivateFrameworks/AppSandbox.framework/Versions/A/AppSandbox
0x00007fff64b8f000 	/System/Library/PrivateFrameworks/SecCodeWrapper.framework/Versions/A/SecCodeWrapper
0x00007fff6be2c000 	/usr/lib/libMatch.1.dylib
0x00007fff2c160000 	/System/Library/CoreServices/RawCamera.bundle/Contents/MacOS/RawCamera
0x00007fff5dd77000 	/System/Library/PrivateFrameworks/MobileAsset.framework/Versions/A/MobileAsset
0x00007fff67060000 	/System/Library/PrivateFrameworks/StreamingZip.framework/Versions/A/StreamingZip
0x00007fff3c7d1000 	/System/Library/Frameworks/MediaToolbox.framework/Versions/A/MediaToolbox
0x00007fff4ed9b000 	/System/Library/PrivateFrameworks/CoreAVCHD.framework/Versions/A/CoreAVCHD
0x00007fff3c6fb000 	/System/Library/Frameworks/MediaAccessibility.framework/Versions/A/MediaAccessibility
0x00007fff5d142000 	/System/Library/PrivateFrameworks/Mangrove.framework/Versions/A/Mangrove
0x00007fff38d05000 	/System/Library/Frameworks/CoreMedia.framework/Versions/A/CoreMedia
0x00007fff5d3ae000 	/System/Library/PrivateFrameworks/MediaExperience.framework/Versions/A/MediaExperience
0x00007fff455b7000 	/System/Library/Frameworks/VideoToolbox.framework/Versions/A/VideoToolbox
0x00007fff4e9c5000 	/System/Library/PrivateFrameworks/CoreAUC.framework/Versions/A/CoreAUC
0x00007fff6dfaf000 	/usr/lib/libspindump.dylib
0x00007fff4ba2b000 	/System/Library/PrivateFrameworks/AudioResourceArbitration.framework/Versions/A/AudioResourceArbitration
0x00007fff4b444000 	/System/Library/PrivateFrameworks/AppleVA.framework/Versions/A/AppleVA
0x00007fff33885000 	/System/Library/Frameworks/Accelerate.framework/Versions/A/Frameworks/vImage.framework/Versions/A/Libraries/libCGInterfaces.dylib
0x000000012926a000 	/usr/lib/libobjc-trampolines.dylib
0x00007fff539f4000 	/System/Library/PrivateFrameworks/FontServices.framework/libTrueTypeScaler.dylib
0x00007fff2c36f000 	/System/Library/Extensions/AMDMTLBronzeDriver.bundle/Contents/MacOS/AMDMTLBronzeDriver
0x00007fff5be09000 	/System/Library/PrivateFrameworks/IOAccelMemoryInfo.framework/Versions/A/IOAccelMemoryInfo
0x00007fff307a9000 	/System/Library/Extensions/AppleIntelKBLGraphicsMTLDriver.bundle/Contents/MacOS/AppleIntelKBLGraphicsMTLDriver
0x00007fff56f62000 	/System/Library/PrivateFrameworks/GPUCompiler.framework/Versions/3902/Libraries/libmetal_timestamp.dylib
0x00007fff6a4b6000 	/System/Library/PrivateFrameworks/ViewBridge.framework/Versions/A/ViewBridge
0x00007fff6b6f2000 	/System/Library/PrivateFrameworks/login.framework/Versions/A/login
0x000000012b1f0000 	/Library/Java/JavaVirtualMachines/amazon-corretto-11.jdk/Contents/Home/lib/libprefs.dylib
0x00007fff423a9000 	/System/Library/Frameworks/OpenGL.framework/Versions/A/Resources/GLEngine.bundle/GLEngine
0x00007fff4179a000 	/System/Library/Frameworks/OpenGL.framework/Versions/A/Libraries/libGLProgrammability.dylib
0x00007fff2f980000 	/System/Library/Extensions/AppleIntelKBLGraphicsGLDriver.bundle/Contents/MacOS/AppleIntelKBLGraphicsGLDriver
0x00007fff585fe000 	/System/Library/PrivateFrameworks/GPUSupport.framework/Versions/A/Libraries/libGPUSupportMercury.dylib
0x000000012c2d6000 	/System/Library/Extensions/AMDRadeonX4000GLDriver.bundle/Contents/MacOS/AMDRadeonX4000GLDriver
0x00007fff2c490000 	/System/Library/Extensions/AMDRadeonX4000GLDriver.bundle/Contents/MacOS/ATIRadeonX4000SCLib.dylib
0x00007fff2dab5000 	/System/Library/Extensions/AMDShared.bundle/Contents/PlugIns/libSC.dylib
0x00007fff42523000 	/System/Library/Frameworks/OpenGL.framework/Versions/A/Resources/GLRendererFloat.bundle/GLRendererFloat
0x00007fff40d5d000 	/System/Library/Frameworks/OpenCL.framework/Versions/A/Libraries/libcldcpuengine.dylib
0x00007fff6c7ed000 	/usr/lib/libcrypto.35.dylib
0x00007fff67bba000 	/System/Library/PrivateFrameworks/TrustEvaluationAgent.framework/Versions/A/TrustEvaluationAgent
0x00000001295fa000 	/Library/Java/JavaVirtualMachines/amazon-corretto-11.jdk/Contents/Home/lib/libosxui.dylib
0x000000015e993000 	/Library/Java/JavaVirtualMachines/amazon-corretto-11.jdk/Contents/Home/lib/libjavajpeg.dylib
0x000000015e68a000 	/Users/adventure/.codenameone/javafx/lib/libprism_es2.dylib
0x000000015f45d000 	/Users/adventure/.codenameone/javafx/lib/libglass.dylib
0x0000000162b35000 	/Users/adventure/.codenameone/javafx/lib/libjfxwebkit.dylib
0x000000015e734000 	/Users/adventure/.codenameone/javafx/lib/libjavafx_font.dylib
0x000000015e9d9000 	/Library/Java/JavaVirtualMachines/amazon-corretto-11.jdk/Contents/Home/lib/libsunec.dylib
0x000000015f91a000 	/Library/Java/JavaVirtualMachines/amazon-corretto-11.jdk/Contents/Home/lib/liblcms.dylib
0x0000000160900000 	/Users/adventure/.codenameone/javafx/lib/libjavafx_iio.dylib
0x0000000168573000 	/Users/adventure/.codenameone/javafx/lib/libglib-lite.dylib
0x00007fff6cd9e000 	/usr/lib/libffi.dylib
0x000000016ee00000 	/Users/adventure/.codenameone/javafx/lib/libgstreamer-lite.dylib
0x0000000160e31000 	/Users/adventure/.codenameone/javafx/lib/libjfxmedia.dylib
0x0000000166b52000 	/Users/adventure/.codenameone/javafx/lib/libjfxmedia_avf.dylib
0x00007fff3349e000 	/System/Library/Frameworks/AVFoundation.framework/Versions/A/AVFoundation
0x00007fff33698000 	/System/Library/Frameworks/AVFoundation.framework/Versions/A/Frameworks/AVFAudio.framework/Versions/A/AVFAudio
0x00007fff38de0000 	/System/Library/Frameworks/CoreMediaIO.framework/Versions/A/CoreMediaIO
0x00007fff6ba08000 	/usr/lib/libAudioStatistics.dylib
0x00007fff6b737000 	/System/Library/PrivateFrameworks/perfdata.framework/Versions/A/perfdata
0x00007fff6def9000 	/usr/lib/libperfcheck.dylib
0x00007fff6bef7000 	/usr/lib/libSMC.dylib


VM Arguments:
jvm_args: -Xms128m -Xmx2048m -XX:ReservedCodeCacheSize=240m -XX:+UseConcMarkSweepGC -XX:SoftRefLRUPolicyMSPerMB=50 -ea -XX:CICompilerCount=2 -Dsun.io.useCanonPrefixCache=false -Djava.net.preferIPv4Stack=true -Djdk.http.auth.tunneling.disabledSchemes="" -XX:+HeapDumpOnOutOfMemoryError -XX:-OmitStackTraceInFastThrow -Djdk.attach.allowAttachSelf=true -Dkotlinx.coroutines.debug=off -Djdk.module.illegalAccess.silent=true -XX:+UseCompressedOops -Dfile.encoding=UTF-8 -XX:ErrorFile=$USER_HOME/java_error_in_idea_%p.log -XX:HeapDumpPath=$USER_HOME/java_error_in_idea.hprof -Dapple.laf.useScreenMenuBar=true -javaagent:/Applications/IntelliJ IDEA CE.app/Contents/lib/idea_rt.jar=50947:/Applications/IntelliJ IDEA CE.app/Contents/bin 
java_command: com.codename1.impl.javase.Simulator com.codename1.demos.kitchen.MyApplication
java_class_path (initial): /Users/adventure/Desktop/kitchesinkdemo/out/production/kitchesinkdemo:/Users/adventure/Desktop/kitchesinkdemo/src:/Users/adventure/Desktop/kitchesinkdemo/lib/CodenameOne.jar:/Users/adventure/Desktop/kitchesinkdemo/JavaSE.jar:native/internal_tmp:lib/impl/cls
Launcher Type: SUN_STANDARD

[Global flags]
     intx CICompilerCount                          = 2                                         {product} {command line}
    ccstr ErrorFile                                = $USER_HOME/java_error_in_idea_%p.log            {product} {command line}
     bool HeapDumpOnOutOfMemoryError               = true                                   {manageable} {command line}
    ccstr HeapDumpPath                             = $USER_HOME/java_error_in_idea.hprof         {manageable} {command line}
   size_t InitialHeapSize                          = 134217728                                 {product} {command line}
   size_t MaxHeapSize                              = 2147483648                                {product} {command line}
   size_t MaxNewSize                               = 715784192                                 {product} {ergonomic}
    uintx MaxTenuringThreshold                     = 6                                         {product} {ergonomic}
   size_t MinHeapDeltaBytes                        = 196608                                    {product} {ergonomic}
   size_t NewSize                                  = 44695552                                  {product} {ergonomic}
    uintx NonNMethodCodeHeapSize                   = 5825164                                {pd product} {ergonomic}
    uintx NonProfiledCodeHeapSize                  = 122916538                              {pd product} {ergonomic}
   size_t OldSize                                  = 89522176                                  {product} {ergonomic}
     bool OmitStackTraceInFastThrow                = false                                     {product} {command line}
    uintx ProfiledCodeHeapSize                     = 122916538                              {pd product} {ergonomic}
    uintx ReservedCodeCacheSize                    = 251658240                              {pd product} {command line}
     bool SegmentedCodeCache                       = true                                      {product} {ergonomic}
     intx SoftRefLRUPolicyMSPerMB                  = 50                                        {product} {command line}
     bool UseCompressedClassPointers               = true                                 {lp64_product} {ergonomic}
     bool UseCompressedOops                        = true                                 {lp64_product} {command line}
     bool UseConcMarkSweepGC                       = true                                      {product} {command line}

Logging:
Log output configuration:
 #0: stdout all=warning uptime,level,tags
 #1: stderr all=off uptime,level,tags

Environment Variables:
JAVA_HOME=/Library/Java/JavaVirtualMachines/amazon-corretto-11.jdk/Contents/Home
PATH=/usr/local/bin:/Library/Frameworks/Python.framework/Versions/3.7/bin:/usr/local/bin:/usr/bin:/bin:/usr/sbin:/sbin:/Users/adventure/dev/flutter/bin:/Users/adventure/Library/Android/sdk/tools:/Users/adventure/Library/Android/sdk/platform-tools
SHELL=/bin/zsh

Signal Handlers:
SIGSEGV: [libjvm.dylib+0x7577d8], sa_mask[0]=11111111011111110111111111111111, sa_flags=SA_ONSTACK|SA_RESTART|SA_SIGINFO
SIGBUS: [libjvm.dylib+0x7577d8], sa_mask[0]=11111111011111110111111111111111, sa_flags=SA_RESTART|SA_SIGINFO
SIGFPE: [libjvm.dylib+0x7577d8], sa_mask[0]=11111111011111110111111111111111, sa_flags=SA_RESTART|SA_SIGINFO
SIGPIPE: [libjvm.dylib+0x5fbe5c], sa_mask[0]=11111111011111110111111111111111, sa_flags=SA_RESTART|SA_SIGINFO
SIGXFSZ: [libjvm.dylib+0x5fbe5c], sa_mask[0]=11111111011111110111111111111111, sa_flags=SA_RESTART|SA_SIGINFO
SIGILL: [libjvm.dylib+0x7577d8], sa_mask[0]=11111111011111110111111111111111, sa_flags=SA_RESTART|SA_SIGINFO
SIGUSR2: [libjvm.dylib+0x5fc45a], sa_mask[0]=00100000000000000000000000000000, sa_flags=SA_RESTART|SA_SIGINFO
SIGHUP: [libjvm.dylib+0x5faf37], sa_mask[0]=11111111011111110111111111111111, sa_flags=SA_RESTART|SA_SIGINFO
SIGINT: [libjvm.dylib+0x5faf37], sa_mask[0]=11111111011111110111111111111111, sa_flags=SA_RESTART|SA_SIGINFO
SIGTERM: [libjvm.dylib+0x5faf37], sa_mask[0]=11111111011111110111111111111111, sa_flags=SA_RESTART|SA_SIGINFO
SIGQUIT: [libjvm.dylib+0x5faf37], sa_mask[0]=11111111011111110111111111111111, sa_flags=SA_RESTART|SA_SIGINFO


---------------  S Y S T E M  ---------------

OS:uname:Darwin 19.2.0 Darwin Kernel Version 19.2.0: Sat Nov  9 03:47:04 PST 2019; root:xnu-6153.61.1~20/RELEASE_X86_64 x86_64
rlimit: STACK 8192k, CORE 0k, NPROC 2784, NOFILE 10240, AS infinity, DATA infinity, FSIZE infinity
load average:1.86 2.17 2.39

CPU:total 12 (initial active 12) (6 cores per cpu, 2 threads per core) family 6 model 158 stepping 10, cmov, cx8, fxsr, mmx, sse, sse2, sse3, ssse3, sse4.1, sse4.2, popcnt, avx, avx2, aes, clmul, erms, 3dnowpref, lzcnt, ht, tsc, tscinvbit, bmi1, bmi2, adx, fma

Memory: 4k page, physical 16777216k(910180k free), swap 0k(0k free)

vm_info: OpenJDK 64-Bit Server VM (11.0.5+10-LTS) for bsd-amd64 JRE (11.0.5+10-LTS), built on Nov 12 2019 17:01:34 by "root" with gcc 4.2.1 Compatible Apple LLVM 8.0.0 (clang-800.0.42.1)

END.
