#
# A fatal error has been detected by the Java Runtime Environment:
#
#  SIGSEGV (0xb) at pc=0x00000001101e96f6, pid=3686, tid=112979
#
# JRE version: OpenJDK Runtime Environment (11.0.5+10) (build 11.0.5+10-LTS)
# Java VM: OpenJDK 64-Bit Server VM (11.0.5+10-LTS, mixed mode, tiered, compressed oops, concurrent mark sweep gc, bsd-amd64)
# Problematic frame:
# V  [libjvm.dylib+0x3e96f6]  jni_CallStaticBooleanMethodV+0x7c
#
# No core dump will be written. Core dumps have been disabled. To enable core dumping, try "ulimit -c unlimited" before starting Java again
#
# If you would like to submit a bug report, please visit:
#   http://bugreport.java.com/bugreport/crash.jsp
#

---------------  S U M M A R Y ------------

Command Line: -Xms128m -Xmx2048m -XX:ReservedCodeCacheSize=240m -XX:+UseConcMarkSweepGC -XX:SoftRefLRUPolicyMSPerMB=50 -ea -XX:CICompilerCount=2 -Dsun.io.useCanonPrefixCache=false -Djava.net.preferIPv4Stack=true -Djdk.http.auth.tunneling.disabledSchemes="" -XX:+HeapDumpOnOutOfMemoryError -XX:-OmitStackTraceInFastThrow -Djdk.attach.allowAttachSelf=true -Dkotlinx.coroutines.debug=off -Djdk.module.illegalAccess.silent=true -XX:+UseCompressedOops -Dfile.encoding=UTF-8 -XX:ErrorFile=$USER_HOME/java_error_in_idea_%p.log -XX:HeapDumpPath=$USER_HOME/java_error_in_idea.hprof -Dapple.laf.useScreenMenuBar=true -javaagent:/Applications/IntelliJ IDEA CE.app/Contents/lib/idea_rt.jar=52268:/Applications/IntelliJ IDEA CE.app/Contents/bin com.codename1.impl.javase.Simulator com.codename1.demos.kitchen.MyApplication

Host: MacBookPro15,1 x86_64 2200 MHz, 12 cores, 16G, Darwin 19.2.0
Time: Fri Jan  3 14:08:10 2020 +0545 elapsed time: 12 seconds (0d 0h 0m 12s)

---------------  T H R E A D  ---------------

Current thread (0x00007fe5793e5800):  JavaThread "Thread-8" daemon [_thread_in_vm, id=112979, stack(0x0000700009ab1000,0x0000700009b31000)]

Stack: [0x0000700009ab1000,0x0000700009b31000],  sp=0x0000700009b30be0,  free space=510k
Native frames: (J=compiled Java code, A=aot compiled Java code, j=interpreted, Vv=VM code, C=native code)
V  [libjvm.dylib+0x3e96f6]  jni_CallStaticBooleanMethodV+0x7c
C  [libjfxwebkit.dylib+0x9746]  JNIEnv_::CallStaticBooleanMethod(_jclass*, _jmethodID*, ...)+0x86
C  [libjfxwebkit.dylib+0x15884e8]  WebCore::FileSystem::makeAllDirectories(WTF::String const&)+0x268
C  [libjfxwebkit.dylib+0x22d12]  WebCore::StorageSyncManager::fullDatabaseFilename(WTF::String const&)+0x22
C  [libjfxwebkit.dylib+0x1f0d6]  WebKit::StorageAreaSync::openDatabase(WebKit::StorageAreaSync::OpenDatabaseParamType)+0x36
C  [libjfxwebkit.dylib+0x1f6ee]  WebKit::StorageAreaSync::performImport()+0x1e
C  [libjfxwebkit.dylib+0x23619]  WebCore::StorageThread::threadEntryPoint()+0x89
C  [libjfxwebkit.dylib+0x1a802b4]  WTF::Thread::entryPoint(WTF::Thread::NewThreadContext*)+0xe4
C  [libjfxwebkit.dylib+0x1ab68d9]  WTF::wtfThreadEntryPoint(void*)+0x9
C  [libsystem_pthread.dylib+0x5e65]  _pthread_start+0x94
C  [libsystem_pthread.dylib+0x183b]  thread_start+0xf


siginfo: si_signo: 11 (SIGSEGV), si_code: 1 (SEGV_MAPERR), si_addr: 0x0000000000000000

Register to memory mapping:

RAX=0x0 is NULL
RBX=0x00007fe5793e5800 is a thread
RCX=0x00007fe57697f7e8 points into unknown readable memory: 38 7b 2f 81 07 00 00 00
RDX=0x0 is NULL
RSP=0x0000700009b30be0 is pointing into the stack for thread: 0x00007fe5793e5800
RBP=0x0000700009b30c80 is pointing into the stack for thread: 0x00007fe5793e5800
RSI=0x0 is NULL
RDI=0x00007fe5793e5b40 points into unknown readable memory: 70 a7 70 10 01 00 00 00
R8 =0x000000000000000a is an unknown value
R9 =0x00007fe5793e5800 is a thread
R10=0x00000001106dc820: _ZTV7CMSHeap+0x10 in /Library/Java/JavaVirtualMachines/amazon-corretto-11.jdk/Contents/Home/lib/server/libjvm.dylib at 0x000000010fe00000
R11=0x0 is NULL
R12=0x0 is NULL
R13=0x0000700009b30d40 is pointing into the stack for thread: 0x00007fe5793e5800
R14=0x0 is NULL
R15=0x00007fe5793e5b40 points into unknown readable memory: 70 a7 70 10 01 00 00 00


Registers:
RAX=0x0000000000000000, RBX=0x00007fe5793e5800, RCX=0x00007fe57697f7e8, RDX=0x0000000000000000
RSP=0x0000700009b30be0, RBP=0x0000700009b30c80, RSI=0x0000000000000000, RDI=0x00007fe5793e5b40
R8 =0x000000000000000a, R9 =0x00007fe5793e5800, R10=0x00000001106dc820, R11=0x0000000000000000
R12=0x0000000000000000, R13=0x0000700009b30d40, R14=0x0000000000000000, R15=0x00007fe5793e5b40
RIP=0x00000001101e96f6, EFLAGS=0x0000000000010206, ERR=0x0000000000000004
  TRAPNO=0x000000000000000e

Top of Stack: (sp=0x0000700009b30be0)
0x0000700009b30be0:   0000700009b30c00 000000011051e087
0x0000700009b30bf0:   f3381641630300fd 00007fe5793e5800
0x0000700009b30c00:   0000700009b30c30 000000011051e060
0x0000700009b30c10:   0000000000000001 00007fe5793e5908
0x0000700009b30c20:   00007fe500000004 0000000000000004
0x0000700009b30c30:   00007fe5793e5800 00007fe57697f7e0
0x0000700009b30c40:   0000000000000533 00000001105baa77
0x0000700009b30c50:   00007fe5793e5800 0000000000000000
0x0000700009b30c60:   000000016e68b4b0 00007fe5793e5b40
0x0000700009b30c70:   0000000171fd8088 0000000000000000
0x0000700009b30c80:   0000700009b30d60 000000016b108746
0x0000700009b30c90:   0000000110760201 00007fe5793e5800
0x0000700009b30ca0:   0000700009b30cc0 00007fe56f7f6460
0x0000700009b30cb0:   000000000000000a 00007fe5793e5800
0x0000700009b30cc0:   0000700009b30d20 00000001101ee597
0x0000700009b30cd0:   00007fe5793e5800 00007fe57697f7e0
0x0000700009b30ce0:   0000700000000533 00000001105baa77
0x0000700009b30cf0:   00007fe5793e5800 0000000000000000
0x0000700009b30d00:   0000000000000039 0000000171fd8088
0x0000700009b30d10:   0000000171fd8088 0000700009b30d78
0x0000700009b30d20:   0000700009b30d60 000000016cbb638a
0x0000700009b30d30:   0000000000000001 0000000000000000
0x0000700009b30d40:   0000003000000018 0000700009b30d70
0x0000700009b30d50:   0000700009b30c90 f3381641630300fd
0x0000700009b30d60:   0000700009b30db0 000000016c6874e8
0x0000700009b30d70:   00007fe576e61eb0 00007fe56f7f6460
0x0000700009b30d80:   00007fe5793e5b40 0000000171fd8088
0x0000700009b30d90:   0000700009b30f30 00000001770f70f0
0x0000700009b30da0:   0000700009b30e28 00000001770f71b0
0x0000700009b30db0:   0000700009b30df0 000000016b121d12
0x0000700009b30dc0:   f3381641630300fd 00000007812f5988
0x0000700009b30dd0:   0000700009b30e50 0000700009b30e28 

Instructions: (pc=0x00000001101e96f6)
0x00000001101e95f6:   0f 1f 40 00 48 83 7d 90 00 74 09 48 8d 7d 88 e8
0x00000001101e9606:   7c b1 24 00 48 8b 9b f0 00 00 00 4c 8b 73 08 48
0x00000001101e9616:   8b 43 10 48 83 38 00 74 19 48 8b 73 28 4c 89 f7
0x00000001101e9626:   e8 77 ec cf ff 48 8b 7b 10 e8 32 eb cf ff 48 8b
0x00000001101e9636:   43 10 49 89 46 10 48 8b 43 18 49 89 46 18 48 8b
0x00000001101e9646:   43 20 49 89 46 20 48 8d 7d a8 e8 ab 44 33 00 4c
0x00000001101e9656:   3b 6d d0 75 1a f2 0f 10 85 78 fe ff ff 48 81 c4
0x00000001101e9666:   68 01 00 00 5b 41 5c 41 5d 41 5e 41 5f 5d c3 e8
0x00000001101e9676:   da 58 39 00 55 48 89 e5 41 57 41 56 41 55 41 54
0x00000001101e9686:   53 48 83 ec 78 49 89 cd 49 89 d6 49 89 f4 49 89
0x00000001101e9696:   ff 49 8d 9f c0 fc ff ff b8 55 21 ff ff 41 03 87
0x00000001101e96a6:   90 00 00 00 83 f8 02 72 0a 48 89 df e8 8d 5f 31
0x00000001101e96b6:   00 31 db 48 8d 7d d0 48 89 de e8 bb 43 33 00 48
0x00000001101e96c6:   89 5d b0 48 c7 45 b8 00 00 00 00 48 83 7b 08 00
0x00000001101e96d6:   74 09 48 8d 7d b0 e8 59 b0 24 00 4c 89 ff 4c 89
0x00000001101e96e6:   e6 4c 89 f2 90 0f 1f 40 00 c7 45 a0 04 00 00 00
0x00000001101e96f6:   49 8b 06 48 8b 40 08 48 8b 48 08 0f b7 40 2c 48
0x00000001101e9706:   8b 74 c1 40 48 8d bd 60 ff ff ff e8 f6 cd 29 00
0x00000001101e9716:   c7 85 78 ff ff ff 63 00 00 00 48 c7 45 80 00 00
0x00000001101e9726:   00 00 48 8d 05 69 18 52 00 48 89 85 60 ff ff ff
0x00000001101e9736:   49 8b 45 10 48 89 45 98 49 8b 45 00 49 8b 4d 08
0x00000001101e9746:   48 89 4d 90 48 89 45 88 41 f6 c4 01 75 0b 4c 89
0x00000001101e9756:   e7 ff 15 23 04 52 00 eb 0c 49 ff cc 4c 89 e7 ff
0x00000001101e9766:   15 95 ac 51 00 48 89 c7 e8 ef ea fb ff 48 8b 08
0x00000001101e9776:   48 89 c7 48 89 de ff 91 b0 00 00 00 31 ff 48 83
0x00000001101e9786:   7b 08 00 41 bc 00 00 00 00 75 2f 48 8d 75 a0 48
0x00000001101e9796:   8d 8d 60 ff ff ff 4c 89 ff 4c 89 f2 49 89 d8 e8
0x00000001101e97a6:   a4 ec ff ff 31 ff 48 83 7b 08 00 41 bc 00 00 00
0x00000001101e97b6:   00 75 07 0f b6 7d a8 41 88 fc 90 0f 1f 40 00 48
0x00000001101e97c6:   83 7d b8 00 74 09 48 8d 7d b0 e8 b1 af 24 00 48
0x00000001101e97d6:   8b 9b f0 00 00 00 4c 8b 73 08 48 8b 43 10 48 83
0x00000001101e97e6:   38 00 74 19 48 8b 73 28 4c 89 f7 e8 ac ea cf ff 


Stack slot to memory mapping:
stack at sp + 0 slots: 0x0000700009b30c00 is pointing into the stack for thread: 0x00007fe5793e5800
stack at sp + 1 slots: 0x000000011051e087: _ZN6Atomic4loadIPVvEET_PVKS3_+0x17 in /Library/Java/JavaVirtualMachines/amazon-corretto-11.jdk/Contents/Home/lib/server/libjvm.dylib at 0x000000010fe00000
stack at sp + 2 slots: 0xf3381641630300fd is an unknown value
stack at sp + 3 slots: 0x00007fe5793e5800 is a thread
stack at sp + 4 slots: 0x0000700009b30c30 is pointing into the stack for thread: 0x00007fe5793e5800
stack at sp + 5 slots: 0x000000011051e060: _ZN11OrderAccess12ordered_loadIPVvL15ScopedFenceType0EEET_PVKS4_+0x30 in /Library/Java/JavaVirtualMachines/amazon-corretto-11.jdk/Contents/Home/lib/server/libjvm.dylib at 0x000000010fe00000
stack at sp + 6 slots: 0x0000000000000001 is an unknown value
stack at sp + 7 slots: 0x00007fe5793e5908 points into unknown readable memory: 00 30 51 0e 01 00 00 00


---------------  P R O C E S S  ---------------

Threads class SMR info:
_java_thread_list=0x00007fe574eb5f40, length=49, elements={
0x00007fe57000a800, 0x00007fe57000f800, 0x00007fe572015800, 0x00007fe572018800,
0x00007fe57000b800, 0x00007fe572019800, 0x00007fe570827800, 0x00007fe5710de800,
0x00007fe5710e1800, 0x00007fe5709d4000, 0x00007fe5720b3800, 0x00007fe5700ac800,
0x00007fe5700ba000, 0x00007fe5720f5000, 0x00007fe5710fe000, 0x00007fe5700d6000,
0x00007fe570b8a800, 0x00007fe572227000, 0x00007fe56fb04800, 0x00007fe56faee800,
0x00007fe56faf5800, 0x00007fe57277e000, 0x00007fe56f872000, 0x00007fe56fae7000,
0x00007fe5726c4800, 0x00007fe57897c000, 0x00007fe579448800, 0x00007fe57899b000,
0x00007fe56fda6000, 0x00007fe5794e3800, 0x00007fe56fc7c800, 0x00007fe57272e000,
0x00007fe5726c5800, 0x00007fe573939000, 0x00007fe570272000, 0x00007fe579412000,
0x00007fe56fd30800, 0x00007fe578a73800, 0x00007fe573952000, 0x00007fe578a78000,
0x00007fe572073800, 0x00007fe5794d6800, 0x00007fe56fd4d800, 0x00007fe572750000,
0x00007fe57024f000, 0x00007fe573b61800, 0x00007fe5710ed800, 0x00007fe5701b3800,
0x00007fe5793e5800
}

Java Threads: ( => current thread )
  0x00007fe57000a800 JavaThread "Reference Handler" daemon [_thread_blocked, id=12803, stack(0x00007000057ca000,0x00007000058ca000)]
  0x00007fe57000f800 JavaThread "Finalizer" daemon [_thread_blocked, id=13571, stack(0x00007000058cd000,0x00007000059cd000)]
  0x00007fe572015800 JavaThread "Signal Dispatcher" daemon [_thread_blocked, id=18691, stack(0x0000700005ad6000,0x0000700005bd6000)]
  0x00007fe572018800 JavaThread "C2 CompilerThread0" daemon [_thread_in_native, id=15619, stack(0x0000700005bd9000,0x0000700005cd9000)]
  0x00007fe57000b800 JavaThread "C1 CompilerThread0" daemon [_thread_blocked, id=16387, stack(0x0000700005cdc000,0x0000700005ddc000)]
  0x00007fe572019800 JavaThread "Sweeper thread" daemon [_thread_blocked, id=16899, stack(0x0000700005ddf000,0x0000700005edf000)]
  0x00007fe570827800 JavaThread "Common-Cleaner" daemon [_thread_blocked, id=17155, stack(0x0000700005ee2000,0x0000700005fe2000)]
  0x00007fe5710de800 JavaThread "Monitor Ctrl-Break" daemon [_thread_in_native, id=43267, stack(0x0000700005fe5000,0x00007000060e5000)]
  0x00007fe5710e1800 JavaThread "Service Thread" daemon [_thread_blocked, id=22275, stack(0x00007000060e8000,0x00007000061e8000)]
  0x00007fe5709d4000 JavaThread "JavaFX Application Thread" daemon [_thread_in_native, id=775, stack(0x00007ffee0f68000,0x00007ffee1768000)]
  0x00007fe5720b3800 JavaThread "AWT-Shutdown" [_thread_blocked, id=27907, stack(0x00007000062ee000,0x00007000063ee000)]
  0x00007fe5700ac800 JavaThread "Timer-0" daemon [_thread_blocked, id=55047, stack(0x000070000690f000,0x0000700006a0f000)]
  0x00007fe5700ba000 JavaThread "AWT-EventQueue-0" [_thread_blocked, id=55559, stack(0x0000700006a12000,0x0000700006b12000)]
  0x00007fe5720f5000 JavaThread "Thread-4" [_thread_blocked, id=55811, stack(0x0000700006b15000,0x0000700006c15000)]
  0x00007fe5710fe000 JavaThread "DestroyJavaVM" [_thread_blocked, id=5891, stack(0x00007000052bb000,0x00007000053bb000)]
  0x00007fe5700d6000 JavaThread "Java2D Queue Flusher" daemon [_thread_in_native, id=56583, stack(0x0000700006c18000,0x0000700006d18000)]
  0x00007fe570b8a800 JavaThread "Java2D Disposer" daemon [_thread_blocked, id=58383, stack(0x0000700006d1b000,0x0000700006e1b000)]
  0x00007fe572227000 JavaThread "Attach Listener" daemon [_thread_blocked, id=66067, stack(0x0000700006e1e000,0x0000700006f1e000)]
  0x00007fe56fb04800 JavaThread "EDT" [_thread_blocked, id=90627, stack(0x000070000793f000,0x0000700007a3f000)]
  0x00007fe56faee800 JavaThread "Network Thread" [_thread_blocked, id=90403, stack(0x0000700007a42000,0x0000700007b42000)]
  0x00007fe56faf5800 JavaThread "Network Thread" [_thread_blocked, id=91411, stack(0x0000700007b45000,0x0000700007c45000)]
  0x00007fe57277e000 JavaThread "invokeAndBlock1" [_thread_blocked, id=125699, stack(0x0000700007e4e000,0x0000700007f4e000)]
  0x00007fe56f872000 JavaThread "QuantumRenderer-0" daemon [_thread_blocked, id=89399, stack(0x00007000063f1000,0x00007000064f1000)]
  0x00007fe56fae7000 JavaThread "InvokeLaterDispatcher" daemon [_thread_blocked, id=33031, stack(0x00007000064f4000,0x00007000065f4000)]
  0x00007fe5726c4800 JavaThread "Thread-6" daemon [_thread_in_native, id=96003, stack(0x0000700006703000,0x0000700006783000)]
  0x00007fe57897c000 JavaThread "Prism Font Disposer" daemon [_thread_blocked, id=124163, stack(0x000070000783c000,0x000070000793c000)]
  0x00007fe579448800 JavaThread "Disposer" daemon [_thread_blocked, id=97539, stack(0x0000700007f51000,0x0000700008051000)]
  0x00007fe57899b000 JavaThread "URL-Loader-1" daemon [_thread_blocked, id=122371, stack(0x0000700008366000,0x0000700008466000)]
  0x00007fe56fda6000 JavaThread "URL-Loader-2" daemon [_thread_blocked, id=99587, stack(0x0000700008469000,0x0000700008569000)]
  0x00007fe5794e3800 JavaThread "URL-Loader-3" daemon [_thread_blocked, id=121091, stack(0x000070000856c000,0x000070000866c000)]
  0x00007fe56fc7c800 JavaThread "URL-Loader-4" daemon [_thread_blocked, id=100355, stack(0x000070000866f000,0x000070000876f000)]
  0x00007fe57272e000 JavaThread "URL-Loader-5" daemon [_thread_blocked, id=120579, stack(0x0000700008772000,0x0000700008872000)]
  0x00007fe5726c5800 JavaThread "URL-Loader-6" daemon [_thread_blocked, id=101123, stack(0x0000700008875000,0x0000700008975000)]
  0x00007fe573939000 JavaThread "URL-Loader-7" daemon [_thread_blocked, id=101635, stack(0x0000700008978000,0x0000700008a78000)]
  0x00007fe570272000 JavaThread "URL-Loader-8" daemon [_thread_in_native, id=119299, stack(0x0000700008a7b000,0x0000700008b7b000)]
  0x00007fe579412000 JavaThread "URL-Loader-9" daemon [_thread_in_native, id=118531, stack(0x0000700008b7e000,0x0000700008c7e000)]
  0x00007fe56fd30800 JavaThread "URL-Loader-10" daemon [_thread_blocked, id=102403, stack(0x0000700008c81000,0x0000700008d81000)]
  0x00007fe578a73800 JavaThread "URL-Loader-11" daemon [_thread_blocked, id=102659, stack(0x0000700008d84000,0x0000700008e84000)]
  0x00007fe573952000 JavaThread "URL-Loader-12" daemon [_thread_in_native, id=117763, stack(0x0000700008e87000,0x0000700008f87000)]
  0x00007fe578a78000 JavaThread "URL-Loader-13" daemon [_thread_blocked, id=117507, stack(0x0000700008f8a000,0x000070000908a000)]
  0x00007fe572073800 JavaThread "URL-Loader-14" daemon [_thread_in_native, id=116995, stack(0x000070000908d000,0x000070000918d000)]
  0x00007fe5794d6800 JavaThread "URL-Loader-15" daemon [_thread_blocked, id=116483, stack(0x0000700009190000,0x0000700009290000)]
  0x00007fe56fd4d800 JavaThread "Keep-Alive-Timer" daemon [_thread_blocked, id=105055, stack(0x0000700009293000,0x0000700009393000)]
  0x00007fe572750000 JavaThread "URL-Loader-16" daemon [_thread_blocked, id=116111, stack(0x0000700009396000,0x0000700009496000)]
  0x00007fe57024f000 JavaThread "URL-Loader-17" daemon [_thread_blocked, id=99343, stack(0x0000700009499000,0x0000700009599000)]
  0x00007fe573b61800 JavaThread "URL-Loader-18" daemon [_thread_blocked, id=115575, stack(0x000070000959c000,0x000070000969c000)]
  0x00007fe5710ed800 JavaThread "URL-Loader-19" daemon [_thread_blocked, id=115211, stack(0x000070000969f000,0x000070000979f000)]
  0x00007fe5701b3800 JavaThread "URL-Loader-20" daemon [_thread_blocked, id=106003, stack(0x00007000097a2000,0x00007000098a2000)]
=>0x00007fe5793e5800 JavaThread "Thread-8" daemon [_thread_in_vm, id=112979, stack(0x0000700009ab1000,0x0000700009b31000)]

Other Threads:
  0x00007fe57101d800 VMThread "VM Thread" [stack: 0x00007000056c7000,0x00007000057c7000] [id=12035]
  0x00007fe5710e2000 WatcherThread [stack: 0x00007000061eb000,0x00007000062eb000] [id=42755]
  0x00007fe57200f800 GCTaskThread "GC Thread#0" [stack: 0x00007000053be000,0x00007000054be000] [id=11267]
  0x00007fe56fa6d800 GCTaskThread "GC Thread#1" [stack: 0x0000700006f21000,0x0000700007021000] [id=67003]
  0x00007fe572802800 GCTaskThread "GC Thread#2" [stack: 0x0000700007024000,0x0000700007124000] [id=65283]
  0x00007fe56f9e2800 GCTaskThread "GC Thread#3" [stack: 0x0000700007127000,0x0000700007227000] [id=62211]
  0x00007fe570bb0800 GCTaskThread "GC Thread#4" [stack: 0x000070000722a000,0x000070000732a000] [id=62723]
  0x00007fe570c3c000 GCTaskThread "GC Thread#5" [stack: 0x000070000732d000,0x000070000742d000] [id=64771]
  0x00007fe56fa93800 GCTaskThread "GC Thread#6" [stack: 0x0000700007430000,0x0000700007530000] [id=64515]
  0x00007fe56fa94000 GCTaskThread "GC Thread#7" [stack: 0x0000700007533000,0x0000700007633000] [id=64259]
  0x00007fe56faf3800 GCTaskThread "GC Thread#8" [stack: 0x0000700007c48000,0x0000700007d48000] [id=91935]
  0x00007fe5702f4800 GCTaskThread "GC Thread#9" [stack: 0x0000700007d4b000,0x0000700007e4b000] [id=93971]
  0x00007fe570004000 ConcurrentGCThread "CMS Main Thread" [stack: 0x00007000055c4000,0x00007000056c4000] [id=11523]
  0x00007fe570003000 GCTaskThread "CMS Thread#0" [stack: 0x00007000054c1000,0x00007000055c1000] [id=20739]
  0x00007fe571276800 GCTaskThread "CMS Thread#1" [stack: 0x0000700007636000,0x0000700007736000] [id=63491]
  0x00007fe57126e800 GCTaskThread "CMS Thread#2" [stack: 0x0000700007739000,0x0000700007839000] [id=87299]

Threads with active compile tasks:
C2 CompilerThread0  12903 5864       4       com.sun.javafx.webkit.prism.WCFontImpl::getGlyphCodes (30 bytes)

VM state:not at safepoint (normal execution)

VM Mutex/Monitor currently owned by a thread: None

Heap address: 0x0000000780000000, size: 2048 MB, Compressed Oops mode: Zero based, Oop shift amount: 3
Narrow klass base: 0x0000000800000000, Narrow klass shift: 0
Compressed class space size: 1073741824 Address: 0x0000000800000000

Heap:
 par new generation   total 39296K, used 20181K [0x0000000780000000, 0x0000000782aa0000, 0x00000007aaaa0000)
  eden space 34944K,  55% used [0x0000000780000000, 0x0000000781314ea0, 0x0000000782220000)
  from space 4352K,  14% used [0x0000000782660000, 0x0000000782700830, 0x0000000782aa0000)
  to   space 4352K,   0% used [0x0000000782220000, 0x0000000782220000, 0x0000000782660000)
 concurrent mark-sweep generation total 101808K, used 66603K [0x00000007aaaa0000, 0x00000007b0e0c000, 0x0000000800000000)
 Metaspace       used 47672K, capacity 48991K, committed 49044K, reserved 1091584K
  class space    used 5696K, capacity 6252K, committed 6292K, reserved 1048576K

Card table byte_map: [0x0000000119354000,0x0000000119755000] _byte_map_base: 0x0000000115754000

Marking Bits: (CMSBitMap*) 0x00007fe570002b30
 Bits: [0x000000011a416000, 0x000000011b96b800)

Mod Union Table: (CMSBitMap*) 0x00007fe570002bd0
 Bits: [0x000000011b96c000, 0x000000011b9c1560)

Polling page: 0x000000010e512000

Metaspace:

Usage:
  Non-class:     41.74 MB capacity,    40.99 MB ( 98%) used,   614.32 KB (  1%) free+waste,   148.00 KB ( <1%) overhead. 
      Class:      6.11 MB capacity,     5.56 MB ( 91%) used,   482.91 KB (  8%) free+waste,    73.06 KB (  1%) overhead. 
       Both:     47.84 MB capacity,    46.56 MB ( 97%) used,     1.07 MB (  2%) free+waste,   221.06 KB ( <1%) overhead. 

Virtual space:
  Non-class space:       42.00 MB reserved,      41.75 MB (>99%) committed 
      Class space:        1.00 GB reserved,       6.14 MB ( <1%) committed 
             Both:        1.04 GB reserved,      47.89 MB (  4%) committed 

Chunk freelists:
   Non-Class:  13.00 KB
       Class:  0 bytes
        Both:  13.00 KB

MaxMetaspaceSize: unlimited
CompressedClassSpaceSize: 1.00 GB

CodeHeap 'non-profiled nmethods': size=120036Kb used=2446Kb max_used=2446Kb free=117590Kb
 bounds [0x00000001257c7000, 0x0000000125a37000, 0x000000012cd00000]
CodeHeap 'profiled nmethods': size=120032Kb used=12024Kb max_used=12024Kb free=108007Kb
 bounds [0x000000011e28f000, 0x000000011ee5f000, 0x00000001257c7000]
CodeHeap 'non-nmethods': size=5692Kb used=1563Kb max_used=1588Kb free=4128Kb
 bounds [0x000000011dd00000, 0x000000011df70000, 0x000000011e28f000]
 total_blobs=8454 nmethods=5545 adapters=1025
 compilation: enabled
              stopped_count=0, restarted_count=0
 full_count=0

Compilation events (20 events):
Event: 12.812 Thread 0x00007fe57000b800 5885       1       com.sun.javafx.geom.transform.BaseTransform::getMyy (2 bytes)
Event: 12.812 Thread 0x00007fe57000b800 nmethod 5885 0x0000000125a23e90 code [0x0000000125a24060, 0x0000000125a24170]
Event: 12.821 Thread 0x00007fe572018800 nmethod 5861% 0x0000000125a24210 code [0x0000000125a24580, 0x0000000125a26f50]
Event: 12.821 Thread 0x00007fe572018800 5881       4       com.sun.javafx.font.CMap$CMapFormat4::getGlyph (168 bytes)
Event: 12.826 Thread 0x00007fe572018800 nmethod 5881 0x0000000125a28f10 code [0x0000000125a290c0, 0x0000000125a29498]
Event: 12.826 Thread 0x00007fe572018800 5865       4       com.sun.javafx.font.CompositeStrike::getMetrics (38 bytes)
Event: 12.827 Thread 0x00007fe572018800 nmethod 5865 0x0000000125a29890 code [0x0000000125a29a40, 0x0000000125a29b98]
Event: 12.827 Thread 0x00007fe572018800 5864       4       com.sun.javafx.webkit.prism.WCFontImpl::getGlyphCodes (30 bytes)
Event: 12.848 Thread 0x00007fe57000b800 5887   !   3       sun.security.ssl.SSLCipher$T12GcmReadCipherGenerator$GcmReadCipher::decrypt (386 bytes)
Event: 12.850 Thread 0x00007fe57000b800 nmethod 5887 0x000000011ee4d590 code [0x000000011ee4dba0, 0x000000011ee50ab8]
Event: 12.861 Thread 0x00007fe57000b800 5889       1       com.sun.webkit.graphics.WCRectangle::getWidth (5 bytes)
Event: 12.861 Thread 0x00007fe57000b800 nmethod 5889 0x0000000125a2a110 code [0x0000000125a2a2c0, 0x0000000125a2a3d0]
Event: 12.861 Thread 0x00007fe57000b800 5890       1       com.sun.webkit.graphics.WCRectangle::getHeight (5 bytes)
Event: 12.861 Thread 0x00007fe57000b800 nmethod 5890 0x0000000125a2a490 code [0x0000000125a2a640, 0x0000000125a2a750]
Event: 12.867 Thread 0x00007fe57000b800 5891       3       com.sun.webkit.Timer::fwkSetFireTime (16 bytes)
Event: 12.868 Thread 0x00007fe57000b800 nmethod 5891 0x000000011ee51d10 code [0x000000011ee51f40, 0x000000011ee522a8]
Event: 12.880 Thread 0x00007fe57000b800 5892   !   3       sun.security.provider.NativePRNG$RandomIO::getMixRandom (85 bytes)
Event: 12.880 Thread 0x00007fe57000b800 nmethod 5892 0x000000011ee52410 code [0x000000011ee52640, 0x000000011ee52e38]
Event: 12.881 Thread 0x00007fe57000b800 5893       3       java.io.OutputStream::flush (1 bytes)
Event: 12.881 Thread 0x00007fe57000b800 nmethod 5893 0x000000011e5fd490 code [0x000000011e5fd640, 0x000000011e5fd790]

GC Heap History (20 events):
Event: 6.012 GC heap before
{Heap before GC invocations=5 (full 3):
 par new generation   total 39296K, used 36325K [0x0000000780000000, 0x0000000782aa0000, 0x00000007aaaa0000)
  eden space 34944K,  91% used [0x0000000780000000, 0x0000000781f39628, 0x0000000782220000)
  from space 4352K, 100% used [0x0000000782660000, 0x0000000782aa0000, 0x0000000782aa0000)
  to   space 4352K,   0% used [0x0000000782220000, 0x0000000782220000, 0x0000000782660000)
 concurrent mark-sweep generation total 101808K, used 74821K [0x00000007aaaa0000, 0x00000007b0e0c000, 0x0000000800000000)
 Metaspace       used 25045K, capacity 25593K, committed 25856K, reserved 1073152K
  class space    used 2773K, capacity 2985K, committed 3072K, reserved 1048576K
}
Event: 6.016 GC heap after
{Heap after GC invocations=6 (full 3):
 par new generation   total 39296K, used 4352K [0x0000000780000000, 0x0000000782aa0000, 0x00000007aaaa0000)
  eden space 34944K,   0% used [0x0000000780000000, 0x0000000780000000, 0x0000000782220000)
  from space 4352K, 100% used [0x0000000782220000, 0x0000000782660000, 0x0000000782660000)
  to   space 4352K,   0% used [0x0000000782660000, 0x0000000782660000, 0x0000000782aa0000)
 concurrent mark-sweep generation total 101808K, used 82465K [0x00000007aaaa0000, 0x00000007b0e0c000, 0x0000000800000000)
 Metaspace       used 25045K, capacity 25593K, committed 25856K, reserved 1073152K
  class space    used 2773K, capacity 2985K, committed 3072K, reserved 1048576K
}
Event: 6.158 GC heap before
{Heap before GC invocations=6 (full 3):
 par new generation   total 39296K, used 39296K [0x0000000780000000, 0x0000000782aa0000, 0x00000007aaaa0000)
  eden space 34944K, 100% used [0x0000000780000000, 0x0000000782220000, 0x0000000782220000)
  from space 4352K, 100% used [0x0000000782220000, 0x0000000782660000, 0x0000000782660000)
  to   space 4352K,   0% used [0x0000000782660000, 0x0000000782660000, 0x0000000782aa0000)
 concurrent mark-sweep generation total 101808K, used 82465K [0x00000007aaaa0000, 0x00000007b0e0c000, 0x0000000800000000)
 Metaspace       used 25132K, capacity 25744K, committed 26112K, reserved 1073152K
  class space    used 2778K, capacity 2995K, committed 3072K, reserved 1048576K
}
Event: 6.161 GC heap after
{Heap after GC invocations=7 (full 3):
 par new generation   total 39296K, used 4318K [0x0000000780000000, 0x0000000782aa0000, 0x00000007aaaa0000)
  eden space 34944K,   0% used [0x0000000780000000, 0x0000000780000000, 0x0000000782220000)
  from space 4352K,  99% used [0x0000000782660000, 0x0000000782a97b20, 0x0000000782aa0000)
  to   space 4352K,   0% used [0x0000000782220000, 0x0000000782220000, 0x0000000782660000)
 concurrent mark-sweep generation total 101808K, used 89620K [0x00000007aaaa0000, 0x00000007b0e0c000, 0x0000000800000000)
 Metaspace       used 25132K, capacity 25744K, committed 26112K, reserved 1073152K
  class space    used 2778K, capacity 2995K, committed 3072K, reserved 1048576K
}
Event: 6.903 GC heap before
{Heap before GC invocations=7 (full 3):
 par new generation   total 39296K, used 39201K [0x0000000780000000, 0x0000000782aa0000, 0x00000007aaaa0000)
  eden space 34944K,  99% used [0x0000000780000000, 0x0000000782210ae0, 0x0000000782220000)
  from space 4352K,  99% used [0x0000000782660000, 0x0000000782a97b20, 0x0000000782aa0000)
  to   space 4352K,   0% used [0x0000000782220000, 0x0000000782220000, 0x0000000782660000)
 concurrent mark-sweep generation total 101808K, used 55961K [0x00000007aaaa0000, 0x00000007b0e0c000, 0x0000000800000000)
 Metaspace       used 25702K, capacity 26331K, committed 26624K, reserved 1073152K
  class space    used 2806K, capacity 3063K, committed 3072K, reserved 1048576K
}
Event: 6.905 GC heap after
{Heap after GC invocations=8 (full 3):
 par new generation   total 39296K, used 570K [0x0000000780000000, 0x0000000782aa0000, 0x00000007aaaa0000)
  eden space 34944K,   0% used [0x0000000780000000, 0x0000000780000000, 0x0000000782220000)
  from space 4352K,  13% used [0x0000000782220000, 0x00000007822aeb90, 0x0000000782660000)
  to   space 4352K,   0% used [0x0000000782660000, 0x0000000782660000, 0x0000000782aa0000)
 concurrent mark-sweep generation total 101808K, used 59800K [0x00000007aaaa0000, 0x00000007b0e0c000, 0x0000000800000000)
 Metaspace       used 25702K, capacity 26331K, committed 26624K, reserved 1073152K
  class space    used 2806K, capacity 3063K, committed 3072K, reserved 1048576K
}
Event: 7.338 GC heap before
{Heap before GC invocations=8 (full 3):
 par new generation   total 39296K, used 35494K [0x0000000780000000, 0x0000000782aa0000, 0x00000007aaaa0000)
  eden space 34944K,  99% used [0x0000000780000000, 0x000000078221ac90, 0x0000000782220000)
  from space 4352K,  13% used [0x0000000782220000, 0x00000007822aeb90, 0x0000000782660000)
  to   space 4352K,   0% used [0x0000000782660000, 0x0000000782660000, 0x0000000782aa0000)
 concurrent mark-sweep generation total 101808K, used 59800K [0x00000007aaaa0000, 0x00000007b0e0c000, 0x0000000800000000)
 Metaspace       used 25836K, capacity 26459K, committed 26624K, reserved 1073152K
  class space    used 2806K, capacity 3063K, committed 3072K, reserved 1048576K
}
Event: 7.339 GC heap after
{Heap after GC invocations=9 (full 3):
 par new generation   total 39296K, used 709K [0x0000000780000000, 0x0000000782aa0000, 0x00000007aaaa0000)
  eden space 34944K,   0% used [0x0000000780000000, 0x0000000780000000, 0x0000000782220000)
  from space 4352K,  16% used [0x0000000782660000, 0x0000000782711718, 0x0000000782aa0000)
  to   space 4352K,   0% used [0x0000000782220000, 0x0000000782220000, 0x0000000782660000)
 concurrent mark-sweep generation total 101808K, used 59800K [0x00000007aaaa0000, 0x00000007b0e0c000, 0x0000000800000000)
 Metaspace       used 25836K, capacity 26459K, committed 26624K, reserved 1073152K
  class space    used 2806K, capacity 3063K, committed 3072K, reserved 1048576K
}
Event: 8.035 GC heap before
{Heap before GC invocations=9 (full 3):
 par new generation   total 39296K, used 35653K [0x0000000780000000, 0x0000000782aa0000, 0x00000007aaaa0000)
  eden space 34944K, 100% used [0x0000000780000000, 0x0000000782220000, 0x0000000782220000)
  from space 4352K,  16% used [0x0000000782660000, 0x0000000782711718, 0x0000000782aa0000)
  to   space 4352K,   0% used [0x0000000782220000, 0x0000000782220000, 0x0000000782660000)
 concurrent mark-sweep generation total 101808K, used 59800K [0x00000007aaaa0000, 0x00000007b0e0c000, 0x0000000800000000)
 Metaspace       used 33548K, capacity 34325K, committed 34560K, reserved 1079296K
  class space    used 3775K, capacity 4084K, committed 4096K, reserved 1048576K
}
Event: 8.039 GC heap after
{Heap after GC invocations=10 (full 3):
 par new generation   total 39296K, used 3907K [0x0000000780000000, 0x0000000782aa0000, 0x00000007aaaa0000)
  eden space 34944K,   0% used [0x0000000780000000, 0x0000000780000000, 0x0000000782220000)
  from space 4352K,  89% used [0x0000000782220000, 0x00000007825f0dc8, 0x0000000782660000)
  to   space 4352K,   0% used [0x0000000782660000, 0x0000000782660000, 0x0000000782aa0000)
 concurrent mark-sweep generation total 101808K, used 67103K [0x00000007aaaa0000, 0x00000007b0e0c000, 0x0000000800000000)
 Metaspace       used 33548K, capacity 34325K, committed 34560K, reserved 1079296K
  class space    used 3775K, capacity 4084K, committed 4096K, reserved 1048576K
}
Event: 8.528 GC heap before
{Heap before GC invocations=10 (full 3):
 par new generation   total 39296K, used 38851K [0x0000000780000000, 0x0000000782aa0000, 0x00000007aaaa0000)
  eden space 34944K, 100% used [0x0000000780000000, 0x0000000782220000, 0x0000000782220000)
  from space 4352K,  89% used [0x0000000782220000, 0x00000007825f0dc8, 0x0000000782660000)
  to   space 4352K,   0% used [0x0000000782660000, 0x0000000782660000, 0x0000000782aa0000)
 concurrent mark-sweep generation total 101808K, used 67103K [0x00000007aaaa0000, 0x00000007b0e0c000, 0x0000000800000000)
 Metaspace       used 41292K, capacity 42182K, committed 42368K, reserved 1087488K
  class space    used 4876K, capacity 5188K, committed 5248K, reserved 1048576K
}
Event: 8.532 GC heap after
{Heap after GC invocations=11 (full 3):
 par new generation   total 39296K, used 4352K [0x0000000780000000, 0x0000000782aa0000, 0x00000007aaaa0000)
  eden space 34944K,   0% used [0x0000000780000000, 0x0000000780000000, 0x0000000782220000)
  from space 4352K, 100% used [0x0000000782660000, 0x0000000782aa0000, 0x0000000782aa0000)
  to   space 4352K,   0% used [0x0000000782220000, 0x0000000782220000, 0x0000000782660000)
 concurrent mark-sweep generation total 101808K, used 70603K [0x00000007aaaa0000, 0x00000007b0e0c000, 0x0000000800000000)
 Metaspace       used 41292K, capacity 42182K, committed 42368K, reserved 1087488K
  class space    used 4876K, capacity 5188K, committed 5248K, reserved 1048576K
}
Event: 9.418 GC heap before
{Heap before GC invocations=11 (full 3):
 par new generation   total 39296K, used 39296K [0x0000000780000000, 0x0000000782aa0000, 0x00000007aaaa0000)
  eden space 34944K, 100% used [0x0000000780000000, 0x0000000782220000, 0x0000000782220000)
  from space 4352K, 100% used [0x0000000782660000, 0x0000000782aa0000, 0x0000000782aa0000)
  to   space 4352K,   0% used [0x0000000782220000, 0x0000000782220000, 0x0000000782660000)
 concurrent mark-sweep generation total 101808K, used 70888K [0x00000007aaaa0000, 0x00000007b0e0c000, 0x0000000800000000)
 Metaspace       used 45631K, capacity 46768K, committed 47124K, reserved 1089536K
  class space    used 5513K, capacity 6027K, committed 6164K, reserved 1048576K
}
Event: 9.421 GC heap after
{Heap after GC invocations=12 (full 3):
 par new generation   total 39296K, used 3710K [0x0000000780000000, 0x0000000782aa0000, 0x00000007aaaa0000)
  eden space 34944K,   0% used [0x0000000780000000, 0x0000000780000000, 0x0000000782220000)
  from space 4352K,  85% used [0x0000000782220000, 0x00000007825bf960, 0x0000000782660000)
  to   space 4352K,   0% used [0x0000000782660000, 0x0000000782660000, 0x0000000782aa0000)
 concurrent mark-sweep generation total 101808K, used 74775K [0x00000007aaaa0000, 0x00000007b0e0c000, 0x0000000800000000)
 Metaspace       used 45631K, capacity 46768K, committed 47124K, reserved 1089536K
  class space    used 5513K, capacity 6027K, committed 6164K, reserved 1048576K
}
Event: 10.259 GC heap before
{Heap before GC invocations=12 (full 4):
 par new generation   total 39296K, used 38936K [0x0000000780000000, 0x0000000782aa0000, 0x00000007aaaa0000)
  eden space 34944K, 100% used [0x0000000780000000, 0x0000000782220000, 0x0000000782220000)
  from space 4352K,  91% used [0x0000000782220000, 0x0000000782606328, 0x0000000782660000)
  to   space 4352K,   0% used [0x0000000782660000, 0x0000000782660000, 0x0000000782aa0000)
 concurrent mark-sweep generation total 101808K, used 59230K [0x00000007aaaa0000, 0x00000007b0e0c000, 0x0000000800000000)
 Metaspace       used 46741K, capacity 47965K, committed 48148K, reserved 1091584K
  class space    used 5624K, capacity 6148K, committed 6164K, reserved 1048576K
}
Event: 10.262 GC heap after
{Heap after GC invocations=13 (full 4):
 par new generation   total 39296K, used 4352K [0x0000000780000000, 0x0000000782aa0000, 0x00000007aaaa0000)
  eden space 34944K,   0% used [0x0000000780000000, 0x0000000780000000, 0x0000000782220000)
  from space 4352K, 100% used [0x0000000782660000, 0x0000000782aa0000, 0x0000000782aa0000)
  to   space 4352K,   0% used [0x0000000782220000, 0x0000000782220000, 0x0000000782660000)
 concurrent mark-sweep generation total 101808K, used 59946K [0x00000007aaaa0000, 0x00000007b0e0c000, 0x0000000800000000)
 Metaspace       used 46741K, capacity 47965K, committed 48148K, reserved 1091584K
  class space    used 5624K, capacity 6148K, committed 6164K, reserved 1048576K
}
Event: 12.485 GC heap before
{Heap before GC invocations=13 (full 4):
 par new generation   total 39296K, used 39296K [0x0000000780000000, 0x0000000782aa0000, 0x00000007aaaa0000)
  eden space 34944K, 100% used [0x0000000780000000, 0x0000000782220000, 0x0000000782220000)
  from space 4352K, 100% used [0x0000000782660000, 0x0000000782aa0000, 0x0000000782aa0000)
  to   space 4352K,   0% used [0x0000000782220000, 0x0000000782220000, 0x0000000782660000)
 concurrent mark-sweep generation total 101808K, used 60231K [0x00000007aaaa0000, 0x00000007b0e0c000, 0x0000000800000000)
 Metaspace       used 47333K, capacity 48503K, committed 48660K, reserved 1091584K
  class space    used 5656K, capacity 6155K, committed 6164K, reserved 1048576K
}
Event: 12.487 GC heap after
{Heap after GC invocations=14 (full 4):
 par new generation   total 39296K, used 3878K [0x0000000780000000, 0x0000000782aa0000, 0x00000007aaaa0000)
  eden space 34944K,   0% used [0x0000000780000000, 0x0000000780000000, 0x0000000782220000)
  from space 4352K,  89% used [0x0000000782220000, 0x00000007825e9838, 0x0000000782660000)
  to   space 4352K,   0% used [0x0000000782660000, 0x0000000782660000, 0x0000000782aa0000)
 concurrent mark-sweep generation total 101808K, used 64101K [0x00000007aaaa0000, 0x00000007b0e0c000, 0x0000000800000000)
 Metaspace       used 47333K, capacity 48503K, committed 48660K, reserved 1091584K
  class space    used 5656K, capacity 6155K, committed 6164K, reserved 1048576K
}
Event: 12.488 GC heap before
{Heap before GC invocations=14 (full 4):
 par new generation   total 39296K, used 4089K [0x0000000780000000, 0x0000000782aa0000, 0x00000007aaaa0000)
  eden space 34944K,   0% used [0x0000000780000000, 0x0000000780034f70, 0x0000000782220000)
  from space 4352K,  89% used [0x0000000782220000, 0x00000007825e9838, 0x0000000782660000)
  to   space 4352K,   0% used [0x0000000782660000, 0x0000000782660000, 0x0000000782aa0000)
 concurrent mark-sweep generation total 101808K, used 64101K [0x00000007aaaa0000, 0x00000007b0e0c000, 0x0000000800000000)
 Metaspace       used 47333K, capacity 48503K, committed 48660K, reserved 1091584K
  class space    used 5656K, capacity 6155K, committed 6164K, reserved 1048576K
}
Event: 12.488 GC heap after
{Heap after GC invocations=15 (full 4):
 par new generation   total 39296K, used 642K [0x0000000780000000, 0x0000000782aa0000, 0x00000007aaaa0000)
  eden space 34944K,   0% used [0x0000000780000000, 0x0000000780000000, 0x0000000782220000)
  from space 4352K,  14% used [0x0000000782660000, 0x0000000782700830, 0x0000000782aa0000)
  to   space 4352K,   0% used [0x0000000782220000, 0x0000000782220000, 0x0000000782660000)
 concurrent mark-sweep generation total 101808K, used 66603K [0x00000007aaaa0000, 0x00000007b0e0c000, 0x0000000800000000)
 Metaspace       used 47333K, capacity 48503K, committed 48660K, reserved 1091584K
  class space    used 5656K, capacity 6155K, committed 6164K, reserved 1048576K
}

Deoptimization events (20 events):
Event: 12.497 Thread 0x00007fe56fc7c800 DEOPT PACKING pc=0x00000001257d37f8 sp=0x000070000876bdc0
Event: 12.497 Thread 0x00007fe56fc7c800 DEOPT UNPACKING pc=0x000000011dd28325 sp=0x000070000876bd10 mode 2
Event: 12.499 Thread 0x00007fe56fc7c800 DEOPT PACKING pc=0x000000011ead996f sp=0x000070000876bc60
Event: 12.499 Thread 0x00007fe56fc7c800 DEOPT UNPACKING pc=0x000000011dd2813a sp=0x000070000876b108 mode 0
Event: 12.508 Thread 0x00007fe56fc7c800 Uncommon trap: trap_request=0xffffff4d fr.pc=0x0000000125825bec relative=0x0000000000000b4c
Event: 12.508 Thread 0x00007fe56fc7c800 Uncommon trap: reason=unstable_if action=reinterpret pc=0x0000000125825bec method=sun.nio.cs.UTF_8$Decoder.decodeArrayLoop(Ljava/nio/ByteBuffer;Ljava/nio/CharBuffer;)Ljava/nio/charset/CoderResult; @ 280 c2
Event: 12.508 Thread 0x00007fe56fc7c800 DEOPT PACKING pc=0x0000000125825bec sp=0x000070000876b8e0
Event: 12.508 Thread 0x00007fe56fc7c800 DEOPT UNPACKING pc=0x000000011dd28325 sp=0x000070000876b868 mode 2
Event: 12.513 Thread 0x00007fe56fc7c800 DEOPT PACKING pc=0x000000011ead996f sp=0x000070000876bc60
Event: 12.513 Thread 0x00007fe56fc7c800 DEOPT UNPACKING pc=0x000000011dd2813a sp=0x000070000876b108 mode 0
Event: 12.521 Thread 0x00007fe56fc7c800 DEOPT PACKING pc=0x000000011ead996f sp=0x000070000876bc60
Event: 12.521 Thread 0x00007fe56fc7c800 DEOPT UNPACKING pc=0x000000011dd2813a sp=0x000070000876b108 mode 0
Event: 12.547 Thread 0x00007fe56fc7c800 DEOPT PACKING pc=0x000000011ec67682 sp=0x000070000876c1e0
Event: 12.547 Thread 0x00007fe56fc7c800 DEOPT UNPACKING pc=0x000000011dd2813a sp=0x000070000876b6b8 mode 0
Event: 12.628 Thread 0x00007fe570272000 DEOPT PACKING pc=0x000000011ec70599 sp=0x0000700008b77d40
Event: 12.628 Thread 0x00007fe570272000 DEOPT UNPACKING pc=0x000000011dd2813a sp=0x0000700008b77248 mode 0
Event: 12.731 Thread 0x00007fe5709d4000 Uncommon trap: trap_request=0xffffff7e fr.pc=0x0000000125a0350c relative=0x00000000000010ec
Event: 12.731 Thread 0x00007fe5709d4000 Uncommon trap: reason=predicate action=maybe_recompile pc=0x0000000125a0350c method=com.sun.javafx.font.CharToGlyphMapper.charsToGlyphs(II[C[II)V @ 6 c2
Event: 12.731 Thread 0x00007fe5709d4000 DEOPT PACKING pc=0x0000000125a0350c sp=0x00007ffee175e150
Event: 12.731 Thread 0x00007fe5709d4000 DEOPT UNPACKING pc=0x000000011dd28325 sp=0x00007ffee175e170 mode 2

Classes redefined (0 events):
No events

Internal exceptions (20 events):
Event: 8.687 Thread 0x00007fe5709d4000 Exception <a 'sun/nio/fs/UnixException'{0x0000000780e32268}> (0x0000000780e32268) thrown at [/corretto/workspace/corretto11-repo/installers/mac/tar/corretto-build/buildRoot/src/src/hotspot/share/prims/jni.cpp, line 615]
Event: 8.701 Thread 0x00007fe5709d4000 Exception <a 'java/lang/NoSuchMethodError'{0x0000000780f9d120}: 'java.lang.Object java.lang.invoke.DirectMethodHandle$Holder.invokeStatic(java.lang.Object, java.lang.Object, java.lang.Object, java.lang.Object, java.lang.Object, java.lang.Object, java.lang
Event: 8.702 Thread 0x00007fe5709d4000 Exception <a 'java/lang/NoSuchMethodError'{0x0000000780fa9680}: 'java.lang.Object java.lang.invoke.DirectMethodHandle$Holder.invokeStatic(java.lang.Object, java.lang.Object, java.lang.Object, java.lang.Object, java.lang.Object, java.lang.Object, java.lang
Event: 8.702 Thread 0x00007fe5709d4000 Exception <a 'java/lang/NoSuchMethodError'{0x0000000780fb5d40}: 'java.lang.Object java.lang.invoke.DirectMethodHandle$Holder.invokeStatic(java.lang.Object, java.lang.Object, java.lang.Object, java.lang.Object, java.lang.Object, java.lang.Object, java.lang
Event: 8.703 Thread 0x00007fe5709d4000 Exception <a 'java/lang/NoSuchMethodError'{0x0000000780fc5f38}: 'java.lang.Object java.lang.invoke.DelegatingMethodHandle$Holder.reinvoke_L(java.lang.Object, long, java.lang.Object)'> (0x0000000780fc5f38) thrown at [/corretto/workspace/corretto11-repo/ins
Event: 8.708 Thread 0x00007fe5709d4000 Exception <a 'java/lang/NoSuchMethodError'{0x0000000781059ec8}: 'java.lang.Object java.lang.invoke.DelegatingMethodHandle$Holder.reinvoke_L(java.lang.Object, java.lang.Object, int, int, long, int, java.lang.Object, java.lang.Object, java.lang.Object, int)
Event: 8.711 Thread 0x00007fe5709d4000 Exception <a 'java/lang/NoSuchMethodError'{0x00000007810d10d8}: 'java.lang.Object java.lang.invoke.DirectMethodHandle$Holder.invokeSpecial(java.lang.Object, java.lang.Object, int, int, int, long, int, java.lang.Object, java.lang.Object, java.lang.Object, 
Event: 8.711 Thread 0x00007fe5709d4000 Exception <a 'java/lang/NoSuchMethodError'{0x00000007810d4980}: 'java.lang.Object java.lang.invoke.DelegatingMethodHandle$Holder.reinvoke_L(java.lang.Object, int, int, int, long, int, java.lang.Object, java.lang.Object, java.lang.Object, int)'> (0x0000000
Event: 8.712 Thread 0x00007fe5709d4000 Exception <a 'java/lang/NoSuchMethodError'{0x00000007810dc7f0}: 'java.lang.Object java.lang.invoke.DirectMethodHandle$Holder.invokeStatic(java.lang.Object, java.lang.Object, java.lang.Object, java.lang.Object, java.lang.Object, int)'> (0x00000007810dc7f0)
Event: 8.720 Thread 0x00007fe5709d4000 Exception <a 'java/lang/NoSuchMethodError'{0x00000007811a3ab0}: 'java.lang.Object java.lang.invoke.DelegatingMethodHandle$Holder.reinvoke_L(java.lang.Object, java.lang.Object, long)'> (0x00000007811a3ab0) thrown at [/corretto/workspace/corretto11-repo/ins
Event: 9.472 Thread 0x00007fe5709d4000 Exception <a 'java/lang/NoSuchMethodError'{0x00000007801bd540}: 'java.lang.Object java.lang.invoke.DelegatingMethodHandle$Holder.reinvoke_L(java.lang.Object, java.lang.Object, int, int, long, int, int, java.lang.Object, java.lang.Object, int)'> (0x0000000
Event: 9.475 Thread 0x00007fe5709d4000 Exception <a 'java/lang/NoSuchMethodError'{0x000000078021b088}: 'java.lang.Object java.lang.invoke.DirectMethodHandle$Holder.invokeSpecial(java.lang.Object, java.lang.Object, int, int, int, long, int, int, java.lang.Object, java.lang.Object, int)'> (0x000
Event: 9.475 Thread 0x00007fe5709d4000 Exception <a 'java/lang/NoSuchMethodError'{0x000000078021e828}: 'java.lang.Object java.lang.invoke.DelegatingMethodHandle$Holder.reinvoke_L(java.lang.Object, int, int, int, long, int, int, java.lang.Object, java.lang.Object, int)'> (0x000000078021e828) th
Event: 12.264 Thread 0x00007fe5709d4000 Exception <a 'java/io/FileNotFoundException'{0x00000007816cc160}> (0x00000007816cc160) thrown at [/corretto/workspace/corretto11-repo/installers/mac/tar/corretto-build/buildRoot/src/src/hotspot/share/prims/jni.cpp, line 615]
Event: 12.264 Thread 0x00007fe5709d4000 Exception <a 'java/io/FileNotFoundException'{0x00000007816cf660}> (0x00000007816cf660) thrown at [/corretto/workspace/corretto11-repo/installers/mac/tar/corretto-build/buildRoot/src/src/hotspot/share/prims/jni.cpp, line 615]
Event: 12.264 Thread 0x00007fe5709d4000 Exception <a 'java/io/FileNotFoundException'{0x00000007816d0328}> (0x00000007816d0328) thrown at [/corretto/workspace/corretto11-repo/installers/mac/tar/corretto-build/buildRoot/src/src/hotspot/share/prims/jni.cpp, line 615]
Event: 12.266 Thread 0x00007fe5709d4000 Exception <a 'java/io/FileNotFoundException'{0x0000000781772968}> (0x0000000781772968) thrown at [/corretto/workspace/corretto11-repo/installers/mac/tar/corretto-build/buildRoot/src/src/hotspot/share/prims/jni.cpp, line 615]
Event: 12.571 Thread 0x00007fe5709d4000 Exception <a 'java/lang/NoSuchMethodError'{0x0000000780abd020}: 'java.lang.Object java.lang.invoke.DirectMethodHandle$Holder.invokeStatic(java.lang.Object, java.lang.Object, java.lang.Object, java.lang.Object, java.lang.Object, java.lang.Object, java.lang
Event: 12.889 Thread 0x00007fe5793e5800 Exception <a 'java/lang/NoClassDefFoundError'{0x00000007812f7558}: com/sun/webkit/FileSystem> (0x00000007812f7558) thrown at [/corretto/workspace/corretto11-repo/installers/mac/tar/corretto-build/buildRoot/src/src/hotspot/share/classfile/systemDictionary.
Event: 12.889 Thread 0x00007fe5793e5800 Exception <a 'java/lang/NoSuchMethodError'{0x00000007812f7868}: fwkMakeAllDirectories> (0x00000007812f7868) thrown at [/corretto/workspace/corretto11-repo/installers/mac/tar/corretto-build/buildRoot/src/src/hotspot/share/prims/jni.cpp, line 1331]

Events (20 events):
Event: 12.733 Executing VM operation: RevokeBias
Event: 12.733 Executing VM operation: RevokeBias done
Event: 12.733 Executing VM operation: RevokeBias
Event: 12.734 Executing VM operation: RevokeBias done
Event: 12.734 Executing VM operation: RevokeBias
Event: 12.734 Executing VM operation: RevokeBias done
Event: 12.734 Executing VM operation: RevokeBias
Event: 12.734 Executing VM operation: RevokeBias done
Event: 12.734 Executing VM operation: RevokeBias
Event: 12.734 Executing VM operation: RevokeBias done
Event: 12.734 Executing VM operation: RevokeBias
Event: 12.734 Executing VM operation: RevokeBias done
Event: 12.767 loading class com/sun/javafx/iio/gif/GIFImageLoader2
Event: 12.767 loading class com/sun/javafx/iio/gif/GIFImageLoader2 done
Event: 12.768 loading class com/sun/javafx/iio/gif/GIFImageLoader2$LZWDecoder
Event: 12.768 loading class com/sun/javafx/iio/gif/GIFImageLoader2$LZWDecoder done
Event: 12.888 Protecting memory [0x0000700009ab1000,0x0000700009ab5000] with protection modes 0
Event: 12.888 Thread 0x00007fe5793e5800 Thread added: 0x00007fe5793e5800
Event: 12.889 loading class com/sun/webkit/FileSystem
Event: 12.889 loading class com/sun/webkit/FileSystem done


Dynamic libraries:
0x00007fff38b55000 	/System/Library/Frameworks/Cocoa.framework/Versions/A/Cocoa
0x00007fff46121000 	/System/Library/Frameworks/Security.framework/Versions/A/Security
0x00007fff37ae0000 	/System/Library/Frameworks/ApplicationServices.framework/Versions/A/ApplicationServices
0x00007fff70506000 	/usr/lib/libz.1.dylib
0x000000010e49d000 	/Library/Java/JavaVirtualMachines/amazon-corretto-11.jdk/Contents/Home/lib/jli/libjli.dylib
0x00007fff6dfd9000 	/usr/lib/libSystem.B.dylib
0x00007fff36cd5000 	/System/Library/Frameworks/AppKit.framework/Versions/C/AppKit
0x00007fff395d8000 	/System/Library/Frameworks/CoreData.framework/Versions/A/CoreData
0x00007fff3c190000 	/System/Library/Frameworks/Foundation.framework/Versions/C/Foundation
0x00007fff6a884000 	/System/Library/PrivateFrameworks/UIFoundation.framework/Versions/A/UIFoundation
0x00007fff6506f000 	/System/Library/PrivateFrameworks/RemoteViewServices.framework/Versions/A/RemoteViewServices
0x00007fff6d314000 	/System/Library/PrivateFrameworks/XCTTargetBootstrap.framework/Versions/A/XCTTargetBootstrap
0x00007fff399bb000 	/System/Library/Frameworks/CoreDisplay.framework/Versions/A/CoreDisplay
0x00007fff3ef08000 	/System/Library/Frameworks/Metal.framework/Versions/A/Metal
0x00007fff53490000 	/System/Library/PrivateFrameworks/DesktopServicesPriv.framework/Versions/A/DesktopServicesPriv
0x00007fff6f10f000 	/usr/lib/liblangid.dylib
0x00007fff525e7000 	/System/Library/PrivateFrameworks/CoreSVG.framework/Versions/A/CoreSVG
0x00007fff67e31000 	/System/Library/PrivateFrameworks/SkyLight.framework/Versions/A/SkyLight
0x00007fff39f4d000 	/System/Library/Frameworks/CoreGraphics.framework/Versions/A/CoreGraphics
0x00007fff35874000 	/System/Library/Frameworks/Accelerate.framework/Versions/A/Accelerate
0x00007fff703f7000 	/usr/lib/libxml2.2.dylib
0x00007fff5e1ae000 	/System/Library/PrivateFrameworks/IconServices.framework/Versions/A/IconServices
0x00007fff3c974000 	/System/Library/Frameworks/IOSurface.framework/Versions/A/IOSurface
0x00007fff6db11000 	/usr/lib/libDiagnosticMessagesClient.dylib
0x00007fff53309000 	/System/Library/PrivateFrameworks/DFRFoundation.framework/Versions/A/DFRFoundation
0x00007fff6ee9d000 	/usr/lib/libicucore.A.dylib
0x00007fff37e12000 	/System/Library/Frameworks/AudioToolbox.framework/Versions/A/AudioToolbox
0x00007fff37ef4000 	/System/Library/Frameworks/AudioUnit.framework/Versions/A/AudioUnit
0x00007fff6e1da000 	/usr/lib/libauto.dylib
0x00007fff5338a000 	/System/Library/PrivateFrameworks/DataDetectorsCore.framework/Versions/A/DataDetectorsCore
0x00007fff38675000 	/System/Library/Frameworks/Carbon.framework/Versions/A/Frameworks/HIToolbox.framework/Versions/A/HIToolbox
0x00007fff45353000 	/System/Library/Frameworks/QuartzCore.framework/Versions/A/QuartzCore
0x00007fff389b4000 	/System/Library/Frameworks/Carbon.framework/Versions/A/Frameworks/SpeechRecognition.framework/Versions/A/SpeechRecognition
0x00007fff52c8f000 	/System/Library/PrivateFrameworks/CoreUI.framework/Versions/A/CoreUI
0x00007fff3903e000 	/System/Library/Frameworks/CoreAudio.framework/Versions/A/CoreAudio
0x00007fff3be58000 	/System/Library/Frameworks/DiskArbitration.framework/Versions/A/DiskArbitration
0x00007fff601c2000 	/System/Library/PrivateFrameworks/MultitouchSupport.framework/Versions/A/MultitouchSupport
0x00007fff6ed63000 	/usr/lib/libenergytrace.dylib
0x00007fff3c8cf000 	/System/Library/Frameworks/IOKit.framework/Versions/A/IOKit
0x00007fff3aebb000 	/System/Library/Frameworks/CoreServices.framework/Versions/A/CoreServices
0x00007fff622cc000 	/System/Library/PrivateFrameworks/PerformanceAnalysis.framework/Versions/A/PerformanceAnalysis
0x00007fff44389000 	/System/Library/Frameworks/OpenGL.framework/Versions/A/OpenGL
0x00007fff6fe2a000 	/usr/lib/libobjc.A.dylib
0x00007fff38b63000 	/System/Library/Frameworks/ColorSync.framework/Versions/A/ColorSync
0x00007fff39acb000 	/System/Library/Frameworks/CoreFoundation.framework/Versions/A/CoreFoundation
0x00007fff3a5d4000 	/System/Library/Frameworks/CoreImage.framework/Versions/A/CoreImage
0x00007fff3b931000 	/System/Library/Frameworks/CoreText.framework/Versions/A/CoreText
0x00007fff3c9fa000 	/System/Library/Frameworks/ImageIO.framework/Versions/A/ImageIO
0x00007fff6e2bf000 	/usr/lib/libc++.1.dylib
0x00007fff6e33b000 	/usr/lib/libcompression.dylib
0x00007fff6de53000 	/usr/lib/libMobileGestalt.dylib
0x00007fff69966000 	/System/Library/PrivateFrameworks/TextureIO.framework/Versions/A/TextureIO
0x00007fff6e140000 	/usr/lib/libate.dylib
0x00007fff5e3b7000 	/System/Library/PrivateFrameworks/InternationalSupport.framework/Versions/A/InternationalSupport
0x00007fff70f7c000 	/usr/lib/system/libcache.dylib
0x00007fff70f82000 	/usr/lib/system/libcommonCrypto.dylib
0x00007fff70f8e000 	/usr/lib/system/libcompiler_rt.dylib
0x00007fff70f96000 	/usr/lib/system/libcopyfile.dylib
0x00007fff70fa0000 	/usr/lib/system/libcorecrypto.dylib
0x00007fff7114e000 	/usr/lib/system/libdispatch.dylib
0x00007fff71190000 	/usr/lib/system/libdyld.dylib
0x00007fff711c6000 	/usr/lib/system/libkeymgr.dylib
0x00007fff711d4000 	/usr/lib/system/liblaunch.dylib
0x00007fff711d5000 	/usr/lib/system/libmacho.dylib
0x00007fff711db000 	/usr/lib/system/libquarantine.dylib
0x00007fff711de000 	/usr/lib/system/libremovefile.dylib
0x00007fff711e0000 	/usr/lib/system/libsystem_asl.dylib
0x00007fff711f8000 	/usr/lib/system/libsystem_blocks.dylib
0x00007fff711f9000 	/usr/lib/system/libsystem_c.dylib
0x00007fff71281000 	/usr/lib/system/libsystem_configuration.dylib
0x00007fff71285000 	/usr/lib/system/libsystem_coreservices.dylib
0x00007fff71289000 	/usr/lib/system/libsystem_darwin.dylib
0x00007fff71292000 	/usr/lib/system/libsystem_dnssd.dylib
0x00007fff7129a000 	/usr/lib/system/libsystem_featureflags.dylib
0x00007fff7129c000 	/usr/lib/system/libsystem_info.dylib
0x00007fff71317000 	/usr/lib/system/libsystem_m.dylib
0x00007fff7135f000 	/usr/lib/system/libsystem_malloc.dylib
0x00007fff71387000 	/usr/lib/system/libsystem_networkextension.dylib
0x00007fff71395000 	/usr/lib/system/libsystem_notify.dylib
0x00007fff713b4000 	/usr/lib/system/libsystem_sandbox.dylib
0x00007fff713b9000 	/usr/lib/system/libsystem_secinit.dylib
0x00007fff712ea000 	/usr/lib/system/libsystem_kernel.dylib
0x00007fff7139f000 	/usr/lib/system/libsystem_platform.dylib
0x00007fff713a9000 	/usr/lib/system/libsystem_pthread.dylib
0x00007fff713bc000 	/usr/lib/system/libsystem_symptoms.dylib
0x00007fff713c4000 	/usr/lib/system/libsystem_trace.dylib
0x00007fff713dc000 	/usr/lib/system/libunwind.dylib
0x00007fff713e2000 	/usr/lib/system/libxpc.dylib
0x00007fff6e313000 	/usr/lib/libc++abi.dylib
0x00007fff6f111000 	/usr/lib/liblzma.5.dylib
0x00007fff6ed8b000 	/usr/lib/libfakelink.dylib
0x00007fff6e0cd000 	/usr/lib/libarchive.2.dylib
0x00007fff472c1000 	/System/Library/Frameworks/SystemConfiguration.framework/Versions/A/SystemConfiguration
0x00007fff6da42000 	/usr/lib/libCRFSuite.dylib
0x00007fff3826a000 	/System/Library/Frameworks/CFNetwork.framework/Versions/A/CFNetwork
0x00007fff6e2a1000 	/usr/lib/libbsm.0.dylib
0x00007fff711c7000 	/usr/lib/system/libkxld.dylib
0x00007fff4cdcb000 	/System/Library/PrivateFrameworks/AppleFSCompression.framework/Versions/A/AppleFSCompression
0x00007fff6e622000 	/usr/lib/libcoretls.dylib
0x00007fff6e639000 	/usr/lib/libcoretls_cfhelpers.dylib
0x00007fff6fe6e000 	/usr/lib/libpam.2.dylib
0x00007fff6ffa1000 	/usr/lib/libsqlite3.dylib
0x00007fff703e4000 	/usr/lib/libxar.1.dylib
0x00007fff6e2b2000 	/usr/lib/libbz2.1.0.dylib
0x00007fff6edac000 	/usr/lib/libiconv.2.dylib
0x00007fff6e328000 	/usr/lib/libcharset.1.dylib
0x00007fff6f915000 	/usr/lib/libnetwork.dylib
0x00007fff6fe75000 	/usr/lib/libpcap.A.dylib
0x00007fff6e082000 	/usr/lib/libapple_nghttp2.dylib
0x00007fff3b272000 	/System/Library/Frameworks/CoreServices.framework/Versions/A/Frameworks/FSEvents.framework/Versions/A/FSEvents
0x00007fff3af42000 	/System/Library/Frameworks/CoreServices.framework/Versions/A/Frameworks/CarbonCore.framework/Versions/A/CarbonCore
0x00007fff3b4b5000 	/System/Library/Frameworks/CoreServices.framework/Versions/A/Frameworks/Metadata.framework/Versions/A/Metadata
0x00007fff3b54e000 	/System/Library/Frameworks/CoreServices.framework/Versions/A/Frameworks/OSServices.framework/Versions/A/OSServices
0x00007fff3b57c000 	/System/Library/Frameworks/CoreServices.framework/Versions/A/Frameworks/SearchKit.framework/Versions/A/SearchKit
0x00007fff3aebc000 	/System/Library/Frameworks/CoreServices.framework/Versions/A/Frameworks/AE.framework/Versions/A/AE
0x00007fff3b27b000 	/System/Library/Frameworks/CoreServices.framework/Versions/A/Frameworks/LaunchServices.framework/Versions/A/LaunchServices
0x00007fff3b224000 	/System/Library/Frameworks/CoreServices.framework/Versions/A/Frameworks/DictionaryServices.framework/Versions/A/DictionaryServices
0x00007fff3b5e4000 	/System/Library/Frameworks/CoreServices.framework/Versions/A/Frameworks/SharedFileList.framework/Versions/A/SharedFileList
0x00007fff401dd000 	/System/Library/Frameworks/NetFS.framework/Versions/A/NetFS
0x00007fff606ef000 	/System/Library/PrivateFrameworks/NetAuth.framework/Versions/A/NetAuth
0x00007fff6d6df000 	/System/Library/PrivateFrameworks/login.framework/Versions/A/Frameworks/loginsupport.framework/Versions/A/loginsupport
0x00007fff69461000 	/System/Library/PrivateFrameworks/TCC.framework/Versions/A/TCC
0x00007fff519b6000 	/System/Library/PrivateFrameworks/CoreNLP.framework/Versions/A/CoreNLP
0x00007fff5fbf2000 	/System/Library/PrivateFrameworks/MetadataUtilities.framework/Versions/A/MetadataUtilities
0x00007fff6f1e9000 	/usr/lib/libmecabra.dylib
0x00007fff6f141000 	/usr/lib/libmecab.dylib
0x00007fff6ed9c000 	/usr/lib/libgermantok.dylib
0x00007fff6e069000 	/usr/lib/libThaiTokenizer.dylib
0x00007fff6da7a000 	/usr/lib/libChineseTokenizer.dylib
0x00007fff3588c000 	/System/Library/Frameworks/Accelerate.framework/Versions/A/Frameworks/vImage.framework/Versions/A/vImage
0x00007fff36b2f000 	/System/Library/Frameworks/Accelerate.framework/Versions/A/Frameworks/vecLib.framework/Versions/A/vecLib
0x00007fff36a73000 	/System/Library/Frameworks/Accelerate.framework/Versions/A/Frameworks/vecLib.framework/Versions/A/libvMisc.dylib
0x00007fff36899000 	/System/Library/Frameworks/Accelerate.framework/Versions/A/Frameworks/vecLib.framework/Versions/A/libvDSP.dylib
0x00007fff35ef8000 	/System/Library/Frameworks/Accelerate.framework/Versions/A/Frameworks/vecLib.framework/Versions/A/libBLAS.dylib
0x00007fff36453000 	/System/Library/Frameworks/Accelerate.framework/Versions/A/Frameworks/vecLib.framework/Versions/A/libLAPACK.dylib
0x00007fff367f9000 	/System/Library/Frameworks/Accelerate.framework/Versions/A/Frameworks/vecLib.framework/Versions/A/libLinearAlgebra.dylib
0x00007fff36886000 	/System/Library/Frameworks/Accelerate.framework/Versions/A/Frameworks/vecLib.framework/Versions/A/libSparseBLAS.dylib
0x00007fff3680f000 	/System/Library/Frameworks/Accelerate.framework/Versions/A/Frameworks/vecLib.framework/Versions/A/libQuadrature.dylib
0x00007fff36162000 	/System/Library/Frameworks/Accelerate.framework/Versions/A/Frameworks/vecLib.framework/Versions/A/libBNNS.dylib
0x00007fff36815000 	/System/Library/Frameworks/Accelerate.framework/Versions/A/Frameworks/vecLib.framework/Versions/A/libSparse.dylib
0x00007fff5e776000 	/System/Library/PrivateFrameworks/LanguageModeling.framework/Versions/A/LanguageModeling
0x00007fff51352000 	/System/Library/PrivateFrameworks/CoreEmoji.framework/Versions/A/CoreEmoji
0x00007fff5e894000 	/System/Library/PrivateFrameworks/LinguisticData.framework/Versions/A/LinguisticData
0x00007fff5e845000 	/System/Library/PrivateFrameworks/Lexicon.framework/Versions/A/Lexicon
0x00007fff6e329000 	/usr/lib/libcmph.dylib
0x00007fff42daf000 	/System/Library/Frameworks/OpenDirectory.framework/Versions/A/Frameworks/CFOpenDirectory.framework/Versions/A/CFOpenDirectory
0x00007fff42dcc000 	/System/Library/Frameworks/OpenDirectory.framework/Versions/A/OpenDirectory
0x00007fff4b09a000 	/System/Library/PrivateFrameworks/APFS.framework/Versions/A/APFS
0x00007fff46474000 	/System/Library/Frameworks/SecurityFoundation.framework/Versions/A/SecurityFoundation
0x00007fff703e0000 	/usr/lib/libutil.dylib
0x00007fff5263f000 	/System/Library/PrivateFrameworks/CoreServicesStore.framework/Versions/A/CoreServicesStore
0x00007fff4652c000 	/System/Library/Frameworks/ServiceManagement.framework/Versions/A/ServiceManagement
0x00007fff4e582000 	/System/Library/PrivateFrameworks/BackgroundTaskManagement.framework/Versions/A/BackgroundTaskManagement
0x00007fff704dd000 	/usr/lib/libxslt.1.dylib
0x00007fff4d430000 	/System/Library/PrivateFrameworks/AppleSystemInfo.framework/Versions/A/AppleSystemInfo
0x00007fff3cc17000 	/System/Library/Frameworks/ImageIO.framework/Versions/A/Resources/libJPEG.dylib
0x00007fff3ced6000 	/System/Library/Frameworks/ImageIO.framework/Versions/A/Resources/libTIFF.dylib
0x00007fff3ceb9000 	/System/Library/Frameworks/ImageIO.framework/Versions/A/Resources/libPng.dylib
0x00007fff3cb58000 	/System/Library/Frameworks/ImageIO.framework/Versions/A/Resources/libGIF.dylib
0x00007fff3cb5c000 	/System/Library/Frameworks/ImageIO.framework/Versions/A/Resources/libJP2.dylib
0x00007fff3ced4000 	/System/Library/Frameworks/ImageIO.framework/Versions/A/Resources/libRadiance.dylib
0x00007fff6ed64000 	/usr/lib/libexpat.1.dylib
0x00007fff4cf26000 	/System/Library/PrivateFrameworks/AppleJPEG.framework/Versions/A/AppleJPEG
0x00007fff558ac000 	/System/Library/PrivateFrameworks/FontServices.framework/libFontParser.dylib
0x00007fff6c736000 	/System/Library/PrivateFrameworks/WatchdogClient.framework/Versions/A/WatchdogClient
0x00007fff5de03000 	/System/Library/PrivateFrameworks/IOAccelerator.framework/Versions/A/IOAccelerator
0x00007fff3f296000 	/System/Library/Frameworks/MetalPerformanceShaders.framework/Versions/A/MetalPerformanceShaders
0x00007fff5a5fa000 	/System/Library/PrivateFrameworks/GPUWrangler.framework/Versions/A/GPUWrangler
0x00007fff5de0e000 	/System/Library/PrivateFrameworks/IOPresentment.framework/Versions/A/IOPresentment
0x00007fff5331c000 	/System/Library/PrivateFrameworks/DSExternalDisplay.framework/Versions/A/DSExternalDisplay
0x00007fff43735000 	/System/Library/Frameworks/OpenGL.framework/Versions/A/Libraries/libCoreFSCache.dylib
0x00007fff3efe8000 	/System/Library/Frameworks/MetalPerformanceShaders.framework/Frameworks/MPSCore.framework/Versions/A/MPSCore
0x00007fff3f025000 	/System/Library/Frameworks/MetalPerformanceShaders.framework/Frameworks/MPSImage.framework/Versions/A/MPSImage
0x00007fff3f0e7000 	/System/Library/Frameworks/MetalPerformanceShaders.framework/Frameworks/MPSNeuralNetwork.framework/Versions/A/MPSNeuralNetwork
0x00007fff3f0ac000 	/System/Library/Frameworks/MetalPerformanceShaders.framework/Frameworks/MPSMatrix.framework/Versions/A/MPSMatrix
0x00007fff3f247000 	/System/Library/Frameworks/MetalPerformanceShaders.framework/Frameworks/MPSRayIntersector.framework/Versions/A/MPSRayIntersector
0x00007fff3f0d1000 	/System/Library/Frameworks/MetalPerformanceShaders.framework/Frameworks/MPSNDArray.framework/Versions/A/MPSNDArray
0x00007fff5fc3f000 	/System/Library/PrivateFrameworks/MetalTools.framework/Versions/A/MetalTools
0x00007fff4c251000 	/System/Library/PrivateFrameworks/AggregateDictionary.framework/Versions/A/AggregateDictionary
0x00007fff50ddc000 	/System/Library/PrivateFrameworks/CoreAnalytics.framework/Versions/A/CoreAnalytics
0x00007fff4d34e000 	/System/Library/PrivateFrameworks/AppleSauce.framework/Versions/A/AppleSauce
0x00007fff6dd36000 	/usr/lib/libIOReport.dylib
0x00007fff3bae6000 	/System/Library/Frameworks/CoreVideo.framework/Versions/A/CoreVideo
0x00007fff5ba66000 	/System/Library/PrivateFrameworks/GraphVisualizer.framework/Versions/A/GraphVisualizer
0x00007fff54e2d000 	/System/Library/PrivateFrameworks/FaceCore.framework/Versions/A/FaceCore
0x00007fff42d56000 	/System/Library/Frameworks/OpenCL.framework/Versions/A/OpenCL
0x00007fff6db58000 	/usr/lib/libFosl_dynamic.dylib
0x00007fff610ea000 	/System/Library/PrivateFrameworks/OTSVG.framework/Versions/A/OTSVG
0x00007fff37be5000 	/System/Library/Frameworks/ApplicationServices.framework/Versions/A/Frameworks/ATS.framework/Versions/A/Resources/libFontRegistry.dylib
0x00007fff55a7d000 	/System/Library/PrivateFrameworks/FontServices.framework/libhvf.dylib
0x00007fff43740000 	/System/Library/Frameworks/OpenGL.framework/Versions/A/Libraries/libGFXShared.dylib
0x00007fff4391d000 	/System/Library/Frameworks/OpenGL.framework/Versions/A/Libraries/libGLU.dylib
0x00007fff43749000 	/System/Library/Frameworks/OpenGL.framework/Versions/A/Libraries/libGL.dylib
0x00007fff43754000 	/System/Library/Frameworks/OpenGL.framework/Versions/A/Libraries/libGLImage.dylib
0x00007fff43732000 	/System/Library/Frameworks/OpenGL.framework/Versions/A/Libraries/libCVMSPluginSupport.dylib
0x00007fff4373b000 	/System/Library/Frameworks/OpenGL.framework/Versions/A/Libraries/libCoreVMClient.dylib
0x00007fff6f7b7000 	/usr/lib/libncurses.5.4.dylib
0x00007fff37ae1000 	/System/Library/Frameworks/ApplicationServices.framework/Versions/A/Frameworks/ATS.framework/Versions/A/ATS
0x00007fff37cae000 	/System/Library/Frameworks/ApplicationServices.framework/Versions/A/Frameworks/ColorSyncLegacy.framework/Versions/A/ColorSyncLegacy
0x00007fff37d4d000 	/System/Library/Frameworks/ApplicationServices.framework/Versions/A/Frameworks/HIServices.framework/Versions/A/HIServices
0x00007fff37da4000 	/System/Library/Frameworks/ApplicationServices.framework/Versions/A/Frameworks/LangAnalysis.framework/Versions/A/LangAnalysis
0x00007fff37db3000 	/System/Library/Frameworks/ApplicationServices.framework/Versions/A/Frameworks/PrintCore.framework/Versions/A/PrintCore
0x00007fff37df9000 	/System/Library/Frameworks/ApplicationServices.framework/Versions/A/Frameworks/QD.framework/Versions/A/QD
0x00007fff37e04000 	/System/Library/Frameworks/ApplicationServices.framework/Versions/A/Frameworks/SpeechSynthesis.framework/Versions/A/SpeechSynthesis
0x00007fff37c7e000 	/System/Library/Frameworks/ApplicationServices.framework/Versions/A/Frameworks/ATSUI.framework/Versions/A/ATSUI
0x00007fff6ebf8000 	/usr/lib/libcups.2.dylib
0x00007fff3e345000 	/System/Library/Frameworks/Kerberos.framework/Versions/A/Kerberos
0x00007fff3c5c5000 	/System/Library/Frameworks/GSS.framework/Versions/A/GSS
0x00007fff6ff2d000 	/usr/lib/libresolv.9.dylib
0x00007fff5bc07000 	/System/Library/PrivateFrameworks/Heimdal.framework/Versions/A/Heimdal
0x00007fff3e358000 	/System/Library/Frameworks/Kerberos.framework/Versions/A/Libraries/libHeimdalProxy.dylib
0x00007fff6eda2000 	/usr/lib/libheimdal-asn1.dylib
0x00007fff50282000 	/System/Library/PrivateFrameworks/CommonAuth.framework/Versions/A/CommonAuth
0x00007fff4d4cd000 	/System/Library/PrivateFrameworks/AssertionServices.framework/Versions/A/AssertionServices
0x00007fff4e070000 	/System/Library/PrivateFrameworks/AudioToolboxCore.framework/Versions/A/AudioToolboxCore
0x00007fff6d390000 	/System/Library/PrivateFrameworks/caulk.framework/Versions/A/caulk
0x00007fff4e62e000 	/System/Library/PrivateFrameworks/BaseBoard.framework/Versions/A/BaseBoard
0x00007fff651fe000 	/System/Library/PrivateFrameworks/RunningBoardServices.framework/Versions/A/RunningBoardServices
0x00007fff622d8000 	/System/Library/PrivateFrameworks/PersistentConnection.framework/Versions/A/PersistentConnection
0x00007fff64c4d000 	/System/Library/PrivateFrameworks/ProtocolBuffer.framework/Versions/A/ProtocolBuffer
0x00007fff502a7000 	/System/Library/PrivateFrameworks/CommonUtilities.framework/Versions/A/CommonUtilities
0x00007fff4e7b1000 	/System/Library/PrivateFrameworks/Bom.framework/Versions/A/Bom
0x00007fff6da05000 	/usr/lib/libAudioToolboxUtility.dylib
0x00007fff4e58c000 	/System/Library/PrivateFrameworks/Backup.framework/Versions/A/Backup
0x00007fff5308c000 	/System/Library/PrivateFrameworks/CrashReporterSupport.framework/Versions/A/CrashReporterSupport
0x00007fff66cf5000 	/System/Library/PrivateFrameworks/Sharing.framework/Versions/A/Sharing
0x00007fff4cc71000 	/System/Library/PrivateFrameworks/Apple80211.framework/Versions/A/Apple80211
0x00007fff4e2ae000 	/System/Library/PrivateFrameworks/AuthKit.framework/Versions/A/AuthKit
0x00007fff52dbc000 	/System/Library/PrivateFrameworks/CoreUtils.framework/Versions/A/CoreUtils
0x00007fff3bb2b000 	/System/Library/Frameworks/CoreWLAN.framework/Versions/A/CoreWLAN
0x00007fff3c750000 	/System/Library/Frameworks/IOBluetooth.framework/Versions/A/IOBluetooth
0x00007fff5ff3d000 	/System/Library/PrivateFrameworks/MobileKeyBag.framework/Versions/A/MobileKeyBag
0x00007fff51e92000 	/System/Library/PrivateFrameworks/CorePhoneNumbers.framework/Versions/A/CorePhoneNumbers
0x00007fff4ced9000 	/System/Library/PrivateFrameworks/AppleIDAuthSupport.framework/Versions/A/AppleIDAuthSupport
0x00007fff401ea000 	/System/Library/Frameworks/Network.framework/Versions/A/Network
0x00007fff5e5fe000 	/System/Library/PrivateFrameworks/KeychainCircle.framework/Versions/A/KeychainCircle
0x00007fff395a0000 	/System/Library/Frameworks/CoreBluetooth.framework/Versions/A/CoreBluetooth
0x00007fff68971000 	/System/Library/PrivateFrameworks/SpeechRecognitionCore.framework/Versions/A/SpeechRecognitionCore
0x000000010fe00000 	/Library/Java/JavaVirtualMachines/amazon-corretto-11.jdk/Contents/Home/lib/server/libjvm.dylib
0x000000010e4c7000 	/Library/Java/JavaVirtualMachines/amazon-corretto-11.jdk/Contents/Home/lib/libverify.dylib
0x000000010e4d3000 	/Library/Java/JavaVirtualMachines/amazon-corretto-11.jdk/Contents/Home/lib/libjava.dylib
0x000000010e514000 	/Library/Java/JavaVirtualMachines/amazon-corretto-11.jdk/Contents/Home/lib/libinstrument.dylib
0x000000010e598000 	/Library/Java/JavaVirtualMachines/amazon-corretto-11.jdk/Contents/Home/lib/libzip.dylib
0x000000010e5a0000 	/Library/Java/JavaVirtualMachines/amazon-corretto-11.jdk/Contents/Home/lib/libjimage.dylib
0x000000012fd6c000 	/Library/Java/JavaVirtualMachines/amazon-corretto-11.jdk/Contents/Home/lib/libnio.dylib
0x000000012fd7a000 	/Library/Java/JavaVirtualMachines/amazon-corretto-11.jdk/Contents/Home/lib/libnet.dylib
0x000000012fe17000 	/Library/Java/JavaVirtualMachines/amazon-corretto-11.jdk/Contents/Home/lib/libextnet.dylib
0x000000012fe7e000 	/Library/Java/JavaVirtualMachines/amazon-corretto-11.jdk/Contents/Home/lib/libawt.dylib
0x000000012ff19000 	/Library/Java/JavaVirtualMachines/amazon-corretto-11.jdk/Contents/Home/lib/libmlib_image.dylib
0x00007fff3e32e000 	/System/Library/Frameworks/JavaVM.framework/Versions/A/Frameworks/JavaNativeFoundation.framework/Versions/A/JavaNativeFoundation
0x00007fff3e337000 	/System/Library/Frameworks/JavaVM.framework/Versions/A/Frameworks/JavaRuntimeSupport.framework/Versions/A/JavaRuntimeSupport
0x00007fff3e340000 	/System/Library/Frameworks/JavaVM.framework/Versions/A/JavaVM
0x00007fff5e461000 	/System/Library/PrivateFrameworks/JavaLaunching.framework/Versions/A/JavaLaunching
0x00007fff38670000 	/System/Library/Frameworks/Carbon.framework/Versions/A/Carbon
0x00007fff52b70000 	/System/Library/PrivateFrameworks/CoreSymbolication.framework/Versions/A/CoreSymbolication
0x00007fff38671000 	/System/Library/Frameworks/Carbon.framework/Versions/A/Frameworks/CommonPanels.framework/Versions/A/CommonPanels
0x00007fff3896a000 	/System/Library/Frameworks/Carbon.framework/Versions/A/Frameworks/Help.framework/Versions/A/Help
0x00007fff3896e000 	/System/Library/Frameworks/Carbon.framework/Versions/A/Frameworks/ImageCapture.framework/Versions/A/ImageCapture
0x00007fff38975000 	/System/Library/Frameworks/Carbon.framework/Versions/A/Frameworks/OpenScripting.framework/Versions/A/OpenScripting
0x00007fff38974000 	/System/Library/Frameworks/Carbon.framework/Versions/A/Frameworks/Ink.framework/Versions/A/Ink
0x00007fff389b0000 	/System/Library/Frameworks/Carbon.framework/Versions/A/Frameworks/Print.framework/Versions/A/Print
0x00007fff389b1000 	/System/Library/Frameworks/Carbon.framework/Versions/A/Frameworks/SecurityHI.framework/Versions/A/SecurityHI
0x00007fff53451000 	/System/Library/PrivateFrameworks/DebugSymbols.framework/Versions/A/DebugSymbols
0x000000012ff84000 	/Library/Java/JavaVirtualMachines/amazon-corretto-11.jdk/Contents/Home/lib/libawt_lwawt.dylib
0x0000000130033000 	/Library/Java/JavaVirtualMachines/amazon-corretto-11.jdk/Contents/Home/lib/libosxapp.dylib
0x00007fff3c033000 	/System/Library/Frameworks/ExceptionHandling.framework/Versions/A/ExceptionHandling
0x0000000130183000 	/Library/Java/JavaVirtualMachines/amazon-corretto-11.jdk/Contents/Home/lib/libfontmanager.dylib
0x00000001302c7000 	/Library/Java/JavaVirtualMachines/amazon-corretto-11.jdk/Contents/Home/lib/libfreetype.dylib
0x00007fff5260b000 	/System/Library/PrivateFrameworks/CoreServicesInternal.framework/Versions/A/CoreServicesInternal
0x00007fff3c052000 	/System/Library/Frameworks/FileProvider.framework/Versions/A/FileProvider
0x00007fff36b30000 	/System/Library/Frameworks/Accounts.framework/Versions/A/Accounts
0x00007fff5a91c000 	/System/Library/PrivateFrameworks/GenerationalStorage.framework/Versions/A/GenerationalStorage
0x00007fff691a2000 	/System/Library/PrivateFrameworks/SymptomDiagnosticReporter.framework/Versions/A/SymptomDiagnosticReporter
0x00007fff4c762000 	/System/Library/PrivateFrameworks/AppContainer.framework/Versions/A/AppContainer
0x00007fff6ff47000 	/usr/lib/libsandbox.1.dylib
0x00007fff6b6d2000 	/System/Library/PrivateFrameworks/UserManagement.framework/Versions/A/UserManagement
0x00007fff4f373000 	/System/Library/PrivateFrameworks/ChunkingLibrary.framework/Versions/A/ChunkingLibrary
0x00007fff4c7d4000 	/System/Library/PrivateFrameworks/AppSandbox.framework/Versions/A/AppSandbox
0x00007fff66b7f000 	/System/Library/PrivateFrameworks/SecCodeWrapper.framework/Versions/A/SecCodeWrapper
0x00007fff6de1c000 	/usr/lib/libMatch.1.dylib
0x00007fff2e150000 	/System/Library/CoreServices/RawCamera.bundle/Contents/MacOS/RawCamera
0x00007fff5fd67000 	/System/Library/PrivateFrameworks/MobileAsset.framework/Versions/A/MobileAsset
0x00007fff69050000 	/System/Library/PrivateFrameworks/StreamingZip.framework/Versions/A/StreamingZip
0x00007fff3e7c1000 	/System/Library/Frameworks/MediaToolbox.framework/Versions/A/MediaToolbox
0x00007fff50d8b000 	/System/Library/PrivateFrameworks/CoreAVCHD.framework/Versions/A/CoreAVCHD
0x00007fff3e6eb000 	/System/Library/Frameworks/MediaAccessibility.framework/Versions/A/MediaAccessibility
0x00007fff5f132000 	/System/Library/PrivateFrameworks/Mangrove.framework/Versions/A/Mangrove
0x00007fff3acf5000 	/System/Library/Frameworks/CoreMedia.framework/Versions/A/CoreMedia
0x00007fff5f39e000 	/System/Library/PrivateFrameworks/MediaExperience.framework/Versions/A/MediaExperience
0x00007fff475a7000 	/System/Library/Frameworks/VideoToolbox.framework/Versions/A/VideoToolbox
0x00007fff509b5000 	/System/Library/PrivateFrameworks/CoreAUC.framework/Versions/A/CoreAUC
0x00007fff6ff9f000 	/usr/lib/libspindump.dylib
0x00007fff4da1b000 	/System/Library/PrivateFrameworks/AudioResourceArbitration.framework/Versions/A/AudioResourceArbitration
0x00007fff4d434000 	/System/Library/PrivateFrameworks/AppleVA.framework/Versions/A/AppleVA
0x00007fff35875000 	/System/Library/Frameworks/Accelerate.framework/Versions/A/Frameworks/vImage.framework/Versions/A/Libraries/libCGInterfaces.dylib
0x000000012fd4d000 	/usr/lib/libobjc-trampolines.dylib
0x00007fff559e4000 	/System/Library/PrivateFrameworks/FontServices.framework/libTrueTypeScaler.dylib
0x00007fff2e35f000 	/System/Library/Extensions/AMDMTLBronzeDriver.bundle/Contents/MacOS/AMDMTLBronzeDriver
0x00007fff5ddf9000 	/System/Library/PrivateFrameworks/IOAccelMemoryInfo.framework/Versions/A/IOAccelMemoryInfo
0x00007fff32799000 	/System/Library/Extensions/AppleIntelKBLGraphicsMTLDriver.bundle/Contents/MacOS/AppleIntelKBLGraphicsMTLDriver
0x00007fff58f52000 	/System/Library/PrivateFrameworks/GPUCompiler.framework/Versions/3902/Libraries/libmetal_timestamp.dylib
0x00007fff6c4a6000 	/System/Library/PrivateFrameworks/ViewBridge.framework/Versions/A/ViewBridge
0x00007fff6d6e2000 	/System/Library/PrivateFrameworks/login.framework/Versions/A/login
0x0000000131cc1000 	/Library/Java/JavaVirtualMachines/amazon-corretto-11.jdk/Contents/Home/lib/libprefs.dylib
0x00007fff44399000 	/System/Library/Frameworks/OpenGL.framework/Versions/A/Resources/GLEngine.bundle/GLEngine
0x00007fff4378a000 	/System/Library/Frameworks/OpenGL.framework/Versions/A/Libraries/libGLProgrammability.dylib
0x00007fff31970000 	/System/Library/Extensions/AppleIntelKBLGraphicsGLDriver.bundle/Contents/MacOS/AppleIntelKBLGraphicsGLDriver
0x00007fff5a5ee000 	/System/Library/PrivateFrameworks/GPUSupport.framework/Versions/A/Libraries/libGPUSupportMercury.dylib
0x0000000132804000 	/System/Library/Extensions/AMDRadeonX4000GLDriver.bundle/Contents/MacOS/AMDRadeonX4000GLDriver
0x00007fff2e480000 	/System/Library/Extensions/AMDRadeonX4000GLDriver.bundle/Contents/MacOS/ATIRadeonX4000SCLib.dylib
0x00007fff2faa5000 	/System/Library/Extensions/AMDShared.bundle/Contents/PlugIns/libSC.dylib
0x00007fff44513000 	/System/Library/Frameworks/OpenGL.framework/Versions/A/Resources/GLRendererFloat.bundle/GLRendererFloat
0x00007fff42d4d000 	/System/Library/Frameworks/OpenCL.framework/Versions/A/Libraries/libcldcpuengine.dylib
0x00007fff6e7dd000 	/usr/lib/libcrypto.35.dylib
0x00007fff69baa000 	/System/Library/PrivateFrameworks/TrustEvaluationAgent.framework/Versions/A/TrustEvaluationAgent
0x00000001300e6000 	/Library/Java/JavaVirtualMachines/amazon-corretto-11.jdk/Contents/Home/lib/libosxui.dylib
0x00000001653cb000 	/Library/Java/JavaVirtualMachines/amazon-corretto-11.jdk/Contents/Home/lib/libjavajpeg.dylib
0x000000016568a000 	/Library/Java/JavaVirtualMachines/amazon-corretto-11.jdk/Contents/Home/lib/libsunec.dylib
0x00000001653ee000 	/Users/adventure/.codenameone/javafx/lib/libprism_es2.dylib
0x0000000167277000 	/Users/adventure/.codenameone/javafx/lib/libglass.dylib
0x000000016b0ff000 	/Users/adventure/.codenameone/javafx/lib/libjfxwebkit.dylib
0x000000016535d000 	/Users/adventure/.codenameone/javafx/lib/libjavafx_font.dylib
0x000000016f1ad000 	/Users/adventure/.codenameone/javafx/lib/libjavafx_iio.dylib
0x0000000171061000 	/Users/adventure/.codenameone/javafx/lib/libglib-lite.dylib
0x00007fff6ed8e000 	/usr/lib/libffi.dylib
0x0000000177500000 	/Users/adventure/.codenameone/javafx/lib/libgstreamer-lite.dylib
0x000000017082c000 	/Users/adventure/.codenameone/javafx/lib/libjfxmedia.dylib
0x0000000170861000 	/Users/adventure/.codenameone/javafx/lib/libjfxmedia_avf.dylib
0x00007fff3548e000 	/System/Library/Frameworks/AVFoundation.framework/Versions/A/AVFoundation
0x00007fff35688000 	/System/Library/Frameworks/AVFoundation.framework/Versions/A/Frameworks/AVFAudio.framework/Versions/A/AVFAudio
0x00007fff3add0000 	/System/Library/Frameworks/CoreMediaIO.framework/Versions/A/CoreMediaIO
0x00007fff6d9f8000 	/usr/lib/libAudioStatistics.dylib
0x00007fff6d727000 	/System/Library/PrivateFrameworks/perfdata.framework/Versions/A/perfdata
0x00007fff6fee9000 	/usr/lib/libperfcheck.dylib
0x00007fff6dee7000 	/usr/lib/libSMC.dylib


VM Arguments:
jvm_args: -Xms128m -Xmx2048m -XX:ReservedCodeCacheSize=240m -XX:+UseConcMarkSweepGC -XX:SoftRefLRUPolicyMSPerMB=50 -ea -XX:CICompilerCount=2 -Dsun.io.useCanonPrefixCache=false -Djava.net.preferIPv4Stack=true -Djdk.http.auth.tunneling.disabledSchemes="" -XX:+HeapDumpOnOutOfMemoryError -XX:-OmitStackTraceInFastThrow -Djdk.attach.allowAttachSelf=true -Dkotlinx.coroutines.debug=off -Djdk.module.illegalAccess.silent=true -XX:+UseCompressedOops -Dfile.encoding=UTF-8 -XX:ErrorFile=$USER_HOME/java_error_in_idea_%p.log -XX:HeapDumpPath=$USER_HOME/java_error_in_idea.hprof -Dapple.laf.useScreenMenuBar=true -javaagent:/Applications/IntelliJ IDEA CE.app/Contents/lib/idea_rt.jar=52268:/Applications/IntelliJ IDEA CE.app/Contents/bin 
java_command: com.codename1.impl.javase.Simulator com.codename1.demos.kitchen.MyApplication
java_class_path (initial): /Users/adventure/Desktop/kitchesinkdemo/out/production/kitchesinkdemo:/Users/adventure/Desktop/kitchesinkdemo/src:/Users/adventure/Desktop/kitchesinkdemo/lib/CodenameOne.jar:/Users/adventure/Desktop/kitchesinkdemo/JavaSE.jar:native/internal_tmp:lib/impl/cls
Launcher Type: SUN_STANDARD

[Global flags]
     intx CICompilerCount                          = 2                                         {product} {command line}
    ccstr ErrorFile                                = $USER_HOME/java_error_in_idea_%p.log            {product} {command line}
     bool HeapDumpOnOutOfMemoryError               = true                                   {manageable} {command line}
    ccstr HeapDumpPath                             = $USER_HOME/java_error_in_idea.hprof         {manageable} {command line}
   size_t InitialHeapSize                          = 134217728                                 {product} {command line}
   size_t MaxHeapSize                              = 2147483648                                {product} {command line}
   size_t MaxNewSize                               = 715784192                                 {product} {ergonomic}
    uintx MaxTenuringThreshold                     = 6                                         {product} {ergonomic}
   size_t MinHeapDeltaBytes                        = 196608                                    {product} {ergonomic}
   size_t NewSize                                  = 44695552                                  {product} {ergonomic}
    uintx NonNMethodCodeHeapSize                   = 5825164                                {pd product} {ergonomic}
    uintx NonProfiledCodeHeapSize                  = 122916538                              {pd product} {ergonomic}
   size_t OldSize                                  = 89522176                                  {product} {ergonomic}
     bool OmitStackTraceInFastThrow                = false                                     {product} {command line}
    uintx ProfiledCodeHeapSize                     = 122916538                              {pd product} {ergonomic}
    uintx ReservedCodeCacheSize                    = 251658240                              {pd product} {command line}
     bool SegmentedCodeCache                       = true                                      {product} {ergonomic}
     intx SoftRefLRUPolicyMSPerMB                  = 50                                        {product} {command line}
     bool UseCompressedClassPointers               = true                                 {lp64_product} {ergonomic}
     bool UseCompressedOops                        = true                                 {lp64_product} {command line}
     bool UseConcMarkSweepGC                       = true                                      {product} {command line}

Logging:
Log output configuration:
 #0: stdout all=warning uptime,level,tags
 #1: stderr all=off uptime,level,tags

Environment Variables:
JAVA_HOME=/Library/Java/JavaVirtualMachines/amazon-corretto-11.jdk/Contents/Home
PATH=/usr/local/bin:/Library/Frameworks/Python.framework/Versions/3.7/bin:/usr/local/bin:/usr/bin:/bin:/usr/sbin:/sbin:/Users/adventure/dev/flutter/bin:/Users/adventure/Library/Android/sdk/tools:/Users/adventure/Library/Android/sdk/platform-tools
SHELL=/bin/zsh

Signal Handlers:
SIGSEGV: [libjvm.dylib+0x7577d8], sa_mask[0]=11111111011111110111111111111111, sa_flags=SA_ONSTACK|SA_RESTART|SA_SIGINFO
SIGBUS: [libjvm.dylib+0x7577d8], sa_mask[0]=11111111011111110111111111111111, sa_flags=SA_RESTART|SA_SIGINFO
SIGFPE: [libjvm.dylib+0x7577d8], sa_mask[0]=11111111011111110111111111111111, sa_flags=SA_RESTART|SA_SIGINFO
SIGPIPE: [libjvm.dylib+0x5fbe5c], sa_mask[0]=11111111011111110111111111111111, sa_flags=SA_RESTART|SA_SIGINFO
SIGXFSZ: [libjvm.dylib+0x5fbe5c], sa_mask[0]=11111111011111110111111111111111, sa_flags=SA_RESTART|SA_SIGINFO
SIGILL: [libjvm.dylib+0x7577d8], sa_mask[0]=11111111011111110111111111111111, sa_flags=SA_RESTART|SA_SIGINFO
SIGUSR2: [libjvm.dylib+0x5fc45a], sa_mask[0]=00100000000000000000000000000000, sa_flags=SA_RESTART|SA_SIGINFO
SIGHUP: [libjvm.dylib+0x5faf37], sa_mask[0]=11111111011111110111111111111111, sa_flags=SA_RESTART|SA_SIGINFO
SIGINT: [libjvm.dylib+0x5faf37], sa_mask[0]=11111111011111110111111111111111, sa_flags=SA_RESTART|SA_SIGINFO
SIGTERM: [libjvm.dylib+0x5faf37], sa_mask[0]=11111111011111110111111111111111, sa_flags=SA_RESTART|SA_SIGINFO
SIGQUIT: [libjvm.dylib+0x5faf37], sa_mask[0]=11111111011111110111111111111111, sa_flags=SA_RESTART|SA_SIGINFO


---------------  S Y S T E M  ---------------

OS:uname:Darwin 19.2.0 Darwin Kernel Version 19.2.0: Sat Nov  9 03:47:04 PST 2019; root:xnu-6153.61.1~20/RELEASE_X86_64 x86_64
rlimit: STACK 8192k, CORE 0k, NPROC 2784, NOFILE 10240, AS infinity, DATA infinity, FSIZE infinity
load average:1.93 1.66 1.63

CPU:total 12 (initial active 12) (6 cores per cpu, 2 threads per core) family 6 model 158 stepping 10, cmov, cx8, fxsr, mmx, sse, sse2, sse3, ssse3, sse4.1, sse4.2, popcnt, avx, avx2, aes, clmul, erms, 3dnowpref, lzcnt, ht, tsc, tscinvbit, bmi1, bmi2, adx, fma

Memory: 4k page, physical 16777216k(1280204k free), swap 2097152k(1513984k free)

vm_info: OpenJDK 64-Bit Server VM (11.0.5+10-LTS) for bsd-amd64 JRE (11.0.5+10-LTS), built on Nov 12 2019 17:01:34 by "root" with gcc 4.2.1 Compatible Apple LLVM 8.0.0 (clang-800.0.42.1)

END.
