#
# A fatal error has been detected by the Java Runtime Environment:
#
#  SIGSEGV (0xb) at pc=0x0000000101fe96f6, pid=2049, tid=103463
#
# JRE version: OpenJDK Runtime Environment (11.0.5+10) (build 11.0.5+10-LTS)
# Java VM: OpenJDK 64-Bit Server VM (11.0.5+10-LTS, mixed mode, tiered, compressed oops, concurrent mark sweep gc, bsd-amd64)
# Problematic frame:
# V  [libjvm.dylib+0x3e96f6]  jni_CallStaticBooleanMethodV+0x7c
#
# No core dump will be written. Core dumps have been disabled. To enable core dumping, try "ulimit -c unlimited" before starting Java again
#
# If you would like to submit a bug report, please visit:
#   http://bugreport.java.com/bugreport/crash.jsp
#

---------------  S U M M A R Y ------------

Command Line: -Xms128m -Xmx2048m -XX:ReservedCodeCacheSize=240m -XX:+UseConcMarkSweepGC -XX:SoftRefLRUPolicyMSPerMB=50 -ea -XX:CICompilerCount=2 -Dsun.io.useCanonPrefixCache=false -Djava.net.preferIPv4Stack=true -Djdk.http.auth.tunneling.disabledSchemes="" -XX:+HeapDumpOnOutOfMemoryError -XX:-OmitStackTraceInFastThrow -Djdk.attach.allowAttachSelf=true -Dkotlinx.coroutines.debug=off -Djdk.module.illegalAccess.silent=true -XX:+UseCompressedOops -Dfile.encoding=UTF-8 -XX:ErrorFile=$USER_HOME/java_error_in_idea_%p.log -XX:HeapDumpPath=$USER_HOME/java_error_in_idea.hprof -Dapple.laf.useScreenMenuBar=true -javaagent:/Applications/IntelliJ IDEA CE.app/Contents/lib/idea_rt.jar=50615:/Applications/IntelliJ IDEA CE.app/Contents/bin com.codename1.impl.javase.Simulator com.codename1.demos.kitchen.MyApplication

Host: MacBookPro15,1 x86_64 2200 MHz, 12 cores, 16G, Darwin 19.2.0
Time: Sat Dec 28 10:13:57 2019 +0545 elapsed time: 14 seconds (0d 0h 0m 14s)

---------------  T H R E A D  ---------------

Current thread (0x00007fb818c51000):  JavaThread "Thread-8" daemon [_thread_in_vm, id=103463, stack(0x000070000a11c000,0x000070000a19c000)]

Stack: [0x000070000a11c000,0x000070000a19c000],  sp=0x000070000a19bbe0,  free space=510k
Native frames: (J=compiled Java code, A=aot compiled Java code, j=interpreted, Vv=VM code, C=native code)
V  [libjvm.dylib+0x3e96f6]  jni_CallStaticBooleanMethodV+0x7c
C  [libjfxwebkit.dylib+0x9746]  JNIEnv_::CallStaticBooleanMethod(_jclass*, _jmethodID*, ...)+0x86
C  [libjfxwebkit.dylib+0x15884e8]  WebCore::FileSystem::makeAllDirectories(WTF::String const&)+0x268
C  [libjfxwebkit.dylib+0x22d12]  WebCore::StorageSyncManager::fullDatabaseFilename(WTF::String const&)+0x22
C  [libjfxwebkit.dylib+0x1f0d6]  WebKit::StorageAreaSync::openDatabase(WebKit::StorageAreaSync::OpenDatabaseParamType)+0x36
C  [libjfxwebkit.dylib+0x1f6ee]  WebKit::StorageAreaSync::performImport()+0x1e
C  [libjfxwebkit.dylib+0x23619]  WebCore::StorageThread::threadEntryPoint()+0x89
C  [libjfxwebkit.dylib+0x1a802b4]  WTF::Thread::entryPoint(WTF::Thread::NewThreadContext*)+0xe4
C  [libjfxwebkit.dylib+0x1ab68d9]  WTF::wtfThreadEntryPoint(void*)+0x9
C  [libsystem_pthread.dylib+0x5e65]  _pthread_start+0x94
C  [libsystem_pthread.dylib+0x183b]  thread_start+0xf


siginfo: si_signo: 11 (SIGSEGV), si_code: 1 (SEGV_MAPERR), si_addr: 0x0000000000000000

Register to memory mapping:

RAX=0x0 is NULL
RBX=0x00007fb818c51000 is a thread
RCX=0x00007fb815cbeff8 points into unknown readable memory: 60 be 78 81 07 00 00 00
RDX=0x0 is NULL
RSP=0x000070000a19bbe0 is pointing into the stack for thread: 0x00007fb818c51000
RBP=0x000070000a19bc80 is pointing into the stack for thread: 0x00007fb818c51000
RSI=0x0 is NULL
RDI=0x00007fb818c51340 points into unknown readable memory: 70 a7 50 02 01 00 00 00
R8 =0x000000000000000a is an unknown value
R9 =0x00007fb818c51000 is a thread
R10=0x00000001024dc820: _ZTV7CMSHeap+0x10 in /Library/Java/JavaVirtualMachines/amazon-corretto-11.jdk/Contents/Home/lib/server/libjvm.dylib at 0x0000000101c00000
R11=0x0 is NULL
R12=0x0 is NULL
R13=0x000070000a19bd40 is pointing into the stack for thread: 0x00007fb818c51000
R14=0x0 is NULL
R15=0x00007fb818c51340 points into unknown readable memory: 70 a7 50 02 01 00 00 00


Registers:
RAX=0x0000000000000000, RBX=0x00007fb818c51000, RCX=0x00007fb815cbeff8, RDX=0x0000000000000000
RSP=0x000070000a19bbe0, RBP=0x000070000a19bc80, RSI=0x0000000000000000, RDI=0x00007fb818c51340
R8 =0x000000000000000a, R9 =0x00007fb818c51000, R10=0x00000001024dc820, R11=0x0000000000000000
R12=0x0000000000000000, R13=0x000070000a19bd40, R14=0x0000000000000000, R15=0x00007fb818c51340
RIP=0x0000000101fe96f6, EFLAGS=0x0000000000010206, ERR=0x0000000000000004
  TRAPNO=0x000000000000000e

Top of Stack: (sp=0x000070000a19bbe0)
0x000070000a19bbe0:   000070000a19bc00 000000010231e087
0x000070000a19bbf0:   c2f85b39ba4b00b1 00007fb818c51000
0x000070000a19bc00:   000070000a19bc30 000000010231e060
0x000070000a19bc10:   0000000000000001 00007fb818c51108
0x000070000a19bc20:   00007fb800000004 0000000000000004
0x000070000a19bc30:   00007fb818c51000 00007fb815cbeff0
0x000070000a19bc40:   0000000000000533 00000001023baa77
0x000070000a19bc50:   00007fb818c51000 0000000000000000
0x000070000a19bc60:   000000015fe644b0 00007fb818c51340
0x000070000a19bc70:   000000016674df70 0000000000000000
0x000070000a19bc80:   000070000a19bd60 000000015c8e1746
0x000070000a19bc90:   0000000102560201 00007fb818c51000
0x000070000a19bca0:   000070000a19bcc0 00007fb815e092d0
0x000070000a19bcb0:   000000000000000a 00007fb818c51000
0x000070000a19bcc0:   000070000a19bd20 0000000101fee597
0x000070000a19bcd0:   00007fb818c51000 00007fb815cbeff0
0x000070000a19bce0:   0000700000000533 00000001023baa77
0x000070000a19bcf0:   00007fb818c51000 0000000000000000
0x000070000a19bd00:   0000000000000039 000000016674df70
0x000070000a19bd10:   000000016674df70 000070000a19bd78
0x000070000a19bd20:   000070000a19bd60 000000015e38f38a
0x000070000a19bd30:   0000000000000001 0000000000000000
0x000070000a19bd40:   0000003000000018 000070000a19bd70
0x000070000a19bd50:   000070000a19bc90 c2f85b39ba4b00b1
0x000070000a19bd60:   000070000a19bdb0 000000015de604e8
0x000070000a19bd70:   00007fb814e9edf0 00007fb815e092d0
0x000070000a19bd80:   00007fb818c51340 000000016674df70
0x000070000a19bd90:   000070000a19bf30 00000001669460f0
0x000070000a19bda0:   000070000a19be28 00000001669461b0
0x000070000a19bdb0:   000070000a19bdf0 000000015c8fad12
0x000070000a19bdc0:   c2f85b39ba4b00b1 0000000781789860
0x000070000a19bdd0:   000070000a19be50 000070000a19be28 

Instructions: (pc=0x0000000101fe96f6)
0x0000000101fe95f6:   0f 1f 40 00 48 83 7d 90 00 74 09 48 8d 7d 88 e8
0x0000000101fe9606:   7c b1 24 00 48 8b 9b f0 00 00 00 4c 8b 73 08 48
0x0000000101fe9616:   8b 43 10 48 83 38 00 74 19 48 8b 73 28 4c 89 f7
0x0000000101fe9626:   e8 77 ec cf ff 48 8b 7b 10 e8 32 eb cf ff 48 8b
0x0000000101fe9636:   43 10 49 89 46 10 48 8b 43 18 49 89 46 18 48 8b
0x0000000101fe9646:   43 20 49 89 46 20 48 8d 7d a8 e8 ab 44 33 00 4c
0x0000000101fe9656:   3b 6d d0 75 1a f2 0f 10 85 78 fe ff ff 48 81 c4
0x0000000101fe9666:   68 01 00 00 5b 41 5c 41 5d 41 5e 41 5f 5d c3 e8
0x0000000101fe9676:   da 58 39 00 55 48 89 e5 41 57 41 56 41 55 41 54
0x0000000101fe9686:   53 48 83 ec 78 49 89 cd 49 89 d6 49 89 f4 49 89
0x0000000101fe9696:   ff 49 8d 9f c0 fc ff ff b8 55 21 ff ff 41 03 87
0x0000000101fe96a6:   90 00 00 00 83 f8 02 72 0a 48 89 df e8 8d 5f 31
0x0000000101fe96b6:   00 31 db 48 8d 7d d0 48 89 de e8 bb 43 33 00 48
0x0000000101fe96c6:   89 5d b0 48 c7 45 b8 00 00 00 00 48 83 7b 08 00
0x0000000101fe96d6:   74 09 48 8d 7d b0 e8 59 b0 24 00 4c 89 ff 4c 89
0x0000000101fe96e6:   e6 4c 89 f2 90 0f 1f 40 00 c7 45 a0 04 00 00 00
0x0000000101fe96f6:   49 8b 06 48 8b 40 08 48 8b 48 08 0f b7 40 2c 48
0x0000000101fe9706:   8b 74 c1 40 48 8d bd 60 ff ff ff e8 f6 cd 29 00
0x0000000101fe9716:   c7 85 78 ff ff ff 63 00 00 00 48 c7 45 80 00 00
0x0000000101fe9726:   00 00 48 8d 05 69 18 52 00 48 89 85 60 ff ff ff
0x0000000101fe9736:   49 8b 45 10 48 89 45 98 49 8b 45 00 49 8b 4d 08
0x0000000101fe9746:   48 89 4d 90 48 89 45 88 41 f6 c4 01 75 0b 4c 89
0x0000000101fe9756:   e7 ff 15 23 04 52 00 eb 0c 49 ff cc 4c 89 e7 ff
0x0000000101fe9766:   15 95 ac 51 00 48 89 c7 e8 ef ea fb ff 48 8b 08
0x0000000101fe9776:   48 89 c7 48 89 de ff 91 b0 00 00 00 31 ff 48 83
0x0000000101fe9786:   7b 08 00 41 bc 00 00 00 00 75 2f 48 8d 75 a0 48
0x0000000101fe9796:   8d 8d 60 ff ff ff 4c 89 ff 4c 89 f2 49 89 d8 e8
0x0000000101fe97a6:   a4 ec ff ff 31 ff 48 83 7b 08 00 41 bc 00 00 00
0x0000000101fe97b6:   00 75 07 0f b6 7d a8 41 88 fc 90 0f 1f 40 00 48
0x0000000101fe97c6:   83 7d b8 00 74 09 48 8d 7d b0 e8 b1 af 24 00 48
0x0000000101fe97d6:   8b 9b f0 00 00 00 4c 8b 73 08 48 8b 43 10 48 83
0x0000000101fe97e6:   38 00 74 19 48 8b 73 28 4c 89 f7 e8 ac ea cf ff 


Stack slot to memory mapping:
stack at sp + 0 slots: 0x000070000a19bc00 is pointing into the stack for thread: 0x00007fb818c51000
stack at sp + 1 slots: 0x000000010231e087: _ZN6Atomic4loadIPVvEET_PVKS3_+0x17 in /Library/Java/JavaVirtualMachines/amazon-corretto-11.jdk/Contents/Home/lib/server/libjvm.dylib at 0x0000000101c00000
stack at sp + 2 slots: 0xc2f85b39ba4b00b1 is an unknown value
stack at sp + 3 slots: 0x00007fb818c51000 is a thread
stack at sp + 4 slots: 0x000070000a19bc30 is pointing into the stack for thread: 0x00007fb818c51000
stack at sp + 5 slots: 0x000000010231e060: _ZN11OrderAccess12ordered_loadIPVvL15ScopedFenceType0EEET_PVKS4_+0x30 in /Library/Java/JavaVirtualMachines/amazon-corretto-11.jdk/Contents/Home/lib/server/libjvm.dylib at 0x0000000101c00000
stack at sp + 6 slots: 0x0000000000000001 is an unknown value
stack at sp + 7 slots: 0x00007fb818c51108 points into unknown readable memory: 00 e0 24 00 01 00 00 00


---------------  P R O C E S S  ---------------

Threads class SMR info:
_java_thread_list=0x00007fb814ec67d0, length=49, elements={
0x00007fb818011800, 0x00007fb815039800, 0x00007fb81a80c000, 0x00007fb81a80f000,
0x00007fb81503a800, 0x00007fb81503b800, 0x00007fb81a846800, 0x00007fb81505d000,
0x00007fb81a847800, 0x00007fb81980a000, 0x00007fb818150800, 0x00007fb81a861000,
0x00007fb81a009000, 0x00007fb8168b6000, 0x00007fb8168b9000, 0x00007fb8168f4000,
0x00007fb81515f800, 0x00007fb818177800, 0x00007fb81898b000, 0x00007fb818c48000,
0x00007fb819c02800, 0x00007fb81e800000, 0x00007fb81e030000, 0x00007fb81813a000,
0x00007fb81e89f800, 0x00007fb81e1ea000, 0x00007fb8189d5800, 0x00007fb818a6f800,
0x00007fb81d9c6800, 0x00007fb818441000, 0x00007fb818aca800, 0x00007fb818ad7800,
0x00007fb81e1eb000, 0x00007fb81e9af800, 0x00007fb81e9a1800, 0x00007fb81d939800,
0x00007fb81d9c9800, 0x00007fb81850f000, 0x00007fb815675800, 0x00007fb815676800,
0x00007fb81e1e5800, 0x00007fb81841c800, 0x00007fb81e239000, 0x00007fb818077800,
0x00007fb81806a800, 0x00007fb81e23e000, 0x00007fb815672800, 0x00007fb81e9c0800,
0x00007fb818c51000
}

Java Threads: ( => current thread )
  0x00007fb818011800 JavaThread "Reference Handler" daemon [_thread_blocked, id=13059, stack(0x0000700005aa6000,0x0000700005ba6000)]
  0x00007fb815039800 JavaThread "Finalizer" daemon [_thread_blocked, id=13827, stack(0x0000700005ba9000,0x0000700005ca9000)]
  0x00007fb81a80c000 JavaThread "Signal Dispatcher" daemon [_thread_blocked, id=15363, stack(0x0000700005db2000,0x0000700005eb2000)]
  0x00007fb81a80f000 JavaThread "C2 CompilerThread0" daemon [_thread_in_native, id=15619, stack(0x0000700005eb5000,0x0000700005fb5000)]
  0x00007fb81503a800 JavaThread "C1 CompilerThread0" daemon [_thread_blocked, id=17923, stack(0x0000700005fb8000,0x00007000060b8000)]
  0x00007fb81503b800 JavaThread "Sweeper thread" daemon [_thread_blocked, id=17667, stack(0x00007000060bb000,0x00007000061bb000)]
  0x00007fb81a846800 JavaThread "Common-Cleaner" daemon [_thread_blocked, id=17155, stack(0x00007000061be000,0x00007000062be000)]
  0x00007fb81505d000 JavaThread "Monitor Ctrl-Break" daemon [_thread_in_native, id=43267, stack(0x00007000062c1000,0x00007000063c1000)]
  0x00007fb81a847800 JavaThread "Service Thread" daemon [_thread_blocked, id=42755, stack(0x00007000063c4000,0x00007000064c4000)]
  0x00007fb81980a000 JavaThread "JavaFX Application Thread" daemon [_thread_in_native, id=775, stack(0x00007ffeef22d000,0x00007ffeefa2d000)]
  0x00007fb818150800 JavaThread "AWT-Shutdown" [_thread_blocked, id=35587, stack(0x00007000065ca000,0x00007000066ca000)]
  0x00007fb81a861000 JavaThread "Timer-0" daemon [_thread_blocked, id=55819, stack(0x0000700006c6e000,0x0000700006d6e000)]
  0x00007fb81a009000 JavaThread "AWT-EventQueue-0" [_thread_blocked, id=74499, stack(0x0000700006e74000,0x0000700006f74000)]
  0x00007fb8168b6000 JavaThread "Thread-4" [_thread_blocked, id=75015, stack(0x0000700006d71000,0x0000700006e71000)]
  0x00007fb8168b9000 JavaThread "DestroyJavaVM" [_thread_blocked, id=10243, stack(0x0000700005597000,0x0000700005697000)]
  0x00007fb8168f4000 JavaThread "Java2D Queue Flusher" daemon [_thread_blocked, id=57607, stack(0x0000700006f77000,0x0000700007077000)]
  0x00007fb81515f800 JavaThread "Java2D Disposer" daemon [_thread_blocked, id=59403, stack(0x000070000707a000,0x000070000717a000)]
  0x00007fb818177800 JavaThread "Attach Listener" daemon [_thread_blocked, id=68875, stack(0x000070000717d000,0x000070000727d000)]
  0x00007fb81898b000 JavaThread "EDT" [_thread_blocked, id=128531, stack(0x0000700007c9e000,0x0000700007d9e000)]
  0x00007fb818c48000 JavaThread "Network Thread" [_thread_blocked, id=127771, stack(0x0000700007da1000,0x0000700007ea1000)]
  0x00007fb819c02800 JavaThread "Network Thread" [_thread_blocked, id=88835, stack(0x0000700007ea4000,0x0000700007fa4000)]
  0x00007fb81e800000 JavaThread "invokeAndBlock1" [_thread_blocked, id=126723, stack(0x00007000081ad000,0x00007000082ad000)]
  0x00007fb81e030000 JavaThread "QuantumRenderer-0" daemon [_thread_blocked, id=14103, stack(0x0000700007b9b000,0x0000700007c9b000)]
  0x00007fb81813a000 JavaThread "InvokeLaterDispatcher" daemon [_thread_blocked, id=91651, stack(0x00007000082b0000,0x00007000083b0000)]
  0x00007fb81e89f800 JavaThread "Thread-6" daemon [_thread_in_native, id=121859, stack(0x0000700006ae5000,0x0000700006b65000)]
  0x00007fb81e1ea000 JavaThread "Prism Font Disposer" daemon [_thread_blocked, id=121347, stack(0x0000700008436000,0x0000700008536000)]
  0x00007fb8189d5800 JavaThread "Disposer" daemon [_thread_blocked, id=120835, stack(0x0000700008539000,0x0000700008639000)]
  0x00007fb818a6f800 JavaThread "URL-Loader-1" daemon [_thread_blocked, id=95747, stack(0x000070000863c000,0x000070000873c000)]
  0x00007fb81d9c6800 JavaThread "URL-Loader-2" daemon [_thread_blocked, id=118023, stack(0x0000700008ad4000,0x0000700008bd4000)]
  0x00007fb818441000 JavaThread "URL-Loader-3" daemon [_thread_blocked, id=117507, stack(0x0000700008bd7000,0x0000700008cd7000)]
  0x00007fb818aca800 JavaThread "URL-Loader-4" daemon [_thread_blocked, id=97283, stack(0x0000700008cda000,0x0000700008dda000)]
  0x00007fb818ad7800 JavaThread "URL-Loader-5" daemon [_thread_blocked, id=98051, stack(0x0000700008ddd000,0x0000700008edd000)]
  0x00007fb81e1eb000 JavaThread "URL-Loader-6" daemon [_thread_blocked, id=116483, stack(0x0000700008ee0000,0x0000700008fe0000)]
  0x00007fb81e9af800 JavaThread "URL-Loader-7" daemon [_thread_blocked, id=115715, stack(0x0000700008fe3000,0x00007000090e3000)]
  0x00007fb81e9a1800 JavaThread "URL-Loader-8" daemon [_thread_blocked, id=114947, stack(0x00007000090e6000,0x00007000091e6000)]
  0x00007fb81d939800 JavaThread "URL-Loader-9" daemon [_thread_blocked, id=98563, stack(0x00007000091e9000,0x00007000092e9000)]
  0x00007fb81d9c9800 JavaThread "URL-Loader-10" daemon [_thread_blocked, id=113923, stack(0x00007000092ec000,0x00007000093ec000)]
  0x00007fb81850f000 JavaThread "URL-Loader-11" daemon [_thread_blocked, id=113411, stack(0x00007000093ef000,0x00007000094ef000)]
  0x00007fb815675800 JavaThread "URL-Loader-12" daemon [_thread_blocked, id=99331, stack(0x00007000094f2000,0x00007000095f2000)]
  0x00007fb815676800 JavaThread "URL-Loader-13" daemon [_thread_blocked, id=112387, stack(0x00007000095f5000,0x00007000096f5000)]
  0x00007fb81e1e5800 JavaThread "URL-Loader-14" daemon [_thread_blocked, id=99587, stack(0x00007000096f8000,0x00007000097f8000)]
  0x00007fb81841c800 JavaThread "URL-Loader-15" daemon [_thread_blocked, id=111363, stack(0x00007000097fb000,0x00007000098fb000)]
  0x00007fb81e239000 JavaThread "URL-Loader-16" daemon [_thread_blocked, id=110887, stack(0x00007000098fe000,0x00007000099fe000)]
  0x00007fb818077800 JavaThread "URL-Loader-17" daemon [_thread_blocked, id=110091, stack(0x0000700009a01000,0x0000700009b01000)]
  0x00007fb81806a800 JavaThread "URL-Loader-18" daemon [_thread_blocked, id=110623, stack(0x0000700009b04000,0x0000700009c04000)]
  0x00007fb81e23e000 JavaThread "URL-Loader-19" daemon [_thread_blocked, id=109571, stack(0x0000700009c07000,0x0000700009d07000)]
  0x00007fb815672800 JavaThread "URL-Loader-20" daemon [_thread_blocked, id=101639, stack(0x0000700009d0a000,0x0000700009e0a000)]
  0x00007fb81e9c0800 JavaThread "Keep-Alive-Timer" daemon [_thread_blocked, id=102167, stack(0x0000700009e0d000,0x0000700009f0d000)]
=>0x00007fb818c51000 JavaThread "Thread-8" daemon [_thread_in_vm, id=103463, stack(0x000070000a11c000,0x000070000a19c000)]

Other Threads:
  0x00007fb815005000 VMThread "VM Thread" [stack: 0x00007000059a3000,0x0000700005aa3000] [id=20739]
  0x00007fb818022000 WatcherThread [stack: 0x00007000064c7000,0x00007000065c7000] [id=42243]
  0x00007fb81680f000 GCTaskThread "GC Thread#0" [stack: 0x000070000569a000,0x000070000579a000] [id=11523]
  0x00007fb81a9f5000 GCTaskThread "GC Thread#1" [stack: 0x0000700007280000,0x0000700007380000] [id=68623]
  0x00007fb818318800 GCTaskThread "GC Thread#2" [stack: 0x0000700007383000,0x0000700007483000] [id=64003]
  0x00007fb818315800 GCTaskThread "GC Thread#3" [stack: 0x0000700007486000,0x0000700007586000] [id=64259]
  0x00007fb819cb3000 GCTaskThread "GC Thread#4" [stack: 0x0000700007589000,0x0000700007689000] [id=67587]
  0x00007fb819c83800 GCTaskThread "GC Thread#5" [stack: 0x000070000768c000,0x000070000778c000] [id=64515]
  0x00007fb8182e9000 GCTaskThread "GC Thread#6" [stack: 0x000070000778f000,0x000070000788f000] [id=67075]
  0x00007fb8182e9800 GCTaskThread "GC Thread#7" [stack: 0x0000700007892000,0x0000700007992000] [id=66819]
  0x00007fb818c50000 GCTaskThread "GC Thread#8" [stack: 0x0000700007fa7000,0x00007000080a7000] [id=127511]
  0x00007fb81861d800 GCTaskThread "GC Thread#9" [stack: 0x00007000080aa000,0x00007000081aa000] [id=127235]
  0x00007fb816810000 ConcurrentGCThread "CMS Main Thread" [stack: 0x00007000058a0000,0x00007000059a0000] [id=20995]
  0x00007fb81500a000 GCTaskThread "CMS Thread#0" [stack: 0x000070000579d000,0x000070000589d000] [id=11779]
  0x00007fb815178000 GCTaskThread "CMS Thread#1" [stack: 0x0000700007995000,0x0000700007a95000] [id=66563]
  0x00007fb81a86b000 GCTaskThread "CMS Thread#2" [stack: 0x0000700007a98000,0x0000700007b98000] [id=65795]

Threads with active compile tasks:
C2 CompilerThread0  14700 5106 %     4       com.sun.javafx.font.CharToGlyphMapper::charsToGlyphs @ 3 (133 bytes)

VM state:not at safepoint (normal execution)

VM Mutex/Monitor currently owned by a thread: None

Heap address: 0x0000000780000000, size: 2048 MB, Compressed Oops mode: Zero based, Oop shift amount: 3
Narrow klass base: 0x0000000800000000, Narrow klass shift: 0
Compressed class space size: 1073741824 Address: 0x0000000800000000

Heap:
 par new generation   total 39296K, used 28493K [0x0000000780000000, 0x0000000782aa0000, 0x00000007aaaa0000)
  eden space 34944K,  69% used [0x0000000780000000, 0x0000000781793520, 0x0000000782220000)
  from space 4352K, 100% used [0x0000000782220000, 0x0000000782660000, 0x0000000782660000)
  to   space 4352K,   0% used [0x0000000782660000, 0x0000000782660000, 0x0000000782aa0000)
 concurrent mark-sweep generation total 126008K, used 85296K [0x00000007aaaa0000, 0x00000007b25ae000, 0x0000000800000000)
 Metaspace       used 44302K, capacity 45592K, committed 45684K, reserved 1089536K
  class space    used 5263K, capacity 5801K, committed 5804K, reserved 1048576K

Card table byte_map: [0x0000000102a3b000,0x0000000102e3c000] _byte_map_base: 0x00000000fee3b000

Marking Bits: (CMSBitMap*) 0x00007fb815009930
 Bits: [0x0000000103b29000, 0x000000010507e800)

Mod Union Table: (CMSBitMap*) 0x00007fb8150099d0
 Bits: [0x000000010507f000, 0x00000001050d4560)

Polling page: 0x000000010024d000

Metaspace:

Usage:
  Non-class:     38.86 MB capacity,    38.12 MB ( 98%) used,   607.54 KB (  2%) free+waste,   144.31 KB ( <1%) overhead. 
      Class:      5.67 MB capacity,     5.14 MB ( 91%) used,   465.38 KB (  8%) free+waste,    72.06 KB (  1%) overhead. 
       Both:     44.52 MB capacity,    43.26 MB ( 97%) used,     1.05 MB (  2%) free+waste,   216.38 KB ( <1%) overhead. 

Virtual space:
  Non-class space:       40.00 MB reserved,      38.95 MB ( 97%) committed 
      Class space:        1.00 GB reserved,       5.67 MB ( <1%) committed 
             Both:        1.04 GB reserved,      44.61 MB (  4%) committed 

Chunk freelists:
   Non-Class:  25.00 KB
       Class:  0 bytes
        Both:  25.00 KB

MaxMetaspaceSize: unlimited
CompressedClassSpaceSize: 1.00 GB

CodeHeap 'non-profiled nmethods': size=120036Kb used=1759Kb max_used=1856Kb free=118276Kb
 bounds [0x000000011643f000, 0x00000001166af000, 0x000000011d978000]
CodeHeap 'profiled nmethods': size=120032Kb used=8746Kb max_used=8746Kb free=111285Kb
 bounds [0x000000010ef07000, 0x000000010f7b7000, 0x000000011643f000]
CodeHeap 'non-nmethods': size=5692Kb used=1532Kb max_used=1564Kb free=4159Kb
 bounds [0x000000010e978000, 0x000000010ebe8000, 0x000000010ef07000]
 total_blobs=7443 nmethods=4476 adapters=983
 compilation: enabled
              stopped_count=0, restarted_count=0
 full_count=0

Compilation events (20 events):
Event: 14.567 Thread 0x00007fb81503a800 5139   !   2       java.util.concurrent.LinkedBlockingDeque::offerLast (53 bytes)
Event: 14.567 Thread 0x00007fb81503a800 nmethod 5139 0x000000010f64b810 code [0x000000010f64ba40, 0x000000010f64beb8]
Event: 14.567 Thread 0x00007fb81503a800 5140       2       java.util.concurrent.LinkedBlockingDeque$Node::<init> (10 bytes)
Event: 14.567 Thread 0x00007fb81503a800 nmethod 5140 0x000000010f208810 code [0x000000010f2089c0, 0x000000010f208b30]
Event: 14.567 Thread 0x00007fb81503a800 5141       2       java.util.concurrent.LinkedBlockingDeque::linkLast (69 bytes)
Event: 14.568 Thread 0x00007fb81503a800 nmethod 5141 0x000000010f64b110 code [0x000000010f64b300, 0x000000010f64b688]
Event: 14.568 Thread 0x00007fb81503a800 5143       2       sun.nio.fs.UnixPath::<init> (15 bytes)
Event: 14.568 Thread 0x00007fb81503a800 nmethod 5143 0x000000010f64ad10 code [0x000000010f64aec0, 0x000000010f64b050]
Event: 14.593 Thread 0x00007fb81503a800 5145       1       com.sun.webkit.graphics.WCRectangle::getWidth (5 bytes)
Event: 14.594 Thread 0x00007fb81503a800 nmethod 5145 0x00000001164e4490 code [0x00000001164e4640, 0x00000001164e4750]
Event: 14.594 Thread 0x00007fb81503a800 5146       1       com.sun.webkit.graphics.WCRectangle::getHeight (5 bytes)
Event: 14.594 Thread 0x00007fb81503a800 nmethod 5146 0x00000001164e4110 code [0x00000001164e42c0, 0x00000001164e43d0]
Event: 14.617 Thread 0x00007fb81503a800 5147       2       javafx.scene.Scene::getRoot (22 bytes)
Event: 14.617 Thread 0x00007fb81503a800 nmethod 5147 0x000000010f64a890 code [0x000000010f64aa60, 0x000000010f64ac48]
Event: 14.652 Thread 0x00007fb81a80f000 nmethod 5064 0x000000011660f190 code [0x000000011660f600, 0x00000001166146d8]
Event: 14.652 Thread 0x00007fb81a80f000 5106 %     4       com.sun.javafx.font.CharToGlyphMapper::charsToGlyphs @ 3 (133 bytes)
Event: 14.680 Thread 0x00007fb81503a800 5148       2       java.util.ArrayList::<init> (67 bytes)
Event: 14.680 Thread 0x00007fb81503a800 nmethod 5148 0x000000010f64a310 code [0x000000010f64a4e0, 0x000000010f64a758]
Event: 14.680 Thread 0x00007fb81503a800 5149       2       sun.security.ssl.Record::getInt8 (14 bytes)
Event: 14.681 Thread 0x00007fb81503a800 nmethod 5149 0x000000010f649e10 code [0x000000010f649fe0, 0x000000010f64a218]

GC Heap History (20 events):
Event: 2.131 GC heap before
{Heap before GC invocations=2 (full 0):
 par new generation   total 39296K, used 37746K [0x0000000780000000, 0x0000000782aa0000, 0x00000007aaaa0000)
  eden space 34944K, 100% used [0x0000000780000000, 0x0000000782220000, 0x0000000782220000)
  from space 4352K,  64% used [0x0000000782220000, 0x00000007824dc880, 0x0000000782660000)
  to   space 4352K,   0% used [0x0000000782660000, 0x0000000782660000, 0x0000000782aa0000)
 concurrent mark-sweep generation total 87424K, used 27490K [0x00000007aaaa0000, 0x00000007b0000000, 0x0000000800000000)
 Metaspace       used 17947K, capacity 18471K, committed 18816K, reserved 1067008K
  class space    used 1932K, capacity 2094K, committed 2176K, reserved 1048576K
}
Event: 2.139 GC heap after
{Heap after GC invocations=3 (full 0):
 par new generation   total 39296K, used 706K [0x0000000780000000, 0x0000000782aa0000, 0x00000007aaaa0000)
  eden space 34944K,   0% used [0x0000000780000000, 0x0000000780000000, 0x0000000782220000)
  from space 4352K,  16% used [0x0000000782660000, 0x0000000782710b80, 0x0000000782aa0000)
  to   space 4352K,   0% used [0x0000000782220000, 0x0000000782220000, 0x0000000782660000)
 concurrent mark-sweep generation total 87424K, used 49915K [0x00000007aaaa0000, 0x00000007b0000000, 0x0000000800000000)
 Metaspace       used 17947K, capacity 18471K, committed 18816K, reserved 1067008K
  class space    used 1932K, capacity 2094K, committed 2176K, reserved 1048576K
}
Event: 2.630 GC heap before
{Heap before GC invocations=3 (full 1):
 par new generation   total 39296K, used 24621K [0x0000000780000000, 0x0000000782aa0000, 0x00000007aaaa0000)
  eden space 34944K,  68% used [0x0000000780000000, 0x000000078175aa08, 0x0000000782220000)
  from space 4352K,  16% used [0x0000000782660000, 0x0000000782710b80, 0x0000000782aa0000)
  to   space 4352K,   0% used [0x0000000782220000, 0x0000000782220000, 0x0000000782660000)
 concurrent mark-sweep generation total 87424K, used 49882K [0x00000007aaaa0000, 0x00000007b0000000, 0x0000000800000000)
 Metaspace       used 17957K, capacity 18471K, committed 18816K, reserved 1067008K
  class space    used 1932K, capacity 2094K, committed 2176K, reserved 1048576K
}
Event: 2.631 GC heap after
{Heap after GC invocations=4 (full 1):
 par new generation   total 39296K, used 725K [0x0000000780000000, 0x0000000782aa0000, 0x00000007aaaa0000)
  eden space 34944K,   0% used [0x0000000780000000, 0x0000000780000000, 0x0000000782220000)
  from space 4352K,  16% used [0x0000000782220000, 0x00000007822d5610, 0x0000000782660000)
  to   space 4352K,   0% used [0x0000000782660000, 0x0000000782660000, 0x0000000782aa0000)
 concurrent mark-sweep generation total 87424K, used 49882K [0x00000007aaaa0000, 0x00000007b0000000, 0x0000000800000000)
 Metaspace       used 17957K, capacity 18471K, committed 18816K, reserved 1067008K
  class space    used 1932K, capacity 2094K, committed 2176K, reserved 1048576K
}
Event: 3.138 GC heap before
{Heap before GC invocations=4 (full 1):
 par new generation   total 39296K, used 26462K [0x0000000780000000, 0x0000000782aa0000, 0x00000007aaaa0000)
  eden space 34944K,  73% used [0x0000000780000000, 0x0000000781922310, 0x0000000782220000)
  from space 4352K,  16% used [0x0000000782220000, 0x00000007822d5610, 0x0000000782660000)
  to   space 4352K,   0% used [0x0000000782660000, 0x0000000782660000, 0x0000000782aa0000)
 concurrent mark-sweep generation total 87424K, used 49882K [0x00000007aaaa0000, 0x00000007b0000000, 0x0000000800000000)
 Metaspace       used 22079K, capacity 22666K, committed 22912K, reserved 1069056K
  class space    used 2422K, capacity 2628K, committed 2688K, reserved 1048576K
}
Event: 3.141 GC heap after
{Heap after GC invocations=5 (full 1):
 par new generation   total 39296K, used 4352K [0x0000000780000000, 0x0000000782aa0000, 0x00000007aaaa0000)
  eden space 34944K,   0% used [0x0000000780000000, 0x0000000780000000, 0x0000000782220000)
  from space 4352K, 100% used [0x0000000782660000, 0x0000000782aa0000, 0x0000000782aa0000)
  to   space 4352K,   0% used [0x0000000782220000, 0x0000000782220000, 0x0000000782660000)
 concurrent mark-sweep generation total 87424K, used 54668K [0x00000007aaaa0000, 0x00000007b0000000, 0x0000000800000000)
 Metaspace       used 22079K, capacity 22666K, committed 22912K, reserved 1069056K
  class space    used 2422K, capacity 2628K, committed 2688K, reserved 1048576K
}
Event: 6.059 GC heap before
{Heap before GC invocations=5 (full 1):
 par new generation   total 39296K, used 39192K [0x0000000780000000, 0x0000000782aa0000, 0x00000007aaaa0000)
  eden space 34944K,  99% used [0x0000000780000000, 0x0000000782206388, 0x0000000782220000)
  from space 4352K, 100% used [0x0000000782660000, 0x0000000782aa0000, 0x0000000782aa0000)
  to   space 4352K,   0% used [0x0000000782220000, 0x0000000782220000, 0x0000000782660000)
 concurrent mark-sweep generation total 87424K, used 54668K [0x00000007aaaa0000, 0x00000007b0000000, 0x0000000800000000)
 Metaspace       used 23426K, capacity 24017K, committed 24320K, reserved 1071104K
  class space    used 2498K, capacity 2694K, committed 2816K, reserved 1048576K
}
Event: 6.062 GC heap after
{Heap after GC invocations=6 (full 1):
 par new generation   total 39296K, used 4337K [0x0000000780000000, 0x0000000782aa0000, 0x00000007aaaa0000)
  eden space 34944K,   0% used [0x0000000780000000, 0x0000000780000000, 0x0000000782220000)
  from space 4352K,  99% used [0x0000000782220000, 0x000000078265c6b8, 0x0000000782660000)
  to   space 4352K,   0% used [0x0000000782660000, 0x0000000782660000, 0x0000000782aa0000)
 concurrent mark-sweep generation total 87424K, used 58351K [0x00000007aaaa0000, 0x00000007b0000000, 0x0000000800000000)
 Metaspace       used 23426K, capacity 24017K, committed 24320K, reserved 1071104K
  class space    used 2498K, capacity 2694K, committed 2816K, reserved 1048576K
}
Event: 6.241 GC heap before
{Heap before GC invocations=6 (full 1):
 par new generation   total 39296K, used 39281K [0x0000000780000000, 0x0000000782aa0000, 0x00000007aaaa0000)
  eden space 34944K, 100% used [0x0000000780000000, 0x0000000782220000, 0x0000000782220000)
  from space 4352K,  99% used [0x0000000782220000, 0x000000078265c6b8, 0x0000000782660000)
  to   space 4352K,   0% used [0x0000000782660000, 0x0000000782660000, 0x0000000782aa0000)
 concurrent mark-sweep generation total 87424K, used 58351K [0x00000007aaaa0000, 0x00000007b0000000, 0x0000000800000000)
 Metaspace       used 24690K, capacity 25302K, committed 25600K, reserved 1071104K
  class space    used 2734K, capacity 2952K, committed 3072K, reserved 1048576K
}
Event: 6.243 GC heap after
{Heap after GC invocations=7 (full 1):
 par new generation   total 39296K, used 4338K [0x0000000780000000, 0x0000000782aa0000, 0x00000007aaaa0000)
  eden space 34944K,   0% used [0x0000000780000000, 0x0000000780000000, 0x0000000782220000)
  from space 4352K,  99% used [0x0000000782660000, 0x0000000782a9ca30, 0x0000000782aa0000)
  to   space 4352K,   0% used [0x0000000782220000, 0x0000000782220000, 0x0000000782660000)
 concurrent mark-sweep generation total 87424K, used 65972K [0x00000007aaaa0000, 0x00000007b0000000, 0x0000000800000000)
 Metaspace       used 24690K, capacity 25302K, committed 25600K, reserved 1071104K
  class space    used 2734K, capacity 2952K, committed 3072K, reserved 1048576K
}
Event: 12.451 GC heap before
{Heap before GC invocations=7 (full 2):
 par new generation   total 39296K, used 39282K [0x0000000780000000, 0x0000000782aa0000, 0x00000007aaaa0000)
  eden space 34944K, 100% used [0x0000000780000000, 0x0000000782220000, 0x0000000782220000)
  from space 4352K,  99% used [0x0000000782660000, 0x0000000782a9ca30, 0x0000000782aa0000)
  to   space 4352K,   0% used [0x0000000782220000, 0x0000000782220000, 0x0000000782660000)
 concurrent mark-sweep generation total 87424K, used 65972K [0x00000007aaaa0000, 0x00000007b0000000, 0x0000000800000000)
 Metaspace       used 31565K, capacity 32353K, committed 32612K, reserved 1077248K
  class space    used 3587K, capacity 3881K, committed 3940K, reserved 1048576K
}
Event: 12.453 GC heap after
{Heap after GC invocations=8 (full 2):
 par new generation   total 39296K, used 4029K [0x0000000780000000, 0x0000000782aa0000, 0x00000007aaaa0000)
  eden space 34944K,   0% used [0x0000000780000000, 0x0000000780000000, 0x0000000782220000)
  from space 4352K,  92% used [0x0000000782220000, 0x000000078260f588, 0x0000000782660000)
  to   space 4352K,   0% used [0x0000000782660000, 0x0000000782660000, 0x0000000782aa0000)
 concurrent mark-sweep generation total 87424K, used 68607K [0x00000007aaaa0000, 0x00000007b0000000, 0x0000000800000000)
 Metaspace       used 31565K, capacity 32353K, committed 32612K, reserved 1077248K
  class space    used 3587K, capacity 3881K, committed 3940K, reserved 1048576K
}
Event: 12.670 GC heap before
{Heap before GC invocations=8 (full 2):
 par new generation   total 39296K, used 38249K [0x0000000780000000, 0x0000000782aa0000, 0x00000007aaaa0000)
  eden space 34944K,  97% used [0x0000000780000000, 0x000000078216ae88, 0x0000000782220000)
  from space 4352K,  92% used [0x0000000782220000, 0x000000078260f588, 0x0000000782660000)
  to   space 4352K,   0% used [0x0000000782660000, 0x0000000782660000, 0x0000000782aa0000)
 concurrent mark-sweep generation total 87424K, used 42053K [0x00000007aaaa0000, 0x00000007b0000000, 0x0000000800000000)
 Metaspace       used 35640K, capacity 36518K, committed 36724K, reserved 1081344K
  class space    used 4291K, capacity 4662K, committed 4780K, reserved 1048576K
}
Event: 12.678 GC heap after
{Heap after GC invocations=9 (full 2):
 par new generation   total 39296K, used 2796K [0x0000000780000000, 0x0000000782aa0000, 0x00000007aaaa0000)
  eden space 34944K,   0% used [0x0000000780000000, 0x0000000780000000, 0x0000000782220000)
  from space 4352K,  64% used [0x0000000782660000, 0x000000078291b300, 0x0000000782aa0000)
  to   space 4352K,   0% used [0x0000000782220000, 0x0000000782220000, 0x0000000782660000)
 concurrent mark-sweep generation total 87424K, used 60587K [0x00000007aaaa0000, 0x00000007b0000000, 0x0000000800000000)
 Metaspace       used 35640K, capacity 36518K, committed 36724K, reserved 1081344K
  class space    used 4291K, capacity 4662K, committed 4780K, reserved 1048576K
}
Event: 12.982 GC heap before
{Heap before GC invocations=9 (full 3):
 par new generation   total 39296K, used 37740K [0x0000000780000000, 0x0000000782aa0000, 0x00000007aaaa0000)
  eden space 34944K, 100% used [0x0000000780000000, 0x0000000782220000, 0x0000000782220000)
  from space 4352K,  64% used [0x0000000782660000, 0x000000078291b300, 0x0000000782aa0000)
  to   space 4352K,   0% used [0x0000000782220000, 0x0000000782220000, 0x0000000782660000)
 concurrent mark-sweep generation total 87424K, used 60587K [0x00000007aaaa0000, 0x00000007b0000000, 0x0000000800000000)
 Metaspace       used 42023K, capacity 43118K, committed 43508K, reserved 1087488K
  class space    used 5043K, capacity 5538K, committed 5676K, reserved 1048576K
}
Event: 12.986 GC heap after
{Heap after GC invocations=10 (full 3):
 par new generation   total 39296K, used 4352K [0x0000000780000000, 0x0000000782aa0000, 0x00000007aaaa0000)
  eden space 34944K,   0% used [0x0000000780000000, 0x0000000780000000, 0x0000000782220000)
  from space 4352K, 100% used [0x0000000782220000, 0x0000000782660000, 0x0000000782660000)
  to   space 4352K,   0% used [0x0000000782660000, 0x0000000782660000, 0x0000000782aa0000)
 concurrent mark-sweep generation total 87424K, used 75629K [0x00000007aaaa0000, 0x00000007b0000000, 0x0000000800000000)
 Metaspace       used 42023K, capacity 43118K, committed 43508K, reserved 1087488K
  class space    used 5043K, capacity 5538K, committed 5676K, reserved 1048576K
}
Event: 13.294 GC heap before
{Heap before GC invocations=10 (full 3):
 par new generation   total 39296K, used 39296K [0x0000000780000000, 0x0000000782aa0000, 0x00000007aaaa0000)
  eden space 34944K, 100% used [0x0000000780000000, 0x0000000782220000, 0x0000000782220000)
  from space 4352K, 100% used [0x0000000782220000, 0x0000000782660000, 0x0000000782660000)
  to   space 4352K,   0% used [0x0000000782660000, 0x0000000782660000, 0x0000000782aa0000)
 concurrent mark-sweep generation total 126008K, used 75604K [0x00000007aaaa0000, 0x00000007b25ae000, 0x0000000800000000)
 Metaspace       used 42965K, capacity 44173K, committed 44276K, reserved 1087488K
  class space    used 5139K, capacity 5656K, committed 5676K, reserved 1048576K
}
Event: 13.304 GC heap after
{Heap after GC invocations=11 (full 3):
 par new generation   total 39296K, used 4352K [0x0000000780000000, 0x0000000782aa0000, 0x00000007aaaa0000)
  eden space 34944K,   0% used [0x0000000780000000, 0x0000000780000000, 0x0000000782220000)
  from space 4352K, 100% used [0x0000000782660000, 0x0000000782aa0000, 0x0000000782aa0000)
  to   space 4352K,   0% used [0x0000000782220000, 0x0000000782220000, 0x0000000782660000)
 concurrent mark-sweep generation total 126008K, used 80273K [0x00000007aaaa0000, 0x00000007b25ae000, 0x0000000800000000)
 Metaspace       used 42965K, capacity 44173K, committed 44276K, reserved 1087488K
  class space    used 5139K, capacity 5656K, committed 5676K, reserved 1048576K
}
Event: 14.118 GC heap before
{Heap before GC invocations=11 (full 3):
 par new generation   total 39296K, used 38758K [0x0000000780000000, 0x0000000782aa0000, 0x00000007aaaa0000)
  eden space 34944K,  98% used [0x0000000780000000, 0x0000000782199ab0, 0x0000000782220000)
  from space 4352K, 100% used [0x0000000782660000, 0x0000000782aa0000, 0x0000000782aa0000)
  to   space 4352K,   0% used [0x0000000782220000, 0x0000000782220000, 0x0000000782660000)
 concurrent mark-sweep generation total 126008K, used 80273K [0x00000007aaaa0000, 0x00000007b25ae000, 0x0000000800000000)
 Metaspace       used 43920K, capacity 45154K, committed 45428K, reserved 1089536K
  class space    used 5223K, capacity 5766K, committed 5804K, reserved 1048576K
}
Event: 14.120 GC heap after
{Heap after GC invocations=12 (full 3):
 par new generation   total 39296K, used 4352K [0x0000000780000000, 0x0000000782aa0000, 0x00000007aaaa0000)
  eden space 34944K,   0% used [0x0000000780000000, 0x0000000780000000, 0x0000000782220000)
  from space 4352K, 100% used [0x0000000782220000, 0x0000000782660000, 0x0000000782660000)
  to   space 4352K,   0% used [0x0000000782660000, 0x0000000782660000, 0x0000000782aa0000)
 concurrent mark-sweep generation total 126008K, used 85296K [0x00000007aaaa0000, 0x00000007b25ae000, 0x0000000800000000)
 Metaspace       used 43920K, capacity 45154K, committed 45428K, reserved 1089536K
  class space    used 5223K, capacity 5766K, committed 5804K, reserved 1048576K
}

Deoptimization events (20 events):
Event: 14.402 Thread 0x00007fb81980a000 DEOPT PACKING pc=0x0000000116498c48 sp=0x00007ffeefa26440
Event: 14.402 Thread 0x00007fb81980a000 DEOPT UNPACKING pc=0x000000010e9a0325 sp=0x00007ffeefa26408 mode 2
Event: 14.407 Thread 0x00007fb81980a000 Uncommon trap: trap_request=0xffffffde fr.pc=0x0000000116498c48 relative=0x0000000000000188
Event: 14.407 Thread 0x00007fb81980a000 Uncommon trap: reason=class_check action=maybe_recompile pc=0x0000000116498c48 method=java.io.InputStream.read([B)I @ 5 c2
Event: 14.407 Thread 0x00007fb81980a000 DEOPT PACKING pc=0x0000000116498c48 sp=0x00007ffeefa26440
Event: 14.407 Thread 0x00007fb81980a000 DEOPT UNPACKING pc=0x000000010e9a0325 sp=0x00007ffeefa26408 mode 2
Event: 14.407 Thread 0x00007fb81980a000 Uncommon trap: trap_request=0xffffffde fr.pc=0x0000000116498c48 relative=0x0000000000000188
Event: 14.407 Thread 0x00007fb81980a000 Uncommon trap: reason=class_check action=maybe_recompile pc=0x0000000116498c48 method=java.io.InputStream.read([B)I @ 5 c2
Event: 14.407 Thread 0x00007fb81980a000 DEOPT PACKING pc=0x0000000116498c48 sp=0x00007ffeefa26440
Event: 14.407 Thread 0x00007fb81980a000 DEOPT UNPACKING pc=0x000000010e9a0325 sp=0x00007ffeefa26408 mode 2
Event: 14.407 Thread 0x00007fb81980a000 Uncommon trap: trap_request=0xffffffde fr.pc=0x0000000116498c48 relative=0x0000000000000188
Event: 14.407 Thread 0x00007fb81980a000 Uncommon trap: reason=class_check action=maybe_recompile pc=0x0000000116498c48 method=java.io.InputStream.read([B)I @ 5 c2
Event: 14.407 Thread 0x00007fb81980a000 DEOPT PACKING pc=0x0000000116498c48 sp=0x00007ffeefa26440
Event: 14.407 Thread 0x00007fb81980a000 DEOPT UNPACKING pc=0x000000010e9a0325 sp=0x00007ffeefa26408 mode 2
Event: 14.441 Thread 0x00007fb81980a000 Uncommon trap: trap_request=0xffffff7e fr.pc=0x00000001164ab570 relative=0x0000000000001510
Event: 14.441 Thread 0x00007fb81980a000 Uncommon trap: reason=predicate action=maybe_recompile pc=0x00000001164ab570 method=com.sun.javafx.font.CharToGlyphMapper.charsToGlyphs(II[C[II)V @ 6 c2
Event: 14.441 Thread 0x00007fb81980a000 DEOPT PACKING pc=0x00000001164ab570 sp=0x00007ffeefa22a90
Event: 14.441 Thread 0x00007fb81980a000 DEOPT UNPACKING pc=0x000000010e9a0325 sp=0x00007ffeefa22aa0 mode 2
Event: 14.493 Thread 0x00007fb81d9c9800 DEOPT PACKING pc=0x000000010f6a7359 sp=0x00007000093e9050
Event: 14.493 Thread 0x00007fb81d9c9800 DEOPT UNPACKING pc=0x000000010e9a013a sp=0x00007000093e84f8 mode 0

Classes redefined (0 events):
No events

Internal exceptions (20 events):
Event: 12.696 Thread 0x00007fb81980a000 Exception <a 'java/lang/NoSuchMethodError'{0x0000000780fd82a0}: 'java.lang.Object java.lang.invoke.DirectMethodHandle$Holder.invokeStatic(java.lang.Object, java.lang.Object, java.lang.Object, java.lang.Object, java.lang.Object, java.lang.Object, java.lang
Event: 12.696 Thread 0x00007fb81980a000 Exception <a 'java/lang/NoSuchMethodError'{0x0000000780ffc6e0}: 'java.lang.Object java.lang.invoke.DelegatingMethodHandle$Holder.reinvoke_L(java.lang.Object, long, java.lang.Object)'> (0x0000000780ffc6e0) thrown at [/corretto/workspace/corretto11-repo/ins
Event: 12.702 Thread 0x00007fb81980a000 Exception <a 'java/lang/NoSuchMethodError'{0x00000007810a58e8}: 'java.lang.Object java.lang.invoke.DelegatingMethodHandle$Holder.reinvoke_L(java.lang.Object, java.lang.Object, int, int, long, int, java.lang.Object, java.lang.Object, java.lang.Object, int)
Event: 12.705 Thread 0x00007fb81980a000 Exception <a 'java/lang/NoSuchMethodError'{0x000000078111f530}: 'java.lang.Object java.lang.invoke.DirectMethodHandle$Holder.invokeSpecial(java.lang.Object, java.lang.Object, int, int, int, long, int, java.lang.Object, java.lang.Object, java.lang.Object, 
Event: 12.705 Thread 0x00007fb81980a000 Exception <a 'java/lang/NoSuchMethodError'{0x0000000781122dd8}: 'java.lang.Object java.lang.invoke.DelegatingMethodHandle$Holder.reinvoke_L(java.lang.Object, int, int, int, long, int, java.lang.Object, java.lang.Object, java.lang.Object, int)'> (0x0000000
Event: 12.705 Thread 0x00007fb81980a000 Exception <a 'java/lang/NoSuchMethodError'{0x000000078112a9d8}: 'java.lang.Object java.lang.invoke.DirectMethodHandle$Holder.invokeStatic(java.lang.Object, java.lang.Object, java.lang.Object, java.lang.Object, java.lang.Object, int)'> (0x000000078112a9d8)
Event: 12.714 Thread 0x00007fb81980a000 Exception <a 'java/lang/NoSuchMethodError'{0x0000000781209190}: 'java.lang.Object java.lang.invoke.DelegatingMethodHandle$Holder.reinvoke_L(java.lang.Object, java.lang.Object, long)'> (0x0000000781209190) thrown at [/corretto/workspace/corretto11-repo/ins
Event: 12.757 Thread 0x00007fb818a6f800 Exception <a 'java/lang/NoSuchMethodError'{0x00000007813b8c98}: 'int java.lang.invoke.DirectMethodHandle$Holder.invokeSpecialIFC(java.lang.Object, java.lang.Object, int)'> (0x00000007813b8c98) thrown at [/corretto/workspace/corretto11-repo/installers/mac/
Event: 12.765 Thread 0x00007fb818a6f800 Exception <a 'java/lang/NoSuchMethodError'{0x0000000781406198}: 'int java.lang.invoke.DirectMethodHandle$Holder.invokeStaticInit(java.lang.Object, java.lang.Object, java.lang.Object, java.lang.Object)'> (0x0000000781406198) thrown at [/corretto/workspace/
Event: 12.765 Thread 0x00007fb818a6f800 Exception <a 'java/lang/IncompatibleClassChangeError'{0x000000078140f010}: Found class java.lang.Object, but interface was expected> (0x000000078140f010) thrown at [/corretto/workspace/corretto11-repo/installers/mac/tar/corretto-build/buildRoot/src/src/ho
Event: 13.088 Thread 0x00007fb81980a000 Exception <a 'java/lang/NoSuchMethodError'{0x0000000780c72218}: 'java.lang.Object java.lang.invoke.DelegatingMethodHandle$Holder.reinvoke_L(java.lang.Object, java.lang.Object, int, int, long, int, int, java.lang.Object, java.lang.Object, int)'> (0x0000000
Event: 13.091 Thread 0x00007fb81980a000 Exception <a 'java/lang/NoSuchMethodError'{0x0000000780cd0220}: 'java.lang.Object java.lang.invoke.DirectMethodHandle$Holder.invokeSpecial(java.lang.Object, java.lang.Object, int, int, int, long, int, int, java.lang.Object, java.lang.Object, int)'> (0x000
Event: 13.091 Thread 0x00007fb81980a000 Exception <a 'java/lang/NoSuchMethodError'{0x0000000780cd39c0}: 'java.lang.Object java.lang.invoke.DelegatingMethodHandle$Holder.reinvoke_L(java.lang.Object, int, int, int, long, int, int, java.lang.Object, java.lang.Object, int)'> (0x0000000780cd39c0) th
Event: 13.969 Thread 0x00007fb81980a000 Exception <a 'java/io/FileNotFoundException'{0x00000007813568a0}> (0x00000007813568a0) thrown at [/corretto/workspace/corretto11-repo/installers/mac/tar/corretto-build/buildRoot/src/src/hotspot/share/prims/jni.cpp, line 615]
Event: 13.970 Thread 0x00007fb81980a000 Exception <a 'java/io/FileNotFoundException'{0x0000000781359da0}> (0x0000000781359da0) thrown at [/corretto/workspace/corretto11-repo/installers/mac/tar/corretto-build/buildRoot/src/src/hotspot/share/prims/jni.cpp, line 615]
Event: 13.970 Thread 0x00007fb81980a000 Exception <a 'java/io/FileNotFoundException'{0x000000078135ad10}> (0x000000078135ad10) thrown at [/corretto/workspace/corretto11-repo/installers/mac/tar/corretto-build/buildRoot/src/src/hotspot/share/prims/jni.cpp, line 615]
Event: 13.972 Thread 0x00007fb81980a000 Exception <a 'java/io/FileNotFoundException'{0x000000078138f888}> (0x000000078138f888) thrown at [/corretto/workspace/corretto11-repo/installers/mac/tar/corretto-build/buildRoot/src/src/hotspot/share/prims/jni.cpp, line 615]
Event: 14.364 Thread 0x00007fb81980a000 Exception <a 'java/lang/NoSuchMethodError'{0x000000078123b5a8}: 'java.lang.Object java.lang.invoke.DirectMethodHandle$Holder.invokeStatic(java.lang.Object, java.lang.Object, java.lang.Object, java.lang.Object, java.lang.Object, java.lang.Object, java.lang
Event: 14.686 Thread 0x00007fb818c51000 Exception <a 'java/lang/NoClassDefFoundError'{0x000000078178b880}: com/sun/webkit/FileSystem> (0x000000078178b880) thrown at [/corretto/workspace/corretto11-repo/installers/mac/tar/corretto-build/buildRoot/src/src/hotspot/share/classfile/systemDictionary.
Event: 14.686 Thread 0x00007fb818c51000 Exception <a 'java/lang/NoSuchMethodError'{0x000000078178bb90}: fwkMakeAllDirectories> (0x000000078178bb90) thrown at [/corretto/workspace/corretto11-repo/installers/mac/tar/corretto-build/buildRoot/src/src/hotspot/share/prims/jni.cpp, line 1331]

Events (20 events):
Event: 14.431 Executing VM operation: RevokeBias done
Event: 14.431 Executing VM operation: RevokeBias
Event: 14.432 Executing VM operation: RevokeBias done
Event: 14.438 Thread 0x00007fb81503b800 flushing nmethod 0x00000001164e3610
Event: 14.438 Thread 0x00007fb81503b800 flushing nmethod 0x00000001165ca090
Event: 14.438 Thread 0x00007fb81503b800 flushing nmethod 0x00000001165d2790
Event: 14.438 Thread 0x00007fb81503b800 flushing nmethod 0x000000010ef45910
Event: 14.439 Thread 0x00007fb81503b800 flushing nmethod 0x000000010f014790
Event: 14.439 Thread 0x00007fb81503b800 flushing nmethod 0x000000010f0b7090
Event: 14.439 Thread 0x00007fb81503b800 flushing nmethod 0x000000010f118790
Event: 14.494 Thread 0x00007fb81e80a800 Thread added: 0x00007fb81e80a800
Event: 14.494 Protecting memory [0x000070000a11c000,0x000070000a120000] with protection modes 0
Event: 14.494 Executing VM operation: RevokeBias
Event: 14.494 Executing VM operation: RevokeBias done
Event: 14.494 Protecting memory [0x000070000a11c000,0x000070000a120000] with protection modes 3
Event: 14.494 Thread 0x00007fb81e80a800 Thread exited: 0x00007fb81e80a800
Event: 14.686 Protecting memory [0x000070000a11c000,0x000070000a120000] with protection modes 0
Event: 14.686 Thread 0x00007fb818c51000 Thread added: 0x00007fb818c51000
Event: 14.686 loading class com/sun/webkit/FileSystem
Event: 14.686 loading class com/sun/webkit/FileSystem done


Dynamic libraries:
0x00007fff36b65000 	/System/Library/Frameworks/Cocoa.framework/Versions/A/Cocoa
0x00007fff44131000 	/System/Library/Frameworks/Security.framework/Versions/A/Security
0x00007fff35af0000 	/System/Library/Frameworks/ApplicationServices.framework/Versions/A/ApplicationServices
0x00007fff6e516000 	/usr/lib/libz.1.dylib
0x00000001001dd000 	/Library/Java/JavaVirtualMachines/amazon-corretto-11.jdk/Contents/Home/lib/jli/libjli.dylib
0x00007fff6bfe9000 	/usr/lib/libSystem.B.dylib
0x00007fff34ce5000 	/System/Library/Frameworks/AppKit.framework/Versions/C/AppKit
0x00007fff375e8000 	/System/Library/Frameworks/CoreData.framework/Versions/A/CoreData
0x00007fff3a1a0000 	/System/Library/Frameworks/Foundation.framework/Versions/C/Foundation
0x00007fff68894000 	/System/Library/PrivateFrameworks/UIFoundation.framework/Versions/A/UIFoundation
0x00007fff6307f000 	/System/Library/PrivateFrameworks/RemoteViewServices.framework/Versions/A/RemoteViewServices
0x00007fff6b324000 	/System/Library/PrivateFrameworks/XCTTargetBootstrap.framework/Versions/A/XCTTargetBootstrap
0x00007fff379cb000 	/System/Library/Frameworks/CoreDisplay.framework/Versions/A/CoreDisplay
0x00007fff3cf18000 	/System/Library/Frameworks/Metal.framework/Versions/A/Metal
0x00007fff514a0000 	/System/Library/PrivateFrameworks/DesktopServicesPriv.framework/Versions/A/DesktopServicesPriv
0x00007fff6d11f000 	/usr/lib/liblangid.dylib
0x00007fff505f7000 	/System/Library/PrivateFrameworks/CoreSVG.framework/Versions/A/CoreSVG
0x00007fff65e41000 	/System/Library/PrivateFrameworks/SkyLight.framework/Versions/A/SkyLight
0x00007fff37f5d000 	/System/Library/Frameworks/CoreGraphics.framework/Versions/A/CoreGraphics
0x00007fff33884000 	/System/Library/Frameworks/Accelerate.framework/Versions/A/Accelerate
0x00007fff6e407000 	/usr/lib/libxml2.2.dylib
0x00007fff5c1be000 	/System/Library/PrivateFrameworks/IconServices.framework/Versions/A/IconServices
0x00007fff3a984000 	/System/Library/Frameworks/IOSurface.framework/Versions/A/IOSurface
0x00007fff6bb21000 	/usr/lib/libDiagnosticMessagesClient.dylib
0x00007fff51319000 	/System/Library/PrivateFrameworks/DFRFoundation.framework/Versions/A/DFRFoundation
0x00007fff6cead000 	/usr/lib/libicucore.A.dylib
0x00007fff35e22000 	/System/Library/Frameworks/AudioToolbox.framework/Versions/A/AudioToolbox
0x00007fff35f04000 	/System/Library/Frameworks/AudioUnit.framework/Versions/A/AudioUnit
0x00007fff6c1ea000 	/usr/lib/libauto.dylib
0x00007fff5139a000 	/System/Library/PrivateFrameworks/DataDetectorsCore.framework/Versions/A/DataDetectorsCore
0x00007fff36685000 	/System/Library/Frameworks/Carbon.framework/Versions/A/Frameworks/HIToolbox.framework/Versions/A/HIToolbox
0x00007fff43363000 	/System/Library/Frameworks/QuartzCore.framework/Versions/A/QuartzCore
0x00007fff369c4000 	/System/Library/Frameworks/Carbon.framework/Versions/A/Frameworks/SpeechRecognition.framework/Versions/A/SpeechRecognition
0x00007fff50c9f000 	/System/Library/PrivateFrameworks/CoreUI.framework/Versions/A/CoreUI
0x00007fff3704e000 	/System/Library/Frameworks/CoreAudio.framework/Versions/A/CoreAudio
0x00007fff39e68000 	/System/Library/Frameworks/DiskArbitration.framework/Versions/A/DiskArbitration
0x00007fff5e1d2000 	/System/Library/PrivateFrameworks/MultitouchSupport.framework/Versions/A/MultitouchSupport
0x00007fff6cd73000 	/usr/lib/libenergytrace.dylib
0x00007fff3a8df000 	/System/Library/Frameworks/IOKit.framework/Versions/A/IOKit
0x00007fff38ecb000 	/System/Library/Frameworks/CoreServices.framework/Versions/A/CoreServices
0x00007fff602dc000 	/System/Library/PrivateFrameworks/PerformanceAnalysis.framework/Versions/A/PerformanceAnalysis
0x00007fff42399000 	/System/Library/Frameworks/OpenGL.framework/Versions/A/OpenGL
0x00007fff6de3a000 	/usr/lib/libobjc.A.dylib
0x00007fff36b73000 	/System/Library/Frameworks/ColorSync.framework/Versions/A/ColorSync
0x00007fff37adb000 	/System/Library/Frameworks/CoreFoundation.framework/Versions/A/CoreFoundation
0x00007fff385e4000 	/System/Library/Frameworks/CoreImage.framework/Versions/A/CoreImage
0x00007fff39941000 	/System/Library/Frameworks/CoreText.framework/Versions/A/CoreText
0x00007fff3aa0a000 	/System/Library/Frameworks/ImageIO.framework/Versions/A/ImageIO
0x00007fff6c2cf000 	/usr/lib/libc++.1.dylib
0x00007fff6c34b000 	/usr/lib/libcompression.dylib
0x00007fff6be63000 	/usr/lib/libMobileGestalt.dylib
0x00007fff67976000 	/System/Library/PrivateFrameworks/TextureIO.framework/Versions/A/TextureIO
0x00007fff6c150000 	/usr/lib/libate.dylib
0x00007fff5c3c7000 	/System/Library/PrivateFrameworks/InternationalSupport.framework/Versions/A/InternationalSupport
0x00007fff6ef8c000 	/usr/lib/system/libcache.dylib
0x00007fff6ef92000 	/usr/lib/system/libcommonCrypto.dylib
0x00007fff6ef9e000 	/usr/lib/system/libcompiler_rt.dylib
0x00007fff6efa6000 	/usr/lib/system/libcopyfile.dylib
0x00007fff6efb0000 	/usr/lib/system/libcorecrypto.dylib
0x00007fff6f15e000 	/usr/lib/system/libdispatch.dylib
0x00007fff6f1a0000 	/usr/lib/system/libdyld.dylib
0x00007fff6f1d6000 	/usr/lib/system/libkeymgr.dylib
0x00007fff6f1e4000 	/usr/lib/system/liblaunch.dylib
0x00007fff6f1e5000 	/usr/lib/system/libmacho.dylib
0x00007fff6f1eb000 	/usr/lib/system/libquarantine.dylib
0x00007fff6f1ee000 	/usr/lib/system/libremovefile.dylib
0x00007fff6f1f0000 	/usr/lib/system/libsystem_asl.dylib
0x00007fff6f208000 	/usr/lib/system/libsystem_blocks.dylib
0x00007fff6f209000 	/usr/lib/system/libsystem_c.dylib
0x00007fff6f291000 	/usr/lib/system/libsystem_configuration.dylib
0x00007fff6f295000 	/usr/lib/system/libsystem_coreservices.dylib
0x00007fff6f299000 	/usr/lib/system/libsystem_darwin.dylib
0x00007fff6f2a2000 	/usr/lib/system/libsystem_dnssd.dylib
0x00007fff6f2aa000 	/usr/lib/system/libsystem_featureflags.dylib
0x00007fff6f2ac000 	/usr/lib/system/libsystem_info.dylib
0x00007fff6f327000 	/usr/lib/system/libsystem_m.dylib
0x00007fff6f36f000 	/usr/lib/system/libsystem_malloc.dylib
0x00007fff6f397000 	/usr/lib/system/libsystem_networkextension.dylib
0x00007fff6f3a5000 	/usr/lib/system/libsystem_notify.dylib
0x00007fff6f3c4000 	/usr/lib/system/libsystem_sandbox.dylib
0x00007fff6f3c9000 	/usr/lib/system/libsystem_secinit.dylib
0x00007fff6f2fa000 	/usr/lib/system/libsystem_kernel.dylib
0x00007fff6f3af000 	/usr/lib/system/libsystem_platform.dylib
0x00007fff6f3b9000 	/usr/lib/system/libsystem_pthread.dylib
0x00007fff6f3cc000 	/usr/lib/system/libsystem_symptoms.dylib
0x00007fff6f3d4000 	/usr/lib/system/libsystem_trace.dylib
0x00007fff6f3ec000 	/usr/lib/system/libunwind.dylib
0x00007fff6f3f2000 	/usr/lib/system/libxpc.dylib
0x00007fff6c323000 	/usr/lib/libc++abi.dylib
0x00007fff6d121000 	/usr/lib/liblzma.5.dylib
0x00007fff6cd9b000 	/usr/lib/libfakelink.dylib
0x00007fff6c0dd000 	/usr/lib/libarchive.2.dylib
0x00007fff452d1000 	/System/Library/Frameworks/SystemConfiguration.framework/Versions/A/SystemConfiguration
0x00007fff6ba52000 	/usr/lib/libCRFSuite.dylib
0x00007fff3627a000 	/System/Library/Frameworks/CFNetwork.framework/Versions/A/CFNetwork
0x00007fff6c2b1000 	/usr/lib/libbsm.0.dylib
0x00007fff6f1d7000 	/usr/lib/system/libkxld.dylib
0x00007fff4addb000 	/System/Library/PrivateFrameworks/AppleFSCompression.framework/Versions/A/AppleFSCompression
0x00007fff6c632000 	/usr/lib/libcoretls.dylib
0x00007fff6c649000 	/usr/lib/libcoretls_cfhelpers.dylib
0x00007fff6de7e000 	/usr/lib/libpam.2.dylib
0x00007fff6dfb1000 	/usr/lib/libsqlite3.dylib
0x00007fff6e3f4000 	/usr/lib/libxar.1.dylib
0x00007fff6c2c2000 	/usr/lib/libbz2.1.0.dylib
0x00007fff6cdbc000 	/usr/lib/libiconv.2.dylib
0x00007fff6c338000 	/usr/lib/libcharset.1.dylib
0x00007fff6d925000 	/usr/lib/libnetwork.dylib
0x00007fff6de85000 	/usr/lib/libpcap.A.dylib
0x00007fff6c092000 	/usr/lib/libapple_nghttp2.dylib
0x00007fff39282000 	/System/Library/Frameworks/CoreServices.framework/Versions/A/Frameworks/FSEvents.framework/Versions/A/FSEvents
0x00007fff38f52000 	/System/Library/Frameworks/CoreServices.framework/Versions/A/Frameworks/CarbonCore.framework/Versions/A/CarbonCore
0x00007fff394c5000 	/System/Library/Frameworks/CoreServices.framework/Versions/A/Frameworks/Metadata.framework/Versions/A/Metadata
0x00007fff3955e000 	/System/Library/Frameworks/CoreServices.framework/Versions/A/Frameworks/OSServices.framework/Versions/A/OSServices
0x00007fff3958c000 	/System/Library/Frameworks/CoreServices.framework/Versions/A/Frameworks/SearchKit.framework/Versions/A/SearchKit
0x00007fff38ecc000 	/System/Library/Frameworks/CoreServices.framework/Versions/A/Frameworks/AE.framework/Versions/A/AE
0x00007fff3928b000 	/System/Library/Frameworks/CoreServices.framework/Versions/A/Frameworks/LaunchServices.framework/Versions/A/LaunchServices
0x00007fff39234000 	/System/Library/Frameworks/CoreServices.framework/Versions/A/Frameworks/DictionaryServices.framework/Versions/A/DictionaryServices
0x00007fff395f4000 	/System/Library/Frameworks/CoreServices.framework/Versions/A/Frameworks/SharedFileList.framework/Versions/A/SharedFileList
0x00007fff3e1ed000 	/System/Library/Frameworks/NetFS.framework/Versions/A/NetFS
0x00007fff5e6ff000 	/System/Library/PrivateFrameworks/NetAuth.framework/Versions/A/NetAuth
0x00007fff6b6ef000 	/System/Library/PrivateFrameworks/login.framework/Versions/A/Frameworks/loginsupport.framework/Versions/A/loginsupport
0x00007fff67471000 	/System/Library/PrivateFrameworks/TCC.framework/Versions/A/TCC
0x00007fff4f9c6000 	/System/Library/PrivateFrameworks/CoreNLP.framework/Versions/A/CoreNLP
0x00007fff5dc02000 	/System/Library/PrivateFrameworks/MetadataUtilities.framework/Versions/A/MetadataUtilities
0x00007fff6d1f9000 	/usr/lib/libmecabra.dylib
0x00007fff6d151000 	/usr/lib/libmecab.dylib
0x00007fff6cdac000 	/usr/lib/libgermantok.dylib
0x00007fff6c079000 	/usr/lib/libThaiTokenizer.dylib
0x00007fff6ba8a000 	/usr/lib/libChineseTokenizer.dylib
0x00007fff3389c000 	/System/Library/Frameworks/Accelerate.framework/Versions/A/Frameworks/vImage.framework/Versions/A/vImage
0x00007fff34b3f000 	/System/Library/Frameworks/Accelerate.framework/Versions/A/Frameworks/vecLib.framework/Versions/A/vecLib
0x00007fff34a83000 	/System/Library/Frameworks/Accelerate.framework/Versions/A/Frameworks/vecLib.framework/Versions/A/libvMisc.dylib
0x00007fff348a9000 	/System/Library/Frameworks/Accelerate.framework/Versions/A/Frameworks/vecLib.framework/Versions/A/libvDSP.dylib
0x00007fff33f08000 	/System/Library/Frameworks/Accelerate.framework/Versions/A/Frameworks/vecLib.framework/Versions/A/libBLAS.dylib
0x00007fff34463000 	/System/Library/Frameworks/Accelerate.framework/Versions/A/Frameworks/vecLib.framework/Versions/A/libLAPACK.dylib
0x00007fff34809000 	/System/Library/Frameworks/Accelerate.framework/Versions/A/Frameworks/vecLib.framework/Versions/A/libLinearAlgebra.dylib
0x00007fff34896000 	/System/Library/Frameworks/Accelerate.framework/Versions/A/Frameworks/vecLib.framework/Versions/A/libSparseBLAS.dylib
0x00007fff3481f000 	/System/Library/Frameworks/Accelerate.framework/Versions/A/Frameworks/vecLib.framework/Versions/A/libQuadrature.dylib
0x00007fff34172000 	/System/Library/Frameworks/Accelerate.framework/Versions/A/Frameworks/vecLib.framework/Versions/A/libBNNS.dylib
0x00007fff34825000 	/System/Library/Frameworks/Accelerate.framework/Versions/A/Frameworks/vecLib.framework/Versions/A/libSparse.dylib
0x00007fff5c786000 	/System/Library/PrivateFrameworks/LanguageModeling.framework/Versions/A/LanguageModeling
0x00007fff4f362000 	/System/Library/PrivateFrameworks/CoreEmoji.framework/Versions/A/CoreEmoji
0x00007fff5c8a4000 	/System/Library/PrivateFrameworks/LinguisticData.framework/Versions/A/LinguisticData
0x00007fff5c855000 	/System/Library/PrivateFrameworks/Lexicon.framework/Versions/A/Lexicon
0x00007fff6c339000 	/usr/lib/libcmph.dylib
0x00007fff40dbf000 	/System/Library/Frameworks/OpenDirectory.framework/Versions/A/Frameworks/CFOpenDirectory.framework/Versions/A/CFOpenDirectory
0x00007fff40ddc000 	/System/Library/Frameworks/OpenDirectory.framework/Versions/A/OpenDirectory
0x00007fff490aa000 	/System/Library/PrivateFrameworks/APFS.framework/Versions/A/APFS
0x00007fff44484000 	/System/Library/Frameworks/SecurityFoundation.framework/Versions/A/SecurityFoundation
0x00007fff6e3f0000 	/usr/lib/libutil.dylib
0x00007fff5064f000 	/System/Library/PrivateFrameworks/CoreServicesStore.framework/Versions/A/CoreServicesStore
0x00007fff4453c000 	/System/Library/Frameworks/ServiceManagement.framework/Versions/A/ServiceManagement
0x00007fff4c592000 	/System/Library/PrivateFrameworks/BackgroundTaskManagement.framework/Versions/A/BackgroundTaskManagement
0x00007fff6e4ed000 	/usr/lib/libxslt.1.dylib
0x00007fff4b440000 	/System/Library/PrivateFrameworks/AppleSystemInfo.framework/Versions/A/AppleSystemInfo
0x00007fff3ac27000 	/System/Library/Frameworks/ImageIO.framework/Versions/A/Resources/libJPEG.dylib
0x00007fff3aee6000 	/System/Library/Frameworks/ImageIO.framework/Versions/A/Resources/libTIFF.dylib
0x00007fff3aec9000 	/System/Library/Frameworks/ImageIO.framework/Versions/A/Resources/libPng.dylib
0x00007fff3ab68000 	/System/Library/Frameworks/ImageIO.framework/Versions/A/Resources/libGIF.dylib
0x00007fff3ab6c000 	/System/Library/Frameworks/ImageIO.framework/Versions/A/Resources/libJP2.dylib
0x00007fff3aee4000 	/System/Library/Frameworks/ImageIO.framework/Versions/A/Resources/libRadiance.dylib
0x00007fff6cd74000 	/usr/lib/libexpat.1.dylib
0x00007fff4af36000 	/System/Library/PrivateFrameworks/AppleJPEG.framework/Versions/A/AppleJPEG
0x00007fff538bc000 	/System/Library/PrivateFrameworks/FontServices.framework/libFontParser.dylib
0x00007fff6a746000 	/System/Library/PrivateFrameworks/WatchdogClient.framework/Versions/A/WatchdogClient
0x00007fff5be13000 	/System/Library/PrivateFrameworks/IOAccelerator.framework/Versions/A/IOAccelerator
0x00007fff3d2a6000 	/System/Library/Frameworks/MetalPerformanceShaders.framework/Versions/A/MetalPerformanceShaders
0x00007fff5860a000 	/System/Library/PrivateFrameworks/GPUWrangler.framework/Versions/A/GPUWrangler
0x00007fff5be1e000 	/System/Library/PrivateFrameworks/IOPresentment.framework/Versions/A/IOPresentment
0x00007fff5132c000 	/System/Library/PrivateFrameworks/DSExternalDisplay.framework/Versions/A/DSExternalDisplay
0x00007fff41745000 	/System/Library/Frameworks/OpenGL.framework/Versions/A/Libraries/libCoreFSCache.dylib
0x00007fff3cff8000 	/System/Library/Frameworks/MetalPerformanceShaders.framework/Frameworks/MPSCore.framework/Versions/A/MPSCore
0x00007fff3d035000 	/System/Library/Frameworks/MetalPerformanceShaders.framework/Frameworks/MPSImage.framework/Versions/A/MPSImage
0x00007fff3d0f7000 	/System/Library/Frameworks/MetalPerformanceShaders.framework/Frameworks/MPSNeuralNetwork.framework/Versions/A/MPSNeuralNetwork
0x00007fff3d0bc000 	/System/Library/Frameworks/MetalPerformanceShaders.framework/Frameworks/MPSMatrix.framework/Versions/A/MPSMatrix
0x00007fff3d257000 	/System/Library/Frameworks/MetalPerformanceShaders.framework/Frameworks/MPSRayIntersector.framework/Versions/A/MPSRayIntersector
0x00007fff3d0e1000 	/System/Library/Frameworks/MetalPerformanceShaders.framework/Frameworks/MPSNDArray.framework/Versions/A/MPSNDArray
0x00007fff5dc4f000 	/System/Library/PrivateFrameworks/MetalTools.framework/Versions/A/MetalTools
0x00007fff4a261000 	/System/Library/PrivateFrameworks/AggregateDictionary.framework/Versions/A/AggregateDictionary
0x00007fff4edec000 	/System/Library/PrivateFrameworks/CoreAnalytics.framework/Versions/A/CoreAnalytics
0x00007fff4b35e000 	/System/Library/PrivateFrameworks/AppleSauce.framework/Versions/A/AppleSauce
0x00007fff6bd46000 	/usr/lib/libIOReport.dylib
0x00007fff39af6000 	/System/Library/Frameworks/CoreVideo.framework/Versions/A/CoreVideo
0x00007fff59a76000 	/System/Library/PrivateFrameworks/GraphVisualizer.framework/Versions/A/GraphVisualizer
0x00007fff52e3d000 	/System/Library/PrivateFrameworks/FaceCore.framework/Versions/A/FaceCore
0x00007fff40d66000 	/System/Library/Frameworks/OpenCL.framework/Versions/A/OpenCL
0x00007fff6bb68000 	/usr/lib/libFosl_dynamic.dylib
0x00007fff5f0fa000 	/System/Library/PrivateFrameworks/OTSVG.framework/Versions/A/OTSVG
0x00007fff35bf5000 	/System/Library/Frameworks/ApplicationServices.framework/Versions/A/Frameworks/ATS.framework/Versions/A/Resources/libFontRegistry.dylib
0x00007fff53a8d000 	/System/Library/PrivateFrameworks/FontServices.framework/libhvf.dylib
0x00007fff41750000 	/System/Library/Frameworks/OpenGL.framework/Versions/A/Libraries/libGFXShared.dylib
0x00007fff4192d000 	/System/Library/Frameworks/OpenGL.framework/Versions/A/Libraries/libGLU.dylib
0x00007fff41759000 	/System/Library/Frameworks/OpenGL.framework/Versions/A/Libraries/libGL.dylib
0x00007fff41764000 	/System/Library/Frameworks/OpenGL.framework/Versions/A/Libraries/libGLImage.dylib
0x00007fff41742000 	/System/Library/Frameworks/OpenGL.framework/Versions/A/Libraries/libCVMSPluginSupport.dylib
0x00007fff4174b000 	/System/Library/Frameworks/OpenGL.framework/Versions/A/Libraries/libCoreVMClient.dylib
0x00007fff6d7c7000 	/usr/lib/libncurses.5.4.dylib
0x00007fff35af1000 	/System/Library/Frameworks/ApplicationServices.framework/Versions/A/Frameworks/ATS.framework/Versions/A/ATS
0x00007fff35cbe000 	/System/Library/Frameworks/ApplicationServices.framework/Versions/A/Frameworks/ColorSyncLegacy.framework/Versions/A/ColorSyncLegacy
0x00007fff35d5d000 	/System/Library/Frameworks/ApplicationServices.framework/Versions/A/Frameworks/HIServices.framework/Versions/A/HIServices
0x00007fff35db4000 	/System/Library/Frameworks/ApplicationServices.framework/Versions/A/Frameworks/LangAnalysis.framework/Versions/A/LangAnalysis
0x00007fff35dc3000 	/System/Library/Frameworks/ApplicationServices.framework/Versions/A/Frameworks/PrintCore.framework/Versions/A/PrintCore
0x00007fff35e09000 	/System/Library/Frameworks/ApplicationServices.framework/Versions/A/Frameworks/QD.framework/Versions/A/QD
0x00007fff35e14000 	/System/Library/Frameworks/ApplicationServices.framework/Versions/A/Frameworks/SpeechSynthesis.framework/Versions/A/SpeechSynthesis
0x00007fff35c8e000 	/System/Library/Frameworks/ApplicationServices.framework/Versions/A/Frameworks/ATSUI.framework/Versions/A/ATSUI
0x00007fff6cc08000 	/usr/lib/libcups.2.dylib
0x00007fff3c355000 	/System/Library/Frameworks/Kerberos.framework/Versions/A/Kerberos
0x00007fff3a5d5000 	/System/Library/Frameworks/GSS.framework/Versions/A/GSS
0x00007fff6df3d000 	/usr/lib/libresolv.9.dylib
0x00007fff59c17000 	/System/Library/PrivateFrameworks/Heimdal.framework/Versions/A/Heimdal
0x00007fff3c368000 	/System/Library/Frameworks/Kerberos.framework/Versions/A/Libraries/libHeimdalProxy.dylib
0x00007fff6cdb2000 	/usr/lib/libheimdal-asn1.dylib
0x00007fff4e292000 	/System/Library/PrivateFrameworks/CommonAuth.framework/Versions/A/CommonAuth
0x00007fff4b4dd000 	/System/Library/PrivateFrameworks/AssertionServices.framework/Versions/A/AssertionServices
0x00007fff4c080000 	/System/Library/PrivateFrameworks/AudioToolboxCore.framework/Versions/A/AudioToolboxCore
0x00007fff6b3a0000 	/System/Library/PrivateFrameworks/caulk.framework/Versions/A/caulk
0x00007fff4c63e000 	/System/Library/PrivateFrameworks/BaseBoard.framework/Versions/A/BaseBoard
0x00007fff6320e000 	/System/Library/PrivateFrameworks/RunningBoardServices.framework/Versions/A/RunningBoardServices
0x00007fff602e8000 	/System/Library/PrivateFrameworks/PersistentConnection.framework/Versions/A/PersistentConnection
0x00007fff62c5d000 	/System/Library/PrivateFrameworks/ProtocolBuffer.framework/Versions/A/ProtocolBuffer
0x00007fff4e2b7000 	/System/Library/PrivateFrameworks/CommonUtilities.framework/Versions/A/CommonUtilities
0x00007fff4c7c1000 	/System/Library/PrivateFrameworks/Bom.framework/Versions/A/Bom
0x00007fff6ba15000 	/usr/lib/libAudioToolboxUtility.dylib
0x00007fff4c59c000 	/System/Library/PrivateFrameworks/Backup.framework/Versions/A/Backup
0x00007fff5109c000 	/System/Library/PrivateFrameworks/CrashReporterSupport.framework/Versions/A/CrashReporterSupport
0x00007fff64d05000 	/System/Library/PrivateFrameworks/Sharing.framework/Versions/A/Sharing
0x00007fff4ac81000 	/System/Library/PrivateFrameworks/Apple80211.framework/Versions/A/Apple80211
0x00007fff4c2be000 	/System/Library/PrivateFrameworks/AuthKit.framework/Versions/A/AuthKit
0x00007fff50dcc000 	/System/Library/PrivateFrameworks/CoreUtils.framework/Versions/A/CoreUtils
0x00007fff39b3b000 	/System/Library/Frameworks/CoreWLAN.framework/Versions/A/CoreWLAN
0x00007fff3a760000 	/System/Library/Frameworks/IOBluetooth.framework/Versions/A/IOBluetooth
0x00007fff5df4d000 	/System/Library/PrivateFrameworks/MobileKeyBag.framework/Versions/A/MobileKeyBag
0x00007fff4fea2000 	/System/Library/PrivateFrameworks/CorePhoneNumbers.framework/Versions/A/CorePhoneNumbers
0x00007fff4aee9000 	/System/Library/PrivateFrameworks/AppleIDAuthSupport.framework/Versions/A/AppleIDAuthSupport
0x00007fff3e1fa000 	/System/Library/Frameworks/Network.framework/Versions/A/Network
0x00007fff5c60e000 	/System/Library/PrivateFrameworks/KeychainCircle.framework/Versions/A/KeychainCircle
0x00007fff375b0000 	/System/Library/Frameworks/CoreBluetooth.framework/Versions/A/CoreBluetooth
0x00007fff66981000 	/System/Library/PrivateFrameworks/SpeechRecognitionCore.framework/Versions/A/SpeechRecognitionCore
0x0000000101c00000 	/Library/Java/JavaVirtualMachines/amazon-corretto-11.jdk/Contents/Home/lib/server/libjvm.dylib
0x0000000100203000 	/Library/Java/JavaVirtualMachines/amazon-corretto-11.jdk/Contents/Home/lib/libverify.dylib
0x000000010020f000 	/Library/Java/JavaVirtualMachines/amazon-corretto-11.jdk/Contents/Home/lib/libjava.dylib
0x000000010024f000 	/Library/Java/JavaVirtualMachines/amazon-corretto-11.jdk/Contents/Home/lib/libinstrument.dylib
0x00000001002d3000 	/Library/Java/JavaVirtualMachines/amazon-corretto-11.jdk/Contents/Home/lib/libzip.dylib
0x00000001002db000 	/Library/Java/JavaVirtualMachines/amazon-corretto-11.jdk/Contents/Home/lib/libjimage.dylib
0x0000000105fa6000 	/Library/Java/JavaVirtualMachines/amazon-corretto-11.jdk/Contents/Home/lib/libnio.dylib
0x0000000105fb4000 	/Library/Java/JavaVirtualMachines/amazon-corretto-11.jdk/Contents/Home/lib/libnet.dylib
0x0000000106067000 	/Library/Java/JavaVirtualMachines/amazon-corretto-11.jdk/Contents/Home/lib/libextnet.dylib
0x00000001060ce000 	/Library/Java/JavaVirtualMachines/amazon-corretto-11.jdk/Contents/Home/lib/libawt.dylib
0x0000000106169000 	/Library/Java/JavaVirtualMachines/amazon-corretto-11.jdk/Contents/Home/lib/libmlib_image.dylib
0x00007fff3c33e000 	/System/Library/Frameworks/JavaVM.framework/Versions/A/Frameworks/JavaNativeFoundation.framework/Versions/A/JavaNativeFoundation
0x00007fff3c347000 	/System/Library/Frameworks/JavaVM.framework/Versions/A/Frameworks/JavaRuntimeSupport.framework/Versions/A/JavaRuntimeSupport
0x00007fff3c350000 	/System/Library/Frameworks/JavaVM.framework/Versions/A/JavaVM
0x00007fff5c471000 	/System/Library/PrivateFrameworks/JavaLaunching.framework/Versions/A/JavaLaunching
0x00007fff36680000 	/System/Library/Frameworks/Carbon.framework/Versions/A/Carbon
0x00007fff50b80000 	/System/Library/PrivateFrameworks/CoreSymbolication.framework/Versions/A/CoreSymbolication
0x00007fff36681000 	/System/Library/Frameworks/Carbon.framework/Versions/A/Frameworks/CommonPanels.framework/Versions/A/CommonPanels
0x00007fff3697a000 	/System/Library/Frameworks/Carbon.framework/Versions/A/Frameworks/Help.framework/Versions/A/Help
0x00007fff3697e000 	/System/Library/Frameworks/Carbon.framework/Versions/A/Frameworks/ImageCapture.framework/Versions/A/ImageCapture
0x00007fff36985000 	/System/Library/Frameworks/Carbon.framework/Versions/A/Frameworks/OpenScripting.framework/Versions/A/OpenScripting
0x00007fff36984000 	/System/Library/Frameworks/Carbon.framework/Versions/A/Frameworks/Ink.framework/Versions/A/Ink
0x00007fff369c0000 	/System/Library/Frameworks/Carbon.framework/Versions/A/Frameworks/Print.framework/Versions/A/Print
0x00007fff369c1000 	/System/Library/Frameworks/Carbon.framework/Versions/A/Frameworks/SecurityHI.framework/Versions/A/SecurityHI
0x00007fff51461000 	/System/Library/PrivateFrameworks/DebugSymbols.framework/Versions/A/DebugSymbols
0x0000000121d30000 	/Library/Java/JavaVirtualMachines/amazon-corretto-11.jdk/Contents/Home/lib/libawt_lwawt.dylib
0x00000001061d4000 	/Library/Java/JavaVirtualMachines/amazon-corretto-11.jdk/Contents/Home/lib/libosxapp.dylib
0x00007fff3a043000 	/System/Library/Frameworks/ExceptionHandling.framework/Versions/A/ExceptionHandling
0x0000000121eb6000 	/Library/Java/JavaVirtualMachines/amazon-corretto-11.jdk/Contents/Home/lib/libfontmanager.dylib
0x0000000121fb8000 	/Library/Java/JavaVirtualMachines/amazon-corretto-11.jdk/Contents/Home/lib/libfreetype.dylib
0x00007fff5061b000 	/System/Library/PrivateFrameworks/CoreServicesInternal.framework/Versions/A/CoreServicesInternal
0x00007fff3a062000 	/System/Library/Frameworks/FileProvider.framework/Versions/A/FileProvider
0x00007fff34b40000 	/System/Library/Frameworks/Accounts.framework/Versions/A/Accounts
0x00007fff5892c000 	/System/Library/PrivateFrameworks/GenerationalStorage.framework/Versions/A/GenerationalStorage
0x00007fff671b2000 	/System/Library/PrivateFrameworks/SymptomDiagnosticReporter.framework/Versions/A/SymptomDiagnosticReporter
0x00007fff4a772000 	/System/Library/PrivateFrameworks/AppContainer.framework/Versions/A/AppContainer
0x00007fff6df57000 	/usr/lib/libsandbox.1.dylib
0x00007fff696e2000 	/System/Library/PrivateFrameworks/UserManagement.framework/Versions/A/UserManagement
0x00007fff4d383000 	/System/Library/PrivateFrameworks/ChunkingLibrary.framework/Versions/A/ChunkingLibrary
0x00007fff4a7e4000 	/System/Library/PrivateFrameworks/AppSandbox.framework/Versions/A/AppSandbox
0x00007fff64b8f000 	/System/Library/PrivateFrameworks/SecCodeWrapper.framework/Versions/A/SecCodeWrapper
0x00007fff6be2c000 	/usr/lib/libMatch.1.dylib
0x00007fff2c160000 	/System/Library/CoreServices/RawCamera.bundle/Contents/MacOS/RawCamera
0x00007fff5dd77000 	/System/Library/PrivateFrameworks/MobileAsset.framework/Versions/A/MobileAsset
0x00007fff67060000 	/System/Library/PrivateFrameworks/StreamingZip.framework/Versions/A/StreamingZip
0x00007fff3c7d1000 	/System/Library/Frameworks/MediaToolbox.framework/Versions/A/MediaToolbox
0x00007fff4ed9b000 	/System/Library/PrivateFrameworks/CoreAVCHD.framework/Versions/A/CoreAVCHD
0x00007fff3c6fb000 	/System/Library/Frameworks/MediaAccessibility.framework/Versions/A/MediaAccessibility
0x00007fff5d142000 	/System/Library/PrivateFrameworks/Mangrove.framework/Versions/A/Mangrove
0x00007fff38d05000 	/System/Library/Frameworks/CoreMedia.framework/Versions/A/CoreMedia
0x00007fff5d3ae000 	/System/Library/PrivateFrameworks/MediaExperience.framework/Versions/A/MediaExperience
0x00007fff455b7000 	/System/Library/Frameworks/VideoToolbox.framework/Versions/A/VideoToolbox
0x00007fff4e9c5000 	/System/Library/PrivateFrameworks/CoreAUC.framework/Versions/A/CoreAUC
0x00007fff6dfaf000 	/usr/lib/libspindump.dylib
0x00007fff4ba2b000 	/System/Library/PrivateFrameworks/AudioResourceArbitration.framework/Versions/A/AudioResourceArbitration
0x00007fff4b444000 	/System/Library/PrivateFrameworks/AppleVA.framework/Versions/A/AppleVA
0x00007fff33885000 	/System/Library/Frameworks/Accelerate.framework/Versions/A/Frameworks/vImage.framework/Versions/A/Libraries/libCGInterfaces.dylib
0x00000001239be000 	/usr/lib/libobjc-trampolines.dylib
0x00007fff539f4000 	/System/Library/PrivateFrameworks/FontServices.framework/libTrueTypeScaler.dylib
0x00007fff2c36f000 	/System/Library/Extensions/AMDMTLBronzeDriver.bundle/Contents/MacOS/AMDMTLBronzeDriver
0x00007fff5be09000 	/System/Library/PrivateFrameworks/IOAccelMemoryInfo.framework/Versions/A/IOAccelMemoryInfo
0x00007fff307a9000 	/System/Library/Extensions/AppleIntelKBLGraphicsMTLDriver.bundle/Contents/MacOS/AppleIntelKBLGraphicsMTLDriver
0x00007fff56f62000 	/System/Library/PrivateFrameworks/GPUCompiler.framework/Versions/3902/Libraries/libmetal_timestamp.dylib
0x00007fff6a4b6000 	/System/Library/PrivateFrameworks/ViewBridge.framework/Versions/A/ViewBridge
0x00007fff6b6f2000 	/System/Library/PrivateFrameworks/login.framework/Versions/A/login
0x0000000123a51000 	/Library/Java/JavaVirtualMachines/amazon-corretto-11.jdk/Contents/Home/lib/libprefs.dylib
0x00007fff423a9000 	/System/Library/Frameworks/OpenGL.framework/Versions/A/Resources/GLEngine.bundle/GLEngine
0x00007fff4179a000 	/System/Library/Frameworks/OpenGL.framework/Versions/A/Libraries/libGLProgrammability.dylib
0x00007fff2f980000 	/System/Library/Extensions/AppleIntelKBLGraphicsGLDriver.bundle/Contents/MacOS/AppleIntelKBLGraphicsGLDriver
0x00007fff585fe000 	/System/Library/PrivateFrameworks/GPUSupport.framework/Versions/A/Libraries/libGPUSupportMercury.dylib
0x0000000124f00000 	/System/Library/Extensions/AMDRadeonX4000GLDriver.bundle/Contents/MacOS/AMDRadeonX4000GLDriver
0x00007fff2c490000 	/System/Library/Extensions/AMDRadeonX4000GLDriver.bundle/Contents/MacOS/ATIRadeonX4000SCLib.dylib
0x00007fff2dab5000 	/System/Library/Extensions/AMDShared.bundle/Contents/PlugIns/libSC.dylib
0x00007fff42523000 	/System/Library/Frameworks/OpenGL.framework/Versions/A/Resources/GLRendererFloat.bundle/GLRendererFloat
0x00007fff40d5d000 	/System/Library/Frameworks/OpenCL.framework/Versions/A/Libraries/libcldcpuengine.dylib
0x00007fff6c7ed000 	/usr/lib/libcrypto.35.dylib
0x00007fff67bba000 	/System/Library/PrivateFrameworks/TrustEvaluationAgent.framework/Versions/A/TrustEvaluationAgent
0x0000000121de8000 	/Library/Java/JavaVirtualMachines/amazon-corretto-11.jdk/Contents/Home/lib/libosxui.dylib
0x00000001572aa000 	/Library/Java/JavaVirtualMachines/amazon-corretto-11.jdk/Contents/Home/lib/libjavajpeg.dylib
0x00000001571be000 	/Users/adventure/.codenameone/javafx/lib/libprism_es2.dylib
0x0000000158387000 	/Users/adventure/.codenameone/javafx/lib/libglass.dylib
0x000000015c8d8000 	/Users/adventure/.codenameone/javafx/lib/libjfxwebkit.dylib
0x0000000144a5d000 	/Users/adventure/.codenameone/javafx/lib/libjavafx_font.dylib
0x0000000158d00000 	/Library/Java/JavaVirtualMachines/amazon-corretto-11.jdk/Contents/Home/lib/libsunec.dylib
0x000000015af4e000 	/Users/adventure/.codenameone/javafx/lib/libjavafx_iio.dylib
0x000000015bc00000 	/Users/adventure/.codenameone/javafx/lib/libglib-lite.dylib
0x00007fff6cd9e000 	/usr/lib/libffi.dylib
0x000000015c3e2000 	/Users/adventure/.codenameone/javafx/lib/libgstreamer-lite.dylib
0x000000015bf9f000 	/Users/adventure/.codenameone/javafx/lib/libjfxmedia.dylib
0x000000015afce000 	/Users/adventure/.codenameone/javafx/lib/libjfxmedia_avf.dylib
0x00007fff3349e000 	/System/Library/Frameworks/AVFoundation.framework/Versions/A/AVFoundation
0x00007fff33698000 	/System/Library/Frameworks/AVFoundation.framework/Versions/A/Frameworks/AVFAudio.framework/Versions/A/AVFAudio
0x00007fff38de0000 	/System/Library/Frameworks/CoreMediaIO.framework/Versions/A/CoreMediaIO
0x00007fff6ba08000 	/usr/lib/libAudioStatistics.dylib
0x00007fff6b737000 	/System/Library/PrivateFrameworks/perfdata.framework/Versions/A/perfdata
0x00007fff6def9000 	/usr/lib/libperfcheck.dylib
0x00007fff6bef7000 	/usr/lib/libSMC.dylib


VM Arguments:
jvm_args: -Xms128m -Xmx2048m -XX:ReservedCodeCacheSize=240m -XX:+UseConcMarkSweepGC -XX:SoftRefLRUPolicyMSPerMB=50 -ea -XX:CICompilerCount=2 -Dsun.io.useCanonPrefixCache=false -Djava.net.preferIPv4Stack=true -Djdk.http.auth.tunneling.disabledSchemes="" -XX:+HeapDumpOnOutOfMemoryError -XX:-OmitStackTraceInFastThrow -Djdk.attach.allowAttachSelf=true -Dkotlinx.coroutines.debug=off -Djdk.module.illegalAccess.silent=true -XX:+UseCompressedOops -Dfile.encoding=UTF-8 -XX:ErrorFile=$USER_HOME/java_error_in_idea_%p.log -XX:HeapDumpPath=$USER_HOME/java_error_in_idea.hprof -Dapple.laf.useScreenMenuBar=true -javaagent:/Applications/IntelliJ IDEA CE.app/Contents/lib/idea_rt.jar=50615:/Applications/IntelliJ IDEA CE.app/Contents/bin 
java_command: com.codename1.impl.javase.Simulator com.codename1.demos.kitchen.MyApplication
java_class_path (initial): /Users/adventure/Desktop/kitchesinkdemo/out/production/kitchesinkdemo:/Users/adventure/Desktop/kitchesinkdemo/src:/Users/adventure/Desktop/kitchesinkdemo/lib/CodenameOne.jar:/Users/adventure/Desktop/kitchesinkdemo/JavaSE.jar:native/internal_tmp:lib/impl/cls
Launcher Type: SUN_STANDARD

[Global flags]
     intx CICompilerCount                          = 2                                         {product} {command line}
    ccstr ErrorFile                                = $USER_HOME/java_error_in_idea_%p.log            {product} {command line}
     bool HeapDumpOnOutOfMemoryError               = true                                   {manageable} {command line}
    ccstr HeapDumpPath                             = $USER_HOME/java_error_in_idea.hprof         {manageable} {command line}
   size_t InitialHeapSize                          = 134217728                                 {product} {command line}
   size_t MaxHeapSize                              = 2147483648                                {product} {command line}
   size_t MaxNewSize                               = 715784192                                 {product} {ergonomic}
    uintx MaxTenuringThreshold                     = 6                                         {product} {ergonomic}
   size_t MinHeapDeltaBytes                        = 196608                                    {product} {ergonomic}
   size_t NewSize                                  = 44695552                                  {product} {ergonomic}
    uintx NonNMethodCodeHeapSize                   = 5825164                                {pd product} {ergonomic}
    uintx NonProfiledCodeHeapSize                  = 122916538                              {pd product} {ergonomic}
   size_t OldSize                                  = 89522176                                  {product} {ergonomic}
     bool OmitStackTraceInFastThrow                = false                                     {product} {command line}
    uintx ProfiledCodeHeapSize                     = 122916538                              {pd product} {ergonomic}
    uintx ReservedCodeCacheSize                    = 251658240                              {pd product} {command line}
     bool SegmentedCodeCache                       = true                                      {product} {ergonomic}
     intx SoftRefLRUPolicyMSPerMB                  = 50                                        {product} {command line}
     bool UseCompressedClassPointers               = true                                 {lp64_product} {ergonomic}
     bool UseCompressedOops                        = true                                 {lp64_product} {command line}
     bool UseConcMarkSweepGC                       = true                                      {product} {command line}

Logging:
Log output configuration:
 #0: stdout all=warning uptime,level,tags
 #1: stderr all=off uptime,level,tags

Environment Variables:
JAVA_HOME=/Library/Java/JavaVirtualMachines/amazon-corretto-11.jdk/Contents/Home
PATH=/usr/local/bin:/Library/Frameworks/Python.framework/Versions/3.7/bin:/usr/local/bin:/usr/bin:/bin:/usr/sbin:/sbin:/Users/adventure/dev/flutter/bin:/Users/adventure/Library/Android/sdk/tools:/Users/adventure/Library/Android/sdk/platform-tools
SHELL=/bin/zsh

Signal Handlers:
SIGSEGV: [libjvm.dylib+0x7577d8], sa_mask[0]=11111111011111110111111111111111, sa_flags=SA_ONSTACK|SA_RESTART|SA_SIGINFO
SIGBUS: [libjvm.dylib+0x7577d8], sa_mask[0]=11111111011111110111111111111111, sa_flags=SA_RESTART|SA_SIGINFO
SIGFPE: [libjvm.dylib+0x7577d8], sa_mask[0]=11111111011111110111111111111111, sa_flags=SA_RESTART|SA_SIGINFO
SIGPIPE: [libjvm.dylib+0x5fbe5c], sa_mask[0]=11111111011111110111111111111111, sa_flags=SA_RESTART|SA_SIGINFO
SIGXFSZ: [libjvm.dylib+0x5fbe5c], sa_mask[0]=11111111011111110111111111111111, sa_flags=SA_RESTART|SA_SIGINFO
SIGILL: [libjvm.dylib+0x7577d8], sa_mask[0]=11111111011111110111111111111111, sa_flags=SA_RESTART|SA_SIGINFO
SIGUSR2: [libjvm.dylib+0x5fc45a], sa_mask[0]=00100000000000000000000000000000, sa_flags=SA_RESTART|SA_SIGINFO
SIGHUP: [libjvm.dylib+0x5faf37], sa_mask[0]=11111111011111110111111111111111, sa_flags=SA_RESTART|SA_SIGINFO
SIGINT: [libjvm.dylib+0x5faf37], sa_mask[0]=11111111011111110111111111111111, sa_flags=SA_RESTART|SA_SIGINFO
SIGTERM: [libjvm.dylib+0x5faf37], sa_mask[0]=11111111011111110111111111111111, sa_flags=SA_RESTART|SA_SIGINFO
SIGQUIT: [libjvm.dylib+0x5faf37], sa_mask[0]=11111111011111110111111111111111, sa_flags=SA_RESTART|SA_SIGINFO


---------------  S Y S T E M  ---------------

OS:uname:Darwin 19.2.0 Darwin Kernel Version 19.2.0: Sat Nov  9 03:47:04 PST 2019; root:xnu-6153.61.1~20/RELEASE_X86_64 x86_64
rlimit: STACK 8192k, CORE 0k, NPROC 2784, NOFILE 10240, AS infinity, DATA infinity, FSIZE infinity
load average:2.74 3.02 2.78

CPU:total 12 (initial active 12) (6 cores per cpu, 2 threads per core) family 6 model 158 stepping 10, cmov, cx8, fxsr, mmx, sse, sse2, sse3, ssse3, sse4.1, sse4.2, popcnt, avx, avx2, aes, clmul, erms, 3dnowpref, lzcnt, ht, tsc, tscinvbit, bmi1, bmi2, adx, fma

Memory: 4k page, physical 16777216k(1141160k free), swap 0k(0k free)

vm_info: OpenJDK 64-Bit Server VM (11.0.5+10-LTS) for bsd-amd64 JRE (11.0.5+10-LTS), built on Nov 12 2019 17:01:34 by "root" with gcc 4.2.1 Compatible Apple LLVM 8.0.0 (clang-800.0.42.1)

END.
