#
# A fatal error has been detected by the Java Runtime Environment:
#
#  SIGSEGV (0xb) at pc=0x00000001065e96f6, pid=2436, tid=104051
#
# JRE version: OpenJDK Runtime Environment (11.0.5+10) (build 11.0.5+10-LTS)
# Java VM: OpenJDK 64-Bit Server VM (11.0.5+10-LTS, mixed mode, tiered, compressed oops, concurrent mark sweep gc, bsd-amd64)
# Problematic frame:
# V  [libjvm.dylib+0x3e96f6]  jni_CallStaticBooleanMethodV+0x7c
#
# No core dump will be written. Core dumps have been disabled. To enable core dumping, try "ulimit -c unlimited" before starting Java again
#
# If you would like to submit a bug report, please visit:
#   http://bugreport.java.com/bugreport/crash.jsp
#

---------------  S U M M A R Y ------------

Command Line: -Xms128m -Xmx2048m -XX:ReservedCodeCacheSize=240m -XX:+UseConcMarkSweepGC -XX:SoftRefLRUPolicyMSPerMB=50 -ea -XX:CICompilerCount=2 -Dsun.io.useCanonPrefixCache=false -Djava.net.preferIPv4Stack=true -Djdk.http.auth.tunneling.disabledSchemes="" -XX:+HeapDumpOnOutOfMemoryError -XX:-OmitStackTraceInFastThrow -Djdk.attach.allowAttachSelf=true -Dkotlinx.coroutines.debug=off -Djdk.module.illegalAccess.silent=true -XX:+UseCompressedOops -Dfile.encoding=UTF-8 -XX:ErrorFile=$USER_HOME/java_error_in_idea_%p.log -XX:HeapDumpPath=$USER_HOME/java_error_in_idea.hprof -Dapple.laf.useScreenMenuBar=true -javaagent:/Applications/IntelliJ IDEA CE.app/Contents/lib/idea_rt.jar=51116:/Applications/IntelliJ IDEA CE.app/Contents/bin com.codename1.impl.javase.Simulator com.codename1.demos.kitchen.MyApplication

Host: MacBookPro15,1 x86_64 2200 MHz, 12 cores, 16G, Darwin 19.2.0
Time: Sat Dec 28 10:27:57 2019 +0545 elapsed time: 38 seconds (0d 0h 0m 38s)

---------------  T H R E A D  ---------------

Current thread (0x00007f9dfe70b800):  JavaThread "Thread-8" daemon [_thread_in_vm, id=104051, stack(0x000070000d991000,0x000070000da11000)]

Stack: [0x000070000d991000,0x000070000da11000],  sp=0x000070000da10be0,  free space=510k
Native frames: (J=compiled Java code, A=aot compiled Java code, j=interpreted, Vv=VM code, C=native code)
V  [libjvm.dylib+0x3e96f6]  jni_CallStaticBooleanMethodV+0x7c
C  [libjfxwebkit.dylib+0x9746]  JNIEnv_::CallStaticBooleanMethod(_jclass*, _jmethodID*, ...)+0x86
C  [libjfxwebkit.dylib+0x15884e8]  WebCore::FileSystem::makeAllDirectories(WTF::String const&)+0x268
C  [libjfxwebkit.dylib+0x22d12]  WebCore::StorageSyncManager::fullDatabaseFilename(WTF::String const&)+0x22
C  [libjfxwebkit.dylib+0x1f0d6]  WebKit::StorageAreaSync::openDatabase(WebKit::StorageAreaSync::OpenDatabaseParamType)+0x36
C  [libjfxwebkit.dylib+0x1f6ee]  WebKit::StorageAreaSync::performImport()+0x1e
C  [libjfxwebkit.dylib+0x23619]  WebCore::StorageThread::threadEntryPoint()+0x89
C  [libjfxwebkit.dylib+0x1a802b4]  WTF::Thread::entryPoint(WTF::Thread::NewThreadContext*)+0xe4
C  [libjfxwebkit.dylib+0x1ab68d9]  WTF::wtfThreadEntryPoint(void*)+0x9
C  [libsystem_pthread.dylib+0x5e65]  _pthread_start+0x94
C  [libsystem_pthread.dylib+0x183b]  thread_start+0xf


siginfo: si_signo: 11 (SIGSEGV), si_code: 1 (SEGV_MAPERR), si_addr: 0x0000000000000000

Register to memory mapping:

RAX=0x0 is NULL
RBX=0x00007f9dfe70b800 is a thread
RCX=0x00007f9dfccbd9a8 points into unknown readable memory: 68 aa 15 81 07 00 00 00
RDX=0x0 is NULL
RSP=0x000070000da10be0 is pointing into the stack for thread: 0x00007f9dfe70b800
RBP=0x000070000da10c80 is pointing into the stack for thread: 0x00007f9dfe70b800
RSI=0x0 is NULL
RDI=0x00007f9dfe70bb40 points into unknown readable memory: 70 a7 b0 06 01 00 00 00
R8 =0x000000000000000a is an unknown value
R9 =0x00007f9dfe70b800 is a thread
R10=0x0000000106adc820: _ZTV7CMSHeap+0x10 in /Library/Java/JavaVirtualMachines/amazon-corretto-11.jdk/Contents/Home/lib/server/libjvm.dylib at 0x0000000106200000
R11=0x0 is NULL
R12=0x0 is NULL
R13=0x000070000da10d40 is pointing into the stack for thread: 0x00007f9dfe70b800
R14=0x0 is NULL
R15=0x00007f9dfe70bb40 points into unknown readable memory: 70 a7 b0 06 01 00 00 00


Registers:
RAX=0x0000000000000000, RBX=0x00007f9dfe70b800, RCX=0x00007f9dfccbd9a8, RDX=0x0000000000000000
RSP=0x000070000da10be0, RBP=0x000070000da10c80, RSI=0x0000000000000000, RDI=0x00007f9dfe70bb40
R8 =0x000000000000000a, R9 =0x00007f9dfe70b800, R10=0x0000000106adc820, R11=0x0000000000000000
R12=0x0000000000000000, R13=0x000070000da10d40, R14=0x0000000000000000, R15=0x00007f9dfe70bb40
RIP=0x00000001065e96f6, EFLAGS=0x0000000000010206, ERR=0x0000000000000004
  TRAPNO=0x000000000000000e

Top of Stack: (sp=0x000070000da10be0)
0x000070000da10be0:   000070000da10c00 000000010691e087
0x000070000da10bf0:   9f4382fb36a800e8 00007f9dfe70b800
0x000070000da10c00:   000070000da10c30 000000010691e060
0x000070000da10c10:   0000000000000001 00007f9dfe70b908
0x000070000da10c20:   00007f9d00000004 0000000000000004
0x000070000da10c30:   00007f9dfe70b800 00007f9dfccbd9a0
0x000070000da10c40:   0000000000000533 00000001069baa77
0x000070000da10c50:   00007f9dfe70b800 0000000000000000
0x000070000da10c60:   00000001629704b0 00007f9dfe70bb40
0x000070000da10c70:   000000016adddc28 0000000000000000
0x000070000da10c80:   000070000da10d60 000000015f3ed746
0x000070000da10c90:   0000000106b60201 00007f9dfe70b800
0x000070000da10ca0:   000070000da10cc0 00007f9dfccc65d0
0x000070000da10cb0:   000000000000000a 00007f9dfe70b800
0x000070000da10cc0:   000070000da10d20 00000001065ee597
0x000070000da10cd0:   00007f9dfe70b800 00007f9dfccbd9a0
0x000070000da10ce0:   0000700000000533 00000001069baa77
0x000070000da10cf0:   00007f9dfe70b800 0000000000000000
0x000070000da10d00:   0000000000000039 000000016adddc28
0x000070000da10d10:   000000016adddc28 000070000da10d78
0x000070000da10d20:   000070000da10d60 0000000160e9b38a
0x000070000da10d30:   0000000000000001 0000000000000000
0x000070000da10d40:   0000003000000018 000070000da10d70
0x000070000da10d50:   000070000da10c90 9f4382fb36a800e8
0x000070000da10d60:   000070000da10db0 000000016096c4e8
0x000070000da10d70:   00007f9dfce3fbf0 00007f9dfccc65d0
0x000070000da10d80:   00007f9dfe70bb40 000000016adddc28
0x000070000da10d90:   000070000da10f30 000000016adee000
0x000070000da10da0:   000070000da10e28 000000016adee0c0
0x000070000da10db0:   000070000da10df0 000000015f406d12
0x000070000da10dc0:   9f4382fb36a800e8 0000000781158468
0x000070000da10dd0:   000070000da10e50 000070000da10e28 

Instructions: (pc=0x00000001065e96f6)
0x00000001065e95f6:   0f 1f 40 00 48 83 7d 90 00 74 09 48 8d 7d 88 e8
0x00000001065e9606:   7c b1 24 00 48 8b 9b f0 00 00 00 4c 8b 73 08 48
0x00000001065e9616:   8b 43 10 48 83 38 00 74 19 48 8b 73 28 4c 89 f7
0x00000001065e9626:   e8 77 ec cf ff 48 8b 7b 10 e8 32 eb cf ff 48 8b
0x00000001065e9636:   43 10 49 89 46 10 48 8b 43 18 49 89 46 18 48 8b
0x00000001065e9646:   43 20 49 89 46 20 48 8d 7d a8 e8 ab 44 33 00 4c
0x00000001065e9656:   3b 6d d0 75 1a f2 0f 10 85 78 fe ff ff 48 81 c4
0x00000001065e9666:   68 01 00 00 5b 41 5c 41 5d 41 5e 41 5f 5d c3 e8
0x00000001065e9676:   da 58 39 00 55 48 89 e5 41 57 41 56 41 55 41 54
0x00000001065e9686:   53 48 83 ec 78 49 89 cd 49 89 d6 49 89 f4 49 89
0x00000001065e9696:   ff 49 8d 9f c0 fc ff ff b8 55 21 ff ff 41 03 87
0x00000001065e96a6:   90 00 00 00 83 f8 02 72 0a 48 89 df e8 8d 5f 31
0x00000001065e96b6:   00 31 db 48 8d 7d d0 48 89 de e8 bb 43 33 00 48
0x00000001065e96c6:   89 5d b0 48 c7 45 b8 00 00 00 00 48 83 7b 08 00
0x00000001065e96d6:   74 09 48 8d 7d b0 e8 59 b0 24 00 4c 89 ff 4c 89
0x00000001065e96e6:   e6 4c 89 f2 90 0f 1f 40 00 c7 45 a0 04 00 00 00
0x00000001065e96f6:   49 8b 06 48 8b 40 08 48 8b 48 08 0f b7 40 2c 48
0x00000001065e9706:   8b 74 c1 40 48 8d bd 60 ff ff ff e8 f6 cd 29 00
0x00000001065e9716:   c7 85 78 ff ff ff 63 00 00 00 48 c7 45 80 00 00
0x00000001065e9726:   00 00 48 8d 05 69 18 52 00 48 89 85 60 ff ff ff
0x00000001065e9736:   49 8b 45 10 48 89 45 98 49 8b 45 00 49 8b 4d 08
0x00000001065e9746:   48 89 4d 90 48 89 45 88 41 f6 c4 01 75 0b 4c 89
0x00000001065e9756:   e7 ff 15 23 04 52 00 eb 0c 49 ff cc 4c 89 e7 ff
0x00000001065e9766:   15 95 ac 51 00 48 89 c7 e8 ef ea fb ff 48 8b 08
0x00000001065e9776:   48 89 c7 48 89 de ff 91 b0 00 00 00 31 ff 48 83
0x00000001065e9786:   7b 08 00 41 bc 00 00 00 00 75 2f 48 8d 75 a0 48
0x00000001065e9796:   8d 8d 60 ff ff ff 4c 89 ff 4c 89 f2 49 89 d8 e8
0x00000001065e97a6:   a4 ec ff ff 31 ff 48 83 7b 08 00 41 bc 00 00 00
0x00000001065e97b6:   00 75 07 0f b6 7d a8 41 88 fc 90 0f 1f 40 00 48
0x00000001065e97c6:   83 7d b8 00 74 09 48 8d 7d b0 e8 b1 af 24 00 48
0x00000001065e97d6:   8b 9b f0 00 00 00 4c 8b 73 08 48 8b 43 10 48 83
0x00000001065e97e6:   38 00 74 19 48 8b 73 28 4c 89 f7 e8 ac ea cf ff 


Stack slot to memory mapping:
stack at sp + 0 slots: 0x000070000da10c00 is pointing into the stack for thread: 0x00007f9dfe70b800
stack at sp + 1 slots: 0x000000010691e087: _ZN6Atomic4loadIPVvEET_PVKS3_+0x17 in /Library/Java/JavaVirtualMachines/amazon-corretto-11.jdk/Contents/Home/lib/server/libjvm.dylib at 0x0000000106200000
stack at sp + 2 slots: 0x9f4382fb36a800e8 is an unknown value
stack at sp + 3 slots: 0x00007f9dfe70b800 is a thread
stack at sp + 4 slots: 0x000070000da10c30 is pointing into the stack for thread: 0x00007f9dfe70b800
stack at sp + 5 slots: 0x000000010691e060: _ZN11OrderAccess12ordered_loadIPVvL15ScopedFenceType0EEET_PVKS4_+0x30 in /Library/Java/JavaVirtualMachines/amazon-corretto-11.jdk/Contents/Home/lib/server/libjvm.dylib at 0x0000000106200000
stack at sp + 6 slots: 0x0000000000000001 is an unknown value
stack at sp + 7 slots: 0x00007f9dfe70b908 points into unknown readable memory: 00 00 85 04 01 00 00 00


---------------  P R O C E S S  ---------------

Threads class SMR info:
_java_thread_list=0x00007f9e0373bf50, length=49, elements={
0x00007f9dfe016000, 0x00007f9dfd82f000, 0x00007f9dff80a000, 0x00007f9dfe01a000,
0x00007f9dff80d000, 0x00007f9dff007000, 0x00007f9e00812000, 0x00007f9e00805000,
0x00007f9e00875000, 0x00007f9dff857000, 0x00007f9dfda50800, 0x00007f9dff89c000,
0x00007f9e00813000, 0x00007f9e008c6000, 0x00007f9e008cb000, 0x00007f9dfd07f000,
0x00007f9dfe0da800, 0x00007f9dfdbe1800, 0x00007f9dfdbc9000, 0x00007f9dfe72b000,
0x00007f9dfe72e000, 0x00007f9e0649d800, 0x00007f9e050c2000, 0x00007f9dfda3b000,
0x00007f9e0625a800, 0x00007f9dfda3c000, 0x00007f9dfde8c000, 0x00007f9e050ee000,
0x00007f9dfde9c800, 0x00007f9dfde9f800, 0x00007f9e050f1800, 0x00007f9e063f6800,
0x00007f9e0643e800, 0x00007f9dfe4fd800, 0x00007f9dfdebf800, 0x00007f9e06428800,
0x00007f9dfdec0800, 0x00007f9e06429800, 0x00007f9dff16e800, 0x00007f9e00ae9800,
0x00007f9e0644a000, 0x00007f9dff208000, 0x00007f9e0642e000, 0x00007f9dfdec1800,
0x00007f9dff208800, 0x00007f9dfe4fa800, 0x00007f9e06453000, 0x00007f9e02003000,
0x00007f9dfe70b800
}

Java Threads: ( => current thread )
  0x00007f9dfe016000 JavaThread "Reference Handler" daemon [_thread_blocked, id=12291, stack(0x000070000972a000,0x000070000982a000)]
  0x00007f9dfd82f000 JavaThread "Finalizer" daemon [_thread_blocked, id=12547, stack(0x000070000982d000,0x000070000992d000)]
  0x00007f9dff80a000 JavaThread "Signal Dispatcher" daemon [_thread_blocked, id=17667, stack(0x0000700009a36000,0x0000700009b36000)]
  0x00007f9dfe01a000 JavaThread "C2 CompilerThread0" daemon [_thread_in_native, id=14851, stack(0x0000700009b39000,0x0000700009c39000)]
  0x00007f9dff80d000 JavaThread "C1 CompilerThread0" daemon [_thread_blocked, id=15619, stack(0x0000700009c3c000,0x0000700009d3c000)]
  0x00007f9dff007000 JavaThread "Sweeper thread" daemon [_thread_blocked, id=17155, stack(0x0000700009d3f000,0x0000700009e3f000)]
  0x00007f9e00812000 JavaThread "Common-Cleaner" daemon [_thread_blocked, id=16643, stack(0x0000700009e42000,0x0000700009f42000)]
  0x00007f9e00805000 JavaThread "Monitor Ctrl-Break" daemon [_thread_in_native, id=43267, stack(0x0000700009f45000,0x000070000a045000)]
  0x00007f9e00875000 JavaThread "Service Thread" daemon [_thread_blocked, id=43011, stack(0x000070000a048000,0x000070000a148000)]
  0x00007f9dff857000 JavaThread "JavaFX Application Thread" daemon [_thread_in_native, id=775, stack(0x00007ffeeac2b000,0x00007ffeeb42b000)]
  0x00007f9dfda50800 JavaThread "AWT-Shutdown" [_thread_blocked, id=29699, stack(0x000070000a24e000,0x000070000a34e000)]
  0x00007f9dff89c000 JavaThread "Timer-0" daemon [_thread_blocked, id=74759, stack(0x000070000a86f000,0x000070000a96f000)]
  0x00007f9e00813000 JavaThread "AWT-EventQueue-0" [_thread_blocked, id=56839, stack(0x000070000a972000,0x000070000aa72000)]
  0x00007f9e008c6000 JavaThread "Thread-4" [_thread_blocked, id=57091, stack(0x000070000aa75000,0x000070000ab75000)]
  0x00007f9e008cb000 JavaThread "DestroyJavaVM" [_thread_blocked, id=5891, stack(0x000070000921b000,0x000070000931b000)]
  0x00007f9dfd07f000 JavaThread "Java2D Queue Flusher" daemon [_thread_blocked, id=57607, stack(0x000070000ab78000,0x000070000ac78000)]
  0x00007f9dfe0da800 JavaThread "Java2D Disposer" daemon [_thread_blocked, id=72463, stack(0x000070000ac7b000,0x000070000ad7b000)]
  0x00007f9dfdbe1800 JavaThread "Attach Listener" daemon [_thread_blocked, id=64019, stack(0x000070000ad7e000,0x000070000ae7e000)]
  0x00007f9dfdbc9000 JavaThread "EDT" [_thread_blocked, id=90123, stack(0x000070000b922000,0x000070000ba22000)]
  0x00007f9dfe72b000 JavaThread "Network Thread" [_thread_blocked, id=128535, stack(0x000070000ba25000,0x000070000bb25000)]
  0x00007f9dfe72e000 JavaThread "Network Thread" [_thread_blocked, id=92687, stack(0x000070000bb28000,0x000070000bc28000)]
  0x00007f9e0649d800 JavaThread "invokeAndBlock1" [_thread_blocked, id=93443, stack(0x000070000be31000,0x000070000bf31000)]
  0x00007f9e050c2000 JavaThread "QuantumRenderer-0" daemon [_thread_blocked, id=36675, stack(0x000070000a351000,0x000070000a451000)]
  0x00007f9dfda3b000 JavaThread "InvokeLaterDispatcher" daemon [_thread_blocked, id=23559, stack(0x000070000a454000,0x000070000a554000)]
  0x00007f9e0625a800 JavaThread "Thread-6" daemon [_thread_in_native, id=35591, stack(0x000070000a557000,0x000070000a5d7000)]
  0x00007f9dfda3c000 JavaThread "Prism Font Disposer" daemon [_thread_blocked, id=125455, stack(0x000070000a65d000,0x000070000a75d000)]
  0x00007f9dfde8c000 JavaThread "Disposer" daemon [_thread_blocked, id=35847, stack(0x000070000b79c000,0x000070000b89c000)]
  0x00007f9e050ee000 JavaThread "URL-Loader-1" daemon [_thread_blocked, id=122371, stack(0x000070000c246000,0x000070000c346000)]
  0x00007f9dfde9c800 JavaThread "URL-Loader-2" daemon [_thread_blocked, id=121863, stack(0x000070000c349000,0x000070000c449000)]
  0x00007f9dfde9f800 JavaThread "URL-Loader-3" daemon [_thread_blocked, id=96259, stack(0x000070000c44c000,0x000070000c54c000)]
  0x00007f9e050f1800 JavaThread "URL-Loader-4" daemon [_thread_blocked, id=96771, stack(0x000070000c54f000,0x000070000c64f000)]
  0x00007f9e063f6800 JavaThread "URL-Loader-5" daemon [_thread_blocked, id=120323, stack(0x000070000c652000,0x000070000c752000)]
  0x00007f9e0643e800 JavaThread "URL-Loader-6" daemon [_thread_blocked, id=119811, stack(0x000070000c755000,0x000070000c855000)]
  0x00007f9dfe4fd800 JavaThread "URL-Loader-7" daemon [_thread_blocked, id=97795, stack(0x000070000c858000,0x000070000c958000)]
  0x00007f9dfdebf800 JavaThread "URL-Loader-8" daemon [_thread_blocked, id=118787, stack(0x000070000c95b000,0x000070000ca5b000)]
  0x00007f9e06428800 JavaThread "URL-Loader-9" daemon [_thread_blocked, id=118531, stack(0x000070000ca5e000,0x000070000cb5e000)]
  0x00007f9dfdec0800 JavaThread "URL-Loader-10" daemon [_thread_blocked, id=118019, stack(0x000070000cb61000,0x000070000cc61000)]
  0x00007f9e06429800 JavaThread "URL-Loader-11" daemon [_thread_blocked, id=98819, stack(0x000070000cc64000,0x000070000cd64000)]
  0x00007f9dff16e800 JavaThread "URL-Loader-12" daemon [_thread_blocked, id=99331, stack(0x000070000cd67000,0x000070000ce67000)]
  0x00007f9e00ae9800 JavaThread "URL-Loader-13" daemon [_thread_blocked, id=99843, stack(0x000070000ce6a000,0x000070000cf6a000)]
  0x00007f9e0644a000 JavaThread "URL-Loader-14" daemon [_thread_blocked, id=116483, stack(0x000070000cf6d000,0x000070000d06d000)]
  0x00007f9dff208000 JavaThread "URL-Loader-15" daemon [_thread_blocked, id=100379, stack(0x000070000d070000,0x000070000d170000)]
  0x00007f9e0642e000 JavaThread "URL-Loader-16" daemon [_thread_blocked, id=101299, stack(0x000070000d173000,0x000070000d273000)]
  0x00007f9dfdec1800 JavaThread "URL-Loader-17" daemon [_thread_blocked, id=100711, stack(0x000070000d276000,0x000070000d376000)]
  0x00007f9dff208800 JavaThread "URL-Loader-18" daemon [_thread_blocked, id=114947, stack(0x000070000d379000,0x000070000d479000)]
  0x00007f9dfe4fa800 JavaThread "URL-Loader-19" daemon [_thread_blocked, id=101891, stack(0x000070000d47c000,0x000070000d57c000)]
  0x00007f9e06453000 JavaThread "URL-Loader-20" daemon [_thread_blocked, id=102659, stack(0x000070000d57f000,0x000070000d67f000)]
  0x00007f9e02003000 JavaThread "Keep-Alive-Timer" daemon [_thread_blocked, id=114475, stack(0x000070000d682000,0x000070000d782000)]
=>0x00007f9dfe70b800 JavaThread "Thread-8" daemon [_thread_in_vm, id=104051, stack(0x000070000d991000,0x000070000da11000)]

Other Threads:
  0x00007f9dfd026000 VMThread "VM Thread" [stack: 0x0000700009627000,0x0000700009727000] [id=20227]
  0x00007f9dfe083800 WatcherThread [stack: 0x000070000a14b000,0x000070000a24b000] [id=22787]
  0x00007f9dfd000800 GCTaskThread "GC Thread#0" [stack: 0x000070000931e000,0x000070000941e000] [id=11267]
  0x00007f9dff250000 GCTaskThread "GC Thread#1" [stack: 0x000070000ae81000,0x000070000af81000] [id=63287]
  0x00007f9dff30c000 GCTaskThread "GC Thread#2" [stack: 0x000070000af84000,0x000070000b084000] [id=64259]
  0x00007f9dff24b000 GCTaskThread "GC Thread#3" [stack: 0x000070000b087000,0x000070000b187000] [id=64515]
  0x00007f9dfe322800 GCTaskThread "GC Thread#4" [stack: 0x000070000b18a000,0x000070000b28a000] [id=65027]
  0x00007f9dfe2c6800 GCTaskThread "GC Thread#5" [stack: 0x000070000b28d000,0x000070000b38d000] [id=65283]
  0x00007f9dfdbee000 GCTaskThread "GC Thread#6" [stack: 0x000070000b390000,0x000070000b490000] [id=65795]
  0x00007f9dfdbee800 GCTaskThread "GC Thread#7" [stack: 0x000070000b493000,0x000070000b593000] [id=67331]
  0x00007f9dfe72b800 GCTaskThread "GC Thread#8" [stack: 0x000070000bc2b000,0x000070000bd2b000] [id=1587]
  0x00007f9dfe72c800 GCTaskThread "GC Thread#9" [stack: 0x000070000bd2e000,0x000070000be2e000] [id=124419]
  0x00007f9dfd801800 ConcurrentGCThread "CMS Main Thread" [stack: 0x0000700009524000,0x0000700009624000] [id=20483]
  0x00007f9dfd00c800 GCTaskThread "CMS Thread#0" [stack: 0x0000700009421000,0x0000700009521000] [id=20995]
  0x00007f9e00a13800 GCTaskThread "CMS Thread#1" [stack: 0x000070000b596000,0x000070000b696000] [id=67075]
  0x00007f9e00a30000 GCTaskThread "CMS Thread#2" [stack: 0x000070000b699000,0x000070000b799000] [id=66819]

Threads with active compile tasks:

VM state:not at safepoint (normal execution)

VM Mutex/Monitor currently owned by a thread: None

Heap address: 0x0000000780000000, size: 2048 MB, Compressed Oops mode: Zero based, Oop shift amount: 3
Narrow klass base: 0x0000000800000000, Narrow klass shift: 0
Compressed class space size: 1073741824 Address: 0x0000000800000000

Heap:
 par new generation   total 39296K, used 22150K [0x0000000780000000, 0x0000000782aa0000, 0x00000007aaaa0000)
  eden space 34944K,  50% used [0x0000000780000000, 0x0000000781161900, 0x0000000782220000)
  from space 4352K, 100% used [0x0000000782220000, 0x0000000782660000, 0x0000000782660000)
  to   space 4352K,   0% used [0x0000000782660000, 0x0000000782660000, 0x0000000782aa0000)
 concurrent mark-sweep generation total 127624K, used 86681K [0x00000007aaaa0000, 0x00000007b2742000, 0x0000000800000000)
 Metaspace       used 44105K, capacity 45371K, committed 45424K, reserved 1089536K
  class space    used 5198K, capacity 5729K, committed 5760K, reserved 1048576K

Card table byte_map: [0x000000010703b000,0x000000010743c000] _byte_map_base: 0x000000010343b000

Marking Bits: (CMSBitMap*) 0x00007f9dfd004930
 Bits: [0x0000000108129000, 0x000000010967e800)

Mod Union Table: (CMSBitMap*) 0x00007f9dfd0049d0
 Bits: [0x000000010967f000, 0x00000001096d4560)

Polling page: 0x000000010484f000

Metaspace:

Usage:
  Non-class:     38.71 MB capacity,    37.99 MB ( 98%) used,   592.26 KB (  1%) free+waste,   143.25 KB ( <1%) overhead. 
      Class:      5.59 MB capacity,     5.08 MB ( 91%) used,   458.69 KB (  8%) free+waste,    71.44 KB (  1%) overhead. 
       Both:     44.31 MB capacity,    43.07 MB ( 97%) used,     1.03 MB (  2%) free+waste,   214.69 KB ( <1%) overhead. 

Virtual space:
  Non-class space:       40.00 MB reserved,      38.73 MB ( 97%) committed 
      Class space:        1.00 GB reserved,       5.62 MB ( <1%) committed 
             Both:        1.04 GB reserved,      44.36 MB (  4%) committed 

Chunk freelists:
   Non-Class:  22.00 KB
       Class:  0 bytes
        Both:  22.00 KB

MaxMetaspaceSize: unlimited
CompressedClassSpaceSize: 1.00 GB

CodeHeap 'non-profiled nmethods': size=120036Kb used=1706Kb max_used=1863Kb free=118329Kb
 bounds [0x000000011d334000, 0x000000011d5a4000, 0x000000012486d000]
CodeHeap 'profiled nmethods': size=120032Kb used=9057Kb max_used=9586Kb free=110974Kb
 bounds [0x0000000115dfc000, 0x000000011676c000, 0x000000011d334000]
CodeHeap 'non-nmethods': size=5692Kb used=1530Kb max_used=1563Kb free=4161Kb
 bounds [0x000000011586d000, 0x0000000115add000, 0x0000000115dfc000]
 total_blobs=7598 nmethods=4683 adapters=981
 compilation: enabled
              stopped_count=0, restarted_count=0
 full_count=0

Compilation events (20 events):
Event: 37.853 Thread 0x00007f9dff80d000 5329       3       sun.nio.fs.UnixPath::<init> (15 bytes)
Event: 37.853 Thread 0x00007f9dff80d000 nmethod 5329 0x0000000115e19590 code [0x0000000115e19740, 0x0000000115e19930]
Event: 37.862 Thread 0x00007f9dff80d000 5330       1       com.sun.javafx.geom.transform.BaseTransform::getMxx (2 bytes)
Event: 37.862 Thread 0x00007f9dff80d000 nmethod 5330 0x000000011d383f10 code [0x000000011d3840e0, 0x000000011d3841f0]
Event: 37.862 Thread 0x00007f9dff80d000 5331       1       com.sun.javafx.geom.transform.BaseTransform::getMxy (2 bytes)
Event: 37.862 Thread 0x00007f9dff80d000 nmethod 5331 0x000000011d383b90 code [0x000000011d383d40, 0x000000011d383e50]
Event: 37.862 Thread 0x00007f9dff80d000 5332       1       com.sun.javafx.geom.transform.BaseTransform::getMyx (2 bytes)
Event: 37.862 Thread 0x00007f9dff80d000 nmethod 5332 0x000000011d383810 code [0x000000011d3839c0, 0x000000011d383ad0]
Event: 37.862 Thread 0x00007f9dff80d000 5333       1       com.sun.javafx.geom.transform.BaseTransform::getMyy (2 bytes)
Event: 37.862 Thread 0x00007f9dff80d000 nmethod 5333 0x000000011d3d0590 code [0x000000011d3d0760, 0x000000011d3d0870]
Event: 37.865 Thread 0x00007f9dff80d000 5334       3       com.sun.javafx.font.FontStrikeDesc::hashCode (68 bytes)
Event: 37.865 Thread 0x00007f9dff80d000 nmethod 5334 0x0000000115e6a190 code [0x0000000115e6a3c0, 0x0000000115e6adf0]
Event: 37.866 Thread 0x00007f9dff80d000 5335       1       com.sun.webkit.graphics.WCRectangle::getWidth (5 bytes)
Event: 37.867 Thread 0x00007f9dff80d000 nmethod 5335 0x000000011d3d0210 code [0x000000011d3d03c0, 0x000000011d3d04d0]
Event: 37.867 Thread 0x00007f9dff80d000 5336       1       com.sun.webkit.graphics.WCRectangle::getHeight (5 bytes)
Event: 37.867 Thread 0x00007f9dff80d000 nmethod 5336 0x000000011d3cfe90 code [0x000000011d3d0040, 0x000000011d3d0150]
Event: 37.938 Thread 0x00007f9dff80d000 5338       3       com.sun.scenario.animation.AnimationPulse::getDefaultBean (4 bytes)
Event: 37.938 Thread 0x00007f9dff80d000 nmethod 5338 0x0000000115e21710 code [0x0000000115e218c0, 0x0000000115e21a50]
Event: 37.938 Thread 0x00007f9dff80d000 5339       3       com.sun.scenario.animation.AnimationPulse$AnimationPulseHolder::access$000 (4 bytes)
Event: 37.938 Thread 0x00007f9dff80d000 nmethod 5339 0x0000000115e24210 code [0x0000000115e243c0, 0x0000000115e24510]

GC Heap History (20 events):
Event: 2.137 GC heap before
{Heap before GC invocations=2 (full 0):
 par new generation   total 39296K, used 37045K [0x0000000780000000, 0x0000000782aa0000, 0x00000007aaaa0000)
  eden space 34944K, 100% used [0x0000000780000000, 0x0000000782220000, 0x0000000782220000)
  from space 4352K,  48% used [0x0000000782220000, 0x000000078242d4b0, 0x0000000782660000)
  to   space 4352K,   0% used [0x0000000782660000, 0x0000000782660000, 0x0000000782aa0000)
 concurrent mark-sweep generation total 87424K, used 27487K [0x00000007aaaa0000, 0x00000007b0000000, 0x0000000800000000)
 Metaspace       used 17957K, capacity 18471K, committed 18816K, reserved 1067008K
  class space    used 1930K, capacity 2094K, committed 2176K, reserved 1048576K
}
Event: 2.145 GC heap after
{Heap after GC invocations=3 (full 0):
 par new generation   total 39296K, used 706K [0x0000000780000000, 0x0000000782aa0000, 0x00000007aaaa0000)
  eden space 34944K,   0% used [0x0000000780000000, 0x0000000780000000, 0x0000000782220000)
  from space 4352K,  16% used [0x0000000782660000, 0x0000000782710bc0, 0x0000000782aa0000)
  to   space 4352K,   0% used [0x0000000782220000, 0x0000000782220000, 0x0000000782660000)
 concurrent mark-sweep generation total 87424K, used 49912K [0x00000007aaaa0000, 0x00000007b0000000, 0x0000000800000000)
 Metaspace       used 17957K, capacity 18471K, committed 18816K, reserved 1067008K
  class space    used 1930K, capacity 2094K, committed 2176K, reserved 1048576K
}
Event: 2.643 GC heap before
{Heap before GC invocations=3 (full 1):
 par new generation   total 39296K, used 35650K [0x0000000780000000, 0x0000000782aa0000, 0x00000007aaaa0000)
  eden space 34944K, 100% used [0x0000000780000000, 0x0000000782220000, 0x0000000782220000)
  from space 4352K,  16% used [0x0000000782660000, 0x0000000782710bc0, 0x0000000782aa0000)
  to   space 4352K,   0% used [0x0000000782220000, 0x0000000782220000, 0x0000000782660000)
 concurrent mark-sweep generation total 87424K, used 49882K [0x00000007aaaa0000, 0x00000007b0000000, 0x0000000800000000)
 Metaspace       used 17972K, capacity 18471K, committed 18816K, reserved 1067008K
  class space    used 1930K, capacity 2094K, committed 2176K, reserved 1048576K
}
Event: 2.650 GC heap after
{Heap after GC invocations=4 (full 1):
 par new generation   total 39296K, used 797K [0x0000000780000000, 0x0000000782aa0000, 0x00000007aaaa0000)
  eden space 34944K,   0% used [0x0000000780000000, 0x0000000780000000, 0x0000000782220000)
  from space 4352K,  18% used [0x0000000782220000, 0x00000007822e7570, 0x0000000782660000)
  to   space 4352K,   0% used [0x0000000782660000, 0x0000000782660000, 0x0000000782aa0000)
 concurrent mark-sweep generation total 87424K, used 61095K [0x00000007aaaa0000, 0x00000007b0000000, 0x0000000800000000)
 Metaspace       used 17972K, capacity 18471K, committed 18816K, reserved 1067008K
  class space    used 1930K, capacity 2094K, committed 2176K, reserved 1048576K
}
Event: 2.958 GC heap before
{Heap before GC invocations=4 (full 2):
 par new generation   total 39296K, used 26939K [0x0000000780000000, 0x0000000782aa0000, 0x00000007aaaa0000)
  eden space 34944K,  74% used [0x0000000780000000, 0x0000000781987958, 0x0000000782220000)
  from space 4352K,  18% used [0x0000000782220000, 0x00000007822e7570, 0x0000000782660000)
  to   space 4352K,   0% used [0x0000000782660000, 0x0000000782660000, 0x0000000782aa0000)
 concurrent mark-sweep generation total 101812K, used 61086K [0x00000007aaaa0000, 0x00000007b0e0d000, 0x0000000800000000)
 Metaspace       used 22269K, capacity 22893K, committed 23168K, reserved 1069056K
  class space    used 2443K, capacity 2661K, committed 2688K, reserved 1048576K
}
Event: 2.966 GC heap after
{Heap after GC invocations=5 (full 2):
 par new generation   total 39296K, used 4352K [0x0000000780000000, 0x0000000782aa0000, 0x00000007aaaa0000)
  eden space 34944K,   0% used [0x0000000780000000, 0x0000000780000000, 0x0000000782220000)
  from space 4352K, 100% used [0x0000000782660000, 0x0000000782aa0000, 0x0000000782aa0000)
  to   space 4352K,   0% used [0x0000000782220000, 0x0000000782220000, 0x0000000782660000)
 concurrent mark-sweep generation total 101812K, used 77120K [0x00000007aaaa0000, 0x00000007b0e0d000, 0x0000000800000000)
 Metaspace       used 22269K, capacity 22893K, committed 23168K, reserved 1069056K
  class space    used 2443K, capacity 2661K, committed 2688K, reserved 1048576K
}
Event: 5.953 GC heap before
{Heap before GC invocations=5 (full 3):
 par new generation   total 39296K, used 39296K [0x0000000780000000, 0x0000000782aa0000, 0x00000007aaaa0000)
  eden space 34944K, 100% used [0x0000000780000000, 0x0000000782220000, 0x0000000782220000)
  from space 4352K, 100% used [0x0000000782660000, 0x0000000782aa0000, 0x0000000782aa0000)
  to   space 4352K,   0% used [0x0000000782220000, 0x0000000782220000, 0x0000000782660000)
 concurrent mark-sweep generation total 101812K, used 77120K [0x00000007aaaa0000, 0x00000007b0e0d000, 0x0000000800000000)
 Metaspace       used 24599K, capacity 25177K, committed 25600K, reserved 1071104K
  class space    used 2734K, capacity 2953K, committed 3072K, reserved 1048576K
}
Event: 5.957 GC heap after
{Heap after GC invocations=6 (full 3):
 par new generation   total 39296K, used 4352K [0x0000000780000000, 0x0000000782aa0000, 0x00000007aaaa0000)
  eden space 34944K,   0% used [0x0000000780000000, 0x0000000780000000, 0x0000000782220000)
  from space 4352K, 100% used [0x0000000782220000, 0x0000000782660000, 0x0000000782660000)
  to   space 4352K,   0% used [0x0000000782660000, 0x0000000782660000, 0x0000000782aa0000)
 concurrent mark-sweep generation total 101812K, used 85580K [0x00000007aaaa0000, 0x00000007b0e0d000, 0x0000000800000000)
 Metaspace       used 24599K, capacity 25177K, committed 25600K, reserved 1071104K
  class space    used 2734K, capacity 2953K, committed 3072K, reserved 1048576K
}
Event: 6.790 GC heap before
{Heap before GC invocations=6 (full 3):
 par new generation   total 39296K, used 39296K [0x0000000780000000, 0x0000000782aa0000, 0x00000007aaaa0000)
  eden space 34944K, 100% used [0x0000000780000000, 0x0000000782220000, 0x0000000782220000)
  from space 4352K, 100% used [0x0000000782220000, 0x0000000782660000, 0x0000000782660000)
  to   space 4352K,   0% used [0x0000000782660000, 0x0000000782660000, 0x0000000782aa0000)
 concurrent mark-sweep generation total 101812K, used 51922K [0x00000007aaaa0000, 0x00000007b0e0d000, 0x0000000800000000)
 Metaspace       used 25406K, capacity 26011K, committed 26368K, reserved 1073152K
  class space    used 2779K, capacity 2999K, committed 3072K, reserved 1048576K
}
Event: 6.793 GC heap after
{Heap after GC invocations=7 (full 3):
 par new generation   total 39296K, used 3954K [0x0000000780000000, 0x0000000782aa0000, 0x00000007aaaa0000)
  eden space 34944K,   0% used [0x0000000780000000, 0x0000000780000000, 0x0000000782220000)
  from space 4352K,  90% used [0x0000000782660000, 0x0000000782a3ca60, 0x0000000782aa0000)
  to   space 4352K,   0% used [0x0000000782220000, 0x0000000782220000, 0x0000000782660000)
 concurrent mark-sweep generation total 101812K, used 57772K [0x00000007aaaa0000, 0x00000007b0e0d000, 0x0000000800000000)
 Metaspace       used 25406K, capacity 26011K, committed 26368K, reserved 1073152K
  class space    used 2779K, capacity 2999K, committed 3072K, reserved 1048576K
}
Event: 36.126 GC heap before
{Heap before GC invocations=7 (full 3):
 par new generation   total 39296K, used 38898K [0x0000000780000000, 0x0000000782aa0000, 0x00000007aaaa0000)
  eden space 34944K, 100% used [0x0000000780000000, 0x0000000782220000, 0x0000000782220000)
  from space 4352K,  90% used [0x0000000782660000, 0x0000000782a3ca60, 0x0000000782aa0000)
  to   space 4352K,   0% used [0x0000000782220000, 0x0000000782220000, 0x0000000782660000)
 concurrent mark-sweep generation total 101812K, used 57772K [0x00000007aaaa0000, 0x00000007b0e0d000, 0x0000000800000000)
 Metaspace       used 33156K, capacity 33934K, committed 34176K, reserved 1079296K
  class space    used 3852K, capacity 4153K, committed 4224K, reserved 1048576K
}
Event: 36.128 GC heap after
{Heap after GC invocations=8 (full 3):
 par new generation   total 39296K, used 3289K [0x0000000780000000, 0x0000000782aa0000, 0x00000007aaaa0000)
  eden space 34944K,   0% used [0x0000000780000000, 0x0000000780000000, 0x0000000782220000)
  from space 4352K,  75% used [0x0000000782220000, 0x00000007825564b8, 0x0000000782660000)
  to   space 4352K,   0% used [0x0000000782660000, 0x0000000782660000, 0x0000000782aa0000)
 concurrent mark-sweep generation total 101812K, used 61521K [0x00000007aaaa0000, 0x00000007b0e0d000, 0x0000000800000000)
 Metaspace       used 33156K, capacity 33934K, committed 34176K, reserved 1079296K
  class space    used 3852K, capacity 4153K, committed 4224K, reserved 1048576K
}
Event: 36.238 GC heap before
{Heap before GC invocations=8 (full 3):
 par new generation   total 39296K, used 34684K [0x0000000780000000, 0x0000000782aa0000, 0x00000007aaaa0000)
  eden space 34944K,  89% used [0x0000000780000000, 0x0000000781ea8bd0, 0x0000000782220000)
  from space 4352K,  75% used [0x0000000782220000, 0x00000007825564b8, 0x0000000782660000)
  to   space 4352K,   0% used [0x0000000782660000, 0x0000000782660000, 0x0000000782aa0000)
 concurrent mark-sweep generation total 101812K, used 61521K [0x00000007aaaa0000, 0x00000007b0e0d000, 0x0000000800000000)
 Metaspace       used 35232K, capacity 36143K, committed 36352K, reserved 1081344K
  class space    used 4209K, capacity 4558K, committed 4608K, reserved 1048576K
}
Event: 36.245 GC heap after
{Heap after GC invocations=9 (full 3):
 par new generation   total 39296K, used 2068K [0x0000000780000000, 0x0000000782aa0000, 0x00000007aaaa0000)
  eden space 34944K,   0% used [0x0000000780000000, 0x0000000780000000, 0x0000000782220000)
  from space 4352K,  47% used [0x0000000782660000, 0x00000007828652b0, 0x0000000782aa0000)
  to   space 4352K,   0% used [0x0000000782220000, 0x0000000782220000, 0x0000000782660000)
 concurrent mark-sweep generation total 101812K, used 86573K [0x00000007aaaa0000, 0x00000007b0e0d000, 0x0000000800000000)
 Metaspace       used 35232K, capacity 36143K, committed 36352K, reserved 1081344K
  class space    used 4209K, capacity 4558K, committed 4608K, reserved 1048576K
}
Event: 36.621 GC heap before
{Heap before GC invocations=9 (full 4):
 par new generation   total 39296K, used 37012K [0x0000000780000000, 0x0000000782aa0000, 0x00000007aaaa0000)
  eden space 34944K, 100% used [0x0000000780000000, 0x0000000782220000, 0x0000000782220000)
  from space 4352K,  47% used [0x0000000782660000, 0x00000007828652b0, 0x0000000782aa0000)
  to   space 4352K,   0% used [0x0000000782220000, 0x0000000782220000, 0x0000000782660000)
 concurrent mark-sweep generation total 101812K, used 86573K [0x00000007aaaa0000, 0x00000007b0e0d000, 0x0000000800000000)
 Metaspace       used 41860K, capacity 42967K, committed 43096K, reserved 1087488K
  class space    used 4984K, capacity 5466K, committed 5504K, reserved 1048576K
}
Event: 36.623 GC heap after
{Heap after GC invocations=10 (full 4):
 par new generation   total 39296K, used 3943K [0x0000000780000000, 0x0000000782aa0000, 0x00000007aaaa0000)
  eden space 34944K,   0% used [0x0000000780000000, 0x0000000780000000, 0x0000000782220000)
  from space 4352K,  90% used [0x0000000782220000, 0x00000007825f9e50, 0x0000000782660000)
  to   space 4352K,   0% used [0x0000000782660000, 0x0000000782660000, 0x0000000782aa0000)
 concurrent mark-sweep generation total 101812K, used 93875K [0x00000007aaaa0000, 0x00000007b0e0d000, 0x0000000800000000)
 Metaspace       used 41860K, capacity 42967K, committed 43096K, reserved 1087488K
  class space    used 4984K, capacity 5466K, committed 5504K, reserved 1048576K
}
Event: 36.922 GC heap before
{Heap before GC invocations=10 (full 4):
 par new generation   total 39296K, used 38887K [0x0000000780000000, 0x0000000782aa0000, 0x00000007aaaa0000)
  eden space 34944K, 100% used [0x0000000780000000, 0x0000000782220000, 0x0000000782220000)
  from space 4352K,  90% used [0x0000000782220000, 0x00000007825f9e50, 0x0000000782660000)
  to   space 4352K,   0% used [0x0000000782660000, 0x0000000782660000, 0x0000000782aa0000)
 concurrent mark-sweep generation total 127624K, used 76573K [0x00000007aaaa0000, 0x00000007b2742000, 0x0000000800000000)
 Metaspace       used 43111K, capacity 44327K, committed 44528K, reserved 1087488K
  class space    used 5113K, capacity 5620K, committed 5632K, reserved 1048576K
}
Event: 36.934 GC heap after
{Heap after GC invocations=11 (full 4):
 par new generation   total 39296K, used 3486K [0x0000000780000000, 0x0000000782aa0000, 0x00000007aaaa0000)
  eden space 34944K,   0% used [0x0000000780000000, 0x0000000780000000, 0x0000000782220000)
  from space 4352K,  80% used [0x0000000782660000, 0x00000007829c79c0, 0x0000000782aa0000)
  to   space 4352K,   0% used [0x0000000782220000, 0x0000000782220000, 0x0000000782660000)
 concurrent mark-sweep generation total 127624K, used 80115K [0x00000007aaaa0000, 0x00000007b2742000, 0x0000000800000000)
 Metaspace       used 43111K, capacity 44327K, committed 44528K, reserved 1087488K
  class space    used 5113K, capacity 5620K, committed 5632K, reserved 1048576K
}
Event: 37.474 GC heap before
{Heap before GC invocations=11 (full 4):
 par new generation   total 39296K, used 38430K [0x0000000780000000, 0x0000000782aa0000, 0x00000007aaaa0000)
  eden space 34944K, 100% used [0x0000000780000000, 0x0000000782220000, 0x0000000782220000)
  from space 4352K,  80% used [0x0000000782660000, 0x00000007829c79c0, 0x0000000782aa0000)
  to   space 4352K,   0% used [0x0000000782220000, 0x0000000782220000, 0x0000000782660000)
 concurrent mark-sweep generation total 127624K, used 80115K [0x00000007aaaa0000, 0x00000007b2742000, 0x0000000800000000)
 Metaspace       used 43817K, capacity 45020K, committed 45168K, reserved 1089536K
  class space    used 5169K, capacity 5701K, committed 5760K, reserved 1048576K
}
Event: 37.477 GC heap after
{Heap after GC invocations=12 (full 4):
 par new generation   total 39296K, used 4352K [0x0000000780000000, 0x0000000782aa0000, 0x00000007aaaa0000)
  eden space 34944K,   0% used [0x0000000780000000, 0x0000000780000000, 0x0000000782220000)
  from space 4352K, 100% used [0x0000000782220000, 0x0000000782660000, 0x0000000782660000)
  to   space 4352K,   0% used [0x0000000782660000, 0x0000000782660000, 0x0000000782aa0000)
 concurrent mark-sweep generation total 127624K, used 86681K [0x00000007aaaa0000, 0x00000007b2742000, 0x0000000800000000)
 Metaspace       used 43817K, capacity 45020K, committed 45168K, reserved 1089536K
  class space    used 5169K, capacity 5701K, committed 5760K, reserved 1048576K
}

Deoptimization events (20 events):
Event: 37.587 Thread 0x00007f9e06428800 DEOPT PACKING pc=0x000000011608966f sp=0x000070000cb5ac60
Event: 37.587 Thread 0x00007f9e06428800 DEOPT UNPACKING pc=0x000000011589513a sp=0x000070000cb5a108 mode 0
Event: 37.593 Thread 0x00007f9e06428800 DEOPT PACKING pc=0x000000011608966f sp=0x000070000cb5ac60
Event: 37.593 Thread 0x00007f9e06428800 DEOPT UNPACKING pc=0x000000011589513a sp=0x000070000cb5a108 mode 0
Event: 37.600 Thread 0x00007f9e06428800 DEOPT PACKING pc=0x000000011608966f sp=0x000070000cb5ac60
Event: 37.600 Thread 0x00007f9e06428800 DEOPT UNPACKING pc=0x000000011589513a sp=0x000070000cb5a108 mode 0
Event: 37.606 Thread 0x00007f9dfe4fd800 DEOPT PACKING pc=0x00000001166155f2 sp=0x000070000c955370
Event: 37.606 Thread 0x00007f9dfe4fd800 DEOPT UNPACKING pc=0x000000011589513a sp=0x000070000c954850 mode 0
Event: 37.640 Thread 0x00007f9dff857000 DEOPT PACKING pc=0x00000001167457b5 sp=0x00007ffeeb417130
Event: 37.640 Thread 0x00007f9dff857000 DEOPT UNPACKING pc=0x000000011589513a sp=0x00007ffeeb4165f0 mode 0
Event: 37.644 Thread 0x00007f9dff857000 DEOPT PACKING pc=0x00000001167457b5 sp=0x00007ffeeb417260
Event: 37.644 Thread 0x00007f9dff857000 DEOPT UNPACKING pc=0x000000011589513a sp=0x00007ffeeb416720 mode 0
Event: 37.649 Thread 0x00007f9dff857000 DEOPT PACKING pc=0x00000001167457b5 sp=0x00007ffeeb417de0
Event: 37.649 Thread 0x00007f9dff857000 DEOPT UNPACKING pc=0x000000011589513a sp=0x00007ffeeb4172a0 mode 0
Event: 37.665 Thread 0x00007f9e0642e000 DEOPT PACKING pc=0x00000001164d4d70 sp=0x000070000d270370
Event: 37.665 Thread 0x00007f9e0642e000 DEOPT UNPACKING pc=0x000000011589513a sp=0x000070000d26f8f8 mode 0
Event: 37.757 Thread 0x00007f9dff857000 Uncommon trap: trap_request=0xffffff4d fr.pc=0x000000011d461464 relative=0x00000000000000a4
Event: 37.757 Thread 0x00007f9dff857000 Uncommon trap: reason=unstable_if action=reinterpret pc=0x000000011d461464 method=java.lang.Math.min(DD)D @ 11 c2
Event: 37.757 Thread 0x00007f9dff857000 DEOPT PACKING pc=0x000000011d461464 sp=0x00007ffeeb422d30
Event: 37.757 Thread 0x00007f9dff857000 DEOPT UNPACKING pc=0x0000000115895325 sp=0x00007ffeeb422cf0 mode 2

Classes redefined (0 events):
No events

Internal exceptions (20 events):
Event: 36.264 Thread 0x00007f9dff857000 Exception <a 'java/lang/NoSuchMethodError'{0x00000007808e2968}: 'java.lang.Object java.lang.invoke.DirectMethodHandle$Holder.invokeStatic(java.lang.Object, java.lang.Object, java.lang.Object, java.lang.Object, java.lang.Object, java.lang.Object, java.lang
Event: 36.264 Thread 0x00007f9dff857000 Exception <a 'java/lang/NoSuchMethodError'{0x00000007808f26d8}: 'java.lang.Object java.lang.invoke.DelegatingMethodHandle$Holder.reinvoke_L(java.lang.Object, long, java.lang.Object)'> (0x00000007808f26d8) thrown at [/corretto/workspace/corretto11-repo/ins
Event: 36.268 Thread 0x00007f9dff857000 Exception <a 'java/lang/NoSuchMethodError'{0x00000007809b2b38}: 'java.lang.Object java.lang.invoke.DelegatingMethodHandle$Holder.reinvoke_L(java.lang.Object, java.lang.Object, int, int, long, int, java.lang.Object, java.lang.Object, java.lang.Object, int)
Event: 36.271 Thread 0x00007f9dff857000 Exception <a 'java/lang/NoSuchMethodError'{0x0000000780a11cb8}: 'java.lang.Object java.lang.invoke.DirectMethodHandle$Holder.invokeSpecial(java.lang.Object, java.lang.Object, int, int, int, long, int, java.lang.Object, java.lang.Object, java.lang.Object, 
Event: 36.271 Thread 0x00007f9dff857000 Exception <a 'java/lang/NoSuchMethodError'{0x0000000780a15560}: 'java.lang.Object java.lang.invoke.DelegatingMethodHandle$Holder.reinvoke_L(java.lang.Object, int, int, int, long, int, java.lang.Object, java.lang.Object, java.lang.Object, int)'> (0x0000000
Event: 36.271 Thread 0x00007f9dff857000 Exception <a 'java/lang/NoSuchMethodError'{0x0000000780a1d160}: 'java.lang.Object java.lang.invoke.DirectMethodHandle$Holder.invokeStatic(java.lang.Object, java.lang.Object, java.lang.Object, java.lang.Object, java.lang.Object, int)'> (0x0000000780a1d160)
Event: 36.280 Thread 0x00007f9dff857000 Exception <a 'java/lang/NoSuchMethodError'{0x0000000780b0d420}: 'java.lang.Object java.lang.invoke.DelegatingMethodHandle$Holder.reinvoke_L(java.lang.Object, java.lang.Object, long)'> (0x0000000780b0d420) thrown at [/corretto/workspace/corretto11-repo/ins
Event: 36.321 Thread 0x00007f9e050ee000 Exception <a 'java/lang/NoSuchMethodError'{0x0000000780c9be88}: 'int java.lang.invoke.DirectMethodHandle$Holder.invokeSpecialIFC(java.lang.Object, java.lang.Object, int)'> (0x0000000780c9be88) thrown at [/corretto/workspace/corretto11-repo/installers/mac/
Event: 36.329 Thread 0x00007f9e050ee000 Exception <a 'java/lang/NoSuchMethodError'{0x0000000780cdfc98}: 'int java.lang.invoke.DirectMethodHandle$Holder.invokeStaticInit(java.lang.Object, java.lang.Object, java.lang.Object, java.lang.Object)'> (0x0000000780cdfc98) thrown at [/corretto/workspace/
Event: 36.329 Thread 0x00007f9e050ee000 Exception <a 'java/lang/IncompatibleClassChangeError'{0x0000000780ce8b10}: Found class java.lang.Object, but interface was expected> (0x0000000780ce8b10) thrown at [/corretto/workspace/corretto11-repo/installers/mac/tar/corretto-build/buildRoot/src/src/ho
Event: 36.662 Thread 0x00007f9dff857000 Exception <a 'java/lang/NoSuchMethodError'{0x000000078058a998}: 'java.lang.Object java.lang.invoke.DelegatingMethodHandle$Holder.reinvoke_L(java.lang.Object, java.lang.Object, int, int, long, int, int, java.lang.Object, java.lang.Object, int)'> (0x0000000
Event: 36.664 Thread 0x00007f9dff857000 Exception <a 'java/lang/NoSuchMethodError'{0x00000007805e8500}: 'java.lang.Object java.lang.invoke.DirectMethodHandle$Holder.invokeSpecial(java.lang.Object, java.lang.Object, int, int, int, long, int, int, java.lang.Object, java.lang.Object, int)'> (0x000
Event: 36.664 Thread 0x00007f9dff857000 Exception <a 'java/lang/NoSuchMethodError'{0x00000007805ebf60}: 'java.lang.Object java.lang.invoke.DelegatingMethodHandle$Holder.reinvoke_L(java.lang.Object, int, int, int, long, int, int, java.lang.Object, java.lang.Object, int)'> (0x00000007805ebf60) th
Event: 37.320 Thread 0x00007f9dff857000 Exception <a 'java/io/FileNotFoundException'{0x0000000781450028}> (0x0000000781450028) thrown at [/corretto/workspace/corretto11-repo/installers/mac/tar/corretto-build/buildRoot/src/src/hotspot/share/prims/jni.cpp, line 615]
Event: 37.320 Thread 0x00007f9dff857000 Exception <a 'java/io/FileNotFoundException'{0x0000000781453598}> (0x0000000781453598) thrown at [/corretto/workspace/corretto11-repo/installers/mac/tar/corretto-build/buildRoot/src/src/hotspot/share/prims/jni.cpp, line 615]
Event: 37.320 Thread 0x00007f9dff857000 Exception <a 'java/io/FileNotFoundException'{0x0000000781454508}> (0x0000000781454508) thrown at [/corretto/workspace/corretto11-repo/installers/mac/tar/corretto-build/buildRoot/src/src/hotspot/share/prims/jni.cpp, line 615]
Event: 37.321 Thread 0x00007f9dff857000 Exception <a 'java/io/FileNotFoundException'{0x00000007814677d8}> (0x00000007814677d8) thrown at [/corretto/workspace/corretto11-repo/installers/mac/tar/corretto-build/buildRoot/src/src/hotspot/share/prims/jni.cpp, line 615]
Event: 37.746 Thread 0x00007f9dff857000 Exception <a 'java/lang/NoSuchMethodError'{0x0000000780e5cbc0}: 'java.lang.Object java.lang.invoke.DirectMethodHandle$Holder.invokeStatic(java.lang.Object, java.lang.Object, java.lang.Object, java.lang.Object, java.lang.Object, java.lang.Object, java.lang
Event: 38.023 Thread 0x00007f9dfe70b800 Exception <a 'java/lang/NoClassDefFoundError'{0x000000078115a488}: com/sun/webkit/FileSystem> (0x000000078115a488) thrown at [/corretto/workspace/corretto11-repo/installers/mac/tar/corretto-build/buildRoot/src/src/hotspot/share/classfile/systemDictionary.
Event: 38.023 Thread 0x00007f9dfe70b800 Exception <a 'java/lang/NoSuchMethodError'{0x000000078115a798}: fwkMakeAllDirectories> (0x000000078115a798) thrown at [/corretto/workspace/corretto11-repo/installers/mac/tar/corretto-build/buildRoot/src/src/hotspot/share/prims/jni.cpp, line 1331]

Events (20 events):
Event: 37.778 Thread 0x00007f9dff007000 flushing nmethod 0x00000001165ef090
Event: 37.778 Thread 0x00007f9dff007000 flushing nmethod 0x00000001165f4090
Event: 37.778 Thread 0x00007f9dff007000 flushing nmethod 0x00000001165f4490
Event: 37.778 Thread 0x00007f9dff007000 flushing nmethod 0x00000001165fcf90
Event: 37.778 Thread 0x00007f9dff007000 flushing nmethod 0x00000001165fd390
Event: 37.778 Thread 0x00007f9dff007000 flushing nmethod 0x0000000116605e90
Event: 37.778 Thread 0x00007f9dff007000 flushing nmethod 0x0000000116606990
Event: 37.778 Thread 0x00007f9dff007000 flushing nmethod 0x0000000116627110
Event: 37.779 Thread 0x00007f9dff007000 flushing nmethod 0x0000000116672c10
Event: 37.779 Thread 0x00007f9dff007000 flushing nmethod 0x000000011667d790
Event: 37.817 Thread 0x00007f9dfe70b800 Thread added: 0x00007f9dfe70b800
Event: 37.817 Protecting memory [0x000070000d991000,0x000070000d995000] with protection modes 0
Event: 37.818 Executing VM operation: RevokeBias
Event: 37.818 Executing VM operation: RevokeBias done
Event: 37.818 Protecting memory [0x000070000d991000,0x000070000d995000] with protection modes 3
Event: 37.818 Thread 0x00007f9dfe70b800 Thread exited: 0x00007f9dfe70b800
Event: 38.023 Protecting memory [0x000070000d991000,0x000070000d995000] with protection modes 0
Event: 38.023 Thread 0x00007f9dfe70b800 Thread added: 0x00007f9dfe70b800
Event: 38.023 loading class com/sun/webkit/FileSystem
Event: 38.023 loading class com/sun/webkit/FileSystem done


Dynamic libraries:
0x00007fff36b65000 	/System/Library/Frameworks/Cocoa.framework/Versions/A/Cocoa
0x00007fff44131000 	/System/Library/Frameworks/Security.framework/Versions/A/Security
0x00007fff35af0000 	/System/Library/Frameworks/ApplicationServices.framework/Versions/A/ApplicationServices
0x00007fff6e516000 	/usr/lib/libz.1.dylib
0x00000001047db000 	/Library/Java/JavaVirtualMachines/amazon-corretto-11.jdk/Contents/Home/lib/jli/libjli.dylib
0x00007fff6bfe9000 	/usr/lib/libSystem.B.dylib
0x00007fff34ce5000 	/System/Library/Frameworks/AppKit.framework/Versions/C/AppKit
0x00007fff375e8000 	/System/Library/Frameworks/CoreData.framework/Versions/A/CoreData
0x00007fff3a1a0000 	/System/Library/Frameworks/Foundation.framework/Versions/C/Foundation
0x00007fff68894000 	/System/Library/PrivateFrameworks/UIFoundation.framework/Versions/A/UIFoundation
0x00007fff6307f000 	/System/Library/PrivateFrameworks/RemoteViewServices.framework/Versions/A/RemoteViewServices
0x00007fff6b324000 	/System/Library/PrivateFrameworks/XCTTargetBootstrap.framework/Versions/A/XCTTargetBootstrap
0x00007fff379cb000 	/System/Library/Frameworks/CoreDisplay.framework/Versions/A/CoreDisplay
0x00007fff3cf18000 	/System/Library/Frameworks/Metal.framework/Versions/A/Metal
0x00007fff514a0000 	/System/Library/PrivateFrameworks/DesktopServicesPriv.framework/Versions/A/DesktopServicesPriv
0x00007fff6d11f000 	/usr/lib/liblangid.dylib
0x00007fff505f7000 	/System/Library/PrivateFrameworks/CoreSVG.framework/Versions/A/CoreSVG
0x00007fff65e41000 	/System/Library/PrivateFrameworks/SkyLight.framework/Versions/A/SkyLight
0x00007fff37f5d000 	/System/Library/Frameworks/CoreGraphics.framework/Versions/A/CoreGraphics
0x00007fff33884000 	/System/Library/Frameworks/Accelerate.framework/Versions/A/Accelerate
0x00007fff6e407000 	/usr/lib/libxml2.2.dylib
0x00007fff5c1be000 	/System/Library/PrivateFrameworks/IconServices.framework/Versions/A/IconServices
0x00007fff3a984000 	/System/Library/Frameworks/IOSurface.framework/Versions/A/IOSurface
0x00007fff6bb21000 	/usr/lib/libDiagnosticMessagesClient.dylib
0x00007fff51319000 	/System/Library/PrivateFrameworks/DFRFoundation.framework/Versions/A/DFRFoundation
0x00007fff6cead000 	/usr/lib/libicucore.A.dylib
0x00007fff35e22000 	/System/Library/Frameworks/AudioToolbox.framework/Versions/A/AudioToolbox
0x00007fff35f04000 	/System/Library/Frameworks/AudioUnit.framework/Versions/A/AudioUnit
0x00007fff6c1ea000 	/usr/lib/libauto.dylib
0x00007fff5139a000 	/System/Library/PrivateFrameworks/DataDetectorsCore.framework/Versions/A/DataDetectorsCore
0x00007fff36685000 	/System/Library/Frameworks/Carbon.framework/Versions/A/Frameworks/HIToolbox.framework/Versions/A/HIToolbox
0x00007fff43363000 	/System/Library/Frameworks/QuartzCore.framework/Versions/A/QuartzCore
0x00007fff369c4000 	/System/Library/Frameworks/Carbon.framework/Versions/A/Frameworks/SpeechRecognition.framework/Versions/A/SpeechRecognition
0x00007fff50c9f000 	/System/Library/PrivateFrameworks/CoreUI.framework/Versions/A/CoreUI
0x00007fff3704e000 	/System/Library/Frameworks/CoreAudio.framework/Versions/A/CoreAudio
0x00007fff39e68000 	/System/Library/Frameworks/DiskArbitration.framework/Versions/A/DiskArbitration
0x00007fff5e1d2000 	/System/Library/PrivateFrameworks/MultitouchSupport.framework/Versions/A/MultitouchSupport
0x00007fff6cd73000 	/usr/lib/libenergytrace.dylib
0x00007fff3a8df000 	/System/Library/Frameworks/IOKit.framework/Versions/A/IOKit
0x00007fff38ecb000 	/System/Library/Frameworks/CoreServices.framework/Versions/A/CoreServices
0x00007fff602dc000 	/System/Library/PrivateFrameworks/PerformanceAnalysis.framework/Versions/A/PerformanceAnalysis
0x00007fff42399000 	/System/Library/Frameworks/OpenGL.framework/Versions/A/OpenGL
0x00007fff6de3a000 	/usr/lib/libobjc.A.dylib
0x00007fff36b73000 	/System/Library/Frameworks/ColorSync.framework/Versions/A/ColorSync
0x00007fff37adb000 	/System/Library/Frameworks/CoreFoundation.framework/Versions/A/CoreFoundation
0x00007fff385e4000 	/System/Library/Frameworks/CoreImage.framework/Versions/A/CoreImage
0x00007fff39941000 	/System/Library/Frameworks/CoreText.framework/Versions/A/CoreText
0x00007fff3aa0a000 	/System/Library/Frameworks/ImageIO.framework/Versions/A/ImageIO
0x00007fff6c2cf000 	/usr/lib/libc++.1.dylib
0x00007fff6c34b000 	/usr/lib/libcompression.dylib
0x00007fff6be63000 	/usr/lib/libMobileGestalt.dylib
0x00007fff67976000 	/System/Library/PrivateFrameworks/TextureIO.framework/Versions/A/TextureIO
0x00007fff6c150000 	/usr/lib/libate.dylib
0x00007fff5c3c7000 	/System/Library/PrivateFrameworks/InternationalSupport.framework/Versions/A/InternationalSupport
0x00007fff6ef8c000 	/usr/lib/system/libcache.dylib
0x00007fff6ef92000 	/usr/lib/system/libcommonCrypto.dylib
0x00007fff6ef9e000 	/usr/lib/system/libcompiler_rt.dylib
0x00007fff6efa6000 	/usr/lib/system/libcopyfile.dylib
0x00007fff6efb0000 	/usr/lib/system/libcorecrypto.dylib
0x00007fff6f15e000 	/usr/lib/system/libdispatch.dylib
0x00007fff6f1a0000 	/usr/lib/system/libdyld.dylib
0x00007fff6f1d6000 	/usr/lib/system/libkeymgr.dylib
0x00007fff6f1e4000 	/usr/lib/system/liblaunch.dylib
0x00007fff6f1e5000 	/usr/lib/system/libmacho.dylib
0x00007fff6f1eb000 	/usr/lib/system/libquarantine.dylib
0x00007fff6f1ee000 	/usr/lib/system/libremovefile.dylib
0x00007fff6f1f0000 	/usr/lib/system/libsystem_asl.dylib
0x00007fff6f208000 	/usr/lib/system/libsystem_blocks.dylib
0x00007fff6f209000 	/usr/lib/system/libsystem_c.dylib
0x00007fff6f291000 	/usr/lib/system/libsystem_configuration.dylib
0x00007fff6f295000 	/usr/lib/system/libsystem_coreservices.dylib
0x00007fff6f299000 	/usr/lib/system/libsystem_darwin.dylib
0x00007fff6f2a2000 	/usr/lib/system/libsystem_dnssd.dylib
0x00007fff6f2aa000 	/usr/lib/system/libsystem_featureflags.dylib
0x00007fff6f2ac000 	/usr/lib/system/libsystem_info.dylib
0x00007fff6f327000 	/usr/lib/system/libsystem_m.dylib
0x00007fff6f36f000 	/usr/lib/system/libsystem_malloc.dylib
0x00007fff6f397000 	/usr/lib/system/libsystem_networkextension.dylib
0x00007fff6f3a5000 	/usr/lib/system/libsystem_notify.dylib
0x00007fff6f3c4000 	/usr/lib/system/libsystem_sandbox.dylib
0x00007fff6f3c9000 	/usr/lib/system/libsystem_secinit.dylib
0x00007fff6f2fa000 	/usr/lib/system/libsystem_kernel.dylib
0x00007fff6f3af000 	/usr/lib/system/libsystem_platform.dylib
0x00007fff6f3b9000 	/usr/lib/system/libsystem_pthread.dylib
0x00007fff6f3cc000 	/usr/lib/system/libsystem_symptoms.dylib
0x00007fff6f3d4000 	/usr/lib/system/libsystem_trace.dylib
0x00007fff6f3ec000 	/usr/lib/system/libunwind.dylib
0x00007fff6f3f2000 	/usr/lib/system/libxpc.dylib
0x00007fff6c323000 	/usr/lib/libc++abi.dylib
0x00007fff6d121000 	/usr/lib/liblzma.5.dylib
0x00007fff6cd9b000 	/usr/lib/libfakelink.dylib
0x00007fff6c0dd000 	/usr/lib/libarchive.2.dylib
0x00007fff452d1000 	/System/Library/Frameworks/SystemConfiguration.framework/Versions/A/SystemConfiguration
0x00007fff6ba52000 	/usr/lib/libCRFSuite.dylib
0x00007fff3627a000 	/System/Library/Frameworks/CFNetwork.framework/Versions/A/CFNetwork
0x00007fff6c2b1000 	/usr/lib/libbsm.0.dylib
0x00007fff6f1d7000 	/usr/lib/system/libkxld.dylib
0x00007fff4addb000 	/System/Library/PrivateFrameworks/AppleFSCompression.framework/Versions/A/AppleFSCompression
0x00007fff6c632000 	/usr/lib/libcoretls.dylib
0x00007fff6c649000 	/usr/lib/libcoretls_cfhelpers.dylib
0x00007fff6de7e000 	/usr/lib/libpam.2.dylib
0x00007fff6dfb1000 	/usr/lib/libsqlite3.dylib
0x00007fff6e3f4000 	/usr/lib/libxar.1.dylib
0x00007fff6c2c2000 	/usr/lib/libbz2.1.0.dylib
0x00007fff6cdbc000 	/usr/lib/libiconv.2.dylib
0x00007fff6c338000 	/usr/lib/libcharset.1.dylib
0x00007fff6d925000 	/usr/lib/libnetwork.dylib
0x00007fff6de85000 	/usr/lib/libpcap.A.dylib
0x00007fff6c092000 	/usr/lib/libapple_nghttp2.dylib
0x00007fff39282000 	/System/Library/Frameworks/CoreServices.framework/Versions/A/Frameworks/FSEvents.framework/Versions/A/FSEvents
0x00007fff38f52000 	/System/Library/Frameworks/CoreServices.framework/Versions/A/Frameworks/CarbonCore.framework/Versions/A/CarbonCore
0x00007fff394c5000 	/System/Library/Frameworks/CoreServices.framework/Versions/A/Frameworks/Metadata.framework/Versions/A/Metadata
0x00007fff3955e000 	/System/Library/Frameworks/CoreServices.framework/Versions/A/Frameworks/OSServices.framework/Versions/A/OSServices
0x00007fff3958c000 	/System/Library/Frameworks/CoreServices.framework/Versions/A/Frameworks/SearchKit.framework/Versions/A/SearchKit
0x00007fff38ecc000 	/System/Library/Frameworks/CoreServices.framework/Versions/A/Frameworks/AE.framework/Versions/A/AE
0x00007fff3928b000 	/System/Library/Frameworks/CoreServices.framework/Versions/A/Frameworks/LaunchServices.framework/Versions/A/LaunchServices
0x00007fff39234000 	/System/Library/Frameworks/CoreServices.framework/Versions/A/Frameworks/DictionaryServices.framework/Versions/A/DictionaryServices
0x00007fff395f4000 	/System/Library/Frameworks/CoreServices.framework/Versions/A/Frameworks/SharedFileList.framework/Versions/A/SharedFileList
0x00007fff3e1ed000 	/System/Library/Frameworks/NetFS.framework/Versions/A/NetFS
0x00007fff5e6ff000 	/System/Library/PrivateFrameworks/NetAuth.framework/Versions/A/NetAuth
0x00007fff6b6ef000 	/System/Library/PrivateFrameworks/login.framework/Versions/A/Frameworks/loginsupport.framework/Versions/A/loginsupport
0x00007fff67471000 	/System/Library/PrivateFrameworks/TCC.framework/Versions/A/TCC
0x00007fff4f9c6000 	/System/Library/PrivateFrameworks/CoreNLP.framework/Versions/A/CoreNLP
0x00007fff5dc02000 	/System/Library/PrivateFrameworks/MetadataUtilities.framework/Versions/A/MetadataUtilities
0x00007fff6d1f9000 	/usr/lib/libmecabra.dylib
0x00007fff6d151000 	/usr/lib/libmecab.dylib
0x00007fff6cdac000 	/usr/lib/libgermantok.dylib
0x00007fff6c079000 	/usr/lib/libThaiTokenizer.dylib
0x00007fff6ba8a000 	/usr/lib/libChineseTokenizer.dylib
0x00007fff3389c000 	/System/Library/Frameworks/Accelerate.framework/Versions/A/Frameworks/vImage.framework/Versions/A/vImage
0x00007fff34b3f000 	/System/Library/Frameworks/Accelerate.framework/Versions/A/Frameworks/vecLib.framework/Versions/A/vecLib
0x00007fff34a83000 	/System/Library/Frameworks/Accelerate.framework/Versions/A/Frameworks/vecLib.framework/Versions/A/libvMisc.dylib
0x00007fff348a9000 	/System/Library/Frameworks/Accelerate.framework/Versions/A/Frameworks/vecLib.framework/Versions/A/libvDSP.dylib
0x00007fff33f08000 	/System/Library/Frameworks/Accelerate.framework/Versions/A/Frameworks/vecLib.framework/Versions/A/libBLAS.dylib
0x00007fff34463000 	/System/Library/Frameworks/Accelerate.framework/Versions/A/Frameworks/vecLib.framework/Versions/A/libLAPACK.dylib
0x00007fff34809000 	/System/Library/Frameworks/Accelerate.framework/Versions/A/Frameworks/vecLib.framework/Versions/A/libLinearAlgebra.dylib
0x00007fff34896000 	/System/Library/Frameworks/Accelerate.framework/Versions/A/Frameworks/vecLib.framework/Versions/A/libSparseBLAS.dylib
0x00007fff3481f000 	/System/Library/Frameworks/Accelerate.framework/Versions/A/Frameworks/vecLib.framework/Versions/A/libQuadrature.dylib
0x00007fff34172000 	/System/Library/Frameworks/Accelerate.framework/Versions/A/Frameworks/vecLib.framework/Versions/A/libBNNS.dylib
0x00007fff34825000 	/System/Library/Frameworks/Accelerate.framework/Versions/A/Frameworks/vecLib.framework/Versions/A/libSparse.dylib
0x00007fff5c786000 	/System/Library/PrivateFrameworks/LanguageModeling.framework/Versions/A/LanguageModeling
0x00007fff4f362000 	/System/Library/PrivateFrameworks/CoreEmoji.framework/Versions/A/CoreEmoji
0x00007fff5c8a4000 	/System/Library/PrivateFrameworks/LinguisticData.framework/Versions/A/LinguisticData
0x00007fff5c855000 	/System/Library/PrivateFrameworks/Lexicon.framework/Versions/A/Lexicon
0x00007fff6c339000 	/usr/lib/libcmph.dylib
0x00007fff40dbf000 	/System/Library/Frameworks/OpenDirectory.framework/Versions/A/Frameworks/CFOpenDirectory.framework/Versions/A/CFOpenDirectory
0x00007fff40ddc000 	/System/Library/Frameworks/OpenDirectory.framework/Versions/A/OpenDirectory
0x00007fff490aa000 	/System/Library/PrivateFrameworks/APFS.framework/Versions/A/APFS
0x00007fff44484000 	/System/Library/Frameworks/SecurityFoundation.framework/Versions/A/SecurityFoundation
0x00007fff6e3f0000 	/usr/lib/libutil.dylib
0x00007fff5064f000 	/System/Library/PrivateFrameworks/CoreServicesStore.framework/Versions/A/CoreServicesStore
0x00007fff4453c000 	/System/Library/Frameworks/ServiceManagement.framework/Versions/A/ServiceManagement
0x00007fff4c592000 	/System/Library/PrivateFrameworks/BackgroundTaskManagement.framework/Versions/A/BackgroundTaskManagement
0x00007fff6e4ed000 	/usr/lib/libxslt.1.dylib
0x00007fff4b440000 	/System/Library/PrivateFrameworks/AppleSystemInfo.framework/Versions/A/AppleSystemInfo
0x00007fff3ac27000 	/System/Library/Frameworks/ImageIO.framework/Versions/A/Resources/libJPEG.dylib
0x00007fff3aee6000 	/System/Library/Frameworks/ImageIO.framework/Versions/A/Resources/libTIFF.dylib
0x00007fff3aec9000 	/System/Library/Frameworks/ImageIO.framework/Versions/A/Resources/libPng.dylib
0x00007fff3ab68000 	/System/Library/Frameworks/ImageIO.framework/Versions/A/Resources/libGIF.dylib
0x00007fff3ab6c000 	/System/Library/Frameworks/ImageIO.framework/Versions/A/Resources/libJP2.dylib
0x00007fff3aee4000 	/System/Library/Frameworks/ImageIO.framework/Versions/A/Resources/libRadiance.dylib
0x00007fff6cd74000 	/usr/lib/libexpat.1.dylib
0x00007fff4af36000 	/System/Library/PrivateFrameworks/AppleJPEG.framework/Versions/A/AppleJPEG
0x00007fff538bc000 	/System/Library/PrivateFrameworks/FontServices.framework/libFontParser.dylib
0x00007fff6a746000 	/System/Library/PrivateFrameworks/WatchdogClient.framework/Versions/A/WatchdogClient
0x00007fff5be13000 	/System/Library/PrivateFrameworks/IOAccelerator.framework/Versions/A/IOAccelerator
0x00007fff3d2a6000 	/System/Library/Frameworks/MetalPerformanceShaders.framework/Versions/A/MetalPerformanceShaders
0x00007fff5860a000 	/System/Library/PrivateFrameworks/GPUWrangler.framework/Versions/A/GPUWrangler
0x00007fff5be1e000 	/System/Library/PrivateFrameworks/IOPresentment.framework/Versions/A/IOPresentment
0x00007fff5132c000 	/System/Library/PrivateFrameworks/DSExternalDisplay.framework/Versions/A/DSExternalDisplay
0x00007fff41745000 	/System/Library/Frameworks/OpenGL.framework/Versions/A/Libraries/libCoreFSCache.dylib
0x00007fff3cff8000 	/System/Library/Frameworks/MetalPerformanceShaders.framework/Frameworks/MPSCore.framework/Versions/A/MPSCore
0x00007fff3d035000 	/System/Library/Frameworks/MetalPerformanceShaders.framework/Frameworks/MPSImage.framework/Versions/A/MPSImage
0x00007fff3d0f7000 	/System/Library/Frameworks/MetalPerformanceShaders.framework/Frameworks/MPSNeuralNetwork.framework/Versions/A/MPSNeuralNetwork
0x00007fff3d0bc000 	/System/Library/Frameworks/MetalPerformanceShaders.framework/Frameworks/MPSMatrix.framework/Versions/A/MPSMatrix
0x00007fff3d257000 	/System/Library/Frameworks/MetalPerformanceShaders.framework/Frameworks/MPSRayIntersector.framework/Versions/A/MPSRayIntersector
0x00007fff3d0e1000 	/System/Library/Frameworks/MetalPerformanceShaders.framework/Frameworks/MPSNDArray.framework/Versions/A/MPSNDArray
0x00007fff5dc4f000 	/System/Library/PrivateFrameworks/MetalTools.framework/Versions/A/MetalTools
0x00007fff4a261000 	/System/Library/PrivateFrameworks/AggregateDictionary.framework/Versions/A/AggregateDictionary
0x00007fff4edec000 	/System/Library/PrivateFrameworks/CoreAnalytics.framework/Versions/A/CoreAnalytics
0x00007fff4b35e000 	/System/Library/PrivateFrameworks/AppleSauce.framework/Versions/A/AppleSauce
0x00007fff6bd46000 	/usr/lib/libIOReport.dylib
0x00007fff39af6000 	/System/Library/Frameworks/CoreVideo.framework/Versions/A/CoreVideo
0x00007fff59a76000 	/System/Library/PrivateFrameworks/GraphVisualizer.framework/Versions/A/GraphVisualizer
0x00007fff52e3d000 	/System/Library/PrivateFrameworks/FaceCore.framework/Versions/A/FaceCore
0x00007fff40d66000 	/System/Library/Frameworks/OpenCL.framework/Versions/A/OpenCL
0x00007fff6bb68000 	/usr/lib/libFosl_dynamic.dylib
0x00007fff5f0fa000 	/System/Library/PrivateFrameworks/OTSVG.framework/Versions/A/OTSVG
0x00007fff35bf5000 	/System/Library/Frameworks/ApplicationServices.framework/Versions/A/Frameworks/ATS.framework/Versions/A/Resources/libFontRegistry.dylib
0x00007fff53a8d000 	/System/Library/PrivateFrameworks/FontServices.framework/libhvf.dylib
0x00007fff41750000 	/System/Library/Frameworks/OpenGL.framework/Versions/A/Libraries/libGFXShared.dylib
0x00007fff4192d000 	/System/Library/Frameworks/OpenGL.framework/Versions/A/Libraries/libGLU.dylib
0x00007fff41759000 	/System/Library/Frameworks/OpenGL.framework/Versions/A/Libraries/libGL.dylib
0x00007fff41764000 	/System/Library/Frameworks/OpenGL.framework/Versions/A/Libraries/libGLImage.dylib
0x00007fff41742000 	/System/Library/Frameworks/OpenGL.framework/Versions/A/Libraries/libCVMSPluginSupport.dylib
0x00007fff4174b000 	/System/Library/Frameworks/OpenGL.framework/Versions/A/Libraries/libCoreVMClient.dylib
0x00007fff6d7c7000 	/usr/lib/libncurses.5.4.dylib
0x00007fff35af1000 	/System/Library/Frameworks/ApplicationServices.framework/Versions/A/Frameworks/ATS.framework/Versions/A/ATS
0x00007fff35cbe000 	/System/Library/Frameworks/ApplicationServices.framework/Versions/A/Frameworks/ColorSyncLegacy.framework/Versions/A/ColorSyncLegacy
0x00007fff35d5d000 	/System/Library/Frameworks/ApplicationServices.framework/Versions/A/Frameworks/HIServices.framework/Versions/A/HIServices
0x00007fff35db4000 	/System/Library/Frameworks/ApplicationServices.framework/Versions/A/Frameworks/LangAnalysis.framework/Versions/A/LangAnalysis
0x00007fff35dc3000 	/System/Library/Frameworks/ApplicationServices.framework/Versions/A/Frameworks/PrintCore.framework/Versions/A/PrintCore
0x00007fff35e09000 	/System/Library/Frameworks/ApplicationServices.framework/Versions/A/Frameworks/QD.framework/Versions/A/QD
0x00007fff35e14000 	/System/Library/Frameworks/ApplicationServices.framework/Versions/A/Frameworks/SpeechSynthesis.framework/Versions/A/SpeechSynthesis
0x00007fff35c8e000 	/System/Library/Frameworks/ApplicationServices.framework/Versions/A/Frameworks/ATSUI.framework/Versions/A/ATSUI
0x00007fff6cc08000 	/usr/lib/libcups.2.dylib
0x00007fff3c355000 	/System/Library/Frameworks/Kerberos.framework/Versions/A/Kerberos
0x00007fff3a5d5000 	/System/Library/Frameworks/GSS.framework/Versions/A/GSS
0x00007fff6df3d000 	/usr/lib/libresolv.9.dylib
0x00007fff59c17000 	/System/Library/PrivateFrameworks/Heimdal.framework/Versions/A/Heimdal
0x00007fff3c368000 	/System/Library/Frameworks/Kerberos.framework/Versions/A/Libraries/libHeimdalProxy.dylib
0x00007fff6cdb2000 	/usr/lib/libheimdal-asn1.dylib
0x00007fff4e292000 	/System/Library/PrivateFrameworks/CommonAuth.framework/Versions/A/CommonAuth
0x00007fff4b4dd000 	/System/Library/PrivateFrameworks/AssertionServices.framework/Versions/A/AssertionServices
0x00007fff4c080000 	/System/Library/PrivateFrameworks/AudioToolboxCore.framework/Versions/A/AudioToolboxCore
0x00007fff6b3a0000 	/System/Library/PrivateFrameworks/caulk.framework/Versions/A/caulk
0x00007fff4c63e000 	/System/Library/PrivateFrameworks/BaseBoard.framework/Versions/A/BaseBoard
0x00007fff6320e000 	/System/Library/PrivateFrameworks/RunningBoardServices.framework/Versions/A/RunningBoardServices
0x00007fff602e8000 	/System/Library/PrivateFrameworks/PersistentConnection.framework/Versions/A/PersistentConnection
0x00007fff62c5d000 	/System/Library/PrivateFrameworks/ProtocolBuffer.framework/Versions/A/ProtocolBuffer
0x00007fff4e2b7000 	/System/Library/PrivateFrameworks/CommonUtilities.framework/Versions/A/CommonUtilities
0x00007fff4c7c1000 	/System/Library/PrivateFrameworks/Bom.framework/Versions/A/Bom
0x00007fff6ba15000 	/usr/lib/libAudioToolboxUtility.dylib
0x00007fff4c59c000 	/System/Library/PrivateFrameworks/Backup.framework/Versions/A/Backup
0x00007fff5109c000 	/System/Library/PrivateFrameworks/CrashReporterSupport.framework/Versions/A/CrashReporterSupport
0x00007fff64d05000 	/System/Library/PrivateFrameworks/Sharing.framework/Versions/A/Sharing
0x00007fff4ac81000 	/System/Library/PrivateFrameworks/Apple80211.framework/Versions/A/Apple80211
0x00007fff4c2be000 	/System/Library/PrivateFrameworks/AuthKit.framework/Versions/A/AuthKit
0x00007fff50dcc000 	/System/Library/PrivateFrameworks/CoreUtils.framework/Versions/A/CoreUtils
0x00007fff39b3b000 	/System/Library/Frameworks/CoreWLAN.framework/Versions/A/CoreWLAN
0x00007fff3a760000 	/System/Library/Frameworks/IOBluetooth.framework/Versions/A/IOBluetooth
0x00007fff5df4d000 	/System/Library/PrivateFrameworks/MobileKeyBag.framework/Versions/A/MobileKeyBag
0x00007fff4fea2000 	/System/Library/PrivateFrameworks/CorePhoneNumbers.framework/Versions/A/CorePhoneNumbers
0x00007fff4aee9000 	/System/Library/PrivateFrameworks/AppleIDAuthSupport.framework/Versions/A/AppleIDAuthSupport
0x00007fff3e1fa000 	/System/Library/Frameworks/Network.framework/Versions/A/Network
0x00007fff5c60e000 	/System/Library/PrivateFrameworks/KeychainCircle.framework/Versions/A/KeychainCircle
0x00007fff375b0000 	/System/Library/Frameworks/CoreBluetooth.framework/Versions/A/CoreBluetooth
0x00007fff66981000 	/System/Library/PrivateFrameworks/SpeechRecognitionCore.framework/Versions/A/SpeechRecognitionCore
0x0000000106200000 	/Library/Java/JavaVirtualMachines/amazon-corretto-11.jdk/Contents/Home/lib/server/libjvm.dylib
0x0000000104804000 	/Library/Java/JavaVirtualMachines/amazon-corretto-11.jdk/Contents/Home/lib/libverify.dylib
0x0000000104810000 	/Library/Java/JavaVirtualMachines/amazon-corretto-11.jdk/Contents/Home/lib/libjava.dylib
0x0000000104851000 	/Library/Java/JavaVirtualMachines/amazon-corretto-11.jdk/Contents/Home/lib/libinstrument.dylib
0x00000001048d5000 	/Library/Java/JavaVirtualMachines/amazon-corretto-11.jdk/Contents/Home/lib/libzip.dylib
0x00000001048dd000 	/Library/Java/JavaVirtualMachines/amazon-corretto-11.jdk/Contents/Home/lib/libjimage.dylib
0x000000010cdc0000 	/Library/Java/JavaVirtualMachines/amazon-corretto-11.jdk/Contents/Home/lib/libnio.dylib
0x000000010cdce000 	/Library/Java/JavaVirtualMachines/amazon-corretto-11.jdk/Contents/Home/lib/libnet.dylib
0x000000010ce6b000 	/Library/Java/JavaVirtualMachines/amazon-corretto-11.jdk/Contents/Home/lib/libextnet.dylib
0x000000010ced2000 	/Library/Java/JavaVirtualMachines/amazon-corretto-11.jdk/Contents/Home/lib/libawt.dylib
0x000000010cf6d000 	/Library/Java/JavaVirtualMachines/amazon-corretto-11.jdk/Contents/Home/lib/libmlib_image.dylib
0x00007fff3c33e000 	/System/Library/Frameworks/JavaVM.framework/Versions/A/Frameworks/JavaNativeFoundation.framework/Versions/A/JavaNativeFoundation
0x00007fff3c347000 	/System/Library/Frameworks/JavaVM.framework/Versions/A/Frameworks/JavaRuntimeSupport.framework/Versions/A/JavaRuntimeSupport
0x00007fff3c350000 	/System/Library/Frameworks/JavaVM.framework/Versions/A/JavaVM
0x00007fff5c471000 	/System/Library/PrivateFrameworks/JavaLaunching.framework/Versions/A/JavaLaunching
0x00007fff36680000 	/System/Library/Frameworks/Carbon.framework/Versions/A/Carbon
0x00007fff50b80000 	/System/Library/PrivateFrameworks/CoreSymbolication.framework/Versions/A/CoreSymbolication
0x00007fff36681000 	/System/Library/Frameworks/Carbon.framework/Versions/A/Frameworks/CommonPanels.framework/Versions/A/CommonPanels
0x00007fff3697a000 	/System/Library/Frameworks/Carbon.framework/Versions/A/Frameworks/Help.framework/Versions/A/Help
0x00007fff3697e000 	/System/Library/Frameworks/Carbon.framework/Versions/A/Frameworks/ImageCapture.framework/Versions/A/ImageCapture
0x00007fff36985000 	/System/Library/Frameworks/Carbon.framework/Versions/A/Frameworks/OpenScripting.framework/Versions/A/OpenScripting
0x00007fff36984000 	/System/Library/Frameworks/Carbon.framework/Versions/A/Frameworks/Ink.framework/Versions/A/Ink
0x00007fff369c0000 	/System/Library/Frameworks/Carbon.framework/Versions/A/Frameworks/Print.framework/Versions/A/Print
0x00007fff369c1000 	/System/Library/Frameworks/Carbon.framework/Versions/A/Frameworks/SecurityHI.framework/Versions/A/SecurityHI
0x00007fff51461000 	/System/Library/PrivateFrameworks/DebugSymbols.framework/Versions/A/DebugSymbols
0x000000010cfd8000 	/Library/Java/JavaVirtualMachines/amazon-corretto-11.jdk/Contents/Home/lib/libawt_lwawt.dylib
0x000000010d087000 	/Library/Java/JavaVirtualMachines/amazon-corretto-11.jdk/Contents/Home/lib/libosxapp.dylib
0x00007fff3a043000 	/System/Library/Frameworks/ExceptionHandling.framework/Versions/A/ExceptionHandling
0x0000000126565000 	/Library/Java/JavaVirtualMachines/amazon-corretto-11.jdk/Contents/Home/lib/libfontmanager.dylib
0x000000012665e000 	/Library/Java/JavaVirtualMachines/amazon-corretto-11.jdk/Contents/Home/lib/libfreetype.dylib
0x00007fff5061b000 	/System/Library/PrivateFrameworks/CoreServicesInternal.framework/Versions/A/CoreServicesInternal
0x00007fff3a062000 	/System/Library/Frameworks/FileProvider.framework/Versions/A/FileProvider
0x00007fff34b40000 	/System/Library/Frameworks/Accounts.framework/Versions/A/Accounts
0x00007fff5892c000 	/System/Library/PrivateFrameworks/GenerationalStorage.framework/Versions/A/GenerationalStorage
0x00007fff671b2000 	/System/Library/PrivateFrameworks/SymptomDiagnosticReporter.framework/Versions/A/SymptomDiagnosticReporter
0x00007fff4a772000 	/System/Library/PrivateFrameworks/AppContainer.framework/Versions/A/AppContainer
0x00007fff6df57000 	/usr/lib/libsandbox.1.dylib
0x00007fff696e2000 	/System/Library/PrivateFrameworks/UserManagement.framework/Versions/A/UserManagement
0x00007fff4d383000 	/System/Library/PrivateFrameworks/ChunkingLibrary.framework/Versions/A/ChunkingLibrary
0x00007fff4a7e4000 	/System/Library/PrivateFrameworks/AppSandbox.framework/Versions/A/AppSandbox
0x00007fff64b8f000 	/System/Library/PrivateFrameworks/SecCodeWrapper.framework/Versions/A/SecCodeWrapper
0x00007fff6be2c000 	/usr/lib/libMatch.1.dylib
0x00007fff2c160000 	/System/Library/CoreServices/RawCamera.bundle/Contents/MacOS/RawCamera
0x00007fff5dd77000 	/System/Library/PrivateFrameworks/MobileAsset.framework/Versions/A/MobileAsset
0x00007fff67060000 	/System/Library/PrivateFrameworks/StreamingZip.framework/Versions/A/StreamingZip
0x00007fff3c7d1000 	/System/Library/Frameworks/MediaToolbox.framework/Versions/A/MediaToolbox
0x00007fff4ed9b000 	/System/Library/PrivateFrameworks/CoreAVCHD.framework/Versions/A/CoreAVCHD
0x00007fff3c6fb000 	/System/Library/Frameworks/MediaAccessibility.framework/Versions/A/MediaAccessibility
0x00007fff5d142000 	/System/Library/PrivateFrameworks/Mangrove.framework/Versions/A/Mangrove
0x00007fff38d05000 	/System/Library/Frameworks/CoreMedia.framework/Versions/A/CoreMedia
0x00007fff5d3ae000 	/System/Library/PrivateFrameworks/MediaExperience.framework/Versions/A/MediaExperience
0x00007fff455b7000 	/System/Library/Frameworks/VideoToolbox.framework/Versions/A/VideoToolbox
0x00007fff4e9c5000 	/System/Library/PrivateFrameworks/CoreAUC.framework/Versions/A/CoreAUC
0x00007fff6dfaf000 	/usr/lib/libspindump.dylib
0x00007fff4ba2b000 	/System/Library/PrivateFrameworks/AudioResourceArbitration.framework/Versions/A/AudioResourceArbitration
0x00007fff4b444000 	/System/Library/PrivateFrameworks/AppleVA.framework/Versions/A/AppleVA
0x00007fff33885000 	/System/Library/Frameworks/Accelerate.framework/Versions/A/Frameworks/vImage.framework/Versions/A/Libraries/libCGInterfaces.dylib
0x000000010d11b000 	/usr/lib/libobjc-trampolines.dylib
0x00007fff539f4000 	/System/Library/PrivateFrameworks/FontServices.framework/libTrueTypeScaler.dylib
0x00007fff2c36f000 	/System/Library/Extensions/AMDMTLBronzeDriver.bundle/Contents/MacOS/AMDMTLBronzeDriver
0x00007fff5be09000 	/System/Library/PrivateFrameworks/IOAccelMemoryInfo.framework/Versions/A/IOAccelMemoryInfo
0x00007fff307a9000 	/System/Library/Extensions/AppleIntelKBLGraphicsMTLDriver.bundle/Contents/MacOS/AppleIntelKBLGraphicsMTLDriver
0x00007fff56f62000 	/System/Library/PrivateFrameworks/GPUCompiler.framework/Versions/3902/Libraries/libmetal_timestamp.dylib
0x00007fff6a4b6000 	/System/Library/PrivateFrameworks/ViewBridge.framework/Versions/A/ViewBridge
0x00007fff6b6f2000 	/System/Library/PrivateFrameworks/login.framework/Versions/A/login
0x000000010d0f7000 	/Library/Java/JavaVirtualMachines/amazon-corretto-11.jdk/Contents/Home/lib/libprefs.dylib
0x00007fff423a9000 	/System/Library/Frameworks/OpenGL.framework/Versions/A/Resources/GLEngine.bundle/GLEngine
0x00007fff4179a000 	/System/Library/Frameworks/OpenGL.framework/Versions/A/Libraries/libGLProgrammability.dylib
0x00007fff2f980000 	/System/Library/Extensions/AppleIntelKBLGraphicsGLDriver.bundle/Contents/MacOS/AppleIntelKBLGraphicsGLDriver
0x00007fff585fe000 	/System/Library/PrivateFrameworks/GPUSupport.framework/Versions/A/Libraries/libGPUSupportMercury.dylib
0x00000001294df000 	/System/Library/Extensions/AMDRadeonX4000GLDriver.bundle/Contents/MacOS/AMDRadeonX4000GLDriver
0x00007fff2c490000 	/System/Library/Extensions/AMDRadeonX4000GLDriver.bundle/Contents/MacOS/ATIRadeonX4000SCLib.dylib
0x00007fff2dab5000 	/System/Library/Extensions/AMDShared.bundle/Contents/PlugIns/libSC.dylib
0x00007fff42523000 	/System/Library/Frameworks/OpenGL.framework/Versions/A/Resources/GLRendererFloat.bundle/GLRendererFloat
0x00007fff40d5d000 	/System/Library/Frameworks/OpenCL.framework/Versions/A/Libraries/libcldcpuengine.dylib
0x00007fff6c7ed000 	/usr/lib/libcrypto.35.dylib
0x00007fff67bba000 	/System/Library/PrivateFrameworks/TrustEvaluationAgent.framework/Versions/A/TrustEvaluationAgent
0x000000010d12f000 	/Library/Java/JavaVirtualMachines/amazon-corretto-11.jdk/Contents/Home/lib/libosxui.dylib
0x000000015c1a1000 	/Library/Java/JavaVirtualMachines/amazon-corretto-11.jdk/Contents/Home/lib/libjavajpeg.dylib
0x000000010d0e3000 	/Users/adventure/.codenameone/javafx/lib/libprism_es2.dylib
0x000000015c0dd000 	/Users/adventure/.codenameone/javafx/lib/libglass.dylib
0x000000015f3e4000 	/Users/adventure/.codenameone/javafx/lib/libjfxwebkit.dylib
0x000000015c1ce000 	/Users/adventure/.codenameone/javafx/lib/libjavafx_font.dylib
0x0000000165319000 	/Library/Java/JavaVirtualMachines/amazon-corretto-11.jdk/Contents/Home/lib/libsunec.dylib
0x0000000163e81000 	/Users/adventure/.codenameone/javafx/lib/libjavafx_iio.dylib
0x000000016b200000 	/Users/adventure/.codenameone/javafx/lib/libglib-lite.dylib
0x00007fff6cd9e000 	/usr/lib/libffi.dylib
0x000000016b335000 	/Users/adventure/.codenameone/javafx/lib/libgstreamer-lite.dylib
0x0000000163d20000 	/Users/adventure/.codenameone/javafx/lib/libjfxmedia.dylib
0x0000000163e44000 	/Users/adventure/.codenameone/javafx/lib/libjfxmedia_avf.dylib
0x00007fff3349e000 	/System/Library/Frameworks/AVFoundation.framework/Versions/A/AVFoundation
0x00007fff33698000 	/System/Library/Frameworks/AVFoundation.framework/Versions/A/Frameworks/AVFAudio.framework/Versions/A/AVFAudio
0x00007fff38de0000 	/System/Library/Frameworks/CoreMediaIO.framework/Versions/A/CoreMediaIO
0x00007fff6ba08000 	/usr/lib/libAudioStatistics.dylib
0x00007fff6b737000 	/System/Library/PrivateFrameworks/perfdata.framework/Versions/A/perfdata
0x00007fff6def9000 	/usr/lib/libperfcheck.dylib
0x00007fff6bef7000 	/usr/lib/libSMC.dylib


VM Arguments:
jvm_args: -Xms128m -Xmx2048m -XX:ReservedCodeCacheSize=240m -XX:+UseConcMarkSweepGC -XX:SoftRefLRUPolicyMSPerMB=50 -ea -XX:CICompilerCount=2 -Dsun.io.useCanonPrefixCache=false -Djava.net.preferIPv4Stack=true -Djdk.http.auth.tunneling.disabledSchemes="" -XX:+HeapDumpOnOutOfMemoryError -XX:-OmitStackTraceInFastThrow -Djdk.attach.allowAttachSelf=true -Dkotlinx.coroutines.debug=off -Djdk.module.illegalAccess.silent=true -XX:+UseCompressedOops -Dfile.encoding=UTF-8 -XX:ErrorFile=$USER_HOME/java_error_in_idea_%p.log -XX:HeapDumpPath=$USER_HOME/java_error_in_idea.hprof -Dapple.laf.useScreenMenuBar=true -javaagent:/Applications/IntelliJ IDEA CE.app/Contents/lib/idea_rt.jar=51116:/Applications/IntelliJ IDEA CE.app/Contents/bin 
java_command: com.codename1.impl.javase.Simulator com.codename1.demos.kitchen.MyApplication
java_class_path (initial): /Users/adventure/Desktop/kitchesinkdemo/out/production/kitchesinkdemo:/Users/adventure/Desktop/kitchesinkdemo/src:/Users/adventure/Desktop/kitchesinkdemo/lib/CodenameOne.jar:/Users/adventure/Desktop/kitchesinkdemo/JavaSE.jar:native/internal_tmp:lib/impl/cls
Launcher Type: SUN_STANDARD

[Global flags]
     intx CICompilerCount                          = 2                                         {product} {command line}
    ccstr ErrorFile                                = $USER_HOME/java_error_in_idea_%p.log            {product} {command line}
     bool HeapDumpOnOutOfMemoryError               = true                                   {manageable} {command line}
    ccstr HeapDumpPath                             = $USER_HOME/java_error_in_idea.hprof         {manageable} {command line}
   size_t InitialHeapSize                          = 134217728                                 {product} {command line}
   size_t MaxHeapSize                              = 2147483648                                {product} {command line}
   size_t MaxNewSize                               = 715784192                                 {product} {ergonomic}
    uintx MaxTenuringThreshold                     = 6                                         {product} {ergonomic}
   size_t MinHeapDeltaBytes                        = 196608                                    {product} {ergonomic}
   size_t NewSize                                  = 44695552                                  {product} {ergonomic}
    uintx NonNMethodCodeHeapSize                   = 5825164                                {pd product} {ergonomic}
    uintx NonProfiledCodeHeapSize                  = 122916538                              {pd product} {ergonomic}
   size_t OldSize                                  = 89522176                                  {product} {ergonomic}
     bool OmitStackTraceInFastThrow                = false                                     {product} {command line}
    uintx ProfiledCodeHeapSize                     = 122916538                              {pd product} {ergonomic}
    uintx ReservedCodeCacheSize                    = 251658240                              {pd product} {command line}
     bool SegmentedCodeCache                       = true                                      {product} {ergonomic}
     intx SoftRefLRUPolicyMSPerMB                  = 50                                        {product} {command line}
     bool UseCompressedClassPointers               = true                                 {lp64_product} {ergonomic}
     bool UseCompressedOops                        = true                                 {lp64_product} {command line}
     bool UseConcMarkSweepGC                       = true                                      {product} {command line}

Logging:
Log output configuration:
 #0: stdout all=warning uptime,level,tags
 #1: stderr all=off uptime,level,tags

Environment Variables:
JAVA_HOME=/Library/Java/JavaVirtualMachines/amazon-corretto-11.jdk/Contents/Home
PATH=/usr/local/bin:/Library/Frameworks/Python.framework/Versions/3.7/bin:/usr/local/bin:/usr/bin:/bin:/usr/sbin:/sbin:/Users/adventure/dev/flutter/bin:/Users/adventure/Library/Android/sdk/tools:/Users/adventure/Library/Android/sdk/platform-tools
SHELL=/bin/zsh

Signal Handlers:
SIGSEGV: [libjvm.dylib+0x7577d8], sa_mask[0]=11111111011111110111111111111111, sa_flags=SA_ONSTACK|SA_RESTART|SA_SIGINFO
SIGBUS: [libjvm.dylib+0x7577d8], sa_mask[0]=11111111011111110111111111111111, sa_flags=SA_RESTART|SA_SIGINFO
SIGFPE: [libjvm.dylib+0x7577d8], sa_mask[0]=11111111011111110111111111111111, sa_flags=SA_RESTART|SA_SIGINFO
SIGPIPE: [libjvm.dylib+0x5fbe5c], sa_mask[0]=11111111011111110111111111111111, sa_flags=SA_RESTART|SA_SIGINFO
SIGXFSZ: [libjvm.dylib+0x5fbe5c], sa_mask[0]=11111111011111110111111111111111, sa_flags=SA_RESTART|SA_SIGINFO
SIGILL: [libjvm.dylib+0x7577d8], sa_mask[0]=11111111011111110111111111111111, sa_flags=SA_RESTART|SA_SIGINFO
SIGUSR2: [libjvm.dylib+0x5fc45a], sa_mask[0]=00100000000000000000000000000000, sa_flags=SA_RESTART|SA_SIGINFO
SIGHUP: [libjvm.dylib+0x5faf37], sa_mask[0]=11111111011111110111111111111111, sa_flags=SA_RESTART|SA_SIGINFO
SIGINT: [libjvm.dylib+0x5faf37], sa_mask[0]=11111111011111110111111111111111, sa_flags=SA_RESTART|SA_SIGINFO
SIGTERM: [libjvm.dylib+0x5faf37], sa_mask[0]=11111111011111110111111111111111, sa_flags=SA_RESTART|SA_SIGINFO
SIGQUIT: [libjvm.dylib+0x5faf37], sa_mask[0]=11111111011111110111111111111111, sa_flags=SA_RESTART|SA_SIGINFO


---------------  S Y S T E M  ---------------

OS:uname:Darwin 19.2.0 Darwin Kernel Version 19.2.0: Sat Nov  9 03:47:04 PST 2019; root:xnu-6153.61.1~20/RELEASE_X86_64 x86_64
rlimit: STACK 8192k, CORE 0k, NPROC 2784, NOFILE 10240, AS infinity, DATA infinity, FSIZE infinity
load average:2.84 2.43 2.41

CPU:total 12 (initial active 12) (6 cores per cpu, 2 threads per core) family 6 model 158 stepping 10, cmov, cx8, fxsr, mmx, sse, sse2, sse3, ssse3, sse4.1, sse4.2, popcnt, avx, avx2, aes, clmul, erms, 3dnowpref, lzcnt, ht, tsc, tscinvbit, bmi1, bmi2, adx, fma

Memory: 4k page, physical 16777216k(572988k free), swap 0k(0k free)

vm_info: OpenJDK 64-Bit Server VM (11.0.5+10-LTS) for bsd-amd64 JRE (11.0.5+10-LTS), built on Nov 12 2019 17:01:34 by "root" with gcc 4.2.1 Compatible Apple LLVM 8.0.0 (clang-800.0.42.1)

END.
