#
# A fatal error has been detected by the Java Runtime Environment:
#
#  SIGSEGV (0xb) at pc=0x00000001115e96f6, pid=1150, tid=103691
#
# JRE version: OpenJDK Runtime Environment (11.0.5+10) (build 11.0.5+10-LTS)
# Java VM: OpenJDK 64-Bit Server VM (11.0.5+10-LTS, mixed mode, tiered, compressed oops, concurrent mark sweep gc, bsd-amd64)
# Problematic frame:
# V  [libjvm.dylib+0x3e96f6]  jni_CallStaticBooleanMethodV+0x7c
#
# No core dump will be written. Core dumps have been disabled. To enable core dumping, try "ulimit -c unlimited" before starting Java again
#
# If you would like to submit a bug report, please visit:
#   http://bugreport.java.com/bugreport/crash.jsp
#

---------------  S U M M A R Y ------------

Command Line: -Xms128m -Xmx2048m -XX:ReservedCodeCacheSize=240m -XX:+UseConcMarkSweepGC -XX:SoftRefLRUPolicyMSPerMB=50 -ea -XX:CICompilerCount=2 -Dsun.io.useCanonPrefixCache=false -Djava.net.preferIPv4Stack=true -Djdk.http.auth.tunneling.disabledSchemes="" -XX:+HeapDumpOnOutOfMemoryError -XX:-OmitStackTraceInFastThrow -Djdk.attach.allowAttachSelf=true -Dkotlinx.coroutines.debug=off -Djdk.module.illegalAccess.silent=true -XX:+UseCompressedOops -Dfile.encoding=UTF-8 -XX:ErrorFile=$USER_HOME/java_error_in_idea_%p.log -XX:HeapDumpPath=$USER_HOME/java_error_in_idea.hprof -Dapple.laf.useScreenMenuBar=true -javaagent:/Applications/IntelliJ IDEA CE.app/Contents/lib/idea_rt.jar=49957:/Applications/IntelliJ IDEA CE.app/Contents/bin com.codename1.impl.javase.Simulator com.codename1.demos.kitchen.MyApplication

Host: MacBookPro15,1 x86_64 2200 MHz, 12 cores, 16G, Darwin 19.2.0
Time: Wed Jan  1 10:42:48 2020 +0545 elapsed time: 12 seconds (0d 0h 0m 12s)

---------------  T H R E A D  ---------------

Current thread (0x00007fe89b883000):  JavaThread "Thread-8" daemon [_thread_in_vm, id=103691, stack(0x000070000f236000,0x000070000f2b6000)]

Stack: [0x000070000f236000,0x000070000f2b6000],  sp=0x000070000f2b5be0,  free space=510k
Native frames: (J=compiled Java code, A=aot compiled Java code, j=interpreted, Vv=VM code, C=native code)
V  [libjvm.dylib+0x3e96f6]  jni_CallStaticBooleanMethodV+0x7c
C  [libjfxwebkit.dylib+0x9746]  JNIEnv_::CallStaticBooleanMethod(_jclass*, _jmethodID*, ...)+0x86
C  [libjfxwebkit.dylib+0x15884e8]  WebCore::FileSystem::makeAllDirectories(WTF::String const&)+0x268
C  [libjfxwebkit.dylib+0x22d12]  WebCore::StorageSyncManager::fullDatabaseFilename(WTF::String const&)+0x22
C  [libjfxwebkit.dylib+0x1f0d6]  WebKit::StorageAreaSync::openDatabase(WebKit::StorageAreaSync::OpenDatabaseParamType)+0x36
C  [libjfxwebkit.dylib+0x1f6ee]  WebKit::StorageAreaSync::performImport()+0x1e
C  [libjfxwebkit.dylib+0x23619]  WebCore::StorageThread::threadEntryPoint()+0x89
C  [libjfxwebkit.dylib+0x1a802b4]  WTF::Thread::entryPoint(WTF::Thread::NewThreadContext*)+0xe4
C  [libjfxwebkit.dylib+0x1ab68d9]  WTF::wtfThreadEntryPoint(void*)+0x9
C  [libsystem_pthread.dylib+0x5e65]  _pthread_start+0x94
C  [libsystem_pthread.dylib+0x183b]  thread_start+0xf


siginfo: si_signo: 11 (SIGSEGV), si_code: 1 (SEGV_MAPERR), si_addr: 0x0000000000000000

Register to memory mapping:

RAX=0x0 is NULL
RBX=0x00007fe89b883000 is a thread
RCX=0x00007fe894b05e78 points into unknown readable memory: b8 68 b8 80 07 00 00 00
RDX=0x0 is NULL
RSP=0x000070000f2b5be0 is pointing into the stack for thread: 0x00007fe89b883000
RBP=0x000070000f2b5c80 is pointing into the stack for thread: 0x00007fe89b883000
RSI=0x0 is NULL
RDI=0x00007fe89b883340 points into unknown readable memory: 70 a7 b0 11 01 00 00 00
R8 =0x000000000000000a is an unknown value
R9 =0x00007fe89b883000 is a thread
R10=0x0000000111adc820: _ZTV7CMSHeap+0x10 in /Library/Java/JavaVirtualMachines/amazon-corretto-11.jdk/Contents/Home/lib/server/libjvm.dylib at 0x0000000111200000
R11=0x0 is NULL
R12=0x0 is NULL
R13=0x000070000f2b5d40 is pointing into the stack for thread: 0x00007fe89b883000
R14=0x0 is NULL
R15=0x00007fe89b883340 points into unknown readable memory: 70 a7 b0 11 01 00 00 00


Registers:
RAX=0x0000000000000000, RBX=0x00007fe89b883000, RCX=0x00007fe894b05e78, RDX=0x0000000000000000
RSP=0x000070000f2b5be0, RBP=0x000070000f2b5c80, RSI=0x0000000000000000, RDI=0x00007fe89b883340
R8 =0x000000000000000a, R9 =0x00007fe89b883000, R10=0x0000000111adc820, R11=0x0000000000000000
R12=0x0000000000000000, R13=0x000070000f2b5d40, R14=0x0000000000000000, R15=0x00007fe89b883340
RIP=0x00000001115e96f6, EFLAGS=0x0000000000010206, ERR=0x0000000000000004
  TRAPNO=0x000000000000000e

Top of Stack: (sp=0x000070000f2b5be0)
0x000070000f2b5be0:   000070000f2b5c00 000000011191e087
0x000070000f2b5bf0:   4b97fa7c1ead009d 00007fe89b883000
0x000070000f2b5c00:   000070000f2b5c30 000000011191e060
0x000070000f2b5c10:   0000000000000001 00007fe89b883108
0x000070000f2b5c20:   00007fe800000004 0000000000000004
0x000070000f2b5c30:   00007fe89b883000 00007fe894b05e70
0x000070000f2b5c40:   0000000000000533 00000001119baa77
0x000070000f2b5c50:   00007fe89b883000 0000000000000000
0x000070000f2b5c60:   000000016e0884b0 00007fe89b883340
0x000070000f2b5c70:   0000000172ff2118 0000000000000000
0x000070000f2b5c80:   000070000f2b5d60 000000016ab05746
0x000070000f2b5c90:   0000000111b60201 00007fe89b883000
0x000070000f2b5ca0:   000070000f2b5cc0 00007fe894a098e0
0x000070000f2b5cb0:   000000000000000a 00007fe89b883000
0x000070000f2b5cc0:   000070000f2b5d20 00000001115ee597
0x000070000f2b5cd0:   00007fe89b883000 00007fe894b05e70
0x000070000f2b5ce0:   0000700000000533 00000001119baa77
0x000070000f2b5cf0:   00007fe89b883000 0000000000000000
0x000070000f2b5d00:   0000000000000039 0000000172ff2118
0x000070000f2b5d10:   0000000172ff2118 000070000f2b5d78
0x000070000f2b5d20:   000070000f2b5d60 000000016c5b338a
0x000070000f2b5d30:   0000000000000001 0000000000000000
0x000070000f2b5d40:   0000003000000018 000070000f2b5d70
0x000070000f2b5d50:   000070000f2b5c90 4b97fa7c1ead009d
0x000070000f2b5d60:   000070000f2b5db0 000000016c0844e8
0x000070000f2b5d70:   00007fe89966c850 00007fe894a098e0
0x000070000f2b5d80:   00007fe89b883340 0000000172ff2118
0x000070000f2b5d90:   000070000f2b5f30 0000000172547d20
0x000070000f2b5da0:   000070000f2b5e28 0000000172547de0
0x000070000f2b5db0:   000070000f2b5df0 000000016ab1ed12
0x000070000f2b5dc0:   4b97fa7c1ead009d 0000000780b842b8
0x000070000f2b5dd0:   000070000f2b5e50 000070000f2b5e28 

Instructions: (pc=0x00000001115e96f6)
0x00000001115e95f6:   0f 1f 40 00 48 83 7d 90 00 74 09 48 8d 7d 88 e8
0x00000001115e9606:   7c b1 24 00 48 8b 9b f0 00 00 00 4c 8b 73 08 48
0x00000001115e9616:   8b 43 10 48 83 38 00 74 19 48 8b 73 28 4c 89 f7
0x00000001115e9626:   e8 77 ec cf ff 48 8b 7b 10 e8 32 eb cf ff 48 8b
0x00000001115e9636:   43 10 49 89 46 10 48 8b 43 18 49 89 46 18 48 8b
0x00000001115e9646:   43 20 49 89 46 20 48 8d 7d a8 e8 ab 44 33 00 4c
0x00000001115e9656:   3b 6d d0 75 1a f2 0f 10 85 78 fe ff ff 48 81 c4
0x00000001115e9666:   68 01 00 00 5b 41 5c 41 5d 41 5e 41 5f 5d c3 e8
0x00000001115e9676:   da 58 39 00 55 48 89 e5 41 57 41 56 41 55 41 54
0x00000001115e9686:   53 48 83 ec 78 49 89 cd 49 89 d6 49 89 f4 49 89
0x00000001115e9696:   ff 49 8d 9f c0 fc ff ff b8 55 21 ff ff 41 03 87
0x00000001115e96a6:   90 00 00 00 83 f8 02 72 0a 48 89 df e8 8d 5f 31
0x00000001115e96b6:   00 31 db 48 8d 7d d0 48 89 de e8 bb 43 33 00 48
0x00000001115e96c6:   89 5d b0 48 c7 45 b8 00 00 00 00 48 83 7b 08 00
0x00000001115e96d6:   74 09 48 8d 7d b0 e8 59 b0 24 00 4c 89 ff 4c 89
0x00000001115e96e6:   e6 4c 89 f2 90 0f 1f 40 00 c7 45 a0 04 00 00 00
0x00000001115e96f6:   49 8b 06 48 8b 40 08 48 8b 48 08 0f b7 40 2c 48
0x00000001115e9706:   8b 74 c1 40 48 8d bd 60 ff ff ff e8 f6 cd 29 00
0x00000001115e9716:   c7 85 78 ff ff ff 63 00 00 00 48 c7 45 80 00 00
0x00000001115e9726:   00 00 48 8d 05 69 18 52 00 48 89 85 60 ff ff ff
0x00000001115e9736:   49 8b 45 10 48 89 45 98 49 8b 45 00 49 8b 4d 08
0x00000001115e9746:   48 89 4d 90 48 89 45 88 41 f6 c4 01 75 0b 4c 89
0x00000001115e9756:   e7 ff 15 23 04 52 00 eb 0c 49 ff cc 4c 89 e7 ff
0x00000001115e9766:   15 95 ac 51 00 48 89 c7 e8 ef ea fb ff 48 8b 08
0x00000001115e9776:   48 89 c7 48 89 de ff 91 b0 00 00 00 31 ff 48 83
0x00000001115e9786:   7b 08 00 41 bc 00 00 00 00 75 2f 48 8d 75 a0 48
0x00000001115e9796:   8d 8d 60 ff ff ff 4c 89 ff 4c 89 f2 49 89 d8 e8
0x00000001115e97a6:   a4 ec ff ff 31 ff 48 83 7b 08 00 41 bc 00 00 00
0x00000001115e97b6:   00 75 07 0f b6 7d a8 41 88 fc 90 0f 1f 40 00 48
0x00000001115e97c6:   83 7d b8 00 74 09 48 8d 7d b0 e8 b1 af 24 00 48
0x00000001115e97d6:   8b 9b f0 00 00 00 4c 8b 73 08 48 8b 43 10 48 83
0x00000001115e97e6:   38 00 74 19 48 8b 73 28 4c 89 f7 e8 ac ea cf ff 


Stack slot to memory mapping:
stack at sp + 0 slots: 0x000070000f2b5c00 is pointing into the stack for thread: 0x00007fe89b883000
stack at sp + 1 slots: 0x000000011191e087: _ZN6Atomic4loadIPVvEET_PVKS3_+0x17 in /Library/Java/JavaVirtualMachines/amazon-corretto-11.jdk/Contents/Home/lib/server/libjvm.dylib at 0x0000000111200000
stack at sp + 2 slots: 0x4b97fa7c1ead009d is an unknown value
stack at sp + 3 slots: 0x00007fe89b883000 is a thread
stack at sp + 4 slots: 0x000070000f2b5c30 is pointing into the stack for thread: 0x00007fe89b883000
stack at sp + 5 slots: 0x000000011191e060: _ZN11OrderAccess12ordered_loadIPVvL15ScopedFenceType0EEET_PVKS4_+0x30 in /Library/Java/JavaVirtualMachines/amazon-corretto-11.jdk/Contents/Home/lib/server/libjvm.dylib at 0x0000000111200000
stack at sp + 6 slots: 0x0000000000000001 is an unknown value
stack at sp + 7 slots: 0x00007fe89b883108 points into unknown readable memory: 00 f0 90 0f 01 00 00 00


---------------  P R O C E S S  ---------------

Threads class SMR info:
_java_thread_list=0x00007fe892dd7790, length=49, elements={
0x00007fe89402c000, 0x00007fe896004800, 0x00007fe895851800, 0x00007fe895852800,
0x00007fe895855800, 0x00007fe897800000, 0x00007fe893003000, 0x00007fe896094000,
0x00007fe896092000, 0x00007fe8938a7800, 0x00007fe894081800, 0x00007fe893132000,
0x00007fe89a000800, 0x00007fe8940c6000, 0x00007fe894007000, 0x00007fe8931de800,
0x00007fe8958fa000, 0x00007fe89a001800, 0x00007fe89322e000, 0x00007fe89324b800,
0x00007fe893249800, 0x00007fe8942ca800, 0x00007fe8931f8000, 0x00007fe895a77000,
0x00007fe89b884800, 0x00007fe89b040000, 0x00007fe89b066000, 0x00007fe895144800,
0x00007fe89b85f000, 0x00007fe89b81f800, 0x00007fe89b93c800, 0x00007fe894166000,
0x00007fe895146000, 0x00007fe89b2f9000, 0x00007fe893418000, 0x00007fe89b9e2800,
0x00007fe89b053000, 0x00007fe894114800, 0x00007fe895894800, 0x00007fe89b9e3000,
0x00007fe89ba1c800, 0x00007fe895ccf800, 0x00007fe893155000, 0x00007fe89b1d6000,
0x00007fe8954ea000, 0x00007fe89b882800, 0x00007fe89b077800, 0x00007fe8942a2000,
0x00007fe89b883000
}

Java Threads: ( => current thread )
  0x00007fe89402c000 JavaThread "Reference Handler" daemon [_thread_blocked, id=20483, stack(0x000070000afcf000,0x000070000b0cf000)]
  0x00007fe896004800 JavaThread "Finalizer" daemon [_thread_blocked, id=19715, stack(0x000070000b0d2000,0x000070000b1d2000)]
  0x00007fe895851800 JavaThread "Signal Dispatcher" daemon [_thread_blocked, id=17923, stack(0x000070000b2db000,0x000070000b3db000)]
  0x00007fe895852800 JavaThread "C2 CompilerThread0" daemon [_thread_in_native, id=14851, stack(0x000070000b3de000,0x000070000b4de000)]
  0x00007fe895855800 JavaThread "C1 CompilerThread0" daemon [_thread_blocked, id=17411, stack(0x000070000b4e1000,0x000070000b5e1000)]
  0x00007fe897800000 JavaThread "Sweeper thread" daemon [_thread_blocked, id=17155, stack(0x000070000b5e4000,0x000070000b6e4000)]
  0x00007fe893003000 JavaThread "Common-Cleaner" daemon [_thread_blocked, id=16387, stack(0x000070000b6e7000,0x000070000b7e7000)]
  0x00007fe896094000 JavaThread "Monitor Ctrl-Break" daemon [_thread_in_native, id=43267, stack(0x000070000b7ea000,0x000070000b8ea000)]
  0x00007fe896092000 JavaThread "Service Thread" daemon [_thread_blocked, id=22275, stack(0x000070000b8ed000,0x000070000b9ed000)]
  0x00007fe8938a7800 JavaThread "JavaFX Application Thread" daemon [_thread_in_native, id=775, stack(0x00007ffedfb6c000,0x00007ffee036c000)]
  0x00007fe894081800 JavaThread "AWT-Shutdown" [_thread_blocked, id=36355, stack(0x000070000baf3000,0x000070000bbf3000)]
  0x00007fe893132000 JavaThread "Timer-0" daemon [_thread_blocked, id=73991, stack(0x000070000c197000,0x000070000c297000)]
  0x00007fe89a000800 JavaThread "AWT-EventQueue-0" [_thread_blocked, id=56067, stack(0x000070000c39d000,0x000070000c49d000)]
  0x00007fe8940c6000 JavaThread "Thread-4" [_thread_blocked, id=73223, stack(0x000070000c29a000,0x000070000c39a000)]
  0x00007fe894007000 JavaThread "DestroyJavaVM" [_thread_blocked, id=9987, stack(0x000070000aac0000,0x000070000abc0000)]
  0x00007fe8931de800 JavaThread "Java2D Queue Flusher" daemon [_thread_blocked, id=56327, stack(0x000070000c4a0000,0x000070000c5a0000)]
  0x00007fe8958fa000 JavaThread "Attach Listener" daemon [_thread_blocked, id=56835, stack(0x000070000c5a3000,0x000070000c6a3000)]
  0x00007fe89a001800 JavaThread "Java2D Disposer" daemon [_thread_blocked, id=68871, stack(0x000070000c6a6000,0x000070000c7a6000)]
  0x00007fe89322e000 JavaThread "EDT" [_thread_blocked, id=88835, stack(0x000070000d1c7000,0x000070000d2c7000)]
  0x00007fe89324b800 JavaThread "Network Thread" [_thread_in_native, id=89627, stack(0x000070000d2ca000,0x000070000d3ca000)]
  0x00007fe893249800 JavaThread "Network Thread" [_thread_blocked, id=124691, stack(0x000070000d3cd000,0x000070000d4cd000)]
  0x00007fe8942ca800 JavaThread "invokeAndBlock1" [_thread_blocked, id=93187, stack(0x000070000d6d6000,0x000070000d7d6000)]
  0x00007fe8931f8000 JavaThread "QuantumRenderer-0" daemon [_thread_blocked, id=35859, stack(0x000070000b1d5000,0x000070000b2d5000)]
  0x00007fe895a77000 JavaThread "InvokeLaterDispatcher" daemon [_thread_blocked, id=128819, stack(0x000070000bbf6000,0x000070000bcf6000)]
  0x00007fe89b884800 JavaThread "Thread-6" daemon [_thread_in_native, id=94071, stack(0x000070000bcf9000,0x000070000bd79000)]
  0x00007fe89b040000 JavaThread "Prism Font Disposer" daemon [_thread_blocked, id=122115, stack(0x000070000c00e000,0x000070000c10e000)]
  0x00007fe89b066000 JavaThread "Disposer" daemon [_thread_blocked, id=94979, stack(0x000070000d0c4000,0x000070000d1c4000)]
  0x00007fe895144800 JavaThread "URL-Loader-1" daemon [_thread_blocked, id=96771, stack(0x000070000daeb000,0x000070000dbeb000)]
  0x00007fe89b85f000 JavaThread "URL-Loader-2" daemon [_thread_blocked, id=120347, stack(0x000070000dbee000,0x000070000dcee000)]
  0x00007fe89b81f800 JavaThread "URL-Loader-3" daemon [_thread_blocked, id=119555, stack(0x000070000dcf1000,0x000070000ddf1000)]
  0x00007fe89b93c800 JavaThread "URL-Loader-4" daemon [_thread_blocked, id=118787, stack(0x000070000ddf4000,0x000070000def4000)]
  0x00007fe894166000 JavaThread "URL-Loader-5" daemon [_thread_blocked, id=118019, stack(0x000070000def7000,0x000070000dff7000)]
  0x00007fe895146000 JavaThread "URL-Loader-6" daemon [_thread_blocked, id=117251, stack(0x000070000dffa000,0x000070000e0fa000)]
  0x00007fe89b2f9000 JavaThread "URL-Loader-7" daemon [_thread_blocked, id=116995, stack(0x000070000e0fd000,0x000070000e1fd000)]
  0x00007fe893418000 JavaThread "URL-Loader-8" daemon [_thread_blocked, id=116483, stack(0x000070000e200000,0x000070000e300000)]
  0x00007fe89b9e2800 JavaThread "URL-Loader-9" daemon [_thread_blocked, id=115715, stack(0x000070000e303000,0x000070000e403000)]
  0x00007fe89b053000 JavaThread "URL-Loader-10" daemon [_thread_blocked, id=98307, stack(0x000070000e406000,0x000070000e506000)]
  0x00007fe894114800 JavaThread "URL-Loader-11" daemon [_thread_blocked, id=98819, stack(0x000070000e509000,0x000070000e609000)]
  0x00007fe895894800 JavaThread "URL-Loader-12" daemon [_thread_blocked, id=114435, stack(0x000070000e60c000,0x000070000e70c000)]
  0x00007fe89b9e3000 JavaThread "URL-Loader-13" daemon [_thread_blocked, id=99331, stack(0x000070000e70f000,0x000070000e80f000)]
  0x00007fe89ba1c800 JavaThread "URL-Loader-14" daemon [_thread_blocked, id=113411, stack(0x000070000e812000,0x000070000e912000)]
  0x00007fe895ccf800 JavaThread "URL-Loader-15" daemon [_thread_blocked, id=112643, stack(0x000070000e915000,0x000070000ea15000)]
  0x00007fe893155000 JavaThread "URL-Loader-16" daemon [_thread_blocked, id=111671, stack(0x000070000ea18000,0x000070000eb18000)]
  0x00007fe89b1d6000 JavaThread "URL-Loader-17" daemon [_thread_blocked, id=112195, stack(0x000070000eb1b000,0x000070000ec1b000)]
  0x00007fe8954ea000 JavaThread "URL-Loader-18" daemon [_thread_blocked, id=111131, stack(0x000070000ec1e000,0x000070000ed1e000)]
  0x00007fe89b882800 JavaThread "URL-Loader-19" daemon [_thread_blocked, id=110595, stack(0x000070000ed21000,0x000070000ee21000)]
  0x00007fe89b077800 JavaThread "URL-Loader-20" daemon [_thread_blocked, id=110363, stack(0x000070000ee24000,0x000070000ef24000)]
  0x00007fe8942a2000 JavaThread "Keep-Alive-Timer" daemon [_thread_blocked, id=101787, stack(0x000070000ef27000,0x000070000f027000)]
=>0x00007fe89b883000 JavaThread "Thread-8" daemon [_thread_in_vm, id=103691, stack(0x000070000f236000,0x000070000f2b6000)]

Other Threads:
  0x00007fe89402b800 VMThread "VM Thread" [stack: 0x000070000aecc000,0x000070000afcc000] [id=20739]
  0x00007fe89405b000 WatcherThread [stack: 0x000070000b9f0000,0x000070000baf0000] [id=42755]
  0x00007fe894009800 GCTaskThread "GC Thread#0" [stack: 0x000070000abc3000,0x000070000acc3000] [id=21251]
  0x00007fe89616b800 GCTaskThread "GC Thread#1" [stack: 0x000070000c7a9000,0x000070000c8a9000] [id=62603]
  0x00007fe896144000 GCTaskThread "GC Thread#2" [stack: 0x000070000c8ac000,0x000070000c9ac000] [id=61711]
  0x00007fe896167000 GCTaskThread "GC Thread#3" [stack: 0x000070000c9af000,0x000070000caaf000] [id=62979]
  0x00007fe896259000 GCTaskThread "GC Thread#4" [stack: 0x000070000cab2000,0x000070000cbb2000] [id=65539]
  0x00007fe89625a000 GCTaskThread "GC Thread#5" [stack: 0x000070000cbb5000,0x000070000ccb5000] [id=65027]
  0x00007fe89625a800 GCTaskThread "GC Thread#6" [stack: 0x000070000ccb8000,0x000070000cdb8000] [id=64515]
  0x00007fe89625b800 GCTaskThread "GC Thread#7" [stack: 0x000070000cdbb000,0x000070000cebb000] [id=64003]
  0x00007fe89b92e800 GCTaskThread "GC Thread#8" [stack: 0x000070000d4d0000,0x000070000d5d0000] [id=124183]
  0x00007fe89b92f000 GCTaskThread "GC Thread#9" [stack: 0x000070000d5d3000,0x000070000d6d3000] [id=92675]
  0x00007fe895802000 ConcurrentGCThread "CMS Main Thread" [stack: 0x000070000adc9000,0x000070000aec9000] [id=12291]
  0x00007fe895801000 GCTaskThread "CMS Thread#0" [stack: 0x000070000acc6000,0x000070000adc6000] [id=11779]
  0x00007fe8967f6800 GCTaskThread "CMS Thread#1" [stack: 0x000070000cebe000,0x000070000cfbe000] [id=69643]
  0x00007fe896169800 GCTaskThread "CMS Thread#2" [stack: 0x000070000cfc1000,0x000070000d0c1000] [id=87299]

Threads with active compile tasks:
C2 CompilerThread0  12208 5398       4       java.util.regex.Pattern::split (290 bytes)

VM state:not at safepoint (normal execution)

VM Mutex/Monitor currently owned by a thread: None

Heap address: 0x0000000780000000, size: 2048 MB, Compressed Oops mode: Zero based, Oop shift amount: 3
Narrow klass base: 0x0000000800000000, Narrow klass shift: 0
Compressed class space size: 1073741824 Address: 0x0000000800000000

Heap:
 par new generation   total 39296K, used 16178K [0x0000000780000000, 0x0000000782aa0000, 0x00000007aaaa0000)
  eden space 34944K,  33% used [0x0000000780000000, 0x0000000780b8c948, 0x0000000782220000)
  from space 4352K, 100% used [0x0000000782220000, 0x0000000782660000, 0x0000000782660000)
  to   space 4352K,   0% used [0x0000000782660000, 0x0000000782660000, 0x0000000782aa0000)
 concurrent mark-sweep generation total 102848K, used 67886K [0x00000007aaaa0000, 0x00000007b0f10000, 0x0000000800000000)
 Metaspace       used 44982K, capacity 46247K, committed 46432K, reserved 1089536K
  class space    used 5324K, capacity 5868K, committed 5888K, reserved 1048576K

Card table byte_map: [0x0000000112126000,0x0000000112527000] _byte_map_base: 0x000000010e526000

Marking Bits: (CMSBitMap*) 0x00007fe895800b30
 Bits: [0x00000001131e8000, 0x000000011473d800)

Mod Union Table: (CMSBitMap*) 0x00007fe895800bd0
 Bits: [0x000000011473e000, 0x0000000114793560)

Polling page: 0x000000010f90e000

Metaspace:

Usage:
  Non-class:     39.43 MB capacity,    38.73 MB ( 98%) used,   575.68 KB (  1%) free+waste,   145.25 KB ( <1%) overhead. 
      Class:      5.73 MB capacity,     5.20 MB ( 91%) used,   471.14 KB (  8%) free+waste,    72.31 KB (  1%) overhead. 
       Both:     45.16 MB capacity,    43.93 MB ( 97%) used,     1.02 MB (  2%) free+waste,   217.56 KB ( <1%) overhead. 

Virtual space:
  Non-class space:       40.00 MB reserved,      39.59 MB ( 99%) committed 
      Class space:        1.00 GB reserved,       5.75 MB ( <1%) committed 
             Both:        1.04 GB reserved,      45.34 MB (  4%) committed 

Chunk freelists:
   Non-Class:  5.00 KB
       Class:  0 bytes
        Both:  5.00 KB

MaxMetaspaceSize: unlimited
CompressedClassSpaceSize: 1.00 GB

CodeHeap 'non-profiled nmethods': size=120036Kb used=1946Kb max_used=1946Kb free=118089Kb
 bounds [0x00000001277fe000, 0x0000000127a6e000, 0x000000012ed37000]
CodeHeap 'profiled nmethods': size=120032Kb used=9371Kb max_used=9446Kb free=110660Kb
 bounds [0x00000001202c6000, 0x0000000120c16000, 0x00000001277fe000]
CodeHeap 'non-nmethods': size=5692Kb used=1536Kb max_used=1570Kb free=4155Kb
 bounds [0x000000011fd37000, 0x000000011ffa7000, 0x00000001202c6000]
 total_blobs=7818 nmethods=4822 adapters=984
 compilation: enabled
              stopped_count=0, restarted_count=0
 full_count=0

Compilation events (20 events):
Event: 12.151 Thread 0x00007fe895855800 5462       2       javax.swing.JRootPane::disableTrueDoubleBuffering (48 bytes)
Event: 12.151 Thread 0x00007fe895855800 nmethod 5462 0x00000001202d1790 code [0x00000001202d1960, 0x00000001202d1b28]
Event: 12.165 Thread 0x00007fe895855800 5467       1       com.codename1.ui.TextArea::isSingleLineTextArea (5 bytes)
Event: 12.165 Thread 0x00007fe895855800 nmethod 5467 0x0000000127976e10 code [0x0000000127976fc0, 0x00000001279770d0]
Event: 12.165 Thread 0x00007fe895855800 5468       2       com.codename1.ui.TextArea::getRowStrings (40 bytes)
Event: 12.166 Thread 0x00007fe895855800 nmethod 5468 0x00000001202fc510 code [0x00000001202fc700, 0x00000001202fca28]
Event: 12.178 Thread 0x00007fe895855800 5469       2       java.util.Optional::get (22 bytes)
Event: 12.178 Thread 0x00007fe895855800 nmethod 5469 0x00000001202d6110 code [0x00000001202d62e0, 0x00000001202d6508]
Event: 12.181 Thread 0x00007fe895855800 5474   !   2       java.awt.EventQueue::invokeAndWait (98 bytes)
Event: 12.182 Thread 0x00007fe895855800 nmethod 5474 0x00000001205f8c10 code [0x00000001205f8ec0, 0x00000001205f99d8]
Event: 12.182 Thread 0x00007fe895855800 5470       2       com.codename1.impl.javase.JavaSEPort$C$1::<init> (10 bytes)
Event: 12.182 Thread 0x00007fe895855800 nmethod 5470 0x00000001202d7890 code [0x00000001202d7a40, 0x00000001202d7bb0]
Event: 12.182 Thread 0x00007fe895855800 5471       2       com.codename1.impl.javase.JavaSEPort::isDesignMode (4 bytes)
Event: 12.182 Thread 0x00007fe895855800 nmethod 5471 0x00000001202eff10 code [0x00000001202f00c0, 0x00000001202f0210]
Event: 12.182 Thread 0x00007fe895855800 5472       2       javax.swing.SwingUtilities::invokeAndWait (5 bytes)
Event: 12.183 Thread 0x00007fe895855800 nmethod 5472 0x000000012031b390 code [0x000000012031b580, 0x000000012031b9f8]
Event: 12.183 Thread 0x00007fe895855800 5473       2       java.awt.EventQueue::invokeAndWait (8 bytes)
Event: 12.183 Thread 0x00007fe895855800 nmethod 5473 0x00000001203b3a10 code [0x00000001203b3c00, 0x00000001203b4058]
Event: 12.183 Thread 0x00007fe895855800 5475       2       com.codename1.impl.javase.JavaSEPort$C::drawScreenBuffer (922 bytes)
Event: 12.185 Thread 0x00007fe895855800 nmethod 5475 0x0000000120c09590 code [0x0000000120c09bc0, 0x0000000120c0b5e8]

GC Heap History (20 events):
Event: 3.527 GC heap before
{Heap before GC invocations=4 (full 2):
 par new generation   total 39296K, used 26736K [0x0000000780000000, 0x0000000782aa0000, 0x00000007aaaa0000)
  eden space 34944K,  74% used [0x0000000780000000, 0x0000000781952e70, 0x0000000782220000)
  from space 4352K,  18% used [0x0000000782220000, 0x00000007822e9568, 0x0000000782660000)
  to   space 4352K,   0% used [0x0000000782660000, 0x0000000782660000, 0x0000000782aa0000)
 concurrent mark-sweep generation total 101816K, used 61088K [0x00000007aaaa0000, 0x00000007b0e0e000, 0x0000000800000000)
 Metaspace       used 22270K, capacity 22893K, committed 23168K, reserved 1069056K
  class space    used 2443K, capacity 2661K, committed 2688K, reserved 1048576K
}
Event: 3.534 GC heap after
{Heap after GC invocations=5 (full 2):
 par new generation   total 39296K, used 4352K [0x0000000780000000, 0x0000000782aa0000, 0x00000007aaaa0000)
  eden space 34944K,   0% used [0x0000000780000000, 0x0000000780000000, 0x0000000782220000)
  from space 4352K, 100% used [0x0000000782660000, 0x0000000782aa0000, 0x0000000782aa0000)
  to   space 4352K,   0% used [0x0000000782220000, 0x0000000782220000, 0x0000000782660000)
 concurrent mark-sweep generation total 101816K, used 74843K [0x00000007aaaa0000, 0x00000007b0e0e000, 0x0000000800000000)
 Metaspace       used 22270K, capacity 22893K, committed 23168K, reserved 1069056K
  class space    used 2443K, capacity 2661K, committed 2688K, reserved 1048576K
}
Event: 6.569 GC heap before
{Heap before GC invocations=5 (full 3):
 par new generation   total 39296K, used 39296K [0x0000000780000000, 0x0000000782aa0000, 0x00000007aaaa0000)
  eden space 34944K, 100% used [0x0000000780000000, 0x0000000782220000, 0x0000000782220000)
  from space 4352K, 100% used [0x0000000782660000, 0x0000000782aa0000, 0x0000000782aa0000)
  to   space 4352K,   0% used [0x0000000782220000, 0x0000000782220000, 0x0000000782660000)
 concurrent mark-sweep generation total 101816K, used 74843K [0x00000007aaaa0000, 0x00000007b0e0e000, 0x0000000800000000)
 Metaspace       used 24890K, capacity 25465K, committed 25856K, reserved 1073152K
  class space    used 2760K, capacity 2985K, committed 3072K, reserved 1048576K
}
Event: 6.575 GC heap after
{Heap after GC invocations=6 (full 3):
 par new generation   total 39296K, used 4352K [0x0000000780000000, 0x0000000782aa0000, 0x00000007aaaa0000)
  eden space 34944K,   0% used [0x0000000780000000, 0x0000000780000000, 0x0000000782220000)
  from space 4352K, 100% used [0x0000000782220000, 0x0000000782660000, 0x0000000782660000)
  to   space 4352K,   0% used [0x0000000782660000, 0x0000000782660000, 0x0000000782aa0000)
 concurrent mark-sweep generation total 101816K, used 84863K [0x00000007aaaa0000, 0x00000007b0e0e000, 0x0000000800000000)
 Metaspace       used 24890K, capacity 25465K, committed 25856K, reserved 1073152K
  class space    used 2760K, capacity 2985K, committed 3072K, reserved 1048576K
}
Event: 7.045 GC heap before
{Heap before GC invocations=6 (full 3):
 par new generation   total 39296K, used 39296K [0x0000000780000000, 0x0000000782aa0000, 0x00000007aaaa0000)
  eden space 34944K, 100% used [0x0000000780000000, 0x0000000782220000, 0x0000000782220000)
  from space 4352K, 100% used [0x0000000782220000, 0x0000000782660000, 0x0000000782660000)
  to   space 4352K,   0% used [0x0000000782660000, 0x0000000782660000, 0x0000000782aa0000)
 concurrent mark-sweep generation total 101816K, used 51205K [0x00000007aaaa0000, 0x00000007b0e0e000, 0x0000000800000000)
 Metaspace       used 25312K, capacity 25915K, committed 26368K, reserved 1073152K
  class space    used 2791K, capacity 3031K, committed 3072K, reserved 1048576K
}
Event: 7.048 GC heap after
{Heap after GC invocations=7 (full 3):
 par new generation   total 39296K, used 4346K [0x0000000780000000, 0x0000000782aa0000, 0x00000007aaaa0000)
  eden space 34944K,   0% used [0x0000000780000000, 0x0000000780000000, 0x0000000782220000)
  from space 4352K,  99% used [0x0000000782660000, 0x0000000782a9e9e0, 0x0000000782aa0000)
  to   space 4352K,   0% used [0x0000000782220000, 0x0000000782220000, 0x0000000782660000)
 concurrent mark-sweep generation total 101816K, used 57937K [0x00000007aaaa0000, 0x00000007b0e0e000, 0x0000000800000000)
 Metaspace       used 25312K, capacity 25915K, committed 26368K, reserved 1073152K
  class space    used 2791K, capacity 3031K, committed 3072K, reserved 1048576K
}
Event: 7.501 GC heap before
{Heap before GC invocations=7 (full 3):
 par new generation   total 39296K, used 39290K [0x0000000780000000, 0x0000000782aa0000, 0x00000007aaaa0000)
  eden space 34944K, 100% used [0x0000000780000000, 0x0000000782220000, 0x0000000782220000)
  from space 4352K,  99% used [0x0000000782660000, 0x0000000782a9e9e0, 0x0000000782aa0000)
  to   space 4352K,   0% used [0x0000000782220000, 0x0000000782220000, 0x0000000782660000)
 concurrent mark-sweep generation total 101816K, used 57937K [0x00000007aaaa0000, 0x00000007b0e0e000, 0x0000000800000000)
 Metaspace       used 25533K, capacity 26171K, committed 26624K, reserved 1073152K
  class space    used 2792K, capacity 3031K, committed 3072K, reserved 1048576K
}
Event: 7.502 GC heap after
{Heap after GC invocations=8 (full 3):
 par new generation   total 39296K, used 408K [0x0000000780000000, 0x0000000782aa0000, 0x00000007aaaa0000)
  eden space 34944K,   0% used [0x0000000780000000, 0x0000000780000000, 0x0000000782220000)
  from space 4352K,   9% used [0x0000000782220000, 0x0000000782286038, 0x0000000782660000)
  to   space 4352K,   0% used [0x0000000782660000, 0x0000000782660000, 0x0000000782aa0000)
 concurrent mark-sweep generation total 101816K, used 61994K [0x00000007aaaa0000, 0x00000007b0e0e000, 0x0000000800000000)
 Metaspace       used 25533K, capacity 26171K, committed 26624K, reserved 1073152K
  class space    used 2792K, capacity 3031K, committed 3072K, reserved 1048576K
}
Event: 7.920 GC heap before
{Heap before GC invocations=8 (full 3):
 par new generation   total 39296K, used 35203K [0x0000000780000000, 0x0000000782aa0000, 0x00000007aaaa0000)
  eden space 34944K,  99% used [0x0000000780000000, 0x00000007821faf28, 0x0000000782220000)
  from space 4352K,   9% used [0x0000000782220000, 0x0000000782286038, 0x0000000782660000)
  to   space 4352K,   0% used [0x0000000782660000, 0x0000000782660000, 0x0000000782aa0000)
 concurrent mark-sweep generation total 101816K, used 61994K [0x00000007aaaa0000, 0x00000007b0e0e000, 0x0000000800000000)
 Metaspace       used 25652K, capacity 26299K, committed 26624K, reserved 1073152K
  class space    used 2792K, capacity 3031K, committed 3072K, reserved 1048576K
}
Event: 7.921 GC heap after
{Heap after GC invocations=9 (full 3):
 par new generation   total 39296K, used 347K [0x0000000780000000, 0x0000000782aa0000, 0x00000007aaaa0000)
  eden space 34944K,   0% used [0x0000000780000000, 0x0000000780000000, 0x0000000782220000)
  from space 4352K,   7% used [0x0000000782660000, 0x00000007826b6f40, 0x0000000782aa0000)
  to   space 4352K,   0% used [0x0000000782220000, 0x0000000782220000, 0x0000000782660000)
 concurrent mark-sweep generation total 101816K, used 61994K [0x00000007aaaa0000, 0x00000007b0e0e000, 0x0000000800000000)
 Metaspace       used 25652K, capacity 26299K, committed 26624K, reserved 1073152K
  class space    used 2792K, capacity 3031K, committed 3072K, reserved 1048576K
}
Event: 10.045 GC heap before
{Heap before GC invocations=9 (full 3):
 par new generation   total 39296K, used 35291K [0x0000000780000000, 0x0000000782aa0000, 0x00000007aaaa0000)
  eden space 34944K, 100% used [0x0000000780000000, 0x0000000782220000, 0x0000000782220000)
  from space 4352K,   7% used [0x0000000782660000, 0x00000007826b6f40, 0x0000000782aa0000)
  to   space 4352K,   0% used [0x0000000782220000, 0x0000000782220000, 0x0000000782660000)
 concurrent mark-sweep generation total 101816K, used 61994K [0x00000007aaaa0000, 0x00000007b0e0e000, 0x0000000800000000)
 Metaspace       used 31342K, capacity 32102K, committed 32512K, reserved 1077248K
  class space    used 3425K, capacity 3727K, committed 3840K, reserved 1048576K
}
Event: 10.047 GC heap after
{Heap after GC invocations=10 (full 3):
 par new generation   total 39296K, used 4062K [0x0000000780000000, 0x0000000782aa0000, 0x00000007aaaa0000)
  eden space 34944K,   0% used [0x0000000780000000, 0x0000000780000000, 0x0000000782220000)
  from space 4352K,  93% used [0x0000000782220000, 0x0000000782617bd8, 0x0000000782660000)
  to   space 4352K,   0% used [0x0000000782660000, 0x0000000782660000, 0x0000000782aa0000)
 concurrent mark-sweep generation total 101816K, used 69297K [0x00000007aaaa0000, 0x00000007b0e0e000, 0x0000000800000000)
 Metaspace       used 31342K, capacity 32102K, committed 32512K, reserved 1077248K
  class space    used 3425K, capacity 3727K, committed 3840K, reserved 1048576K
}
Event: 10.543 GC heap before
{Heap before GC invocations=10 (full 3):
 par new generation   total 39296K, used 39006K [0x0000000780000000, 0x0000000782aa0000, 0x00000007aaaa0000)
  eden space 34944K, 100% used [0x0000000780000000, 0x0000000782220000, 0x0000000782220000)
  from space 4352K,  93% used [0x0000000782220000, 0x0000000782617bd8, 0x0000000782660000)
  to   space 4352K,   0% used [0x0000000782660000, 0x0000000782660000, 0x0000000782aa0000)
 concurrent mark-sweep generation total 101816K, used 69297K [0x00000007aaaa0000, 0x00000007b0e0e000, 0x0000000800000000)
 Metaspace       used 40366K, capacity 41242K, committed 41472K, reserved 1085440K
  class space    used 4783K, capacity 5112K, committed 5120K, reserved 1048576K
}
Event: 10.550 GC heap after
{Heap after GC invocations=11 (full 3):
 par new generation   total 39296K, used 4352K [0x0000000780000000, 0x0000000782aa0000, 0x00000007aaaa0000)
  eden space 34944K,   0% used [0x0000000780000000, 0x0000000780000000, 0x0000000782220000)
  from space 4352K, 100% used [0x0000000782660000, 0x0000000782aa0000, 0x0000000782aa0000)
  to   space 4352K,   0% used [0x0000000782220000, 0x0000000782220000, 0x0000000782660000)
 concurrent mark-sweep generation total 101816K, used 73027K [0x00000007aaaa0000, 0x00000007b0e0e000, 0x0000000800000000)
 Metaspace       used 40366K, capacity 41242K, committed 41472K, reserved 1085440K
  class space    used 4783K, capacity 5112K, committed 5120K, reserved 1048576K
}
Event: 10.860 GC heap before
{Heap before GC invocations=11 (full 3):
 par new generation   total 39296K, used 39296K [0x0000000780000000, 0x0000000782aa0000, 0x00000007aaaa0000)
  eden space 34944K, 100% used [0x0000000780000000, 0x0000000782220000, 0x0000000782220000)
  from space 4352K, 100% used [0x0000000782660000, 0x0000000782aa0000, 0x0000000782aa0000)
  to   space 4352K,   0% used [0x0000000782220000, 0x0000000782220000, 0x0000000782660000)
 concurrent mark-sweep generation total 101816K, used 73042K [0x00000007aaaa0000, 0x00000007b0e0e000, 0x0000000800000000)
 Metaspace       used 43592K, capacity 44814K, committed 45104K, reserved 1089536K
  class space    used 5223K, capacity 5721K, committed 5760K, reserved 1048576K
}
Event: 10.863 GC heap after
{Heap after GC invocations=12 (full 3):
 par new generation   total 39296K, used 3789K [0x0000000780000000, 0x0000000782aa0000, 0x00000007aaaa0000)
  eden space 34944K,   0% used [0x0000000780000000, 0x0000000780000000, 0x0000000782220000)
  from space 4352K,  87% used [0x0000000782220000, 0x00000007825d3610, 0x0000000782660000)
  to   space 4352K,   0% used [0x0000000782660000, 0x0000000782660000, 0x0000000782aa0000)
 concurrent mark-sweep generation total 101816K, used 76461K [0x00000007aaaa0000, 0x00000007b0e0e000, 0x0000000800000000)
 Metaspace       used 43592K, capacity 44814K, committed 45104K, reserved 1089536K
  class space    used 5223K, capacity 5721K, committed 5760K, reserved 1048576K
}
Event: 11.195 GC heap before
{Heap before GC invocations=12 (full 4):
 par new generation   total 39296K, used 38733K [0x0000000780000000, 0x0000000782aa0000, 0x00000007aaaa0000)
  eden space 34944K, 100% used [0x0000000780000000, 0x0000000782220000, 0x0000000782220000)
  from space 4352K,  87% used [0x0000000782220000, 0x00000007825d3610, 0x0000000782660000)
  to   space 4352K,   0% used [0x0000000782660000, 0x0000000782660000, 0x0000000782aa0000)
 concurrent mark-sweep generation total 101816K, used 76461K [0x00000007aaaa0000, 0x00000007b0e0e000, 0x0000000800000000)
 Metaspace       used 44324K, capacity 45559K, committed 45744K, reserved 1089536K
  class space    used 5274K, capacity 5792K, committed 5888K, reserved 1048576K
}
Event: 11.197 GC heap after
{Heap after GC invocations=13 (full 4):
 par new generation   total 39296K, used 4352K [0x0000000780000000, 0x0000000782aa0000, 0x00000007aaaa0000)
  eden space 34944K,   0% used [0x0000000780000000, 0x0000000780000000, 0x0000000782220000)
  from space 4352K, 100% used [0x0000000782660000, 0x0000000782aa0000, 0x0000000782aa0000)
  to   space 4352K,   0% used [0x0000000782220000, 0x0000000782220000, 0x0000000782660000)
 concurrent mark-sweep generation total 101816K, used 78959K [0x00000007aaaa0000, 0x00000007b0e0e000, 0x0000000800000000)
 Metaspace       used 44324K, capacity 45559K, committed 45744K, reserved 1089536K
  class space    used 5274K, capacity 5792K, committed 5888K, reserved 1048576K
}
Event: 11.794 GC heap before
{Heap before GC invocations=13 (full 4):
 par new generation   total 39296K, used 39296K [0x0000000780000000, 0x0000000782aa0000, 0x00000007aaaa0000)
  eden space 34944K, 100% used [0x0000000780000000, 0x0000000782220000, 0x0000000782220000)
  from space 4352K, 100% used [0x0000000782660000, 0x0000000782aa0000, 0x0000000782aa0000)
  to   space 4352K,   0% used [0x0000000782220000, 0x0000000782220000, 0x0000000782660000)
 concurrent mark-sweep generation total 102848K, used 61746K [0x00000007aaaa0000, 0x00000007b0f10000, 0x0000000800000000)
 Metaspace       used 44761K, capacity 45999K, committed 46176K, reserved 1089536K
  class space    used 5298K, capacity 5809K, committed 5888K, reserved 1048576K
}
Event: 11.796 GC heap after
{Heap after GC invocations=14 (full 4):
 par new generation   total 39296K, used 4352K [0x0000000780000000, 0x0000000782aa0000, 0x00000007aaaa0000)
  eden space 34944K,   0% used [0x0000000780000000, 0x0000000780000000, 0x0000000782220000)
  from space 4352K, 100% used [0x0000000782220000, 0x0000000782660000, 0x0000000782660000)
  to   space 4352K,   0% used [0x0000000782660000, 0x0000000782660000, 0x0000000782aa0000)
 concurrent mark-sweep generation total 102848K, used 67886K [0x00000007aaaa0000, 0x00000007b0f10000, 0x0000000800000000)
 Metaspace       used 44761K, capacity 45999K, committed 46176K, reserved 1089536K
  class space    used 5298K, capacity 5809K, committed 5888K, reserved 1048576K
}

Deoptimization events (20 events):
Event: 11.821 Thread 0x00007fe89b882800 DEOPT PACKING pc=0x0000000120a4606f sp=0x000070000ee1dc60
Event: 11.821 Thread 0x00007fe89b882800 DEOPT UNPACKING pc=0x000000011fd5f13a sp=0x000070000ee1d108 mode 0
Event: 11.844 Thread 0x00007fe8938a7800 DEOPT PACKING pc=0x0000000120ba4cb5 sp=0x00007ffee0363aa0
Event: 11.844 Thread 0x00007fe8938a7800 DEOPT UNPACKING pc=0x000000011fd5f13a sp=0x00007ffee0362f60 mode 0
Event: 11.849 Thread 0x00007fe8938a7800 DEOPT PACKING pc=0x0000000120ba4cb5 sp=0x00007ffee03582d0
Event: 11.849 Thread 0x00007fe8938a7800 DEOPT UNPACKING pc=0x000000011fd5f13a sp=0x00007ffee0357790 mode 0
Event: 11.855 Thread 0x00007fe8938a7800 DEOPT PACKING pc=0x0000000120ba4cb5 sp=0x00007ffee03568b0
Event: 11.855 Thread 0x00007fe8938a7800 DEOPT UNPACKING pc=0x000000011fd5f13a sp=0x00007ffee0355d70 mode 0
Event: 11.911 Thread 0x00007fe8938a7800 Uncommon trap: trap_request=0xffffffcc fr.pc=0x00000001279ddac8 relative=0x0000000000001ca8
Event: 11.911 Thread 0x00007fe8938a7800 Uncommon trap: reason=intrinsic_or_type_checked_inlining action=make_not_entrant pc=0x00000001279ddac8 method=java.util.ArrayList$SubList.toArray([Ljava/lang/Object;)[Ljava/lang/Object; @ 58 c2
Event: 11.911 Thread 0x00007fe8938a7800 DEOPT PACKING pc=0x00000001279ddac8 sp=0x00007ffee0363c50
Event: 11.911 Thread 0x00007fe8938a7800 DEOPT UNPACKING pc=0x000000011fd5f325 sp=0x00007ffee0363bd0 mode 2
Event: 11.911 Thread 0x00007fe8938a7800 Uncommon trap: trap_request=0xffffffcc fr.pc=0x00000001279d8984 relative=0x00000000000024c4
Event: 11.911 Thread 0x00007fe8938a7800 Uncommon trap: reason=intrinsic_or_type_checked_inlining action=make_not_entrant pc=0x00000001279d8984 method=java.util.ArrayList$SubList.toArray([Ljava/lang/Object;)[Ljava/lang/Object; @ 58 c2
Event: 11.911 Thread 0x00007fe8938a7800 DEOPT PACKING pc=0x00000001279d8984 sp=0x00007ffee0363b10
Event: 11.911 Thread 0x00007fe8938a7800 DEOPT UNPACKING pc=0x000000011fd5f325 sp=0x00007ffee0363aa8 mode 2
Event: 12.035 Thread 0x00007fe8938a7800 DEOPT PACKING pc=0x0000000120ba30b5 sp=0x00007ffee0365340
Event: 12.035 Thread 0x00007fe8938a7800 DEOPT UNPACKING pc=0x000000011fd5f13a sp=0x00007ffee03647f0 mode 0
Event: 12.035 Thread 0x00007fe8938a7800 DEOPT PACKING pc=0x0000000120ba30b5 sp=0x00007ffee0365220
Event: 12.035 Thread 0x00007fe8938a7800 DEOPT UNPACKING pc=0x000000011fd5f13a sp=0x00007ffee03646d0 mode 0

Classes redefined (0 events):
No events

Internal exceptions (20 events):
Event: 10.598 Thread 0x00007fe8938a7800 Exception <a 'sun/nio/fs/UnixException'{0x0000000780707030}> (0x0000000780707030) thrown at [/corretto/workspace/corretto11-repo/installers/mac/tar/corretto-build/buildRoot/src/src/hotspot/share/prims/jni.cpp, line 615]
Event: 10.611 Thread 0x00007fe8938a7800 Exception <a 'java/lang/NoSuchMethodError'{0x000000078081a8f0}: 'java.lang.Object java.lang.invoke.DirectMethodHandle$Holder.invokeStatic(java.lang.Object, java.lang.Object, java.lang.Object, java.lang.Object, java.lang.Object, java.lang.Object, java.lang
Event: 10.612 Thread 0x00007fe8938a7800 Exception <a 'java/lang/NoSuchMethodError'{0x0000000780826e50}: 'java.lang.Object java.lang.invoke.DirectMethodHandle$Holder.invokeStatic(java.lang.Object, java.lang.Object, java.lang.Object, java.lang.Object, java.lang.Object, java.lang.Object, java.lang
Event: 10.613 Thread 0x00007fe8938a7800 Exception <a 'java/lang/NoSuchMethodError'{0x0000000780833510}: 'java.lang.Object java.lang.invoke.DirectMethodHandle$Holder.invokeStatic(java.lang.Object, java.lang.Object, java.lang.Object, java.lang.Object, java.lang.Object, java.lang.Object, java.lang
Event: 10.614 Thread 0x00007fe8938a7800 Exception <a 'java/lang/NoSuchMethodError'{0x0000000780844fd8}: 'java.lang.Object java.lang.invoke.DelegatingMethodHandle$Holder.reinvoke_L(java.lang.Object, long, java.lang.Object)'> (0x0000000780844fd8) thrown at [/corretto/workspace/corretto11-repo/ins
Event: 10.618 Thread 0x00007fe8938a7800 Exception <a 'java/lang/NoSuchMethodError'{0x00000007808f0118}: 'java.lang.Object java.lang.invoke.DelegatingMethodHandle$Holder.reinvoke_L(java.lang.Object, java.lang.Object, int, int, long, int, java.lang.Object, java.lang.Object, java.lang.Object, int)
Event: 10.620 Thread 0x00007fe8938a7800 Exception <a 'java/lang/NoSuchMethodError'{0x000000078094f390}: 'java.lang.Object java.lang.invoke.DirectMethodHandle$Holder.invokeSpecial(java.lang.Object, java.lang.Object, int, int, int, long, int, java.lang.Object, java.lang.Object, java.lang.Object, 
Event: 10.621 Thread 0x00007fe8938a7800 Exception <a 'java/lang/NoSuchMethodError'{0x0000000780952c38}: 'java.lang.Object java.lang.invoke.DelegatingMethodHandle$Holder.reinvoke_L(java.lang.Object, int, int, int, long, int, java.lang.Object, java.lang.Object, java.lang.Object, int)'> (0x0000000
Event: 10.621 Thread 0x00007fe8938a7800 Exception <a 'java/lang/NoSuchMethodError'{0x000000078095a838}: 'java.lang.Object java.lang.invoke.DirectMethodHandle$Holder.invokeStatic(java.lang.Object, java.lang.Object, java.lang.Object, java.lang.Object, java.lang.Object, int)'> (0x000000078095a838)
Event: 10.629 Thread 0x00007fe8938a7800 Exception <a 'java/lang/NoSuchMethodError'{0x0000000780a81670}: 'java.lang.Object java.lang.invoke.DelegatingMethodHandle$Holder.reinvoke_L(java.lang.Object, java.lang.Object, long)'> (0x0000000780a81670) thrown at [/corretto/workspace/corretto11-repo/ins
Event: 10.808 Thread 0x00007fe8938a7800 Exception <a 'java/lang/NoSuchMethodError'{0x00000007819911c0}: 'java.lang.Object java.lang.invoke.DelegatingMethodHandle$Holder.reinvoke_L(java.lang.Object, java.lang.Object, int, int, long, int, int, java.lang.Object, java.lang.Object, int)'> (0x0000000
Event: 10.811 Thread 0x00007fe8938a7800 Exception <a 'java/lang/NoSuchMethodError'{0x00000007819eed18}: 'java.lang.Object java.lang.invoke.DirectMethodHandle$Holder.invokeSpecial(java.lang.Object, java.lang.Object, int, int, int, long, int, int, java.lang.Object, java.lang.Object, int)'> (0x000
Event: 10.811 Thread 0x00007fe8938a7800 Exception <a 'java/lang/NoSuchMethodError'{0x00000007819f24b8}: 'java.lang.Object java.lang.invoke.DelegatingMethodHandle$Holder.reinvoke_L(java.lang.Object, int, int, int, long, int, int, java.lang.Object, java.lang.Object, int)'> (0x00000007819f24b8) th
Event: 11.507 Thread 0x00007fe8938a7800 Exception <a 'java/io/FileNotFoundException'{0x000000078095ae90}> (0x000000078095ae90) thrown at [/corretto/workspace/corretto11-repo/installers/mac/tar/corretto-build/buildRoot/src/src/hotspot/share/prims/jni.cpp, line 615]
Event: 11.507 Thread 0x00007fe8938a7800 Exception <a 'java/io/FileNotFoundException'{0x000000078095e390}> (0x000000078095e390) thrown at [/corretto/workspace/corretto11-repo/installers/mac/tar/corretto-build/buildRoot/src/src/hotspot/share/prims/jni.cpp, line 615]
Event: 11.507 Thread 0x00007fe8938a7800 Exception <a 'java/io/FileNotFoundException'{0x000000078095f300}> (0x000000078095f300) thrown at [/corretto/workspace/corretto11-repo/installers/mac/tar/corretto-build/buildRoot/src/src/hotspot/share/prims/jni.cpp, line 615]
Event: 11.508 Thread 0x00007fe8938a7800 Exception <a 'java/io/FileNotFoundException'{0x000000078097f4a0}> (0x000000078097f4a0) thrown at [/corretto/workspace/corretto11-repo/installers/mac/tar/corretto-build/buildRoot/src/src/hotspot/share/prims/jni.cpp, line 615]
Event: 11.888 Thread 0x00007fe8938a7800 Exception <a 'java/lang/NoSuchMethodError'{0x0000000780581cd0}: 'java.lang.Object java.lang.invoke.DirectMethodHandle$Holder.invokeStatic(java.lang.Object, java.lang.Object, java.lang.Object, java.lang.Object, java.lang.Object, java.lang.Object, java.lang
Event: 12.197 Thread 0x00007fe89b883000 Exception <a 'java/lang/NoClassDefFoundError'{0x0000000780b862d8}: com/sun/webkit/FileSystem> (0x0000000780b862d8) thrown at [/corretto/workspace/corretto11-repo/installers/mac/tar/corretto-build/buildRoot/src/src/hotspot/share/classfile/systemDictionary.
Event: 12.197 Thread 0x00007fe89b883000 Exception <a 'java/lang/NoSuchMethodError'{0x0000000780b865e8}: fwkMakeAllDirectories> (0x0000000780b865e8) thrown at [/corretto/workspace/corretto11-repo/installers/mac/tar/corretto-build/buildRoot/src/src/hotspot/share/prims/jni.cpp, line 1331]

Events (20 events):
Event: 12.128 Thread 0x00007fe897800000 flushing nmethod 0x0000000120956d90
Event: 12.128 Thread 0x00007fe897800000 flushing nmethod 0x0000000120967c90
Event: 12.128 Thread 0x00007fe897800000 flushing nmethod 0x0000000120968510
Event: 12.128 Thread 0x00007fe897800000 flushing nmethod 0x000000012097ba10
Event: 12.128 Thread 0x00007fe897800000 flushing nmethod 0x00000001209ca490
Event: 12.128 Thread 0x00007fe897800000 flushing nmethod 0x00000001209cc590
Event: 12.128 Thread 0x00007fe897800000 flushing nmethod 0x0000000120a46910
Event: 12.128 Thread 0x00007fe897800000 flushing nmethod 0x0000000120a48190
Event: 12.128 Thread 0x00007fe897800000 flushing nmethod 0x0000000120a4a810
Event: 12.128 Thread 0x00007fe897800000 flushing nmethod 0x0000000120a4ad90
Event: 12.128 Thread 0x00007fe897800000 flushing nmethod 0x0000000120ada810
Event: 12.128 Thread 0x00007fe897800000 flushing nmethod 0x0000000120ae3490
Event: 12.129 Thread 0x00007fe897800000 flushing nmethod 0x0000000120aecb90
Event: 12.129 Thread 0x00007fe897800000 flushing nmethod 0x0000000120b14810
Event: 12.129 Thread 0x00007fe897800000 flushing nmethod 0x0000000120b16e10
Event: 12.129 Thread 0x00007fe897800000 flushing nmethod 0x0000000120b17290
Event: 12.197 Protecting memory [0x000070000f236000,0x000070000f23a000] with protection modes 0
Event: 12.197 Thread 0x00007fe89b883000 Thread added: 0x00007fe89b883000
Event: 12.197 loading class com/sun/webkit/FileSystem
Event: 12.197 loading class com/sun/webkit/FileSystem done


Dynamic libraries:
0x00007fff2d7ab000 	/System/Library/Frameworks/Cocoa.framework/Versions/A/Cocoa
0x00007fff3ad77000 	/System/Library/Frameworks/Security.framework/Versions/A/Security
0x00007fff2c736000 	/System/Library/Frameworks/ApplicationServices.framework/Versions/A/ApplicationServices
0x00007fff6515c000 	/usr/lib/libz.1.dylib
0x000000010f89e000 	/Library/Java/JavaVirtualMachines/amazon-corretto-11.jdk/Contents/Home/lib/jli/libjli.dylib
0x00007fff62c2f000 	/usr/lib/libSystem.B.dylib
0x00007fff2b92b000 	/System/Library/Frameworks/AppKit.framework/Versions/C/AppKit
0x00007fff2e22e000 	/System/Library/Frameworks/CoreData.framework/Versions/A/CoreData
0x00007fff30de6000 	/System/Library/Frameworks/Foundation.framework/Versions/C/Foundation
0x00007fff5f4da000 	/System/Library/PrivateFrameworks/UIFoundation.framework/Versions/A/UIFoundation
0x00007fff59cc5000 	/System/Library/PrivateFrameworks/RemoteViewServices.framework/Versions/A/RemoteViewServices
0x00007fff61f6a000 	/System/Library/PrivateFrameworks/XCTTargetBootstrap.framework/Versions/A/XCTTargetBootstrap
0x00007fff2e611000 	/System/Library/Frameworks/CoreDisplay.framework/Versions/A/CoreDisplay
0x00007fff33b5e000 	/System/Library/Frameworks/Metal.framework/Versions/A/Metal
0x00007fff480e6000 	/System/Library/PrivateFrameworks/DesktopServicesPriv.framework/Versions/A/DesktopServicesPriv
0x00007fff63d65000 	/usr/lib/liblangid.dylib
0x00007fff4723d000 	/System/Library/PrivateFrameworks/CoreSVG.framework/Versions/A/CoreSVG
0x00007fff5ca87000 	/System/Library/PrivateFrameworks/SkyLight.framework/Versions/A/SkyLight
0x00007fff2eba3000 	/System/Library/Frameworks/CoreGraphics.framework/Versions/A/CoreGraphics
0x00007fff2a4ca000 	/System/Library/Frameworks/Accelerate.framework/Versions/A/Accelerate
0x00007fff6504d000 	/usr/lib/libxml2.2.dylib
0x00007fff52e04000 	/System/Library/PrivateFrameworks/IconServices.framework/Versions/A/IconServices
0x00007fff315ca000 	/System/Library/Frameworks/IOSurface.framework/Versions/A/IOSurface
0x00007fff62767000 	/usr/lib/libDiagnosticMessagesClient.dylib
0x00007fff47f5f000 	/System/Library/PrivateFrameworks/DFRFoundation.framework/Versions/A/DFRFoundation
0x00007fff63af3000 	/usr/lib/libicucore.A.dylib
0x00007fff2ca68000 	/System/Library/Frameworks/AudioToolbox.framework/Versions/A/AudioToolbox
0x00007fff2cb4a000 	/System/Library/Frameworks/AudioUnit.framework/Versions/A/AudioUnit
0x00007fff62e30000 	/usr/lib/libauto.dylib
0x00007fff47fe0000 	/System/Library/PrivateFrameworks/DataDetectorsCore.framework/Versions/A/DataDetectorsCore
0x00007fff2d2cb000 	/System/Library/Frameworks/Carbon.framework/Versions/A/Frameworks/HIToolbox.framework/Versions/A/HIToolbox
0x00007fff39fa9000 	/System/Library/Frameworks/QuartzCore.framework/Versions/A/QuartzCore
0x00007fff2d60a000 	/System/Library/Frameworks/Carbon.framework/Versions/A/Frameworks/SpeechRecognition.framework/Versions/A/SpeechRecognition
0x00007fff478e5000 	/System/Library/PrivateFrameworks/CoreUI.framework/Versions/A/CoreUI
0x00007fff2dc94000 	/System/Library/Frameworks/CoreAudio.framework/Versions/A/CoreAudio
0x00007fff30aae000 	/System/Library/Frameworks/DiskArbitration.framework/Versions/A/DiskArbitration
0x00007fff54e18000 	/System/Library/PrivateFrameworks/MultitouchSupport.framework/Versions/A/MultitouchSupport
0x00007fff639b9000 	/usr/lib/libenergytrace.dylib
0x00007fff31525000 	/System/Library/Frameworks/IOKit.framework/Versions/A/IOKit
0x00007fff2fb11000 	/System/Library/Frameworks/CoreServices.framework/Versions/A/CoreServices
0x00007fff56f22000 	/System/Library/PrivateFrameworks/PerformanceAnalysis.framework/Versions/A/PerformanceAnalysis
0x00007fff38fdf000 	/System/Library/Frameworks/OpenGL.framework/Versions/A/OpenGL
0x00007fff64a80000 	/usr/lib/libobjc.A.dylib
0x00007fff2d7b9000 	/System/Library/Frameworks/ColorSync.framework/Versions/A/ColorSync
0x00007fff2e721000 	/System/Library/Frameworks/CoreFoundation.framework/Versions/A/CoreFoundation
0x00007fff2f22a000 	/System/Library/Frameworks/CoreImage.framework/Versions/A/CoreImage
0x00007fff30587000 	/System/Library/Frameworks/CoreText.framework/Versions/A/CoreText
0x00007fff31650000 	/System/Library/Frameworks/ImageIO.framework/Versions/A/ImageIO
0x00007fff62f15000 	/usr/lib/libc++.1.dylib
0x00007fff62f91000 	/usr/lib/libcompression.dylib
0x00007fff62aa9000 	/usr/lib/libMobileGestalt.dylib
0x00007fff5e5bc000 	/System/Library/PrivateFrameworks/TextureIO.framework/Versions/A/TextureIO
0x00007fff62d96000 	/usr/lib/libate.dylib
0x00007fff5300d000 	/System/Library/PrivateFrameworks/InternationalSupport.framework/Versions/A/InternationalSupport
0x00007fff65bd2000 	/usr/lib/system/libcache.dylib
0x00007fff65bd8000 	/usr/lib/system/libcommonCrypto.dylib
0x00007fff65be4000 	/usr/lib/system/libcompiler_rt.dylib
0x00007fff65bec000 	/usr/lib/system/libcopyfile.dylib
0x00007fff65bf6000 	/usr/lib/system/libcorecrypto.dylib
0x00007fff65da4000 	/usr/lib/system/libdispatch.dylib
0x00007fff65de6000 	/usr/lib/system/libdyld.dylib
0x00007fff65e1c000 	/usr/lib/system/libkeymgr.dylib
0x00007fff65e2a000 	/usr/lib/system/liblaunch.dylib
0x00007fff65e2b000 	/usr/lib/system/libmacho.dylib
0x00007fff65e31000 	/usr/lib/system/libquarantine.dylib
0x00007fff65e34000 	/usr/lib/system/libremovefile.dylib
0x00007fff65e36000 	/usr/lib/system/libsystem_asl.dylib
0x00007fff65e4e000 	/usr/lib/system/libsystem_blocks.dylib
0x00007fff65e4f000 	/usr/lib/system/libsystem_c.dylib
0x00007fff65ed7000 	/usr/lib/system/libsystem_configuration.dylib
0x00007fff65edb000 	/usr/lib/system/libsystem_coreservices.dylib
0x00007fff65edf000 	/usr/lib/system/libsystem_darwin.dylib
0x00007fff65ee8000 	/usr/lib/system/libsystem_dnssd.dylib
0x00007fff65ef0000 	/usr/lib/system/libsystem_featureflags.dylib
0x00007fff65ef2000 	/usr/lib/system/libsystem_info.dylib
0x00007fff65f6d000 	/usr/lib/system/libsystem_m.dylib
0x00007fff65fb5000 	/usr/lib/system/libsystem_malloc.dylib
0x00007fff65fdd000 	/usr/lib/system/libsystem_networkextension.dylib
0x00007fff65feb000 	/usr/lib/system/libsystem_notify.dylib
0x00007fff6600a000 	/usr/lib/system/libsystem_sandbox.dylib
0x00007fff6600f000 	/usr/lib/system/libsystem_secinit.dylib
0x00007fff65f40000 	/usr/lib/system/libsystem_kernel.dylib
0x00007fff65ff5000 	/usr/lib/system/libsystem_platform.dylib
0x00007fff65fff000 	/usr/lib/system/libsystem_pthread.dylib
0x00007fff66012000 	/usr/lib/system/libsystem_symptoms.dylib
0x00007fff6601a000 	/usr/lib/system/libsystem_trace.dylib
0x00007fff66032000 	/usr/lib/system/libunwind.dylib
0x00007fff66038000 	/usr/lib/system/libxpc.dylib
0x00007fff62f69000 	/usr/lib/libc++abi.dylib
0x00007fff63d67000 	/usr/lib/liblzma.5.dylib
0x00007fff639e1000 	/usr/lib/libfakelink.dylib
0x00007fff62d23000 	/usr/lib/libarchive.2.dylib
0x00007fff3bf17000 	/System/Library/Frameworks/SystemConfiguration.framework/Versions/A/SystemConfiguration
0x00007fff62698000 	/usr/lib/libCRFSuite.dylib
0x00007fff2cec0000 	/System/Library/Frameworks/CFNetwork.framework/Versions/A/CFNetwork
0x00007fff62ef7000 	/usr/lib/libbsm.0.dylib
0x00007fff65e1d000 	/usr/lib/system/libkxld.dylib
0x00007fff41a21000 	/System/Library/PrivateFrameworks/AppleFSCompression.framework/Versions/A/AppleFSCompression
0x00007fff63278000 	/usr/lib/libcoretls.dylib
0x00007fff6328f000 	/usr/lib/libcoretls_cfhelpers.dylib
0x00007fff64ac4000 	/usr/lib/libpam.2.dylib
0x00007fff64bf7000 	/usr/lib/libsqlite3.dylib
0x00007fff6503a000 	/usr/lib/libxar.1.dylib
0x00007fff62f08000 	/usr/lib/libbz2.1.0.dylib
0x00007fff63a02000 	/usr/lib/libiconv.2.dylib
0x00007fff62f7e000 	/usr/lib/libcharset.1.dylib
0x00007fff6456b000 	/usr/lib/libnetwork.dylib
0x00007fff64acb000 	/usr/lib/libpcap.A.dylib
0x00007fff62cd8000 	/usr/lib/libapple_nghttp2.dylib
0x00007fff2fec8000 	/System/Library/Frameworks/CoreServices.framework/Versions/A/Frameworks/FSEvents.framework/Versions/A/FSEvents
0x00007fff2fb98000 	/System/Library/Frameworks/CoreServices.framework/Versions/A/Frameworks/CarbonCore.framework/Versions/A/CarbonCore
0x00007fff3010b000 	/System/Library/Frameworks/CoreServices.framework/Versions/A/Frameworks/Metadata.framework/Versions/A/Metadata
0x00007fff301a4000 	/System/Library/Frameworks/CoreServices.framework/Versions/A/Frameworks/OSServices.framework/Versions/A/OSServices
0x00007fff301d2000 	/System/Library/Frameworks/CoreServices.framework/Versions/A/Frameworks/SearchKit.framework/Versions/A/SearchKit
0x00007fff2fb12000 	/System/Library/Frameworks/CoreServices.framework/Versions/A/Frameworks/AE.framework/Versions/A/AE
0x00007fff2fed1000 	/System/Library/Frameworks/CoreServices.framework/Versions/A/Frameworks/LaunchServices.framework/Versions/A/LaunchServices
0x00007fff2fe7a000 	/System/Library/Frameworks/CoreServices.framework/Versions/A/Frameworks/DictionaryServices.framework/Versions/A/DictionaryServices
0x00007fff3023a000 	/System/Library/Frameworks/CoreServices.framework/Versions/A/Frameworks/SharedFileList.framework/Versions/A/SharedFileList
0x00007fff34e33000 	/System/Library/Frameworks/NetFS.framework/Versions/A/NetFS
0x00007fff55345000 	/System/Library/PrivateFrameworks/NetAuth.framework/Versions/A/NetAuth
0x00007fff62335000 	/System/Library/PrivateFrameworks/login.framework/Versions/A/Frameworks/loginsupport.framework/Versions/A/loginsupport
0x00007fff5e0b7000 	/System/Library/PrivateFrameworks/TCC.framework/Versions/A/TCC
0x00007fff4660c000 	/System/Library/PrivateFrameworks/CoreNLP.framework/Versions/A/CoreNLP
0x00007fff54848000 	/System/Library/PrivateFrameworks/MetadataUtilities.framework/Versions/A/MetadataUtilities
0x00007fff63e3f000 	/usr/lib/libmecabra.dylib
0x00007fff63d97000 	/usr/lib/libmecab.dylib
0x00007fff639f2000 	/usr/lib/libgermantok.dylib
0x00007fff62cbf000 	/usr/lib/libThaiTokenizer.dylib
0x00007fff626d0000 	/usr/lib/libChineseTokenizer.dylib
0x00007fff2a4e2000 	/System/Library/Frameworks/Accelerate.framework/Versions/A/Frameworks/vImage.framework/Versions/A/vImage
0x00007fff2b785000 	/System/Library/Frameworks/Accelerate.framework/Versions/A/Frameworks/vecLib.framework/Versions/A/vecLib
0x00007fff2b6c9000 	/System/Library/Frameworks/Accelerate.framework/Versions/A/Frameworks/vecLib.framework/Versions/A/libvMisc.dylib
0x00007fff2b4ef000 	/System/Library/Frameworks/Accelerate.framework/Versions/A/Frameworks/vecLib.framework/Versions/A/libvDSP.dylib
0x00007fff2ab4e000 	/System/Library/Frameworks/Accelerate.framework/Versions/A/Frameworks/vecLib.framework/Versions/A/libBLAS.dylib
0x00007fff2b0a9000 	/System/Library/Frameworks/Accelerate.framework/Versions/A/Frameworks/vecLib.framework/Versions/A/libLAPACK.dylib
0x00007fff2b44f000 	/System/Library/Frameworks/Accelerate.framework/Versions/A/Frameworks/vecLib.framework/Versions/A/libLinearAlgebra.dylib
0x00007fff2b4dc000 	/System/Library/Frameworks/Accelerate.framework/Versions/A/Frameworks/vecLib.framework/Versions/A/libSparseBLAS.dylib
0x00007fff2b465000 	/System/Library/Frameworks/Accelerate.framework/Versions/A/Frameworks/vecLib.framework/Versions/A/libQuadrature.dylib
0x00007fff2adb8000 	/System/Library/Frameworks/Accelerate.framework/Versions/A/Frameworks/vecLib.framework/Versions/A/libBNNS.dylib
0x00007fff2b46b000 	/System/Library/Frameworks/Accelerate.framework/Versions/A/Frameworks/vecLib.framework/Versions/A/libSparse.dylib
0x00007fff533cc000 	/System/Library/PrivateFrameworks/LanguageModeling.framework/Versions/A/LanguageModeling
0x00007fff45fa8000 	/System/Library/PrivateFrameworks/CoreEmoji.framework/Versions/A/CoreEmoji
0x00007fff534ea000 	/System/Library/PrivateFrameworks/LinguisticData.framework/Versions/A/LinguisticData
0x00007fff5349b000 	/System/Library/PrivateFrameworks/Lexicon.framework/Versions/A/Lexicon
0x00007fff62f7f000 	/usr/lib/libcmph.dylib
0x00007fff37a05000 	/System/Library/Frameworks/OpenDirectory.framework/Versions/A/Frameworks/CFOpenDirectory.framework/Versions/A/CFOpenDirectory
0x00007fff37a22000 	/System/Library/Frameworks/OpenDirectory.framework/Versions/A/OpenDirectory
0x00007fff3fcf0000 	/System/Library/PrivateFrameworks/APFS.framework/Versions/A/APFS
0x00007fff3b0ca000 	/System/Library/Frameworks/SecurityFoundation.framework/Versions/A/SecurityFoundation
0x00007fff65036000 	/usr/lib/libutil.dylib
0x00007fff47295000 	/System/Library/PrivateFrameworks/CoreServicesStore.framework/Versions/A/CoreServicesStore
0x00007fff3b182000 	/System/Library/Frameworks/ServiceManagement.framework/Versions/A/ServiceManagement
0x00007fff431d8000 	/System/Library/PrivateFrameworks/BackgroundTaskManagement.framework/Versions/A/BackgroundTaskManagement
0x00007fff65133000 	/usr/lib/libxslt.1.dylib
0x00007fff42086000 	/System/Library/PrivateFrameworks/AppleSystemInfo.framework/Versions/A/AppleSystemInfo
0x00007fff3186d000 	/System/Library/Frameworks/ImageIO.framework/Versions/A/Resources/libJPEG.dylib
0x00007fff31b2c000 	/System/Library/Frameworks/ImageIO.framework/Versions/A/Resources/libTIFF.dylib
0x00007fff31b0f000 	/System/Library/Frameworks/ImageIO.framework/Versions/A/Resources/libPng.dylib
0x00007fff317ae000 	/System/Library/Frameworks/ImageIO.framework/Versions/A/Resources/libGIF.dylib
0x00007fff317b2000 	/System/Library/Frameworks/ImageIO.framework/Versions/A/Resources/libJP2.dylib
0x00007fff31b2a000 	/System/Library/Frameworks/ImageIO.framework/Versions/A/Resources/libRadiance.dylib
0x00007fff639ba000 	/usr/lib/libexpat.1.dylib
0x00007fff41b7c000 	/System/Library/PrivateFrameworks/AppleJPEG.framework/Versions/A/AppleJPEG
0x00007fff4a502000 	/System/Library/PrivateFrameworks/FontServices.framework/libFontParser.dylib
0x00007fff6138c000 	/System/Library/PrivateFrameworks/WatchdogClient.framework/Versions/A/WatchdogClient
0x00007fff52a59000 	/System/Library/PrivateFrameworks/IOAccelerator.framework/Versions/A/IOAccelerator
0x00007fff33eec000 	/System/Library/Frameworks/MetalPerformanceShaders.framework/Versions/A/MetalPerformanceShaders
0x00007fff4f250000 	/System/Library/PrivateFrameworks/GPUWrangler.framework/Versions/A/GPUWrangler
0x00007fff52a64000 	/System/Library/PrivateFrameworks/IOPresentment.framework/Versions/A/IOPresentment
0x00007fff47f72000 	/System/Library/PrivateFrameworks/DSExternalDisplay.framework/Versions/A/DSExternalDisplay
0x00007fff3838b000 	/System/Library/Frameworks/OpenGL.framework/Versions/A/Libraries/libCoreFSCache.dylib
0x00007fff33c3e000 	/System/Library/Frameworks/MetalPerformanceShaders.framework/Frameworks/MPSCore.framework/Versions/A/MPSCore
0x00007fff33c7b000 	/System/Library/Frameworks/MetalPerformanceShaders.framework/Frameworks/MPSImage.framework/Versions/A/MPSImage
0x00007fff33d3d000 	/System/Library/Frameworks/MetalPerformanceShaders.framework/Frameworks/MPSNeuralNetwork.framework/Versions/A/MPSNeuralNetwork
0x00007fff33d02000 	/System/Library/Frameworks/MetalPerformanceShaders.framework/Frameworks/MPSMatrix.framework/Versions/A/MPSMatrix
0x00007fff33e9d000 	/System/Library/Frameworks/MetalPerformanceShaders.framework/Frameworks/MPSRayIntersector.framework/Versions/A/MPSRayIntersector
0x00007fff33d27000 	/System/Library/Frameworks/MetalPerformanceShaders.framework/Frameworks/MPSNDArray.framework/Versions/A/MPSNDArray
0x00007fff54895000 	/System/Library/PrivateFrameworks/MetalTools.framework/Versions/A/MetalTools
0x00007fff40ea7000 	/System/Library/PrivateFrameworks/AggregateDictionary.framework/Versions/A/AggregateDictionary
0x00007fff45a32000 	/System/Library/PrivateFrameworks/CoreAnalytics.framework/Versions/A/CoreAnalytics
0x00007fff41fa4000 	/System/Library/PrivateFrameworks/AppleSauce.framework/Versions/A/AppleSauce
0x00007fff6298c000 	/usr/lib/libIOReport.dylib
0x00007fff3073c000 	/System/Library/Frameworks/CoreVideo.framework/Versions/A/CoreVideo
0x00007fff506bc000 	/System/Library/PrivateFrameworks/GraphVisualizer.framework/Versions/A/GraphVisualizer
0x00007fff49a83000 	/System/Library/PrivateFrameworks/FaceCore.framework/Versions/A/FaceCore
0x00007fff379ac000 	/System/Library/Frameworks/OpenCL.framework/Versions/A/OpenCL
0x00007fff627ae000 	/usr/lib/libFosl_dynamic.dylib
0x00007fff55d40000 	/System/Library/PrivateFrameworks/OTSVG.framework/Versions/A/OTSVG
0x00007fff2c83b000 	/System/Library/Frameworks/ApplicationServices.framework/Versions/A/Frameworks/ATS.framework/Versions/A/Resources/libFontRegistry.dylib
0x00007fff4a6d3000 	/System/Library/PrivateFrameworks/FontServices.framework/libhvf.dylib
0x00007fff38396000 	/System/Library/Frameworks/OpenGL.framework/Versions/A/Libraries/libGFXShared.dylib
0x00007fff38573000 	/System/Library/Frameworks/OpenGL.framework/Versions/A/Libraries/libGLU.dylib
0x00007fff3839f000 	/System/Library/Frameworks/OpenGL.framework/Versions/A/Libraries/libGL.dylib
0x00007fff383aa000 	/System/Library/Frameworks/OpenGL.framework/Versions/A/Libraries/libGLImage.dylib
0x00007fff38388000 	/System/Library/Frameworks/OpenGL.framework/Versions/A/Libraries/libCVMSPluginSupport.dylib
0x00007fff38391000 	/System/Library/Frameworks/OpenGL.framework/Versions/A/Libraries/libCoreVMClient.dylib
0x00007fff6440d000 	/usr/lib/libncurses.5.4.dylib
0x00007fff2c737000 	/System/Library/Frameworks/ApplicationServices.framework/Versions/A/Frameworks/ATS.framework/Versions/A/ATS
0x00007fff2c904000 	/System/Library/Frameworks/ApplicationServices.framework/Versions/A/Frameworks/ColorSyncLegacy.framework/Versions/A/ColorSyncLegacy
0x00007fff2c9a3000 	/System/Library/Frameworks/ApplicationServices.framework/Versions/A/Frameworks/HIServices.framework/Versions/A/HIServices
0x00007fff2c9fa000 	/System/Library/Frameworks/ApplicationServices.framework/Versions/A/Frameworks/LangAnalysis.framework/Versions/A/LangAnalysis
0x00007fff2ca09000 	/System/Library/Frameworks/ApplicationServices.framework/Versions/A/Frameworks/PrintCore.framework/Versions/A/PrintCore
0x00007fff2ca4f000 	/System/Library/Frameworks/ApplicationServices.framework/Versions/A/Frameworks/QD.framework/Versions/A/QD
0x00007fff2ca5a000 	/System/Library/Frameworks/ApplicationServices.framework/Versions/A/Frameworks/SpeechSynthesis.framework/Versions/A/SpeechSynthesis
0x00007fff2c8d4000 	/System/Library/Frameworks/ApplicationServices.framework/Versions/A/Frameworks/ATSUI.framework/Versions/A/ATSUI
0x00007fff6384e000 	/usr/lib/libcups.2.dylib
0x00007fff32f9b000 	/System/Library/Frameworks/Kerberos.framework/Versions/A/Kerberos
0x00007fff3121b000 	/System/Library/Frameworks/GSS.framework/Versions/A/GSS
0x00007fff64b83000 	/usr/lib/libresolv.9.dylib
0x00007fff5085d000 	/System/Library/PrivateFrameworks/Heimdal.framework/Versions/A/Heimdal
0x00007fff32fae000 	/System/Library/Frameworks/Kerberos.framework/Versions/A/Libraries/libHeimdalProxy.dylib
0x00007fff639f8000 	/usr/lib/libheimdal-asn1.dylib
0x00007fff44ed8000 	/System/Library/PrivateFrameworks/CommonAuth.framework/Versions/A/CommonAuth
0x00007fff42123000 	/System/Library/PrivateFrameworks/AssertionServices.framework/Versions/A/AssertionServices
0x00007fff42cc6000 	/System/Library/PrivateFrameworks/AudioToolboxCore.framework/Versions/A/AudioToolboxCore
0x00007fff61fe6000 	/System/Library/PrivateFrameworks/caulk.framework/Versions/A/caulk
0x00007fff43284000 	/System/Library/PrivateFrameworks/BaseBoard.framework/Versions/A/BaseBoard
0x00007fff59e54000 	/System/Library/PrivateFrameworks/RunningBoardServices.framework/Versions/A/RunningBoardServices
0x00007fff56f2e000 	/System/Library/PrivateFrameworks/PersistentConnection.framework/Versions/A/PersistentConnection
0x00007fff598a3000 	/System/Library/PrivateFrameworks/ProtocolBuffer.framework/Versions/A/ProtocolBuffer
0x00007fff44efd000 	/System/Library/PrivateFrameworks/CommonUtilities.framework/Versions/A/CommonUtilities
0x00007fff43407000 	/System/Library/PrivateFrameworks/Bom.framework/Versions/A/Bom
0x00007fff6265b000 	/usr/lib/libAudioToolboxUtility.dylib
0x00007fff431e2000 	/System/Library/PrivateFrameworks/Backup.framework/Versions/A/Backup
0x00007fff47ce2000 	/System/Library/PrivateFrameworks/CrashReporterSupport.framework/Versions/A/CrashReporterSupport
0x00007fff5b94b000 	/System/Library/PrivateFrameworks/Sharing.framework/Versions/A/Sharing
0x00007fff418c7000 	/System/Library/PrivateFrameworks/Apple80211.framework/Versions/A/Apple80211
0x00007fff42f04000 	/System/Library/PrivateFrameworks/AuthKit.framework/Versions/A/AuthKit
0x00007fff47a12000 	/System/Library/PrivateFrameworks/CoreUtils.framework/Versions/A/CoreUtils
0x00007fff30781000 	/System/Library/Frameworks/CoreWLAN.framework/Versions/A/CoreWLAN
0x00007fff313a6000 	/System/Library/Frameworks/IOBluetooth.framework/Versions/A/IOBluetooth
0x00007fff54b93000 	/System/Library/PrivateFrameworks/MobileKeyBag.framework/Versions/A/MobileKeyBag
0x00007fff46ae8000 	/System/Library/PrivateFrameworks/CorePhoneNumbers.framework/Versions/A/CorePhoneNumbers
0x00007fff41b2f000 	/System/Library/PrivateFrameworks/AppleIDAuthSupport.framework/Versions/A/AppleIDAuthSupport
0x00007fff34e40000 	/System/Library/Frameworks/Network.framework/Versions/A/Network
0x00007fff53254000 	/System/Library/PrivateFrameworks/KeychainCircle.framework/Versions/A/KeychainCircle
0x00007fff2e1f6000 	/System/Library/Frameworks/CoreBluetooth.framework/Versions/A/CoreBluetooth
0x00007fff5d5c7000 	/System/Library/PrivateFrameworks/SpeechRecognitionCore.framework/Versions/A/SpeechRecognitionCore
0x0000000111200000 	/Library/Java/JavaVirtualMachines/amazon-corretto-11.jdk/Contents/Home/lib/server/libjvm.dylib
0x000000010f8c4000 	/Library/Java/JavaVirtualMachines/amazon-corretto-11.jdk/Contents/Home/lib/libverify.dylib
0x000000010f8d0000 	/Library/Java/JavaVirtualMachines/amazon-corretto-11.jdk/Contents/Home/lib/libjava.dylib
0x000000010f910000 	/Library/Java/JavaVirtualMachines/amazon-corretto-11.jdk/Contents/Home/lib/libinstrument.dylib
0x000000010f994000 	/Library/Java/JavaVirtualMachines/amazon-corretto-11.jdk/Contents/Home/lib/libzip.dylib
0x000000010f99c000 	/Library/Java/JavaVirtualMachines/amazon-corretto-11.jdk/Contents/Home/lib/libjimage.dylib
0x000000013116b000 	/Library/Java/JavaVirtualMachines/amazon-corretto-11.jdk/Contents/Home/lib/libnio.dylib
0x0000000131179000 	/Library/Java/JavaVirtualMachines/amazon-corretto-11.jdk/Contents/Home/lib/libnet.dylib
0x0000000131216000 	/Library/Java/JavaVirtualMachines/amazon-corretto-11.jdk/Contents/Home/lib/libextnet.dylib
0x000000013127d000 	/Library/Java/JavaVirtualMachines/amazon-corretto-11.jdk/Contents/Home/lib/libawt.dylib
0x0000000131318000 	/Library/Java/JavaVirtualMachines/amazon-corretto-11.jdk/Contents/Home/lib/libmlib_image.dylib
0x00007fff32f84000 	/System/Library/Frameworks/JavaVM.framework/Versions/A/Frameworks/JavaNativeFoundation.framework/Versions/A/JavaNativeFoundation
0x00007fff32f8d000 	/System/Library/Frameworks/JavaVM.framework/Versions/A/Frameworks/JavaRuntimeSupport.framework/Versions/A/JavaRuntimeSupport
0x00007fff32f96000 	/System/Library/Frameworks/JavaVM.framework/Versions/A/JavaVM
0x00007fff530b7000 	/System/Library/PrivateFrameworks/JavaLaunching.framework/Versions/A/JavaLaunching
0x00007fff2d2c6000 	/System/Library/Frameworks/Carbon.framework/Versions/A/Carbon
0x00007fff477c6000 	/System/Library/PrivateFrameworks/CoreSymbolication.framework/Versions/A/CoreSymbolication
0x00007fff2d2c7000 	/System/Library/Frameworks/Carbon.framework/Versions/A/Frameworks/CommonPanels.framework/Versions/A/CommonPanels
0x00007fff2d5c0000 	/System/Library/Frameworks/Carbon.framework/Versions/A/Frameworks/Help.framework/Versions/A/Help
0x00007fff2d5c4000 	/System/Library/Frameworks/Carbon.framework/Versions/A/Frameworks/ImageCapture.framework/Versions/A/ImageCapture
0x00007fff2d5cb000 	/System/Library/Frameworks/Carbon.framework/Versions/A/Frameworks/OpenScripting.framework/Versions/A/OpenScripting
0x00007fff2d5ca000 	/System/Library/Frameworks/Carbon.framework/Versions/A/Frameworks/Ink.framework/Versions/A/Ink
0x00007fff2d606000 	/System/Library/Frameworks/Carbon.framework/Versions/A/Frameworks/Print.framework/Versions/A/Print
0x00007fff2d607000 	/System/Library/Frameworks/Carbon.framework/Versions/A/Frameworks/SecurityHI.framework/Versions/A/SecurityHI
0x00007fff480a7000 	/System/Library/PrivateFrameworks/DebugSymbols.framework/Versions/A/DebugSymbols
0x0000000131383000 	/Library/Java/JavaVirtualMachines/amazon-corretto-11.jdk/Contents/Home/lib/libawt_lwawt.dylib
0x0000000131432000 	/Library/Java/JavaVirtualMachines/amazon-corretto-11.jdk/Contents/Home/lib/libosxapp.dylib
0x00007fff30c89000 	/System/Library/Frameworks/ExceptionHandling.framework/Versions/A/ExceptionHandling
0x000000013161a000 	/Library/Java/JavaVirtualMachines/amazon-corretto-11.jdk/Contents/Home/lib/libfontmanager.dylib
0x0000000131713000 	/Library/Java/JavaVirtualMachines/amazon-corretto-11.jdk/Contents/Home/lib/libfreetype.dylib
0x00007fff47261000 	/System/Library/PrivateFrameworks/CoreServicesInternal.framework/Versions/A/CoreServicesInternal
0x00007fff30ca8000 	/System/Library/Frameworks/FileProvider.framework/Versions/A/FileProvider
0x00007fff2b786000 	/System/Library/Frameworks/Accounts.framework/Versions/A/Accounts
0x00007fff4f572000 	/System/Library/PrivateFrameworks/GenerationalStorage.framework/Versions/A/GenerationalStorage
0x00007fff5ddf8000 	/System/Library/PrivateFrameworks/SymptomDiagnosticReporter.framework/Versions/A/SymptomDiagnosticReporter
0x00007fff413b8000 	/System/Library/PrivateFrameworks/AppContainer.framework/Versions/A/AppContainer
0x00007fff64b9d000 	/usr/lib/libsandbox.1.dylib
0x00007fff60328000 	/System/Library/PrivateFrameworks/UserManagement.framework/Versions/A/UserManagement
0x00007fff43fc9000 	/System/Library/PrivateFrameworks/ChunkingLibrary.framework/Versions/A/ChunkingLibrary
0x00007fff4142a000 	/System/Library/PrivateFrameworks/AppSandbox.framework/Versions/A/AppSandbox
0x00007fff5b7d5000 	/System/Library/PrivateFrameworks/SecCodeWrapper.framework/Versions/A/SecCodeWrapper
0x00007fff62a72000 	/usr/lib/libMatch.1.dylib
0x00007fff22da6000 	/System/Library/CoreServices/RawCamera.bundle/Contents/MacOS/RawCamera
0x00007fff549bd000 	/System/Library/PrivateFrameworks/MobileAsset.framework/Versions/A/MobileAsset
0x00007fff5dca6000 	/System/Library/PrivateFrameworks/StreamingZip.framework/Versions/A/StreamingZip
0x00007fff33417000 	/System/Library/Frameworks/MediaToolbox.framework/Versions/A/MediaToolbox
0x00007fff459e1000 	/System/Library/PrivateFrameworks/CoreAVCHD.framework/Versions/A/CoreAVCHD
0x00007fff33341000 	/System/Library/Frameworks/MediaAccessibility.framework/Versions/A/MediaAccessibility
0x00007fff53d88000 	/System/Library/PrivateFrameworks/Mangrove.framework/Versions/A/Mangrove
0x00007fff2f94b000 	/System/Library/Frameworks/CoreMedia.framework/Versions/A/CoreMedia
0x00007fff53ff4000 	/System/Library/PrivateFrameworks/MediaExperience.framework/Versions/A/MediaExperience
0x00007fff3c1fd000 	/System/Library/Frameworks/VideoToolbox.framework/Versions/A/VideoToolbox
0x00007fff4560b000 	/System/Library/PrivateFrameworks/CoreAUC.framework/Versions/A/CoreAUC
0x00007fff64bf5000 	/usr/lib/libspindump.dylib
0x00007fff42671000 	/System/Library/PrivateFrameworks/AudioResourceArbitration.framework/Versions/A/AudioResourceArbitration
0x00007fff4208a000 	/System/Library/PrivateFrameworks/AppleVA.framework/Versions/A/AppleVA
0x00007fff2a4cb000 	/System/Library/Frameworks/Accelerate.framework/Versions/A/Frameworks/vImage.framework/Versions/A/Libraries/libCGInterfaces.dylib
0x00000001314ab000 	/usr/lib/libobjc-trampolines.dylib
0x00007fff4a63a000 	/System/Library/PrivateFrameworks/FontServices.framework/libTrueTypeScaler.dylib
0x00007fff22fb5000 	/System/Library/Extensions/AMDMTLBronzeDriver.bundle/Contents/MacOS/AMDMTLBronzeDriver
0x00007fff52a4f000 	/System/Library/PrivateFrameworks/IOAccelMemoryInfo.framework/Versions/A/IOAccelMemoryInfo
0x00007fff273ef000 	/System/Library/Extensions/AppleIntelKBLGraphicsMTLDriver.bundle/Contents/MacOS/AppleIntelKBLGraphicsMTLDriver
0x00007fff4dba8000 	/System/Library/PrivateFrameworks/GPUCompiler.framework/Versions/3902/Libraries/libmetal_timestamp.dylib
0x00007fff610fc000 	/System/Library/PrivateFrameworks/ViewBridge.framework/Versions/A/ViewBridge
0x00007fff62338000 	/System/Library/PrivateFrameworks/login.framework/Versions/A/login
0x00000001314bd000 	/Library/Java/JavaVirtualMachines/amazon-corretto-11.jdk/Contents/Home/lib/libprefs.dylib
0x00007fff38fef000 	/System/Library/Frameworks/OpenGL.framework/Versions/A/Resources/GLEngine.bundle/GLEngine
0x00007fff383e0000 	/System/Library/Frameworks/OpenGL.framework/Versions/A/Libraries/libGLProgrammability.dylib
0x00007fff265c6000 	/System/Library/Extensions/AppleIntelKBLGraphicsGLDriver.bundle/Contents/MacOS/AppleIntelKBLGraphicsGLDriver
0x00007fff4f244000 	/System/Library/PrivateFrameworks/GPUSupport.framework/Versions/A/Libraries/libGPUSupportMercury.dylib
0x0000000133c16000 	/System/Library/Extensions/AMDRadeonX4000GLDriver.bundle/Contents/MacOS/AMDRadeonX4000GLDriver
0x00007fff230d6000 	/System/Library/Extensions/AMDRadeonX4000GLDriver.bundle/Contents/MacOS/ATIRadeonX4000SCLib.dylib
0x00007fff246fb000 	/System/Library/Extensions/AMDShared.bundle/Contents/PlugIns/libSC.dylib
0x00007fff39169000 	/System/Library/Frameworks/OpenGL.framework/Versions/A/Resources/GLRendererFloat.bundle/GLRendererFloat
0x00007fff379a3000 	/System/Library/Frameworks/OpenCL.framework/Versions/A/Libraries/libcldcpuengine.dylib
0x00007fff63433000 	/usr/lib/libcrypto.35.dylib
0x00007fff5e800000 	/System/Library/PrivateFrameworks/TrustEvaluationAgent.framework/Versions/A/TrustEvaluationAgent
0x00000001342fd000 	/Library/Java/JavaVirtualMachines/amazon-corretto-11.jdk/Contents/Home/lib/libosxui.dylib
0x00000001668ca000 	/Library/Java/JavaVirtualMachines/amazon-corretto-11.jdk/Contents/Home/lib/libjavajpeg.dylib
0x0000000166dc1000 	/Library/Java/JavaVirtualMachines/amazon-corretto-11.jdk/Contents/Home/lib/libsunec.dylib
0x000000015648e000 	/Users/adventure/.codenameone/javafx/lib/libprism_es2.dylib
0x000000016708d000 	/Users/adventure/.codenameone/javafx/lib/libglass.dylib
0x000000016aafc000 	/Users/adventure/.codenameone/javafx/lib/libjfxwebkit.dylib
0x0000000166a29000 	/Users/adventure/.codenameone/javafx/lib/libjavafx_font.dylib
0x000000016839b000 	/Users/adventure/.codenameone/javafx/lib/libjavafx_iio.dylib
0x0000000176900000 	/Users/adventure/.codenameone/javafx/lib/libglib-lite.dylib
0x00007fff639e4000 	/usr/lib/libffi.dylib
0x0000000176a35000 	/Users/adventure/.codenameone/javafx/lib/libgstreamer-lite.dylib
0x0000000167e90000 	/Users/adventure/.codenameone/javafx/lib/libjfxmedia.dylib
0x0000000167ec5000 	/Users/adventure/.codenameone/javafx/lib/libjfxmedia_avf.dylib
0x00007fff2a0e4000 	/System/Library/Frameworks/AVFoundation.framework/Versions/A/AVFoundation
0x00007fff2a2de000 	/System/Library/Frameworks/AVFoundation.framework/Versions/A/Frameworks/AVFAudio.framework/Versions/A/AVFAudio
0x00007fff2fa26000 	/System/Library/Frameworks/CoreMediaIO.framework/Versions/A/CoreMediaIO
0x00007fff6264e000 	/usr/lib/libAudioStatistics.dylib
0x00007fff6237d000 	/System/Library/PrivateFrameworks/perfdata.framework/Versions/A/perfdata
0x00007fff64b3f000 	/usr/lib/libperfcheck.dylib
0x00007fff62b3d000 	/usr/lib/libSMC.dylib


VM Arguments:
jvm_args: -Xms128m -Xmx2048m -XX:ReservedCodeCacheSize=240m -XX:+UseConcMarkSweepGC -XX:SoftRefLRUPolicyMSPerMB=50 -ea -XX:CICompilerCount=2 -Dsun.io.useCanonPrefixCache=false -Djava.net.preferIPv4Stack=true -Djdk.http.auth.tunneling.disabledSchemes="" -XX:+HeapDumpOnOutOfMemoryError -XX:-OmitStackTraceInFastThrow -Djdk.attach.allowAttachSelf=true -Dkotlinx.coroutines.debug=off -Djdk.module.illegalAccess.silent=true -XX:+UseCompressedOops -Dfile.encoding=UTF-8 -XX:ErrorFile=$USER_HOME/java_error_in_idea_%p.log -XX:HeapDumpPath=$USER_HOME/java_error_in_idea.hprof -Dapple.laf.useScreenMenuBar=true -javaagent:/Applications/IntelliJ IDEA CE.app/Contents/lib/idea_rt.jar=49957:/Applications/IntelliJ IDEA CE.app/Contents/bin 
java_command: com.codename1.impl.javase.Simulator com.codename1.demos.kitchen.MyApplication
java_class_path (initial): /Users/adventure/Desktop/kitchesinkdemo/out/production/kitchesinkdemo:/Users/adventure/Desktop/kitchesinkdemo/src:/Users/adventure/Desktop/kitchesinkdemo/lib/CodenameOne.jar:/Users/adventure/Desktop/kitchesinkdemo/JavaSE.jar:native/internal_tmp:lib/impl/cls
Launcher Type: SUN_STANDARD

[Global flags]
     intx CICompilerCount                          = 2                                         {product} {command line}
    ccstr ErrorFile                                = $USER_HOME/java_error_in_idea_%p.log            {product} {command line}
     bool HeapDumpOnOutOfMemoryError               = true                                   {manageable} {command line}
    ccstr HeapDumpPath                             = $USER_HOME/java_error_in_idea.hprof         {manageable} {command line}
   size_t InitialHeapSize                          = 134217728                                 {product} {command line}
   size_t MaxHeapSize                              = 2147483648                                {product} {command line}
   size_t MaxNewSize                               = 715784192                                 {product} {ergonomic}
    uintx MaxTenuringThreshold                     = 6                                         {product} {ergonomic}
   size_t MinHeapDeltaBytes                        = 196608                                    {product} {ergonomic}
   size_t NewSize                                  = 44695552                                  {product} {ergonomic}
    uintx NonNMethodCodeHeapSize                   = 5825164                                {pd product} {ergonomic}
    uintx NonProfiledCodeHeapSize                  = 122916538                              {pd product} {ergonomic}
   size_t OldSize                                  = 89522176                                  {product} {ergonomic}
     bool OmitStackTraceInFastThrow                = false                                     {product} {command line}
    uintx ProfiledCodeHeapSize                     = 122916538                              {pd product} {ergonomic}
    uintx ReservedCodeCacheSize                    = 251658240                              {pd product} {command line}
     bool SegmentedCodeCache                       = true                                      {product} {ergonomic}
     intx SoftRefLRUPolicyMSPerMB                  = 50                                        {product} {command line}
     bool UseCompressedClassPointers               = true                                 {lp64_product} {ergonomic}
     bool UseCompressedOops                        = true                                 {lp64_product} {command line}
     bool UseConcMarkSweepGC                       = true                                      {product} {command line}

Logging:
Log output configuration:
 #0: stdout all=warning uptime,level,tags
 #1: stderr all=off uptime,level,tags

Environment Variables:
JAVA_HOME=/Library/Java/JavaVirtualMachines/amazon-corretto-11.jdk/Contents/Home
PATH=/usr/local/bin:/Library/Frameworks/Python.framework/Versions/3.7/bin:/usr/local/bin:/usr/bin:/bin:/usr/sbin:/sbin:/Users/adventure/dev/flutter/bin:/Users/adventure/Library/Android/sdk/tools:/Users/adventure/Library/Android/sdk/platform-tools
SHELL=/bin/zsh

Signal Handlers:
SIGSEGV: [libjvm.dylib+0x7577d8], sa_mask[0]=11111111011111110111111111111111, sa_flags=SA_ONSTACK|SA_RESTART|SA_SIGINFO
SIGBUS: [libjvm.dylib+0x7577d8], sa_mask[0]=11111111011111110111111111111111, sa_flags=SA_RESTART|SA_SIGINFO
SIGFPE: [libjvm.dylib+0x7577d8], sa_mask[0]=11111111011111110111111111111111, sa_flags=SA_RESTART|SA_SIGINFO
SIGPIPE: [libjvm.dylib+0x5fbe5c], sa_mask[0]=11111111011111110111111111111111, sa_flags=SA_RESTART|SA_SIGINFO
SIGXFSZ: [libjvm.dylib+0x5fbe5c], sa_mask[0]=11111111011111110111111111111111, sa_flags=SA_RESTART|SA_SIGINFO
SIGILL: [libjvm.dylib+0x7577d8], sa_mask[0]=11111111011111110111111111111111, sa_flags=SA_RESTART|SA_SIGINFO
SIGUSR2: [libjvm.dylib+0x5fc45a], sa_mask[0]=00100000000000000000000000000000, sa_flags=SA_RESTART|SA_SIGINFO
SIGHUP: [libjvm.dylib+0x5faf37], sa_mask[0]=11111111011111110111111111111111, sa_flags=SA_RESTART|SA_SIGINFO
SIGINT: [libjvm.dylib+0x5faf37], sa_mask[0]=11111111011111110111111111111111, sa_flags=SA_RESTART|SA_SIGINFO
SIGTERM: [libjvm.dylib+0x5faf37], sa_mask[0]=11111111011111110111111111111111, sa_flags=SA_RESTART|SA_SIGINFO
SIGQUIT: [libjvm.dylib+0x5faf37], sa_mask[0]=11111111011111110111111111111111, sa_flags=SA_RESTART|SA_SIGINFO


---------------  S Y S T E M  ---------------

OS:uname:Darwin 19.2.0 Darwin Kernel Version 19.2.0: Sat Nov  9 03:47:04 PST 2019; root:xnu-6153.61.1~20/RELEASE_X86_64 x86_64
rlimit: STACK 8192k, CORE 0k, NPROC 2784, NOFILE 10240, AS infinity, DATA infinity, FSIZE infinity
load average:2.23 2.24 1.99

CPU:total 12 (initial active 12) (6 cores per cpu, 2 threads per core) family 6 model 158 stepping 10, cmov, cx8, fxsr, mmx, sse, sse2, sse3, ssse3, sse4.1, sse4.2, popcnt, avx, avx2, aes, clmul, erms, 3dnowpref, lzcnt, ht, tsc, tscinvbit, bmi1, bmi2, adx, fma

Memory: 4k page, physical 16777216k(2144328k free), swap 0k(0k free)

vm_info: OpenJDK 64-Bit Server VM (11.0.5+10-LTS) for bsd-amd64 JRE (11.0.5+10-LTS), built on Nov 12 2019 17:01:34 by "root" with gcc 4.2.1 Compatible Apple LLVM 8.0.0 (clang-800.0.42.1)

END.
